[2024-12-14T10:44:21.857+0000] {local_task_job_runner.py:120} INFO - ::group::Pre task execution logs
[2024-12-14T10:44:21.985+0000] {taskinstance.py:2076} INFO - Dependencies all met for dep_context=non-requeueable deps ti=<TaskInstance: migration_fit_data.load_staging.create_staging_class manual__2024-12-14T10:43:58.385775+00:00 [queued]>
[2024-12-14T10:44:22.055+0000] {taskinstance.py:2076} INFO - Dependencies all met for dep_context=requeueable deps ti=<TaskInstance: migration_fit_data.load_staging.create_staging_class manual__2024-12-14T10:43:58.385775+00:00 [queued]>
[2024-12-14T10:44:22.056+0000] {taskinstance.py:2306} INFO - Starting attempt 1 of 1
[2024-12-14T10:44:22.125+0000] {taskinstance.py:2330} INFO - Executing <Task(PythonOperator): load_staging.create_staging_class> on 2024-12-14 10:43:58.385775+00:00
[2024-12-14T10:44:22.149+0000] {warnings.py:110} WARNING - /home/***/.local/lib/python3.12/site-packages/***/task/task_runner/standard_task_runner.py:61: DeprecationWarning: This process (pid=231) is multi-threaded, use of fork() may lead to deadlocks in the child.
  pid = os.fork()

[2024-12-14T10:44:22.158+0000] {standard_task_runner.py:63} INFO - Started process 254 to run task
[2024-12-14T10:44:22.160+0000] {standard_task_runner.py:90} INFO - Running: ['***', 'tasks', 'run', 'migration_fit_data', 'load_staging.create_staging_class', 'manual__2024-12-14T10:43:58.385775+00:00', '--job-id', '36', '--raw', '--subdir', 'DAGS_FOLDER/elt_migrate.py', '--cfg-path', '/tmp/tmpzbel793_']
[2024-12-14T10:44:22.164+0000] {standard_task_runner.py:91} INFO - Job 36: Subtask load_staging.create_staging_class
[2024-12-14T10:44:22.265+0000] {task_command.py:426} INFO - Running <TaskInstance: migration_fit_data.load_staging.create_staging_class manual__2024-12-14T10:43:58.385775+00:00 [running]> on host 06cbf31e97a5
[2024-12-14T10:44:22.710+0000] {taskinstance.py:2648} INFO - Exporting env vars: AIRFLOW_CTX_DAG_OWNER='***' AIRFLOW_CTX_DAG_ID='migration_fit_data' AIRFLOW_CTX_TASK_ID='load_staging.create_staging_class' AIRFLOW_CTX_EXECUTION_DATE='2024-12-14T10:43:58.385775+00:00' AIRFLOW_CTX_TRY_NUMBER='1' AIRFLOW_CTX_DAG_RUN_ID='manual__2024-12-14T10:43:58.385775+00:00'
[2024-12-14T10:44:22.713+0000] {taskinstance.py:430} INFO - ::endgroup::
[2024-12-14T10:44:22.873+0000] {hive.py:475} INFO - USE `default`
[2024-12-14T10:44:26.857+0000] {hive.py:475} INFO - DROP TABLE IF EXISTS default.class
[2024-12-14T10:44:27.669+0000] {hive.py:475} INFO - 
        CREATE TABLE IF NOT EXISTS default.class (
            class_id BIGINT,class_name STRING,last_modified_date TIMESTAMP   
        )   
        STORED AS PARQUET
        LOCATION '/fit_warehouse/raw/class/*.snappy.parquet'
    
[2024-12-14T10:44:29.048+0000] {hive.py:475} INFO - ANALYZE TABLE default.class COMPUTE STATISTICS
[2024-12-14T10:44:43.763+0000] {python.py:237} INFO - Done. Returned value was: None
[2024-12-14T10:44:43.763+0000] {taskinstance.py:441} INFO - ::group::Post task execution logs
[2024-12-14T10:44:43.808+0000] {taskinstance.py:1206} INFO - Marking task as SUCCESS. dag_id=migration_fit_data, task_id=load_staging.create_staging_class, run_id=manual__2024-12-14T10:43:58.385775+00:00, execution_date=20241214T104358, start_date=20241214T104421, end_date=20241214T104443
[2024-12-14T10:44:43.960+0000] {local_task_job_runner.py:240} INFO - Task exited with return code 0
[2024-12-14T10:44:44.006+0000] {local_task_job_runner.py:222} INFO - ::endgroup::
