[2024-12-17T05:30:52.467+0000] {local_task_job_runner.py:120} INFO - ::group::Pre task execution logs
[2024-12-17T05:30:52.755+0000] {taskinstance.py:2076} INFO - Dependencies all met for dep_context=non-requeueable deps ti=<TaskInstance: migration_fit_data.get_raw_data.extract_raw_address manual__2024-12-17T05:30:38.897078+00:00 [queued]>
[2024-12-17T05:30:52.895+0000] {taskinstance.py:2076} INFO - Dependencies all met for dep_context=requeueable deps ti=<TaskInstance: migration_fit_data.get_raw_data.extract_raw_address manual__2024-12-17T05:30:38.897078+00:00 [queued]>
[2024-12-17T05:30:52.901+0000] {taskinstance.py:2306} INFO - Starting attempt 1 of 1
[2024-12-17T05:30:53.186+0000] {taskinstance.py:2330} INFO - Executing <Task(PythonOperator): get_raw_data.extract_raw_address> on 2024-12-17 05:30:38.897078+00:00
[2024-12-17T05:30:53.289+0000] {warnings.py:110} WARNING - /home/***/.local/lib/python3.12/site-packages/***/task/task_runner/standard_task_runner.py:61: DeprecationWarning: This process (pid=38195) is multi-threaded, use of fork() may lead to deadlocks in the child.
  pid = os.fork()

[2024-12-17T05:30:53.287+0000] {standard_task_runner.py:90} INFO - Running: ['***', 'tasks', 'run', 'migration_fit_data', 'get_raw_data.extract_raw_address', 'manual__2024-12-17T05:30:38.897078+00:00', '--job-id', '896', '--raw', '--subdir', 'DAGS_FOLDER/elt_migrate.py', '--cfg-path', '/tmp/tmpczzz6x89']
[2024-12-17T05:30:53.308+0000] {standard_task_runner.py:91} INFO - Job 896: Subtask get_raw_data.extract_raw_address
[2024-12-17T05:30:53.316+0000] {standard_task_runner.py:63} INFO - Started process 38221 to run task
[2024-12-17T05:30:53.715+0000] {task_command.py:426} INFO - Running <TaskInstance: migration_fit_data.get_raw_data.extract_raw_address manual__2024-12-17T05:30:38.897078+00:00 [running]> on host 2f4e9c743994
[2024-12-17T05:30:54.673+0000] {taskinstance.py:2648} INFO - Exporting env vars: AIRFLOW_CTX_DAG_OWNER='***' AIRFLOW_CTX_DAG_ID='migration_fit_data' AIRFLOW_CTX_TASK_ID='get_raw_data.extract_raw_address' AIRFLOW_CTX_EXECUTION_DATE='2024-12-17T05:30:38.897078+00:00' AIRFLOW_CTX_TRY_NUMBER='1' AIRFLOW_CTX_DAG_RUN_ID='manual__2024-12-17T05:30:38.897078+00:00'
[2024-12-17T05:30:54.674+0000] {taskinstance.py:430} INFO - ::endgroup::
[2024-12-17T05:30:55.694+0000] {__init__.py:412} INFO - DELETE /fit_warehouse/raw/address/ recursive=True user.name=default namenode:9870
[2024-12-17T05:30:55.709+0000] {__init__.py:412} INFO - GETFILESTATUS /fit_warehouse/raw/address/ user.name=default namenode:9870
[2024-12-17T05:30:55.719+0000] {__init__.py:412} INFO - MKDIRS /fit_warehouse/raw/address/ user.name=default namenode:9870
[2024-12-17T05:30:55.736+0000] {__init__.py:412} INFO - CREATE /fit_warehouse/raw/address/address_01.snappy.parquet overwrite=True async_=True user.name=default namenode:9870
[2024-12-17T05:30:55.850+0000] {python.py:237} INFO - Done. Returned value was: None
[2024-12-17T05:30:55.850+0000] {taskinstance.py:441} INFO - ::group::Post task execution logs
[2024-12-17T05:30:55.874+0000] {taskinstance.py:1206} INFO - Marking task as SUCCESS. dag_id=migration_fit_data, task_id=get_raw_data.extract_raw_address, run_id=manual__2024-12-17T05:30:38.897078+00:00, execution_date=20241217T053038, start_date=20241217T053052, end_date=20241217T053055
[2024-12-17T05:30:55.927+0000] {local_task_job_runner.py:240} INFO - Task exited with return code 0
[2024-12-17T05:30:56.057+0000] {taskinstance.py:3498} INFO - 0 downstream tasks scheduled from follow-on schedule check
[2024-12-17T05:30:56.059+0000] {local_task_job_runner.py:222} INFO - ::endgroup::
