[2024-12-18T18:50:07.874+0000] {local_task_job_runner.py:120} INFO - ::group::Pre task execution logs
[2024-12-18T18:50:08.055+0000] {taskinstance.py:2076} INFO - Dependencies all met for dep_context=non-requeueable deps ti=<TaskInstance: migration_fit_data.create_dwh_table.recreate_dwh_program manual__2024-12-18T18:47:46.249957+00:00 [queued]>
[2024-12-18T18:50:08.151+0000] {taskinstance.py:2076} INFO - Dependencies all met for dep_context=requeueable deps ti=<TaskInstance: migration_fit_data.create_dwh_table.recreate_dwh_program manual__2024-12-18T18:47:46.249957+00:00 [queued]>
[2024-12-18T18:50:08.159+0000] {taskinstance.py:2306} INFO - Starting attempt 1 of 1
[2024-12-18T18:50:08.205+0000] {taskinstance.py:2330} INFO - Executing <Task(PythonOperator): create_dwh_table.recreate_dwh_program> on 2024-12-18 18:47:46.249957+00:00
[2024-12-18T18:50:08.236+0000] {warnings.py:110} WARNING - /home/***/.local/lib/python3.12/site-packages/***/task/task_runner/standard_task_runner.py:61: DeprecationWarning: This process (pid=1337) is multi-threaded, use of fork() may lead to deadlocks in the child.
  pid = os.fork()

[2024-12-18T18:50:08.246+0000] {standard_task_runner.py:63} INFO - Started process 1370 to run task
[2024-12-18T18:50:08.250+0000] {standard_task_runner.py:90} INFO - Running: ['***', 'tasks', 'run', 'migration_fit_data', 'create_dwh_table.recreate_dwh_program', 'manual__2024-12-18T18:47:46.249957+00:00', '--job-id', '1135', '--raw', '--subdir', 'DAGS_FOLDER/elt_migrate.py', '--cfg-path', '/tmp/tmpag3001h5']
[2024-12-18T18:50:08.258+0000] {standard_task_runner.py:91} INFO - Job 1135: Subtask create_dwh_table.recreate_dwh_program
[2024-12-18T18:50:08.433+0000] {task_command.py:426} INFO - Running <TaskInstance: migration_fit_data.create_dwh_table.recreate_dwh_program manual__2024-12-18T18:47:46.249957+00:00 [running]> on host 33a17f71e955
[2024-12-18T18:50:08.823+0000] {taskinstance.py:2648} INFO - Exporting env vars: AIRFLOW_CTX_DAG_OWNER='***' AIRFLOW_CTX_DAG_ID='migration_fit_data' AIRFLOW_CTX_TASK_ID='create_dwh_table.recreate_dwh_program' AIRFLOW_CTX_EXECUTION_DATE='2024-12-18T18:47:46.249957+00:00' AIRFLOW_CTX_TRY_NUMBER='1' AIRFLOW_CTX_DAG_RUN_ID='manual__2024-12-18T18:47:46.249957+00:00'
[2024-12-18T18:50:08.824+0000] {taskinstance.py:430} INFO - ::endgroup::
[2024-12-18T18:50:09.285+0000] {hive.py:475} INFO - USE `default`
[2024-12-18T18:50:09.388+0000] {hive.py:475} INFO - DROP TABLE IF EXISTS iceberg.warehouse.program
[2024-12-18T18:50:17.270+0000] {hive.py:475} INFO - CREATE DATABASE IF NOT EXISTS warehouse
[2024-12-18T18:50:21.515+0000] {hive.py:475} INFO - 
        CREATE TABLE IF NOT EXISTS iceberg.warehouse.program (
            program_id STRING,class_of STRING   
        )
        USING iceberg
        LOCATION '/fit_warehouse/warehouse/program/*.snappy.parquet'
    
[2024-12-18T18:50:32.454+0000] {python.py:237} INFO - Done. Returned value was: None
[2024-12-18T18:50:32.465+0000] {taskinstance.py:441} INFO - ::group::Post task execution logs
[2024-12-18T18:50:32.592+0000] {taskinstance.py:1206} INFO - Marking task as SUCCESS. dag_id=migration_fit_data, task_id=create_dwh_table.recreate_dwh_program, run_id=manual__2024-12-18T18:47:46.249957+00:00, execution_date=20241218T184746, start_date=20241218T185008, end_date=20241218T185032
[2024-12-18T18:50:33.047+0000] {local_task_job_runner.py:240} INFO - Task exited with return code 0
[2024-12-18T18:50:33.072+0000] {local_task_job_runner.py:222} INFO - ::endgroup::
