[2024-12-17T06:10:59.107+0000] {local_task_job_runner.py:120} INFO - ::group::Pre task execution logs
[2024-12-17T06:10:59.161+0000] {taskinstance.py:2076} INFO - Dependencies all met for dep_context=non-requeueable deps ti=<TaskInstance: etl_score_fact_data.aggregate_warehouse.aggregate_score_distribution manual__2024-12-17T06:10:35.251864+00:00 [queued]>
[2024-12-17T06:10:59.196+0000] {taskinstance.py:2076} INFO - Dependencies all met for dep_context=requeueable deps ti=<TaskInstance: etl_score_fact_data.aggregate_warehouse.aggregate_score_distribution manual__2024-12-17T06:10:35.251864+00:00 [queued]>
[2024-12-17T06:10:59.197+0000] {taskinstance.py:2306} INFO - Starting attempt 1 of 1
[2024-12-17T06:10:59.286+0000] {taskinstance.py:2330} INFO - Executing <Task(PythonOperator): aggregate_warehouse.aggregate_score_distribution> on 2024-12-17 06:10:35.251864+00:00
[2024-12-17T06:10:59.323+0000] {warnings.py:110} WARNING - /home/***/.local/lib/python3.12/site-packages/***/task/task_runner/standard_task_runner.py:61: DeprecationWarning: This process (pid=38960) is multi-threaded, use of fork() may lead to deadlocks in the child.
  pid = os.fork()

[2024-12-17T06:10:59.325+0000] {standard_task_runner.py:63} INFO - Started process 38982 to run task
[2024-12-17T06:10:59.325+0000] {standard_task_runner.py:90} INFO - Running: ['***', 'tasks', 'run', 'etl_score_fact_data', 'aggregate_warehouse.aggregate_score_distribution', 'manual__2024-12-17T06:10:35.251864+00:00', '--job-id', '986', '--raw', '--subdir', 'DAGS_FOLDER/elt_score_fact.py', '--cfg-path', '/tmp/tmpqz43t5qa']
[2024-12-17T06:10:59.340+0000] {standard_task_runner.py:91} INFO - Job 986: Subtask aggregate_warehouse.aggregate_score_distribution
[2024-12-17T06:10:59.689+0000] {task_command.py:426} INFO - Running <TaskInstance: etl_score_fact_data.aggregate_warehouse.aggregate_score_distribution manual__2024-12-17T06:10:35.251864+00:00 [running]> on host 2f4e9c743994
[2024-12-17T06:11:00.325+0000] {taskinstance.py:2648} INFO - Exporting env vars: AIRFLOW_CTX_DAG_OWNER='***' AIRFLOW_CTX_DAG_ID='etl_score_fact_data' AIRFLOW_CTX_TASK_ID='aggregate_warehouse.aggregate_score_distribution' AIRFLOW_CTX_EXECUTION_DATE='2024-12-17T06:10:35.251864+00:00' AIRFLOW_CTX_TRY_NUMBER='1' AIRFLOW_CTX_DAG_RUN_ID='manual__2024-12-17T06:10:35.251864+00:00'
[2024-12-17T06:11:00.328+0000] {taskinstance.py:430} INFO - ::endgroup::
[2024-12-17T06:11:00.393+0000] {hive.py:475} INFO - USE `default`
[2024-12-17T06:11:00.685+0000] {hive.py:475} INFO - CREATE NAMESPACE IF NOT EXISTS iceberg.aggr_warehouse
[2024-12-17T06:11:00.786+0000] {hive.py:475} INFO - DROP TABLE IF EXISTS iceberg.aggr_warehouse.score_distribution
[2024-12-17T06:11:00.955+0000] {hive.py:475} INFO - 
    CREATE OR REPLACE TABLE iceberg.aggr_warehouse.score_distribution
    USING parquet
    AS
    SELECT
        c.course_id,
        c.course_name,
        ps.program_id,
        ps.semester_name,
        sf.academic_rank,
        COUNT(*) AS num_students_with_rank
    FROM
        iceberg.warehouse.score_fact sf
    JOIN iceberg.warehouse.instruction_fact inf 
        ON sf.instruction_id = inf.instruction_id
    JOIN iceberg.warehouse.course c 
        ON inf.course_id = c.course_id
    JOIN iceberg.warehouse.program_semester ps 
        ON inf.program_semester_id = ps.program_semester_id
    GROUP BY
        c.course_id,
        c.course_name,
        ps.program_id,
        ps.semester_name,
        sf.academic_rank;
    
[2024-12-17T06:11:10.497+0000] {__init__.py:412} INFO - DELETE /user/hive/warehouse/aggr_warehouse.db/score_distribution_parquet recursive=True user.name=default namenode:9870
[2024-12-17T06:11:10.528+0000] {hive.py:475} INFO - 
        DROP TABLE IF EXISTS spark_catalog.aggr_warehouse.score_distribution_parquet
    
[2024-12-17T06:11:11.233+0000] {hive.py:475} INFO - 
        CREATE TABLE spark_catalog.aggr_warehouse.score_distribution_parquet
        USING parquet
        AS
        SELECT * FROM iceberg.aggr_warehouse.score_distribution
    
[2024-12-17T06:11:14.328+0000] {python.py:237} INFO - Done. Returned value was: None
[2024-12-17T06:11:14.329+0000] {taskinstance.py:441} INFO - ::group::Post task execution logs
[2024-12-17T06:11:14.360+0000] {taskinstance.py:1206} INFO - Marking task as SUCCESS. dag_id=etl_score_fact_data, task_id=aggregate_warehouse.aggregate_score_distribution, run_id=manual__2024-12-17T06:10:35.251864+00:00, execution_date=20241217T061035, start_date=20241217T061059, end_date=20241217T061114
[2024-12-17T06:11:14.459+0000] {local_task_job_runner.py:240} INFO - Task exited with return code 0
[2024-12-17T06:11:14.545+0000] {taskinstance.py:3498} INFO - 0 downstream tasks scheduled from follow-on schedule check
[2024-12-17T06:11:14.551+0000] {local_task_job_runner.py:222} INFO - ::endgroup::
