[2024-12-13T14:59:29.939+0000] {local_task_job_runner.py:120} INFO - ::group::Pre task execution logs
[2024-12-13T14:59:30.260+0000] {taskinstance.py:2076} INFO - Dependencies all met for dep_context=non-requeueable deps ti=<TaskInstance: migration_fit_data.get_raw_data.extract_raw_student manual__2024-12-13T14:59:21.060897+00:00 [queued]>
[2024-12-13T14:59:30.445+0000] {taskinstance.py:2076} INFO - Dependencies all met for dep_context=requeueable deps ti=<TaskInstance: migration_fit_data.get_raw_data.extract_raw_student manual__2024-12-13T14:59:21.060897+00:00 [queued]>
[2024-12-13T14:59:30.446+0000] {taskinstance.py:2306} INFO - Starting attempt 1 of 1
[2024-12-13T14:59:30.641+0000] {taskinstance.py:2330} INFO - Executing <Task(PythonOperator): get_raw_data.extract_raw_student> on 2024-12-13 14:59:21.060897+00:00
[2024-12-13T14:59:30.822+0000] {standard_task_runner.py:90} INFO - Running: ['***', 'tasks', 'run', 'migration_fit_data', 'get_raw_data.extract_raw_student', 'manual__2024-12-13T14:59:21.060897+00:00', '--job-id', '31', '--raw', '--subdir', 'DAGS_FOLDER/elt_migrate.py', '--cfg-path', '/tmp/tmprnhu0szi']
[2024-12-13T14:59:30.846+0000] {standard_task_runner.py:91} INFO - Job 31: Subtask get_raw_data.extract_raw_student
[2024-12-13T14:59:30.852+0000] {warnings.py:110} WARNING - /home/***/.local/lib/python3.12/site-packages/***/task/task_runner/standard_task_runner.py:61: DeprecationWarning: This process (pid=2364) is multi-threaded, use of fork() may lead to deadlocks in the child.
  pid = os.fork()

[2024-12-13T14:59:30.852+0000] {standard_task_runner.py:63} INFO - Started process 2398 to run task
[2024-12-13T14:59:31.645+0000] {task_command.py:426} INFO - Running <TaskInstance: migration_fit_data.get_raw_data.extract_raw_student manual__2024-12-13T14:59:21.060897+00:00 [running]> on host cc53e3c9aaad
[2024-12-13T14:59:32.571+0000] {taskinstance.py:2648} INFO - Exporting env vars: AIRFLOW_CTX_DAG_OWNER='***' AIRFLOW_CTX_DAG_ID='migration_fit_data' AIRFLOW_CTX_TASK_ID='get_raw_data.extract_raw_student' AIRFLOW_CTX_EXECUTION_DATE='2024-12-13T14:59:21.060897+00:00' AIRFLOW_CTX_TRY_NUMBER='1' AIRFLOW_CTX_DAG_RUN_ID='manual__2024-12-13T14:59:21.060897+00:00'
[2024-12-13T14:59:32.581+0000] {taskinstance.py:430} INFO - ::endgroup::
[2024-12-13T14:59:33.341+0000] {__init__.py:412} INFO - DELETE /fit_warehouse/raw/student/ recursive=True user.name=default namenode:9870
[2024-12-13T14:59:33.516+0000] {__init__.py:412} INFO - GETFILESTATUS /fit_warehouse/raw/student/ user.name=default namenode:9870
[2024-12-13T14:59:33.544+0000] {__init__.py:412} INFO - MKDIRS /fit_warehouse/raw/student/ user.name=default namenode:9870
[2024-12-13T14:59:33.657+0000] {__init__.py:412} INFO - CREATE /fit_warehouse/raw/student/student_01.snappy.parquet overwrite=True async_=True user.name=default namenode:9870
[2024-12-13T14:59:37.450+0000] {python.py:237} INFO - Done. Returned value was: None
[2024-12-13T14:59:37.450+0000] {taskinstance.py:441} INFO - ::group::Post task execution logs
[2024-12-13T14:59:37.679+0000] {taskinstance.py:1206} INFO - Marking task as SUCCESS. dag_id=migration_fit_data, task_id=get_raw_data.extract_raw_student, run_id=manual__2024-12-13T14:59:21.060897+00:00, execution_date=20241213T145921, start_date=20241213T145930, end_date=20241213T145937
[2024-12-13T14:59:37.900+0000] {local_task_job_runner.py:240} INFO - Task exited with return code 0
[2024-12-13T14:59:38.860+0000] {taskinstance.py:3498} INFO - 0 downstream tasks scheduled from follow-on schedule check
[2024-12-13T14:59:38.882+0000] {local_task_job_runner.py:222} INFO - ::endgroup::
