[2024-12-14T11:18:51.457+0000] {local_task_job_runner.py:120} INFO - ::group::Pre task execution logs
[2024-12-14T11:18:51.616+0000] {taskinstance.py:2076} INFO - Dependencies all met for dep_context=non-requeueable deps ti=<TaskInstance: migration_fit_data.insert_warehouse.insert_dwh_enroll_student manual__2024-12-14T11:17:14.621727+00:00 [queued]>
[2024-12-14T11:18:51.668+0000] {taskinstance.py:2076} INFO - Dependencies all met for dep_context=requeueable deps ti=<TaskInstance: migration_fit_data.insert_warehouse.insert_dwh_enroll_student manual__2024-12-14T11:17:14.621727+00:00 [queued]>
[2024-12-14T11:18:51.669+0000] {taskinstance.py:2306} INFO - Starting attempt 1 of 1
[2024-12-14T11:18:51.722+0000] {taskinstance.py:2330} INFO - Executing <Task(PythonOperator): insert_warehouse.insert_dwh_enroll_student> on 2024-12-14 11:17:14.621727+00:00
[2024-12-14T11:18:51.806+0000] {standard_task_runner.py:90} INFO - Running: ['***', 'tasks', 'run', 'migration_fit_data', 'insert_warehouse.insert_dwh_enroll_student', 'manual__2024-12-14T11:17:14.621727+00:00', '--job-id', '88', '--raw', '--subdir', 'DAGS_FOLDER/elt_migrate.py', '--cfg-path', '/tmp/tmp9cir7r7n']
[2024-12-14T11:18:51.826+0000] {standard_task_runner.py:91} INFO - Job 88: Subtask insert_warehouse.insert_dwh_enroll_student
[2024-12-14T11:18:51.793+0000] {warnings.py:110} WARNING - /home/***/.local/lib/python3.12/site-packages/***/task/task_runner/standard_task_runner.py:61: DeprecationWarning: This process (pid=416) is multi-threaded, use of fork() may lead to deadlocks in the child.
  pid = os.fork()

[2024-12-14T11:18:51.834+0000] {standard_task_runner.py:63} INFO - Started process 457 to run task
[2024-12-14T11:18:52.316+0000] {task_command.py:426} INFO - Running <TaskInstance: migration_fit_data.insert_warehouse.insert_dwh_enroll_student manual__2024-12-14T11:17:14.621727+00:00 [running]> on host 472b63b715e1
[2024-12-14T11:18:52.762+0000] {taskinstance.py:2648} INFO - Exporting env vars: AIRFLOW_CTX_DAG_OWNER='***' AIRFLOW_CTX_DAG_ID='migration_fit_data' AIRFLOW_CTX_TASK_ID='insert_warehouse.insert_dwh_enroll_student' AIRFLOW_CTX_EXECUTION_DATE='2024-12-14T11:17:14.621727+00:00' AIRFLOW_CTX_TRY_NUMBER='1' AIRFLOW_CTX_DAG_RUN_ID='manual__2024-12-14T11:17:14.621727+00:00'
[2024-12-14T11:18:52.765+0000] {taskinstance.py:430} INFO - ::endgroup::
[2024-12-14T11:18:52.834+0000] {hive.py:475} INFO - USE `default`
[2024-12-14T11:18:53.347+0000] {hive.py:475} INFO - SELECT COUNT(*) FROM default.enroll_student
[2024-12-14T11:18:56.655+0000] {logging_mixin.py:188} INFO - SELECT COUNT(*) FROM default.enroll_student --- 15461
[2024-12-14T11:18:56.663+0000] {hive.py:475} INFO - 
            MERGE INTO iceberg.warehouse.enroll_student t
            USING default.enroll_student s
            ON t.student_id=s.student_id AND t.enrollment_id=s.enrollment_id
            WHEN MATCHED 
                THEN UPDATE SET 
                t.student_id=s.student_id,t.enrollment_id=s.enrollment_id,t.enrollment_time=s.enrollment_time
            WHEN NOT MATCHED 
                THEN INSERT *
        
[2024-12-14T11:19:19.081+0000] {python.py:237} INFO - Done. Returned value was: None
[2024-12-14T11:19:19.083+0000] {taskinstance.py:441} INFO - ::group::Post task execution logs
[2024-12-14T11:19:19.101+0000] {taskinstance.py:1206} INFO - Marking task as SUCCESS. dag_id=migration_fit_data, task_id=insert_warehouse.insert_dwh_enroll_student, run_id=manual__2024-12-14T11:17:14.621727+00:00, execution_date=20241214T111714, start_date=20241214T111851, end_date=20241214T111919
[2024-12-14T11:19:19.143+0000] {local_task_job_runner.py:240} INFO - Task exited with return code 0
[2024-12-14T11:19:19.244+0000] {taskinstance.py:3498} INFO - 0 downstream tasks scheduled from follow-on schedule check
[2024-12-14T11:19:19.247+0000] {local_task_job_runner.py:222} INFO - ::endgroup::
