[2024-12-16T14:44:29.825+0000] {local_task_job_runner.py:120} INFO - ::group::Pre task execution logs
[2024-12-16T14:44:29.942+0000] {taskinstance.py:2076} INFO - Dependencies all met for dep_context=non-requeueable deps ti=<TaskInstance: migration_fit_data.create_dwh_table.recreate_dwh_score_detail manual__2024-12-16T14:42:18.441063+00:00 [queued]>
[2024-12-16T14:44:29.991+0000] {taskinstance.py:2076} INFO - Dependencies all met for dep_context=requeueable deps ti=<TaskInstance: migration_fit_data.create_dwh_table.recreate_dwh_score_detail manual__2024-12-16T14:42:18.441063+00:00 [queued]>
[2024-12-16T14:44:29.991+0000] {taskinstance.py:2306} INFO - Starting attempt 1 of 1
[2024-12-16T14:44:30.065+0000] {taskinstance.py:2330} INFO - Executing <Task(PythonOperator): create_dwh_table.recreate_dwh_score_detail> on 2024-12-16 14:42:18.441063+00:00
[2024-12-16T14:44:30.090+0000] {warnings.py:110} WARNING - /home/***/.local/lib/python3.12/site-packages/***/task/task_runner/standard_task_runner.py:61: DeprecationWarning: This process (pid=26279) is multi-threaded, use of fork() may lead to deadlocks in the child.
  pid = os.fork()

[2024-12-16T14:44:30.095+0000] {standard_task_runner.py:63} INFO - Started process 26309 to run task
[2024-12-16T14:44:30.098+0000] {standard_task_runner.py:90} INFO - Running: ['***', 'tasks', 'run', 'migration_fit_data', 'create_dwh_table.recreate_dwh_score_detail', 'manual__2024-12-16T14:42:18.441063+00:00', '--job-id', '579', '--raw', '--subdir', 'DAGS_FOLDER/elt_migrate.py', '--cfg-path', '/tmp/tmpmd4dayu9']
[2024-12-16T14:44:30.104+0000] {standard_task_runner.py:91} INFO - Job 579: Subtask create_dwh_table.recreate_dwh_score_detail
[2024-12-16T14:44:30.205+0000] {task_command.py:426} INFO - Running <TaskInstance: migration_fit_data.create_dwh_table.recreate_dwh_score_detail manual__2024-12-16T14:42:18.441063+00:00 [running]> on host 2f4e9c743994
[2024-12-16T14:44:32.350+0000] {taskinstance.py:2648} INFO - Exporting env vars: AIRFLOW_CTX_DAG_OWNER='***' AIRFLOW_CTX_DAG_ID='migration_fit_data' AIRFLOW_CTX_TASK_ID='create_dwh_table.recreate_dwh_score_detail' AIRFLOW_CTX_EXECUTION_DATE='2024-12-16T14:42:18.441063+00:00' AIRFLOW_CTX_TRY_NUMBER='1' AIRFLOW_CTX_DAG_RUN_ID='manual__2024-12-16T14:42:18.441063+00:00'
[2024-12-16T14:44:32.351+0000] {taskinstance.py:430} INFO - ::endgroup::
[2024-12-16T14:44:32.366+0000] {hive.py:475} INFO - USE `default`
[2024-12-16T14:44:32.395+0000] {hive.py:475} INFO - DROP TABLE IF EXISTS iceberg.warehouse.score_detail
[2024-12-16T14:44:32.442+0000] {hive.py:475} INFO - CREATE DATABASE IF NOT EXISTS warehouse
[2024-12-16T14:44:32.475+0000] {hive.py:475} INFO - 
        CREATE TABLE IF NOT EXISTS iceberg.warehouse.score_detail (
            score_detail_id BIGINT,score_id BIGINT,regular_score_1 DOUBLE,regular_score_2 DOUBLE,regular_score_3 DOUBLE,mid_term_score DOUBLE,final_term_score DOUBLE,practice_score_1 DOUBLE,practice_score_2 DOUBLE,practice_score_3 DOUBLE,last_modified_date TIMESTAMP   
        )
        USING iceberg
        LOCATION '/fit_warehouse/warehouse/score_detail/*.snappy.parquet'
    
[2024-12-16T14:44:38.944+0000] {python.py:237} INFO - Done. Returned value was: None
[2024-12-16T14:44:38.944+0000] {taskinstance.py:441} INFO - ::group::Post task execution logs
[2024-12-16T14:44:39.031+0000] {taskinstance.py:1206} INFO - Marking task as SUCCESS. dag_id=migration_fit_data, task_id=create_dwh_table.recreate_dwh_score_detail, run_id=manual__2024-12-16T14:42:18.441063+00:00, execution_date=20241216T144218, start_date=20241216T144429, end_date=20241216T144439
[2024-12-16T14:44:39.240+0000] {local_task_job_runner.py:240} INFO - Task exited with return code 0
[2024-12-16T14:44:39.658+0000] {taskinstance.py:3498} INFO - 0 downstream tasks scheduled from follow-on schedule check
[2024-12-16T14:44:39.674+0000] {local_task_job_runner.py:222} INFO - ::endgroup::
