[2024-12-18T08:02:09.626+0000] {local_task_job_runner.py:120} INFO - ::group::Pre task execution logs
[2024-12-18T08:02:10.757+0000] {taskinstance.py:2076} INFO - Dependencies all met for dep_context=non-requeueable deps ti=<TaskInstance: migration_fit_data.load_staging.create_staging_enroll_student manual__2024-12-18T08:01:04.827041+00:00 [queued]>
[2024-12-18T08:02:12.185+0000] {taskinstance.py:2076} INFO - Dependencies all met for dep_context=requeueable deps ti=<TaskInstance: migration_fit_data.load_staging.create_staging_enroll_student manual__2024-12-18T08:01:04.827041+00:00 [queued]>
[2024-12-18T08:02:12.193+0000] {taskinstance.py:2306} INFO - Starting attempt 1 of 1
[2024-12-18T08:02:12.271+0000] {taskinstance.py:2330} INFO - Executing <Task(PythonOperator): load_staging.create_staging_enroll_student> on 2024-12-18 08:01:04.827041+00:00
[2024-12-18T08:02:12.341+0000] {standard_task_runner.py:90} INFO - Running: ['***', 'tasks', 'run', 'migration_fit_data', 'load_staging.create_staging_enroll_student', 'manual__2024-12-18T08:01:04.827041+00:00', '--job-id', '1044', '--raw', '--subdir', 'DAGS_FOLDER/elt_migrate.py', '--cfg-path', '/tmp/tmpq7gz4gcp']
[2024-12-18T08:02:12.360+0000] {standard_task_runner.py:91} INFO - Job 1044: Subtask load_staging.create_staging_enroll_student
[2024-12-18T08:02:12.444+0000] {warnings.py:110} WARNING - /home/***/.local/lib/python3.12/site-packages/***/task/task_runner/standard_task_runner.py:61: DeprecationWarning: This process (pid=57689) is multi-threaded, use of fork() may lead to deadlocks in the child.
  pid = os.fork()

[2024-12-18T08:02:12.445+0000] {standard_task_runner.py:63} INFO - Started process 57723 to run task
[2024-12-18T08:02:12.554+0000] {task_command.py:426} INFO - Running <TaskInstance: migration_fit_data.load_staging.create_staging_enroll_student manual__2024-12-18T08:01:04.827041+00:00 [running]> on host 2f4e9c743994
[2024-12-18T08:02:12.967+0000] {taskinstance.py:2648} INFO - Exporting env vars: AIRFLOW_CTX_DAG_OWNER='***' AIRFLOW_CTX_DAG_ID='migration_fit_data' AIRFLOW_CTX_TASK_ID='load_staging.create_staging_enroll_student' AIRFLOW_CTX_EXECUTION_DATE='2024-12-18T08:01:04.827041+00:00' AIRFLOW_CTX_TRY_NUMBER='1' AIRFLOW_CTX_DAG_RUN_ID='manual__2024-12-18T08:01:04.827041+00:00'
[2024-12-18T08:02:12.969+0000] {taskinstance.py:430} INFO - ::endgroup::
[2024-12-18T08:02:19.365+0000] {hive.py:475} INFO - USE `default`
[2024-12-18T08:02:23.699+0000] {hive.py:475} INFO - DROP TABLE IF EXISTS default.enroll_student
[2024-12-18T08:02:26.648+0000] {hive.py:475} INFO - 
        CREATE TABLE IF NOT EXISTS default.enroll_student (
            student_id STRING,enrollment_id BIGINT,enrollment_time TIMESTAMP   
        )   
        STORED AS PARQUET
        LOCATION '/fit_warehouse/raw/enroll_student/*.snappy.parquet'
    
[2024-12-18T08:02:27.043+0000] {hive.py:475} INFO - ANALYZE TABLE default.enroll_student COMPUTE STATISTICS
[2024-12-18T08:02:34.208+0000] {python.py:237} INFO - Done. Returned value was: None
[2024-12-18T08:02:34.209+0000] {taskinstance.py:441} INFO - ::group::Post task execution logs
[2024-12-18T08:02:34.229+0000] {taskinstance.py:1206} INFO - Marking task as SUCCESS. dag_id=migration_fit_data, task_id=load_staging.create_staging_enroll_student, run_id=manual__2024-12-18T08:01:04.827041+00:00, execution_date=20241218T080104, start_date=20241218T080212, end_date=20241218T080234
[2024-12-18T08:02:36.426+0000] {local_task_job_runner.py:240} INFO - Task exited with return code 0
[2024-12-18T08:02:38.749+0000] {taskinstance.py:3498} INFO - 0 downstream tasks scheduled from follow-on schedule check
[2024-12-18T08:02:38.986+0000] {local_task_job_runner.py:222} INFO - ::endgroup::
