[2024-12-14T11:17:22.131+0000] {local_task_job_runner.py:120} INFO - ::group::Pre task execution logs
[2024-12-14T11:17:22.262+0000] {taskinstance.py:2076} INFO - Dependencies all met for dep_context=non-requeueable deps ti=<TaskInstance: migration_fit_data.get_raw_data.extract_raw_lecturer manual__2024-12-14T11:17:14.621727+00:00 [queued]>
[2024-12-14T11:17:22.342+0000] {taskinstance.py:2076} INFO - Dependencies all met for dep_context=requeueable deps ti=<TaskInstance: migration_fit_data.get_raw_data.extract_raw_lecturer manual__2024-12-14T11:17:14.621727+00:00 [queued]>
[2024-12-14T11:17:22.343+0000] {taskinstance.py:2306} INFO - Starting attempt 1 of 1
[2024-12-14T11:17:22.434+0000] {taskinstance.py:2330} INFO - Executing <Task(PythonOperator): get_raw_data.extract_raw_lecturer> on 2024-12-14 11:17:14.621727+00:00
[2024-12-14T11:17:22.486+0000] {warnings.py:110} WARNING - /home/***/.local/lib/python3.12/site-packages/***/task/task_runner/standard_task_runner.py:61: DeprecationWarning: This process (pid=265) is multi-threaded, use of fork() may lead to deadlocks in the child.
  pid = os.fork()

[2024-12-14T11:17:22.506+0000] {standard_task_runner.py:63} INFO - Started process 295 to run task
[2024-12-14T11:17:22.508+0000] {standard_task_runner.py:90} INFO - Running: ['***', 'tasks', 'run', 'migration_fit_data', 'get_raw_data.extract_raw_lecturer', 'manual__2024-12-14T11:17:14.621727+00:00', '--job-id', '41', '--raw', '--subdir', 'DAGS_FOLDER/elt_migrate.py', '--cfg-path', '/tmp/tmpmzdieye6']
[2024-12-14T11:17:22.526+0000] {standard_task_runner.py:91} INFO - Job 41: Subtask get_raw_data.extract_raw_lecturer
[2024-12-14T11:17:22.811+0000] {task_command.py:426} INFO - Running <TaskInstance: migration_fit_data.get_raw_data.extract_raw_lecturer manual__2024-12-14T11:17:14.621727+00:00 [running]> on host 472b63b715e1
[2024-12-14T11:17:23.522+0000] {taskinstance.py:2648} INFO - Exporting env vars: AIRFLOW_CTX_DAG_OWNER='***' AIRFLOW_CTX_DAG_ID='migration_fit_data' AIRFLOW_CTX_TASK_ID='get_raw_data.extract_raw_lecturer' AIRFLOW_CTX_EXECUTION_DATE='2024-12-14T11:17:14.621727+00:00' AIRFLOW_CTX_TRY_NUMBER='1' AIRFLOW_CTX_DAG_RUN_ID='manual__2024-12-14T11:17:14.621727+00:00'
[2024-12-14T11:17:23.540+0000] {taskinstance.py:430} INFO - ::endgroup::
[2024-12-14T11:17:25.725+0000] {__init__.py:412} INFO - DELETE /fit_warehouse/raw/lecturer/ recursive=True user.name=default namenode:9870
[2024-12-14T11:17:25.890+0000] {__init__.py:412} INFO - GETFILESTATUS /fit_warehouse/raw/lecturer/ user.name=default namenode:9870
[2024-12-14T11:17:25.980+0000] {__init__.py:412} INFO - MKDIRS /fit_warehouse/raw/lecturer/ user.name=default namenode:9870
[2024-12-14T11:17:26.022+0000] {__init__.py:412} INFO - CREATE /fit_warehouse/raw/lecturer/lecturer_01.snappy.parquet overwrite=True async_=True user.name=default namenode:9870
[2024-12-14T11:17:27.866+0000] {python.py:237} INFO - Done. Returned value was: None
[2024-12-14T11:17:27.867+0000] {taskinstance.py:441} INFO - ::group::Post task execution logs
[2024-12-14T11:17:27.894+0000] {taskinstance.py:1206} INFO - Marking task as SUCCESS. dag_id=migration_fit_data, task_id=get_raw_data.extract_raw_lecturer, run_id=manual__2024-12-14T11:17:14.621727+00:00, execution_date=20241214T111714, start_date=20241214T111722, end_date=20241214T111727
[2024-12-14T11:17:27.986+0000] {local_task_job_runner.py:240} INFO - Task exited with return code 0
[2024-12-14T11:17:28.363+0000] {taskinstance.py:3498} INFO - 0 downstream tasks scheduled from follow-on schedule check
[2024-12-14T11:17:28.368+0000] {local_task_job_runner.py:222} INFO - ::endgroup::
