[2024-12-19T04:28:26.802+0000] {local_task_job_runner.py:120} INFO - ::group::Pre task execution logs
[2024-12-19T04:28:27.027+0000] {taskinstance.py:2076} INFO - Dependencies all met for dep_context=non-requeueable deps ti=<TaskInstance: ELT_dimention_data.get_raw_data.extract_raw_student manual__2024-12-19T04:24:44.941262+00:00 [queued]>
[2024-12-19T04:28:27.440+0000] {taskinstance.py:2076} INFO - Dependencies all met for dep_context=requeueable deps ti=<TaskInstance: ELT_dimention_data.get_raw_data.extract_raw_student manual__2024-12-19T04:24:44.941262+00:00 [queued]>
[2024-12-19T04:28:27.440+0000] {taskinstance.py:2306} INFO - Starting attempt 1 of 1
[2024-12-19T04:28:28.116+0000] {taskinstance.py:2330} INFO - Executing <Task(PythonOperator): get_raw_data.extract_raw_student> on 2024-12-19 04:24:44.941262+00:00
[2024-12-19T04:28:28.535+0000] {standard_task_runner.py:90} INFO - Running: ['***', 'tasks', 'run', 'ELT_dimention_data', 'get_raw_data.extract_raw_student', 'manual__2024-12-19T04:24:44.941262+00:00', '--job-id', '1222', '--raw', '--subdir', 'DAGS_FOLDER/elt_dimention.py', '--cfg-path', '/tmp/tmpa894uz9m']
[2024-12-19T04:28:28.558+0000] {standard_task_runner.py:91} INFO - Job 1222: Subtask get_raw_data.extract_raw_student
[2024-12-19T04:28:28.557+0000] {warnings.py:110} WARNING - /home/***/.local/lib/python3.12/site-packages/***/task/task_runner/standard_task_runner.py:61: DeprecationWarning: This process (pid=8521) is multi-threaded, use of fork() may lead to deadlocks in the child.
  pid = os.fork()

[2024-12-19T04:28:28.703+0000] {standard_task_runner.py:63} INFO - Started process 8555 to run task
[2024-12-19T04:28:29.395+0000] {task_command.py:426} INFO - Running <TaskInstance: ELT_dimention_data.get_raw_data.extract_raw_student manual__2024-12-19T04:24:44.941262+00:00 [running]> on host 33a17f71e955
[2024-12-19T04:28:32.041+0000] {taskinstance.py:2648} INFO - Exporting env vars: AIRFLOW_CTX_DAG_OWNER='***' AIRFLOW_CTX_DAG_ID='ELT_dimention_data' AIRFLOW_CTX_TASK_ID='get_raw_data.extract_raw_student' AIRFLOW_CTX_EXECUTION_DATE='2024-12-19T04:24:44.941262+00:00' AIRFLOW_CTX_TRY_NUMBER='1' AIRFLOW_CTX_DAG_RUN_ID='manual__2024-12-19T04:24:44.941262+00:00'
[2024-12-19T04:28:33.219+0000] {taskinstance.py:430} INFO - ::endgroup::
[2024-12-19T04:28:34.980+0000] {__init__.py:412} INFO - DELETE /fit_warehouse/raw/student/ recursive=True user.name=default namenode:9870
[2024-12-19T04:28:35.254+0000] {__init__.py:412} INFO - GETFILESTATUS /fit_warehouse/raw/student/ user.name=default namenode:9870
[2024-12-19T04:28:35.418+0000] {__init__.py:412} INFO - MKDIRS /fit_warehouse/raw/student/ user.name=default namenode:9870
[2024-12-19T04:28:35.520+0000] {__init__.py:412} INFO - CREATE /fit_warehouse/raw/student/student_01.snappy.parquet overwrite=True async_=True user.name=default namenode:9870
[2024-12-19T04:28:35.834+0000] {python.py:237} INFO - Done. Returned value was: None
[2024-12-19T04:28:35.842+0000] {taskinstance.py:441} INFO - ::group::Post task execution logs
[2024-12-19T04:28:35.947+0000] {taskinstance.py:1206} INFO - Marking task as SUCCESS. dag_id=ELT_dimention_data, task_id=get_raw_data.extract_raw_student, run_id=manual__2024-12-19T04:24:44.941262+00:00, execution_date=20241219T042444, start_date=20241219T042827, end_date=20241219T042835
[2024-12-19T04:28:36.447+0000] {local_task_job_runner.py:240} INFO - Task exited with return code 0
[2024-12-19T04:28:36.759+0000] {taskinstance.py:3498} INFO - 0 downstream tasks scheduled from follow-on schedule check
[2024-12-19T04:28:38.512+0000] {local_task_job_runner.py:222} INFO - ::endgroup::
