[2024-12-18T18:43:00.802+0000] {local_task_job_runner.py:120} INFO - ::group::Pre task execution logs
[2024-12-18T18:43:01.176+0000] {taskinstance.py:2076} INFO - Dependencies all met for dep_context=non-requeueable deps ti=<TaskInstance: migration_fit_schema.insert_data.insert_data_class manual__2024-12-18T18:42:34.621761+00:00 [queued]>
[2024-12-18T18:43:01.189+0000] {taskinstance.py:2076} INFO - Dependencies all met for dep_context=requeueable deps ti=<TaskInstance: migration_fit_schema.insert_data.insert_data_class manual__2024-12-18T18:42:34.621761+00:00 [queued]>
[2024-12-18T18:43:01.189+0000] {taskinstance.py:2306} INFO - Starting attempt 1 of 1
[2024-12-18T18:43:01.213+0000] {taskinstance.py:2330} INFO - Executing <Task(PythonOperator): insert_data.insert_data_class> on 2024-12-18 18:42:34.621761+00:00
[2024-12-18T18:43:01.232+0000] {warnings.py:110} WARNING - /home/***/.local/lib/python3.12/site-packages/***/task/task_runner/standard_task_runner.py:61: DeprecationWarning: This process (pid=1027) is multi-threaded, use of fork() may lead to deadlocks in the child.
  pid = os.fork()

[2024-12-18T18:43:01.234+0000] {standard_task_runner.py:63} INFO - Started process 1029 to run task
[2024-12-18T18:43:01.236+0000] {standard_task_runner.py:90} INFO - Running: ['***', 'tasks', 'run', 'migration_fit_schema', 'insert_data.insert_data_class', 'manual__2024-12-18T18:42:34.621761+00:00', '--job-id', '1066', '--raw', '--subdir', 'DAGS_FOLDER/etl_migrate.py', '--cfg-path', '/tmp/tmpcqaw_ayd']
[2024-12-18T18:43:01.242+0000] {standard_task_runner.py:91} INFO - Job 1066: Subtask insert_data.insert_data_class
[2024-12-18T18:43:01.333+0000] {task_command.py:426} INFO - Running <TaskInstance: migration_fit_schema.insert_data.insert_data_class manual__2024-12-18T18:42:34.621761+00:00 [running]> on host 33a17f71e955
[2024-12-18T18:43:01.483+0000] {taskinstance.py:2648} INFO - Exporting env vars: AIRFLOW_CTX_DAG_OWNER='***' AIRFLOW_CTX_DAG_ID='migration_fit_schema' AIRFLOW_CTX_TASK_ID='insert_data.insert_data_class' AIRFLOW_CTX_EXECUTION_DATE='2024-12-18T18:42:34.621761+00:00' AIRFLOW_CTX_TRY_NUMBER='1' AIRFLOW_CTX_DAG_RUN_ID='manual__2024-12-18T18:42:34.621761+00:00'
[2024-12-18T18:43:01.485+0000] {taskinstance.py:430} INFO - ::endgroup::
[2024-12-18T18:43:01.777+0000] {__init__.py:412} INFO - GETFILESTATUS /data/raw/class/ user.name=default namenode:9870
[2024-12-18T18:43:01.789+0000] {__init__.py:412} INFO - MKDIRS /data/raw/class/ user.name=default namenode:9870
[2024-12-18T18:43:01.796+0000] {__init__.py:412} INFO - CREATE /data/raw/class/class_1734547381.csv overwrite=True async_=True user.name=default namenode:9870
[2024-12-18T18:43:01.828+0000] {python.py:237} INFO - Done. Returned value was: None
[2024-12-18T18:43:01.828+0000] {taskinstance.py:441} INFO - ::group::Post task execution logs
[2024-12-18T18:43:01.838+0000] {taskinstance.py:1206} INFO - Marking task as SUCCESS. dag_id=migration_fit_schema, task_id=insert_data.insert_data_class, run_id=manual__2024-12-18T18:42:34.621761+00:00, execution_date=20241218T184234, start_date=20241218T184301, end_date=20241218T184301
[2024-12-18T18:43:01.897+0000] {local_task_job_runner.py:240} INFO - Task exited with return code 0
[2024-12-18T18:43:01.931+0000] {taskinstance.py:3498} INFO - 1 downstream tasks scheduled from follow-on schedule check
[2024-12-18T18:43:01.933+0000] {local_task_job_runner.py:222} INFO - ::endgroup::
