[2024-12-14T11:18:21.810+0000] {local_task_job_runner.py:120} INFO - ::group::Pre task execution logs
[2024-12-14T11:18:21.944+0000] {taskinstance.py:2076} INFO - Dependencies all met for dep_context=non-requeueable deps ti=<TaskInstance: migration_fit_data.create_dwh_table.recreate_dwh_program_semester manual__2024-12-14T11:17:14.621727+00:00 [queued]>
[2024-12-14T11:18:22.007+0000] {taskinstance.py:2076} INFO - Dependencies all met for dep_context=requeueable deps ti=<TaskInstance: migration_fit_data.create_dwh_table.recreate_dwh_program_semester manual__2024-12-14T11:17:14.621727+00:00 [queued]>
[2024-12-14T11:18:22.012+0000] {taskinstance.py:2306} INFO - Starting attempt 1 of 1
[2024-12-14T11:18:22.175+0000] {taskinstance.py:2330} INFO - Executing <Task(PythonOperator): create_dwh_table.recreate_dwh_program_semester> on 2024-12-14 11:17:14.621727+00:00
[2024-12-14T11:18:22.214+0000] {warnings.py:110} WARNING - /home/***/.local/lib/python3.12/site-packages/***/task/task_runner/standard_task_runner.py:61: DeprecationWarning: This process (pid=370) is multi-threaded, use of fork() may lead to deadlocks in the child.
  pid = os.fork()

[2024-12-14T11:18:22.229+0000] {standard_task_runner.py:63} INFO - Started process 397 to run task
[2024-12-14T11:18:22.239+0000] {standard_task_runner.py:90} INFO - Running: ['***', 'tasks', 'run', 'migration_fit_data', 'create_dwh_table.recreate_dwh_program_semester', 'manual__2024-12-14T11:17:14.621727+00:00', '--job-id', '64', '--raw', '--subdir', 'DAGS_FOLDER/elt_migrate.py', '--cfg-path', '/tmp/tmpw6yovv0y']
[2024-12-14T11:18:22.265+0000] {standard_task_runner.py:91} INFO - Job 64: Subtask create_dwh_table.recreate_dwh_program_semester
[2024-12-14T11:18:22.593+0000] {task_command.py:426} INFO - Running <TaskInstance: migration_fit_data.create_dwh_table.recreate_dwh_program_semester manual__2024-12-14T11:17:14.621727+00:00 [running]> on host 472b63b715e1
[2024-12-14T11:18:23.587+0000] {taskinstance.py:2648} INFO - Exporting env vars: AIRFLOW_CTX_DAG_OWNER='***' AIRFLOW_CTX_DAG_ID='migration_fit_data' AIRFLOW_CTX_TASK_ID='create_dwh_table.recreate_dwh_program_semester' AIRFLOW_CTX_EXECUTION_DATE='2024-12-14T11:17:14.621727+00:00' AIRFLOW_CTX_TRY_NUMBER='1' AIRFLOW_CTX_DAG_RUN_ID='manual__2024-12-14T11:17:14.621727+00:00'
[2024-12-14T11:18:23.600+0000] {taskinstance.py:430} INFO - ::endgroup::
[2024-12-14T11:18:23.717+0000] {hive.py:475} INFO - USE `default`
[2024-12-14T11:18:23.845+0000] {hive.py:475} INFO - DROP TABLE IF EXISTS iceberg.warehouse.program_semester
[2024-12-14T11:18:24.033+0000] {hive.py:475} INFO - CREATE DATABASE IF NOT EXISTS warehouse
[2024-12-14T11:18:24.182+0000] {hive.py:475} INFO - 
        CREATE TABLE IF NOT EXISTS iceberg.warehouse.program_semester (
            program_semester_id STRING,program_id STRING,semester_name STRING,total_credit BIGINT,required_credit BIGINT,elective_credit BIGINT   
        )
        USING iceberg
        LOCATION '/fit_warehouse/warehouse/program_semester/*.snappy.parquet'
    
[2024-12-14T11:18:25.027+0000] {python.py:237} INFO - Done. Returned value was: None
[2024-12-14T11:18:25.027+0000] {taskinstance.py:441} INFO - ::group::Post task execution logs
[2024-12-14T11:18:25.068+0000] {taskinstance.py:1206} INFO - Marking task as SUCCESS. dag_id=migration_fit_data, task_id=create_dwh_table.recreate_dwh_program_semester, run_id=manual__2024-12-14T11:17:14.621727+00:00, execution_date=20241214T111714, start_date=20241214T111821, end_date=20241214T111825
[2024-12-14T11:18:25.140+0000] {local_task_job_runner.py:240} INFO - Task exited with return code 0
[2024-12-14T11:18:25.283+0000] {taskinstance.py:3498} INFO - 0 downstream tasks scheduled from follow-on schedule check
[2024-12-14T11:18:25.285+0000] {local_task_job_runner.py:222} INFO - ::endgroup::
