[2024-12-16T15:16:23.679+0000] {local_task_job_runner.py:120} INFO - ::group::Pre task execution logs
[2024-12-16T15:16:24.092+0000] {taskinstance.py:2076} INFO - Dependencies all met for dep_context=non-requeueable deps ti=<TaskInstance: migration_fit_data.load_staging.create_staging_instruction_fact manual__2024-12-16T15:15:27.291042+00:00 [queued]>
[2024-12-16T15:16:24.214+0000] {taskinstance.py:2076} INFO - Dependencies all met for dep_context=requeueable deps ti=<TaskInstance: migration_fit_data.load_staging.create_staging_instruction_fact manual__2024-12-16T15:15:27.291042+00:00 [queued]>
[2024-12-16T15:16:24.218+0000] {taskinstance.py:2306} INFO - Starting attempt 1 of 1
[2024-12-16T15:16:24.641+0000] {taskinstance.py:2330} INFO - Executing <Task(PythonOperator): load_staging.create_staging_instruction_fact> on 2024-12-16 15:15:27.291042+00:00
[2024-12-16T15:16:24.794+0000] {warnings.py:110} WARNING - /home/***/.local/lib/python3.12/site-packages/***/task/task_runner/standard_task_runner.py:61: DeprecationWarning: This process (pid=26773) is multi-threaded, use of fork() may lead to deadlocks in the child.
  pid = os.fork()

[2024-12-16T15:16:25.046+0000] {standard_task_runner.py:63} INFO - Started process 26812 to run task
[2024-12-16T15:16:25.487+0000] {standard_task_runner.py:90} INFO - Running: ['***', 'tasks', 'run', 'migration_fit_data', 'load_staging.create_staging_instruction_fact', 'manual__2024-12-16T15:15:27.291042+00:00', '--job-id', '608', '--raw', '--subdir', 'DAGS_FOLDER/elt_migrate.py', '--cfg-path', '/tmp/tmpwvosl2bi']
[2024-12-16T15:16:25.496+0000] {standard_task_runner.py:91} INFO - Job 608: Subtask load_staging.create_staging_instruction_fact
[2024-12-16T15:16:29.639+0000] {task_command.py:426} INFO - Running <TaskInstance: migration_fit_data.load_staging.create_staging_instruction_fact manual__2024-12-16T15:15:27.291042+00:00 [running]> on host 2f4e9c743994
[2024-12-16T15:16:34.618+0000] {taskinstance.py:2648} INFO - Exporting env vars: AIRFLOW_CTX_DAG_OWNER='***' AIRFLOW_CTX_DAG_ID='migration_fit_data' AIRFLOW_CTX_TASK_ID='load_staging.create_staging_instruction_fact' AIRFLOW_CTX_EXECUTION_DATE='2024-12-16T15:15:27.291042+00:00' AIRFLOW_CTX_TRY_NUMBER='1' AIRFLOW_CTX_DAG_RUN_ID='manual__2024-12-16T15:15:27.291042+00:00'
[2024-12-16T15:16:34.639+0000] {taskinstance.py:430} INFO - ::endgroup::
[2024-12-16T15:16:34.958+0000] {hive.py:475} INFO - USE `default`
[2024-12-16T15:16:38.976+0000] {hive.py:475} INFO - DROP TABLE IF EXISTS default.instruction_fact
[2024-12-16T15:16:44.533+0000] {hive.py:475} INFO - 
        CREATE TABLE IF NOT EXISTS default.instruction_fact (
            instruction_id BIGINT,program_semester_id STRING,course_id BIGINT,class_id BIGINT,is_required BOOLEAN,num_student BIGINT,num_pass_student BIGINT,num_fail_student BIGINT,avg_final_score DOUBLE,instruction_status STRING,instruction_allocate TIMESTAMP,instruction_time_start TIMESTAMP,instruction_time_end TIMESTAMP,last_modified_date TIMESTAMP,etl_date TIMESTAMP   
        )   
        STORED AS PARQUET
        LOCATION '/fit_warehouse/raw/instruction_fact/*.snappy.parquet'
    
[2024-12-16T15:16:46.864+0000] {hive.py:475} INFO - ANALYZE TABLE default.instruction_fact COMPUTE STATISTICS
[2024-12-16T15:17:15.856+0000] {python.py:237} INFO - Done. Returned value was: None
[2024-12-16T15:17:15.883+0000] {taskinstance.py:441} INFO - ::group::Post task execution logs
[2024-12-16T15:17:15.967+0000] {taskinstance.py:1206} INFO - Marking task as SUCCESS. dag_id=migration_fit_data, task_id=load_staging.create_staging_instruction_fact, run_id=manual__2024-12-16T15:15:27.291042+00:00, execution_date=20241216T151527, start_date=20241216T151624, end_date=20241216T151715
[2024-12-16T15:17:16.220+0000] {local_task_job_runner.py:240} INFO - Task exited with return code 0
[2024-12-16T15:17:16.392+0000] {local_task_job_runner.py:222} INFO - ::endgroup::
