[2024-12-16T15:42:47.665+0000] {local_task_job_runner.py:120} INFO - ::group::Pre task execution logs
[2024-12-16T15:42:48.328+0000] {taskinstance.py:2076} INFO - Dependencies all met for dep_context=non-requeueable deps ti=<TaskInstance: migration_fit_data.load_staging.create_staging_score_detail manual__2024-12-16T15:42:13.474492+00:00 [queued]>
[2024-12-16T15:42:48.604+0000] {taskinstance.py:2076} INFO - Dependencies all met for dep_context=requeueable deps ti=<TaskInstance: migration_fit_data.load_staging.create_staging_score_detail manual__2024-12-16T15:42:13.474492+00:00 [queued]>
[2024-12-16T15:42:48.622+0000] {taskinstance.py:2306} INFO - Starting attempt 1 of 1
[2024-12-16T15:42:48.743+0000] {taskinstance.py:2330} INFO - Executing <Task(PythonOperator): load_staging.create_staging_score_detail> on 2024-12-16 15:42:13.474492+00:00
[2024-12-16T15:42:48.762+0000] {warnings.py:110} WARNING - /home/***/.local/lib/python3.12/site-packages/***/task/task_runner/standard_task_runner.py:61: DeprecationWarning: This process (pid=27322) is multi-threaded, use of fork() may lead to deadlocks in the child.
  pid = os.fork()

[2024-12-16T15:42:48.765+0000] {standard_task_runner.py:63} INFO - Started process 27340 to run task
[2024-12-16T15:42:48.778+0000] {standard_task_runner.py:90} INFO - Running: ['***', 'tasks', 'run', 'migration_fit_data', 'load_staging.create_staging_score_detail', 'manual__2024-12-16T15:42:13.474492+00:00', '--job-id', '670', '--raw', '--subdir', 'DAGS_FOLDER/elt_migrate.py', '--cfg-path', '/tmp/tmpoep_0j3l']
[2024-12-16T15:42:48.799+0000] {standard_task_runner.py:91} INFO - Job 670: Subtask load_staging.create_staging_score_detail
[2024-12-16T15:42:49.228+0000] {task_command.py:426} INFO - Running <TaskInstance: migration_fit_data.load_staging.create_staging_score_detail manual__2024-12-16T15:42:13.474492+00:00 [running]> on host 2f4e9c743994
[2024-12-16T15:42:50.290+0000] {taskinstance.py:2648} INFO - Exporting env vars: AIRFLOW_CTX_DAG_OWNER='***' AIRFLOW_CTX_DAG_ID='migration_fit_data' AIRFLOW_CTX_TASK_ID='load_staging.create_staging_score_detail' AIRFLOW_CTX_EXECUTION_DATE='2024-12-16T15:42:13.474492+00:00' AIRFLOW_CTX_TRY_NUMBER='1' AIRFLOW_CTX_DAG_RUN_ID='manual__2024-12-16T15:42:13.474492+00:00'
[2024-12-16T15:42:50.300+0000] {taskinstance.py:430} INFO - ::endgroup::
[2024-12-16T15:42:50.441+0000] {hive.py:475} INFO - USE `default`
[2024-12-16T15:42:53.161+0000] {hive.py:475} INFO - DROP TABLE IF EXISTS default.score_detail
[2024-12-16T15:42:59.372+0000] {hive.py:475} INFO - 
        CREATE TABLE IF NOT EXISTS default.score_detail (
            score_detail_id BIGINT,score_id BIGINT,regular_score_1 DOUBLE,regular_score_2 DOUBLE,regular_score_3 DOUBLE,mid_term_score DOUBLE,final_term_score DOUBLE,practice_score_1 DOUBLE,practice_score_2 DOUBLE,practice_score_3 DOUBLE,last_modified_date TIMESTAMP   
        )   
        STORED AS PARQUET
        LOCATION '/fit_warehouse/raw/score_detail/*.snappy.parquet'
    
[2024-12-16T15:43:01.964+0000] {hive.py:475} INFO - ANALYZE TABLE default.score_detail COMPUTE STATISTICS
[2024-12-16T15:43:28.239+0000] {python.py:237} INFO - Done. Returned value was: None
[2024-12-16T15:43:28.240+0000] {taskinstance.py:441} INFO - ::group::Post task execution logs
[2024-12-16T15:43:28.258+0000] {taskinstance.py:1206} INFO - Marking task as SUCCESS. dag_id=migration_fit_data, task_id=load_staging.create_staging_score_detail, run_id=manual__2024-12-16T15:42:13.474492+00:00, execution_date=20241216T154213, start_date=20241216T154248, end_date=20241216T154328
[2024-12-16T15:43:28.291+0000] {local_task_job_runner.py:240} INFO - Task exited with return code 0
[2024-12-16T15:43:28.301+0000] {local_task_job_runner.py:222} INFO - ::endgroup::
