[2024-12-13T15:31:42.050+0000] {local_task_job_runner.py:120} INFO - ::group::Pre task execution logs
[2024-12-13T15:31:42.252+0000] {taskinstance.py:2076} INFO - Dependencies all met for dep_context=non-requeueable deps ti=<TaskInstance: migration_fit_data.get_raw_data.extract_raw_score_fact manual__2024-12-13T15:31:35.788890+00:00 [queued]>
[2024-12-13T15:31:42.373+0000] {taskinstance.py:2076} INFO - Dependencies all met for dep_context=requeueable deps ti=<TaskInstance: migration_fit_data.get_raw_data.extract_raw_score_fact manual__2024-12-13T15:31:35.788890+00:00 [queued]>
[2024-12-13T15:31:42.373+0000] {taskinstance.py:2306} INFO - Starting attempt 1 of 1
[2024-12-13T15:31:42.518+0000] {taskinstance.py:2330} INFO - Executing <Task(PythonOperator): get_raw_data.extract_raw_score_fact> on 2024-12-13 15:31:35.788890+00:00
[2024-12-13T15:31:42.578+0000] {warnings.py:110} WARNING - /home/***/.local/lib/python3.12/site-packages/***/task/task_runner/standard_task_runner.py:61: DeprecationWarning: This process (pid=149) is multi-threaded, use of fork() may lead to deadlocks in the child.
  pid = os.fork()

[2024-12-13T15:31:42.588+0000] {standard_task_runner.py:63} INFO - Started process 170 to run task
[2024-12-13T15:31:42.595+0000] {standard_task_runner.py:90} INFO - Running: ['***', 'tasks', 'run', 'migration_fit_data', 'get_raw_data.extract_raw_score_fact', 'manual__2024-12-13T15:31:35.788890+00:00', '--job-id', '22', '--raw', '--subdir', 'DAGS_FOLDER/elt_migrate.py', '--cfg-path', '/tmp/tmpyy0dcn92']
[2024-12-13T15:31:42.604+0000] {standard_task_runner.py:91} INFO - Job 22: Subtask get_raw_data.extract_raw_score_fact
[2024-12-13T15:31:42.870+0000] {task_command.py:426} INFO - Running <TaskInstance: migration_fit_data.get_raw_data.extract_raw_score_fact manual__2024-12-13T15:31:35.788890+00:00 [running]> on host 1fe973f28a1c
[2024-12-13T15:31:43.282+0000] {taskinstance.py:2648} INFO - Exporting env vars: AIRFLOW_CTX_DAG_OWNER='***' AIRFLOW_CTX_DAG_ID='migration_fit_data' AIRFLOW_CTX_TASK_ID='get_raw_data.extract_raw_score_fact' AIRFLOW_CTX_EXECUTION_DATE='2024-12-13T15:31:35.788890+00:00' AIRFLOW_CTX_TRY_NUMBER='1' AIRFLOW_CTX_DAG_RUN_ID='manual__2024-12-13T15:31:35.788890+00:00'
[2024-12-13T15:31:43.283+0000] {taskinstance.py:430} INFO - ::endgroup::
[2024-12-13T15:31:46.310+0000] {__init__.py:412} INFO - DELETE /fit_warehouse/raw/score_fact/ recursive=True user.name=default namenode:9870
[2024-12-13T15:31:46.373+0000] {__init__.py:412} INFO - GETFILESTATUS /fit_warehouse/raw/score_fact/ user.name=default namenode:9870
[2024-12-13T15:31:46.410+0000] {__init__.py:412} INFO - MKDIRS /fit_warehouse/raw/score_fact/ user.name=default namenode:9870
[2024-12-13T15:31:46.474+0000] {__init__.py:412} INFO - CREATE /fit_warehouse/raw/score_fact/score_fact_01.snappy.parquet overwrite=True async_=True user.name=default namenode:9870
[2024-12-13T15:31:48.682+0000] {python.py:237} INFO - Done. Returned value was: None
[2024-12-13T15:31:48.691+0000] {taskinstance.py:441} INFO - ::group::Post task execution logs
[2024-12-13T15:31:48.762+0000] {taskinstance.py:1206} INFO - Marking task as SUCCESS. dag_id=migration_fit_data, task_id=get_raw_data.extract_raw_score_fact, run_id=manual__2024-12-13T15:31:35.788890+00:00, execution_date=20241213T153135, start_date=20241213T153142, end_date=20241213T153148
[2024-12-13T15:31:48.893+0000] {local_task_job_runner.py:240} INFO - Task exited with return code 0
[2024-12-13T15:31:48.913+0000] {local_task_job_runner.py:222} INFO - ::endgroup::
