[2024-12-14T20:18:43.841+0000] {local_task_job_runner.py:120} INFO - ::group::Pre task execution logs
[2024-12-14T20:18:43.925+0000] {taskinstance.py:2076} INFO - Dependencies all met for dep_context=non-requeueable deps ti=<TaskInstance: migration_fit_data.aggregate_warehouse.aggregate_lecturer_performance manual__2024-12-14T20:17:26.395846+00:00 [queued]>
[2024-12-14T20:18:43.978+0000] {taskinstance.py:2076} INFO - Dependencies all met for dep_context=requeueable deps ti=<TaskInstance: migration_fit_data.aggregate_warehouse.aggregate_lecturer_performance manual__2024-12-14T20:17:26.395846+00:00 [queued]>
[2024-12-14T20:18:43.978+0000] {taskinstance.py:2306} INFO - Starting attempt 1 of 1
[2024-12-14T20:18:44.013+0000] {taskinstance.py:2330} INFO - Executing <Task(PythonOperator): aggregate_warehouse.aggregate_lecturer_performance> on 2024-12-14 20:17:26.395846+00:00
[2024-12-14T20:18:44.029+0000] {warnings.py:110} WARNING - /home/***/.local/lib/python3.12/site-packages/***/task/task_runner/standard_task_runner.py:61: DeprecationWarning: This process (pid=8161) is multi-threaded, use of fork() may lead to deadlocks in the child.
  pid = os.fork()

[2024-12-14T20:18:44.033+0000] {standard_task_runner.py:63} INFO - Started process 8172 to run task
[2024-12-14T20:18:44.036+0000] {standard_task_runner.py:90} INFO - Running: ['***', 'tasks', 'run', 'migration_fit_data', 'aggregate_warehouse.aggregate_lecturer_performance', 'manual__2024-12-14T20:17:26.395846+00:00', '--job-id', '409', '--raw', '--subdir', 'DAGS_FOLDER/elt_migrate.py', '--cfg-path', '/tmp/tmpcn7lnb7g']
[2024-12-14T20:18:44.041+0000] {standard_task_runner.py:91} INFO - Job 409: Subtask aggregate_warehouse.aggregate_lecturer_performance
[2024-12-14T20:18:44.134+0000] {task_command.py:426} INFO - Running <TaskInstance: migration_fit_data.aggregate_warehouse.aggregate_lecturer_performance manual__2024-12-14T20:17:26.395846+00:00 [running]> on host 472b63b715e1
[2024-12-14T20:18:44.285+0000] {taskinstance.py:2648} INFO - Exporting env vars: AIRFLOW_CTX_DAG_OWNER='***' AIRFLOW_CTX_DAG_ID='migration_fit_data' AIRFLOW_CTX_TASK_ID='aggregate_warehouse.aggregate_lecturer_performance' AIRFLOW_CTX_EXECUTION_DATE='2024-12-14T20:17:26.395846+00:00' AIRFLOW_CTX_TRY_NUMBER='1' AIRFLOW_CTX_DAG_RUN_ID='manual__2024-12-14T20:17:26.395846+00:00'
[2024-12-14T20:18:44.288+0000] {taskinstance.py:430} INFO - ::endgroup::
[2024-12-14T20:18:44.314+0000] {hive.py:475} INFO - USE `default`
[2024-12-14T20:18:44.363+0000] {hive.py:475} INFO - CREATE NAMESPACE IF NOT EXISTS iceberg.aggr_warehouse
[2024-12-14T20:18:44.377+0000] {hive.py:475} INFO - DROP TABLE IF EXISTS iceberg.aggr_warehouse.lecturer_performance
[2024-12-14T20:18:44.415+0000] {hive.py:475} INFO - 
    CREATE OR REPLACE TABLE iceberg.aggr_warehouse.lecturer_performance
    USING parquet
    AS
    SELECT
        l.lecturer_id,
        e.employee_name AS lecturer_name,
        c.course_id,
        c.course_name,
        ps.semester_name,
        COUNT(DISTINCT inf.instruction_id) AS num_classes_taught,
        AVG(sf.final_score) AS average_class_score
    FROM
        iceberg.warehouse.lecturer l
    JOIN iceberg.warehouse.employee e ON l.employee_id = e.employee_id
    JOIN iceberg.warehouse.instruction_lecturer il ON l.lecturer_id = il.lecturer_id
    JOIN iceberg.warehouse.instruction_fact inf ON il.instruction_id = inf.instruction_id
    JOIN iceberg.warehouse.course c ON inf.course_id = c.course_id
    JOIN iceberg.warehouse.program_semester ps ON inf.program_semester_id = ps.program_semester_id
    JOIN iceberg.warehouse.score_fact sf ON sf.instruction_id = inf.instruction_id
    WHERE 
        inf.instruction_status = 'completed'
    GROUP BY
        l.lecturer_id,
        e.employee_name,
        c.course_id,
        c.course_name,
        ps.semester_name;
    
[2024-12-14T20:18:49.982+0000] {__init__.py:412} INFO - DELETE /user/hive/warehouse/aggr_warehouse.db/lecturer_performance_parquet recursive=True user.name=default namenode:9870
[2024-12-14T20:18:50.006+0000] {hive.py:475} INFO - 
        DROP TABLE IF EXISTS spark_catalog.aggr_warehouse.lecturer_performance_parquet
    
[2024-12-14T20:18:50.471+0000] {hive.py:475} INFO - 
        CREATE TABLE spark_catalog.aggr_warehouse.lecturer_performance_parquet
        USING parquet
        AS
        SELECT * FROM iceberg.aggr_warehouse.lecturer_performance
    
[2024-12-14T20:18:51.897+0000] {python.py:237} INFO - Done. Returned value was: None
[2024-12-14T20:18:51.898+0000] {taskinstance.py:441} INFO - ::group::Post task execution logs
[2024-12-14T20:18:51.938+0000] {taskinstance.py:1206} INFO - Marking task as SUCCESS. dag_id=migration_fit_data, task_id=aggregate_warehouse.aggregate_lecturer_performance, run_id=manual__2024-12-14T20:17:26.395846+00:00, execution_date=20241214T201726, start_date=20241214T201843, end_date=20241214T201851
[2024-12-14T20:18:52.052+0000] {local_task_job_runner.py:240} INFO - Task exited with return code 0
[2024-12-14T20:18:52.135+0000] {taskinstance.py:3498} INFO - 0 downstream tasks scheduled from follow-on schedule check
[2024-12-14T20:18:52.136+0000] {local_task_job_runner.py:222} INFO - ::endgroup::
