[2024-12-14T11:18:48.707+0000] {local_task_job_runner.py:120} INFO - ::group::Pre task execution logs
[2024-12-14T11:18:48.936+0000] {taskinstance.py:2076} INFO - Dependencies all met for dep_context=non-requeueable deps ti=<TaskInstance: migration_fit_data.insert_warehouse.insert_dwh_class manual__2024-12-14T11:17:14.621727+00:00 [queued]>
[2024-12-14T11:18:49.054+0000] {taskinstance.py:2076} INFO - Dependencies all met for dep_context=requeueable deps ti=<TaskInstance: migration_fit_data.insert_warehouse.insert_dwh_class manual__2024-12-14T11:17:14.621727+00:00 [queued]>
[2024-12-14T11:18:49.054+0000] {taskinstance.py:2306} INFO - Starting attempt 1 of 1
[2024-12-14T11:18:49.133+0000] {taskinstance.py:2330} INFO - Executing <Task(PythonOperator): insert_warehouse.insert_dwh_class> on 2024-12-14 11:17:14.621727+00:00
[2024-12-14T11:18:49.240+0000] {standard_task_runner.py:90} INFO - Running: ['***', 'tasks', 'run', 'migration_fit_data', 'insert_warehouse.insert_dwh_class', 'manual__2024-12-14T11:17:14.621727+00:00', '--job-id', '76', '--raw', '--subdir', 'DAGS_FOLDER/elt_migrate.py', '--cfg-path', '/tmp/tmp06kzycyb']
[2024-12-14T11:18:49.260+0000] {standard_task_runner.py:91} INFO - Job 76: Subtask insert_warehouse.insert_dwh_class
[2024-12-14T11:18:49.276+0000] {warnings.py:110} WARNING - /home/***/.local/lib/python3.12/site-packages/***/task/task_runner/standard_task_runner.py:61: DeprecationWarning: This process (pid=410) is multi-threaded, use of fork() may lead to deadlocks in the child.
  pid = os.fork()

[2024-12-14T11:18:49.276+0000] {standard_task_runner.py:63} INFO - Started process 445 to run task
[2024-12-14T11:18:49.789+0000] {task_command.py:426} INFO - Running <TaskInstance: migration_fit_data.insert_warehouse.insert_dwh_class manual__2024-12-14T11:17:14.621727+00:00 [running]> on host 472b63b715e1
[2024-12-14T11:18:50.849+0000] {taskinstance.py:2648} INFO - Exporting env vars: AIRFLOW_CTX_DAG_OWNER='***' AIRFLOW_CTX_DAG_ID='migration_fit_data' AIRFLOW_CTX_TASK_ID='insert_warehouse.insert_dwh_class' AIRFLOW_CTX_EXECUTION_DATE='2024-12-14T11:17:14.621727+00:00' AIRFLOW_CTX_TRY_NUMBER='1' AIRFLOW_CTX_DAG_RUN_ID='manual__2024-12-14T11:17:14.621727+00:00'
[2024-12-14T11:18:50.862+0000] {taskinstance.py:430} INFO - ::endgroup::
[2024-12-14T11:18:50.968+0000] {hive.py:475} INFO - USE `default`
[2024-12-14T11:18:51.061+0000] {hive.py:475} INFO - SELECT COUNT(*) FROM default.class
[2024-12-14T11:18:52.908+0000] {logging_mixin.py:188} INFO - SELECT COUNT(*) FROM default.class --- 358
[2024-12-14T11:18:53.023+0000] {hive.py:475} INFO - 
            MERGE INTO iceberg.warehouse.class t
            USING default.class s
            ON t.class_id=s.class_id
            WHEN MATCHED 
                THEN UPDATE SET 
                t.class_id=s.class_id,t.class_name=s.class_name,t.last_modified_date=s.last_modified_date
            WHEN NOT MATCHED 
                THEN INSERT *
        
[2024-12-14T11:19:18.527+0000] {python.py:237} INFO - Done. Returned value was: None
[2024-12-14T11:19:18.528+0000] {taskinstance.py:441} INFO - ::group::Post task execution logs
[2024-12-14T11:19:18.584+0000] {taskinstance.py:1206} INFO - Marking task as SUCCESS. dag_id=migration_fit_data, task_id=insert_warehouse.insert_dwh_class, run_id=manual__2024-12-14T11:17:14.621727+00:00, execution_date=20241214T111714, start_date=20241214T111848, end_date=20241214T111918
[2024-12-14T11:19:18.674+0000] {local_task_job_runner.py:240} INFO - Task exited with return code 0
[2024-12-14T11:19:18.739+0000] {local_task_job_runner.py:222} INFO - ::endgroup::
