[2024-12-14T11:37:31.325+0000] {local_task_job_runner.py:120} INFO - ::group::Pre task execution logs
[2024-12-14T11:37:31.417+0000] {taskinstance.py:2076} INFO - Dependencies all met for dep_context=non-requeueable deps ti=<TaskInstance: etl_score_fact_data.aggregate_warehouse.aggregate_course_performance manual__2024-12-14T11:37:15.344093+00:00 [queued]>
[2024-12-14T11:37:31.461+0000] {taskinstance.py:2076} INFO - Dependencies all met for dep_context=requeueable deps ti=<TaskInstance: etl_score_fact_data.aggregate_warehouse.aggregate_course_performance manual__2024-12-14T11:37:15.344093+00:00 [queued]>
[2024-12-14T11:37:31.461+0000] {taskinstance.py:2306} INFO - Starting attempt 1 of 1
[2024-12-14T11:37:31.493+0000] {taskinstance.py:2330} INFO - Executing <Task(PythonOperator): aggregate_warehouse.aggregate_course_performance> on 2024-12-14 11:37:15.344093+00:00
[2024-12-14T11:37:31.532+0000] {warnings.py:110} WARNING - /home/***/.local/lib/python3.12/site-packages/***/task/task_runner/standard_task_runner.py:61: DeprecationWarning: This process (pid=1072) is multi-threaded, use of fork() may lead to deadlocks in the child.
  pid = os.fork()

[2024-12-14T11:37:31.534+0000] {standard_task_runner.py:63} INFO - Started process 1083 to run task
[2024-12-14T11:37:31.540+0000] {standard_task_runner.py:90} INFO - Running: ['***', 'tasks', 'run', 'etl_score_fact_data', 'aggregate_warehouse.aggregate_course_performance', 'manual__2024-12-14T11:37:15.344093+00:00', '--job-id', '215', '--raw', '--subdir', 'DAGS_FOLDER/elt_score_fact.py', '--cfg-path', '/tmp/tmpowvth6ev']
[2024-12-14T11:37:31.552+0000] {standard_task_runner.py:91} INFO - Job 215: Subtask aggregate_warehouse.aggregate_course_performance
[2024-12-14T11:37:31.729+0000] {task_command.py:426} INFO - Running <TaskInstance: etl_score_fact_data.aggregate_warehouse.aggregate_course_performance manual__2024-12-14T11:37:15.344093+00:00 [running]> on host 472b63b715e1
[2024-12-14T11:37:32.025+0000] {taskinstance.py:2648} INFO - Exporting env vars: AIRFLOW_CTX_DAG_OWNER='***' AIRFLOW_CTX_DAG_ID='etl_score_fact_data' AIRFLOW_CTX_TASK_ID='aggregate_warehouse.aggregate_course_performance' AIRFLOW_CTX_EXECUTION_DATE='2024-12-14T11:37:15.344093+00:00' AIRFLOW_CTX_TRY_NUMBER='1' AIRFLOW_CTX_DAG_RUN_ID='manual__2024-12-14T11:37:15.344093+00:00'
[2024-12-14T11:37:32.032+0000] {taskinstance.py:430} INFO - ::endgroup::
[2024-12-14T11:37:32.068+0000] {hive.py:475} INFO - USE `default`
[2024-12-14T11:37:32.249+0000] {hive.py:475} INFO - CREATE NAMESPACE IF NOT EXISTS iceberg.aggr_warehouse
[2024-12-14T11:37:32.316+0000] {hive.py:475} INFO - DROP TABLE IF EXISTS iceberg.aggr_warehouse.course_performance
[2024-12-14T11:37:32.422+0000] {hive.py:475} INFO - 
    CREATE OR REPLACE TABLE iceberg.aggr_warehouse.course_performance
    USING parquet
    AS
    WITH unique_scores AS (
        SELECT
            c.course_id,
            c.course_name,
            ps.semester_name,
            sf.student_id,
            sf.final_score
        FROM
            iceberg.warehouse.course c
        JOIN iceberg.warehouse.instruction_fact inf 
            ON c.course_id = inf.course_id
        JOIN iceberg.warehouse.program_semester ps 
            ON inf.program_semester_id = ps.program_semester_id
        JOIN iceberg.warehouse.score_fact sf 
            ON sf.instruction_id = inf.instruction_id
        WHERE 
            inf.instruction_status = 'completed'
        GROUP BY
            c.course_id, c.course_name, ps.semester_name, sf.student_id, sf.final_score
    )
    SELECT
        course_id,
        course_name,
        semester_name,
        COUNT (student_id) AS num_students_enrolled,
        SUM(CASE WHEN final_score >= 4 THEN 1 ELSE 0 END) AS num_students_passed,
        (SUM(CASE WHEN final_score >= 4 THEN 1 ELSE 0 END) * 100.0) / COUNT(student_id) AS pass_rate,
        AVG(final_score) AS average_final_score
    FROM
        unique_scores
    GROUP BY
        course_id, course_name, semester_name;
    
[2024-12-14T11:37:38.326+0000] {__init__.py:412} INFO - DELETE /user/hive/warehouse/aggr_warehouse.db/course_performance_parquet recursive=True user.name=default namenode:9870
[2024-12-14T11:37:38.344+0000] {hive.py:475} INFO - 
        DROP TABLE IF EXISTS spark_catalog.aggr_warehouse.course_performance_parquet
    
[2024-12-14T11:37:38.556+0000] {hive.py:475} INFO - 
        CREATE TABLE spark_catalog.aggr_warehouse.course_performance_parquet
        USING parquet
        AS
        SELECT * FROM iceberg.aggr_warehouse.course_performance
    
[2024-12-14T11:37:39.177+0000] {python.py:237} INFO - Done. Returned value was: None
[2024-12-14T11:37:39.178+0000] {taskinstance.py:441} INFO - ::group::Post task execution logs
[2024-12-14T11:37:39.187+0000] {taskinstance.py:1206} INFO - Marking task as SUCCESS. dag_id=etl_score_fact_data, task_id=aggregate_warehouse.aggregate_course_performance, run_id=manual__2024-12-14T11:37:15.344093+00:00, execution_date=20241214T113715, start_date=20241214T113731, end_date=20241214T113739
[2024-12-14T11:37:39.216+0000] {local_task_job_runner.py:240} INFO - Task exited with return code 0
[2024-12-14T11:37:39.241+0000] {taskinstance.py:3498} INFO - 0 downstream tasks scheduled from follow-on schedule check
[2024-12-14T11:37:39.242+0000] {local_task_job_runner.py:222} INFO - ::endgroup::
