[2024-12-17T05:31:15.358+0000] {local_task_job_runner.py:120} INFO - ::group::Pre task execution logs
[2024-12-17T05:31:15.404+0000] {taskinstance.py:2076} INFO - Dependencies all met for dep_context=non-requeueable deps ti=<TaskInstance: migration_fit_data.get_raw_data.extract_raw_program manual__2024-12-17T05:30:38.897078+00:00 [queued]>
[2024-12-17T05:31:15.428+0000] {taskinstance.py:2076} INFO - Dependencies all met for dep_context=requeueable deps ti=<TaskInstance: migration_fit_data.get_raw_data.extract_raw_program manual__2024-12-17T05:30:38.897078+00:00 [queued]>
[2024-12-17T05:31:15.429+0000] {taskinstance.py:2306} INFO - Starting attempt 1 of 1
[2024-12-17T05:31:15.461+0000] {taskinstance.py:2330} INFO - Executing <Task(PythonOperator): get_raw_data.extract_raw_program> on 2024-12-17 05:30:38.897078+00:00
[2024-12-17T05:31:15.482+0000] {warnings.py:110} WARNING - /home/***/.local/lib/python3.12/site-packages/***/task/task_runner/standard_task_runner.py:61: DeprecationWarning: This process (pid=38204) is multi-threaded, use of fork() may lead to deadlocks in the child.
  pid = os.fork()

[2024-12-17T05:31:15.484+0000] {standard_task_runner.py:63} INFO - Started process 38254 to run task
[2024-12-17T05:31:15.491+0000] {standard_task_runner.py:90} INFO - Running: ['***', 'tasks', 'run', 'migration_fit_data', 'get_raw_data.extract_raw_program', 'manual__2024-12-17T05:30:38.897078+00:00', '--job-id', '907', '--raw', '--subdir', 'DAGS_FOLDER/elt_migrate.py', '--cfg-path', '/tmp/tmpn1ipo7v0']
[2024-12-17T05:31:15.502+0000] {standard_task_runner.py:91} INFO - Job 907: Subtask get_raw_data.extract_raw_program
[2024-12-17T05:31:15.619+0000] {task_command.py:426} INFO - Running <TaskInstance: migration_fit_data.get_raw_data.extract_raw_program manual__2024-12-17T05:30:38.897078+00:00 [running]> on host 2f4e9c743994
[2024-12-17T05:31:15.874+0000] {taskinstance.py:2648} INFO - Exporting env vars: AIRFLOW_CTX_DAG_OWNER='***' AIRFLOW_CTX_DAG_ID='migration_fit_data' AIRFLOW_CTX_TASK_ID='get_raw_data.extract_raw_program' AIRFLOW_CTX_EXECUTION_DATE='2024-12-17T05:30:38.897078+00:00' AIRFLOW_CTX_TRY_NUMBER='1' AIRFLOW_CTX_DAG_RUN_ID='manual__2024-12-17T05:30:38.897078+00:00'
[2024-12-17T05:31:15.881+0000] {taskinstance.py:430} INFO - ::endgroup::
[2024-12-17T05:31:16.939+0000] {__init__.py:412} INFO - DELETE /fit_warehouse/raw/program/ recursive=True user.name=default namenode:9870
[2024-12-17T05:31:16.970+0000] {__init__.py:412} INFO - GETFILESTATUS /fit_warehouse/raw/program/ user.name=default namenode:9870
[2024-12-17T05:31:16.986+0000] {__init__.py:412} INFO - MKDIRS /fit_warehouse/raw/program/ user.name=default namenode:9870
[2024-12-17T05:31:17.017+0000] {__init__.py:412} INFO - CREATE /fit_warehouse/raw/program/program_01.snappy.parquet overwrite=True async_=True user.name=default namenode:9870
[2024-12-17T05:31:17.560+0000] {python.py:237} INFO - Done. Returned value was: None
[2024-12-17T05:31:17.569+0000] {taskinstance.py:441} INFO - ::group::Post task execution logs
[2024-12-17T05:31:17.612+0000] {taskinstance.py:1206} INFO - Marking task as SUCCESS. dag_id=migration_fit_data, task_id=get_raw_data.extract_raw_program, run_id=manual__2024-12-17T05:30:38.897078+00:00, execution_date=20241217T053038, start_date=20241217T053115, end_date=20241217T053117
[2024-12-17T05:31:17.723+0000] {local_task_job_runner.py:240} INFO - Task exited with return code 0
[2024-12-17T05:31:17.757+0000] {local_task_job_runner.py:222} INFO - ::endgroup::
