[2024-12-16T15:18:47.483+0000] {local_task_job_runner.py:120} INFO - ::group::Pre task execution logs
[2024-12-16T15:18:47.974+0000] {taskinstance.py:2076} INFO - Dependencies all met for dep_context=non-requeueable deps ti=<TaskInstance: migration_fit_data.insert_warehouse.insert_dwh_instruction_fact manual__2024-12-16T15:15:27.291042+00:00 [queued]>
[2024-12-16T15:18:48.275+0000] {taskinstance.py:2076} INFO - Dependencies all met for dep_context=requeueable deps ti=<TaskInstance: migration_fit_data.insert_warehouse.insert_dwh_instruction_fact manual__2024-12-16T15:15:27.291042+00:00 [queued]>
[2024-12-16T15:18:48.275+0000] {taskinstance.py:2306} INFO - Starting attempt 1 of 1
[2024-12-16T15:18:48.502+0000] {taskinstance.py:2330} INFO - Executing <Task(PythonOperator): insert_warehouse.insert_dwh_instruction_fact> on 2024-12-16 15:15:27.291042+00:00
[2024-12-16T15:18:48.717+0000] {standard_task_runner.py:90} INFO - Running: ['***', 'tasks', 'run', 'migration_fit_data', 'insert_warehouse.insert_dwh_instruction_fact', 'manual__2024-12-16T15:15:27.291042+00:00', '--job-id', '635', '--raw', '--subdir', 'DAGS_FOLDER/elt_migrate.py', '--cfg-path', '/tmp/tmp6kgk5ubz']
[2024-12-16T15:18:48.744+0000] {standard_task_runner.py:91} INFO - Job 635: Subtask insert_warehouse.insert_dwh_instruction_fact
[2024-12-16T15:18:48.696+0000] {warnings.py:110} WARNING - /home/***/.local/lib/python3.12/site-packages/***/task/task_runner/standard_task_runner.py:61: DeprecationWarning: This process (pid=26892) is multi-threaded, use of fork() may lead to deadlocks in the child.
  pid = os.fork()

[2024-12-16T15:18:48.762+0000] {standard_task_runner.py:63} INFO - Started process 26916 to run task
[2024-12-16T15:18:48.987+0000] {task_command.py:426} INFO - Running <TaskInstance: migration_fit_data.insert_warehouse.insert_dwh_instruction_fact manual__2024-12-16T15:15:27.291042+00:00 [running]> on host 2f4e9c743994
[2024-12-16T15:18:50.611+0000] {taskinstance.py:2648} INFO - Exporting env vars: AIRFLOW_CTX_DAG_OWNER='***' AIRFLOW_CTX_DAG_ID='migration_fit_data' AIRFLOW_CTX_TASK_ID='insert_warehouse.insert_dwh_instruction_fact' AIRFLOW_CTX_EXECUTION_DATE='2024-12-16T15:15:27.291042+00:00' AIRFLOW_CTX_TRY_NUMBER='1' AIRFLOW_CTX_DAG_RUN_ID='manual__2024-12-16T15:15:27.291042+00:00'
[2024-12-16T15:18:50.626+0000] {taskinstance.py:430} INFO - ::endgroup::
[2024-12-16T15:18:50.996+0000] {hive.py:475} INFO - USE `default`
[2024-12-16T15:18:51.252+0000] {hive.py:475} INFO - SELECT COUNT(*) FROM default.instruction_fact
[2024-12-16T15:18:56.498+0000] {logging_mixin.py:188} INFO - SELECT COUNT(*) FROM default.instruction_fact --- 473
[2024-12-16T15:18:56.509+0000] {hive.py:475} INFO - 
            MERGE INTO iceberg.warehouse.instruction_fact t
            USING default.instruction_fact s
            ON t.instruction_id=s.instruction_id
            WHEN MATCHED 
                THEN UPDATE SET 
                t.instruction_id=s.instruction_id,t.program_semester_id=s.program_semester_id,t.course_id=s.course_id,t.class_id=s.class_id,t.is_required=s.is_required,t.num_student=s.num_student,t.num_pass_student=s.num_pass_student,t.num_fail_student=s.num_fail_student,t.avg_final_score=s.avg_final_score,t.instruction_status=s.instruction_status,t.instruction_allocate=s.instruction_allocate,t.instruction_time_start=s.instruction_time_start,t.instruction_time_end=s.instruction_time_end,t.last_modified_date=s.last_modified_date,t.etl_date=s.etl_date
            WHEN NOT MATCHED 
                THEN INSERT *
        
[2024-12-16T15:19:35.513+0000] {python.py:237} INFO - Done. Returned value was: None
[2024-12-16T15:19:35.518+0000] {taskinstance.py:441} INFO - ::group::Post task execution logs
[2024-12-16T15:19:35.627+0000] {taskinstance.py:1206} INFO - Marking task as SUCCESS. dag_id=migration_fit_data, task_id=insert_warehouse.insert_dwh_instruction_fact, run_id=manual__2024-12-16T15:15:27.291042+00:00, execution_date=20241216T151527, start_date=20241216T151847, end_date=20241216T151935
[2024-12-16T15:19:35.760+0000] {local_task_job_runner.py:240} INFO - Task exited with return code 0
[2024-12-16T15:19:35.856+0000] {local_task_job_runner.py:222} INFO - ::endgroup::
