[2024-12-17T04:05:01.030+0000] {local_task_job_runner.py:120} INFO - ::group::Pre task execution logs
[2024-12-17T04:05:01.399+0000] {taskinstance.py:2076} INFO - Dependencies all met for dep_context=non-requeueable deps ti=<TaskInstance: migration_fit_data.load_staging.create_staging_student manual__2024-12-17T04:04:13.440119+00:00 [queued]>
[2024-12-17T04:05:01.595+0000] {taskinstance.py:2076} INFO - Dependencies all met for dep_context=requeueable deps ti=<TaskInstance: migration_fit_data.load_staging.create_staging_student manual__2024-12-17T04:04:13.440119+00:00 [queued]>
[2024-12-17T04:05:01.595+0000] {taskinstance.py:2306} INFO - Starting attempt 1 of 1
[2024-12-17T04:05:01.871+0000] {taskinstance.py:2330} INFO - Executing <Task(PythonOperator): load_staging.create_staging_student> on 2024-12-17 04:04:13.440119+00:00
[2024-12-17T04:05:02.034+0000] {standard_task_runner.py:90} INFO - Running: ['***', 'tasks', 'run', 'migration_fit_data', 'load_staging.create_staging_student', 'manual__2024-12-17T04:04:13.440119+00:00', '--job-id', '752', '--raw', '--subdir', 'DAGS_FOLDER/elt_migrate.py', '--cfg-path', '/tmp/tmpjtoso8md']
[2024-12-17T04:05:02.062+0000] {standard_task_runner.py:91} INFO - Job 752: Subtask load_staging.create_staging_student
[2024-12-17T04:05:02.043+0000] {warnings.py:110} WARNING - /home/***/.local/lib/python3.12/site-packages/***/task/task_runner/standard_task_runner.py:61: DeprecationWarning: This process (pid=36708) is multi-threaded, use of fork() may lead to deadlocks in the child.
  pid = os.fork()

[2024-12-17T04:05:02.076+0000] {standard_task_runner.py:63} INFO - Started process 36734 to run task
[2024-12-17T04:05:02.621+0000] {task_command.py:426} INFO - Running <TaskInstance: migration_fit_data.load_staging.create_staging_student manual__2024-12-17T04:04:13.440119+00:00 [running]> on host 2f4e9c743994
[2024-12-17T04:05:06.007+0000] {taskinstance.py:2648} INFO - Exporting env vars: AIRFLOW_CTX_DAG_OWNER='***' AIRFLOW_CTX_DAG_ID='migration_fit_data' AIRFLOW_CTX_TASK_ID='load_staging.create_staging_student' AIRFLOW_CTX_EXECUTION_DATE='2024-12-17T04:04:13.440119+00:00' AIRFLOW_CTX_TRY_NUMBER='1' AIRFLOW_CTX_DAG_RUN_ID='manual__2024-12-17T04:04:13.440119+00:00'
[2024-12-17T04:05:06.026+0000] {taskinstance.py:430} INFO - ::endgroup::
[2024-12-17T04:05:06.177+0000] {hive.py:475} INFO - USE `default`
[2024-12-17T04:05:06.417+0000] {hive.py:475} INFO - DROP TABLE IF EXISTS default.student
[2024-12-17T04:05:07.510+0000] {hive.py:475} INFO - 
        CREATE TABLE IF NOT EXISTS default.student (
            student_id STRING,student_name STRING,class_name STRING,edu_mail STRING,address_id BIGINT,national_id BIGINT,key_year STRING,gender STRING,student_dob TIMESTAMP   
        )   
        STORED AS PARQUET
        LOCATION '/fit_warehouse/raw/student/*.snappy.parquet'
    
[2024-12-17T04:05:08.147+0000] {hive.py:475} INFO - ANALYZE TABLE default.student COMPUTE STATISTICS
[2024-12-17T04:05:13.991+0000] {python.py:237} INFO - Done. Returned value was: None
[2024-12-17T04:05:13.991+0000] {taskinstance.py:441} INFO - ::group::Post task execution logs
[2024-12-17T04:05:14.050+0000] {taskinstance.py:1206} INFO - Marking task as SUCCESS. dag_id=migration_fit_data, task_id=load_staging.create_staging_student, run_id=manual__2024-12-17T04:04:13.440119+00:00, execution_date=20241217T040413, start_date=20241217T040501, end_date=20241217T040514
[2024-12-17T04:05:14.208+0000] {local_task_job_runner.py:240} INFO - Task exited with return code 0
[2024-12-17T04:05:14.562+0000] {taskinstance.py:3498} INFO - 0 downstream tasks scheduled from follow-on schedule check
[2024-12-17T04:05:14.568+0000] {local_task_job_runner.py:222} INFO - ::endgroup::
