[2024-12-13T21:28:26.729+0000] {local_task_job_runner.py:120} INFO - ::group::Pre task execution logs
[2024-12-13T21:28:26.759+0000] {taskinstance.py:2076} INFO - Dependencies all met for dep_context=non-requeueable deps ti=<TaskInstance: etl_score_fact_data.get_raw_data.extract_raw_score_detail manual__2024-12-13T21:28:24.092231+00:00 [queued]>
[2024-12-13T21:28:26.770+0000] {taskinstance.py:2076} INFO - Dependencies all met for dep_context=requeueable deps ti=<TaskInstance: etl_score_fact_data.get_raw_data.extract_raw_score_detail manual__2024-12-13T21:28:24.092231+00:00 [queued]>
[2024-12-13T21:28:26.771+0000] {taskinstance.py:2306} INFO - Starting attempt 1 of 1
[2024-12-13T21:28:26.786+0000] {taskinstance.py:2330} INFO - Executing <Task(PythonOperator): get_raw_data.extract_raw_score_detail> on 2024-12-13 21:28:24.092231+00:00
[2024-12-13T21:28:26.796+0000] {warnings.py:110} WARNING - /home/***/.local/lib/python3.12/site-packages/***/task/task_runner/standard_task_runner.py:61: DeprecationWarning: This process (pid=7507) is multi-threaded, use of fork() may lead to deadlocks in the child.
  pid = os.fork()

[2024-12-13T21:28:26.798+0000] {standard_task_runner.py:63} INFO - Started process 7511 to run task
[2024-12-13T21:28:26.797+0000] {standard_task_runner.py:90} INFO - Running: ['***', 'tasks', 'run', 'etl_score_fact_data', 'get_raw_data.extract_raw_score_detail', 'manual__2024-12-13T21:28:24.092231+00:00', '--job-id', '999', '--raw', '--subdir', 'DAGS_FOLDER/elt_score_fact.py', '--cfg-path', '/tmp/tmpaaukietg']
[2024-12-13T21:28:26.799+0000] {standard_task_runner.py:91} INFO - Job 999: Subtask get_raw_data.extract_raw_score_detail
[2024-12-13T21:28:26.847+0000] {task_command.py:426} INFO - Running <TaskInstance: etl_score_fact_data.get_raw_data.extract_raw_score_detail manual__2024-12-13T21:28:24.092231+00:00 [running]> on host 1fe973f28a1c
[2024-12-13T21:28:26.934+0000] {taskinstance.py:2648} INFO - Exporting env vars: AIRFLOW_CTX_DAG_OWNER='***' AIRFLOW_CTX_DAG_ID='etl_score_fact_data' AIRFLOW_CTX_TASK_ID='get_raw_data.extract_raw_score_detail' AIRFLOW_CTX_EXECUTION_DATE='2024-12-13T21:28:24.092231+00:00' AIRFLOW_CTX_TRY_NUMBER='1' AIRFLOW_CTX_DAG_RUN_ID='manual__2024-12-13T21:28:24.092231+00:00'
[2024-12-13T21:28:26.936+0000] {taskinstance.py:430} INFO - ::endgroup::
[2024-12-13T21:28:27.547+0000] {__init__.py:412} INFO - DELETE /fit_warehouse/raw/score_detail/ recursive=True user.name=default namenode:9870
[2024-12-13T21:28:27.559+0000] {__init__.py:412} INFO - GETFILESTATUS /fit_warehouse/raw/score_detail/ user.name=default namenode:9870
[2024-12-13T21:28:27.565+0000] {__init__.py:412} INFO - MKDIRS /fit_warehouse/raw/score_detail/ user.name=default namenode:9870
[2024-12-13T21:28:27.570+0000] {__init__.py:412} INFO - CREATE /fit_warehouse/raw/score_detail/score_detail_01.snappy.parquet overwrite=True async_=True user.name=default namenode:9870
[2024-12-13T21:28:27.605+0000] {python.py:237} INFO - Done. Returned value was: None
[2024-12-13T21:28:27.605+0000] {taskinstance.py:441} INFO - ::group::Post task execution logs
[2024-12-13T21:28:27.616+0000] {taskinstance.py:1206} INFO - Marking task as SUCCESS. dag_id=etl_score_fact_data, task_id=get_raw_data.extract_raw_score_detail, run_id=manual__2024-12-13T21:28:24.092231+00:00, execution_date=20241213T212824, start_date=20241213T212826, end_date=20241213T212827
[2024-12-13T21:28:27.657+0000] {local_task_job_runner.py:240} INFO - Task exited with return code 0
[2024-12-13T21:28:27.708+0000] {taskinstance.py:3498} INFO - 2 downstream tasks scheduled from follow-on schedule check
[2024-12-13T21:28:27.710+0000] {local_task_job_runner.py:222} INFO - ::endgroup::
