[2024-12-14T08:31:29.180+0000] {local_task_job_runner.py:120} INFO - ::group::Pre task execution logs
[2024-12-14T08:31:29.219+0000] {taskinstance.py:2076} INFO - Dependencies all met for dep_context=non-requeueable deps ti=<TaskInstance: etl_instruction_fact_data.insert_warehouse.insert_dwh_instruction_lecturer manual__2024-12-14T08:31:18.535262+00:00 [queued]>
[2024-12-14T08:31:29.250+0000] {taskinstance.py:2076} INFO - Dependencies all met for dep_context=requeueable deps ti=<TaskInstance: etl_instruction_fact_data.insert_warehouse.insert_dwh_instruction_lecturer manual__2024-12-14T08:31:18.535262+00:00 [queued]>
[2024-12-14T08:31:29.251+0000] {taskinstance.py:2306} INFO - Starting attempt 1 of 1
[2024-12-14T08:31:29.279+0000] {taskinstance.py:2330} INFO - Executing <Task(PythonOperator): insert_warehouse.insert_dwh_instruction_lecturer> on 2024-12-14 08:31:18.535262+00:00
[2024-12-14T08:31:29.303+0000] {warnings.py:110} WARNING - /home/***/.local/lib/python3.12/site-packages/***/task/task_runner/standard_task_runner.py:61: DeprecationWarning: This process (pid=15969) is multi-threaded, use of fork() may lead to deadlocks in the child.
  pid = os.fork()

[2024-12-14T08:31:29.307+0000] {standard_task_runner.py:63} INFO - Started process 15973 to run task
[2024-12-14T08:31:29.311+0000] {standard_task_runner.py:90} INFO - Running: ['***', 'tasks', 'run', 'etl_instruction_fact_data', 'insert_warehouse.insert_dwh_instruction_lecturer', 'manual__2024-12-14T08:31:18.535262+00:00', '--job-id', '1087', '--raw', '--subdir', 'DAGS_FOLDER/elt_instruction_fact.py', '--cfg-path', '/tmp/tmpcdo8l001']
[2024-12-14T08:31:29.319+0000] {standard_task_runner.py:91} INFO - Job 1087: Subtask insert_warehouse.insert_dwh_instruction_lecturer
[2024-12-14T08:31:29.454+0000] {task_command.py:426} INFO - Running <TaskInstance: etl_instruction_fact_data.insert_warehouse.insert_dwh_instruction_lecturer manual__2024-12-14T08:31:18.535262+00:00 [running]> on host 1fe973f28a1c
[2024-12-14T08:31:29.618+0000] {taskinstance.py:2648} INFO - Exporting env vars: AIRFLOW_CTX_DAG_OWNER='***' AIRFLOW_CTX_DAG_ID='etl_instruction_fact_data' AIRFLOW_CTX_TASK_ID='insert_warehouse.insert_dwh_instruction_lecturer' AIRFLOW_CTX_EXECUTION_DATE='2024-12-14T08:31:18.535262+00:00' AIRFLOW_CTX_TRY_NUMBER='1' AIRFLOW_CTX_DAG_RUN_ID='manual__2024-12-14T08:31:18.535262+00:00'
[2024-12-14T08:31:29.621+0000] {taskinstance.py:430} INFO - ::endgroup::
[2024-12-14T08:31:29.631+0000] {hive.py:475} INFO - USE `default`
[2024-12-14T08:31:29.641+0000] {hive.py:475} INFO - SELECT COUNT(*) FROM default.instruction_lecturer
[2024-12-14T08:31:29.746+0000] {logging_mixin.py:188} INFO - SELECT COUNT(*) FROM default.instruction_lecturer --- 0
[2024-12-14T08:31:29.747+0000] {logging_mixin.py:188} INFO - STAGING HAS NO DATA, SKIPPING...
[2024-12-14T08:31:29.748+0000] {python.py:237} INFO - Done. Returned value was: None
[2024-12-14T08:31:29.749+0000] {taskinstance.py:441} INFO - ::group::Post task execution logs
[2024-12-14T08:31:29.762+0000] {taskinstance.py:1206} INFO - Marking task as SUCCESS. dag_id=etl_instruction_fact_data, task_id=insert_warehouse.insert_dwh_instruction_lecturer, run_id=manual__2024-12-14T08:31:18.535262+00:00, execution_date=20241214T083118, start_date=20241214T083129, end_date=20241214T083129
[2024-12-14T08:31:29.807+0000] {local_task_job_runner.py:240} INFO - Task exited with return code 0
[2024-12-14T08:31:29.836+0000] {taskinstance.py:3498} INFO - 0 downstream tasks scheduled from follow-on schedule check
[2024-12-14T08:31:29.839+0000] {local_task_job_runner.py:222} INFO - ::endgroup::
