[2024-12-14T10:49:44.423+0000] {local_task_job_runner.py:120} INFO - ::group::Pre task execution logs
[2024-12-14T10:49:44.505+0000] {taskinstance.py:2076} INFO - Dependencies all met for dep_context=non-requeueable deps ti=<TaskInstance: etl_dimention_data.load_staging.create_staging_program_semester manual__2024-12-14T10:49:34.305778+00:00 [queued]>
[2024-12-14T10:49:44.552+0000] {taskinstance.py:2076} INFO - Dependencies all met for dep_context=requeueable deps ti=<TaskInstance: etl_dimention_data.load_staging.create_staging_program_semester manual__2024-12-14T10:49:34.305778+00:00 [queued]>
[2024-12-14T10:49:44.553+0000] {taskinstance.py:2306} INFO - Starting attempt 1 of 1
[2024-12-14T10:49:44.593+0000] {taskinstance.py:2330} INFO - Executing <Task(PythonOperator): load_staging.create_staging_program_semester> on 2024-12-14 10:49:34.305778+00:00
[2024-12-14T10:49:44.620+0000] {warnings.py:110} WARNING - /home/***/.local/lib/python3.12/site-packages/***/task/task_runner/standard_task_runner.py:61: DeprecationWarning: This process (pid=572) is multi-threaded, use of fork() may lead to deadlocks in the child.
  pid = os.fork()

[2024-12-14T10:49:44.621+0000] {standard_task_runner.py:63} INFO - Started process 591 to run task
[2024-12-14T10:49:44.622+0000] {standard_task_runner.py:90} INFO - Running: ['***', 'tasks', 'run', 'etl_dimention_data', 'load_staging.create_staging_program_semester', 'manual__2024-12-14T10:49:34.305778+00:00', '--job-id', '135', '--raw', '--subdir', 'DAGS_FOLDER/elt_dimention.py', '--cfg-path', '/tmp/tmpg_73s00n']
[2024-12-14T10:49:44.628+0000] {standard_task_runner.py:91} INFO - Job 135: Subtask load_staging.create_staging_program_semester
[2024-12-14T10:49:44.705+0000] {task_command.py:426} INFO - Running <TaskInstance: etl_dimention_data.load_staging.create_staging_program_semester manual__2024-12-14T10:49:34.305778+00:00 [running]> on host 06cbf31e97a5
[2024-12-14T10:49:44.905+0000] {taskinstance.py:2648} INFO - Exporting env vars: AIRFLOW_CTX_DAG_OWNER='***' AIRFLOW_CTX_DAG_ID='etl_dimention_data' AIRFLOW_CTX_TASK_ID='load_staging.create_staging_program_semester' AIRFLOW_CTX_EXECUTION_DATE='2024-12-14T10:49:34.305778+00:00' AIRFLOW_CTX_TRY_NUMBER='1' AIRFLOW_CTX_DAG_RUN_ID='manual__2024-12-14T10:49:34.305778+00:00'
[2024-12-14T10:49:44.906+0000] {taskinstance.py:430} INFO - ::endgroup::
[2024-12-14T10:49:44.924+0000] {hive.py:475} INFO - USE `default`
[2024-12-14T10:49:45.256+0000] {hive.py:475} INFO - DROP TABLE IF EXISTS default.program_semester
[2024-12-14T10:49:45.921+0000] {hive.py:475} INFO - 
        CREATE TABLE IF NOT EXISTS default.program_semester (
            program_semester_id STRING,program_id STRING,semester_name STRING,total_credit BIGINT,required_credit BIGINT,elective_credit BIGINT   
        )   
        STORED AS PARQUET
        LOCATION '/fit_warehouse/raw/program_semester/*.snappy.parquet'
    
[2024-12-14T10:49:46.423+0000] {hive.py:475} INFO - ANALYZE TABLE default.program_semester COMPUTE STATISTICS
[2024-12-14T10:49:49.009+0000] {python.py:237} INFO - Done. Returned value was: None
[2024-12-14T10:49:49.010+0000] {taskinstance.py:441} INFO - ::group::Post task execution logs
[2024-12-14T10:49:49.024+0000] {taskinstance.py:1206} INFO - Marking task as SUCCESS. dag_id=etl_dimention_data, task_id=load_staging.create_staging_program_semester, run_id=manual__2024-12-14T10:49:34.305778+00:00, execution_date=20241214T104934, start_date=20241214T104944, end_date=20241214T104949
[2024-12-14T10:49:49.068+0000] {local_task_job_runner.py:240} INFO - Task exited with return code 0
[2024-12-14T10:49:49.129+0000] {taskinstance.py:3498} INFO - 0 downstream tasks scheduled from follow-on schedule check
[2024-12-14T10:49:49.132+0000] {local_task_job_runner.py:222} INFO - ::endgroup::
