[2024-12-13T18:58:40.057+0000] {local_task_job_runner.py:120} INFO - ::group::Pre task execution logs
[2024-12-13T18:58:40.119+0000] {taskinstance.py:2076} INFO - Dependencies all met for dep_context=non-requeueable deps ti=<TaskInstance: migration_fit_data.load_staging.create_staging_program manual__2024-12-13T18:58:16.459174+00:00 [queued]>
[2024-12-13T18:58:40.133+0000] {taskinstance.py:2076} INFO - Dependencies all met for dep_context=requeueable deps ti=<TaskInstance: migration_fit_data.load_staging.create_staging_program manual__2024-12-13T18:58:16.459174+00:00 [queued]>
[2024-12-13T18:58:40.133+0000] {taskinstance.py:2306} INFO - Starting attempt 1 of 1
[2024-12-13T18:58:40.241+0000] {taskinstance.py:2330} INFO - Executing <Task(PythonOperator): load_staging.create_staging_program> on 2024-12-13 18:58:16.459174+00:00
[2024-12-13T18:58:40.263+0000] {warnings.py:110} WARNING - /home/***/.local/lib/python3.12/site-packages/***/task/task_runner/standard_task_runner.py:61: DeprecationWarning: This process (pid=4170) is multi-threaded, use of fork() may lead to deadlocks in the child.
  pid = os.fork()

[2024-12-13T18:58:40.266+0000] {standard_task_runner.py:63} INFO - Started process 4204 to run task
[2024-12-13T18:58:40.264+0000] {standard_task_runner.py:90} INFO - Running: ['***', 'tasks', 'run', 'migration_fit_data', 'load_staging.create_staging_program', 'manual__2024-12-13T18:58:16.459174+00:00', '--job-id', '500', '--raw', '--subdir', 'DAGS_FOLDER/elt_migrate.py', '--cfg-path', '/tmp/tmp7gea8dzv']
[2024-12-13T18:58:40.270+0000] {standard_task_runner.py:91} INFO - Job 500: Subtask load_staging.create_staging_program
[2024-12-13T18:58:40.421+0000] {task_command.py:426} INFO - Running <TaskInstance: migration_fit_data.load_staging.create_staging_program manual__2024-12-13T18:58:16.459174+00:00 [running]> on host 1fe973f28a1c
[2024-12-13T18:58:40.679+0000] {taskinstance.py:2648} INFO - Exporting env vars: AIRFLOW_CTX_DAG_OWNER='***' AIRFLOW_CTX_DAG_ID='migration_fit_data' AIRFLOW_CTX_TASK_ID='load_staging.create_staging_program' AIRFLOW_CTX_EXECUTION_DATE='2024-12-13T18:58:16.459174+00:00' AIRFLOW_CTX_TRY_NUMBER='1' AIRFLOW_CTX_DAG_RUN_ID='manual__2024-12-13T18:58:16.459174+00:00'
[2024-12-13T18:58:40.680+0000] {taskinstance.py:430} INFO - ::endgroup::
[2024-12-13T18:58:40.716+0000] {hive.py:475} INFO - USE `default`
[2024-12-13T18:58:41.228+0000] {hive.py:475} INFO - DROP TABLE IF EXISTS default.program
[2024-12-13T18:58:42.704+0000] {hive.py:475} INFO - 
        CREATE TABLE IF NOT EXISTS default.program (
            program_id STRING,class_of STRING   
        )   
        STORED AS PARQUET
        LOCATION '/fit_warehouse/raw/program/*.snappy.parquet'
    
[2024-12-13T18:58:42.846+0000] {hive.py:475} INFO - ANALYZE TABLE default.program COMPUTE STATISTICS
[2024-12-13T18:58:43.772+0000] {python.py:237} INFO - Done. Returned value was: None
[2024-12-13T18:58:43.773+0000] {taskinstance.py:441} INFO - ::group::Post task execution logs
[2024-12-13T18:58:43.783+0000] {taskinstance.py:1206} INFO - Marking task as SUCCESS. dag_id=migration_fit_data, task_id=load_staging.create_staging_program, run_id=manual__2024-12-13T18:58:16.459174+00:00, execution_date=20241213T185816, start_date=20241213T185840, end_date=20241213T185843
[2024-12-13T18:58:43.818+0000] {local_task_job_runner.py:240} INFO - Task exited with return code 0
[2024-12-13T18:58:43.834+0000] {local_task_job_runner.py:222} INFO - ::endgroup::
