[2024-12-14T11:35:01.684+0000] {local_task_job_runner.py:120} INFO - ::group::Pre task execution logs
[2024-12-14T11:35:01.719+0000] {taskinstance.py:2076} INFO - Dependencies all met for dep_context=non-requeueable deps ti=<TaskInstance: etl_instruction_fact_data.get_raw_data.extract_raw_instruction_lecturer manual__2024-12-14T11:34:59.404452+00:00 [queued]>
[2024-12-14T11:35:01.732+0000] {taskinstance.py:2076} INFO - Dependencies all met for dep_context=requeueable deps ti=<TaskInstance: etl_instruction_fact_data.get_raw_data.extract_raw_instruction_lecturer manual__2024-12-14T11:34:59.404452+00:00 [queued]>
[2024-12-14T11:35:01.732+0000] {taskinstance.py:2306} INFO - Starting attempt 1 of 1
[2024-12-14T11:35:01.752+0000] {taskinstance.py:2330} INFO - Executing <Task(PythonOperator): get_raw_data.extract_raw_instruction_lecturer> on 2024-12-14 11:34:59.404452+00:00
[2024-12-14T11:35:01.765+0000] {warnings.py:110} WARNING - /home/***/.local/lib/python3.12/site-packages/***/task/task_runner/standard_task_runner.py:61: DeprecationWarning: This process (pid=891) is multi-threaded, use of fork() may lead to deadlocks in the child.
  pid = os.fork()

[2024-12-14T11:35:01.770+0000] {standard_task_runner.py:63} INFO - Started process 896 to run task
[2024-12-14T11:35:01.774+0000] {standard_task_runner.py:90} INFO - Running: ['***', 'tasks', 'run', 'etl_instruction_fact_data', 'get_raw_data.extract_raw_instruction_lecturer', 'manual__2024-12-14T11:34:59.404452+00:00', '--job-id', '170', '--raw', '--subdir', 'DAGS_FOLDER/elt_instruction_fact.py', '--cfg-path', '/tmp/tmp1ehaof_i']
[2024-12-14T11:35:01.778+0000] {standard_task_runner.py:91} INFO - Job 170: Subtask get_raw_data.extract_raw_instruction_lecturer
[2024-12-14T11:35:01.855+0000] {task_command.py:426} INFO - Running <TaskInstance: etl_instruction_fact_data.get_raw_data.extract_raw_instruction_lecturer manual__2024-12-14T11:34:59.404452+00:00 [running]> on host 472b63b715e1
[2024-12-14T11:35:02.042+0000] {taskinstance.py:2648} INFO - Exporting env vars: AIRFLOW_CTX_DAG_OWNER='***' AIRFLOW_CTX_DAG_ID='etl_instruction_fact_data' AIRFLOW_CTX_TASK_ID='get_raw_data.extract_raw_instruction_lecturer' AIRFLOW_CTX_EXECUTION_DATE='2024-12-14T11:34:59.404452+00:00' AIRFLOW_CTX_TRY_NUMBER='1' AIRFLOW_CTX_DAG_RUN_ID='manual__2024-12-14T11:34:59.404452+00:00'
[2024-12-14T11:35:02.051+0000] {taskinstance.py:430} INFO - ::endgroup::
[2024-12-14T11:35:02.743+0000] {__init__.py:412} INFO - DELETE /fit_warehouse/raw/instruction_lecturer/ recursive=True user.name=default namenode:9870
[2024-12-14T11:35:02.756+0000] {__init__.py:412} INFO - GETFILESTATUS /fit_warehouse/raw/instruction_lecturer/ user.name=default namenode:9870
[2024-12-14T11:35:02.765+0000] {__init__.py:412} INFO - MKDIRS /fit_warehouse/raw/instruction_lecturer/ user.name=default namenode:9870
[2024-12-14T11:35:02.774+0000] {__init__.py:412} INFO - CREATE /fit_warehouse/raw/instruction_lecturer/instruction_lecturer_01.snappy.parquet overwrite=True async_=True user.name=default namenode:9870
[2024-12-14T11:35:02.849+0000] {python.py:237} INFO - Done. Returned value was: None
[2024-12-14T11:35:02.850+0000] {taskinstance.py:441} INFO - ::group::Post task execution logs
[2024-12-14T11:35:02.866+0000] {taskinstance.py:1206} INFO - Marking task as SUCCESS. dag_id=etl_instruction_fact_data, task_id=get_raw_data.extract_raw_instruction_lecturer, run_id=manual__2024-12-14T11:34:59.404452+00:00, execution_date=20241214T113459, start_date=20241214T113501, end_date=20241214T113502
[2024-12-14T11:35:02.916+0000] {local_task_job_runner.py:240} INFO - Task exited with return code 0
[2024-12-14T11:35:02.983+0000] {taskinstance.py:3498} INFO - 2 downstream tasks scheduled from follow-on schedule check
[2024-12-14T11:35:02.988+0000] {local_task_job_runner.py:222} INFO - ::endgroup::
