[2024-12-13T21:26:46.037+0000] {local_task_job_runner.py:120} INFO - ::group::Pre task execution logs
[2024-12-13T21:26:46.932+0000] {taskinstance.py:2076} INFO - Dependencies all met for dep_context=non-requeueable deps ti=<TaskInstance: etl_instruction_fact_data.aggregate_warehouse.aggregate_instruction_aggregate manual__2024-12-13T21:26:31.666375+00:00 [queued]>
[2024-12-13T21:26:46.974+0000] {taskinstance.py:2076} INFO - Dependencies all met for dep_context=requeueable deps ti=<TaskInstance: etl_instruction_fact_data.aggregate_warehouse.aggregate_instruction_aggregate manual__2024-12-13T21:26:31.666375+00:00 [queued]>
[2024-12-13T21:26:46.974+0000] {taskinstance.py:2306} INFO - Starting attempt 1 of 1
[2024-12-13T21:26:47.015+0000] {taskinstance.py:2330} INFO - Executing <Task(PythonOperator): aggregate_warehouse.aggregate_instruction_aggregate> on 2024-12-13 21:26:31.666375+00:00
[2024-12-13T21:26:47.046+0000] {warnings.py:110} WARNING - /home/***/.local/lib/python3.12/site-packages/***/task/task_runner/standard_task_runner.py:61: DeprecationWarning: This process (pid=7401) is multi-threaded, use of fork() may lead to deadlocks in the child.
  pid = os.fork()

[2024-12-13T21:26:47.050+0000] {standard_task_runner.py:63} INFO - Started process 7412 to run task
[2024-12-13T21:26:47.051+0000] {standard_task_runner.py:90} INFO - Running: ['***', 'tasks', 'run', 'etl_instruction_fact_data', 'aggregate_warehouse.aggregate_instruction_aggregate', 'manual__2024-12-13T21:26:31.666375+00:00', '--job-id', '970', '--raw', '--subdir', 'DAGS_FOLDER/elt_instruction_fact.py', '--cfg-path', '/tmp/tmpok3vf2u7']
[2024-12-13T21:26:47.055+0000] {standard_task_runner.py:91} INFO - Job 970: Subtask aggregate_warehouse.aggregate_instruction_aggregate
[2024-12-13T21:26:47.256+0000] {task_command.py:426} INFO - Running <TaskInstance: etl_instruction_fact_data.aggregate_warehouse.aggregate_instruction_aggregate manual__2024-12-13T21:26:31.666375+00:00 [running]> on host 1fe973f28a1c
[2024-12-13T21:26:47.542+0000] {taskinstance.py:2648} INFO - Exporting env vars: AIRFLOW_CTX_DAG_OWNER='***' AIRFLOW_CTX_DAG_ID='etl_instruction_fact_data' AIRFLOW_CTX_TASK_ID='aggregate_warehouse.aggregate_instruction_aggregate' AIRFLOW_CTX_EXECUTION_DATE='2024-12-13T21:26:31.666375+00:00' AIRFLOW_CTX_TRY_NUMBER='1' AIRFLOW_CTX_DAG_RUN_ID='manual__2024-12-13T21:26:31.666375+00:00'
[2024-12-13T21:26:47.546+0000] {taskinstance.py:430} INFO - ::endgroup::
[2024-12-13T21:26:47.594+0000] {hive.py:475} INFO - USE `default`
[2024-12-13T21:26:47.643+0000] {hive.py:475} INFO - CREATE NAMESPACE IF NOT EXISTS iceberg.aggr_warehouse
[2024-12-13T21:26:47.677+0000] {hive.py:475} INFO - DROP TABLE IF EXISTS iceberg.aggr_warehouse.instruction_aggregate
[2024-12-13T21:26:47.816+0000] {hive.py:475} INFO - 
    CREATE OR REPLACE TABLE iceberg.aggr_warehouse.instruction_aggregate
    USING parquet
    AS
    SELECT
        inf.instruction_id,
        c.course_id,
        c.course_name,
        ps.program_id,
        ps.semester_name,
        inf.num_student AS num_students,
        inf.avg_final_score
    FROM
        iceberg.warehouse.instruction_fact inf
    JOIN iceberg.warehouse.course c ON inf.course_id = c.course_id
    JOIN iceberg.warehouse.program_semester ps ON inf.program_semester_id = ps.program_semester_id
    WHERE 
        inf.instruction_status = 'completed';
    
[2024-12-13T21:26:49.251+0000] {__init__.py:412} INFO - DELETE /user/hive/warehouse/aggr_warehouse.db/instruction_aggregate_parquet recursive=True user.name=default namenode:9870
[2024-12-13T21:26:49.298+0000] {hive.py:475} INFO - 
        DROP TABLE IF EXISTS spark_catalog.aggr_warehouse.instruction_aggregate_parquet
    
[2024-12-13T21:26:49.604+0000] {hive.py:475} INFO - 
        CREATE TABLE spark_catalog.aggr_warehouse.instruction_aggregate_parquet
        USING parquet
        AS
        SELECT * FROM iceberg.aggr_warehouse.instruction_aggregate
    
[2024-12-13T21:26:50.540+0000] {python.py:237} INFO - Done. Returned value was: None
[2024-12-13T21:26:50.541+0000] {taskinstance.py:441} INFO - ::group::Post task execution logs
[2024-12-13T21:26:50.563+0000] {taskinstance.py:1206} INFO - Marking task as SUCCESS. dag_id=etl_instruction_fact_data, task_id=aggregate_warehouse.aggregate_instruction_aggregate, run_id=manual__2024-12-13T21:26:31.666375+00:00, execution_date=20241213T212631, start_date=20241213T212646, end_date=20241213T212650
[2024-12-13T21:26:50.655+0000] {local_task_job_runner.py:240} INFO - Task exited with return code 0
[2024-12-13T21:26:50.698+0000] {taskinstance.py:3498} INFO - 0 downstream tasks scheduled from follow-on schedule check
[2024-12-13T21:26:50.700+0000] {local_task_job_runner.py:222} INFO - ::endgroup::
