[2024-12-14T16:35:13.022+0000] {local_task_job_runner.py:120} INFO - ::group::Pre task execution logs
[2024-12-14T16:35:13.060+0000] {taskinstance.py:2076} INFO - Dependencies all met for dep_context=non-requeueable deps ti=<TaskInstance: migration_fit_data.load_staging.create_staging_employee manual__2024-12-14T16:34:48.600629+00:00 [queued]>
[2024-12-14T16:35:13.095+0000] {taskinstance.py:2076} INFO - Dependencies all met for dep_context=requeueable deps ti=<TaskInstance: migration_fit_data.load_staging.create_staging_employee manual__2024-12-14T16:34:48.600629+00:00 [queued]>
[2024-12-14T16:35:13.096+0000] {taskinstance.py:2306} INFO - Starting attempt 1 of 1
[2024-12-14T16:35:13.153+0000] {taskinstance.py:2330} INFO - Executing <Task(PythonOperator): load_staging.create_staging_employee> on 2024-12-14 16:34:48.600629+00:00
[2024-12-14T16:35:13.168+0000] {warnings.py:110} WARNING - /home/***/.local/lib/python3.12/site-packages/***/task/task_runner/standard_task_runner.py:61: DeprecationWarning: This process (pid=4844) is multi-threaded, use of fork() may lead to deadlocks in the child.
  pid = os.fork()

[2024-12-14T16:35:13.171+0000] {standard_task_runner.py:63} INFO - Started process 4873 to run task
[2024-12-14T16:35:13.195+0000] {standard_task_runner.py:90} INFO - Running: ['***', 'tasks', 'run', 'migration_fit_data', 'load_staging.create_staging_employee', 'manual__2024-12-14T16:34:48.600629+00:00', '--job-id', '241', '--raw', '--subdir', 'DAGS_FOLDER/elt_migrate.py', '--cfg-path', '/tmp/tmp5its45bg']
[2024-12-14T16:35:13.207+0000] {standard_task_runner.py:91} INFO - Job 241: Subtask load_staging.create_staging_employee
[2024-12-14T16:35:13.516+0000] {task_command.py:426} INFO - Running <TaskInstance: migration_fit_data.load_staging.create_staging_employee manual__2024-12-14T16:34:48.600629+00:00 [running]> on host 472b63b715e1
[2024-12-14T16:35:14.622+0000] {taskinstance.py:2648} INFO - Exporting env vars: AIRFLOW_CTX_DAG_OWNER='***' AIRFLOW_CTX_DAG_ID='migration_fit_data' AIRFLOW_CTX_TASK_ID='load_staging.create_staging_employee' AIRFLOW_CTX_EXECUTION_DATE='2024-12-14T16:34:48.600629+00:00' AIRFLOW_CTX_TRY_NUMBER='1' AIRFLOW_CTX_DAG_RUN_ID='manual__2024-12-14T16:34:48.600629+00:00'
[2024-12-14T16:35:14.623+0000] {taskinstance.py:430} INFO - ::endgroup::
[2024-12-14T16:35:14.736+0000] {hive.py:475} INFO - USE `default`
[2024-12-14T16:35:15.378+0000] {hive.py:475} INFO - DROP TABLE IF EXISTS default.employee
[2024-12-14T16:35:16.501+0000] {hive.py:475} INFO - 
        CREATE TABLE IF NOT EXISTS default.employee (
            employee_id BIGINT,employee_name STRING,day_of_birth TIMESTAMP,nationality STRING,insurance_id STRING   
        )   
        STORED AS PARQUET
        LOCATION '/fit_warehouse/raw/employee/*.snappy.parquet'
    
[2024-12-14T16:35:16.819+0000] {hive.py:475} INFO - ANALYZE TABLE default.employee COMPUTE STATISTICS
[2024-12-14T16:35:19.473+0000] {python.py:237} INFO - Done. Returned value was: None
[2024-12-14T16:35:19.473+0000] {taskinstance.py:441} INFO - ::group::Post task execution logs
[2024-12-14T16:35:19.497+0000] {taskinstance.py:1206} INFO - Marking task as SUCCESS. dag_id=migration_fit_data, task_id=load_staging.create_staging_employee, run_id=manual__2024-12-14T16:34:48.600629+00:00, execution_date=20241214T163448, start_date=20241214T163513, end_date=20241214T163519
[2024-12-14T16:35:19.652+0000] {local_task_job_runner.py:240} INFO - Task exited with return code 0
[2024-12-14T16:35:19.794+0000] {taskinstance.py:3498} INFO - 0 downstream tasks scheduled from follow-on schedule check
[2024-12-14T16:35:19.799+0000] {local_task_job_runner.py:222} INFO - ::endgroup::
