[2024-12-14T11:26:05.896+0000] {local_task_job_runner.py:120} INFO - ::group::Pre task execution logs
[2024-12-14T11:26:05.952+0000] {taskinstance.py:2076} INFO - Dependencies all met for dep_context=non-requeueable deps ti=<TaskInstance: etl_dimention_data.load_staging.create_staging_course manual__2024-12-14T11:25:56.415936+00:00 [queued]>
[2024-12-14T11:26:05.970+0000] {taskinstance.py:2076} INFO - Dependencies all met for dep_context=requeueable deps ti=<TaskInstance: etl_dimention_data.load_staging.create_staging_course manual__2024-12-14T11:25:56.415936+00:00 [queued]>
[2024-12-14T11:26:05.972+0000] {taskinstance.py:2306} INFO - Starting attempt 1 of 1
[2024-12-14T11:26:05.989+0000] {taskinstance.py:2330} INFO - Executing <Task(PythonOperator): load_staging.create_staging_course> on 2024-12-14 11:25:56.415936+00:00
[2024-12-14T11:26:06.020+0000] {warnings.py:110} WARNING - /home/***/.local/lib/python3.12/site-packages/***/task/task_runner/standard_task_runner.py:61: DeprecationWarning: This process (pid=677) is multi-threaded, use of fork() may lead to deadlocks in the child.
  pid = os.fork()

[2024-12-14T11:26:06.027+0000] {standard_task_runner.py:63} INFO - Started process 691 to run task
[2024-12-14T11:26:06.028+0000] {standard_task_runner.py:90} INFO - Running: ['***', 'tasks', 'run', 'etl_dimention_data', 'load_staging.create_staging_course', 'manual__2024-12-14T11:25:56.415936+00:00', '--job-id', '136', '--raw', '--subdir', 'DAGS_FOLDER/elt_dimention.py', '--cfg-path', '/tmp/tmpvcehsc4s']
[2024-12-14T11:26:06.037+0000] {standard_task_runner.py:91} INFO - Job 136: Subtask load_staging.create_staging_course
[2024-12-14T11:26:06.211+0000] {task_command.py:426} INFO - Running <TaskInstance: etl_dimention_data.load_staging.create_staging_course manual__2024-12-14T11:25:56.415936+00:00 [running]> on host 472b63b715e1
[2024-12-14T11:26:06.479+0000] {taskinstance.py:2648} INFO - Exporting env vars: AIRFLOW_CTX_DAG_OWNER='***' AIRFLOW_CTX_DAG_ID='etl_dimention_data' AIRFLOW_CTX_TASK_ID='load_staging.create_staging_course' AIRFLOW_CTX_EXECUTION_DATE='2024-12-14T11:25:56.415936+00:00' AIRFLOW_CTX_TRY_NUMBER='1' AIRFLOW_CTX_DAG_RUN_ID='manual__2024-12-14T11:25:56.415936+00:00'
[2024-12-14T11:26:06.482+0000] {taskinstance.py:430} INFO - ::endgroup::
[2024-12-14T11:26:06.515+0000] {hive.py:475} INFO - USE `default`
[2024-12-14T11:26:06.825+0000] {hive.py:475} INFO - DROP TABLE IF EXISTS default.course
[2024-12-14T11:26:07.480+0000] {hive.py:475} INFO - 
        CREATE TABLE IF NOT EXISTS default.course (
            course_id BIGINT,course_name STRING,course_code BIGINT,category STRING,total_credit BIGINT,theory_credit BIGINT,practice_credit BIGINT,self_learning_credit BIGINT   
        )   
        STORED AS PARQUET
        LOCATION '/fit_warehouse/raw/course/*.snappy.parquet'
    
[2024-12-14T11:26:07.762+0000] {hive.py:475} INFO - ANALYZE TABLE default.course COMPUTE STATISTICS
[2024-12-14T11:26:10.380+0000] {python.py:237} INFO - Done. Returned value was: None
[2024-12-14T11:26:10.381+0000] {taskinstance.py:441} INFO - ::group::Post task execution logs
[2024-12-14T11:26:10.398+0000] {taskinstance.py:1206} INFO - Marking task as SUCCESS. dag_id=etl_dimention_data, task_id=load_staging.create_staging_course, run_id=manual__2024-12-14T11:25:56.415936+00:00, execution_date=20241214T112556, start_date=20241214T112605, end_date=20241214T112610
[2024-12-14T11:26:10.446+0000] {local_task_job_runner.py:240} INFO - Task exited with return code 0
[2024-12-14T11:26:10.505+0000] {taskinstance.py:3498} INFO - 0 downstream tasks scheduled from follow-on schedule check
[2024-12-14T11:26:10.507+0000] {local_task_job_runner.py:222} INFO - ::endgroup::
