[2024-12-13T18:51:02.903+0000] {local_task_job_runner.py:120} INFO - ::group::Pre task execution logs
[2024-12-13T18:51:03.007+0000] {taskinstance.py:2076} INFO - Dependencies all met for dep_context=non-requeueable deps ti=<TaskInstance: migration_fit_data.get_raw_data.extract_raw_lecturer manual__2024-12-13T18:50:49.660467+00:00 [queued]>
[2024-12-13T18:51:03.028+0000] {taskinstance.py:2076} INFO - Dependencies all met for dep_context=requeueable deps ti=<TaskInstance: migration_fit_data.get_raw_data.extract_raw_lecturer manual__2024-12-13T18:50:49.660467+00:00 [queued]>
[2024-12-13T18:51:03.031+0000] {taskinstance.py:2306} INFO - Starting attempt 1 of 1
[2024-12-13T18:51:03.060+0000] {taskinstance.py:2330} INFO - Executing <Task(PythonOperator): get_raw_data.extract_raw_lecturer> on 2024-12-13 18:50:49.660467+00:00
[2024-12-13T18:51:03.073+0000] {warnings.py:110} WARNING - /home/***/.local/lib/python3.12/site-packages/***/task/task_runner/standard_task_runner.py:61: DeprecationWarning: This process (pid=3615) is multi-threaded, use of fork() may lead to deadlocks in the child.
  pid = os.fork()

[2024-12-13T18:51:03.078+0000] {standard_task_runner.py:63} INFO - Started process 3652 to run task
[2024-12-13T18:51:03.078+0000] {standard_task_runner.py:90} INFO - Running: ['***', 'tasks', 'run', 'migration_fit_data', 'get_raw_data.extract_raw_lecturer', 'manual__2024-12-13T18:50:49.660467+00:00', '--job-id', '359', '--raw', '--subdir', 'DAGS_FOLDER/elt_migrate.py', '--cfg-path', '/tmp/tmpyeqms4tk']
[2024-12-13T18:51:03.083+0000] {standard_task_runner.py:91} INFO - Job 359: Subtask get_raw_data.extract_raw_lecturer
[2024-12-13T18:51:03.335+0000] {task_command.py:426} INFO - Running <TaskInstance: migration_fit_data.get_raw_data.extract_raw_lecturer manual__2024-12-13T18:50:49.660467+00:00 [running]> on host 1fe973f28a1c
[2024-12-13T18:51:03.575+0000] {taskinstance.py:2648} INFO - Exporting env vars: AIRFLOW_CTX_DAG_OWNER='***' AIRFLOW_CTX_DAG_ID='migration_fit_data' AIRFLOW_CTX_TASK_ID='get_raw_data.extract_raw_lecturer' AIRFLOW_CTX_EXECUTION_DATE='2024-12-13T18:50:49.660467+00:00' AIRFLOW_CTX_TRY_NUMBER='1' AIRFLOW_CTX_DAG_RUN_ID='manual__2024-12-13T18:50:49.660467+00:00'
[2024-12-13T18:51:03.578+0000] {taskinstance.py:430} INFO - ::endgroup::
[2024-12-13T18:51:04.365+0000] {__init__.py:412} INFO - DELETE /fit_warehouse/raw/lecturer/ recursive=True user.name=default namenode:9870
[2024-12-13T18:51:04.373+0000] {__init__.py:412} INFO - GETFILESTATUS /fit_warehouse/raw/lecturer/ user.name=default namenode:9870
[2024-12-13T18:51:04.378+0000] {__init__.py:412} INFO - MKDIRS /fit_warehouse/raw/lecturer/ user.name=default namenode:9870
[2024-12-13T18:51:04.383+0000] {__init__.py:412} INFO - CREATE /fit_warehouse/raw/lecturer/lecturer_01.snappy.parquet overwrite=True async_=True user.name=default namenode:9870
[2024-12-13T18:51:04.415+0000] {python.py:237} INFO - Done. Returned value was: None
[2024-12-13T18:51:04.416+0000] {taskinstance.py:441} INFO - ::group::Post task execution logs
[2024-12-13T18:51:04.425+0000] {taskinstance.py:1206} INFO - Marking task as SUCCESS. dag_id=migration_fit_data, task_id=get_raw_data.extract_raw_lecturer, run_id=manual__2024-12-13T18:50:49.660467+00:00, execution_date=20241213T185049, start_date=20241213T185103, end_date=20241213T185104
[2024-12-13T18:51:04.442+0000] {local_task_job_runner.py:240} INFO - Task exited with return code 0
[2024-12-13T18:51:04.451+0000] {local_task_job_runner.py:222} INFO - ::endgroup::
