[2024-12-19T04:27:22.003+0000] {local_task_job_runner.py:120} INFO - ::group::Pre task execution logs
[2024-12-19T04:27:22.204+0000] {taskinstance.py:2076} INFO - Dependencies all met for dep_context=non-requeueable deps ti=<TaskInstance: ELT_instruction_fact_data.aggregate_warehouse.aggregate_score_distribution manual__2024-12-19T04:25:50.989861+00:00 [queued]>
[2024-12-19T04:27:22.284+0000] {taskinstance.py:2076} INFO - Dependencies all met for dep_context=requeueable deps ti=<TaskInstance: ELT_instruction_fact_data.aggregate_warehouse.aggregate_score_distribution manual__2024-12-19T04:25:50.989861+00:00 [queued]>
[2024-12-19T04:27:22.284+0000] {taskinstance.py:2306} INFO - Starting attempt 1 of 1
[2024-12-19T04:27:22.382+0000] {taskinstance.py:2330} INFO - Executing <Task(PythonOperator): aggregate_warehouse.aggregate_score_distribution> on 2024-12-19 04:25:50.989861+00:00
[2024-12-19T04:27:22.400+0000] {warnings.py:110} WARNING - /home/***/.local/lib/python3.12/site-packages/***/task/task_runner/standard_task_runner.py:61: DeprecationWarning: This process (pid=8475) is multi-threaded, use of fork() may lead to deadlocks in the child.
  pid = os.fork()

[2024-12-19T04:27:22.403+0000] {standard_task_runner.py:63} INFO - Started process 8494 to run task
[2024-12-19T04:27:22.405+0000] {standard_task_runner.py:90} INFO - Running: ['***', 'tasks', 'run', 'ELT_instruction_fact_data', 'aggregate_warehouse.aggregate_score_distribution', 'manual__2024-12-19T04:25:50.989861+00:00', '--job-id', '1207', '--raw', '--subdir', 'DAGS_FOLDER/elt_instruction_fact.py', '--cfg-path', '/tmp/tmpnvxvjpeu']
[2024-12-19T04:27:22.411+0000] {standard_task_runner.py:91} INFO - Job 1207: Subtask aggregate_warehouse.aggregate_score_distribution
[2024-12-19T04:27:22.556+0000] {task_command.py:426} INFO - Running <TaskInstance: ELT_instruction_fact_data.aggregate_warehouse.aggregate_score_distribution manual__2024-12-19T04:25:50.989861+00:00 [running]> on host 33a17f71e955
[2024-12-19T04:27:22.801+0000] {taskinstance.py:2648} INFO - Exporting env vars: AIRFLOW_CTX_DAG_OWNER='***' AIRFLOW_CTX_DAG_ID='ELT_instruction_fact_data' AIRFLOW_CTX_TASK_ID='aggregate_warehouse.aggregate_score_distribution' AIRFLOW_CTX_EXECUTION_DATE='2024-12-19T04:25:50.989861+00:00' AIRFLOW_CTX_TRY_NUMBER='1' AIRFLOW_CTX_DAG_RUN_ID='manual__2024-12-19T04:25:50.989861+00:00'
[2024-12-19T04:27:22.807+0000] {taskinstance.py:430} INFO - ::endgroup::
[2024-12-19T04:27:22.831+0000] {hive.py:475} INFO - USE `default`
[2024-12-19T04:27:22.894+0000] {hive.py:475} INFO - CREATE NAMESPACE IF NOT EXISTS iceberg.aggr_warehouse
[2024-12-19T04:27:22.944+0000] {hive.py:475} INFO - DROP TABLE IF EXISTS iceberg.aggr_warehouse.score_distribution
[2024-12-19T04:27:23.067+0000] {hive.py:475} INFO - 
    CREATE OR REPLACE TABLE iceberg.aggr_warehouse.score_distribution
    USING parquet
    AS
    SELECT
        c.course_id,
        c.course_name,
        ps.program_id,
        ps.semester_name,
        sf.academic_rank,
        COUNT(*) AS num_students_with_rank
    FROM
        iceberg.warehouse.score_fact sf
    JOIN iceberg.warehouse.instruction_fact inf 
        ON sf.instruction_id = inf.instruction_id
    JOIN iceberg.warehouse.course c 
        ON inf.course_id = c.course_id
    JOIN iceberg.warehouse.program_semester ps 
        ON inf.program_semester_id = ps.program_semester_id
    GROUP BY
        c.course_id,
        c.course_name,
        ps.program_id,
        ps.semester_name,
        sf.academic_rank;
    
[2024-12-19T04:27:37.081+0000] {__init__.py:412} INFO - DELETE /user/hive/warehouse/aggr_warehouse.db/score_distribution_parquet recursive=True user.name=default namenode:9870
[2024-12-19T04:27:37.245+0000] {hive.py:475} INFO - 
        DROP TABLE IF EXISTS spark_catalog.aggr_warehouse.score_distribution_parquet
    
[2024-12-19T04:27:43.988+0000] {hive.py:475} INFO - 
        CREATE TABLE spark_catalog.aggr_warehouse.score_distribution_parquet
        USING parquet
        AS
        SELECT * FROM iceberg.aggr_warehouse.score_distribution
    
[2024-12-19T04:27:49.284+0000] {python.py:237} INFO - Done. Returned value was: None
[2024-12-19T04:27:49.291+0000] {taskinstance.py:441} INFO - ::group::Post task execution logs
[2024-12-19T04:27:49.433+0000] {taskinstance.py:1206} INFO - Marking task as SUCCESS. dag_id=ELT_instruction_fact_data, task_id=aggregate_warehouse.aggregate_score_distribution, run_id=manual__2024-12-19T04:25:50.989861+00:00, execution_date=20241219T042550, start_date=20241219T042722, end_date=20241219T042749
[2024-12-19T04:27:49.976+0000] {local_task_job_runner.py:240} INFO - Task exited with return code 0
[2024-12-19T04:27:50.272+0000] {taskinstance.py:3498} INFO - 0 downstream tasks scheduled from follow-on schedule check
[2024-12-19T04:27:50.298+0000] {local_task_job_runner.py:222} INFO - ::endgroup::
