[2024-12-17T05:31:41.008+0000] {local_task_job_runner.py:120} INFO - ::group::Pre task execution logs
[2024-12-17T05:31:41.537+0000] {taskinstance.py:2076} INFO - Dependencies all met for dep_context=non-requeueable deps ti=<TaskInstance: migration_fit_data.load_staging.create_staging_program manual__2024-12-17T05:30:38.897078+00:00 [queued]>
[2024-12-17T05:31:41.741+0000] {taskinstance.py:2076} INFO - Dependencies all met for dep_context=requeueable deps ti=<TaskInstance: migration_fit_data.load_staging.create_staging_program manual__2024-12-17T05:30:38.897078+00:00 [queued]>
[2024-12-17T05:31:41.741+0000] {taskinstance.py:2306} INFO - Starting attempt 1 of 1
[2024-12-17T05:31:41.894+0000] {taskinstance.py:2330} INFO - Executing <Task(PythonOperator): load_staging.create_staging_program> on 2024-12-17 05:30:38.897078+00:00
[2024-12-17T05:31:41.988+0000] {warnings.py:110} WARNING - /home/***/.local/lib/python3.12/site-packages/***/task/task_runner/standard_task_runner.py:61: DeprecationWarning: This process (pid=38273) is multi-threaded, use of fork() may lead to deadlocks in the child.
  pid = os.fork()

[2024-12-17T05:31:42.013+0000] {standard_task_runner.py:63} INFO - Started process 38308 to run task
[2024-12-17T05:31:42.012+0000] {standard_task_runner.py:90} INFO - Running: ['***', 'tasks', 'run', 'migration_fit_data', 'load_staging.create_staging_program', 'manual__2024-12-17T05:30:38.897078+00:00', '--job-id', '921', '--raw', '--subdir', 'DAGS_FOLDER/elt_migrate.py', '--cfg-path', '/tmp/tmp2538dgmk']
[2024-12-17T05:31:42.040+0000] {standard_task_runner.py:91} INFO - Job 921: Subtask load_staging.create_staging_program
[2024-12-17T05:31:42.462+0000] {task_command.py:426} INFO - Running <TaskInstance: migration_fit_data.load_staging.create_staging_program manual__2024-12-17T05:30:38.897078+00:00 [running]> on host 2f4e9c743994
[2024-12-17T05:31:43.037+0000] {taskinstance.py:2648} INFO - Exporting env vars: AIRFLOW_CTX_DAG_OWNER='***' AIRFLOW_CTX_DAG_ID='migration_fit_data' AIRFLOW_CTX_TASK_ID='load_staging.create_staging_program' AIRFLOW_CTX_EXECUTION_DATE='2024-12-17T05:30:38.897078+00:00' AIRFLOW_CTX_TRY_NUMBER='1' AIRFLOW_CTX_DAG_RUN_ID='manual__2024-12-17T05:30:38.897078+00:00'
[2024-12-17T05:31:43.038+0000] {taskinstance.py:430} INFO - ::endgroup::
[2024-12-17T05:31:43.101+0000] {hive.py:475} INFO - USE `default`
[2024-12-17T05:31:43.971+0000] {hive.py:475} INFO - DROP TABLE IF EXISTS default.program
[2024-12-17T05:31:48.245+0000] {hive.py:475} INFO - 
        CREATE TABLE IF NOT EXISTS default.program (
            program_id STRING,class_of STRING   
        )   
        STORED AS PARQUET
        LOCATION '/fit_warehouse/raw/program/*.snappy.parquet'
    
[2024-12-17T05:31:49.212+0000] {hive.py:475} INFO - ANALYZE TABLE default.program COMPUTE STATISTICS
[2024-12-17T05:31:51.588+0000] {python.py:237} INFO - Done. Returned value was: None
[2024-12-17T05:31:51.597+0000] {taskinstance.py:441} INFO - ::group::Post task execution logs
[2024-12-17T05:31:51.707+0000] {taskinstance.py:1206} INFO - Marking task as SUCCESS. dag_id=migration_fit_data, task_id=load_staging.create_staging_program, run_id=manual__2024-12-17T05:30:38.897078+00:00, execution_date=20241217T053038, start_date=20241217T053141, end_date=20241217T053151
[2024-12-17T05:31:51.844+0000] {local_task_job_runner.py:240} INFO - Task exited with return code 0
[2024-12-17T05:31:51.986+0000] {taskinstance.py:3498} INFO - 14 downstream tasks scheduled from follow-on schedule check
[2024-12-17T05:31:51.988+0000] {local_task_job_runner.py:222} INFO - ::endgroup::
