[2024-12-14T11:26:14.253+0000] {local_task_job_runner.py:120} INFO - ::group::Pre task execution logs
[2024-12-14T11:26:14.336+0000] {taskinstance.py:2076} INFO - Dependencies all met for dep_context=non-requeueable deps ti=<TaskInstance: etl_dimention_data.insert_warehouse.insert_dwh_lecturer manual__2024-12-14T11:25:56.415936+00:00 [queued]>
[2024-12-14T11:26:14.361+0000] {taskinstance.py:2076} INFO - Dependencies all met for dep_context=requeueable deps ti=<TaskInstance: etl_dimention_data.insert_warehouse.insert_dwh_lecturer manual__2024-12-14T11:25:56.415936+00:00 [queued]>
[2024-12-14T11:26:14.362+0000] {taskinstance.py:2306} INFO - Starting attempt 1 of 1
[2024-12-14T11:26:14.376+0000] {taskinstance.py:2330} INFO - Executing <Task(PythonOperator): insert_warehouse.insert_dwh_lecturer> on 2024-12-14 11:25:56.415936+00:00
[2024-12-14T11:26:14.418+0000] {warnings.py:110} WARNING - /home/***/.local/lib/python3.12/site-packages/***/task/task_runner/standard_task_runner.py:61: DeprecationWarning: This process (pid=703) is multi-threaded, use of fork() may lead to deadlocks in the child.
  pid = os.fork()

[2024-12-14T11:26:14.426+0000] {standard_task_runner.py:63} INFO - Started process 723 to run task
[2024-12-14T11:26:14.429+0000] {standard_task_runner.py:90} INFO - Running: ['***', 'tasks', 'run', 'etl_dimention_data', 'insert_warehouse.insert_dwh_lecturer', 'manual__2024-12-14T11:25:56.415936+00:00', '--job-id', '145', '--raw', '--subdir', 'DAGS_FOLDER/elt_dimention.py', '--cfg-path', '/tmp/tmpgwy59lhz']
[2024-12-14T11:26:14.432+0000] {standard_task_runner.py:91} INFO - Job 145: Subtask insert_warehouse.insert_dwh_lecturer
[2024-12-14T11:26:14.601+0000] {task_command.py:426} INFO - Running <TaskInstance: etl_dimention_data.insert_warehouse.insert_dwh_lecturer manual__2024-12-14T11:25:56.415936+00:00 [running]> on host 472b63b715e1
[2024-12-14T11:26:14.868+0000] {taskinstance.py:2648} INFO - Exporting env vars: AIRFLOW_CTX_DAG_OWNER='***' AIRFLOW_CTX_DAG_ID='etl_dimention_data' AIRFLOW_CTX_TASK_ID='insert_warehouse.insert_dwh_lecturer' AIRFLOW_CTX_EXECUTION_DATE='2024-12-14T11:25:56.415936+00:00' AIRFLOW_CTX_TRY_NUMBER='1' AIRFLOW_CTX_DAG_RUN_ID='manual__2024-12-14T11:25:56.415936+00:00'
[2024-12-14T11:26:14.874+0000] {taskinstance.py:430} INFO - ::endgroup::
[2024-12-14T11:26:14.928+0000] {hive.py:475} INFO - USE `default`
[2024-12-14T11:26:14.997+0000] {hive.py:475} INFO - SELECT COUNT(*) FROM default.lecturer
[2024-12-14T11:26:15.988+0000] {logging_mixin.py:188} INFO - SELECT COUNT(*) FROM default.lecturer --- 0
[2024-12-14T11:26:15.988+0000] {logging_mixin.py:188} INFO - STAGING HAS NO DATA, SKIPPING...
[2024-12-14T11:26:15.989+0000] {python.py:237} INFO - Done. Returned value was: None
[2024-12-14T11:26:15.992+0000] {taskinstance.py:441} INFO - ::group::Post task execution logs
[2024-12-14T11:26:16.013+0000] {taskinstance.py:1206} INFO - Marking task as SUCCESS. dag_id=etl_dimention_data, task_id=insert_warehouse.insert_dwh_lecturer, run_id=manual__2024-12-14T11:25:56.415936+00:00, execution_date=20241214T112556, start_date=20241214T112614, end_date=20241214T112616
[2024-12-14T11:26:16.082+0000] {local_task_job_runner.py:240} INFO - Task exited with return code 0
[2024-12-14T11:26:16.184+0000] {taskinstance.py:3498} INFO - 0 downstream tasks scheduled from follow-on schedule check
[2024-12-14T11:26:16.187+0000] {local_task_job_runner.py:222} INFO - ::endgroup::
