[2024-12-17T04:04:34.940+0000] {local_task_job_runner.py:120} INFO - ::group::Pre task execution logs
[2024-12-17T04:04:35.611+0000] {taskinstance.py:2076} INFO - Dependencies all met for dep_context=non-requeueable deps ti=<TaskInstance: migration_fit_data.get_raw_data.extract_raw_course manual__2024-12-17T04:04:13.440119+00:00 [queued]>
[2024-12-17T04:04:35.860+0000] {taskinstance.py:2076} INFO - Dependencies all met for dep_context=requeueable deps ti=<TaskInstance: migration_fit_data.get_raw_data.extract_raw_course manual__2024-12-17T04:04:13.440119+00:00 [queued]>
[2024-12-17T04:04:35.863+0000] {taskinstance.py:2306} INFO - Starting attempt 1 of 1
[2024-12-17T04:04:36.134+0000] {taskinstance.py:2330} INFO - Executing <Task(PythonOperator): get_raw_data.extract_raw_course> on 2024-12-17 04:04:13.440119+00:00
[2024-12-17T04:04:36.201+0000] {warnings.py:110} WARNING - /home/***/.local/lib/python3.12/site-packages/***/task/task_runner/standard_task_runner.py:61: DeprecationWarning: This process (pid=36629) is multi-threaded, use of fork() may lead to deadlocks in the child.
  pid = os.fork()

[2024-12-17T04:04:36.216+0000] {standard_task_runner.py:63} INFO - Started process 36669 to run task
[2024-12-17T04:04:36.248+0000] {standard_task_runner.py:90} INFO - Running: ['***', 'tasks', 'run', 'migration_fit_data', 'get_raw_data.extract_raw_course', 'manual__2024-12-17T04:04:13.440119+00:00', '--job-id', '740', '--raw', '--subdir', 'DAGS_FOLDER/elt_migrate.py', '--cfg-path', '/tmp/tmpwrrkukkl']
[2024-12-17T04:04:36.335+0000] {standard_task_runner.py:91} INFO - Job 740: Subtask get_raw_data.extract_raw_course
[2024-12-17T04:04:37.034+0000] {task_command.py:426} INFO - Running <TaskInstance: migration_fit_data.get_raw_data.extract_raw_course manual__2024-12-17T04:04:13.440119+00:00 [running]> on host 2f4e9c743994
[2024-12-17T04:04:38.304+0000] {taskinstance.py:2648} INFO - Exporting env vars: AIRFLOW_CTX_DAG_OWNER='***' AIRFLOW_CTX_DAG_ID='migration_fit_data' AIRFLOW_CTX_TASK_ID='get_raw_data.extract_raw_course' AIRFLOW_CTX_EXECUTION_DATE='2024-12-17T04:04:13.440119+00:00' AIRFLOW_CTX_TRY_NUMBER='1' AIRFLOW_CTX_DAG_RUN_ID='manual__2024-12-17T04:04:13.440119+00:00'
[2024-12-17T04:04:38.305+0000] {taskinstance.py:430} INFO - ::endgroup::
[2024-12-17T04:04:39.451+0000] {__init__.py:412} INFO - DELETE /fit_warehouse/raw/course/ recursive=True user.name=default namenode:9870
[2024-12-17T04:04:39.544+0000] {__init__.py:412} INFO - GETFILESTATUS /fit_warehouse/raw/course/ user.name=default namenode:9870
[2024-12-17T04:04:39.613+0000] {__init__.py:412} INFO - MKDIRS /fit_warehouse/raw/course/ user.name=default namenode:9870
[2024-12-17T04:04:39.663+0000] {__init__.py:412} INFO - CREATE /fit_warehouse/raw/course/course_01.snappy.parquet overwrite=True async_=True user.name=default namenode:9870
[2024-12-17T04:04:40.281+0000] {python.py:237} INFO - Done. Returned value was: None
[2024-12-17T04:04:40.289+0000] {taskinstance.py:441} INFO - ::group::Post task execution logs
[2024-12-17T04:04:40.441+0000] {taskinstance.py:1206} INFO - Marking task as SUCCESS. dag_id=migration_fit_data, task_id=get_raw_data.extract_raw_course, run_id=manual__2024-12-17T04:04:13.440119+00:00, execution_date=20241217T040413, start_date=20241217T040435, end_date=20241217T040440
[2024-12-17T04:04:40.703+0000] {local_task_job_runner.py:240} INFO - Task exited with return code 0
[2024-12-17T04:04:40.875+0000] {local_task_job_runner.py:222} INFO - ::endgroup::
