[2024-12-17T13:11:20.980+0000] {local_task_job_runner.py:120} INFO - ::group::Pre task execution logs
[2024-12-17T13:11:21.057+0000] {taskinstance.py:2076} INFO - Dependencies all met for dep_context=non-requeueable deps ti=<TaskInstance: etl_score_fact_data.aggregate_warehouse.aggregate_lecturer_performance manual__2024-12-17T13:10:41.801287+00:00 [queued]>
[2024-12-17T13:11:21.101+0000] {taskinstance.py:2076} INFO - Dependencies all met for dep_context=requeueable deps ti=<TaskInstance: etl_score_fact_data.aggregate_warehouse.aggregate_lecturer_performance manual__2024-12-17T13:10:41.801287+00:00 [queued]>
[2024-12-17T13:11:21.104+0000] {taskinstance.py:2306} INFO - Starting attempt 1 of 1
[2024-12-17T13:11:21.196+0000] {taskinstance.py:2330} INFO - Executing <Task(PythonOperator): aggregate_warehouse.aggregate_lecturer_performance> on 2024-12-17 13:10:41.801287+00:00
[2024-12-17T13:11:21.251+0000] {warnings.py:110} WARNING - /home/***/.local/lib/python3.12/site-packages/***/task/task_runner/standard_task_runner.py:61: DeprecationWarning: This process (pid=44148) is multi-threaded, use of fork() may lead to deadlocks in the child.
  pid = os.fork()

[2024-12-17T13:11:21.272+0000] {standard_task_runner.py:63} INFO - Started process 44162 to run task
[2024-12-17T13:11:21.274+0000] {standard_task_runner.py:90} INFO - Running: ['***', 'tasks', 'run', 'etl_score_fact_data', 'aggregate_warehouse.aggregate_lecturer_performance', 'manual__2024-12-17T13:10:41.801287+00:00', '--job-id', '1023', '--raw', '--subdir', 'DAGS_FOLDER/elt_score_fact.py', '--cfg-path', '/tmp/tmp8w9tjibv']
[2024-12-17T13:11:21.290+0000] {standard_task_runner.py:91} INFO - Job 1023: Subtask aggregate_warehouse.aggregate_lecturer_performance
[2024-12-17T13:11:21.434+0000] {task_command.py:426} INFO - Running <TaskInstance: etl_score_fact_data.aggregate_warehouse.aggregate_lecturer_performance manual__2024-12-17T13:10:41.801287+00:00 [running]> on host 2f4e9c743994
[2024-12-17T13:11:21.843+0000] {taskinstance.py:2648} INFO - Exporting env vars: AIRFLOW_CTX_DAG_OWNER='***' AIRFLOW_CTX_DAG_ID='etl_score_fact_data' AIRFLOW_CTX_TASK_ID='aggregate_warehouse.aggregate_lecturer_performance' AIRFLOW_CTX_EXECUTION_DATE='2024-12-17T13:10:41.801287+00:00' AIRFLOW_CTX_TRY_NUMBER='1' AIRFLOW_CTX_DAG_RUN_ID='manual__2024-12-17T13:10:41.801287+00:00'
[2024-12-17T13:11:21.849+0000] {taskinstance.py:430} INFO - ::endgroup::
[2024-12-17T13:11:21.882+0000] {hive.py:475} INFO - USE `default`
[2024-12-17T13:11:22.165+0000] {hive.py:475} INFO - CREATE NAMESPACE IF NOT EXISTS iceberg.aggr_warehouse
[2024-12-17T13:11:22.392+0000] {hive.py:475} INFO - DROP TABLE IF EXISTS iceberg.aggr_warehouse.lecturer_performance
[2024-12-17T13:11:22.835+0000] {hive.py:475} INFO - 
    CREATE OR REPLACE TABLE iceberg.aggr_warehouse.lecturer_performance
    USING parquet
    AS
    SELECT
        l.lecturer_id,
        e.employee_name AS lecturer_name,
        c.course_id,
        c.course_name,
        ps.semester_name,
        COUNT(DISTINCT inf.instruction_id) AS num_classes_taught,
        AVG(sf.final_score) AS average_class_score
    FROM
        iceberg.warehouse.lecturer l
    JOIN iceberg.warehouse.employee e ON l.employee_id = e.employee_id
    JOIN iceberg.warehouse.instruction_lecturer il ON l.lecturer_id = il.lecturer_id
    JOIN iceberg.warehouse.instruction_fact inf ON il.instruction_id = inf.instruction_id
    JOIN iceberg.warehouse.course c ON inf.course_id = c.course_id
    JOIN iceberg.warehouse.program_semester ps ON inf.program_semester_id = ps.program_semester_id
    JOIN iceberg.warehouse.score_fact sf ON sf.instruction_id = inf.instruction_id
    WHERE 
        inf.instruction_status = 'completed'
    GROUP BY
        l.lecturer_id,
        e.employee_name,
        c.course_id,
        c.course_name,
        ps.semester_name;
    
[2024-12-17T13:11:33.594+0000] {__init__.py:412} INFO - DELETE /user/hive/warehouse/aggr_warehouse.db/lecturer_performance_parquet recursive=True user.name=default namenode:9870
[2024-12-17T13:11:33.633+0000] {hive.py:475} INFO - 
        DROP TABLE IF EXISTS spark_catalog.aggr_warehouse.lecturer_performance_parquet
    
[2024-12-17T13:11:34.124+0000] {hive.py:475} INFO - 
        CREATE TABLE spark_catalog.aggr_warehouse.lecturer_performance_parquet
        USING parquet
        AS
        SELECT * FROM iceberg.aggr_warehouse.lecturer_performance
    
[2024-12-17T13:11:35.530+0000] {python.py:237} INFO - Done. Returned value was: None
[2024-12-17T13:11:35.532+0000] {taskinstance.py:441} INFO - ::group::Post task execution logs
[2024-12-17T13:11:35.566+0000] {taskinstance.py:1206} INFO - Marking task as SUCCESS. dag_id=etl_score_fact_data, task_id=aggregate_warehouse.aggregate_lecturer_performance, run_id=manual__2024-12-17T13:10:41.801287+00:00, execution_date=20241217T131041, start_date=20241217T131121, end_date=20241217T131135
[2024-12-17T13:11:35.715+0000] {local_task_job_runner.py:240} INFO - Task exited with return code 0
[2024-12-17T13:11:35.768+0000] {taskinstance.py:3498} INFO - 0 downstream tasks scheduled from follow-on schedule check
[2024-12-17T13:11:35.771+0000] {local_task_job_runner.py:222} INFO - ::endgroup::
