[2024-12-14T11:26:14.171+0000] {local_task_job_runner.py:120} INFO - ::group::Pre task execution logs
[2024-12-14T11:26:14.214+0000] {taskinstance.py:2076} INFO - Dependencies all met for dep_context=non-requeueable deps ti=<TaskInstance: etl_dimention_data.insert_warehouse.insert_dwh_program manual__2024-12-14T11:25:56.415936+00:00 [queued]>
[2024-12-14T11:26:14.242+0000] {taskinstance.py:2076} INFO - Dependencies all met for dep_context=requeueable deps ti=<TaskInstance: etl_dimention_data.insert_warehouse.insert_dwh_program manual__2024-12-14T11:25:56.415936+00:00 [queued]>
[2024-12-14T11:26:14.242+0000] {taskinstance.py:2306} INFO - Starting attempt 1 of 1
[2024-12-14T11:26:14.341+0000] {taskinstance.py:2330} INFO - Executing <Task(PythonOperator): insert_warehouse.insert_dwh_program> on 2024-12-14 11:25:56.415936+00:00
[2024-12-14T11:26:14.385+0000] {warnings.py:110} WARNING - /home/***/.local/lib/python3.12/site-packages/***/task/task_runner/standard_task_runner.py:61: DeprecationWarning: This process (pid=700) is multi-threaded, use of fork() may lead to deadlocks in the child.
  pid = os.fork()

[2024-12-14T11:26:14.386+0000] {standard_task_runner.py:63} INFO - Started process 722 to run task
[2024-12-14T11:26:14.399+0000] {standard_task_runner.py:90} INFO - Running: ['***', 'tasks', 'run', 'etl_dimention_data', 'insert_warehouse.insert_dwh_program', 'manual__2024-12-14T11:25:56.415936+00:00', '--job-id', '144', '--raw', '--subdir', 'DAGS_FOLDER/elt_dimention.py', '--cfg-path', '/tmp/tmpgtjq4mq9']
[2024-12-14T11:26:14.410+0000] {standard_task_runner.py:91} INFO - Job 144: Subtask insert_warehouse.insert_dwh_program
[2024-12-14T11:26:14.684+0000] {task_command.py:426} INFO - Running <TaskInstance: etl_dimention_data.insert_warehouse.insert_dwh_program manual__2024-12-14T11:25:56.415936+00:00 [running]> on host 472b63b715e1
[2024-12-14T11:26:15.111+0000] {taskinstance.py:2648} INFO - Exporting env vars: AIRFLOW_CTX_DAG_OWNER='***' AIRFLOW_CTX_DAG_ID='etl_dimention_data' AIRFLOW_CTX_TASK_ID='insert_warehouse.insert_dwh_program' AIRFLOW_CTX_EXECUTION_DATE='2024-12-14T11:25:56.415936+00:00' AIRFLOW_CTX_TRY_NUMBER='1' AIRFLOW_CTX_DAG_RUN_ID='manual__2024-12-14T11:25:56.415936+00:00'
[2024-12-14T11:26:15.112+0000] {taskinstance.py:430} INFO - ::endgroup::
[2024-12-14T11:26:15.172+0000] {hive.py:475} INFO - USE `default`
[2024-12-14T11:26:15.357+0000] {hive.py:475} INFO - SELECT COUNT(*) FROM default.program
[2024-12-14T11:26:16.570+0000] {logging_mixin.py:188} INFO - SELECT COUNT(*) FROM default.program --- 2
[2024-12-14T11:26:16.595+0000] {hive.py:475} INFO - 
            MERGE INTO iceberg.warehouse.program t
            USING default.program s
            ON t.program_id=s.program_id
            WHEN MATCHED 
                THEN UPDATE SET 
                t.program_id=s.program_id,t.class_of=s.class_of
            WHEN NOT MATCHED 
                THEN INSERT *
        
[2024-12-14T11:26:20.672+0000] {python.py:237} INFO - Done. Returned value was: None
[2024-12-14T11:26:20.672+0000] {taskinstance.py:441} INFO - ::group::Post task execution logs
[2024-12-14T11:26:20.695+0000] {taskinstance.py:1206} INFO - Marking task as SUCCESS. dag_id=etl_dimention_data, task_id=insert_warehouse.insert_dwh_program, run_id=manual__2024-12-14T11:25:56.415936+00:00, execution_date=20241214T112556, start_date=20241214T112614, end_date=20241214T112620
[2024-12-14T11:26:20.788+0000] {local_task_job_runner.py:240} INFO - Task exited with return code 0
[2024-12-14T11:26:20.860+0000] {taskinstance.py:3498} INFO - 0 downstream tasks scheduled from follow-on schedule check
[2024-12-14T11:26:20.862+0000] {local_task_job_runner.py:222} INFO - ::endgroup::
