[2024-12-15T04:27:21.512+0000] {local_task_job_runner.py:120} INFO - ::group::Pre task execution logs
[2024-12-15T04:27:21.555+0000] {taskinstance.py:2076} INFO - Dependencies all met for dep_context=non-requeueable deps ti=<TaskInstance: etl_instruction_fact_data.insert_warehouse.insert_dwh_instruction_fact manual__2024-12-15T04:27:12.445474+00:00 [queued]>
[2024-12-15T04:27:21.565+0000] {taskinstance.py:2076} INFO - Dependencies all met for dep_context=requeueable deps ti=<TaskInstance: etl_instruction_fact_data.insert_warehouse.insert_dwh_instruction_fact manual__2024-12-15T04:27:12.445474+00:00 [queued]>
[2024-12-15T04:27:21.566+0000] {taskinstance.py:2306} INFO - Starting attempt 1 of 1
[2024-12-15T04:27:21.596+0000] {taskinstance.py:2330} INFO - Executing <Task(PythonOperator): insert_warehouse.insert_dwh_instruction_fact> on 2024-12-15 04:27:12.445474+00:00
[2024-12-15T04:27:21.652+0000] {standard_task_runner.py:90} INFO - Running: ['***', 'tasks', 'run', 'etl_instruction_fact_data', 'insert_warehouse.insert_dwh_instruction_fact', 'manual__2024-12-15T04:27:12.445474+00:00', '--job-id', '439', '--raw', '--subdir', 'DAGS_FOLDER/elt_instruction_fact.py', '--cfg-path', '/tmp/tmp93575j7g']
[2024-12-15T04:27:21.663+0000] {standard_task_runner.py:91} INFO - Job 439: Subtask insert_warehouse.insert_dwh_instruction_fact
[2024-12-15T04:27:21.667+0000] {warnings.py:110} WARNING - /home/***/.local/lib/python3.12/site-packages/***/task/task_runner/standard_task_runner.py:61: DeprecationWarning: This process (pid=361) is multi-threaded, use of fork() may lead to deadlocks in the child.
  pid = os.fork()

[2024-12-15T04:27:21.668+0000] {standard_task_runner.py:63} INFO - Started process 364 to run task
[2024-12-15T04:27:21.846+0000] {task_command.py:426} INFO - Running <TaskInstance: etl_instruction_fact_data.insert_warehouse.insert_dwh_instruction_fact manual__2024-12-15T04:27:12.445474+00:00 [running]> on host 2f4e9c743994
[2024-12-15T04:27:22.034+0000] {taskinstance.py:2648} INFO - Exporting env vars: AIRFLOW_CTX_DAG_OWNER='***' AIRFLOW_CTX_DAG_ID='etl_instruction_fact_data' AIRFLOW_CTX_TASK_ID='insert_warehouse.insert_dwh_instruction_fact' AIRFLOW_CTX_EXECUTION_DATE='2024-12-15T04:27:12.445474+00:00' AIRFLOW_CTX_TRY_NUMBER='1' AIRFLOW_CTX_DAG_RUN_ID='manual__2024-12-15T04:27:12.445474+00:00'
[2024-12-15T04:27:22.036+0000] {taskinstance.py:430} INFO - ::endgroup::
[2024-12-15T04:27:22.048+0000] {hive.py:475} INFO - USE `default`
[2024-12-15T04:27:22.084+0000] {hive.py:475} INFO - SELECT COUNT(*) FROM default.instruction_fact
[2024-12-15T04:27:22.605+0000] {logging_mixin.py:188} INFO - SELECT COUNT(*) FROM default.instruction_fact --- 0
[2024-12-15T04:27:22.605+0000] {logging_mixin.py:188} INFO - STAGING HAS NO DATA, SKIPPING...
[2024-12-15T04:27:22.605+0000] {python.py:237} INFO - Done. Returned value was: None
[2024-12-15T04:27:22.609+0000] {taskinstance.py:441} INFO - ::group::Post task execution logs
[2024-12-15T04:27:22.636+0000] {taskinstance.py:1206} INFO - Marking task as SUCCESS. dag_id=etl_instruction_fact_data, task_id=insert_warehouse.insert_dwh_instruction_fact, run_id=manual__2024-12-15T04:27:12.445474+00:00, execution_date=20241215T042712, start_date=20241215T042721, end_date=20241215T042722
[2024-12-15T04:27:22.698+0000] {local_task_job_runner.py:240} INFO - Task exited with return code 0
[2024-12-15T04:27:22.722+0000] {local_task_job_runner.py:222} INFO - ::endgroup::
