[2024-12-17T04:23:17.974+0000] {local_task_job_runner.py:120} INFO - ::group::Pre task execution logs
[2024-12-17T04:23:18.549+0000] {taskinstance.py:2076} INFO - Dependencies all met for dep_context=non-requeueable deps ti=<TaskInstance: migration_fit_data.insert_warehouse.insert_dwh_program_semester manual__2024-12-17T04:21:03.915875+00:00 [queued]>
[2024-12-17T04:23:18.673+0000] {taskinstance.py:2076} INFO - Dependencies all met for dep_context=requeueable deps ti=<TaskInstance: migration_fit_data.insert_warehouse.insert_dwh_program_semester manual__2024-12-17T04:21:03.915875+00:00 [queued]>
[2024-12-17T04:23:18.674+0000] {taskinstance.py:2306} INFO - Starting attempt 1 of 1
[2024-12-17T04:23:18.966+0000] {taskinstance.py:2330} INFO - Executing <Task(PythonOperator): insert_warehouse.insert_dwh_program_semester> on 2024-12-17 04:21:03.915875+00:00
[2024-12-17T04:23:19.116+0000] {warnings.py:110} WARNING - /home/***/.local/lib/python3.12/site-packages/***/task/task_runner/standard_task_runner.py:61: DeprecationWarning: This process (pid=37252) is multi-threaded, use of fork() may lead to deadlocks in the child.
  pid = os.fork()

[2024-12-17T04:23:19.114+0000] {standard_task_runner.py:90} INFO - Running: ['***', 'tasks', 'run', 'migration_fit_data', 'insert_warehouse.insert_dwh_program_semester', 'manual__2024-12-17T04:21:03.915875+00:00', '--job-id', '864', '--raw', '--subdir', 'DAGS_FOLDER/elt_migrate.py', '--cfg-path', '/tmp/tmp7j7ksfqd']
[2024-12-17T04:23:19.150+0000] {standard_task_runner.py:91} INFO - Job 864: Subtask insert_warehouse.insert_dwh_program_semester
[2024-12-17T04:23:19.145+0000] {standard_task_runner.py:63} INFO - Started process 37290 to run task
[2024-12-17T04:23:19.389+0000] {task_command.py:426} INFO - Running <TaskInstance: migration_fit_data.insert_warehouse.insert_dwh_program_semester manual__2024-12-17T04:21:03.915875+00:00 [running]> on host 2f4e9c743994
[2024-12-17T04:23:20.172+0000] {taskinstance.py:2648} INFO - Exporting env vars: AIRFLOW_CTX_DAG_OWNER='***' AIRFLOW_CTX_DAG_ID='migration_fit_data' AIRFLOW_CTX_TASK_ID='insert_warehouse.insert_dwh_program_semester' AIRFLOW_CTX_EXECUTION_DATE='2024-12-17T04:21:03.915875+00:00' AIRFLOW_CTX_TRY_NUMBER='1' AIRFLOW_CTX_DAG_RUN_ID='manual__2024-12-17T04:21:03.915875+00:00'
[2024-12-17T04:23:20.189+0000] {taskinstance.py:430} INFO - ::endgroup::
[2024-12-17T04:23:20.403+0000] {hive.py:475} INFO - USE `default`
[2024-12-17T04:23:20.784+0000] {hive.py:475} INFO - SELECT COUNT(*) FROM default.program_semester
[2024-12-17T04:23:27.767+0000] {logging_mixin.py:188} INFO - SELECT COUNT(*) FROM default.program_semester --- 26
[2024-12-17T04:23:27.814+0000] {hive.py:475} INFO - 
            MERGE INTO iceberg.warehouse.program_semester t
            USING default.program_semester s
            ON t.program_semester_id=s.program_semester_id
            WHEN MATCHED 
                THEN UPDATE SET 
                t.program_semester_id=s.program_semester_id,t.program_id=s.program_id,t.semester_name=s.semester_name,t.total_credit=s.total_credit,t.required_credit=s.required_credit,t.elective_credit=s.elective_credit
            WHEN NOT MATCHED 
                THEN INSERT *
        
[2024-12-17T04:23:42.281+0000] {python.py:237} INFO - Done. Returned value was: None
[2024-12-17T04:23:42.281+0000] {taskinstance.py:441} INFO - ::group::Post task execution logs
[2024-12-17T04:23:42.332+0000] {taskinstance.py:1206} INFO - Marking task as SUCCESS. dag_id=migration_fit_data, task_id=insert_warehouse.insert_dwh_program_semester, run_id=manual__2024-12-17T04:21:03.915875+00:00, execution_date=20241217T042103, start_date=20241217T042318, end_date=20241217T042342
[2024-12-17T04:23:42.465+0000] {local_task_job_runner.py:240} INFO - Task exited with return code 0
[2024-12-17T04:23:42.641+0000] {taskinstance.py:3498} INFO - 0 downstream tasks scheduled from follow-on schedule check
[2024-12-17T04:23:42.678+0000] {local_task_job_runner.py:222} INFO - ::endgroup::
