[2024-12-13T18:54:44.656+0000] {local_task_job_runner.py:120} INFO - ::group::Pre task execution logs
[2024-12-13T18:54:44.902+0000] {taskinstance.py:2076} INFO - Dependencies all met for dep_context=non-requeueable deps ti=<TaskInstance: migration_fit_data.insert_warehouse.insert_dwh_employee manual__2024-12-13T18:53:58.538563+00:00 [queued]>
[2024-12-13T18:54:45.063+0000] {taskinstance.py:2076} INFO - Dependencies all met for dep_context=requeueable deps ti=<TaskInstance: migration_fit_data.insert_warehouse.insert_dwh_employee manual__2024-12-13T18:53:58.538563+00:00 [queued]>
[2024-12-13T18:54:45.063+0000] {taskinstance.py:2306} INFO - Starting attempt 1 of 1
[2024-12-13T18:54:45.136+0000] {taskinstance.py:2330} INFO - Executing <Task(PythonOperator): insert_warehouse.insert_dwh_employee> on 2024-12-13 18:53:58.538563+00:00
[2024-12-13T18:54:45.208+0000] {warnings.py:110} WARNING - /home/***/.local/lib/python3.12/site-packages/***/task/task_runner/standard_task_runner.py:61: DeprecationWarning: This process (pid=4009) is multi-threaded, use of fork() may lead to deadlocks in the child.
  pid = os.fork()

[2024-12-13T18:54:45.225+0000] {standard_task_runner.py:63} INFO - Started process 4042 to run task
[2024-12-13T18:54:45.229+0000] {standard_task_runner.py:90} INFO - Running: ['***', 'tasks', 'run', 'migration_fit_data', 'insert_warehouse.insert_dwh_employee', 'manual__2024-12-13T18:53:58.538563+00:00', '--job-id', '464', '--raw', '--subdir', 'DAGS_FOLDER/elt_migrate.py', '--cfg-path', '/tmp/tmplgimnqiv']
[2024-12-13T18:54:45.239+0000] {standard_task_runner.py:91} INFO - Job 464: Subtask insert_warehouse.insert_dwh_employee
[2024-12-13T18:54:45.502+0000] {task_command.py:426} INFO - Running <TaskInstance: migration_fit_data.insert_warehouse.insert_dwh_employee manual__2024-12-13T18:53:58.538563+00:00 [running]> on host 1fe973f28a1c
[2024-12-13T18:54:46.509+0000] {taskinstance.py:2648} INFO - Exporting env vars: AIRFLOW_CTX_DAG_OWNER='***' AIRFLOW_CTX_DAG_ID='migration_fit_data' AIRFLOW_CTX_TASK_ID='insert_warehouse.insert_dwh_employee' AIRFLOW_CTX_EXECUTION_DATE='2024-12-13T18:53:58.538563+00:00' AIRFLOW_CTX_TRY_NUMBER='1' AIRFLOW_CTX_DAG_RUN_ID='manual__2024-12-13T18:53:58.538563+00:00'
[2024-12-13T18:54:46.517+0000] {taskinstance.py:430} INFO - ::endgroup::
[2024-12-13T18:54:46.634+0000] {hive.py:475} INFO - USE `default`
[2024-12-13T18:54:47.026+0000] {hive.py:475} INFO - SELECT COUNT(*) FROM default.employee
[2024-12-13T18:54:47.987+0000] {logging_mixin.py:188} INFO - SELECT COUNT(*) FROM default.employee --- 171
[2024-12-13T18:54:47.988+0000] {hive.py:475} INFO - 
            MERGE INTO iceberg.warehouse.employee t
            USING default.employee s
            ON t.employee_id=s.employee_id
            WHEN MATCHED 
                THEN UPDATE SET 
                t.employee_id=s.employee_id,t.employee_name=s.employee_name,t.day_of_birth=s.day_of_birth,t.nationality=s.nationality,t.insurance_id=s.insurance_id
            WHEN NOT MATCHED 
                THEN INSERT *
        
[2024-12-13T18:54:53.253+0000] {python.py:237} INFO - Done. Returned value was: None
[2024-12-13T18:54:53.253+0000] {taskinstance.py:441} INFO - ::group::Post task execution logs
[2024-12-13T18:54:53.269+0000] {taskinstance.py:1206} INFO - Marking task as SUCCESS. dag_id=migration_fit_data, task_id=insert_warehouse.insert_dwh_employee, run_id=manual__2024-12-13T18:53:58.538563+00:00, execution_date=20241213T185358, start_date=20241213T185444, end_date=20241213T185453
[2024-12-13T18:54:53.362+0000] {local_task_job_runner.py:240} INFO - Task exited with return code 0
[2024-12-13T18:54:53.417+0000] {taskinstance.py:3498} INFO - 0 downstream tasks scheduled from follow-on schedule check
[2024-12-13T18:54:53.420+0000] {local_task_job_runner.py:222} INFO - ::endgroup::
