[2024-12-14T17:02:18.145+0000] {local_task_job_runner.py:120} INFO - ::group::Pre task execution logs
[2024-12-14T17:02:18.455+0000] {taskinstance.py:2076} INFO - Dependencies all met for dep_context=non-requeueable deps ti=<TaskInstance: migration_fit_data.insert_warehouse.insert_dwh_course manual__2024-12-14T17:00:50.234298+00:00 [queued]>
[2024-12-14T17:02:18.559+0000] {taskinstance.py:2076} INFO - Dependencies all met for dep_context=requeueable deps ti=<TaskInstance: migration_fit_data.insert_warehouse.insert_dwh_course manual__2024-12-14T17:00:50.234298+00:00 [queued]>
[2024-12-14T17:02:18.562+0000] {taskinstance.py:2306} INFO - Starting attempt 1 of 1
[2024-12-14T17:02:19.225+0000] {taskinstance.py:2330} INFO - Executing <Task(PythonOperator): insert_warehouse.insert_dwh_course> on 2024-12-14 17:00:50.234298+00:00
[2024-12-14T17:02:19.281+0000] {warnings.py:110} WARNING - /home/***/.local/lib/python3.12/site-packages/***/task/task_runner/standard_task_runner.py:61: DeprecationWarning: This process (pid=5473) is multi-threaded, use of fork() may lead to deadlocks in the child.
  pid = os.fork()

[2024-12-14T17:02:19.303+0000] {standard_task_runner.py:63} INFO - Started process 5505 to run task
[2024-12-14T17:02:19.309+0000] {standard_task_runner.py:90} INFO - Running: ['***', 'tasks', 'run', 'migration_fit_data', 'insert_warehouse.insert_dwh_course', 'manual__2024-12-14T17:00:50.234298+00:00', '--job-id', '337', '--raw', '--subdir', 'DAGS_FOLDER/elt_migrate.py', '--cfg-path', '/tmp/tmpwp3348zj']
[2024-12-14T17:02:19.324+0000] {standard_task_runner.py:91} INFO - Job 337: Subtask insert_warehouse.insert_dwh_course
[2024-12-14T17:02:19.787+0000] {task_command.py:426} INFO - Running <TaskInstance: migration_fit_data.insert_warehouse.insert_dwh_course manual__2024-12-14T17:00:50.234298+00:00 [running]> on host 472b63b715e1
[2024-12-14T17:02:20.451+0000] {taskinstance.py:2648} INFO - Exporting env vars: AIRFLOW_CTX_DAG_OWNER='***' AIRFLOW_CTX_DAG_ID='migration_fit_data' AIRFLOW_CTX_TASK_ID='insert_warehouse.insert_dwh_course' AIRFLOW_CTX_EXECUTION_DATE='2024-12-14T17:00:50.234298+00:00' AIRFLOW_CTX_TRY_NUMBER='1' AIRFLOW_CTX_DAG_RUN_ID='manual__2024-12-14T17:00:50.234298+00:00'
[2024-12-14T17:02:20.453+0000] {taskinstance.py:430} INFO - ::endgroup::
[2024-12-14T17:02:20.572+0000] {hive.py:475} INFO - USE `default`
[2024-12-14T17:02:20.883+0000] {hive.py:475} INFO - SELECT COUNT(*) FROM default.course
[2024-12-14T17:02:22.268+0000] {logging_mixin.py:188} INFO - SELECT COUNT(*) FROM default.course --- 250
[2024-12-14T17:02:22.299+0000] {hive.py:475} INFO - 
            MERGE INTO iceberg.warehouse.course t
            USING default.course s
            ON t.course_id=s.course_id
            WHEN MATCHED 
                THEN UPDATE SET 
                t.course_id=s.course_id,t.course_name=s.course_name,t.course_code=s.course_code,t.category=s.category,t.total_credit=s.total_credit,t.theory_credit=s.theory_credit,t.practice_credit=s.practice_credit,t.self_learning_credit=s.self_learning_credit
            WHEN NOT MATCHED 
                THEN INSERT *
        
[2024-12-14T17:02:26.527+0000] {python.py:237} INFO - Done. Returned value was: None
[2024-12-14T17:02:26.527+0000] {taskinstance.py:441} INFO - ::group::Post task execution logs
[2024-12-14T17:02:26.548+0000] {taskinstance.py:1206} INFO - Marking task as SUCCESS. dag_id=migration_fit_data, task_id=insert_warehouse.insert_dwh_course, run_id=manual__2024-12-14T17:00:50.234298+00:00, execution_date=20241214T170050, start_date=20241214T170218, end_date=20241214T170226
[2024-12-14T17:02:26.592+0000] {local_task_job_runner.py:240} INFO - Task exited with return code 0
[2024-12-14T17:02:26.635+0000] {local_task_job_runner.py:222} INFO - ::endgroup::
