[2024-12-14T11:17:22.076+0000] {local_task_job_runner.py:120} INFO - ::group::Pre task execution logs
[2024-12-14T11:17:22.181+0000] {taskinstance.py:2076} INFO - Dependencies all met for dep_context=non-requeueable deps ti=<TaskInstance: migration_fit_data.get_raw_data.extract_raw_course manual__2024-12-14T11:17:14.621727+00:00 [queued]>
[2024-12-14T11:17:22.210+0000] {taskinstance.py:2076} INFO - Dependencies all met for dep_context=requeueable deps ti=<TaskInstance: migration_fit_data.get_raw_data.extract_raw_course manual__2024-12-14T11:17:14.621727+00:00 [queued]>
[2024-12-14T11:17:22.211+0000] {taskinstance.py:2306} INFO - Starting attempt 1 of 1
[2024-12-14T11:17:22.267+0000] {taskinstance.py:2330} INFO - Executing <Task(PythonOperator): get_raw_data.extract_raw_course> on 2024-12-14 11:17:14.621727+00:00
[2024-12-14T11:17:22.326+0000] {warnings.py:110} WARNING - /home/***/.local/lib/python3.12/site-packages/***/task/task_runner/standard_task_runner.py:61: DeprecationWarning: This process (pid=261) is multi-threaded, use of fork() may lead to deadlocks in the child.
  pid = os.fork()

[2024-12-14T11:17:22.334+0000] {standard_task_runner.py:63} INFO - Started process 291 to run task
[2024-12-14T11:17:22.350+0000] {standard_task_runner.py:90} INFO - Running: ['***', 'tasks', 'run', 'migration_fit_data', 'get_raw_data.extract_raw_course', 'manual__2024-12-14T11:17:14.621727+00:00', '--job-id', '39', '--raw', '--subdir', 'DAGS_FOLDER/elt_migrate.py', '--cfg-path', '/tmp/tmpy_76nswx']
[2024-12-14T11:17:22.369+0000] {standard_task_runner.py:91} INFO - Job 39: Subtask get_raw_data.extract_raw_course
[2024-12-14T11:17:22.643+0000] {task_command.py:426} INFO - Running <TaskInstance: migration_fit_data.get_raw_data.extract_raw_course manual__2024-12-14T11:17:14.621727+00:00 [running]> on host 472b63b715e1
[2024-12-14T11:17:23.453+0000] {taskinstance.py:2648} INFO - Exporting env vars: AIRFLOW_CTX_DAG_OWNER='***' AIRFLOW_CTX_DAG_ID='migration_fit_data' AIRFLOW_CTX_TASK_ID='get_raw_data.extract_raw_course' AIRFLOW_CTX_EXECUTION_DATE='2024-12-14T11:17:14.621727+00:00' AIRFLOW_CTX_TRY_NUMBER='1' AIRFLOW_CTX_DAG_RUN_ID='manual__2024-12-14T11:17:14.621727+00:00'
[2024-12-14T11:17:23.459+0000] {taskinstance.py:430} INFO - ::endgroup::
[2024-12-14T11:17:25.604+0000] {__init__.py:412} INFO - DELETE /fit_warehouse/raw/course/ recursive=True user.name=default namenode:9870
[2024-12-14T11:17:25.848+0000] {__init__.py:412} INFO - GETFILESTATUS /fit_warehouse/raw/course/ user.name=default namenode:9870
[2024-12-14T11:17:25.923+0000] {__init__.py:412} INFO - MKDIRS /fit_warehouse/raw/course/ user.name=default namenode:9870
[2024-12-14T11:17:25.984+0000] {__init__.py:412} INFO - CREATE /fit_warehouse/raw/course/course_01.snappy.parquet overwrite=True async_=True user.name=default namenode:9870
[2024-12-14T11:17:27.859+0000] {python.py:237} INFO - Done. Returned value was: None
[2024-12-14T11:17:27.859+0000] {taskinstance.py:441} INFO - ::group::Post task execution logs
[2024-12-14T11:17:27.886+0000] {taskinstance.py:1206} INFO - Marking task as SUCCESS. dag_id=migration_fit_data, task_id=get_raw_data.extract_raw_course, run_id=manual__2024-12-14T11:17:14.621727+00:00, execution_date=20241214T111714, start_date=20241214T111722, end_date=20241214T111727
[2024-12-14T11:17:28.052+0000] {local_task_job_runner.py:240} INFO - Task exited with return code 0
[2024-12-14T11:17:28.079+0000] {local_task_job_runner.py:222} INFO - ::endgroup::
