[2024-12-14T10:49:39.214+0000] {local_task_job_runner.py:120} INFO - ::group::Pre task execution logs
[2024-12-14T10:49:39.294+0000] {taskinstance.py:2076} INFO - Dependencies all met for dep_context=non-requeueable deps ti=<TaskInstance: etl_dimention_data.get_raw_data.extract_raw_address manual__2024-12-14T10:49:34.305778+00:00 [queued]>
[2024-12-14T10:49:39.319+0000] {taskinstance.py:2076} INFO - Dependencies all met for dep_context=requeueable deps ti=<TaskInstance: etl_dimention_data.get_raw_data.extract_raw_address manual__2024-12-14T10:49:34.305778+00:00 [queued]>
[2024-12-14T10:49:39.320+0000] {taskinstance.py:2306} INFO - Starting attempt 1 of 1
[2024-12-14T10:49:39.334+0000] {taskinstance.py:2330} INFO - Executing <Task(PythonOperator): get_raw_data.extract_raw_address> on 2024-12-14 10:49:34.305778+00:00
[2024-12-14T10:49:39.350+0000] {warnings.py:110} WARNING - /home/***/.local/lib/python3.12/site-packages/***/task/task_runner/standard_task_runner.py:61: DeprecationWarning: This process (pid=545) is multi-threaded, use of fork() may lead to deadlocks in the child.
  pid = os.fork()

[2024-12-14T10:49:39.354+0000] {standard_task_runner.py:63} INFO - Started process 566 to run task
[2024-12-14T10:49:39.355+0000] {standard_task_runner.py:90} INFO - Running: ['***', 'tasks', 'run', 'etl_dimention_data', 'get_raw_data.extract_raw_address', 'manual__2024-12-14T10:49:34.305778+00:00', '--job-id', '126', '--raw', '--subdir', 'DAGS_FOLDER/elt_dimention.py', '--cfg-path', '/tmp/tmp74dkooqs']
[2024-12-14T10:49:39.362+0000] {standard_task_runner.py:91} INFO - Job 126: Subtask get_raw_data.extract_raw_address
[2024-12-14T10:49:39.434+0000] {task_command.py:426} INFO - Running <TaskInstance: etl_dimention_data.get_raw_data.extract_raw_address manual__2024-12-14T10:49:34.305778+00:00 [running]> on host 06cbf31e97a5
[2024-12-14T10:49:39.627+0000] {taskinstance.py:2648} INFO - Exporting env vars: AIRFLOW_CTX_DAG_OWNER='***' AIRFLOW_CTX_DAG_ID='etl_dimention_data' AIRFLOW_CTX_TASK_ID='get_raw_data.extract_raw_address' AIRFLOW_CTX_EXECUTION_DATE='2024-12-14T10:49:34.305778+00:00' AIRFLOW_CTX_TRY_NUMBER='1' AIRFLOW_CTX_DAG_RUN_ID='manual__2024-12-14T10:49:34.305778+00:00'
[2024-12-14T10:49:39.629+0000] {taskinstance.py:430} INFO - ::endgroup::
[2024-12-14T10:49:40.277+0000] {__init__.py:412} INFO - DELETE /fit_warehouse/raw/address/ recursive=True user.name=default namenode:9870
[2024-12-14T10:49:40.295+0000] {__init__.py:412} INFO - GETFILESTATUS /fit_warehouse/raw/address/ user.name=default namenode:9870
[2024-12-14T10:49:40.319+0000] {__init__.py:412} INFO - MKDIRS /fit_warehouse/raw/address/ user.name=default namenode:9870
[2024-12-14T10:49:40.334+0000] {__init__.py:412} INFO - CREATE /fit_warehouse/raw/address/address_01.snappy.parquet overwrite=True async_=True user.name=default namenode:9870
[2024-12-14T10:49:40.468+0000] {python.py:237} INFO - Done. Returned value was: None
[2024-12-14T10:49:40.470+0000] {taskinstance.py:441} INFO - ::group::Post task execution logs
[2024-12-14T10:49:40.493+0000] {taskinstance.py:1206} INFO - Marking task as SUCCESS. dag_id=etl_dimention_data, task_id=get_raw_data.extract_raw_address, run_id=manual__2024-12-14T10:49:34.305778+00:00, execution_date=20241214T104934, start_date=20241214T104939, end_date=20241214T104940
[2024-12-14T10:49:40.567+0000] {local_task_job_runner.py:240} INFO - Task exited with return code 0
[2024-12-14T10:49:40.676+0000] {taskinstance.py:3498} INFO - 0 downstream tasks scheduled from follow-on schedule check
[2024-12-14T10:49:40.678+0000] {local_task_job_runner.py:222} INFO - ::endgroup::
