[2024-12-18T18:48:35.947+0000] {local_task_job_runner.py:120} INFO - ::group::Pre task execution logs
[2024-12-18T18:48:36.284+0000] {taskinstance.py:2076} INFO - Dependencies all met for dep_context=non-requeueable deps ti=<TaskInstance: migration_fit_data.load_staging.create_staging_program manual__2024-12-18T18:47:46.249957+00:00 [queued]>
[2024-12-18T18:48:36.469+0000] {taskinstance.py:2076} INFO - Dependencies all met for dep_context=requeueable deps ti=<TaskInstance: migration_fit_data.load_staging.create_staging_program manual__2024-12-18T18:47:46.249957+00:00 [queued]>
[2024-12-18T18:48:36.484+0000] {taskinstance.py:2306} INFO - Starting attempt 1 of 1
[2024-12-18T18:48:36.845+0000] {taskinstance.py:2330} INFO - Executing <Task(PythonOperator): load_staging.create_staging_program> on 2024-12-18 18:47:46.249957+00:00
[2024-12-18T18:48:37.047+0000] {warnings.py:110} WARNING - /home/***/.local/lib/python3.12/site-packages/***/task/task_runner/standard_task_runner.py:61: DeprecationWarning: This process (pid=1286) is multi-threaded, use of fork() may lead to deadlocks in the child.
  pid = os.fork()

[2024-12-18T18:48:37.082+0000] {standard_task_runner.py:63} INFO - Started process 1310 to run task
[2024-12-18T18:48:37.076+0000] {standard_task_runner.py:90} INFO - Running: ['***', 'tasks', 'run', 'migration_fit_data', 'load_staging.create_staging_program', 'manual__2024-12-18T18:47:46.249957+00:00', '--job-id', '1123', '--raw', '--subdir', 'DAGS_FOLDER/elt_migrate.py', '--cfg-path', '/tmp/tmpakmxof63']
[2024-12-18T18:48:37.112+0000] {standard_task_runner.py:91} INFO - Job 1123: Subtask load_staging.create_staging_program
[2024-12-18T18:48:37.608+0000] {task_command.py:426} INFO - Running <TaskInstance: migration_fit_data.load_staging.create_staging_program manual__2024-12-18T18:47:46.249957+00:00 [running]> on host 33a17f71e955
[2024-12-18T18:48:38.587+0000] {taskinstance.py:2648} INFO - Exporting env vars: AIRFLOW_CTX_DAG_OWNER='***' AIRFLOW_CTX_DAG_ID='migration_fit_data' AIRFLOW_CTX_TASK_ID='load_staging.create_staging_program' AIRFLOW_CTX_EXECUTION_DATE='2024-12-18T18:47:46.249957+00:00' AIRFLOW_CTX_TRY_NUMBER='1' AIRFLOW_CTX_DAG_RUN_ID='manual__2024-12-18T18:47:46.249957+00:00'
[2024-12-18T18:48:38.590+0000] {taskinstance.py:430} INFO - ::endgroup::
[2024-12-18T18:48:38.745+0000] {hive.py:475} INFO - USE `default`
[2024-12-18T18:48:46.643+0000] {hive.py:475} INFO - DROP TABLE IF EXISTS default.program
[2024-12-18T18:48:48.456+0000] {hive.py:475} INFO - 
        CREATE TABLE IF NOT EXISTS default.program (
            program_id STRING,class_of STRING   
        )   
        STORED AS PARQUET
        LOCATION '/fit_warehouse/raw/program/*.snappy.parquet'
    
[2024-12-18T18:48:57.361+0000] {hive.py:475} INFO - ANALYZE TABLE default.program COMPUTE STATISTICS
[2024-12-18T18:49:49.295+0000] {python.py:237} INFO - Done. Returned value was: None
[2024-12-18T18:49:49.296+0000] {taskinstance.py:441} INFO - ::group::Post task execution logs
[2024-12-18T18:49:49.323+0000] {taskinstance.py:1206} INFO - Marking task as SUCCESS. dag_id=migration_fit_data, task_id=load_staging.create_staging_program, run_id=manual__2024-12-18T18:47:46.249957+00:00, execution_date=20241218T184746, start_date=20241218T184836, end_date=20241218T184949
[2024-12-18T18:49:49.452+0000] {local_task_job_runner.py:240} INFO - Task exited with return code 0
[2024-12-18T18:49:49.586+0000] {taskinstance.py:3498} INFO - 14 downstream tasks scheduled from follow-on schedule check
[2024-12-18T18:49:49.589+0000] {local_task_job_runner.py:222} INFO - ::endgroup::
