[2024-12-16T14:32:05.708+0000] {local_task_job_runner.py:120} INFO - ::group::Pre task execution logs
[2024-12-16T14:32:05.961+0000] {taskinstance.py:2076} INFO - Dependencies all met for dep_context=non-requeueable deps ti=<TaskInstance: migration_fit_schema.insert_data.insert_data_program_course manual__2024-12-16T14:31:40.044942+00:00 [queued]>
[2024-12-16T14:32:05.977+0000] {taskinstance.py:2076} INFO - Dependencies all met for dep_context=requeueable deps ti=<TaskInstance: migration_fit_schema.insert_data.insert_data_program_course manual__2024-12-16T14:31:40.044942+00:00 [queued]>
[2024-12-16T14:32:05.979+0000] {taskinstance.py:2306} INFO - Starting attempt 1 of 1
[2024-12-16T14:32:06.019+0000] {taskinstance.py:2330} INFO - Executing <Task(PythonOperator): insert_data.insert_data_program_course> on 2024-12-16 14:31:40.044942+00:00
[2024-12-16T14:32:06.044+0000] {warnings.py:110} WARNING - /home/***/.local/lib/python3.12/site-packages/***/task/task_runner/standard_task_runner.py:61: DeprecationWarning: This process (pid=25919) is multi-threaded, use of fork() may lead to deadlocks in the child.
  pid = os.fork()

[2024-12-16T14:32:06.052+0000] {standard_task_runner.py:63} INFO - Started process 25921 to run task
[2024-12-16T14:32:06.051+0000] {standard_task_runner.py:90} INFO - Running: ['***', 'tasks', 'run', 'migration_fit_schema', 'insert_data.insert_data_program_course', 'manual__2024-12-16T14:31:40.044942+00:00', '--job-id', '523', '--raw', '--subdir', 'DAGS_FOLDER/etl_migrate.py', '--cfg-path', '/tmp/tmpg62ourk2']
[2024-12-16T14:32:06.064+0000] {standard_task_runner.py:91} INFO - Job 523: Subtask insert_data.insert_data_program_course
[2024-12-16T14:32:06.204+0000] {task_command.py:426} INFO - Running <TaskInstance: migration_fit_schema.insert_data.insert_data_program_course manual__2024-12-16T14:31:40.044942+00:00 [running]> on host 2f4e9c743994
[2024-12-16T14:32:06.395+0000] {taskinstance.py:2648} INFO - Exporting env vars: AIRFLOW_CTX_DAG_OWNER='***' AIRFLOW_CTX_DAG_ID='migration_fit_schema' AIRFLOW_CTX_TASK_ID='insert_data.insert_data_program_course' AIRFLOW_CTX_EXECUTION_DATE='2024-12-16T14:31:40.044942+00:00' AIRFLOW_CTX_TRY_NUMBER='1' AIRFLOW_CTX_DAG_RUN_ID='manual__2024-12-16T14:31:40.044942+00:00'
[2024-12-16T14:32:06.396+0000] {taskinstance.py:430} INFO - ::endgroup::
[2024-12-16T14:32:06.788+0000] {__init__.py:412} INFO - GETFILESTATUS /data/raw/program_course/ user.name=default namenode:9870
[2024-12-16T14:32:06.803+0000] {__init__.py:412} INFO - MKDIRS /data/raw/program_course/ user.name=default namenode:9870
[2024-12-16T14:32:06.810+0000] {__init__.py:412} INFO - CREATE /data/raw/program_course/program_course_1734359526.csv overwrite=True async_=True user.name=default namenode:9870
[2024-12-16T14:32:06.847+0000] {python.py:237} INFO - Done. Returned value was: None
[2024-12-16T14:32:06.848+0000] {taskinstance.py:441} INFO - ::group::Post task execution logs
[2024-12-16T14:32:06.859+0000] {taskinstance.py:1206} INFO - Marking task as SUCCESS. dag_id=migration_fit_schema, task_id=insert_data.insert_data_program_course, run_id=manual__2024-12-16T14:31:40.044942+00:00, execution_date=20241216T143140, start_date=20241216T143205, end_date=20241216T143206
[2024-12-16T14:32:06.922+0000] {local_task_job_runner.py:240} INFO - Task exited with return code 0
[2024-12-16T14:32:06.950+0000] {taskinstance.py:3498} INFO - 1 downstream tasks scheduled from follow-on schedule check
[2024-12-16T14:32:06.951+0000] {local_task_job_runner.py:222} INFO - ::endgroup::
