[2024-12-17T05:32:10.639+0000] {local_task_job_runner.py:120} INFO - ::group::Pre task execution logs
[2024-12-17T05:32:10.916+0000] {taskinstance.py:2076} INFO - Dependencies all met for dep_context=non-requeueable deps ti=<TaskInstance: migration_fit_data.create_dwh_table.recreate_dwh_course manual__2024-12-17T05:30:38.897078+00:00 [queued]>
[2024-12-17T05:32:10.990+0000] {taskinstance.py:2076} INFO - Dependencies all met for dep_context=requeueable deps ti=<TaskInstance: migration_fit_data.create_dwh_table.recreate_dwh_course manual__2024-12-17T05:30:38.897078+00:00 [queued]>
[2024-12-17T05:32:10.999+0000] {taskinstance.py:2306} INFO - Starting attempt 1 of 1
[2024-12-17T05:32:11.365+0000] {taskinstance.py:2330} INFO - Executing <Task(PythonOperator): create_dwh_table.recreate_dwh_course> on 2024-12-17 05:30:38.897078+00:00
[2024-12-17T05:32:11.462+0000] {warnings.py:110} WARNING - /home/***/.local/lib/python3.12/site-packages/***/task/task_runner/standard_task_runner.py:61: DeprecationWarning: This process (pid=38315) is multi-threaded, use of fork() may lead to deadlocks in the child.
  pid = os.fork()

[2024-12-17T05:32:11.473+0000] {standard_task_runner.py:63} INFO - Started process 38351 to run task
[2024-12-17T05:32:11.465+0000] {standard_task_runner.py:90} INFO - Running: ['***', 'tasks', 'run', 'migration_fit_data', 'create_dwh_table.recreate_dwh_course', 'manual__2024-12-17T05:30:38.897078+00:00', '--job-id', '937', '--raw', '--subdir', 'DAGS_FOLDER/elt_migrate.py', '--cfg-path', '/tmp/tmphif9__aw']
[2024-12-17T05:32:11.489+0000] {standard_task_runner.py:91} INFO - Job 937: Subtask create_dwh_table.recreate_dwh_course
[2024-12-17T05:32:11.759+0000] {task_command.py:426} INFO - Running <TaskInstance: migration_fit_data.create_dwh_table.recreate_dwh_course manual__2024-12-17T05:30:38.897078+00:00 [running]> on host 2f4e9c743994
[2024-12-17T05:32:12.224+0000] {taskinstance.py:2648} INFO - Exporting env vars: AIRFLOW_CTX_DAG_OWNER='***' AIRFLOW_CTX_DAG_ID='migration_fit_data' AIRFLOW_CTX_TASK_ID='create_dwh_table.recreate_dwh_course' AIRFLOW_CTX_EXECUTION_DATE='2024-12-17T05:30:38.897078+00:00' AIRFLOW_CTX_TRY_NUMBER='1' AIRFLOW_CTX_DAG_RUN_ID='manual__2024-12-17T05:30:38.897078+00:00'
[2024-12-17T05:32:12.229+0000] {taskinstance.py:430} INFO - ::endgroup::
[2024-12-17T05:32:12.358+0000] {hive.py:475} INFO - USE `default`
[2024-12-17T05:32:12.706+0000] {hive.py:475} INFO - DROP TABLE IF EXISTS iceberg.warehouse.course
[2024-12-17T05:32:13.203+0000] {hive.py:475} INFO - CREATE DATABASE IF NOT EXISTS warehouse
[2024-12-17T05:32:13.664+0000] {hive.py:475} INFO - 
        CREATE TABLE IF NOT EXISTS iceberg.warehouse.course (
            course_id BIGINT,course_name STRING,course_code BIGINT,category STRING,total_credit BIGINT,theory_credit BIGINT,practice_credit BIGINT,self_learning_credit BIGINT   
        )
        USING iceberg
        LOCATION '/fit_warehouse/warehouse/course/*.snappy.parquet'
    
[2024-12-17T05:32:14.618+0000] {python.py:237} INFO - Done. Returned value was: None
[2024-12-17T05:32:14.621+0000] {taskinstance.py:441} INFO - ::group::Post task execution logs
[2024-12-17T05:32:14.688+0000] {taskinstance.py:1206} INFO - Marking task as SUCCESS. dag_id=migration_fit_data, task_id=create_dwh_table.recreate_dwh_course, run_id=manual__2024-12-17T05:30:38.897078+00:00, execution_date=20241217T053038, start_date=20241217T053210, end_date=20241217T053214
[2024-12-17T05:32:14.947+0000] {local_task_job_runner.py:240} INFO - Task exited with return code 0
[2024-12-17T05:32:14.962+0000] {local_task_job_runner.py:222} INFO - ::endgroup::
