[2024-12-15T04:27:28.179+0000] {local_task_job_runner.py:120} INFO - ::group::Pre task execution logs
[2024-12-15T04:27:28.202+0000] {taskinstance.py:2076} INFO - Dependencies all met for dep_context=non-requeueable deps ti=<TaskInstance: etl_instruction_fact_data.aggregate_warehouse.aggregate_instruction_aggregate manual__2024-12-15T04:27:12.445474+00:00 [queued]>
[2024-12-15T04:27:28.211+0000] {taskinstance.py:2076} INFO - Dependencies all met for dep_context=requeueable deps ti=<TaskInstance: etl_instruction_fact_data.aggregate_warehouse.aggregate_instruction_aggregate manual__2024-12-15T04:27:12.445474+00:00 [queued]>
[2024-12-15T04:27:28.211+0000] {taskinstance.py:2306} INFO - Starting attempt 1 of 1
[2024-12-15T04:27:28.249+0000] {taskinstance.py:2330} INFO - Executing <Task(PythonOperator): aggregate_warehouse.aggregate_instruction_aggregate> on 2024-12-15 04:27:12.445474+00:00
[2024-12-15T04:27:28.282+0000] {warnings.py:110} WARNING - /home/***/.local/lib/python3.12/site-packages/***/task/task_runner/standard_task_runner.py:61: DeprecationWarning: This process (pid=370) is multi-threaded, use of fork() may lead to deadlocks in the child.
  pid = os.fork()

[2024-12-15T04:27:28.288+0000] {standard_task_runner.py:63} INFO - Started process 378 to run task
[2024-12-15T04:27:28.308+0000] {standard_task_runner.py:90} INFO - Running: ['***', 'tasks', 'run', 'etl_instruction_fact_data', 'aggregate_warehouse.aggregate_instruction_aggregate', 'manual__2024-12-15T04:27:12.445474+00:00', '--job-id', '442', '--raw', '--subdir', 'DAGS_FOLDER/elt_instruction_fact.py', '--cfg-path', '/tmp/tmpb806ro8l']
[2024-12-15T04:27:28.343+0000] {standard_task_runner.py:91} INFO - Job 442: Subtask aggregate_warehouse.aggregate_instruction_aggregate
[2024-12-15T04:27:28.552+0000] {task_command.py:426} INFO - Running <TaskInstance: etl_instruction_fact_data.aggregate_warehouse.aggregate_instruction_aggregate manual__2024-12-15T04:27:12.445474+00:00 [running]> on host 2f4e9c743994
[2024-12-15T04:27:29.005+0000] {taskinstance.py:2648} INFO - Exporting env vars: AIRFLOW_CTX_DAG_OWNER='***' AIRFLOW_CTX_DAG_ID='etl_instruction_fact_data' AIRFLOW_CTX_TASK_ID='aggregate_warehouse.aggregate_instruction_aggregate' AIRFLOW_CTX_EXECUTION_DATE='2024-12-15T04:27:12.445474+00:00' AIRFLOW_CTX_TRY_NUMBER='1' AIRFLOW_CTX_DAG_RUN_ID='manual__2024-12-15T04:27:12.445474+00:00'
[2024-12-15T04:27:29.006+0000] {taskinstance.py:430} INFO - ::endgroup::
[2024-12-15T04:27:29.043+0000] {hive.py:475} INFO - USE `default`
[2024-12-15T04:27:29.188+0000] {hive.py:475} INFO - CREATE NAMESPACE IF NOT EXISTS iceberg.aggr_warehouse
[2024-12-15T04:27:29.255+0000] {hive.py:475} INFO - DROP TABLE IF EXISTS iceberg.aggr_warehouse.instruction_aggregate
[2024-12-15T04:27:29.426+0000] {hive.py:475} INFO - 
    CREATE OR REPLACE TABLE iceberg.aggr_warehouse.instruction_aggregate
    USING parquet
    AS
    SELECT
        inf.instruction_id,
        c.course_id,
        c.course_name,
        ps.program_id,
        ps.semester_name,
        inf.num_student AS num_students,
        inf.avg_final_score
    FROM
        iceberg.warehouse.instruction_fact inf
    JOIN iceberg.warehouse.course c ON inf.course_id = c.course_id
    JOIN iceberg.warehouse.program_semester ps ON inf.program_semester_id = ps.program_semester_id
    WHERE 
        inf.instruction_status = 'completed';
    
[2024-12-15T04:27:33.418+0000] {__init__.py:412} INFO - DELETE /user/hive/warehouse/aggr_warehouse.db/instruction_aggregate_parquet recursive=True user.name=default namenode:9870
[2024-12-15T04:27:33.438+0000] {hive.py:475} INFO - 
        DROP TABLE IF EXISTS spark_catalog.aggr_warehouse.instruction_aggregate_parquet
    
[2024-12-15T04:27:33.865+0000] {hive.py:475} INFO - 
        CREATE TABLE spark_catalog.aggr_warehouse.instruction_aggregate_parquet
        USING parquet
        AS
        SELECT * FROM iceberg.aggr_warehouse.instruction_aggregate
    
[2024-12-15T04:27:36.906+0000] {python.py:237} INFO - Done. Returned value was: None
[2024-12-15T04:27:36.908+0000] {taskinstance.py:441} INFO - ::group::Post task execution logs
[2024-12-15T04:27:36.936+0000] {taskinstance.py:1206} INFO - Marking task as SUCCESS. dag_id=etl_instruction_fact_data, task_id=aggregate_warehouse.aggregate_instruction_aggregate, run_id=manual__2024-12-15T04:27:12.445474+00:00, execution_date=20241215T042712, start_date=20241215T042728, end_date=20241215T042736
[2024-12-15T04:27:37.093+0000] {local_task_job_runner.py:240} INFO - Task exited with return code 0
[2024-12-15T04:27:37.195+0000] {taskinstance.py:3498} INFO - 0 downstream tasks scheduled from follow-on schedule check
[2024-12-15T04:27:37.201+0000] {local_task_job_runner.py:222} INFO - ::endgroup::
