[2024-12-14T20:18:11.456+0000] {local_task_job_runner.py:120} INFO - ::group::Pre task execution logs
[2024-12-14T20:18:11.622+0000] {taskinstance.py:2076} INFO - Dependencies all met for dep_context=non-requeueable deps ti=<TaskInstance: migration_fit_data.create_dwh_table.recreate_dwh_enroll_student manual__2024-12-14T20:17:26.395846+00:00 [queued]>
[2024-12-14T20:18:11.718+0000] {taskinstance.py:2076} INFO - Dependencies all met for dep_context=requeueable deps ti=<TaskInstance: migration_fit_data.create_dwh_table.recreate_dwh_enroll_student manual__2024-12-14T20:17:26.395846+00:00 [queued]>
[2024-12-14T20:18:11.733+0000] {taskinstance.py:2306} INFO - Starting attempt 1 of 1
[2024-12-14T20:18:11.800+0000] {taskinstance.py:2330} INFO - Executing <Task(PythonOperator): create_dwh_table.recreate_dwh_enroll_student> on 2024-12-14 20:17:26.395846+00:00
[2024-12-14T20:18:11.843+0000] {standard_task_runner.py:90} INFO - Running: ['***', 'tasks', 'run', 'migration_fit_data', 'create_dwh_table.recreate_dwh_enroll_student', 'manual__2024-12-14T20:17:26.395846+00:00', '--job-id', '391', '--raw', '--subdir', 'DAGS_FOLDER/elt_migrate.py', '--cfg-path', '/tmp/tmpj7siui3m']
[2024-12-14T20:18:11.848+0000] {standard_task_runner.py:91} INFO - Job 391: Subtask create_dwh_table.recreate_dwh_enroll_student
[2024-12-14T20:18:11.856+0000] {warnings.py:110} WARNING - /home/***/.local/lib/python3.12/site-packages/***/task/task_runner/standard_task_runner.py:61: DeprecationWarning: This process (pid=8071) is multi-threaded, use of fork() may lead to deadlocks in the child.
  pid = os.fork()

[2024-12-14T20:18:11.875+0000] {standard_task_runner.py:63} INFO - Started process 8107 to run task
[2024-12-14T20:18:12.059+0000] {task_command.py:426} INFO - Running <TaskInstance: migration_fit_data.create_dwh_table.recreate_dwh_enroll_student manual__2024-12-14T20:17:26.395846+00:00 [running]> on host 472b63b715e1
[2024-12-14T20:18:12.980+0000] {taskinstance.py:2648} INFO - Exporting env vars: AIRFLOW_CTX_DAG_OWNER='***' AIRFLOW_CTX_DAG_ID='migration_fit_data' AIRFLOW_CTX_TASK_ID='create_dwh_table.recreate_dwh_enroll_student' AIRFLOW_CTX_EXECUTION_DATE='2024-12-14T20:17:26.395846+00:00' AIRFLOW_CTX_TRY_NUMBER='1' AIRFLOW_CTX_DAG_RUN_ID='manual__2024-12-14T20:17:26.395846+00:00'
[2024-12-14T20:18:12.993+0000] {taskinstance.py:430} INFO - ::endgroup::
[2024-12-14T20:18:13.060+0000] {hive.py:475} INFO - USE `default`
[2024-12-14T20:18:13.090+0000] {hive.py:475} INFO - DROP TABLE IF EXISTS iceberg.warehouse.enroll_student
[2024-12-14T20:18:13.231+0000] {hive.py:475} INFO - CREATE DATABASE IF NOT EXISTS warehouse
[2024-12-14T20:18:13.301+0000] {hive.py:475} INFO - 
        CREATE TABLE IF NOT EXISTS iceberg.warehouse.enroll_student (
            student_id STRING,enrollment_id BIGINT,enrollment_time TIMESTAMP   
        )
        USING iceberg
        LOCATION '/fit_warehouse/warehouse/enroll_student/*.snappy.parquet'
    
[2024-12-14T20:18:13.721+0000] {python.py:237} INFO - Done. Returned value was: None
[2024-12-14T20:18:13.722+0000] {taskinstance.py:441} INFO - ::group::Post task execution logs
[2024-12-14T20:18:13.758+0000] {taskinstance.py:1206} INFO - Marking task as SUCCESS. dag_id=migration_fit_data, task_id=create_dwh_table.recreate_dwh_enroll_student, run_id=manual__2024-12-14T20:17:26.395846+00:00, execution_date=20241214T201726, start_date=20241214T201811, end_date=20241214T201813
[2024-12-14T20:18:13.870+0000] {local_task_job_runner.py:240} INFO - Task exited with return code 0
[2024-12-14T20:18:13.903+0000] {local_task_job_runner.py:222} INFO - ::endgroup::
