[2024-12-17T04:06:20.230+0000] {local_task_job_runner.py:120} INFO - ::group::Pre task execution logs
[2024-12-17T04:06:20.270+0000] {taskinstance.py:2076} INFO - Dependencies all met for dep_context=non-requeueable deps ti=<TaskInstance: migration_fit_data.insert_warehouse.insert_dwh_lecturer manual__2024-12-17T04:04:13.440119+00:00 [queued]>
[2024-12-17T04:06:20.306+0000] {taskinstance.py:2076} INFO - Dependencies all met for dep_context=requeueable deps ti=<TaskInstance: migration_fit_data.insert_warehouse.insert_dwh_lecturer manual__2024-12-17T04:04:13.440119+00:00 [queued]>
[2024-12-17T04:06:20.308+0000] {taskinstance.py:2306} INFO - Starting attempt 1 of 1
[2024-12-17T04:06:20.342+0000] {taskinstance.py:2330} INFO - Executing <Task(PythonOperator): insert_warehouse.insert_dwh_lecturer> on 2024-12-17 04:04:13.440119+00:00
[2024-12-17T04:06:20.376+0000] {warnings.py:110} WARNING - /home/***/.local/lib/python3.12/site-packages/***/task/task_runner/standard_task_runner.py:61: DeprecationWarning: This process (pid=36794) is multi-threaded, use of fork() may lead to deadlocks in the child.
  pid = os.fork()

[2024-12-17T04:06:20.387+0000] {standard_task_runner.py:63} INFO - Started process 36825 to run task
[2024-12-17T04:06:20.479+0000] {standard_task_runner.py:90} INFO - Running: ['***', 'tasks', 'run', 'migration_fit_data', 'insert_warehouse.insert_dwh_lecturer', 'manual__2024-12-17T04:04:13.440119+00:00', '--job-id', '785', '--raw', '--subdir', 'DAGS_FOLDER/elt_migrate.py', '--cfg-path', '/tmp/tmprop_y35k']
[2024-12-17T04:06:20.535+0000] {standard_task_runner.py:91} INFO - Job 785: Subtask insert_warehouse.insert_dwh_lecturer
[2024-12-17T04:06:21.374+0000] {task_command.py:426} INFO - Running <TaskInstance: migration_fit_data.insert_warehouse.insert_dwh_lecturer manual__2024-12-17T04:04:13.440119+00:00 [running]> on host 2f4e9c743994
[2024-12-17T04:06:22.795+0000] {taskinstance.py:2648} INFO - Exporting env vars: AIRFLOW_CTX_DAG_OWNER='***' AIRFLOW_CTX_DAG_ID='migration_fit_data' AIRFLOW_CTX_TASK_ID='insert_warehouse.insert_dwh_lecturer' AIRFLOW_CTX_EXECUTION_DATE='2024-12-17T04:04:13.440119+00:00' AIRFLOW_CTX_TRY_NUMBER='1' AIRFLOW_CTX_DAG_RUN_ID='manual__2024-12-17T04:04:13.440119+00:00'
[2024-12-17T04:06:22.796+0000] {taskinstance.py:430} INFO - ::endgroup::
[2024-12-17T04:06:22.960+0000] {hive.py:475} INFO - USE `default`
[2024-12-17T04:06:23.291+0000] {hive.py:475} INFO - SELECT COUNT(*) FROM default.lecturer
[2024-12-17T04:06:27.072+0000] {logging_mixin.py:188} INFO - SELECT COUNT(*) FROM default.lecturer --- 168
[2024-12-17T04:06:27.081+0000] {hive.py:475} INFO - 
            MERGE INTO iceberg.warehouse.lecturer t
            USING default.lecturer s
            ON t.lecturer_id=s.lecturer_id
            WHEN MATCHED 
                THEN UPDATE SET 
                t.lecturer_id=s.lecturer_id,t.employee_id=s.employee_id,t.academic_title=s.academic_title,t.academic_title_date=s.academic_title_date,t.degree=s.degree,t.degree_issue_date=s.degree_issue_date,t.degree_issue_place=s.degree_issue_place,t.major=s.major,t.department=s.department,t.number_of_exp=s.number_of_exp
            WHEN NOT MATCHED 
                THEN INSERT *
        
[2024-12-17T04:06:47.197+0000] {python.py:237} INFO - Done. Returned value was: None
[2024-12-17T04:06:47.197+0000] {taskinstance.py:441} INFO - ::group::Post task execution logs
[2024-12-17T04:06:47.298+0000] {taskinstance.py:1206} INFO - Marking task as SUCCESS. dag_id=migration_fit_data, task_id=insert_warehouse.insert_dwh_lecturer, run_id=manual__2024-12-17T04:04:13.440119+00:00, execution_date=20241217T040413, start_date=20241217T040620, end_date=20241217T040647
[2024-12-17T04:06:47.488+0000] {local_task_job_runner.py:240} INFO - Task exited with return code 0
[2024-12-17T04:06:47.580+0000] {local_task_job_runner.py:222} INFO - ::endgroup::
