[2024-12-13T20:35:36.706+0000] {local_task_job_runner.py:120} INFO - ::group::Pre task execution logs
[2024-12-13T20:35:36.943+0000] {taskinstance.py:2076} INFO - Dependencies all met for dep_context=non-requeueable deps ti=<TaskInstance: migration_fit_data.load_staging.create_staging_student manual__2024-12-13T20:35:11.487363+00:00 [queued]>
[2024-12-13T20:35:37.015+0000] {taskinstance.py:2076} INFO - Dependencies all met for dep_context=requeueable deps ti=<TaskInstance: migration_fit_data.load_staging.create_staging_student manual__2024-12-13T20:35:11.487363+00:00 [queued]>
[2024-12-13T20:35:37.015+0000] {taskinstance.py:2306} INFO - Starting attempt 1 of 1
[2024-12-13T20:35:37.054+0000] {taskinstance.py:2330} INFO - Executing <Task(PythonOperator): load_staging.create_staging_student> on 2024-12-13 20:35:11.487363+00:00
[2024-12-13T20:35:37.092+0000] {warnings.py:110} WARNING - /home/***/.local/lib/python3.12/site-packages/***/task/task_runner/standard_task_runner.py:61: DeprecationWarning: This process (pid=5858) is multi-threaded, use of fork() may lead to deadlocks in the child.
  pid = os.fork()

[2024-12-13T20:35:37.111+0000] {standard_task_runner.py:63} INFO - Started process 5889 to run task
[2024-12-13T20:35:37.117+0000] {standard_task_runner.py:90} INFO - Running: ['***', 'tasks', 'run', 'migration_fit_data', 'load_staging.create_staging_student', 'manual__2024-12-13T20:35:11.487363+00:00', '--job-id', '661', '--raw', '--subdir', 'DAGS_FOLDER/elt_migrate.py', '--cfg-path', '/tmp/tmp3c3499qk']
[2024-12-13T20:35:37.140+0000] {standard_task_runner.py:91} INFO - Job 661: Subtask load_staging.create_staging_student
[2024-12-13T20:35:37.636+0000] {task_command.py:426} INFO - Running <TaskInstance: migration_fit_data.load_staging.create_staging_student manual__2024-12-13T20:35:11.487363+00:00 [running]> on host 1fe973f28a1c
[2024-12-13T20:35:38.681+0000] {taskinstance.py:2648} INFO - Exporting env vars: AIRFLOW_CTX_DAG_OWNER='***' AIRFLOW_CTX_DAG_ID='migration_fit_data' AIRFLOW_CTX_TASK_ID='load_staging.create_staging_student' AIRFLOW_CTX_EXECUTION_DATE='2024-12-13T20:35:11.487363+00:00' AIRFLOW_CTX_TRY_NUMBER='1' AIRFLOW_CTX_DAG_RUN_ID='manual__2024-12-13T20:35:11.487363+00:00'
[2024-12-13T20:35:38.682+0000] {taskinstance.py:430} INFO - ::endgroup::
[2024-12-13T20:35:38.707+0000] {hive.py:475} INFO - USE `default`
[2024-12-13T20:35:38.835+0000] {hive.py:475} INFO - DROP TABLE IF EXISTS default.student
[2024-12-13T20:35:39.631+0000] {hive.py:475} INFO - 
        CREATE TABLE IF NOT EXISTS default.student (
            student_id STRING,student_name STRING,class_name STRING,edu_mail STRING,address_id BIGINT,national_id BIGINT,key_year STRING,gender STRING,student_dob TIMESTAMP   
        )   
        STORED AS PARQUET
        LOCATION '/fit_warehouse/raw/student/*.snappy.parquet'
    
[2024-12-13T20:35:39.997+0000] {hive.py:475} INFO - ANALYZE TABLE default.student COMPUTE STATISTICS
[2024-12-13T20:35:40.653+0000] {python.py:237} INFO - Done. Returned value was: None
[2024-12-13T20:35:40.654+0000] {taskinstance.py:441} INFO - ::group::Post task execution logs
[2024-12-13T20:35:40.674+0000] {taskinstance.py:1206} INFO - Marking task as SUCCESS. dag_id=migration_fit_data, task_id=load_staging.create_staging_student, run_id=manual__2024-12-13T20:35:11.487363+00:00, execution_date=20241213T203511, start_date=20241213T203536, end_date=20241213T203540
[2024-12-13T20:35:40.746+0000] {local_task_job_runner.py:240} INFO - Task exited with return code 0
[2024-12-13T20:35:40.809+0000] {taskinstance.py:3498} INFO - 14 downstream tasks scheduled from follow-on schedule check
[2024-12-13T20:35:40.810+0000] {local_task_job_runner.py:222} INFO - ::endgroup::
