[2024-12-19T04:29:14.545+0000] {local_task_job_runner.py:120} INFO - ::group::Pre task execution logs
[2024-12-19T04:29:14.671+0000] {taskinstance.py:2076} INFO - Dependencies all met for dep_context=non-requeueable deps ti=<TaskInstance: ELT_dimention_data.load_staging.create_staging_student manual__2024-12-19T04:24:44.941262+00:00 [queued]>
[2024-12-19T04:29:14.706+0000] {taskinstance.py:2076} INFO - Dependencies all met for dep_context=requeueable deps ti=<TaskInstance: ELT_dimention_data.load_staging.create_staging_student manual__2024-12-19T04:24:44.941262+00:00 [queued]>
[2024-12-19T04:29:14.710+0000] {taskinstance.py:2306} INFO - Starting attempt 1 of 1
[2024-12-19T04:29:14.758+0000] {taskinstance.py:2330} INFO - Executing <Task(PythonOperator): load_staging.create_staging_student> on 2024-12-19 04:24:44.941262+00:00
[2024-12-19T04:29:14.823+0000] {standard_task_runner.py:90} INFO - Running: ['***', 'tasks', 'run', 'ELT_dimention_data', 'load_staging.create_staging_student', 'manual__2024-12-19T04:24:44.941262+00:00', '--job-id', '1240', '--raw', '--subdir', 'DAGS_FOLDER/elt_dimention.py', '--cfg-path', '/tmp/tmprwr1ve6n']
[2024-12-19T04:29:14.827+0000] {standard_task_runner.py:91} INFO - Job 1240: Subtask load_staging.create_staging_student
[2024-12-19T04:29:14.838+0000] {warnings.py:110} WARNING - /home/***/.local/lib/python3.12/site-packages/***/task/task_runner/standard_task_runner.py:61: DeprecationWarning: This process (pid=8594) is multi-threaded, use of fork() may lead to deadlocks in the child.
  pid = os.fork()

[2024-12-19T04:29:14.851+0000] {standard_task_runner.py:63} INFO - Started process 8603 to run task
[2024-12-19T04:29:15.031+0000] {task_command.py:426} INFO - Running <TaskInstance: ELT_dimention_data.load_staging.create_staging_student manual__2024-12-19T04:24:44.941262+00:00 [running]> on host 33a17f71e955
[2024-12-19T04:29:15.461+0000] {taskinstance.py:2648} INFO - Exporting env vars: AIRFLOW_CTX_DAG_OWNER='***' AIRFLOW_CTX_DAG_ID='ELT_dimention_data' AIRFLOW_CTX_TASK_ID='load_staging.create_staging_student' AIRFLOW_CTX_EXECUTION_DATE='2024-12-19T04:24:44.941262+00:00' AIRFLOW_CTX_TRY_NUMBER='1' AIRFLOW_CTX_DAG_RUN_ID='manual__2024-12-19T04:24:44.941262+00:00'
[2024-12-19T04:29:15.468+0000] {taskinstance.py:430} INFO - ::endgroup::
[2024-12-19T04:29:15.561+0000] {hive.py:475} INFO - USE `default`
[2024-12-19T04:29:16.102+0000] {hive.py:475} INFO - DROP TABLE IF EXISTS default.student
[2024-12-19T04:29:18.284+0000] {hive.py:475} INFO - 
        CREATE TABLE IF NOT EXISTS default.student (
            student_id STRING,student_name STRING,class_name STRING,edu_mail STRING,address_id BIGINT,national_id BIGINT,key_year STRING,gender STRING,student_dob TIMESTAMP   
        )   
        STORED AS PARQUET
        LOCATION '/fit_warehouse/raw/student/*.snappy.parquet'
    
[2024-12-19T04:29:19.769+0000] {hive.py:475} INFO - ANALYZE TABLE default.student COMPUTE STATISTICS
[2024-12-19T04:29:21.558+0000] {python.py:237} INFO - Done. Returned value was: None
[2024-12-19T04:29:21.574+0000] {taskinstance.py:441} INFO - ::group::Post task execution logs
[2024-12-19T04:29:21.620+0000] {taskinstance.py:1206} INFO - Marking task as SUCCESS. dag_id=ELT_dimention_data, task_id=load_staging.create_staging_student, run_id=manual__2024-12-19T04:24:44.941262+00:00, execution_date=20241219T042444, start_date=20241219T042914, end_date=20241219T042921
[2024-12-19T04:29:21.801+0000] {local_task_job_runner.py:240} INFO - Task exited with return code 0
[2024-12-19T04:29:22.039+0000] {taskinstance.py:3498} INFO - 0 downstream tasks scheduled from follow-on schedule check
[2024-12-19T04:29:22.059+0000] {local_task_job_runner.py:222} INFO - ::endgroup::
