[2024-12-19T04:25:20.127+0000] {local_task_job_runner.py:120} INFO - ::group::Pre task execution logs
[2024-12-19T04:25:20.217+0000] {taskinstance.py:2076} INFO - Dependencies all met for dep_context=non-requeueable deps ti=<TaskInstance: ELT_dimention_data.load_staging.create_staging_student manual__2024-12-19T04:24:45.064013+00:00 [queued]>
[2024-12-19T04:25:20.224+0000] {taskinstance.py:2076} INFO - Dependencies all met for dep_context=requeueable deps ti=<TaskInstance: ELT_dimention_data.load_staging.create_staging_student manual__2024-12-19T04:24:45.064013+00:00 [queued]>
[2024-12-19T04:25:20.225+0000] {taskinstance.py:2306} INFO - Starting attempt 1 of 1
[2024-12-19T04:25:20.238+0000] {taskinstance.py:2330} INFO - Executing <Task(PythonOperator): load_staging.create_staging_student> on 2024-12-19 04:24:45.064013+00:00
[2024-12-19T04:25:20.306+0000] {warnings.py:110} WARNING - /home/***/.local/lib/python3.12/site-packages/***/task/task_runner/standard_task_runner.py:61: DeprecationWarning: This process (pid=8370) is multi-threaded, use of fork() may lead to deadlocks in the child.
  pid = os.fork()

[2024-12-19T04:25:20.318+0000] {standard_task_runner.py:63} INFO - Started process 8386 to run task
[2024-12-19T04:25:20.331+0000] {standard_task_runner.py:90} INFO - Running: ['***', 'tasks', 'run', 'ELT_dimention_data', 'load_staging.create_staging_student', 'manual__2024-12-19T04:24:45.064013+00:00', '--job-id', '1179', '--raw', '--subdir', 'DAGS_FOLDER/elt_dimention.py', '--cfg-path', '/tmp/tmpmvfxbrq1']
[2024-12-19T04:25:20.349+0000] {standard_task_runner.py:91} INFO - Job 1179: Subtask load_staging.create_staging_student
[2024-12-19T04:25:20.696+0000] {task_command.py:426} INFO - Running <TaskInstance: ELT_dimention_data.load_staging.create_staging_student manual__2024-12-19T04:24:45.064013+00:00 [running]> on host 33a17f71e955
[2024-12-19T04:25:21.681+0000] {taskinstance.py:2648} INFO - Exporting env vars: AIRFLOW_CTX_DAG_OWNER='***' AIRFLOW_CTX_DAG_ID='ELT_dimention_data' AIRFLOW_CTX_TASK_ID='load_staging.create_staging_student' AIRFLOW_CTX_EXECUTION_DATE='2024-12-19T04:24:45.064013+00:00' AIRFLOW_CTX_TRY_NUMBER='1' AIRFLOW_CTX_DAG_RUN_ID='manual__2024-12-19T04:24:45.064013+00:00'
[2024-12-19T04:25:21.687+0000] {taskinstance.py:430} INFO - ::endgroup::
[2024-12-19T04:25:21.846+0000] {hive.py:475} INFO - USE `default`
[2024-12-19T04:25:22.105+0000] {hive.py:475} INFO - DROP TABLE IF EXISTS default.student
[2024-12-19T04:25:23.302+0000] {hive.py:475} INFO - 
        CREATE TABLE IF NOT EXISTS default.student (
            student_id STRING,student_name STRING,class_name STRING,edu_mail STRING,address_id BIGINT,national_id BIGINT,key_year STRING,gender STRING,student_dob TIMESTAMP   
        )   
        STORED AS PARQUET
        LOCATION '/fit_warehouse/raw/student/*.snappy.parquet'
    
[2024-12-19T04:25:23.547+0000] {hive.py:475} INFO - ANALYZE TABLE default.student COMPUTE STATISTICS
[2024-12-19T04:25:28.562+0000] {python.py:237} INFO - Done. Returned value was: None
[2024-12-19T04:25:28.562+0000] {taskinstance.py:441} INFO - ::group::Post task execution logs
[2024-12-19T04:25:28.598+0000] {taskinstance.py:1206} INFO - Marking task as SUCCESS. dag_id=ELT_dimention_data, task_id=load_staging.create_staging_student, run_id=manual__2024-12-19T04:24:45.064013+00:00, execution_date=20241219T042445, start_date=20241219T042520, end_date=20241219T042528
[2024-12-19T04:25:28.669+0000] {local_task_job_runner.py:240} INFO - Task exited with return code 0
[2024-12-19T04:25:28.825+0000] {taskinstance.py:3498} INFO - 0 downstream tasks scheduled from follow-on schedule check
[2024-12-19T04:25:28.839+0000] {local_task_job_runner.py:222} INFO - ::endgroup::
