[2024-12-14T10:44:53.782+0000] {local_task_job_runner.py:120} INFO - ::group::Pre task execution logs
[2024-12-14T10:44:53.959+0000] {taskinstance.py:2076} INFO - Dependencies all met for dep_context=non-requeueable deps ti=<TaskInstance: migration_fit_data.create_dwh_table.recreate_dwh_instruction_lecturer manual__2024-12-14T10:43:58.385775+00:00 [queued]>
[2024-12-14T10:44:54.057+0000] {taskinstance.py:2076} INFO - Dependencies all met for dep_context=requeueable deps ti=<TaskInstance: migration_fit_data.create_dwh_table.recreate_dwh_instruction_lecturer manual__2024-12-14T10:43:58.385775+00:00 [queued]>
[2024-12-14T10:44:54.058+0000] {taskinstance.py:2306} INFO - Starting attempt 1 of 1
[2024-12-14T10:44:54.242+0000] {taskinstance.py:2330} INFO - Executing <Task(PythonOperator): create_dwh_table.recreate_dwh_instruction_lecturer> on 2024-12-14 10:43:58.385775+00:00
[2024-12-14T10:44:54.317+0000] {warnings.py:110} WARNING - /home/***/.local/lib/python3.12/site-packages/***/task/task_runner/standard_task_runner.py:61: DeprecationWarning: This process (pid=276) is multi-threaded, use of fork() may lead to deadlocks in the child.
  pid = os.fork()

[2024-12-14T10:44:54.340+0000] {standard_task_runner.py:63} INFO - Started process 299 to run task
[2024-12-14T10:44:54.337+0000] {standard_task_runner.py:90} INFO - Running: ['***', 'tasks', 'run', 'migration_fit_data', 'create_dwh_table.recreate_dwh_instruction_lecturer', 'manual__2024-12-14T10:43:58.385775+00:00', '--job-id', '48', '--raw', '--subdir', 'DAGS_FOLDER/elt_migrate.py', '--cfg-path', '/tmp/tmph3xbyzs2']
[2024-12-14T10:44:54.370+0000] {standard_task_runner.py:91} INFO - Job 48: Subtask create_dwh_table.recreate_dwh_instruction_lecturer
[2024-12-14T10:44:54.633+0000] {task_command.py:426} INFO - Running <TaskInstance: migration_fit_data.create_dwh_table.recreate_dwh_instruction_lecturer manual__2024-12-14T10:43:58.385775+00:00 [running]> on host 06cbf31e97a5
[2024-12-14T10:44:55.404+0000] {taskinstance.py:2648} INFO - Exporting env vars: AIRFLOW_CTX_DAG_OWNER='***' AIRFLOW_CTX_DAG_ID='migration_fit_data' AIRFLOW_CTX_TASK_ID='create_dwh_table.recreate_dwh_instruction_lecturer' AIRFLOW_CTX_EXECUTION_DATE='2024-12-14T10:43:58.385775+00:00' AIRFLOW_CTX_TRY_NUMBER='1' AIRFLOW_CTX_DAG_RUN_ID='manual__2024-12-14T10:43:58.385775+00:00'
[2024-12-14T10:44:55.407+0000] {taskinstance.py:430} INFO - ::endgroup::
[2024-12-14T10:44:55.499+0000] {hive.py:475} INFO - USE `default`
[2024-12-14T10:44:55.602+0000] {hive.py:475} INFO - DROP TABLE IF EXISTS iceberg.warehouse.instruction_lecturer
[2024-12-14T10:44:55.819+0000] {hive.py:475} INFO - CREATE DATABASE IF NOT EXISTS warehouse
[2024-12-14T10:44:56.009+0000] {hive.py:475} INFO - 
        CREATE TABLE IF NOT EXISTS iceberg.warehouse.instruction_lecturer (
            instruction_lecturer_id BIGINT,instruction_id BIGINT,lecturer_id BIGINT,lecturer_type STRING   
        )
        USING iceberg
        LOCATION '/fit_warehouse/warehouse/instruction_lecturer/*.snappy.parquet'
    
[2024-12-14T10:44:57.752+0000] {python.py:237} INFO - Done. Returned value was: None
[2024-12-14T10:44:57.753+0000] {taskinstance.py:441} INFO - ::group::Post task execution logs
[2024-12-14T10:44:57.817+0000] {taskinstance.py:1206} INFO - Marking task as SUCCESS. dag_id=migration_fit_data, task_id=create_dwh_table.recreate_dwh_instruction_lecturer, run_id=manual__2024-12-14T10:43:58.385775+00:00, execution_date=20241214T104358, start_date=20241214T104453, end_date=20241214T104457
[2024-12-14T10:44:58.102+0000] {local_task_job_runner.py:240} INFO - Task exited with return code 0
[2024-12-14T10:44:58.147+0000] {local_task_job_runner.py:222} INFO - ::endgroup::
