[2024-12-14T08:45:07.321+0000] {local_task_job_runner.py:120} INFO - ::group::Pre task execution logs
[2024-12-14T08:45:07.344+0000] {taskinstance.py:2076} INFO - Dependencies all met for dep_context=non-requeueable deps ti=<TaskInstance: etl_instruction_fact_data.get_raw_data.extract_raw_instruction_fact manual__2024-12-14T08:45:05.407559+00:00 [queued]>
[2024-12-14T08:45:07.362+0000] {taskinstance.py:2076} INFO - Dependencies all met for dep_context=requeueable deps ti=<TaskInstance: etl_instruction_fact_data.get_raw_data.extract_raw_instruction_fact manual__2024-12-14T08:45:05.407559+00:00 [queued]>
[2024-12-14T08:45:07.363+0000] {taskinstance.py:2306} INFO - Starting attempt 1 of 1
[2024-12-14T08:45:07.385+0000] {taskinstance.py:2330} INFO - Executing <Task(PythonOperator): get_raw_data.extract_raw_instruction_fact> on 2024-12-14 08:45:05.407559+00:00
[2024-12-14T08:45:07.400+0000] {warnings.py:110} WARNING - /home/***/.local/lib/python3.12/site-packages/***/task/task_runner/standard_task_runner.py:61: DeprecationWarning: This process (pid=16141) is multi-threaded, use of fork() may lead to deadlocks in the child.
  pid = os.fork()

[2024-12-14T08:45:07.403+0000] {standard_task_runner.py:63} INFO - Started process 16145 to run task
[2024-12-14T08:45:07.416+0000] {standard_task_runner.py:90} INFO - Running: ['***', 'tasks', 'run', 'etl_instruction_fact_data', 'get_raw_data.extract_raw_instruction_fact', 'manual__2024-12-14T08:45:05.407559+00:00', '--job-id', '1088', '--raw', '--subdir', 'DAGS_FOLDER/elt_instruction_fact.py', '--cfg-path', '/tmp/tmp1lkgzbuf']
[2024-12-14T08:45:07.421+0000] {standard_task_runner.py:91} INFO - Job 1088: Subtask get_raw_data.extract_raw_instruction_fact
[2024-12-14T08:45:07.564+0000] {task_command.py:426} INFO - Running <TaskInstance: etl_instruction_fact_data.get_raw_data.extract_raw_instruction_fact manual__2024-12-14T08:45:05.407559+00:00 [running]> on host 1fe973f28a1c
[2024-12-14T08:45:07.702+0000] {taskinstance.py:2648} INFO - Exporting env vars: AIRFLOW_CTX_DAG_OWNER='***' AIRFLOW_CTX_DAG_ID='etl_instruction_fact_data' AIRFLOW_CTX_TASK_ID='get_raw_data.extract_raw_instruction_fact' AIRFLOW_CTX_EXECUTION_DATE='2024-12-14T08:45:05.407559+00:00' AIRFLOW_CTX_TRY_NUMBER='1' AIRFLOW_CTX_DAG_RUN_ID='manual__2024-12-14T08:45:05.407559+00:00'
[2024-12-14T08:45:07.703+0000] {taskinstance.py:430} INFO - ::endgroup::
[2024-12-14T08:45:09.378+0000] {__init__.py:412} INFO - DELETE /fit_warehouse/raw/instruction_fact/ recursive=True user.name=default namenode:9870
[2024-12-14T08:45:09.387+0000] {__init__.py:412} INFO - GETFILESTATUS /fit_warehouse/raw/instruction_fact/ user.name=default namenode:9870
[2024-12-14T08:45:09.392+0000] {__init__.py:412} INFO - MKDIRS /fit_warehouse/raw/instruction_fact/ user.name=default namenode:9870
[2024-12-14T08:45:09.404+0000] {__init__.py:412} INFO - CREATE /fit_warehouse/raw/instruction_fact/instruction_fact_01.snappy.parquet overwrite=True async_=True user.name=default namenode:9870
[2024-12-14T08:45:09.460+0000] {python.py:237} INFO - Done. Returned value was: None
[2024-12-14T08:45:09.460+0000] {taskinstance.py:441} INFO - ::group::Post task execution logs
[2024-12-14T08:45:09.469+0000] {taskinstance.py:1206} INFO - Marking task as SUCCESS. dag_id=etl_instruction_fact_data, task_id=get_raw_data.extract_raw_instruction_fact, run_id=manual__2024-12-14T08:45:05.407559+00:00, execution_date=20241214T084505, start_date=20241214T084507, end_date=20241214T084509
[2024-12-14T08:45:09.520+0000] {local_task_job_runner.py:240} INFO - Task exited with return code 0
[2024-12-14T08:45:09.561+0000] {taskinstance.py:3498} INFO - 2 downstream tasks scheduled from follow-on schedule check
[2024-12-14T08:45:09.562+0000] {local_task_job_runner.py:222} INFO - ::endgroup::
