[2024-12-14T11:26:05.065+0000] {local_task_job_runner.py:120} INFO - ::group::Pre task execution logs
[2024-12-14T11:26:05.203+0000] {taskinstance.py:2076} INFO - Dependencies all met for dep_context=non-requeueable deps ti=<TaskInstance: etl_dimention_data.load_staging.create_staging_class manual__2024-12-14T11:25:56.415936+00:00 [queued]>
[2024-12-14T11:26:05.272+0000] {taskinstance.py:2076} INFO - Dependencies all met for dep_context=requeueable deps ti=<TaskInstance: etl_dimention_data.load_staging.create_staging_class manual__2024-12-14T11:25:56.415936+00:00 [queued]>
[2024-12-14T11:26:05.277+0000] {taskinstance.py:2306} INFO - Starting attempt 1 of 1
[2024-12-14T11:26:05.367+0000] {taskinstance.py:2330} INFO - Executing <Task(PythonOperator): load_staging.create_staging_class> on 2024-12-14 11:25:56.415936+00:00
[2024-12-14T11:26:05.416+0000] {warnings.py:110} WARNING - /home/***/.local/lib/python3.12/site-packages/***/task/task_runner/standard_task_runner.py:61: DeprecationWarning: This process (pid=675) is multi-threaded, use of fork() may lead to deadlocks in the child.
  pid = os.fork()

[2024-12-14T11:26:05.435+0000] {standard_task_runner.py:63} INFO - Started process 688 to run task
[2024-12-14T11:26:05.437+0000] {standard_task_runner.py:90} INFO - Running: ['***', 'tasks', 'run', 'etl_dimention_data', 'load_staging.create_staging_class', 'manual__2024-12-14T11:25:56.415936+00:00', '--job-id', '133', '--raw', '--subdir', 'DAGS_FOLDER/elt_dimention.py', '--cfg-path', '/tmp/tmpl44jik4n']
[2024-12-14T11:26:05.456+0000] {standard_task_runner.py:91} INFO - Job 133: Subtask load_staging.create_staging_class
[2024-12-14T11:26:05.567+0000] {task_command.py:426} INFO - Running <TaskInstance: etl_dimention_data.load_staging.create_staging_class manual__2024-12-14T11:25:56.415936+00:00 [running]> on host 472b63b715e1
[2024-12-14T11:26:05.848+0000] {taskinstance.py:2648} INFO - Exporting env vars: AIRFLOW_CTX_DAG_OWNER='***' AIRFLOW_CTX_DAG_ID='etl_dimention_data' AIRFLOW_CTX_TASK_ID='load_staging.create_staging_class' AIRFLOW_CTX_EXECUTION_DATE='2024-12-14T11:25:56.415936+00:00' AIRFLOW_CTX_TRY_NUMBER='1' AIRFLOW_CTX_DAG_RUN_ID='manual__2024-12-14T11:25:56.415936+00:00'
[2024-12-14T11:26:05.854+0000] {taskinstance.py:430} INFO - ::endgroup::
[2024-12-14T11:26:05.878+0000] {hive.py:475} INFO - USE `default`
[2024-12-14T11:26:05.943+0000] {hive.py:475} INFO - DROP TABLE IF EXISTS default.class
[2024-12-14T11:26:06.813+0000] {hive.py:475} INFO - 
        CREATE TABLE IF NOT EXISTS default.class (
            class_id BIGINT,class_name STRING,last_modified_date TIMESTAMP   
        )   
        STORED AS PARQUET
        LOCATION '/fit_warehouse/raw/class/*.snappy.parquet'
    
[2024-12-14T11:26:07.077+0000] {hive.py:475} INFO - ANALYZE TABLE default.class COMPUTE STATISTICS
[2024-12-14T11:26:08.573+0000] {python.py:237} INFO - Done. Returned value was: None
[2024-12-14T11:26:08.574+0000] {taskinstance.py:441} INFO - ::group::Post task execution logs
[2024-12-14T11:26:08.584+0000] {taskinstance.py:1206} INFO - Marking task as SUCCESS. dag_id=etl_dimention_data, task_id=load_staging.create_staging_class, run_id=manual__2024-12-14T11:25:56.415936+00:00, execution_date=20241214T112556, start_date=20241214T112605, end_date=20241214T112608
[2024-12-14T11:26:08.641+0000] {local_task_job_runner.py:240} INFO - Task exited with return code 0
[2024-12-14T11:26:08.686+0000] {taskinstance.py:3498} INFO - 0 downstream tasks scheduled from follow-on schedule check
[2024-12-14T11:26:08.689+0000] {local_task_job_runner.py:222} INFO - ::endgroup::
