[2024-12-16T14:43:29.672+0000] {local_task_job_runner.py:120} INFO - ::group::Pre task execution logs
[2024-12-16T14:43:29.698+0000] {taskinstance.py:2076} INFO - Dependencies all met for dep_context=non-requeueable deps ti=<TaskInstance: migration_fit_data.get_raw_data.extract_raw_class manual__2024-12-16T14:42:18.441063+00:00 [queued]>
[2024-12-16T14:43:29.705+0000] {taskinstance.py:2076} INFO - Dependencies all met for dep_context=requeueable deps ti=<TaskInstance: migration_fit_data.get_raw_data.extract_raw_class manual__2024-12-16T14:42:18.441063+00:00 [queued]>
[2024-12-16T14:43:29.706+0000] {taskinstance.py:2306} INFO - Starting attempt 1 of 1
[2024-12-16T14:43:29.726+0000] {taskinstance.py:2330} INFO - Executing <Task(PythonOperator): get_raw_data.extract_raw_class> on 2024-12-16 14:42:18.441063+00:00
[2024-12-16T14:43:29.746+0000] {warnings.py:110} WARNING - /home/***/.local/lib/python3.12/site-packages/***/task/task_runner/standard_task_runner.py:61: DeprecationWarning: This process (pid=26167) is multi-threaded, use of fork() may lead to deadlocks in the child.
  pid = os.fork()

[2024-12-16T14:43:29.748+0000] {standard_task_runner.py:63} INFO - Started process 26229 to run task
[2024-12-16T14:43:29.750+0000] {standard_task_runner.py:90} INFO - Running: ['***', 'tasks', 'run', 'migration_fit_data', 'get_raw_data.extract_raw_class', 'manual__2024-12-16T14:42:18.441063+00:00', '--job-id', '561', '--raw', '--subdir', 'DAGS_FOLDER/elt_migrate.py', '--cfg-path', '/tmp/tmpm793jczb']
[2024-12-16T14:43:29.753+0000] {standard_task_runner.py:91} INFO - Job 561: Subtask get_raw_data.extract_raw_class
[2024-12-16T14:43:29.800+0000] {task_command.py:426} INFO - Running <TaskInstance: migration_fit_data.get_raw_data.extract_raw_class manual__2024-12-16T14:42:18.441063+00:00 [running]> on host 2f4e9c743994
[2024-12-16T14:43:29.899+0000] {taskinstance.py:2648} INFO - Exporting env vars: AIRFLOW_CTX_DAG_OWNER='***' AIRFLOW_CTX_DAG_ID='migration_fit_data' AIRFLOW_CTX_TASK_ID='get_raw_data.extract_raw_class' AIRFLOW_CTX_EXECUTION_DATE='2024-12-16T14:42:18.441063+00:00' AIRFLOW_CTX_TRY_NUMBER='1' AIRFLOW_CTX_DAG_RUN_ID='manual__2024-12-16T14:42:18.441063+00:00'
[2024-12-16T14:43:29.903+0000] {taskinstance.py:430} INFO - ::endgroup::
[2024-12-16T14:43:30.632+0000] {__init__.py:412} INFO - DELETE /fit_warehouse/raw/class/ recursive=True user.name=default namenode:9870
[2024-12-16T14:43:30.643+0000] {__init__.py:412} INFO - GETFILESTATUS /fit_warehouse/raw/class/ user.name=default namenode:9870
[2024-12-16T14:43:30.649+0000] {__init__.py:412} INFO - MKDIRS /fit_warehouse/raw/class/ user.name=default namenode:9870
[2024-12-16T14:43:30.665+0000] {__init__.py:412} INFO - CREATE /fit_warehouse/raw/class/class_01.snappy.parquet overwrite=True async_=True user.name=default namenode:9870
[2024-12-16T14:43:30.751+0000] {python.py:237} INFO - Done. Returned value was: None
[2024-12-16T14:43:30.752+0000] {taskinstance.py:441} INFO - ::group::Post task execution logs
[2024-12-16T14:43:30.773+0000] {taskinstance.py:1206} INFO - Marking task as SUCCESS. dag_id=migration_fit_data, task_id=get_raw_data.extract_raw_class, run_id=manual__2024-12-16T14:42:18.441063+00:00, execution_date=20241216T144218, start_date=20241216T144329, end_date=20241216T144330
[2024-12-16T14:43:30.812+0000] {local_task_job_runner.py:240} INFO - Task exited with return code 0
[2024-12-16T14:43:30.893+0000] {taskinstance.py:3498} INFO - 14 downstream tasks scheduled from follow-on schedule check
[2024-12-16T14:43:30.895+0000] {local_task_job_runner.py:222} INFO - ::endgroup::
