[2024-12-18T18:43:02.737+0000] {local_task_job_runner.py:120} INFO - ::group::Pre task execution logs
[2024-12-18T18:43:02.978+0000] {taskinstance.py:2076} INFO - Dependencies all met for dep_context=non-requeueable deps ti=<TaskInstance: migration_fit_schema.insert_data.insert_data_address manual__2024-12-18T18:42:34.621761+00:00 [queued]>
[2024-12-18T18:43:02.987+0000] {taskinstance.py:2076} INFO - Dependencies all met for dep_context=requeueable deps ti=<TaskInstance: migration_fit_schema.insert_data.insert_data_address manual__2024-12-18T18:42:34.621761+00:00 [queued]>
[2024-12-18T18:43:02.987+0000] {taskinstance.py:2306} INFO - Starting attempt 1 of 1
[2024-12-18T18:43:03.001+0000] {taskinstance.py:2330} INFO - Executing <Task(PythonOperator): insert_data.insert_data_address> on 2024-12-18 18:42:34.621761+00:00
[2024-12-18T18:43:03.015+0000] {warnings.py:110} WARNING - /home/***/.local/lib/python3.12/site-packages/***/task/task_runner/standard_task_runner.py:61: DeprecationWarning: This process (pid=1030) is multi-threaded, use of fork() may lead to deadlocks in the child.
  pid = os.fork()

[2024-12-18T18:43:03.017+0000] {standard_task_runner.py:63} INFO - Started process 1032 to run task
[2024-12-18T18:43:03.018+0000] {standard_task_runner.py:90} INFO - Running: ['***', 'tasks', 'run', 'migration_fit_schema', 'insert_data.insert_data_address', 'manual__2024-12-18T18:42:34.621761+00:00', '--job-id', '1067', '--raw', '--subdir', 'DAGS_FOLDER/etl_migrate.py', '--cfg-path', '/tmp/tmpx0o7abiz']
[2024-12-18T18:43:03.021+0000] {standard_task_runner.py:91} INFO - Job 1067: Subtask insert_data.insert_data_address
[2024-12-18T18:43:03.072+0000] {task_command.py:426} INFO - Running <TaskInstance: migration_fit_schema.insert_data.insert_data_address manual__2024-12-18T18:42:34.621761+00:00 [running]> on host 33a17f71e955
[2024-12-18T18:43:03.234+0000] {taskinstance.py:2648} INFO - Exporting env vars: AIRFLOW_CTX_DAG_OWNER='***' AIRFLOW_CTX_DAG_ID='migration_fit_schema' AIRFLOW_CTX_TASK_ID='insert_data.insert_data_address' AIRFLOW_CTX_EXECUTION_DATE='2024-12-18T18:42:34.621761+00:00' AIRFLOW_CTX_TRY_NUMBER='1' AIRFLOW_CTX_DAG_RUN_ID='manual__2024-12-18T18:42:34.621761+00:00'
[2024-12-18T18:43:03.235+0000] {taskinstance.py:430} INFO - ::endgroup::
[2024-12-18T18:43:06.209+0000] {__init__.py:412} INFO - GETFILESTATUS /data/raw/address/ user.name=default namenode:9870
[2024-12-18T18:43:06.244+0000] {__init__.py:412} INFO - MKDIRS /data/raw/address/ user.name=default namenode:9870
[2024-12-18T18:43:06.265+0000] {__init__.py:412} INFO - CREATE /data/raw/address/address_1734547386.csv overwrite=True async_=True user.name=default namenode:9870
[2024-12-18T18:43:06.384+0000] {python.py:237} INFO - Done. Returned value was: None
[2024-12-18T18:43:06.387+0000] {taskinstance.py:441} INFO - ::group::Post task execution logs
[2024-12-18T18:43:06.408+0000] {taskinstance.py:1206} INFO - Marking task as SUCCESS. dag_id=migration_fit_schema, task_id=insert_data.insert_data_address, run_id=manual__2024-12-18T18:42:34.621761+00:00, execution_date=20241218T184234, start_date=20241218T184302, end_date=20241218T184306
[2024-12-18T18:43:06.465+0000] {local_task_job_runner.py:240} INFO - Task exited with return code 0
[2024-12-18T18:43:06.548+0000] {taskinstance.py:3498} INFO - 1 downstream tasks scheduled from follow-on schedule check
[2024-12-18T18:43:06.551+0000] {local_task_job_runner.py:222} INFO - ::endgroup::
