[2024-12-14T10:44:25.848+0000] {local_task_job_runner.py:120} INFO - ::group::Pre task execution logs
[2024-12-14T10:44:25.869+0000] {taskinstance.py:2076} INFO - Dependencies all met for dep_context=non-requeueable deps ti=<TaskInstance: migration_fit_data.load_staging.create_staging_enroll_student manual__2024-12-14T10:43:58.385775+00:00 [queued]>
[2024-12-14T10:44:25.877+0000] {taskinstance.py:2076} INFO - Dependencies all met for dep_context=requeueable deps ti=<TaskInstance: migration_fit_data.load_staging.create_staging_enroll_student manual__2024-12-14T10:43:58.385775+00:00 [queued]>
[2024-12-14T10:44:25.878+0000] {taskinstance.py:2306} INFO - Starting attempt 1 of 1
[2024-12-14T10:44:25.891+0000] {taskinstance.py:2330} INFO - Executing <Task(PythonOperator): load_staging.create_staging_enroll_student> on 2024-12-14 10:43:58.385775+00:00
[2024-12-14T10:44:25.901+0000] {warnings.py:110} WARNING - /home/***/.local/lib/python3.12/site-packages/***/task/task_runner/standard_task_runner.py:61: DeprecationWarning: This process (pid=235) is multi-threaded, use of fork() may lead to deadlocks in the child.
  pid = os.fork()

[2024-12-14T10:44:25.903+0000] {standard_task_runner.py:63} INFO - Started process 263 to run task
[2024-12-14T10:44:25.903+0000] {standard_task_runner.py:90} INFO - Running: ['***', 'tasks', 'run', 'migration_fit_data', 'load_staging.create_staging_enroll_student', 'manual__2024-12-14T10:43:58.385775+00:00', '--job-id', '46', '--raw', '--subdir', 'DAGS_FOLDER/elt_migrate.py', '--cfg-path', '/tmp/tmpiwhqblbv']
[2024-12-14T10:44:25.908+0000] {standard_task_runner.py:91} INFO - Job 46: Subtask load_staging.create_staging_enroll_student
[2024-12-14T10:44:25.976+0000] {task_command.py:426} INFO - Running <TaskInstance: migration_fit_data.load_staging.create_staging_enroll_student manual__2024-12-14T10:43:58.385775+00:00 [running]> on host 06cbf31e97a5
[2024-12-14T10:44:26.240+0000] {taskinstance.py:2648} INFO - Exporting env vars: AIRFLOW_CTX_DAG_OWNER='***' AIRFLOW_CTX_DAG_ID='migration_fit_data' AIRFLOW_CTX_TASK_ID='load_staging.create_staging_enroll_student' AIRFLOW_CTX_EXECUTION_DATE='2024-12-14T10:43:58.385775+00:00' AIRFLOW_CTX_TRY_NUMBER='1' AIRFLOW_CTX_DAG_RUN_ID='manual__2024-12-14T10:43:58.385775+00:00'
[2024-12-14T10:44:26.245+0000] {taskinstance.py:430} INFO - ::endgroup::
[2024-12-14T10:44:26.312+0000] {hive.py:475} INFO - USE `default`
[2024-12-14T10:44:26.848+0000] {hive.py:475} INFO - DROP TABLE IF EXISTS default.enroll_student
[2024-12-14T10:44:27.977+0000] {hive.py:475} INFO - 
        CREATE TABLE IF NOT EXISTS default.enroll_student (
            student_id STRING,enrollment_id BIGINT,enrollment_time TIMESTAMP   
        )   
        STORED AS PARQUET
        LOCATION '/fit_warehouse/raw/enroll_student/*.snappy.parquet'
    
[2024-12-14T10:44:30.141+0000] {hive.py:475} INFO - ANALYZE TABLE default.enroll_student COMPUTE STATISTICS
[2024-12-14T10:44:44.366+0000] {python.py:237} INFO - Done. Returned value was: None
[2024-12-14T10:44:44.367+0000] {taskinstance.py:441} INFO - ::group::Post task execution logs
[2024-12-14T10:44:44.419+0000] {taskinstance.py:1206} INFO - Marking task as SUCCESS. dag_id=migration_fit_data, task_id=load_staging.create_staging_enroll_student, run_id=manual__2024-12-14T10:43:58.385775+00:00, execution_date=20241214T104358, start_date=20241214T104425, end_date=20241214T104444
[2024-12-14T10:44:44.554+0000] {local_task_job_runner.py:240} INFO - Task exited with return code 0
[2024-12-14T10:44:44.726+0000] {taskinstance.py:3498} INFO - 0 downstream tasks scheduled from follow-on schedule check
[2024-12-14T10:44:44.728+0000] {local_task_job_runner.py:222} INFO - ::endgroup::
