[2024-12-14T11:35:01.608+0000] {local_task_job_runner.py:120} INFO - ::group::Pre task execution logs
[2024-12-14T11:35:01.645+0000] {taskinstance.py:2076} INFO - Dependencies all met for dep_context=non-requeueable deps ti=<TaskInstance: etl_instruction_fact_data.get_raw_data.extract_raw_instruction_fact manual__2024-12-14T11:34:59.404452+00:00 [queued]>
[2024-12-14T11:35:01.659+0000] {taskinstance.py:2076} INFO - Dependencies all met for dep_context=requeueable deps ti=<TaskInstance: etl_instruction_fact_data.get_raw_data.extract_raw_instruction_fact manual__2024-12-14T11:34:59.404452+00:00 [queued]>
[2024-12-14T11:35:01.660+0000] {taskinstance.py:2306} INFO - Starting attempt 1 of 1
[2024-12-14T11:35:01.677+0000] {taskinstance.py:2330} INFO - Executing <Task(PythonOperator): get_raw_data.extract_raw_instruction_fact> on 2024-12-14 11:34:59.404452+00:00
[2024-12-14T11:35:01.694+0000] {warnings.py:110} WARNING - /home/***/.local/lib/python3.12/site-packages/***/task/task_runner/standard_task_runner.py:61: DeprecationWarning: This process (pid=892) is multi-threaded, use of fork() may lead to deadlocks in the child.
  pid = os.fork()

[2024-12-14T11:35:01.699+0000] {standard_task_runner.py:63} INFO - Started process 895 to run task
[2024-12-14T11:35:01.700+0000] {standard_task_runner.py:90} INFO - Running: ['***', 'tasks', 'run', 'etl_instruction_fact_data', 'get_raw_data.extract_raw_instruction_fact', 'manual__2024-12-14T11:34:59.404452+00:00', '--job-id', '169', '--raw', '--subdir', 'DAGS_FOLDER/elt_instruction_fact.py', '--cfg-path', '/tmp/tmp81qe0pi5']
[2024-12-14T11:35:01.704+0000] {standard_task_runner.py:91} INFO - Job 169: Subtask get_raw_data.extract_raw_instruction_fact
[2024-12-14T11:35:01.788+0000] {task_command.py:426} INFO - Running <TaskInstance: etl_instruction_fact_data.get_raw_data.extract_raw_instruction_fact manual__2024-12-14T11:34:59.404452+00:00 [running]> on host 472b63b715e1
[2024-12-14T11:35:01.931+0000] {taskinstance.py:2648} INFO - Exporting env vars: AIRFLOW_CTX_DAG_OWNER='***' AIRFLOW_CTX_DAG_ID='etl_instruction_fact_data' AIRFLOW_CTX_TASK_ID='get_raw_data.extract_raw_instruction_fact' AIRFLOW_CTX_EXECUTION_DATE='2024-12-14T11:34:59.404452+00:00' AIRFLOW_CTX_TRY_NUMBER='1' AIRFLOW_CTX_DAG_RUN_ID='manual__2024-12-14T11:34:59.404452+00:00'
[2024-12-14T11:35:01.937+0000] {taskinstance.py:430} INFO - ::endgroup::
[2024-12-14T11:35:02.818+0000] {__init__.py:412} INFO - DELETE /fit_warehouse/raw/instruction_fact/ recursive=True user.name=default namenode:9870
[2024-12-14T11:35:02.830+0000] {__init__.py:412} INFO - GETFILESTATUS /fit_warehouse/raw/instruction_fact/ user.name=default namenode:9870
[2024-12-14T11:35:02.840+0000] {__init__.py:412} INFO - MKDIRS /fit_warehouse/raw/instruction_fact/ user.name=default namenode:9870
[2024-12-14T11:35:02.849+0000] {__init__.py:412} INFO - CREATE /fit_warehouse/raw/instruction_fact/instruction_fact_01.snappy.parquet overwrite=True async_=True user.name=default namenode:9870
[2024-12-14T11:35:02.903+0000] {python.py:237} INFO - Done. Returned value was: None
[2024-12-14T11:35:02.904+0000] {taskinstance.py:441} INFO - ::group::Post task execution logs
[2024-12-14T11:35:02.916+0000] {taskinstance.py:1206} INFO - Marking task as SUCCESS. dag_id=etl_instruction_fact_data, task_id=get_raw_data.extract_raw_instruction_fact, run_id=manual__2024-12-14T11:34:59.404452+00:00, execution_date=20241214T113459, start_date=20241214T113501, end_date=20241214T113502
[2024-12-14T11:35:02.966+0000] {local_task_job_runner.py:240} INFO - Task exited with return code 0
[2024-12-14T11:35:03.065+0000] {taskinstance.py:3498} INFO - 0 downstream tasks scheduled from follow-on schedule check
[2024-12-14T11:35:03.076+0000] {local_task_job_runner.py:222} INFO - ::endgroup::
