[2024-12-14T17:01:00.871+0000] {local_task_job_runner.py:120} INFO - ::group::Pre task execution logs
[2024-12-14T17:01:01.090+0000] {taskinstance.py:2076} INFO - Dependencies all met for dep_context=non-requeueable deps ti=<TaskInstance: migration_fit_data.get_raw_data.extract_raw_score_detail manual__2024-12-14T17:00:50.234298+00:00 [queued]>
[2024-12-14T17:01:01.228+0000] {taskinstance.py:2076} INFO - Dependencies all met for dep_context=requeueable deps ti=<TaskInstance: migration_fit_data.get_raw_data.extract_raw_score_detail manual__2024-12-14T17:00:50.234298+00:00 [queued]>
[2024-12-14T17:01:01.229+0000] {taskinstance.py:2306} INFO - Starting attempt 1 of 1
[2024-12-14T17:01:01.431+0000] {taskinstance.py:2330} INFO - Executing <Task(PythonOperator): get_raw_data.extract_raw_score_detail> on 2024-12-14 17:00:50.234298+00:00
[2024-12-14T17:01:01.453+0000] {warnings.py:110} WARNING - /home/***/.local/lib/python3.12/site-packages/***/task/task_runner/standard_task_runner.py:61: DeprecationWarning: This process (pid=5311) is multi-threaded, use of fork() may lead to deadlocks in the child.
  pid = os.fork()

[2024-12-14T17:01:01.464+0000] {standard_task_runner.py:63} INFO - Started process 5342 to run task
[2024-12-14T17:01:01.494+0000] {standard_task_runner.py:90} INFO - Running: ['***', 'tasks', 'run', 'migration_fit_data', 'get_raw_data.extract_raw_score_detail', 'manual__2024-12-14T17:00:50.234298+00:00', '--job-id', '290', '--raw', '--subdir', 'DAGS_FOLDER/elt_migrate.py', '--cfg-path', '/tmp/tmpmf45gbdc']
[2024-12-14T17:01:01.524+0000] {standard_task_runner.py:91} INFO - Job 290: Subtask get_raw_data.extract_raw_score_detail
[2024-12-14T17:01:01.728+0000] {task_command.py:426} INFO - Running <TaskInstance: migration_fit_data.get_raw_data.extract_raw_score_detail manual__2024-12-14T17:00:50.234298+00:00 [running]> on host 472b63b715e1
[2024-12-14T17:01:02.438+0000] {taskinstance.py:2648} INFO - Exporting env vars: AIRFLOW_CTX_DAG_OWNER='***' AIRFLOW_CTX_DAG_ID='migration_fit_data' AIRFLOW_CTX_TASK_ID='get_raw_data.extract_raw_score_detail' AIRFLOW_CTX_EXECUTION_DATE='2024-12-14T17:00:50.234298+00:00' AIRFLOW_CTX_TRY_NUMBER='1' AIRFLOW_CTX_DAG_RUN_ID='manual__2024-12-14T17:00:50.234298+00:00'
[2024-12-14T17:01:02.440+0000] {taskinstance.py:430} INFO - ::endgroup::
[2024-12-14T17:01:06.536+0000] {__init__.py:412} INFO - DELETE /fit_warehouse/raw/score_detail/ recursive=True user.name=default namenode:9870
[2024-12-14T17:01:06.575+0000] {__init__.py:412} INFO - GETFILESTATUS /fit_warehouse/raw/score_detail/ user.name=default namenode:9870
[2024-12-14T17:01:06.595+0000] {__init__.py:412} INFO - MKDIRS /fit_warehouse/raw/score_detail/ user.name=default namenode:9870
[2024-12-14T17:01:06.618+0000] {__init__.py:412} INFO - CREATE /fit_warehouse/raw/score_detail/score_detail_01.snappy.parquet overwrite=True async_=True user.name=default namenode:9870
[2024-12-14T17:01:07.122+0000] {python.py:237} INFO - Done. Returned value was: None
[2024-12-14T17:01:07.122+0000] {taskinstance.py:441} INFO - ::group::Post task execution logs
[2024-12-14T17:01:07.136+0000] {taskinstance.py:1206} INFO - Marking task as SUCCESS. dag_id=migration_fit_data, task_id=get_raw_data.extract_raw_score_detail, run_id=manual__2024-12-14T17:00:50.234298+00:00, execution_date=20241214T170050, start_date=20241214T170101, end_date=20241214T170107
[2024-12-14T17:01:07.222+0000] {local_task_job_runner.py:240} INFO - Task exited with return code 0
[2024-12-14T17:01:07.300+0000] {taskinstance.py:3498} INFO - 0 downstream tasks scheduled from follow-on schedule check
[2024-12-14T17:01:07.301+0000] {local_task_job_runner.py:222} INFO - ::endgroup::
