[2024-12-13T15:32:32.194+0000] {local_task_job_runner.py:120} INFO - ::group::Pre task execution logs
[2024-12-13T15:32:32.411+0000] {taskinstance.py:2076} INFO - Dependencies all met for dep_context=non-requeueable deps ti=<TaskInstance: migration_fit_data.create_dwh_table.recreate_dwh_student manual__2024-12-13T15:31:35.788890+00:00 [queued]>
[2024-12-13T15:32:32.483+0000] {taskinstance.py:2076} INFO - Dependencies all met for dep_context=requeueable deps ti=<TaskInstance: migration_fit_data.create_dwh_table.recreate_dwh_student manual__2024-12-13T15:31:35.788890+00:00 [queued]>
[2024-12-13T15:32:32.484+0000] {taskinstance.py:2306} INFO - Starting attempt 1 of 1
[2024-12-13T15:32:32.596+0000] {taskinstance.py:2330} INFO - Executing <Task(PythonOperator): create_dwh_table.recreate_dwh_student> on 2024-12-13 15:31:35.788890+00:00
[2024-12-13T15:32:32.643+0000] {warnings.py:110} WARNING - /home/***/.local/lib/python3.12/site-packages/***/task/task_runner/standard_task_runner.py:61: DeprecationWarning: This process (pid=257) is multi-threaded, use of fork() may lead to deadlocks in the child.
  pid = os.fork()

[2024-12-13T15:32:32.653+0000] {standard_task_runner.py:63} INFO - Started process 278 to run task
[2024-12-13T15:32:32.648+0000] {standard_task_runner.py:90} INFO - Running: ['***', 'tasks', 'run', 'migration_fit_data', 'create_dwh_table.recreate_dwh_student', 'manual__2024-12-13T15:31:35.788890+00:00', '--job-id', '52', '--raw', '--subdir', 'DAGS_FOLDER/elt_migrate.py', '--cfg-path', '/tmp/tmp79805b9h']
[2024-12-13T15:32:32.671+0000] {standard_task_runner.py:91} INFO - Job 52: Subtask create_dwh_table.recreate_dwh_student
[2024-12-13T15:32:33.187+0000] {task_command.py:426} INFO - Running <TaskInstance: migration_fit_data.create_dwh_table.recreate_dwh_student manual__2024-12-13T15:31:35.788890+00:00 [running]> on host 1fe973f28a1c
[2024-12-13T15:32:33.705+0000] {taskinstance.py:2648} INFO - Exporting env vars: AIRFLOW_CTX_DAG_OWNER='***' AIRFLOW_CTX_DAG_ID='migration_fit_data' AIRFLOW_CTX_TASK_ID='create_dwh_table.recreate_dwh_student' AIRFLOW_CTX_EXECUTION_DATE='2024-12-13T15:31:35.788890+00:00' AIRFLOW_CTX_TRY_NUMBER='1' AIRFLOW_CTX_DAG_RUN_ID='manual__2024-12-13T15:31:35.788890+00:00'
[2024-12-13T15:32:33.707+0000] {taskinstance.py:430} INFO - ::endgroup::
[2024-12-13T15:32:33.758+0000] {hive.py:475} INFO - USE `default`
[2024-12-13T15:32:33.788+0000] {hive.py:475} INFO - DROP TABLE IF EXISTS iceberg.warehouse.student
[2024-12-13T15:32:33.826+0000] {hive.py:475} INFO - CREATE DATABASE IF NOT EXISTS warehouse
[2024-12-13T15:32:33.862+0000] {hive.py:475} INFO - 
        CREATE TABLE IF NOT EXISTS iceberg.warehouse.student (
            student_id STRING,student_name STRING,class_name STRING,edu_mail STRING,address_id BIGINT,national_id BIGINT,key_year STRING,gender STRING,student_dob TIMESTAMP   
        )
        USING iceberg
        LOCATION '/fit_warehouse/warehouse/student/*.snappy.parquet'
    
[2024-12-13T15:32:37.055+0000] {python.py:237} INFO - Done. Returned value was: None
[2024-12-13T15:32:37.055+0000] {taskinstance.py:441} INFO - ::group::Post task execution logs
[2024-12-13T15:32:37.090+0000] {taskinstance.py:1206} INFO - Marking task as SUCCESS. dag_id=migration_fit_data, task_id=create_dwh_table.recreate_dwh_student, run_id=manual__2024-12-13T15:31:35.788890+00:00, execution_date=20241213T153135, start_date=20241213T153232, end_date=20241213T153237
[2024-12-13T15:32:37.350+0000] {local_task_job_runner.py:240} INFO - Task exited with return code 0
[2024-12-13T15:32:37.468+0000] {local_task_job_runner.py:222} INFO - ::endgroup::
