[2024-12-14T16:36:01.030+0000] {local_task_job_runner.py:120} INFO - ::group::Pre task execution logs
[2024-12-14T16:36:01.189+0000] {taskinstance.py:2076} INFO - Dependencies all met for dep_context=non-requeueable deps ti=<TaskInstance: migration_fit_data.insert_warehouse.insert_dwh_course manual__2024-12-14T16:34:48.600629+00:00 [queued]>
[2024-12-14T16:36:01.212+0000] {taskinstance.py:2076} INFO - Dependencies all met for dep_context=requeueable deps ti=<TaskInstance: migration_fit_data.insert_warehouse.insert_dwh_course manual__2024-12-14T16:34:48.600629+00:00 [queued]>
[2024-12-14T16:36:01.212+0000] {taskinstance.py:2306} INFO - Starting attempt 1 of 1
[2024-12-14T16:36:01.301+0000] {taskinstance.py:2330} INFO - Executing <Task(PythonOperator): insert_warehouse.insert_dwh_course> on 2024-12-14 16:34:48.600629+00:00
[2024-12-14T16:36:01.381+0000] {warnings.py:110} WARNING - /home/***/.local/lib/python3.12/site-packages/***/task/task_runner/standard_task_runner.py:61: DeprecationWarning: This process (pid=4942) is multi-threaded, use of fork() may lead to deadlocks in the child.
  pid = os.fork()

[2024-12-14T16:36:01.383+0000] {standard_task_runner.py:63} INFO - Started process 4966 to run task
[2024-12-14T16:36:01.445+0000] {standard_task_runner.py:90} INFO - Running: ['***', 'tasks', 'run', 'migration_fit_data', 'insert_warehouse.insert_dwh_course', 'manual__2024-12-14T16:34:48.600629+00:00', '--job-id', '269', '--raw', '--subdir', 'DAGS_FOLDER/elt_migrate.py', '--cfg-path', '/tmp/tmptsxxhez2']
[2024-12-14T16:36:01.501+0000] {standard_task_runner.py:91} INFO - Job 269: Subtask insert_warehouse.insert_dwh_course
[2024-12-14T16:36:02.061+0000] {task_command.py:426} INFO - Running <TaskInstance: migration_fit_data.insert_warehouse.insert_dwh_course manual__2024-12-14T16:34:48.600629+00:00 [running]> on host 472b63b715e1
[2024-12-14T16:36:03.254+0000] {taskinstance.py:2648} INFO - Exporting env vars: AIRFLOW_CTX_DAG_OWNER='***' AIRFLOW_CTX_DAG_ID='migration_fit_data' AIRFLOW_CTX_TASK_ID='insert_warehouse.insert_dwh_course' AIRFLOW_CTX_EXECUTION_DATE='2024-12-14T16:34:48.600629+00:00' AIRFLOW_CTX_TRY_NUMBER='1' AIRFLOW_CTX_DAG_RUN_ID='manual__2024-12-14T16:34:48.600629+00:00'
[2024-12-14T16:36:03.267+0000] {taskinstance.py:430} INFO - ::endgroup::
[2024-12-14T16:36:03.453+0000] {hive.py:475} INFO - USE `default`
[2024-12-14T16:36:03.628+0000] {hive.py:475} INFO - SELECT COUNT(*) FROM default.course
[2024-12-14T16:36:05.535+0000] {logging_mixin.py:188} INFO - SELECT COUNT(*) FROM default.course --- 250
[2024-12-14T16:36:05.543+0000] {hive.py:475} INFO - 
            MERGE INTO iceberg.warehouse.course t
            USING default.course s
            ON t.course_id=s.course_id
            WHEN MATCHED 
                THEN UPDATE SET 
                t.course_id=s.course_id,t.course_name=s.course_name,t.course_code=s.course_code,t.category=s.category,t.total_credit=s.total_credit,t.theory_credit=s.theory_credit,t.practice_credit=s.practice_credit,t.self_learning_credit=s.self_learning_credit
            WHEN NOT MATCHED 
                THEN INSERT *
        
[2024-12-14T16:36:16.132+0000] {python.py:237} INFO - Done. Returned value was: None
[2024-12-14T16:36:16.135+0000] {taskinstance.py:441} INFO - ::group::Post task execution logs
[2024-12-14T16:36:16.201+0000] {taskinstance.py:1206} INFO - Marking task as SUCCESS. dag_id=migration_fit_data, task_id=insert_warehouse.insert_dwh_course, run_id=manual__2024-12-14T16:34:48.600629+00:00, execution_date=20241214T163448, start_date=20241214T163601, end_date=20241214T163616
[2024-12-14T16:36:16.383+0000] {local_task_job_runner.py:240} INFO - Task exited with return code 0
[2024-12-14T16:36:16.471+0000] {taskinstance.py:3498} INFO - 0 downstream tasks scheduled from follow-on schedule check
[2024-12-14T16:36:16.475+0000] {local_task_job_runner.py:222} INFO - ::endgroup::
