[2024-12-13T18:54:42.338+0000] {local_task_job_runner.py:120} INFO - ::group::Pre task execution logs
[2024-12-13T18:54:42.546+0000] {taskinstance.py:2076} INFO - Dependencies all met for dep_context=non-requeueable deps ti=<TaskInstance: migration_fit_data.insert_warehouse.insert_dwh_instruction_fact manual__2024-12-13T18:53:58.538563+00:00 [queued]>
[2024-12-13T18:54:42.639+0000] {taskinstance.py:2076} INFO - Dependencies all met for dep_context=requeueable deps ti=<TaskInstance: migration_fit_data.insert_warehouse.insert_dwh_instruction_fact manual__2024-12-13T18:53:58.538563+00:00 [queued]>
[2024-12-13T18:54:42.640+0000] {taskinstance.py:2306} INFO - Starting attempt 1 of 1
[2024-12-13T18:54:42.738+0000] {taskinstance.py:2330} INFO - Executing <Task(PythonOperator): insert_warehouse.insert_dwh_instruction_fact> on 2024-12-13 18:53:58.538563+00:00
[2024-12-13T18:54:42.805+0000] {warnings.py:110} WARNING - /home/***/.local/lib/python3.12/site-packages/***/task/task_runner/standard_task_runner.py:61: DeprecationWarning: This process (pid=4014) is multi-threaded, use of fork() may lead to deadlocks in the child.
  pid = os.fork()

[2024-12-13T18:54:42.826+0000] {standard_task_runner.py:63} INFO - Started process 4034 to run task
[2024-12-13T18:54:42.820+0000] {standard_task_runner.py:90} INFO - Running: ['***', 'tasks', 'run', 'migration_fit_data', 'insert_warehouse.insert_dwh_instruction_fact', 'manual__2024-12-13T18:53:58.538563+00:00', '--job-id', '456', '--raw', '--subdir', 'DAGS_FOLDER/elt_migrate.py', '--cfg-path', '/tmp/tmpy7_gwwiw']
[2024-12-13T18:54:42.848+0000] {standard_task_runner.py:91} INFO - Job 456: Subtask insert_warehouse.insert_dwh_instruction_fact
[2024-12-13T18:54:43.143+0000] {task_command.py:426} INFO - Running <TaskInstance: migration_fit_data.insert_warehouse.insert_dwh_instruction_fact manual__2024-12-13T18:53:58.538563+00:00 [running]> on host 1fe973f28a1c
[2024-12-13T18:54:44.603+0000] {taskinstance.py:2648} INFO - Exporting env vars: AIRFLOW_CTX_DAG_OWNER='***' AIRFLOW_CTX_DAG_ID='migration_fit_data' AIRFLOW_CTX_TASK_ID='insert_warehouse.insert_dwh_instruction_fact' AIRFLOW_CTX_EXECUTION_DATE='2024-12-13T18:53:58.538563+00:00' AIRFLOW_CTX_TRY_NUMBER='1' AIRFLOW_CTX_DAG_RUN_ID='manual__2024-12-13T18:53:58.538563+00:00'
[2024-12-13T18:54:44.604+0000] {taskinstance.py:430} INFO - ::endgroup::
[2024-12-13T18:54:44.663+0000] {hive.py:475} INFO - USE `default`
[2024-12-13T18:54:44.762+0000] {hive.py:475} INFO - SELECT COUNT(*) FROM default.instruction_fact
[2024-12-13T18:54:45.166+0000] {logging_mixin.py:188} INFO - SELECT COUNT(*) FROM default.instruction_fact --- 473
[2024-12-13T18:54:45.168+0000] {hive.py:475} INFO - 
            MERGE INTO iceberg.warehouse.instruction_fact t
            USING default.instruction_fact s
            ON t.instruction_id=s.instruction_id
            WHEN MATCHED 
                THEN UPDATE SET 
                t.instruction_id=s.instruction_id,t.program_semester_id=s.program_semester_id,t.course_id=s.course_id,t.class_id=s.class_id,t.is_required=s.is_required,t.num_student=s.num_student,t.num_pass_student=s.num_pass_student,t.num_fail_student=s.num_fail_student,t.avg_final_score=s.avg_final_score,t.instruction_status=s.instruction_status,t.instruction_allocate=s.instruction_allocate,t.instruction_time_start=s.instruction_time_start,t.instruction_time_end=s.instruction_time_end,t.last_modified_date=s.last_modified_date,t.etl_date=s.etl_date
            WHEN NOT MATCHED 
                THEN INSERT *
        
[2024-12-13T18:54:47.912+0000] {python.py:237} INFO - Done. Returned value was: None
[2024-12-13T18:54:47.913+0000] {taskinstance.py:441} INFO - ::group::Post task execution logs
[2024-12-13T18:54:47.935+0000] {taskinstance.py:1206} INFO - Marking task as SUCCESS. dag_id=migration_fit_data, task_id=insert_warehouse.insert_dwh_instruction_fact, run_id=manual__2024-12-13T18:53:58.538563+00:00, execution_date=20241213T185358, start_date=20241213T185442, end_date=20241213T185447
[2024-12-13T18:54:47.972+0000] {local_task_job_runner.py:240} INFO - Task exited with return code 0
[2024-12-13T18:54:48.014+0000] {taskinstance.py:3498} INFO - 0 downstream tasks scheduled from follow-on schedule check
[2024-12-13T18:54:48.015+0000] {local_task_job_runner.py:222} INFO - ::endgroup::
