[2024-12-13T18:54:06.725+0000] {local_task_job_runner.py:120} INFO - ::group::Pre task execution logs
[2024-12-13T18:54:07.043+0000] {taskinstance.py:2076} INFO - Dependencies all met for dep_context=non-requeueable deps ti=<TaskInstance: migration_fit_data.get_raw_data.extract_raw_student manual__2024-12-13T18:53:58.538563+00:00 [queued]>
[2024-12-13T18:54:07.089+0000] {taskinstance.py:2076} INFO - Dependencies all met for dep_context=requeueable deps ti=<TaskInstance: migration_fit_data.get_raw_data.extract_raw_student manual__2024-12-13T18:53:58.538563+00:00 [queued]>
[2024-12-13T18:54:07.090+0000] {taskinstance.py:2306} INFO - Starting attempt 1 of 1
[2024-12-13T18:54:07.159+0000] {taskinstance.py:2330} INFO - Executing <Task(PythonOperator): get_raw_data.extract_raw_student> on 2024-12-13 18:53:58.538563+00:00
[2024-12-13T18:54:07.204+0000] {standard_task_runner.py:90} INFO - Running: ['***', 'tasks', 'run', 'migration_fit_data', 'get_raw_data.extract_raw_student', 'manual__2024-12-13T18:53:58.538563+00:00', '--job-id', '413', '--raw', '--subdir', 'DAGS_FOLDER/elt_migrate.py', '--cfg-path', '/tmp/tmpelht1hyz']
[2024-12-13T18:54:07.210+0000] {standard_task_runner.py:91} INFO - Job 413: Subtask get_raw_data.extract_raw_student
[2024-12-13T18:54:07.202+0000] {warnings.py:110} WARNING - /home/***/.local/lib/python3.12/site-packages/***/task/task_runner/standard_task_runner.py:61: DeprecationWarning: This process (pid=3861) is multi-threaded, use of fork() may lead to deadlocks in the child.
  pid = os.fork()

[2024-12-13T18:54:07.216+0000] {standard_task_runner.py:63} INFO - Started process 3888 to run task
[2024-12-13T18:54:07.411+0000] {task_command.py:426} INFO - Running <TaskInstance: migration_fit_data.get_raw_data.extract_raw_student manual__2024-12-13T18:53:58.538563+00:00 [running]> on host 1fe973f28a1c
[2024-12-13T18:54:07.906+0000] {taskinstance.py:2648} INFO - Exporting env vars: AIRFLOW_CTX_DAG_OWNER='***' AIRFLOW_CTX_DAG_ID='migration_fit_data' AIRFLOW_CTX_TASK_ID='get_raw_data.extract_raw_student' AIRFLOW_CTX_EXECUTION_DATE='2024-12-13T18:53:58.538563+00:00' AIRFLOW_CTX_TRY_NUMBER='1' AIRFLOW_CTX_DAG_RUN_ID='manual__2024-12-13T18:53:58.538563+00:00'
[2024-12-13T18:54:07.911+0000] {taskinstance.py:430} INFO - ::endgroup::
[2024-12-13T18:54:08.836+0000] {__init__.py:412} INFO - DELETE /fit_warehouse/raw/student/ recursive=True user.name=default namenode:9870
[2024-12-13T18:54:08.853+0000] {__init__.py:412} INFO - GETFILESTATUS /fit_warehouse/raw/student/ user.name=default namenode:9870
[2024-12-13T18:54:08.879+0000] {__init__.py:412} INFO - MKDIRS /fit_warehouse/raw/student/ user.name=default namenode:9870
[2024-12-13T18:54:08.897+0000] {__init__.py:412} INFO - CREATE /fit_warehouse/raw/student/student_01.snappy.parquet overwrite=True async_=True user.name=default namenode:9870
[2024-12-13T18:54:09.019+0000] {python.py:237} INFO - Done. Returned value was: None
[2024-12-13T18:54:09.020+0000] {taskinstance.py:441} INFO - ::group::Post task execution logs
[2024-12-13T18:54:09.054+0000] {taskinstance.py:1206} INFO - Marking task as SUCCESS. dag_id=migration_fit_data, task_id=get_raw_data.extract_raw_student, run_id=manual__2024-12-13T18:53:58.538563+00:00, execution_date=20241213T185358, start_date=20241213T185407, end_date=20241213T185409
[2024-12-13T18:54:09.154+0000] {local_task_job_runner.py:240} INFO - Task exited with return code 0
[2024-12-13T18:54:09.202+0000] {local_task_job_runner.py:222} INFO - ::endgroup::
