[2024-12-19T04:39:39.906+0000] {local_task_job_runner.py:120} INFO - ::group::Pre task execution logs
[2024-12-19T04:39:39.975+0000] {taskinstance.py:2076} INFO - Dependencies all met for dep_context=non-requeueable deps ti=<TaskInstance: migration_fit_data.load_staging.create_staging_address manual__2024-12-19T04:38:13.996676+00:00 [queued]>
[2024-12-19T04:39:39.994+0000] {taskinstance.py:2076} INFO - Dependencies all met for dep_context=requeueable deps ti=<TaskInstance: migration_fit_data.load_staging.create_staging_address manual__2024-12-19T04:38:13.996676+00:00 [queued]>
[2024-12-19T04:39:39.994+0000] {taskinstance.py:2306} INFO - Starting attempt 1 of 1
[2024-12-19T04:39:40.020+0000] {taskinstance.py:2330} INFO - Executing <Task(PythonOperator): load_staging.create_staging_address> on 2024-12-19 04:38:13.996676+00:00
[2024-12-19T04:39:40.040+0000] {warnings.py:110} WARNING - /home/***/.local/lib/python3.12/site-packages/***/task/task_runner/standard_task_runner.py:61: DeprecationWarning: This process (pid=9008) is multi-threaded, use of fork() may lead to deadlocks in the child.
  pid = os.fork()

[2024-12-19T04:39:40.043+0000] {standard_task_runner.py:63} INFO - Started process 9038 to run task
[2024-12-19T04:39:40.051+0000] {standard_task_runner.py:90} INFO - Running: ['***', 'tasks', 'run', 'migration_fit_data', 'load_staging.create_staging_address', 'manual__2024-12-19T04:38:13.996676+00:00', '--job-id', '1343', '--raw', '--subdir', 'DAGS_FOLDER/elt_migrate.py', '--cfg-path', '/tmp/tmpkwcfelva']
[2024-12-19T04:39:40.068+0000] {standard_task_runner.py:91} INFO - Job 1343: Subtask load_staging.create_staging_address
[2024-12-19T04:39:40.242+0000] {task_command.py:426} INFO - Running <TaskInstance: migration_fit_data.load_staging.create_staging_address manual__2024-12-19T04:38:13.996676+00:00 [running]> on host 33a17f71e955
[2024-12-19T04:39:40.485+0000] {taskinstance.py:2648} INFO - Exporting env vars: AIRFLOW_CTX_DAG_OWNER='***' AIRFLOW_CTX_DAG_ID='migration_fit_data' AIRFLOW_CTX_TASK_ID='load_staging.create_staging_address' AIRFLOW_CTX_EXECUTION_DATE='2024-12-19T04:38:13.996676+00:00' AIRFLOW_CTX_TRY_NUMBER='1' AIRFLOW_CTX_DAG_RUN_ID='manual__2024-12-19T04:38:13.996676+00:00'
[2024-12-19T04:39:40.490+0000] {taskinstance.py:430} INFO - ::endgroup::
[2024-12-19T04:39:40.509+0000] {hive.py:475} INFO - USE `default`
[2024-12-19T04:39:40.546+0000] {hive.py:475} INFO - DROP TABLE IF EXISTS default.address
[2024-12-19T04:39:40.701+0000] {hive.py:475} INFO - 
        CREATE TABLE IF NOT EXISTS default.address (
            address_id BIGINT,ward STRING,district STRING,city STRING   
        )   
        STORED AS PARQUET
        LOCATION '/fit_warehouse/raw/address/*.snappy.parquet'
    
[2024-12-19T04:39:40.800+0000] {hive.py:475} INFO - ANALYZE TABLE default.address COMPUTE STATISTICS
[2024-12-19T04:39:41.498+0000] {python.py:237} INFO - Done. Returned value was: None
[2024-12-19T04:39:41.504+0000] {taskinstance.py:441} INFO - ::group::Post task execution logs
[2024-12-19T04:39:41.526+0000] {taskinstance.py:1206} INFO - Marking task as SUCCESS. dag_id=migration_fit_data, task_id=load_staging.create_staging_address, run_id=manual__2024-12-19T04:38:13.996676+00:00, execution_date=20241219T043813, start_date=20241219T043939, end_date=20241219T043941
[2024-12-19T04:39:41.614+0000] {local_task_job_runner.py:240} INFO - Task exited with return code 0
[2024-12-19T04:39:41.788+0000] {taskinstance.py:3498} INFO - 14 downstream tasks scheduled from follow-on schedule check
[2024-12-19T04:39:41.793+0000] {local_task_job_runner.py:222} INFO - ::endgroup::
