[2024-12-19T04:33:21.990+0000] {local_task_job_runner.py:120} INFO - ::group::Pre task execution logs
[2024-12-19T04:33:22.066+0000] {taskinstance.py:2076} INFO - Dependencies all met for dep_context=non-requeueable deps ti=<TaskInstance: ELT_score_fact_data.get_raw_data.extract_raw_score_detail manual__2024-12-19T04:33:17.224940+00:00 [queued]>
[2024-12-19T04:33:22.086+0000] {taskinstance.py:2076} INFO - Dependencies all met for dep_context=requeueable deps ti=<TaskInstance: ELT_score_fact_data.get_raw_data.extract_raw_score_detail manual__2024-12-19T04:33:17.224940+00:00 [queued]>
[2024-12-19T04:33:22.087+0000] {taskinstance.py:2306} INFO - Starting attempt 1 of 1
[2024-12-19T04:33:22.138+0000] {taskinstance.py:2330} INFO - Executing <Task(PythonOperator): get_raw_data.extract_raw_score_detail> on 2024-12-19 04:33:17.224940+00:00
[2024-12-19T04:33:22.166+0000] {warnings.py:110} WARNING - /home/***/.local/lib/python3.12/site-packages/***/task/task_runner/standard_task_runner.py:61: DeprecationWarning: This process (pid=8812) is multi-threaded, use of fork() may lead to deadlocks in the child.
  pid = os.fork()

[2024-12-19T04:33:22.171+0000] {standard_task_runner.py:63} INFO - Started process 8817 to run task
[2024-12-19T04:33:22.177+0000] {standard_task_runner.py:90} INFO - Running: ['***', 'tasks', 'run', 'ELT_score_fact_data', 'get_raw_data.extract_raw_score_detail', 'manual__2024-12-19T04:33:17.224940+00:00', '--job-id', '1299', '--raw', '--subdir', 'DAGS_FOLDER/elt_score_fact.py', '--cfg-path', '/tmp/tmp0dzjb4to']
[2024-12-19T04:33:22.183+0000] {standard_task_runner.py:91} INFO - Job 1299: Subtask get_raw_data.extract_raw_score_detail
[2024-12-19T04:33:22.377+0000] {task_command.py:426} INFO - Running <TaskInstance: ELT_score_fact_data.get_raw_data.extract_raw_score_detail manual__2024-12-19T04:33:17.224940+00:00 [running]> on host 33a17f71e955
[2024-12-19T04:33:22.707+0000] {taskinstance.py:2648} INFO - Exporting env vars: AIRFLOW_CTX_DAG_OWNER='***' AIRFLOW_CTX_DAG_ID='ELT_score_fact_data' AIRFLOW_CTX_TASK_ID='get_raw_data.extract_raw_score_detail' AIRFLOW_CTX_EXECUTION_DATE='2024-12-19T04:33:17.224940+00:00' AIRFLOW_CTX_TRY_NUMBER='1' AIRFLOW_CTX_DAG_RUN_ID='manual__2024-12-19T04:33:17.224940+00:00'
[2024-12-19T04:33:22.709+0000] {taskinstance.py:430} INFO - ::endgroup::
[2024-12-19T04:33:23.482+0000] {__init__.py:412} INFO - DELETE /fit_warehouse/raw/score_detail/ recursive=True user.name=default namenode:9870
[2024-12-19T04:33:23.490+0000] {__init__.py:412} INFO - GETFILESTATUS /fit_warehouse/raw/score_detail/ user.name=default namenode:9870
[2024-12-19T04:33:23.494+0000] {__init__.py:412} INFO - MKDIRS /fit_warehouse/raw/score_detail/ user.name=default namenode:9870
[2024-12-19T04:33:23.503+0000] {__init__.py:412} INFO - CREATE /fit_warehouse/raw/score_detail/score_detail_01.snappy.parquet overwrite=True async_=True user.name=default namenode:9870
[2024-12-19T04:33:23.588+0000] {python.py:237} INFO - Done. Returned value was: None
[2024-12-19T04:33:23.588+0000] {taskinstance.py:441} INFO - ::group::Post task execution logs
[2024-12-19T04:33:23.615+0000] {taskinstance.py:1206} INFO - Marking task as SUCCESS. dag_id=ELT_score_fact_data, task_id=get_raw_data.extract_raw_score_detail, run_id=manual__2024-12-19T04:33:17.224940+00:00, execution_date=20241219T043317, start_date=20241219T043322, end_date=20241219T043323
[2024-12-19T04:33:23.659+0000] {local_task_job_runner.py:240} INFO - Task exited with return code 0
[2024-12-19T04:33:23.732+0000] {taskinstance.py:3498} INFO - 2 downstream tasks scheduled from follow-on schedule check
[2024-12-19T04:33:23.734+0000] {local_task_job_runner.py:222} INFO - ::endgroup::
