[2024-12-14T11:27:28.272+0000] {local_task_job_runner.py:120} INFO - ::group::Pre task execution logs
[2024-12-14T11:27:28.294+0000] {taskinstance.py:2076} INFO - Dependencies all met for dep_context=non-requeueable deps ti=<TaskInstance: etl_instruction_fact_data.load_staging.create_staging_instruction_lecturer manual__2024-12-14T11:27:22.467792+00:00 [queued]>
[2024-12-14T11:27:28.302+0000] {taskinstance.py:2076} INFO - Dependencies all met for dep_context=requeueable deps ti=<TaskInstance: etl_instruction_fact_data.load_staging.create_staging_instruction_lecturer manual__2024-12-14T11:27:22.467792+00:00 [queued]>
[2024-12-14T11:27:28.302+0000] {taskinstance.py:2306} INFO - Starting attempt 1 of 1
[2024-12-14T11:27:28.312+0000] {taskinstance.py:2330} INFO - Executing <Task(PythonOperator): load_staging.create_staging_instruction_lecturer> on 2024-12-14 11:27:22.467792+00:00
[2024-12-14T11:27:28.320+0000] {warnings.py:110} WARNING - /home/***/.local/lib/python3.12/site-packages/***/task/task_runner/standard_task_runner.py:61: DeprecationWarning: This process (pid=784) is multi-threaded, use of fork() may lead to deadlocks in the child.
  pid = os.fork()

[2024-12-14T11:27:28.322+0000] {standard_task_runner.py:63} INFO - Started process 788 to run task
[2024-12-14T11:27:28.323+0000] {standard_task_runner.py:90} INFO - Running: ['***', 'tasks', 'run', 'etl_instruction_fact_data', 'load_staging.create_staging_instruction_lecturer', 'manual__2024-12-14T11:27:22.467792+00:00', '--job-id', '164', '--raw', '--subdir', 'DAGS_FOLDER/elt_instruction_fact.py', '--cfg-path', '/tmp/tmps28vg96u']
[2024-12-14T11:27:28.327+0000] {standard_task_runner.py:91} INFO - Job 164: Subtask load_staging.create_staging_instruction_lecturer
[2024-12-14T11:27:28.371+0000] {task_command.py:426} INFO - Running <TaskInstance: etl_instruction_fact_data.load_staging.create_staging_instruction_lecturer manual__2024-12-14T11:27:22.467792+00:00 [running]> on host 472b63b715e1
[2024-12-14T11:27:28.459+0000] {taskinstance.py:2648} INFO - Exporting env vars: AIRFLOW_CTX_DAG_OWNER='***' AIRFLOW_CTX_DAG_ID='etl_instruction_fact_data' AIRFLOW_CTX_TASK_ID='load_staging.create_staging_instruction_lecturer' AIRFLOW_CTX_EXECUTION_DATE='2024-12-14T11:27:22.467792+00:00' AIRFLOW_CTX_TRY_NUMBER='1' AIRFLOW_CTX_DAG_RUN_ID='manual__2024-12-14T11:27:22.467792+00:00'
[2024-12-14T11:27:28.460+0000] {taskinstance.py:430} INFO - ::endgroup::
[2024-12-14T11:27:28.468+0000] {hive.py:475} INFO - USE `default`
[2024-12-14T11:27:28.493+0000] {hive.py:475} INFO - DROP TABLE IF EXISTS default.instruction_lecturer
[2024-12-14T11:27:28.624+0000] {hive.py:475} INFO - 
        CREATE TABLE IF NOT EXISTS default.instruction_lecturer (
            instruction_lecturer_id BIGINT,instruction_id BIGINT,lecturer_id BIGINT,lecturer_type STRING   
        )   
        STORED AS PARQUET
        LOCATION '/fit_warehouse/raw/instruction_lecturer/*.snappy.parquet'
    
[2024-12-14T11:27:28.733+0000] {hive.py:475} INFO - ANALYZE TABLE default.instruction_lecturer COMPUTE STATISTICS
[2024-12-14T11:27:29.155+0000] {python.py:237} INFO - Done. Returned value was: None
[2024-12-14T11:27:29.155+0000] {taskinstance.py:441} INFO - ::group::Post task execution logs
[2024-12-14T11:27:29.173+0000] {taskinstance.py:1206} INFO - Marking task as SUCCESS. dag_id=etl_instruction_fact_data, task_id=load_staging.create_staging_instruction_lecturer, run_id=manual__2024-12-14T11:27:22.467792+00:00, execution_date=20241214T112722, start_date=20241214T112728, end_date=20241214T112729
[2024-12-14T11:27:29.223+0000] {local_task_job_runner.py:240} INFO - Task exited with return code 0
[2024-12-14T11:27:29.253+0000] {taskinstance.py:3498} INFO - 0 downstream tasks scheduled from follow-on schedule check
[2024-12-14T11:27:29.255+0000] {local_task_job_runner.py:222} INFO - ::endgroup::
