[2024-12-19T04:40:06.971+0000] {local_task_job_runner.py:120} INFO - ::group::Pre task execution logs
[2024-12-19T04:40:07.670+0000] {taskinstance.py:2076} INFO - Dependencies all met for dep_context=non-requeueable deps ti=<TaskInstance: migration_fit_data.create_dwh_table.recreate_dwh_program manual__2024-12-19T04:38:13.996676+00:00 [queued]>
[2024-12-19T04:40:07.972+0000] {taskinstance.py:2076} INFO - Dependencies all met for dep_context=requeueable deps ti=<TaskInstance: migration_fit_data.create_dwh_table.recreate_dwh_program manual__2024-12-19T04:38:13.996676+00:00 [queued]>
[2024-12-19T04:40:07.972+0000] {taskinstance.py:2306} INFO - Starting attempt 1 of 1
[2024-12-19T04:40:08.073+0000] {taskinstance.py:2330} INFO - Executing <Task(PythonOperator): create_dwh_table.recreate_dwh_program> on 2024-12-19 04:38:13.996676+00:00
[2024-12-19T04:40:08.136+0000] {warnings.py:110} WARNING - /home/***/.local/lib/python3.12/site-packages/***/task/task_runner/standard_task_runner.py:61: DeprecationWarning: This process (pid=9052) is multi-threaded, use of fork() may lead to deadlocks in the child.
  pid = os.fork()

[2024-12-19T04:40:08.138+0000] {standard_task_runner.py:63} INFO - Started process 9080 to run task
[2024-12-19T04:40:08.148+0000] {standard_task_runner.py:90} INFO - Running: ['***', 'tasks', 'run', 'migration_fit_data', 'create_dwh_table.recreate_dwh_program', 'manual__2024-12-19T04:38:13.996676+00:00', '--job-id', '1351', '--raw', '--subdir', 'DAGS_FOLDER/elt_migrate.py', '--cfg-path', '/tmp/tmp2bns7pmn']
[2024-12-19T04:40:08.168+0000] {standard_task_runner.py:91} INFO - Job 1351: Subtask create_dwh_table.recreate_dwh_program
[2024-12-19T04:40:09.440+0000] {task_command.py:426} INFO - Running <TaskInstance: migration_fit_data.create_dwh_table.recreate_dwh_program manual__2024-12-19T04:38:13.996676+00:00 [running]> on host 33a17f71e955
[2024-12-19T04:40:11.291+0000] {taskinstance.py:2648} INFO - Exporting env vars: AIRFLOW_CTX_DAG_OWNER='***' AIRFLOW_CTX_DAG_ID='migration_fit_data' AIRFLOW_CTX_TASK_ID='create_dwh_table.recreate_dwh_program' AIRFLOW_CTX_EXECUTION_DATE='2024-12-19T04:38:13.996676+00:00' AIRFLOW_CTX_TRY_NUMBER='1' AIRFLOW_CTX_DAG_RUN_ID='manual__2024-12-19T04:38:13.996676+00:00'
[2024-12-19T04:40:11.306+0000] {taskinstance.py:430} INFO - ::endgroup::
[2024-12-19T04:40:11.453+0000] {hive.py:475} INFO - USE `default`
[2024-12-19T04:40:11.708+0000] {hive.py:475} INFO - DROP TABLE IF EXISTS iceberg.warehouse.program
[2024-12-19T04:40:12.019+0000] {hive.py:475} INFO - CREATE DATABASE IF NOT EXISTS warehouse
[2024-12-19T04:40:12.229+0000] {hive.py:475} INFO - 
        CREATE TABLE IF NOT EXISTS iceberg.warehouse.program (
            program_id STRING,class_of STRING   
        )
        USING iceberg
        LOCATION '/fit_warehouse/warehouse/program/*.snappy.parquet'
    
[2024-12-19T04:40:13.233+0000] {python.py:237} INFO - Done. Returned value was: None
[2024-12-19T04:40:13.243+0000] {taskinstance.py:441} INFO - ::group::Post task execution logs
[2024-12-19T04:40:13.304+0000] {taskinstance.py:1206} INFO - Marking task as SUCCESS. dag_id=migration_fit_data, task_id=create_dwh_table.recreate_dwh_program, run_id=manual__2024-12-19T04:38:13.996676+00:00, execution_date=20241219T043813, start_date=20241219T044007, end_date=20241219T044013
[2024-12-19T04:40:13.451+0000] {local_task_job_runner.py:240} INFO - Task exited with return code 0
[2024-12-19T04:40:13.886+0000] {taskinstance.py:3498} INFO - 0 downstream tasks scheduled from follow-on schedule check
[2024-12-19T04:40:13.901+0000] {local_task_job_runner.py:222} INFO - ::endgroup::
