[2024-12-16T15:42:30.709+0000] {local_task_job_runner.py:120} INFO - ::group::Pre task execution logs
[2024-12-16T15:42:30.918+0000] {taskinstance.py:2076} INFO - Dependencies all met for dep_context=non-requeueable deps ti=<TaskInstance: migration_fit_data.get_raw_data.extract_raw_lecturer manual__2024-12-16T15:42:13.474492+00:00 [queued]>
[2024-12-16T15:42:30.997+0000] {taskinstance.py:2076} INFO - Dependencies all met for dep_context=requeueable deps ti=<TaskInstance: migration_fit_data.get_raw_data.extract_raw_lecturer manual__2024-12-16T15:42:13.474492+00:00 [queued]>
[2024-12-16T15:42:31.012+0000] {taskinstance.py:2306} INFO - Starting attempt 1 of 1
[2024-12-16T15:42:31.230+0000] {taskinstance.py:2330} INFO - Executing <Task(PythonOperator): get_raw_data.extract_raw_lecturer> on 2024-12-16 15:42:13.474492+00:00
[2024-12-16T15:42:31.310+0000] {warnings.py:110} WARNING - /home/***/.local/lib/python3.12/site-packages/***/task/task_runner/standard_task_runner.py:61: DeprecationWarning: This process (pid=27252) is multi-threaded, use of fork() may lead to deadlocks in the child.
  pid = os.fork()

[2024-12-16T15:42:31.311+0000] {standard_task_runner.py:63} INFO - Started process 27293 to run task
[2024-12-16T15:42:31.325+0000] {standard_task_runner.py:90} INFO - Running: ['***', 'tasks', 'run', 'migration_fit_data', 'get_raw_data.extract_raw_lecturer', 'manual__2024-12-16T15:42:13.474492+00:00', '--job-id', '668', '--raw', '--subdir', 'DAGS_FOLDER/elt_migrate.py', '--cfg-path', '/tmp/tmpdwnvsbv_']
[2024-12-16T15:42:31.368+0000] {standard_task_runner.py:91} INFO - Job 668: Subtask get_raw_data.extract_raw_lecturer
[2024-12-16T15:42:31.587+0000] {task_command.py:426} INFO - Running <TaskInstance: migration_fit_data.get_raw_data.extract_raw_lecturer manual__2024-12-16T15:42:13.474492+00:00 [running]> on host 2f4e9c743994
[2024-12-16T15:42:32.897+0000] {taskinstance.py:2648} INFO - Exporting env vars: AIRFLOW_CTX_DAG_OWNER='***' AIRFLOW_CTX_DAG_ID='migration_fit_data' AIRFLOW_CTX_TASK_ID='get_raw_data.extract_raw_lecturer' AIRFLOW_CTX_EXECUTION_DATE='2024-12-16T15:42:13.474492+00:00' AIRFLOW_CTX_TRY_NUMBER='1' AIRFLOW_CTX_DAG_RUN_ID='manual__2024-12-16T15:42:13.474492+00:00'
[2024-12-16T15:42:32.904+0000] {taskinstance.py:430} INFO - ::endgroup::
[2024-12-16T15:42:33.959+0000] {__init__.py:412} INFO - DELETE /fit_warehouse/raw/lecturer/ recursive=True user.name=default namenode:9870
[2024-12-16T15:42:34.019+0000] {__init__.py:412} INFO - GETFILESTATUS /fit_warehouse/raw/lecturer/ user.name=default namenode:9870
[2024-12-16T15:42:34.051+0000] {__init__.py:412} INFO - MKDIRS /fit_warehouse/raw/lecturer/ user.name=default namenode:9870
[2024-12-16T15:42:34.078+0000] {__init__.py:412} INFO - CREATE /fit_warehouse/raw/lecturer/lecturer_01.snappy.parquet overwrite=True async_=True user.name=default namenode:9870
[2024-12-16T15:42:34.215+0000] {python.py:237} INFO - Done. Returned value was: None
[2024-12-16T15:42:34.218+0000] {taskinstance.py:441} INFO - ::group::Post task execution logs
[2024-12-16T15:42:34.236+0000] {taskinstance.py:1206} INFO - Marking task as SUCCESS. dag_id=migration_fit_data, task_id=get_raw_data.extract_raw_lecturer, run_id=manual__2024-12-16T15:42:13.474492+00:00, execution_date=20241216T154213, start_date=20241216T154230, end_date=20241216T154234
[2024-12-16T15:42:34.304+0000] {local_task_job_runner.py:240} INFO - Task exited with return code 0
[2024-12-16T15:42:34.627+0000] {taskinstance.py:3498} INFO - 0 downstream tasks scheduled from follow-on schedule check
[2024-12-16T15:42:34.633+0000] {local_task_job_runner.py:222} INFO - ::endgroup::
