[2024-12-14T16:35:48.332+0000] {local_task_job_runner.py:120} INFO - ::group::Pre task execution logs
[2024-12-14T16:35:48.560+0000] {taskinstance.py:2076} INFO - Dependencies all met for dep_context=non-requeueable deps ti=<TaskInstance: migration_fit_data.create_dwh_table.recreate_dwh_student manual__2024-12-14T16:34:48.600629+00:00 [queued]>
[2024-12-14T16:35:48.672+0000] {taskinstance.py:2076} INFO - Dependencies all met for dep_context=requeueable deps ti=<TaskInstance: migration_fit_data.create_dwh_table.recreate_dwh_student manual__2024-12-14T16:34:48.600629+00:00 [queued]>
[2024-12-14T16:35:48.672+0000] {taskinstance.py:2306} INFO - Starting attempt 1 of 1
[2024-12-14T16:35:48.779+0000] {taskinstance.py:2330} INFO - Executing <Task(PythonOperator): create_dwh_table.recreate_dwh_student> on 2024-12-14 16:34:48.600629+00:00
[2024-12-14T16:35:48.805+0000] {warnings.py:110} WARNING - /home/***/.local/lib/python3.12/site-packages/***/task/task_runner/standard_task_runner.py:61: DeprecationWarning: This process (pid=4904) is multi-threaded, use of fork() may lead to deadlocks in the child.
  pid = os.fork()

[2024-12-14T16:35:48.817+0000] {standard_task_runner.py:63} INFO - Started process 4925 to run task
[2024-12-14T16:35:48.818+0000] {standard_task_runner.py:90} INFO - Running: ['***', 'tasks', 'run', 'migration_fit_data', 'create_dwh_table.recreate_dwh_student', 'manual__2024-12-14T16:34:48.600629+00:00', '--job-id', '255', '--raw', '--subdir', 'DAGS_FOLDER/elt_migrate.py', '--cfg-path', '/tmp/tmp0c3mucpn']
[2024-12-14T16:35:48.820+0000] {standard_task_runner.py:91} INFO - Job 255: Subtask create_dwh_table.recreate_dwh_student
[2024-12-14T16:35:49.628+0000] {task_command.py:426} INFO - Running <TaskInstance: migration_fit_data.create_dwh_table.recreate_dwh_student manual__2024-12-14T16:34:48.600629+00:00 [running]> on host 472b63b715e1
[2024-12-14T16:35:50.628+0000] {taskinstance.py:2648} INFO - Exporting env vars: AIRFLOW_CTX_DAG_OWNER='***' AIRFLOW_CTX_DAG_ID='migration_fit_data' AIRFLOW_CTX_TASK_ID='create_dwh_table.recreate_dwh_student' AIRFLOW_CTX_EXECUTION_DATE='2024-12-14T16:34:48.600629+00:00' AIRFLOW_CTX_TRY_NUMBER='1' AIRFLOW_CTX_DAG_RUN_ID='manual__2024-12-14T16:34:48.600629+00:00'
[2024-12-14T16:35:50.629+0000] {taskinstance.py:430} INFO - ::endgroup::
[2024-12-14T16:35:50.673+0000] {hive.py:475} INFO - USE `default`
[2024-12-14T16:35:50.709+0000] {hive.py:475} INFO - DROP TABLE IF EXISTS iceberg.warehouse.student
[2024-12-14T16:35:50.957+0000] {hive.py:475} INFO - CREATE DATABASE IF NOT EXISTS warehouse
[2024-12-14T16:35:51.033+0000] {hive.py:475} INFO - 
        CREATE TABLE IF NOT EXISTS iceberg.warehouse.student (
            student_id STRING,student_name STRING,class_name STRING,edu_mail STRING,address_id BIGINT,national_id BIGINT,key_year STRING,gender STRING,student_dob TIMESTAMP   
        )
        USING iceberg
        LOCATION '/fit_warehouse/warehouse/student/*.snappy.parquet'
    
[2024-12-14T16:35:51.323+0000] {python.py:237} INFO - Done. Returned value was: None
[2024-12-14T16:35:51.324+0000] {taskinstance.py:441} INFO - ::group::Post task execution logs
[2024-12-14T16:35:51.450+0000] {taskinstance.py:1206} INFO - Marking task as SUCCESS. dag_id=migration_fit_data, task_id=create_dwh_table.recreate_dwh_student, run_id=manual__2024-12-14T16:34:48.600629+00:00, execution_date=20241214T163448, start_date=20241214T163548, end_date=20241214T163551
[2024-12-14T16:35:51.568+0000] {local_task_job_runner.py:240} INFO - Task exited with return code 0
[2024-12-14T16:35:51.637+0000] {local_task_job_runner.py:222} INFO - ::endgroup::
