[2024-12-19T04:25:07.171+0000] {local_task_job_runner.py:120} INFO - ::group::Pre task execution logs
[2024-12-19T04:25:07.257+0000] {taskinstance.py:2076} INFO - Dependencies all met for dep_context=non-requeueable deps ti=<TaskInstance: ELT_dimention_data.get_raw_data.extract_raw_course manual__2024-12-19T04:24:45.064013+00:00 [queued]>
[2024-12-19T04:25:07.279+0000] {taskinstance.py:2076} INFO - Dependencies all met for dep_context=requeueable deps ti=<TaskInstance: ELT_dimention_data.get_raw_data.extract_raw_course manual__2024-12-19T04:24:45.064013+00:00 [queued]>
[2024-12-19T04:25:07.280+0000] {taskinstance.py:2306} INFO - Starting attempt 1 of 1
[2024-12-19T04:25:07.330+0000] {taskinstance.py:2330} INFO - Executing <Task(PythonOperator): get_raw_data.extract_raw_course> on 2024-12-19 04:24:45.064013+00:00
[2024-12-19T04:25:07.350+0000] {warnings.py:110} WARNING - /home/***/.local/lib/python3.12/site-packages/***/task/task_runner/standard_task_runner.py:61: DeprecationWarning: This process (pid=8343) is multi-threaded, use of fork() may lead to deadlocks in the child.
  pid = os.fork()

[2024-12-19T04:25:07.353+0000] {standard_task_runner.py:63} INFO - Started process 8369 to run task
[2024-12-19T04:25:07.361+0000] {standard_task_runner.py:90} INFO - Running: ['***', 'tasks', 'run', 'ELT_dimention_data', 'get_raw_data.extract_raw_course', 'manual__2024-12-19T04:24:45.064013+00:00', '--job-id', '1178', '--raw', '--subdir', 'DAGS_FOLDER/elt_dimention.py', '--cfg-path', '/tmp/tmpub0sebfw']
[2024-12-19T04:25:07.366+0000] {standard_task_runner.py:91} INFO - Job 1178: Subtask get_raw_data.extract_raw_course
[2024-12-19T04:25:07.490+0000] {task_command.py:426} INFO - Running <TaskInstance: ELT_dimention_data.get_raw_data.extract_raw_course manual__2024-12-19T04:24:45.064013+00:00 [running]> on host 33a17f71e955
[2024-12-19T04:25:07.622+0000] {taskinstance.py:2648} INFO - Exporting env vars: AIRFLOW_CTX_DAG_OWNER='***' AIRFLOW_CTX_DAG_ID='ELT_dimention_data' AIRFLOW_CTX_TASK_ID='get_raw_data.extract_raw_course' AIRFLOW_CTX_EXECUTION_DATE='2024-12-19T04:24:45.064013+00:00' AIRFLOW_CTX_TRY_NUMBER='1' AIRFLOW_CTX_DAG_RUN_ID='manual__2024-12-19T04:24:45.064013+00:00'
[2024-12-19T04:25:07.625+0000] {taskinstance.py:430} INFO - ::endgroup::
[2024-12-19T04:25:08.381+0000] {__init__.py:412} INFO - DELETE /fit_warehouse/raw/course/ recursive=True user.name=default namenode:9870
[2024-12-19T04:25:08.408+0000] {__init__.py:412} INFO - GETFILESTATUS /fit_warehouse/raw/course/ user.name=default namenode:9870
[2024-12-19T04:25:08.428+0000] {__init__.py:412} INFO - MKDIRS /fit_warehouse/raw/course/ user.name=default namenode:9870
[2024-12-19T04:25:08.458+0000] {__init__.py:412} INFO - CREATE /fit_warehouse/raw/course/course_01.snappy.parquet overwrite=True async_=True user.name=default namenode:9870
[2024-12-19T04:25:08.574+0000] {python.py:237} INFO - Done. Returned value was: None
[2024-12-19T04:25:08.575+0000] {taskinstance.py:441} INFO - ::group::Post task execution logs
[2024-12-19T04:25:08.610+0000] {taskinstance.py:1206} INFO - Marking task as SUCCESS. dag_id=ELT_dimention_data, task_id=get_raw_data.extract_raw_course, run_id=manual__2024-12-19T04:24:45.064013+00:00, execution_date=20241219T042445, start_date=20241219T042507, end_date=20241219T042508
[2024-12-19T04:25:08.689+0000] {local_task_job_runner.py:240} INFO - Task exited with return code 0
[2024-12-19T04:25:08.803+0000] {taskinstance.py:3498} INFO - 8 downstream tasks scheduled from follow-on schedule check
[2024-12-19T04:25:08.804+0000] {local_task_job_runner.py:222} INFO - ::endgroup::
