[2024-12-19T04:39:25.540+0000] {local_task_job_runner.py:120} INFO - ::group::Pre task execution logs
[2024-12-19T04:39:25.802+0000] {taskinstance.py:2076} INFO - Dependencies all met for dep_context=non-requeueable deps ti=<TaskInstance: migration_fit_data.load_staging.create_staging_score_detail manual__2024-12-19T04:38:13.996676+00:00 [queued]>
[2024-12-19T04:39:25.915+0000] {taskinstance.py:2076} INFO - Dependencies all met for dep_context=requeueable deps ti=<TaskInstance: migration_fit_data.load_staging.create_staging_score_detail manual__2024-12-19T04:38:13.996676+00:00 [queued]>
[2024-12-19T04:39:25.915+0000] {taskinstance.py:2306} INFO - Starting attempt 1 of 1
[2024-12-19T04:39:26.041+0000] {taskinstance.py:2330} INFO - Executing <Task(PythonOperator): load_staging.create_staging_score_detail> on 2024-12-19 04:38:13.996676+00:00
[2024-12-19T04:39:26.163+0000] {warnings.py:110} WARNING - /home/***/.local/lib/python3.12/site-packages/***/task/task_runner/standard_task_runner.py:61: DeprecationWarning: This process (pid=9000) is multi-threaded, use of fork() may lead to deadlocks in the child.
  pid = os.fork()

[2024-12-19T04:39:26.161+0000] {standard_task_runner.py:90} INFO - Running: ['***', 'tasks', 'run', 'migration_fit_data', 'load_staging.create_staging_score_detail', 'manual__2024-12-19T04:38:13.996676+00:00', '--job-id', '1338', '--raw', '--subdir', 'DAGS_FOLDER/elt_migrate.py', '--cfg-path', '/tmp/tmpy3imygww']
[2024-12-19T04:39:26.185+0000] {standard_task_runner.py:91} INFO - Job 1338: Subtask load_staging.create_staging_score_detail
[2024-12-19T04:39:26.183+0000] {standard_task_runner.py:63} INFO - Started process 9033 to run task
[2024-12-19T04:39:26.583+0000] {task_command.py:426} INFO - Running <TaskInstance: migration_fit_data.load_staging.create_staging_score_detail manual__2024-12-19T04:38:13.996676+00:00 [running]> on host 33a17f71e955
[2024-12-19T04:39:29.306+0000] {taskinstance.py:2648} INFO - Exporting env vars: AIRFLOW_CTX_DAG_OWNER='***' AIRFLOW_CTX_DAG_ID='migration_fit_data' AIRFLOW_CTX_TASK_ID='load_staging.create_staging_score_detail' AIRFLOW_CTX_EXECUTION_DATE='2024-12-19T04:38:13.996676+00:00' AIRFLOW_CTX_TRY_NUMBER='1' AIRFLOW_CTX_DAG_RUN_ID='manual__2024-12-19T04:38:13.996676+00:00'
[2024-12-19T04:39:29.314+0000] {taskinstance.py:430} INFO - ::endgroup::
[2024-12-19T04:39:29.403+0000] {hive.py:475} INFO - USE `default`
[2024-12-19T04:39:29.871+0000] {hive.py:475} INFO - DROP TABLE IF EXISTS default.score_detail
[2024-12-19T04:39:32.122+0000] {hive.py:475} INFO - 
        CREATE TABLE IF NOT EXISTS default.score_detail (
            score_detail_id BIGINT,score_id BIGINT,regular_score_1 DOUBLE,regular_score_2 DOUBLE,regular_score_3 DOUBLE,mid_term_score DOUBLE,final_term_score DOUBLE,practice_score_1 DOUBLE,practice_score_2 DOUBLE,practice_score_3 DOUBLE,last_modified_date TIMESTAMP   
        )   
        STORED AS PARQUET
        LOCATION '/fit_warehouse/raw/score_detail/*.snappy.parquet'
    
[2024-12-19T04:39:32.882+0000] {hive.py:475} INFO - ANALYZE TABLE default.score_detail COMPUTE STATISTICS
[2024-12-19T04:39:34.968+0000] {python.py:237} INFO - Done. Returned value was: None
[2024-12-19T04:39:34.969+0000] {taskinstance.py:441} INFO - ::group::Post task execution logs
[2024-12-19T04:39:35.003+0000] {taskinstance.py:1206} INFO - Marking task as SUCCESS. dag_id=migration_fit_data, task_id=load_staging.create_staging_score_detail, run_id=manual__2024-12-19T04:38:13.996676+00:00, execution_date=20241219T043813, start_date=20241219T043925, end_date=20241219T043934
[2024-12-19T04:39:35.106+0000] {local_task_job_runner.py:240} INFO - Task exited with return code 0
[2024-12-19T04:39:35.886+0000] {taskinstance.py:3498} INFO - 0 downstream tasks scheduled from follow-on schedule check
[2024-12-19T04:39:35.896+0000] {local_task_job_runner.py:222} INFO - ::endgroup::
