[2024-12-13T15:32:44.829+0000] {local_task_job_runner.py:120} INFO - ::group::Pre task execution logs
[2024-12-13T15:32:45.048+0000] {taskinstance.py:2076} INFO - Dependencies all met for dep_context=non-requeueable deps ti=<TaskInstance: migration_fit_data.insert_warehouse.insert_dwh_enroll_student manual__2024-12-13T15:31:35.788890+00:00 [queued]>
[2024-12-13T15:32:45.184+0000] {taskinstance.py:2076} INFO - Dependencies all met for dep_context=requeueable deps ti=<TaskInstance: migration_fit_data.insert_warehouse.insert_dwh_enroll_student manual__2024-12-13T15:31:35.788890+00:00 [queued]>
[2024-12-13T15:32:45.184+0000] {taskinstance.py:2306} INFO - Starting attempt 1 of 1
[2024-12-13T15:32:45.306+0000] {taskinstance.py:2330} INFO - Executing <Task(PythonOperator): insert_warehouse.insert_dwh_enroll_student> on 2024-12-13 15:31:35.788890+00:00
[2024-12-13T15:32:45.320+0000] {warnings.py:110} WARNING - /home/***/.local/lib/python3.12/site-packages/***/task/task_runner/standard_task_runner.py:61: DeprecationWarning: This process (pid=293) is multi-threaded, use of fork() may lead to deadlocks in the child.
  pid = os.fork()

[2024-12-13T15:32:45.324+0000] {standard_task_runner.py:63} INFO - Started process 323 to run task
[2024-12-13T15:32:45.327+0000] {standard_task_runner.py:90} INFO - Running: ['***', 'tasks', 'run', 'migration_fit_data', 'insert_warehouse.insert_dwh_enroll_student', 'manual__2024-12-13T15:31:35.788890+00:00', '--job-id', '63', '--raw', '--subdir', 'DAGS_FOLDER/elt_migrate.py', '--cfg-path', '/tmp/tmpxiex5ht8']
[2024-12-13T15:32:45.330+0000] {standard_task_runner.py:91} INFO - Job 63: Subtask insert_warehouse.insert_dwh_enroll_student
[2024-12-13T15:32:45.428+0000] {task_command.py:426} INFO - Running <TaskInstance: migration_fit_data.insert_warehouse.insert_dwh_enroll_student manual__2024-12-13T15:31:35.788890+00:00 [running]> on host 1fe973f28a1c
[2024-12-13T15:32:45.639+0000] {taskinstance.py:2648} INFO - Exporting env vars: AIRFLOW_CTX_DAG_OWNER='***' AIRFLOW_CTX_DAG_ID='migration_fit_data' AIRFLOW_CTX_TASK_ID='insert_warehouse.insert_dwh_enroll_student' AIRFLOW_CTX_EXECUTION_DATE='2024-12-13T15:31:35.788890+00:00' AIRFLOW_CTX_TRY_NUMBER='1' AIRFLOW_CTX_DAG_RUN_ID='manual__2024-12-13T15:31:35.788890+00:00'
[2024-12-13T15:32:45.641+0000] {taskinstance.py:430} INFO - ::endgroup::
[2024-12-13T15:32:45.669+0000] {hive.py:475} INFO - USE `default`
[2024-12-13T15:32:45.706+0000] {hive.py:475} INFO - SELECT COUNT(*) FROM default.enroll_student
[2024-12-13T15:32:47.327+0000] {logging_mixin.py:188} INFO - SELECT COUNT(*) FROM default.enroll_student --- 15394
[2024-12-13T15:32:47.337+0000] {hive.py:475} INFO - 
            MERGE INTO iceberg.warehouse.enroll_student t
            USING default.enroll_student s
            ON t.student_id=s.student_id AND t.enrollment_id=s.enrollment_id
            WHEN MATCHED 
                THEN UPDATE SET 
                t.student_id=s.student_id,t.enrollment_id=s.enrollment_id,t.enrollment_time=s.enrollment_time
            WHEN NOT MATCHED 
                THEN INSERT *
        
[2024-12-13T15:33:14.398+0000] {python.py:237} INFO - Done. Returned value was: None
[2024-12-13T15:33:14.399+0000] {taskinstance.py:441} INFO - ::group::Post task execution logs
[2024-12-13T15:33:14.443+0000] {taskinstance.py:1206} INFO - Marking task as SUCCESS. dag_id=migration_fit_data, task_id=insert_warehouse.insert_dwh_enroll_student, run_id=manual__2024-12-13T15:31:35.788890+00:00, execution_date=20241213T153135, start_date=20241213T153245, end_date=20241213T153314
[2024-12-13T15:33:14.550+0000] {local_task_job_runner.py:240} INFO - Task exited with return code 0
[2024-12-13T15:33:14.626+0000] {taskinstance.py:3498} INFO - 0 downstream tasks scheduled from follow-on schedule check
[2024-12-13T15:33:14.630+0000] {local_task_job_runner.py:222} INFO - ::endgroup::
