[2024-12-19T04:25:26.317+0000] {local_task_job_runner.py:120} INFO - ::group::Pre task execution logs
[2024-12-19T04:25:26.354+0000] {taskinstance.py:2076} INFO - Dependencies all met for dep_context=non-requeueable deps ti=<TaskInstance: ELT_dimention_data.load_staging.create_staging_program_semester manual__2024-12-19T04:24:45.064013+00:00 [queued]>
[2024-12-19T04:25:26.368+0000] {taskinstance.py:2076} INFO - Dependencies all met for dep_context=requeueable deps ti=<TaskInstance: ELT_dimention_data.load_staging.create_staging_program_semester manual__2024-12-19T04:24:45.064013+00:00 [queued]>
[2024-12-19T04:25:26.368+0000] {taskinstance.py:2306} INFO - Starting attempt 1 of 1
[2024-12-19T04:25:26.393+0000] {taskinstance.py:2330} INFO - Executing <Task(PythonOperator): load_staging.create_staging_program_semester> on 2024-12-19 04:24:45.064013+00:00
[2024-12-19T04:25:26.411+0000] {warnings.py:110} WARNING - /home/***/.local/lib/python3.12/site-packages/***/task/task_runner/standard_task_runner.py:61: DeprecationWarning: This process (pid=8375) is multi-threaded, use of fork() may lead to deadlocks in the child.
  pid = os.fork()

[2024-12-19T04:25:26.421+0000] {standard_task_runner.py:63} INFO - Started process 8393 to run task
[2024-12-19T04:25:26.428+0000] {standard_task_runner.py:90} INFO - Running: ['***', 'tasks', 'run', 'ELT_dimention_data', 'load_staging.create_staging_program_semester', 'manual__2024-12-19T04:24:45.064013+00:00', '--job-id', '1186', '--raw', '--subdir', 'DAGS_FOLDER/elt_dimention.py', '--cfg-path', '/tmp/tmpu10o1uqc']
[2024-12-19T04:25:26.431+0000] {standard_task_runner.py:91} INFO - Job 1186: Subtask load_staging.create_staging_program_semester
[2024-12-19T04:25:26.707+0000] {task_command.py:426} INFO - Running <TaskInstance: ELT_dimention_data.load_staging.create_staging_program_semester manual__2024-12-19T04:24:45.064013+00:00 [running]> on host 33a17f71e955
[2024-12-19T04:25:27.045+0000] {taskinstance.py:2648} INFO - Exporting env vars: AIRFLOW_CTX_DAG_OWNER='***' AIRFLOW_CTX_DAG_ID='ELT_dimention_data' AIRFLOW_CTX_TASK_ID='load_staging.create_staging_program_semester' AIRFLOW_CTX_EXECUTION_DATE='2024-12-19T04:24:45.064013+00:00' AIRFLOW_CTX_TRY_NUMBER='1' AIRFLOW_CTX_DAG_RUN_ID='manual__2024-12-19T04:24:45.064013+00:00'
[2024-12-19T04:25:27.049+0000] {taskinstance.py:430} INFO - ::endgroup::
[2024-12-19T04:25:27.096+0000] {hive.py:475} INFO - USE `default`
[2024-12-19T04:25:28.123+0000] {hive.py:475} INFO - DROP TABLE IF EXISTS default.program_semester
[2024-12-19T04:25:29.944+0000] {hive.py:475} INFO - 
        CREATE TABLE IF NOT EXISTS default.program_semester (
            program_semester_id STRING,program_id STRING,semester_name STRING,total_credit BIGINT,required_credit BIGINT,elective_credit BIGINT   
        )   
        STORED AS PARQUET
        LOCATION '/fit_warehouse/raw/program_semester/*.snappy.parquet'
    
[2024-12-19T04:25:32.097+0000] {hive.py:475} INFO - ANALYZE TABLE default.program_semester COMPUTE STATISTICS
[2024-12-19T04:25:37.024+0000] {python.py:237} INFO - Done. Returned value was: None
[2024-12-19T04:25:37.026+0000] {taskinstance.py:441} INFO - ::group::Post task execution logs
[2024-12-19T04:25:37.082+0000] {taskinstance.py:1206} INFO - Marking task as SUCCESS. dag_id=ELT_dimention_data, task_id=load_staging.create_staging_program_semester, run_id=manual__2024-12-19T04:24:45.064013+00:00, execution_date=20241219T042445, start_date=20241219T042526, end_date=20241219T042537
[2024-12-19T04:25:37.202+0000] {local_task_job_runner.py:240} INFO - Task exited with return code 0
[2024-12-19T04:25:37.257+0000] {taskinstance.py:3498} INFO - 0 downstream tasks scheduled from follow-on schedule check
[2024-12-19T04:25:37.263+0000] {local_task_job_runner.py:222} INFO - ::endgroup::
