[2024-12-13T18:54:19.126+0000] {local_task_job_runner.py:120} INFO - ::group::Pre task execution logs
[2024-12-13T18:54:19.347+0000] {taskinstance.py:2076} INFO - Dependencies all met for dep_context=non-requeueable deps ti=<TaskInstance: migration_fit_data.load_staging.create_staging_score_fact manual__2024-12-13T18:53:58.538563+00:00 [queued]>
[2024-12-13T18:54:19.449+0000] {taskinstance.py:2076} INFO - Dependencies all met for dep_context=requeueable deps ti=<TaskInstance: migration_fit_data.load_staging.create_staging_score_fact manual__2024-12-13T18:53:58.538563+00:00 [queued]>
[2024-12-13T18:54:19.453+0000] {taskinstance.py:2306} INFO - Starting attempt 1 of 1
[2024-12-13T18:54:19.542+0000] {taskinstance.py:2330} INFO - Executing <Task(PythonOperator): load_staging.create_staging_score_fact> on 2024-12-13 18:53:58.538563+00:00
[2024-12-13T18:54:19.580+0000] {warnings.py:110} WARNING - /home/***/.local/lib/python3.12/site-packages/***/task/task_runner/standard_task_runner.py:61: DeprecationWarning: This process (pid=3921) is multi-threaded, use of fork() may lead to deadlocks in the child.
  pid = os.fork()

[2024-12-13T18:54:19.593+0000] {standard_task_runner.py:63} INFO - Started process 3959 to run task
[2024-12-13T18:54:19.596+0000] {standard_task_runner.py:90} INFO - Running: ['***', 'tasks', 'run', 'migration_fit_data', 'load_staging.create_staging_score_fact', 'manual__2024-12-13T18:53:58.538563+00:00', '--job-id', '437', '--raw', '--subdir', 'DAGS_FOLDER/elt_migrate.py', '--cfg-path', '/tmp/tmp350ir7yc']
[2024-12-13T18:54:19.598+0000] {standard_task_runner.py:91} INFO - Job 437: Subtask load_staging.create_staging_score_fact
[2024-12-13T18:54:19.901+0000] {task_command.py:426} INFO - Running <TaskInstance: migration_fit_data.load_staging.create_staging_score_fact manual__2024-12-13T18:53:58.538563+00:00 [running]> on host 1fe973f28a1c
[2024-12-13T18:54:20.352+0000] {taskinstance.py:2648} INFO - Exporting env vars: AIRFLOW_CTX_DAG_OWNER='***' AIRFLOW_CTX_DAG_ID='migration_fit_data' AIRFLOW_CTX_TASK_ID='load_staging.create_staging_score_fact' AIRFLOW_CTX_EXECUTION_DATE='2024-12-13T18:53:58.538563+00:00' AIRFLOW_CTX_TRY_NUMBER='1' AIRFLOW_CTX_DAG_RUN_ID='manual__2024-12-13T18:53:58.538563+00:00'
[2024-12-13T18:54:20.356+0000] {taskinstance.py:430} INFO - ::endgroup::
[2024-12-13T18:54:20.410+0000] {hive.py:475} INFO - USE `default`
[2024-12-13T18:54:20.511+0000] {hive.py:475} INFO - DROP TABLE IF EXISTS default.score_fact
[2024-12-13T18:54:22.138+0000] {hive.py:475} INFO - 
        CREATE TABLE IF NOT EXISTS default.score_fact (
            score_id BIGINT,instruction_id BIGINT,student_id STRING,final_score DOUBLE,final_score_4 DOUBLE,academic_rank STRING,is_practice BOOLEAN,last_modified_date TIMESTAMP,etl_date TIMESTAMP   
        )   
        STORED AS PARQUET
        LOCATION '/fit_warehouse/raw/score_fact/*.snappy.parquet'
    
[2024-12-13T18:54:22.359+0000] {hive.py:475} INFO - ANALYZE TABLE default.score_fact COMPUTE STATISTICS
[2024-12-13T18:54:25.424+0000] {python.py:237} INFO - Done. Returned value was: None
[2024-12-13T18:54:25.426+0000] {taskinstance.py:441} INFO - ::group::Post task execution logs
[2024-12-13T18:54:25.445+0000] {taskinstance.py:1206} INFO - Marking task as SUCCESS. dag_id=migration_fit_data, task_id=load_staging.create_staging_score_fact, run_id=manual__2024-12-13T18:53:58.538563+00:00, execution_date=20241213T185358, start_date=20241213T185419, end_date=20241213T185425
[2024-12-13T18:54:25.476+0000] {local_task_job_runner.py:240} INFO - Task exited with return code 0
[2024-12-13T18:54:25.503+0000] {local_task_job_runner.py:222} INFO - ::endgroup::
