[2024-12-13T18:54:18.395+0000] {local_task_job_runner.py:120} INFO - ::group::Pre task execution logs
[2024-12-13T18:54:18.521+0000] {taskinstance.py:2076} INFO - Dependencies all met for dep_context=non-requeueable deps ti=<TaskInstance: migration_fit_data.load_staging.create_staging_program manual__2024-12-13T18:53:58.538563+00:00 [queued]>
[2024-12-13T18:54:18.554+0000] {taskinstance.py:2076} INFO - Dependencies all met for dep_context=requeueable deps ti=<TaskInstance: migration_fit_data.load_staging.create_staging_program manual__2024-12-13T18:53:58.538563+00:00 [queued]>
[2024-12-13T18:54:18.555+0000] {taskinstance.py:2306} INFO - Starting attempt 1 of 1
[2024-12-13T18:54:18.678+0000] {taskinstance.py:2330} INFO - Executing <Task(PythonOperator): load_staging.create_staging_program> on 2024-12-13 18:53:58.538563+00:00
[2024-12-13T18:54:18.748+0000] {standard_task_runner.py:90} INFO - Running: ['***', 'tasks', 'run', 'migration_fit_data', 'load_staging.create_staging_program', 'manual__2024-12-13T18:53:58.538563+00:00', '--job-id', '435', '--raw', '--subdir', 'DAGS_FOLDER/elt_migrate.py', '--cfg-path', '/tmp/tmpyi3mjfr6']
[2024-12-13T18:54:18.758+0000] {standard_task_runner.py:91} INFO - Job 435: Subtask load_staging.create_staging_program
[2024-12-13T18:54:18.730+0000] {warnings.py:110} WARNING - /home/***/.local/lib/python3.12/site-packages/***/task/task_runner/standard_task_runner.py:61: DeprecationWarning: This process (pid=3920) is multi-threaded, use of fork() may lead to deadlocks in the child.
  pid = os.fork()

[2024-12-13T18:54:18.763+0000] {standard_task_runner.py:63} INFO - Started process 3957 to run task
[2024-12-13T18:54:19.114+0000] {task_command.py:426} INFO - Running <TaskInstance: migration_fit_data.load_staging.create_staging_program manual__2024-12-13T18:53:58.538563+00:00 [running]> on host 1fe973f28a1c
[2024-12-13T18:54:19.815+0000] {taskinstance.py:2648} INFO - Exporting env vars: AIRFLOW_CTX_DAG_OWNER='***' AIRFLOW_CTX_DAG_ID='migration_fit_data' AIRFLOW_CTX_TASK_ID='load_staging.create_staging_program' AIRFLOW_CTX_EXECUTION_DATE='2024-12-13T18:53:58.538563+00:00' AIRFLOW_CTX_TRY_NUMBER='1' AIRFLOW_CTX_DAG_RUN_ID='manual__2024-12-13T18:53:58.538563+00:00'
[2024-12-13T18:54:19.823+0000] {taskinstance.py:430} INFO - ::endgroup::
[2024-12-13T18:54:19.851+0000] {hive.py:475} INFO - USE `default`
[2024-12-13T18:54:19.937+0000] {hive.py:475} INFO - DROP TABLE IF EXISTS default.program
[2024-12-13T18:54:20.988+0000] {hive.py:475} INFO - 
        CREATE TABLE IF NOT EXISTS default.program (
            program_id STRING,class_of STRING   
        )   
        STORED AS PARQUET
        LOCATION '/fit_warehouse/raw/program/*.snappy.parquet'
    
[2024-12-13T18:54:23.104+0000] {hive.py:475} INFO - ANALYZE TABLE default.program COMPUTE STATISTICS
[2024-12-13T18:54:25.682+0000] {python.py:237} INFO - Done. Returned value was: None
[2024-12-13T18:54:25.683+0000] {taskinstance.py:441} INFO - ::group::Post task execution logs
[2024-12-13T18:54:25.694+0000] {taskinstance.py:1206} INFO - Marking task as SUCCESS. dag_id=migration_fit_data, task_id=load_staging.create_staging_program, run_id=manual__2024-12-13T18:53:58.538563+00:00, execution_date=20241213T185358, start_date=20241213T185418, end_date=20241213T185425
[2024-12-13T18:54:25.828+0000] {local_task_job_runner.py:240} INFO - Task exited with return code 0
[2024-12-13T18:54:25.840+0000] {local_task_job_runner.py:222} INFO - ::endgroup::
