[2024-12-13T18:54:34.065+0000] {local_task_job_runner.py:120} INFO - ::group::Pre task execution logs
[2024-12-13T18:54:34.385+0000] {taskinstance.py:2076} INFO - Dependencies all met for dep_context=non-requeueable deps ti=<TaskInstance: migration_fit_data.create_dwh_table.recreate_dwh_course manual__2024-12-13T18:53:58.538563+00:00 [queued]>
[2024-12-13T18:54:34.484+0000] {taskinstance.py:2076} INFO - Dependencies all met for dep_context=requeueable deps ti=<TaskInstance: migration_fit_data.create_dwh_table.recreate_dwh_course manual__2024-12-13T18:53:58.538563+00:00 [queued]>
[2024-12-13T18:54:34.484+0000] {taskinstance.py:2306} INFO - Starting attempt 1 of 1
[2024-12-13T18:54:34.706+0000] {taskinstance.py:2330} INFO - Executing <Task(PythonOperator): create_dwh_table.recreate_dwh_course> on 2024-12-13 18:53:58.538563+00:00
[2024-12-13T18:54:34.845+0000] {warnings.py:110} WARNING - /home/***/.local/lib/python3.12/site-packages/***/task/task_runner/standard_task_runner.py:61: DeprecationWarning: This process (pid=3971) is multi-threaded, use of fork() may lead to deadlocks in the child.
  pid = os.fork()

[2024-12-13T18:54:34.851+0000] {standard_task_runner.py:63} INFO - Started process 4001 to run task
[2024-12-13T18:54:34.824+0000] {standard_task_runner.py:90} INFO - Running: ['***', 'tasks', 'run', 'migration_fit_data', 'create_dwh_table.recreate_dwh_course', 'manual__2024-12-13T18:53:58.538563+00:00', '--job-id', '449', '--raw', '--subdir', 'DAGS_FOLDER/elt_migrate.py', '--cfg-path', '/tmp/tmptv6t_4ye']
[2024-12-13T18:54:34.858+0000] {standard_task_runner.py:91} INFO - Job 449: Subtask create_dwh_table.recreate_dwh_course
[2024-12-13T18:54:35.033+0000] {task_command.py:426} INFO - Running <TaskInstance: migration_fit_data.create_dwh_table.recreate_dwh_course manual__2024-12-13T18:53:58.538563+00:00 [running]> on host 1fe973f28a1c
[2024-12-13T18:54:36.102+0000] {taskinstance.py:2648} INFO - Exporting env vars: AIRFLOW_CTX_DAG_OWNER='***' AIRFLOW_CTX_DAG_ID='migration_fit_data' AIRFLOW_CTX_TASK_ID='create_dwh_table.recreate_dwh_course' AIRFLOW_CTX_EXECUTION_DATE='2024-12-13T18:53:58.538563+00:00' AIRFLOW_CTX_TRY_NUMBER='1' AIRFLOW_CTX_DAG_RUN_ID='manual__2024-12-13T18:53:58.538563+00:00'
[2024-12-13T18:54:36.110+0000] {taskinstance.py:430} INFO - ::endgroup::
[2024-12-13T18:54:36.271+0000] {hive.py:475} INFO - USE `default`
[2024-12-13T18:54:36.340+0000] {hive.py:475} INFO - DROP TABLE IF EXISTS iceberg.warehouse.course
[2024-12-13T18:54:36.605+0000] {hive.py:475} INFO - CREATE DATABASE IF NOT EXISTS warehouse
[2024-12-13T18:54:36.715+0000] {hive.py:475} INFO - 
        CREATE TABLE IF NOT EXISTS iceberg.warehouse.course (
            course_id BIGINT,course_name STRING,course_code BIGINT,category STRING,total_credit BIGINT,theory_credit BIGINT,practice_credit BIGINT,self_learning_credit BIGINT   
        )
        USING iceberg
        LOCATION '/fit_warehouse/warehouse/course/*.snappy.parquet'
    
[2024-12-13T18:54:37.140+0000] {python.py:237} INFO - Done. Returned value was: None
[2024-12-13T18:54:37.146+0000] {taskinstance.py:441} INFO - ::group::Post task execution logs
[2024-12-13T18:54:37.185+0000] {taskinstance.py:1206} INFO - Marking task as SUCCESS. dag_id=migration_fit_data, task_id=create_dwh_table.recreate_dwh_course, run_id=manual__2024-12-13T18:53:58.538563+00:00, execution_date=20241213T185358, start_date=20241213T185434, end_date=20241213T185437
[2024-12-13T18:54:37.241+0000] {local_task_job_runner.py:240} INFO - Task exited with return code 0
[2024-12-13T18:54:37.369+0000] {taskinstance.py:3498} INFO - 0 downstream tasks scheduled from follow-on schedule check
[2024-12-13T18:54:37.373+0000] {local_task_job_runner.py:222} INFO - ::endgroup::
