[2024-12-19T04:32:22.656+0000] {local_task_job_runner.py:120} INFO - ::group::Pre task execution logs
[2024-12-19T04:32:22.943+0000] {taskinstance.py:2076} INFO - Dependencies all met for dep_context=non-requeueable deps ti=<TaskInstance: ELT_instruction_fact_data.aggregate_warehouse.aggregate_student_performance manual__2024-12-19T04:31:53.404189+00:00 [queued]>
[2024-12-19T04:32:23.090+0000] {taskinstance.py:2076} INFO - Dependencies all met for dep_context=requeueable deps ti=<TaskInstance: ELT_instruction_fact_data.aggregate_warehouse.aggregate_student_performance manual__2024-12-19T04:31:53.404189+00:00 [queued]>
[2024-12-19T04:32:23.104+0000] {taskinstance.py:2306} INFO - Starting attempt 1 of 1
[2024-12-19T04:32:23.351+0000] {taskinstance.py:2330} INFO - Executing <Task(PythonOperator): aggregate_warehouse.aggregate_student_performance> on 2024-12-19 04:31:53.404189+00:00
[2024-12-19T04:32:23.445+0000] {standard_task_runner.py:90} INFO - Running: ['***', 'tasks', 'run', 'ELT_instruction_fact_data', 'aggregate_warehouse.aggregate_student_performance', 'manual__2024-12-19T04:31:53.404189+00:00', '--job-id', '1286', '--raw', '--subdir', 'DAGS_FOLDER/elt_instruction_fact.py', '--cfg-path', '/tmp/tmp3bjcsoao']
[2024-12-19T04:32:23.452+0000] {standard_task_runner.py:91} INFO - Job 1286: Subtask aggregate_warehouse.aggregate_student_performance
[2024-12-19T04:32:23.484+0000] {warnings.py:110} WARNING - /home/***/.local/lib/python3.12/site-packages/***/task/task_runner/standard_task_runner.py:61: DeprecationWarning: This process (pid=8771) is multi-threaded, use of fork() may lead to deadlocks in the child.
  pid = os.fork()

[2024-12-19T04:32:23.492+0000] {standard_task_runner.py:63} INFO - Started process 8782 to run task
[2024-12-19T04:32:23.551+0000] {task_command.py:426} INFO - Running <TaskInstance: ELT_instruction_fact_data.aggregate_warehouse.aggregate_student_performance manual__2024-12-19T04:31:53.404189+00:00 [running]> on host 33a17f71e955
[2024-12-19T04:32:23.960+0000] {taskinstance.py:2648} INFO - Exporting env vars: AIRFLOW_CTX_DAG_OWNER='***' AIRFLOW_CTX_DAG_ID='ELT_instruction_fact_data' AIRFLOW_CTX_TASK_ID='aggregate_warehouse.aggregate_student_performance' AIRFLOW_CTX_EXECUTION_DATE='2024-12-19T04:31:53.404189+00:00' AIRFLOW_CTX_TRY_NUMBER='1' AIRFLOW_CTX_DAG_RUN_ID='manual__2024-12-19T04:31:53.404189+00:00'
[2024-12-19T04:32:23.961+0000] {taskinstance.py:430} INFO - ::endgroup::
[2024-12-19T04:32:24.002+0000] {hive.py:475} INFO - USE `default`
[2024-12-19T04:32:24.041+0000] {hive.py:475} INFO - CREATE NAMESPACE IF NOT EXISTS iceberg.aggr_warehouse
[2024-12-19T04:32:24.091+0000] {hive.py:475} INFO - DROP TABLE IF EXISTS iceberg.aggr_warehouse.student_performance
[2024-12-19T04:32:24.270+0000] {hive.py:475} INFO - 
        CREATE OR REPLACE TABLE iceberg.aggr_warehouse.student_performance
        USING parquet
        AS
        SELECT
            s.student_id, 
            s.student_name, 
            ps.program_id, 
            ps.semester_name,
            COUNT(DISTINCT sf.score_id) AS total_courses_enrolled,
            SUM(CASE WHEN sf.final_score >= 4 THEN 1 ELSE 0 END) AS total_courses_passed,
            SUM(c.total_credit) AS total_credits_earned,
            ROUND(
                COALESCE(
                    SUM(CASE WHEN sf.final_score_4 >= 1 THEN sf.final_score_4 * c.total_credit ELSE 0 END) / 
                    NULLIF(SUM(CASE WHEN sf.final_score_4 >= 1 THEN c.total_credit ELSE 0 END), 0),
                    0
                ), 2) AS GPA
        FROM
            iceberg.warehouse.student s
        JOIN iceberg.warehouse.enroll_student es ON s.student_id = es.student_id
        JOIN iceberg.warehouse.enrollment_fact ef ON es.enrollment_id = ef.enrollment_id
        JOIN iceberg.warehouse.instruction_fact inf ON ef.instruction_id = inf.instruction_id
        JOIN iceberg.warehouse.program_semester ps ON inf.program_semester_id = ps.program_semester_id
        JOIN iceberg.warehouse.course c ON inf.course_id = c.course_id
        JOIN iceberg.warehouse.score_fact sf ON sf.instruction_id = inf.instruction_id AND sf.student_id = s.student_id
        GROUP BY
            s.student_id, 
            s.student_name, 
            ps.program_id, 
            ps.semester_name;
    
[2024-12-19T04:32:41.728+0000] {__init__.py:412} INFO - DELETE /user/hive/warehouse/aggr_warehouse.db/student_performance_parquet recursive=True user.name=default namenode:9870
[2024-12-19T04:32:41.760+0000] {hive.py:475} INFO - 
        DROP TABLE IF EXISTS spark_catalog.aggr_warehouse.student_performance_parquet
    
[2024-12-19T04:32:42.051+0000] {hive.py:475} INFO - 
        CREATE TABLE spark_catalog.aggr_warehouse.student_performance_parquet
        USING parquet
        AS
        SELECT * FROM iceberg.aggr_warehouse.student_performance
    
[2024-12-19T04:32:44.401+0000] {python.py:237} INFO - Done. Returned value was: None
[2024-12-19T04:32:44.401+0000] {taskinstance.py:441} INFO - ::group::Post task execution logs
[2024-12-19T04:32:44.432+0000] {taskinstance.py:1206} INFO - Marking task as SUCCESS. dag_id=ELT_instruction_fact_data, task_id=aggregate_warehouse.aggregate_student_performance, run_id=manual__2024-12-19T04:31:53.404189+00:00, execution_date=20241219T043153, start_date=20241219T043222, end_date=20241219T043244
[2024-12-19T04:32:44.541+0000] {local_task_job_runner.py:240} INFO - Task exited with return code 0
[2024-12-19T04:32:44.672+0000] {taskinstance.py:3498} INFO - 0 downstream tasks scheduled from follow-on schedule check
[2024-12-19T04:32:44.701+0000] {local_task_job_runner.py:222} INFO - ::endgroup::
