[2024-12-14T16:35:50.960+0000] {local_task_job_runner.py:120} INFO - ::group::Pre task execution logs
[2024-12-14T16:35:51.065+0000] {taskinstance.py:2076} INFO - Dependencies all met for dep_context=non-requeueable deps ti=<TaskInstance: migration_fit_data.create_dwh_table.recreate_dwh_instruction_lecturer manual__2024-12-14T16:34:48.600629+00:00 [queued]>
[2024-12-14T16:35:51.122+0000] {taskinstance.py:2076} INFO - Dependencies all met for dep_context=requeueable deps ti=<TaskInstance: migration_fit_data.create_dwh_table.recreate_dwh_instruction_lecturer manual__2024-12-14T16:34:48.600629+00:00 [queued]>
[2024-12-14T16:35:51.124+0000] {taskinstance.py:2306} INFO - Starting attempt 1 of 1
[2024-12-14T16:35:51.169+0000] {taskinstance.py:2330} INFO - Executing <Task(PythonOperator): create_dwh_table.recreate_dwh_instruction_lecturer> on 2024-12-14 16:34:48.600629+00:00
[2024-12-14T16:35:51.250+0000] {warnings.py:110} WARNING - /home/***/.local/lib/python3.12/site-packages/***/task/task_runner/standard_task_runner.py:61: DeprecationWarning: This process (pid=4906) is multi-threaded, use of fork() may lead to deadlocks in the child.
  pid = os.fork()

[2024-12-14T16:35:51.258+0000] {standard_task_runner.py:63} INFO - Started process 4934 to run task
[2024-12-14T16:35:51.265+0000] {standard_task_runner.py:90} INFO - Running: ['***', 'tasks', 'run', 'migration_fit_data', 'create_dwh_table.recreate_dwh_instruction_lecturer', 'manual__2024-12-14T16:34:48.600629+00:00', '--job-id', '264', '--raw', '--subdir', 'DAGS_FOLDER/elt_migrate.py', '--cfg-path', '/tmp/tmpqf9cvrly']
[2024-12-14T16:35:51.284+0000] {standard_task_runner.py:91} INFO - Job 264: Subtask create_dwh_table.recreate_dwh_instruction_lecturer
[2024-12-14T16:35:51.493+0000] {task_command.py:426} INFO - Running <TaskInstance: migration_fit_data.create_dwh_table.recreate_dwh_instruction_lecturer manual__2024-12-14T16:34:48.600629+00:00 [running]> on host 472b63b715e1
[2024-12-14T16:35:51.900+0000] {taskinstance.py:2648} INFO - Exporting env vars: AIRFLOW_CTX_DAG_OWNER='***' AIRFLOW_CTX_DAG_ID='migration_fit_data' AIRFLOW_CTX_TASK_ID='create_dwh_table.recreate_dwh_instruction_lecturer' AIRFLOW_CTX_EXECUTION_DATE='2024-12-14T16:34:48.600629+00:00' AIRFLOW_CTX_TRY_NUMBER='1' AIRFLOW_CTX_DAG_RUN_ID='manual__2024-12-14T16:34:48.600629+00:00'
[2024-12-14T16:35:51.902+0000] {taskinstance.py:430} INFO - ::endgroup::
[2024-12-14T16:35:51.953+0000] {hive.py:475} INFO - USE `default`
[2024-12-14T16:35:52.024+0000] {hive.py:475} INFO - DROP TABLE IF EXISTS iceberg.warehouse.instruction_lecturer
[2024-12-14T16:35:52.165+0000] {hive.py:475} INFO - CREATE DATABASE IF NOT EXISTS warehouse
[2024-12-14T16:35:52.228+0000] {hive.py:475} INFO - 
        CREATE TABLE IF NOT EXISTS iceberg.warehouse.instruction_lecturer (
            instruction_lecturer_id BIGINT,instruction_id BIGINT,lecturer_id BIGINT,lecturer_type STRING   
        )
        USING iceberg
        LOCATION '/fit_warehouse/warehouse/instruction_lecturer/*.snappy.parquet'
    
[2024-12-14T16:35:52.448+0000] {python.py:237} INFO - Done. Returned value was: None
[2024-12-14T16:35:52.453+0000] {taskinstance.py:441} INFO - ::group::Post task execution logs
[2024-12-14T16:35:52.466+0000] {taskinstance.py:1206} INFO - Marking task as SUCCESS. dag_id=migration_fit_data, task_id=create_dwh_table.recreate_dwh_instruction_lecturer, run_id=manual__2024-12-14T16:34:48.600629+00:00, execution_date=20241214T163448, start_date=20241214T163551, end_date=20241214T163552
[2024-12-14T16:35:52.616+0000] {local_task_job_runner.py:240} INFO - Task exited with return code 0
[2024-12-14T16:35:52.628+0000] {local_task_job_runner.py:222} INFO - ::endgroup::
