[2024-12-19T04:25:50.919+0000] {local_task_job_runner.py:120} INFO - ::group::Pre task execution logs
[2024-12-19T04:25:51.405+0000] {taskinstance.py:2076} INFO - Dependencies all met for dep_context=non-requeueable deps ti=<TaskInstance: ELT_dimention_data.insert_warehouse.insert_dwh_program_semester manual__2024-12-19T04:24:45.064013+00:00 [queued]>
[2024-12-19T04:25:51.668+0000] {taskinstance.py:2076} INFO - Dependencies all met for dep_context=requeueable deps ti=<TaskInstance: ELT_dimention_data.insert_warehouse.insert_dwh_program_semester manual__2024-12-19T04:24:45.064013+00:00 [queued]>
[2024-12-19T04:25:51.669+0000] {taskinstance.py:2306} INFO - Starting attempt 1 of 1
[2024-12-19T04:25:52.057+0000] {taskinstance.py:2330} INFO - Executing <Task(PythonOperator): insert_warehouse.insert_dwh_program_semester> on 2024-12-19 04:24:45.064013+00:00
[2024-12-19T04:25:52.235+0000] {standard_task_runner.py:90} INFO - Running: ['***', 'tasks', 'run', 'ELT_dimention_data', 'insert_warehouse.insert_dwh_program_semester', 'manual__2024-12-19T04:24:45.064013+00:00', '--job-id', '1189', '--raw', '--subdir', 'DAGS_FOLDER/elt_dimention.py', '--cfg-path', '/tmp/tmpsuoavczc']
[2024-12-19T04:25:52.261+0000] {standard_task_runner.py:91} INFO - Job 1189: Subtask insert_warehouse.insert_dwh_program_semester
[2024-12-19T04:25:52.241+0000] {warnings.py:110} WARNING - /home/***/.local/lib/python3.12/site-packages/***/task/task_runner/standard_task_runner.py:61: DeprecationWarning: This process (pid=8404) is multi-threaded, use of fork() may lead to deadlocks in the child.
  pid = os.fork()

[2024-12-19T04:25:52.273+0000] {standard_task_runner.py:63} INFO - Started process 8420 to run task
[2024-12-19T04:25:53.009+0000] {task_command.py:426} INFO - Running <TaskInstance: ELT_dimention_data.insert_warehouse.insert_dwh_program_semester manual__2024-12-19T04:24:45.064013+00:00 [running]> on host 33a17f71e955
[2024-12-19T04:25:54.554+0000] {taskinstance.py:2648} INFO - Exporting env vars: AIRFLOW_CTX_DAG_OWNER='***' AIRFLOW_CTX_DAG_ID='ELT_dimention_data' AIRFLOW_CTX_TASK_ID='insert_warehouse.insert_dwh_program_semester' AIRFLOW_CTX_EXECUTION_DATE='2024-12-19T04:24:45.064013+00:00' AIRFLOW_CTX_TRY_NUMBER='1' AIRFLOW_CTX_DAG_RUN_ID='manual__2024-12-19T04:24:45.064013+00:00'
[2024-12-19T04:25:54.556+0000] {taskinstance.py:430} INFO - ::endgroup::
[2024-12-19T04:25:54.797+0000] {hive.py:475} INFO - USE `default`
[2024-12-19T04:25:55.756+0000] {hive.py:475} INFO - SELECT COUNT(*) FROM default.program_semester
[2024-12-19T04:26:01.308+0000] {logging_mixin.py:188} INFO - SELECT COUNT(*) FROM default.program_semester --- 9
[2024-12-19T04:26:01.340+0000] {hive.py:475} INFO - 
            MERGE INTO iceberg.warehouse.program_semester t
            USING default.program_semester s
            ON t.program_semester_id=s.program_semester_id
            WHEN MATCHED 
                THEN UPDATE SET 
                t.program_semester_id=s.program_semester_id,t.program_id=s.program_id,t.semester_name=s.semester_name,t.total_credit=s.total_credit,t.required_credit=s.required_credit,t.elective_credit=s.elective_credit
            WHEN NOT MATCHED 
                THEN INSERT *
        
[2024-12-19T04:26:15.483+0000] {python.py:237} INFO - Done. Returned value was: None
[2024-12-19T04:26:15.493+0000] {taskinstance.py:441} INFO - ::group::Post task execution logs
[2024-12-19T04:26:15.635+0000] {taskinstance.py:1206} INFO - Marking task as SUCCESS. dag_id=ELT_dimention_data, task_id=insert_warehouse.insert_dwh_program_semester, run_id=manual__2024-12-19T04:24:45.064013+00:00, execution_date=20241219T042445, start_date=20241219T042551, end_date=20241219T042615
[2024-12-19T04:26:16.167+0000] {local_task_job_runner.py:240} INFO - Task exited with return code 0
[2024-12-19T04:26:16.557+0000] {taskinstance.py:3498} INFO - 0 downstream tasks scheduled from follow-on schedule check
[2024-12-19T04:26:16.569+0000] {local_task_job_runner.py:222} INFO - ::endgroup::
