[2024-12-16T18:08:58.142+0000] {local_task_job_runner.py:120} INFO - ::group::Pre task execution logs
[2024-12-16T18:08:58.351+0000] {taskinstance.py:2076} INFO - Dependencies all met for dep_context=non-requeueable deps ti=<TaskInstance: etl_data.insert_data.insert_data_program_course manual__2024-12-16T18:08:49.854615+00:00 [queued]>
[2024-12-16T18:08:58.360+0000] {taskinstance.py:2076} INFO - Dependencies all met for dep_context=requeueable deps ti=<TaskInstance: etl_data.insert_data.insert_data_program_course manual__2024-12-16T18:08:49.854615+00:00 [queued]>
[2024-12-16T18:08:58.360+0000] {taskinstance.py:2306} INFO - Starting attempt 1 of 1
[2024-12-16T18:08:58.371+0000] {taskinstance.py:2330} INFO - Executing <Task(PythonOperator): insert_data.insert_data_program_course> on 2024-12-16 18:08:49.854615+00:00
[2024-12-16T18:08:58.381+0000] {warnings.py:110} WARNING - /home/***/.local/lib/python3.12/site-packages/***/task/task_runner/standard_task_runner.py:61: DeprecationWarning: This process (pid=29277) is multi-threaded, use of fork() may lead to deadlocks in the child.
  pid = os.fork()

[2024-12-16T18:08:58.386+0000] {standard_task_runner.py:63} INFO - Started process 29279 to run task
[2024-12-16T18:08:58.385+0000] {standard_task_runner.py:90} INFO - Running: ['***', 'tasks', 'run', 'etl_data', 'insert_data.insert_data_program_course', 'manual__2024-12-16T18:08:49.854615+00:00', '--job-id', '726', '--raw', '--subdir', 'DAGS_FOLDER/etl_data.py', '--cfg-path', '/tmp/tmp2yhaas1z']
[2024-12-16T18:08:58.389+0000] {standard_task_runner.py:91} INFO - Job 726: Subtask insert_data.insert_data_program_course
[2024-12-16T18:08:58.456+0000] {task_command.py:426} INFO - Running <TaskInstance: etl_data.insert_data.insert_data_program_course manual__2024-12-16T18:08:49.854615+00:00 [running]> on host 2f4e9c743994
[2024-12-16T18:08:58.555+0000] {taskinstance.py:2648} INFO - Exporting env vars: AIRFLOW_CTX_DAG_OWNER='***' AIRFLOW_CTX_DAG_ID='etl_data' AIRFLOW_CTX_TASK_ID='insert_data.insert_data_program_course' AIRFLOW_CTX_EXECUTION_DATE='2024-12-16T18:08:49.854615+00:00' AIRFLOW_CTX_TRY_NUMBER='1' AIRFLOW_CTX_DAG_RUN_ID='manual__2024-12-16T18:08:49.854615+00:00'
[2024-12-16T18:08:58.557+0000] {taskinstance.py:430} INFO - ::endgroup::
[2024-12-16T18:08:58.951+0000] {__init__.py:412} INFO - GETFILESTATUS /data/raw/program_course/ user.name=default namenode:9870
[2024-12-16T18:08:58.967+0000] {__init__.py:412} INFO - CREATE /data/raw/program_course/program_course_1734372538.csv overwrite=True async_=True user.name=default namenode:9870
[2024-12-16T18:08:58.995+0000] {python.py:237} INFO - Done. Returned value was: None
[2024-12-16T18:08:58.995+0000] {taskinstance.py:441} INFO - ::group::Post task execution logs
[2024-12-16T18:08:59.004+0000] {taskinstance.py:1206} INFO - Marking task as SUCCESS. dag_id=etl_data, task_id=insert_data.insert_data_program_course, run_id=manual__2024-12-16T18:08:49.854615+00:00, execution_date=20241216T180849, start_date=20241216T180858, end_date=20241216T180859
[2024-12-16T18:08:59.051+0000] {local_task_job_runner.py:240} INFO - Task exited with return code 0
[2024-12-16T18:08:59.081+0000] {taskinstance.py:3498} INFO - 1 downstream tasks scheduled from follow-on schedule check
[2024-12-16T18:08:59.082+0000] {local_task_job_runner.py:222} INFO - ::endgroup::
