[2024-12-13T20:37:45.732+0000] {local_task_job_runner.py:120} INFO - ::group::Pre task execution logs
[2024-12-13T20:37:45.824+0000] {taskinstance.py:2076} INFO - Dependencies all met for dep_context=non-requeueable deps ti=<TaskInstance: migration_fit_data.load_staging.create_staging_enroll_student manual__2024-12-13T20:37:24.752456+00:00 [queued]>
[2024-12-13T20:37:45.863+0000] {taskinstance.py:2076} INFO - Dependencies all met for dep_context=requeueable deps ti=<TaskInstance: migration_fit_data.load_staging.create_staging_enroll_student manual__2024-12-13T20:37:24.752456+00:00 [queued]>
[2024-12-13T20:37:45.863+0000] {taskinstance.py:2306} INFO - Starting attempt 1 of 1
[2024-12-13T20:37:45.954+0000] {taskinstance.py:2330} INFO - Executing <Task(PythonOperator): load_staging.create_staging_enroll_student> on 2024-12-13 20:37:24.752456+00:00
[2024-12-13T20:37:46.016+0000] {warnings.py:110} WARNING - /home/***/.local/lib/python3.12/site-packages/***/task/task_runner/standard_task_runner.py:61: DeprecationWarning: This process (pid=6089) is multi-threaded, use of fork() may lead to deadlocks in the child.
  pid = os.fork()

[2024-12-13T20:37:46.017+0000] {standard_task_runner.py:63} INFO - Started process 6114 to run task
[2024-12-13T20:37:46.023+0000] {standard_task_runner.py:90} INFO - Running: ['***', 'tasks', 'run', 'migration_fit_data', 'load_staging.create_staging_enroll_student', 'manual__2024-12-13T20:37:24.752456+00:00', '--job-id', '715', '--raw', '--subdir', 'DAGS_FOLDER/elt_migrate.py', '--cfg-path', '/tmp/tmpmlkgdxfk']
[2024-12-13T20:37:46.038+0000] {standard_task_runner.py:91} INFO - Job 715: Subtask load_staging.create_staging_enroll_student
[2024-12-13T20:37:46.289+0000] {task_command.py:426} INFO - Running <TaskInstance: migration_fit_data.load_staging.create_staging_enroll_student manual__2024-12-13T20:37:24.752456+00:00 [running]> on host 1fe973f28a1c
[2024-12-13T20:37:46.686+0000] {taskinstance.py:2648} INFO - Exporting env vars: AIRFLOW_CTX_DAG_OWNER='***' AIRFLOW_CTX_DAG_ID='migration_fit_data' AIRFLOW_CTX_TASK_ID='load_staging.create_staging_enroll_student' AIRFLOW_CTX_EXECUTION_DATE='2024-12-13T20:37:24.752456+00:00' AIRFLOW_CTX_TRY_NUMBER='1' AIRFLOW_CTX_DAG_RUN_ID='manual__2024-12-13T20:37:24.752456+00:00'
[2024-12-13T20:37:46.691+0000] {taskinstance.py:430} INFO - ::endgroup::
[2024-12-13T20:37:46.739+0000] {hive.py:475} INFO - USE `default`
[2024-12-13T20:37:46.765+0000] {hive.py:475} INFO - DROP TABLE IF EXISTS default.enroll_student
[2024-12-13T20:37:46.840+0000] {hive.py:475} INFO - 
        CREATE TABLE IF NOT EXISTS default.enroll_student (
            student_id STRING,enrollment_id BIGINT,enrollment_time TIMESTAMP   
        )   
        STORED AS PARQUET
        LOCATION '/fit_warehouse/raw/enroll_student/*.snappy.parquet'
    
[2024-12-13T20:37:46.883+0000] {hive.py:475} INFO - ANALYZE TABLE default.enroll_student COMPUTE STATISTICS
[2024-12-13T20:37:47.907+0000] {python.py:237} INFO - Done. Returned value was: None
[2024-12-13T20:37:47.908+0000] {taskinstance.py:441} INFO - ::group::Post task execution logs
[2024-12-13T20:37:47.924+0000] {taskinstance.py:1206} INFO - Marking task as SUCCESS. dag_id=migration_fit_data, task_id=load_staging.create_staging_enroll_student, run_id=manual__2024-12-13T20:37:24.752456+00:00, execution_date=20241213T203724, start_date=20241213T203745, end_date=20241213T203747
[2024-12-13T20:37:47.958+0000] {local_task_job_runner.py:240} INFO - Task exited with return code 0
[2024-12-13T20:37:48.149+0000] {taskinstance.py:3498} INFO - 0 downstream tasks scheduled from follow-on schedule check
[2024-12-13T20:37:48.153+0000] {local_task_job_runner.py:222} INFO - ::endgroup::
