[2024-12-14T08:21:45.882+0000] {local_task_job_runner.py:120} INFO - ::group::Pre task execution logs
[2024-12-14T08:21:45.904+0000] {taskinstance.py:2076} INFO - Dependencies all met for dep_context=non-requeueable deps ti=<TaskInstance: etl_data.insert_data.insert_data_instruction_fact manual__2024-12-14T08:21:31.200291+00:00 [queued]>
[2024-12-14T08:21:45.915+0000] {taskinstance.py:2076} INFO - Dependencies all met for dep_context=requeueable deps ti=<TaskInstance: etl_data.insert_data.insert_data_instruction_fact manual__2024-12-14T08:21:31.200291+00:00 [queued]>
[2024-12-14T08:21:45.915+0000] {taskinstance.py:2306} INFO - Starting attempt 1 of 1
[2024-12-14T08:21:45.928+0000] {taskinstance.py:2330} INFO - Executing <Task(PythonOperator): insert_data.insert_data_instruction_fact> on 2024-12-14 08:21:31.200291+00:00
[2024-12-14T08:21:45.958+0000] {warnings.py:110} WARNING - /home/***/.local/lib/python3.12/site-packages/***/task/task_runner/standard_task_runner.py:61: DeprecationWarning: This process (pid=15685) is multi-threaded, use of fork() may lead to deadlocks in the child.
  pid = os.fork()

[2024-12-14T08:21:45.960+0000] {standard_task_runner.py:63} INFO - Started process 15687 to run task
[2024-12-14T08:21:45.966+0000] {standard_task_runner.py:90} INFO - Running: ['***', 'tasks', 'run', 'etl_data', 'insert_data.insert_data_instruction_fact', 'manual__2024-12-14T08:21:31.200291+00:00', '--job-id', '1033', '--raw', '--subdir', 'DAGS_FOLDER/etl_data.py', '--cfg-path', '/tmp/tmpxmmjcerf']
[2024-12-14T08:21:45.968+0000] {standard_task_runner.py:91} INFO - Job 1033: Subtask insert_data.insert_data_instruction_fact
[2024-12-14T08:21:46.015+0000] {task_command.py:426} INFO - Running <TaskInstance: etl_data.insert_data.insert_data_instruction_fact manual__2024-12-14T08:21:31.200291+00:00 [running]> on host 1fe973f28a1c
[2024-12-14T08:21:46.106+0000] {taskinstance.py:2648} INFO - Exporting env vars: AIRFLOW_CTX_DAG_OWNER='***' AIRFLOW_CTX_DAG_ID='etl_data' AIRFLOW_CTX_TASK_ID='insert_data.insert_data_instruction_fact' AIRFLOW_CTX_EXECUTION_DATE='2024-12-14T08:21:31.200291+00:00' AIRFLOW_CTX_TRY_NUMBER='1' AIRFLOW_CTX_DAG_RUN_ID='manual__2024-12-14T08:21:31.200291+00:00'
[2024-12-14T08:21:46.109+0000] {taskinstance.py:430} INFO - ::endgroup::
[2024-12-14T08:23:46.565+0000] {logging_mixin.py:188} INFO - Transaction failed for table instruction_fact: canceling statement due to statement timeout
CONTEXT:  while inserting index tuple (27,1) in relation "instruction_fact"
[2024-12-14T08:23:46.603+0000] {taskinstance.py:441} INFO - ::group::Post task execution logs
[2024-12-14T08:23:46.604+0000] {taskinstance.py:2905} ERROR - Task failed with exception
Traceback (most recent call last):
  File "/home/airflow/.local/lib/python3.12/site-packages/airflow/models/taskinstance.py", line 465, in _execute_task
    result = _execute_callable(context=context, **execute_callable_kwargs)
             ^^^^^^^^^^^^^^^^^^^^^^^^^^^^^^^^^^^^^^^^^^^^^^^^^^^^^^^^^^^^^
  File "/home/airflow/.local/lib/python3.12/site-packages/airflow/models/taskinstance.py", line 432, in _execute_callable
    return execute_callable(context=context, **execute_callable_kwargs)
           ^^^^^^^^^^^^^^^^^^^^^^^^^^^^^^^^^^^^^^^^^^^^^^^^^^^^^^^^^^^^
  File "/home/airflow/.local/lib/python3.12/site-packages/airflow/models/baseoperator.py", line 400, in wrapper
    return func(self, *args, **kwargs)
           ^^^^^^^^^^^^^^^^^^^^^^^^^^^
  File "/home/airflow/.local/lib/python3.12/site-packages/airflow/operators/python.py", line 235, in execute
    return_value = self.execute_callable()
                   ^^^^^^^^^^^^^^^^^^^^^^^
  File "/home/airflow/.local/lib/python3.12/site-packages/airflow/operators/python.py", line 252, in execute_callable
    return self.python_callable(*self.op_args, **self.op_kwargs)
           ^^^^^^^^^^^^^^^^^^^^^^^^^^^^^^^^^^^^^^^^^^^^^^^^^^^^^
  File "/opt/airflow/dags/tasks/etl_task.py", line 106, in insert_data
    raise e
  File "/opt/airflow/dags/tasks/etl_task.py", line 98, in insert_data
    execute_values(cursor, insert_query, data, template=f"({placeholders})", page_size=1000)
  File "/home/airflow/.local/lib/python3.12/site-packages/psycopg2/extras.py", line 1299, in execute_values
    cur.execute(b''.join(parts))
psycopg2.errors.QueryCanceled: canceling statement due to statement timeout
CONTEXT:  while inserting index tuple (27,1) in relation "instruction_fact"

[2024-12-14T08:23:46.627+0000] {taskinstance.py:1206} INFO - Marking task as FAILED. dag_id=etl_data, task_id=insert_data.insert_data_instruction_fact, run_id=manual__2024-12-14T08:21:31.200291+00:00, execution_date=20241214T082131, start_date=20241214T082145, end_date=20241214T082346
[2024-12-14T08:23:46.642+0000] {standard_task_runner.py:110} ERROR - Failed to execute job 1033 for task insert_data.insert_data_instruction_fact (canceling statement due to statement timeout
CONTEXT:  while inserting index tuple (27,1) in relation "instruction_fact"
; 15687)
[2024-12-14T08:23:46.663+0000] {local_task_job_runner.py:240} INFO - Task exited with return code 1
[2024-12-14T08:23:46.695+0000] {taskinstance.py:3498} INFO - 0 downstream tasks scheduled from follow-on schedule check
[2024-12-14T08:23:46.699+0000] {local_task_job_runner.py:222} INFO - ::endgroup::
