[2024-12-19T04:29:41.247+0000] {local_task_job_runner.py:120} INFO - ::group::Pre task execution logs
[2024-12-19T04:29:41.716+0000] {taskinstance.py:2076} INFO - Dependencies all met for dep_context=non-requeueable deps ti=<TaskInstance: ELT_dimention_data.insert_warehouse.insert_dwh_student manual__2024-12-19T04:24:44.941262+00:00 [queued]>
[2024-12-19T04:29:41.878+0000] {taskinstance.py:2076} INFO - Dependencies all met for dep_context=requeueable deps ti=<TaskInstance: ELT_dimention_data.insert_warehouse.insert_dwh_student manual__2024-12-19T04:24:44.941262+00:00 [queued]>
[2024-12-19T04:29:41.903+0000] {taskinstance.py:2306} INFO - Starting attempt 1 of 1
[2024-12-19T04:29:42.208+0000] {taskinstance.py:2330} INFO - Executing <Task(PythonOperator): insert_warehouse.insert_dwh_student> on 2024-12-19 04:24:44.941262+00:00
[2024-12-19T04:29:42.383+0000] {warnings.py:110} WARNING - /home/***/.local/lib/python3.12/site-packages/***/task/task_runner/standard_task_runner.py:61: DeprecationWarning: This process (pid=8623) is multi-threaded, use of fork() may lead to deadlocks in the child.
  pid = os.fork()

[2024-12-19T04:29:42.409+0000] {standard_task_runner.py:90} INFO - Running: ['***', 'tasks', 'run', 'ELT_dimention_data', 'insert_warehouse.insert_dwh_student', 'manual__2024-12-19T04:24:44.941262+00:00', '--job-id', '1250', '--raw', '--subdir', 'DAGS_FOLDER/elt_dimention.py', '--cfg-path', '/tmp/tmpj1ljuys6']
[2024-12-19T04:29:42.405+0000] {standard_task_runner.py:63} INFO - Started process 8643 to run task
[2024-12-19T04:29:42.445+0000] {standard_task_runner.py:91} INFO - Job 1250: Subtask insert_warehouse.insert_dwh_student
[2024-12-19T04:29:42.889+0000] {task_command.py:426} INFO - Running <TaskInstance: ELT_dimention_data.insert_warehouse.insert_dwh_student manual__2024-12-19T04:24:44.941262+00:00 [running]> on host 33a17f71e955
[2024-12-19T04:29:44.115+0000] {taskinstance.py:2648} INFO - Exporting env vars: AIRFLOW_CTX_DAG_OWNER='***' AIRFLOW_CTX_DAG_ID='ELT_dimention_data' AIRFLOW_CTX_TASK_ID='insert_warehouse.insert_dwh_student' AIRFLOW_CTX_EXECUTION_DATE='2024-12-19T04:24:44.941262+00:00' AIRFLOW_CTX_TRY_NUMBER='1' AIRFLOW_CTX_DAG_RUN_ID='manual__2024-12-19T04:24:44.941262+00:00'
[2024-12-19T04:29:44.142+0000] {taskinstance.py:430} INFO - ::endgroup::
[2024-12-19T04:29:44.300+0000] {hive.py:475} INFO - USE `default`
[2024-12-19T04:29:44.458+0000] {hive.py:475} INFO - SELECT COUNT(*) FROM default.student
[2024-12-19T04:29:45.791+0000] {logging_mixin.py:188} INFO - SELECT COUNT(*) FROM default.student --- 0
[2024-12-19T04:29:45.797+0000] {logging_mixin.py:188} INFO - STAGING HAS NO DATA, SKIPPING...
[2024-12-19T04:29:45.804+0000] {python.py:237} INFO - Done. Returned value was: None
[2024-12-19T04:29:45.823+0000] {taskinstance.py:441} INFO - ::group::Post task execution logs
[2024-12-19T04:29:46.045+0000] {taskinstance.py:1206} INFO - Marking task as SUCCESS. dag_id=ELT_dimention_data, task_id=insert_warehouse.insert_dwh_student, run_id=manual__2024-12-19T04:24:44.941262+00:00, execution_date=20241219T042444, start_date=20241219T042941, end_date=20241219T042946
[2024-12-19T04:29:46.338+0000] {local_task_job_runner.py:240} INFO - Task exited with return code 0
[2024-12-19T04:29:46.673+0000] {taskinstance.py:3498} INFO - 0 downstream tasks scheduled from follow-on schedule check
[2024-12-19T04:29:46.707+0000] {local_task_job_runner.py:222} INFO - ::endgroup::
