[2024-12-17T04:20:47.684+0000] {local_task_job_runner.py:120} INFO - ::group::Pre task execution logs
[2024-12-17T04:20:47.890+0000] {taskinstance.py:2076} INFO - Dependencies all met for dep_context=non-requeueable deps ti=<TaskInstance: etl_data.insert_data.insert_data_score_fact manual__2024-12-17T04:20:19.241884+00:00 [queued]>
[2024-12-17T04:20:47.899+0000] {taskinstance.py:2076} INFO - Dependencies all met for dep_context=requeueable deps ti=<TaskInstance: etl_data.insert_data.insert_data_score_fact manual__2024-12-17T04:20:19.241884+00:00 [queued]>
[2024-12-17T04:20:47.899+0000] {taskinstance.py:2306} INFO - Starting attempt 1 of 1
[2024-12-17T04:20:47.912+0000] {taskinstance.py:2330} INFO - Executing <Task(PythonOperator): insert_data.insert_data_score_fact> on 2024-12-17 04:20:19.241884+00:00
[2024-12-17T04:20:47.920+0000] {warnings.py:110} WARNING - /home/***/.local/lib/python3.12/site-packages/***/task/task_runner/standard_task_runner.py:61: DeprecationWarning: This process (pid=37064) is multi-threaded, use of fork() may lead to deadlocks in the child.
  pid = os.fork()

[2024-12-17T04:20:47.922+0000] {standard_task_runner.py:63} INFO - Started process 37066 to run task
[2024-12-17T04:20:47.925+0000] {standard_task_runner.py:90} INFO - Running: ['***', 'tasks', 'run', 'etl_data', 'insert_data.insert_data_score_fact', 'manual__2024-12-17T04:20:19.241884+00:00', '--job-id', '812', '--raw', '--subdir', 'DAGS_FOLDER/etl_data.py', '--cfg-path', '/tmp/tmp_0rfb576']
[2024-12-17T04:20:47.927+0000] {standard_task_runner.py:91} INFO - Job 812: Subtask insert_data.insert_data_score_fact
[2024-12-17T04:20:47.977+0000] {task_command.py:426} INFO - Running <TaskInstance: etl_data.insert_data.insert_data_score_fact manual__2024-12-17T04:20:19.241884+00:00 [running]> on host 2f4e9c743994
[2024-12-17T04:20:48.085+0000] {taskinstance.py:2648} INFO - Exporting env vars: AIRFLOW_CTX_DAG_OWNER='***' AIRFLOW_CTX_DAG_ID='etl_data' AIRFLOW_CTX_TASK_ID='insert_data.insert_data_score_fact' AIRFLOW_CTX_EXECUTION_DATE='2024-12-17T04:20:19.241884+00:00' AIRFLOW_CTX_TRY_NUMBER='1' AIRFLOW_CTX_DAG_RUN_ID='manual__2024-12-17T04:20:19.241884+00:00'
[2024-12-17T04:20:48.087+0000] {taskinstance.py:430} INFO - ::endgroup::
[2024-12-17T04:20:49.009+0000] {__init__.py:412} INFO - GETFILESTATUS /data/raw/score_fact/ user.name=default namenode:9870
[2024-12-17T04:20:49.046+0000] {__init__.py:412} INFO - CREATE /data/raw/score_fact/score_fact_1734409249.csv overwrite=True async_=True user.name=default namenode:9870
[2024-12-17T04:20:49.177+0000] {python.py:237} INFO - Done. Returned value was: None
[2024-12-17T04:20:49.184+0000] {taskinstance.py:441} INFO - ::group::Post task execution logs
[2024-12-17T04:20:49.218+0000] {taskinstance.py:1206} INFO - Marking task as SUCCESS. dag_id=etl_data, task_id=insert_data.insert_data_score_fact, run_id=manual__2024-12-17T04:20:19.241884+00:00, execution_date=20241217T042019, start_date=20241217T042047, end_date=20241217T042049
[2024-12-17T04:20:49.286+0000] {local_task_job_runner.py:240} INFO - Task exited with return code 0
[2024-12-17T04:20:49.369+0000] {taskinstance.py:3498} INFO - 1 downstream tasks scheduled from follow-on schedule check
[2024-12-17T04:20:49.384+0000] {local_task_job_runner.py:222} INFO - ::endgroup::
