[2024-12-13T18:58:50.724+0000] {local_task_job_runner.py:120} INFO - ::group::Pre task execution logs
[2024-12-13T18:58:50.888+0000] {taskinstance.py:2076} INFO - Dependencies all met for dep_context=non-requeueable deps ti=<TaskInstance: migration_fit_data.create_dwh_table.recreate_dwh_program manual__2024-12-13T18:58:16.459174+00:00 [queued]>
[2024-12-13T18:58:51.026+0000] {taskinstance.py:2076} INFO - Dependencies all met for dep_context=requeueable deps ti=<TaskInstance: migration_fit_data.create_dwh_table.recreate_dwh_program manual__2024-12-13T18:58:16.459174+00:00 [queued]>
[2024-12-13T18:58:51.029+0000] {taskinstance.py:2306} INFO - Starting attempt 1 of 1
[2024-12-13T18:58:51.193+0000] {taskinstance.py:2330} INFO - Executing <Task(PythonOperator): create_dwh_table.recreate_dwh_program> on 2024-12-13 18:58:16.459174+00:00
[2024-12-13T18:58:51.287+0000] {warnings.py:110} WARNING - /home/***/.local/lib/python3.12/site-packages/***/task/task_runner/standard_task_runner.py:61: DeprecationWarning: This process (pid=4215) is multi-threaded, use of fork() may lead to deadlocks in the child.
  pid = os.fork()

[2024-12-13T18:58:51.315+0000] {standard_task_runner.py:63} INFO - Started process 4241 to run task
[2024-12-13T18:58:51.312+0000] {standard_task_runner.py:90} INFO - Running: ['***', 'tasks', 'run', 'migration_fit_data', 'create_dwh_table.recreate_dwh_program', 'manual__2024-12-13T18:58:16.459174+00:00', '--job-id', '509', '--raw', '--subdir', 'DAGS_FOLDER/elt_migrate.py', '--cfg-path', '/tmp/tmpa9nn5e48']
[2024-12-13T18:58:51.358+0000] {standard_task_runner.py:91} INFO - Job 509: Subtask create_dwh_table.recreate_dwh_program
[2024-12-13T18:58:51.708+0000] {task_command.py:426} INFO - Running <TaskInstance: migration_fit_data.create_dwh_table.recreate_dwh_program manual__2024-12-13T18:58:16.459174+00:00 [running]> on host 1fe973f28a1c
[2024-12-13T18:58:52.578+0000] {taskinstance.py:2648} INFO - Exporting env vars: AIRFLOW_CTX_DAG_OWNER='***' AIRFLOW_CTX_DAG_ID='migration_fit_data' AIRFLOW_CTX_TASK_ID='create_dwh_table.recreate_dwh_program' AIRFLOW_CTX_EXECUTION_DATE='2024-12-13T18:58:16.459174+00:00' AIRFLOW_CTX_TRY_NUMBER='1' AIRFLOW_CTX_DAG_RUN_ID='manual__2024-12-13T18:58:16.459174+00:00'
[2024-12-13T18:58:52.584+0000] {taskinstance.py:430} INFO - ::endgroup::
[2024-12-13T18:58:52.625+0000] {hive.py:475} INFO - USE `default`
[2024-12-13T18:58:52.684+0000] {hive.py:475} INFO - DROP TABLE IF EXISTS iceberg.warehouse.program
[2024-12-13T18:58:52.794+0000] {hive.py:475} INFO - CREATE DATABASE IF NOT EXISTS warehouse
[2024-12-13T18:58:52.853+0000] {hive.py:475} INFO - 
        CREATE TABLE IF NOT EXISTS iceberg.warehouse.program (
            program_id STRING,class_of STRING   
        )
        USING iceberg
        LOCATION '/fit_warehouse/warehouse/program/*.snappy.parquet'
    
[2024-12-13T18:58:53.127+0000] {python.py:237} INFO - Done. Returned value was: None
[2024-12-13T18:58:53.127+0000] {taskinstance.py:441} INFO - ::group::Post task execution logs
[2024-12-13T18:58:53.147+0000] {taskinstance.py:1206} INFO - Marking task as SUCCESS. dag_id=migration_fit_data, task_id=create_dwh_table.recreate_dwh_program, run_id=manual__2024-12-13T18:58:16.459174+00:00, execution_date=20241213T185816, start_date=20241213T185850, end_date=20241213T185853
[2024-12-13T18:58:53.217+0000] {local_task_job_runner.py:240} INFO - Task exited with return code 0
[2024-12-13T18:58:53.243+0000] {local_task_job_runner.py:222} INFO - ::endgroup::
