[2024-12-17T06:10:48.560+0000] {local_task_job_runner.py:120} INFO - ::group::Pre task execution logs
[2024-12-17T06:10:48.635+0000] {taskinstance.py:2076} INFO - Dependencies all met for dep_context=non-requeueable deps ti=<TaskInstance: etl_score_fact_data.insert_warehouse.insert_dwh_score_fact manual__2024-12-17T06:10:35.251864+00:00 [queued]>
[2024-12-17T06:10:48.673+0000] {taskinstance.py:2076} INFO - Dependencies all met for dep_context=requeueable deps ti=<TaskInstance: etl_score_fact_data.insert_warehouse.insert_dwh_score_fact manual__2024-12-17T06:10:35.251864+00:00 [queued]>
[2024-12-17T06:10:48.674+0000] {taskinstance.py:2306} INFO - Starting attempt 1 of 1
[2024-12-17T06:10:48.708+0000] {taskinstance.py:2330} INFO - Executing <Task(PythonOperator): insert_warehouse.insert_dwh_score_fact> on 2024-12-17 06:10:35.251864+00:00
[2024-12-17T06:10:48.734+0000] {warnings.py:110} WARNING - /home/***/.local/lib/python3.12/site-packages/***/task/task_runner/standard_task_runner.py:61: DeprecationWarning: This process (pid=38954) is multi-threaded, use of fork() may lead to deadlocks in the child.
  pid = os.fork()

[2024-12-17T06:10:48.741+0000] {standard_task_runner.py:63} INFO - Started process 38957 to run task
[2024-12-17T06:10:48.740+0000] {standard_task_runner.py:90} INFO - Running: ['***', 'tasks', 'run', 'etl_score_fact_data', 'insert_warehouse.insert_dwh_score_fact', 'manual__2024-12-17T06:10:35.251864+00:00', '--job-id', '980', '--raw', '--subdir', 'DAGS_FOLDER/elt_score_fact.py', '--cfg-path', '/tmp/tmp8kdj_7_s']
[2024-12-17T06:10:48.749+0000] {standard_task_runner.py:91} INFO - Job 980: Subtask insert_warehouse.insert_dwh_score_fact
[2024-12-17T06:10:48.881+0000] {task_command.py:426} INFO - Running <TaskInstance: etl_score_fact_data.insert_warehouse.insert_dwh_score_fact manual__2024-12-17T06:10:35.251864+00:00 [running]> on host 2f4e9c743994
[2024-12-17T06:10:49.086+0000] {taskinstance.py:2648} INFO - Exporting env vars: AIRFLOW_CTX_DAG_OWNER='***' AIRFLOW_CTX_DAG_ID='etl_score_fact_data' AIRFLOW_CTX_TASK_ID='insert_warehouse.insert_dwh_score_fact' AIRFLOW_CTX_EXECUTION_DATE='2024-12-17T06:10:35.251864+00:00' AIRFLOW_CTX_TRY_NUMBER='1' AIRFLOW_CTX_DAG_RUN_ID='manual__2024-12-17T06:10:35.251864+00:00'
[2024-12-17T06:10:49.088+0000] {taskinstance.py:430} INFO - ::endgroup::
[2024-12-17T06:10:49.105+0000] {hive.py:475} INFO - USE `default`
[2024-12-17T06:10:49.136+0000] {hive.py:475} INFO - SELECT COUNT(*) FROM default.score_fact
[2024-12-17T06:10:49.478+0000] {logging_mixin.py:188} INFO - SELECT COUNT(*) FROM default.score_fact --- 0
[2024-12-17T06:10:49.478+0000] {logging_mixin.py:188} INFO - STAGING HAS NO DATA, SKIPPING...
[2024-12-17T06:10:49.479+0000] {python.py:237} INFO - Done. Returned value was: None
[2024-12-17T06:10:49.479+0000] {taskinstance.py:441} INFO - ::group::Post task execution logs
[2024-12-17T06:10:49.508+0000] {taskinstance.py:1206} INFO - Marking task as SUCCESS. dag_id=etl_score_fact_data, task_id=insert_warehouse.insert_dwh_score_fact, run_id=manual__2024-12-17T06:10:35.251864+00:00, execution_date=20241217T061035, start_date=20241217T061048, end_date=20241217T061049
[2024-12-17T06:10:49.576+0000] {local_task_job_runner.py:240} INFO - Task exited with return code 0
[2024-12-17T06:10:49.646+0000] {taskinstance.py:3498} INFO - 0 downstream tasks scheduled from follow-on schedule check
[2024-12-17T06:10:49.657+0000] {local_task_job_runner.py:222} INFO - ::endgroup::
