[2024-12-14T11:18:50.689+0000] {local_task_job_runner.py:120} INFO - ::group::Pre task execution logs
[2024-12-14T11:18:51.159+0000] {taskinstance.py:2076} INFO - Dependencies all met for dep_context=non-requeueable deps ti=<TaskInstance: migration_fit_data.insert_warehouse.insert_dwh_course manual__2024-12-14T11:17:14.621727+00:00 [queued]>
[2024-12-14T11:18:51.311+0000] {taskinstance.py:2076} INFO - Dependencies all met for dep_context=requeueable deps ti=<TaskInstance: migration_fit_data.insert_warehouse.insert_dwh_course manual__2024-12-14T11:17:14.621727+00:00 [queued]>
[2024-12-14T11:18:51.316+0000] {taskinstance.py:2306} INFO - Starting attempt 1 of 1
[2024-12-14T11:18:51.474+0000] {taskinstance.py:2330} INFO - Executing <Task(PythonOperator): insert_warehouse.insert_dwh_course> on 2024-12-14 11:17:14.621727+00:00
[2024-12-14T11:18:51.534+0000] {warnings.py:110} WARNING - /home/***/.local/lib/python3.12/site-packages/***/task/task_runner/standard_task_runner.py:61: DeprecationWarning: This process (pid=420) is multi-threaded, use of fork() may lead to deadlocks in the child.
  pid = os.fork()

[2024-12-14T11:18:51.536+0000] {standard_task_runner.py:63} INFO - Started process 455 to run task
[2024-12-14T11:18:51.543+0000] {standard_task_runner.py:90} INFO - Running: ['***', 'tasks', 'run', 'migration_fit_data', 'insert_warehouse.insert_dwh_course', 'manual__2024-12-14T11:17:14.621727+00:00', '--job-id', '84', '--raw', '--subdir', 'DAGS_FOLDER/elt_migrate.py', '--cfg-path', '/tmp/tmpskszl8x5']
[2024-12-14T11:18:51.558+0000] {standard_task_runner.py:91} INFO - Job 84: Subtask insert_warehouse.insert_dwh_course
[2024-12-14T11:18:51.797+0000] {task_command.py:426} INFO - Running <TaskInstance: migration_fit_data.insert_warehouse.insert_dwh_course manual__2024-12-14T11:17:14.621727+00:00 [running]> on host 472b63b715e1
[2024-12-14T11:18:52.629+0000] {taskinstance.py:2648} INFO - Exporting env vars: AIRFLOW_CTX_DAG_OWNER='***' AIRFLOW_CTX_DAG_ID='migration_fit_data' AIRFLOW_CTX_TASK_ID='insert_warehouse.insert_dwh_course' AIRFLOW_CTX_EXECUTION_DATE='2024-12-14T11:17:14.621727+00:00' AIRFLOW_CTX_TRY_NUMBER='1' AIRFLOW_CTX_DAG_RUN_ID='manual__2024-12-14T11:17:14.621727+00:00'
[2024-12-14T11:18:52.654+0000] {taskinstance.py:430} INFO - ::endgroup::
[2024-12-14T11:18:52.839+0000] {hive.py:475} INFO - USE `default`
[2024-12-14T11:18:53.401+0000] {hive.py:475} INFO - SELECT COUNT(*) FROM default.course
[2024-12-14T11:18:56.729+0000] {logging_mixin.py:188} INFO - SELECT COUNT(*) FROM default.course --- 80
[2024-12-14T11:18:56.734+0000] {hive.py:475} INFO - 
            MERGE INTO iceberg.warehouse.course t
            USING default.course s
            ON t.course_id=s.course_id
            WHEN MATCHED 
                THEN UPDATE SET 
                t.course_id=s.course_id,t.course_name=s.course_name,t.course_code=s.course_code,t.category=s.category,t.total_credit=s.total_credit,t.theory_credit=s.theory_credit,t.practice_credit=s.practice_credit,t.self_learning_credit=s.self_learning_credit
            WHEN NOT MATCHED 
                THEN INSERT *
        
[2024-12-14T11:19:18.443+0000] {python.py:237} INFO - Done. Returned value was: None
[2024-12-14T11:19:18.443+0000] {taskinstance.py:441} INFO - ::group::Post task execution logs
[2024-12-14T11:19:18.500+0000] {taskinstance.py:1206} INFO - Marking task as SUCCESS. dag_id=migration_fit_data, task_id=insert_warehouse.insert_dwh_course, run_id=manual__2024-12-14T11:17:14.621727+00:00, execution_date=20241214T111714, start_date=20241214T111851, end_date=20241214T111918
[2024-12-14T11:19:18.599+0000] {local_task_job_runner.py:240} INFO - Task exited with return code 0
[2024-12-14T11:19:18.639+0000] {local_task_job_runner.py:222} INFO - ::endgroup::
