[2024-12-14T11:18:50.590+0000] {local_task_job_runner.py:120} INFO - ::group::Pre task execution logs
[2024-12-14T11:18:50.839+0000] {taskinstance.py:2076} INFO - Dependencies all met for dep_context=non-requeueable deps ti=<TaskInstance: migration_fit_data.insert_warehouse.insert_dwh_student manual__2024-12-14T11:17:14.621727+00:00 [queued]>
[2024-12-14T11:18:51.133+0000] {taskinstance.py:2076} INFO - Dependencies all met for dep_context=requeueable deps ti=<TaskInstance: migration_fit_data.insert_warehouse.insert_dwh_student manual__2024-12-14T11:17:14.621727+00:00 [queued]>
[2024-12-14T11:18:51.134+0000] {taskinstance.py:2306} INFO - Starting attempt 1 of 1
[2024-12-14T11:18:51.291+0000] {taskinstance.py:2330} INFO - Executing <Task(PythonOperator): insert_warehouse.insert_dwh_student> on 2024-12-14 11:17:14.621727+00:00
[2024-12-14T11:18:51.381+0000] {warnings.py:110} WARNING - /home/***/.local/lib/python3.12/site-packages/***/task/task_runner/standard_task_runner.py:61: DeprecationWarning: This process (pid=411) is multi-threaded, use of fork() may lead to deadlocks in the child.
  pid = os.fork()

[2024-12-14T11:18:51.399+0000] {standard_task_runner.py:63} INFO - Started process 452 to run task
[2024-12-14T11:18:51.382+0000] {standard_task_runner.py:90} INFO - Running: ['***', 'tasks', 'run', 'migration_fit_data', 'insert_warehouse.insert_dwh_student', 'manual__2024-12-14T11:17:14.621727+00:00', '--job-id', '85', '--raw', '--subdir', 'DAGS_FOLDER/elt_migrate.py', '--cfg-path', '/tmp/tmp__9nyeba']
[2024-12-14T11:18:51.411+0000] {standard_task_runner.py:91} INFO - Job 85: Subtask insert_warehouse.insert_dwh_student
[2024-12-14T11:18:51.635+0000] {task_command.py:426} INFO - Running <TaskInstance: migration_fit_data.insert_warehouse.insert_dwh_student manual__2024-12-14T11:17:14.621727+00:00 [running]> on host 472b63b715e1
[2024-12-14T11:18:52.267+0000] {taskinstance.py:2648} INFO - Exporting env vars: AIRFLOW_CTX_DAG_OWNER='***' AIRFLOW_CTX_DAG_ID='migration_fit_data' AIRFLOW_CTX_TASK_ID='insert_warehouse.insert_dwh_student' AIRFLOW_CTX_EXECUTION_DATE='2024-12-14T11:17:14.621727+00:00' AIRFLOW_CTX_TRY_NUMBER='1' AIRFLOW_CTX_DAG_RUN_ID='manual__2024-12-14T11:17:14.621727+00:00'
[2024-12-14T11:18:52.269+0000] {taskinstance.py:430} INFO - ::endgroup::
[2024-12-14T11:18:52.580+0000] {hive.py:475} INFO - USE `default`
[2024-12-14T11:18:53.119+0000] {hive.py:475} INFO - SELECT COUNT(*) FROM default.student
[2024-12-14T11:18:57.127+0000] {logging_mixin.py:188} INFO - SELECT COUNT(*) FROM default.student --- 350
[2024-12-14T11:18:57.148+0000] {hive.py:475} INFO - 
            MERGE INTO iceberg.warehouse.student t
            USING default.student s
            ON t.student_id=s.student_id
            WHEN MATCHED 
                THEN UPDATE SET 
                t.student_id=s.student_id,t.student_name=s.student_name,t.class_name=s.class_name,t.edu_mail=s.edu_mail,t.address_id=s.address_id,t.national_id=s.national_id,t.key_year=s.key_year,t.gender=s.gender,t.student_dob=s.student_dob
            WHEN NOT MATCHED 
                THEN INSERT *
        
[2024-12-14T11:19:18.946+0000] {python.py:237} INFO - Done. Returned value was: None
[2024-12-14T11:19:18.949+0000] {taskinstance.py:441} INFO - ::group::Post task execution logs
[2024-12-14T11:19:18.997+0000] {taskinstance.py:1206} INFO - Marking task as SUCCESS. dag_id=migration_fit_data, task_id=insert_warehouse.insert_dwh_student, run_id=manual__2024-12-14T11:17:14.621727+00:00, execution_date=20241214T111714, start_date=20241214T111850, end_date=20241214T111918
[2024-12-14T11:19:19.124+0000] {local_task_job_runner.py:240} INFO - Task exited with return code 0
[2024-12-14T11:19:19.191+0000] {local_task_job_runner.py:222} INFO - ::endgroup::
