[2024-12-13T15:33:17.517+0000] {local_task_job_runner.py:120} INFO - ::group::Pre task execution logs
[2024-12-13T15:33:17.571+0000] {taskinstance.py:2076} INFO - Dependencies all met for dep_context=non-requeueable deps ti=<TaskInstance: migration_fit_data.aggregate_warehouse.aggregate_student_performance manual__2024-12-13T15:31:35.788890+00:00 [queued]>
[2024-12-13T15:33:17.590+0000] {taskinstance.py:2076} INFO - Dependencies all met for dep_context=requeueable deps ti=<TaskInstance: migration_fit_data.aggregate_warehouse.aggregate_student_performance manual__2024-12-13T15:31:35.788890+00:00 [queued]>
[2024-12-13T15:33:17.590+0000] {taskinstance.py:2306} INFO - Starting attempt 1 of 1
[2024-12-13T15:33:17.609+0000] {taskinstance.py:2330} INFO - Executing <Task(PythonOperator): aggregate_warehouse.aggregate_student_performance> on 2024-12-13 15:31:35.788890+00:00
[2024-12-13T15:33:17.620+0000] {warnings.py:110} WARNING - /home/***/.local/lib/python3.12/site-packages/***/task/task_runner/standard_task_runner.py:61: DeprecationWarning: This process (pid=338) is multi-threaded, use of fork() may lead to deadlocks in the child.
  pid = os.fork()

[2024-12-13T15:33:17.624+0000] {standard_task_runner.py:63} INFO - Started process 346 to run task
[2024-12-13T15:33:17.634+0000] {standard_task_runner.py:90} INFO - Running: ['***', 'tasks', 'run', 'migration_fit_data', 'aggregate_warehouse.aggregate_student_performance', 'manual__2024-12-13T15:31:35.788890+00:00', '--job-id', '77', '--raw', '--subdir', 'DAGS_FOLDER/elt_migrate.py', '--cfg-path', '/tmp/tmpnz0rwc33']
[2024-12-13T15:33:17.643+0000] {standard_task_runner.py:91} INFO - Job 77: Subtask aggregate_warehouse.aggregate_student_performance
[2024-12-13T15:33:17.768+0000] {task_command.py:426} INFO - Running <TaskInstance: migration_fit_data.aggregate_warehouse.aggregate_student_performance manual__2024-12-13T15:31:35.788890+00:00 [running]> on host 1fe973f28a1c
[2024-12-13T15:33:17.949+0000] {taskinstance.py:2648} INFO - Exporting env vars: AIRFLOW_CTX_DAG_OWNER='***' AIRFLOW_CTX_DAG_ID='migration_fit_data' AIRFLOW_CTX_TASK_ID='aggregate_warehouse.aggregate_student_performance' AIRFLOW_CTX_EXECUTION_DATE='2024-12-13T15:31:35.788890+00:00' AIRFLOW_CTX_TRY_NUMBER='1' AIRFLOW_CTX_DAG_RUN_ID='manual__2024-12-13T15:31:35.788890+00:00'
[2024-12-13T15:33:17.952+0000] {taskinstance.py:430} INFO - ::endgroup::
[2024-12-13T15:33:17.967+0000] {hive.py:475} INFO - USE `default`
[2024-12-13T15:33:18.003+0000] {hive.py:475} INFO - CREATE NAMESPACE IF NOT EXISTS iceberg.aggr_warehouse
[2024-12-13T15:33:18.031+0000] {hive.py:475} INFO - DROP TABLE IF EXISTS iceberg.aggr_warehouse.student_performance
[2024-12-13T15:33:18.055+0000] {hive.py:475} INFO - 
        CREATE OR REPLACE TABLE iceberg.aggr_warehouse.student_performance
        USING parquet
        AS
        SELECT
            s.student_id, 
            s.student_name, 
            ps.program_id, 
            ps.semester_name,
            COUNT(DISTINCT sf.score_id) AS total_courses_enrolled,
            SUM(CASE WHEN sf.final_score >= 4 THEN 1 ELSE 0 END) AS total_courses_passed,
            SUM(c.total_credit) AS total_credits_earned,
            ROUND(
                COALESCE(
                    SUM(CASE WHEN sf.final_score_4 >= 1 THEN sf.final_score_4 * c.total_credit ELSE 0 END) / 
                    NULLIF(SUM(CASE WHEN sf.final_score_4 >= 1 THEN c.total_credit ELSE 0 END), 0),
                    0
                ), 2) AS GPA
        FROM
            iceberg.warehouse.student s
        JOIN iceberg.warehouse.enroll_student es ON s.student_id = es.student_id
        JOIN iceberg.warehouse.enrollment_fact ef ON es.enrollment_id = ef.enrollment_id
        JOIN iceberg.warehouse.instruction_fact inf ON ef.instruction_id = inf.instruction_id
        JOIN iceberg.warehouse.program_semester ps ON inf.program_semester_id = ps.program_semester_id
        JOIN iceberg.warehouse.course c ON inf.course_id = c.course_id
        JOIN iceberg.warehouse.score_fact sf ON sf.instruction_id = inf.instruction_id AND sf.student_id = s.student_id
        GROUP BY
            s.student_id, 
            s.student_name, 
            ps.program_id, 
            ps.semester_name;
    
[2024-12-13T15:33:32.318+0000] {__init__.py:412} INFO - DELETE /user/hive/warehouse/aggr_warehouse.db/student_performance_parquet recursive=True user.name=default namenode:9870
[2024-12-13T15:33:32.360+0000] {hive.py:475} INFO - 
        DROP TABLE IF EXISTS spark_catalog.aggr_warehouse.student_performance_parquet
    
[2024-12-13T15:33:32.548+0000] {hive.py:475} INFO - 
        CREATE TABLE spark_catalog.aggr_warehouse.student_performance_parquet
        USING parquet
        AS
        SELECT * FROM iceberg.aggr_warehouse.student_performance
    
[2024-12-13T15:33:33.953+0000] {python.py:237} INFO - Done. Returned value was: None
[2024-12-13T15:33:33.954+0000] {taskinstance.py:441} INFO - ::group::Post task execution logs
[2024-12-13T15:33:33.971+0000] {taskinstance.py:1206} INFO - Marking task as SUCCESS. dag_id=migration_fit_data, task_id=aggregate_warehouse.aggregate_student_performance, run_id=manual__2024-12-13T15:31:35.788890+00:00, execution_date=20241213T153135, start_date=20241213T153317, end_date=20241213T153333
[2024-12-13T15:33:34.022+0000] {local_task_job_runner.py:240} INFO - Task exited with return code 0
[2024-12-13T15:33:34.059+0000] {taskinstance.py:3498} INFO - 5 downstream tasks scheduled from follow-on schedule check
[2024-12-13T15:33:34.060+0000] {local_task_job_runner.py:222} INFO - ::endgroup::
