[2024-12-14T10:49:52.692+0000] {local_task_job_runner.py:120} INFO - ::group::Pre task execution logs
[2024-12-14T10:49:52.747+0000] {taskinstance.py:2076} INFO - Dependencies all met for dep_context=non-requeueable deps ti=<TaskInstance: etl_dimention_data.insert_warehouse.insert_dwh_course manual__2024-12-14T10:49:34.305778+00:00 [queued]>
[2024-12-14T10:49:52.771+0000] {taskinstance.py:2076} INFO - Dependencies all met for dep_context=requeueable deps ti=<TaskInstance: etl_dimention_data.insert_warehouse.insert_dwh_course manual__2024-12-14T10:49:34.305778+00:00 [queued]>
[2024-12-14T10:49:52.771+0000] {taskinstance.py:2306} INFO - Starting attempt 1 of 1
[2024-12-14T10:49:52.792+0000] {taskinstance.py:2330} INFO - Executing <Task(PythonOperator): insert_warehouse.insert_dwh_course> on 2024-12-14 10:49:34.305778+00:00
[2024-12-14T10:49:52.805+0000] {warnings.py:110} WARNING - /home/***/.local/lib/python3.12/site-packages/***/task/task_runner/standard_task_runner.py:61: DeprecationWarning: This process (pid=594) is multi-threaded, use of fork() may lead to deadlocks in the child.
  pid = os.fork()

[2024-12-14T10:49:52.808+0000] {standard_task_runner.py:63} INFO - Started process 609 to run task
[2024-12-14T10:49:52.808+0000] {standard_task_runner.py:90} INFO - Running: ['***', 'tasks', 'run', 'etl_dimention_data', 'insert_warehouse.insert_dwh_course', 'manual__2024-12-14T10:49:34.305778+00:00', '--job-id', '138', '--raw', '--subdir', 'DAGS_FOLDER/elt_dimention.py', '--cfg-path', '/tmp/tmprc2a9dua']
[2024-12-14T10:49:52.811+0000] {standard_task_runner.py:91} INFO - Job 138: Subtask insert_warehouse.insert_dwh_course
[2024-12-14T10:49:53.038+0000] {task_command.py:426} INFO - Running <TaskInstance: etl_dimention_data.insert_warehouse.insert_dwh_course manual__2024-12-14T10:49:34.305778+00:00 [running]> on host 06cbf31e97a5
[2024-12-14T10:49:53.391+0000] {taskinstance.py:2648} INFO - Exporting env vars: AIRFLOW_CTX_DAG_OWNER='***' AIRFLOW_CTX_DAG_ID='etl_dimention_data' AIRFLOW_CTX_TASK_ID='insert_warehouse.insert_dwh_course' AIRFLOW_CTX_EXECUTION_DATE='2024-12-14T10:49:34.305778+00:00' AIRFLOW_CTX_TRY_NUMBER='1' AIRFLOW_CTX_DAG_RUN_ID='manual__2024-12-14T10:49:34.305778+00:00'
[2024-12-14T10:49:53.393+0000] {taskinstance.py:430} INFO - ::endgroup::
[2024-12-14T10:49:53.436+0000] {hive.py:475} INFO - USE `default`
[2024-12-14T10:49:53.507+0000] {hive.py:475} INFO - SELECT COUNT(*) FROM default.course
[2024-12-14T10:49:53.984+0000] {logging_mixin.py:188} INFO - SELECT COUNT(*) FROM default.course --- 256
[2024-12-14T10:49:53.987+0000] {hive.py:475} INFO - 
            MERGE INTO iceberg.warehouse.course t
            USING default.course s
            ON t.course_id=s.course_id
            WHEN MATCHED 
                THEN UPDATE SET 
                t.course_id=s.course_id,t.course_name=s.course_name,t.course_code=s.course_code,t.category=s.category,t.total_credit=s.total_credit,t.theory_credit=s.theory_credit,t.practice_credit=s.practice_credit,t.self_learning_credit=s.self_learning_credit
            WHEN NOT MATCHED 
                THEN INSERT *
        
[2024-12-14T10:49:59.433+0000] {python.py:237} INFO - Done. Returned value was: None
[2024-12-14T10:49:59.434+0000] {taskinstance.py:441} INFO - ::group::Post task execution logs
[2024-12-14T10:49:59.460+0000] {taskinstance.py:1206} INFO - Marking task as SUCCESS. dag_id=etl_dimention_data, task_id=insert_warehouse.insert_dwh_course, run_id=manual__2024-12-14T10:49:34.305778+00:00, execution_date=20241214T104934, start_date=20241214T104952, end_date=20241214T104959
[2024-12-14T10:49:59.532+0000] {local_task_job_runner.py:240} INFO - Task exited with return code 0
[2024-12-14T10:49:59.618+0000] {taskinstance.py:3498} INFO - 0 downstream tasks scheduled from follow-on schedule check
[2024-12-14T10:49:59.625+0000] {local_task_job_runner.py:222} INFO - ::endgroup::
