[2024-12-13T20:35:47.238+0000] {local_task_job_runner.py:120} INFO - ::group::Pre task execution logs
[2024-12-13T20:35:47.404+0000] {taskinstance.py:2076} INFO - Dependencies all met for dep_context=non-requeueable deps ti=<TaskInstance: migration_fit_data.create_dwh_table.recreate_dwh_course manual__2024-12-13T20:35:11.487363+00:00 [queued]>
[2024-12-13T20:35:47.549+0000] {taskinstance.py:2076} INFO - Dependencies all met for dep_context=requeueable deps ti=<TaskInstance: migration_fit_data.create_dwh_table.recreate_dwh_course manual__2024-12-13T20:35:11.487363+00:00 [queued]>
[2024-12-13T20:35:47.551+0000] {taskinstance.py:2306} INFO - Starting attempt 1 of 1
[2024-12-13T20:35:47.758+0000] {taskinstance.py:2330} INFO - Executing <Task(PythonOperator): create_dwh_table.recreate_dwh_course> on 2024-12-13 20:35:11.487363+00:00
[2024-12-13T20:35:47.855+0000] {warnings.py:110} WARNING - /home/***/.local/lib/python3.12/site-packages/***/task/task_runner/standard_task_runner.py:61: DeprecationWarning: This process (pid=5907) is multi-threaded, use of fork() may lead to deadlocks in the child.
  pid = os.fork()

[2024-12-13T20:35:47.868+0000] {standard_task_runner.py:63} INFO - Started process 5927 to run task
[2024-12-13T20:35:47.871+0000] {standard_task_runner.py:90} INFO - Running: ['***', 'tasks', 'run', 'migration_fit_data', 'create_dwh_table.recreate_dwh_course', 'manual__2024-12-13T20:35:11.487363+00:00', '--job-id', '667', '--raw', '--subdir', 'DAGS_FOLDER/elt_migrate.py', '--cfg-path', '/tmp/tmpshmtnpns']
[2024-12-13T20:35:47.888+0000] {standard_task_runner.py:91} INFO - Job 667: Subtask create_dwh_table.recreate_dwh_course
[2024-12-13T20:35:48.344+0000] {task_command.py:426} INFO - Running <TaskInstance: migration_fit_data.create_dwh_table.recreate_dwh_course manual__2024-12-13T20:35:11.487363+00:00 [running]> on host 1fe973f28a1c
[2024-12-13T20:35:49.120+0000] {taskinstance.py:2648} INFO - Exporting env vars: AIRFLOW_CTX_DAG_OWNER='***' AIRFLOW_CTX_DAG_ID='migration_fit_data' AIRFLOW_CTX_TASK_ID='create_dwh_table.recreate_dwh_course' AIRFLOW_CTX_EXECUTION_DATE='2024-12-13T20:35:11.487363+00:00' AIRFLOW_CTX_TRY_NUMBER='1' AIRFLOW_CTX_DAG_RUN_ID='manual__2024-12-13T20:35:11.487363+00:00'
[2024-12-13T20:35:49.126+0000] {taskinstance.py:430} INFO - ::endgroup::
[2024-12-13T20:35:49.240+0000] {hive.py:475} INFO - USE `default`
[2024-12-13T20:35:49.396+0000] {hive.py:475} INFO - DROP TABLE IF EXISTS iceberg.warehouse.course
[2024-12-13T20:35:49.795+0000] {hive.py:475} INFO - CREATE DATABASE IF NOT EXISTS warehouse
[2024-12-13T20:35:49.918+0000] {hive.py:475} INFO - 
        CREATE TABLE IF NOT EXISTS iceberg.warehouse.course (
            course_id BIGINT,course_name STRING,course_code BIGINT,category STRING,total_credit BIGINT,theory_credit BIGINT,practice_credit BIGINT,self_learning_credit BIGINT   
        )
        USING iceberg
        LOCATION '/fit_warehouse/warehouse/course/*.snappy.parquet'
    
[2024-12-13T20:35:50.430+0000] {python.py:237} INFO - Done. Returned value was: None
[2024-12-13T20:35:50.431+0000] {taskinstance.py:441} INFO - ::group::Post task execution logs
[2024-12-13T20:35:50.477+0000] {taskinstance.py:1206} INFO - Marking task as SUCCESS. dag_id=migration_fit_data, task_id=create_dwh_table.recreate_dwh_course, run_id=manual__2024-12-13T20:35:11.487363+00:00, execution_date=20241213T203511, start_date=20241213T203547, end_date=20241213T203550
[2024-12-13T20:35:50.599+0000] {local_task_job_runner.py:240} INFO - Task exited with return code 0
[2024-12-13T20:35:50.687+0000] {local_task_job_runner.py:222} INFO - ::endgroup::
