[2024-12-19T04:25:54.068+0000] {local_task_job_runner.py:120} INFO - ::group::Pre task execution logs
[2024-12-19T04:25:54.235+0000] {taskinstance.py:2076} INFO - Dependencies all met for dep_context=non-requeueable deps ti=<TaskInstance: ELT_dimention_data.insert_warehouse.insert_dwh_student manual__2024-12-19T04:24:45.064013+00:00 [queued]>
[2024-12-19T04:25:54.315+0000] {taskinstance.py:2076} INFO - Dependencies all met for dep_context=requeueable deps ti=<TaskInstance: ELT_dimention_data.insert_warehouse.insert_dwh_student manual__2024-12-19T04:24:45.064013+00:00 [queued]>
[2024-12-19T04:25:54.330+0000] {taskinstance.py:2306} INFO - Starting attempt 1 of 1
[2024-12-19T04:25:54.636+0000] {taskinstance.py:2330} INFO - Executing <Task(PythonOperator): insert_warehouse.insert_dwh_student> on 2024-12-19 04:24:45.064013+00:00
[2024-12-19T04:25:54.899+0000] {warnings.py:110} WARNING - /home/***/.local/lib/python3.12/site-packages/***/task/task_runner/standard_task_runner.py:61: DeprecationWarning: This process (pid=8402) is multi-threaded, use of fork() may lead to deadlocks in the child.
  pid = os.fork()

[2024-12-19T04:25:54.966+0000] {standard_task_runner.py:63} INFO - Started process 8423 to run task
[2024-12-19T04:25:54.960+0000] {standard_task_runner.py:90} INFO - Running: ['***', 'tasks', 'run', 'ELT_dimention_data', 'insert_warehouse.insert_dwh_student', 'manual__2024-12-19T04:24:45.064013+00:00', '--job-id', '1192', '--raw', '--subdir', 'DAGS_FOLDER/elt_dimention.py', '--cfg-path', '/tmp/tmp7neamz3y']
[2024-12-19T04:25:55.087+0000] {standard_task_runner.py:91} INFO - Job 1192: Subtask insert_warehouse.insert_dwh_student
[2024-12-19T04:25:55.424+0000] {task_command.py:426} INFO - Running <TaskInstance: ELT_dimention_data.insert_warehouse.insert_dwh_student manual__2024-12-19T04:24:45.064013+00:00 [running]> on host 33a17f71e955
[2024-12-19T04:25:55.589+0000] {taskinstance.py:2648} INFO - Exporting env vars: AIRFLOW_CTX_DAG_OWNER='***' AIRFLOW_CTX_DAG_ID='ELT_dimention_data' AIRFLOW_CTX_TASK_ID='insert_warehouse.insert_dwh_student' AIRFLOW_CTX_EXECUTION_DATE='2024-12-19T04:24:45.064013+00:00' AIRFLOW_CTX_TRY_NUMBER='1' AIRFLOW_CTX_DAG_RUN_ID='manual__2024-12-19T04:24:45.064013+00:00'
[2024-12-19T04:25:55.597+0000] {taskinstance.py:430} INFO - ::endgroup::
[2024-12-19T04:25:55.726+0000] {hive.py:475} INFO - USE `default`
[2024-12-19T04:25:56.072+0000] {hive.py:475} INFO - SELECT COUNT(*) FROM default.student
[2024-12-19T04:26:01.663+0000] {logging_mixin.py:188} INFO - SELECT COUNT(*) FROM default.student --- 60
[2024-12-19T04:26:01.672+0000] {hive.py:475} INFO - 
            MERGE INTO iceberg.warehouse.student t
            USING default.student s
            ON t.student_id=s.student_id
            WHEN MATCHED 
                THEN UPDATE SET 
                t.student_id=s.student_id,t.student_name=s.student_name,t.class_name=s.class_name,t.edu_mail=s.edu_mail,t.address_id=s.address_id,t.national_id=s.national_id,t.key_year=s.key_year,t.gender=s.gender,t.student_dob=s.student_dob
            WHEN NOT MATCHED 
                THEN INSERT *
        
[2024-12-19T04:26:15.563+0000] {python.py:237} INFO - Done. Returned value was: None
[2024-12-19T04:26:15.563+0000] {taskinstance.py:441} INFO - ::group::Post task execution logs
[2024-12-19T04:26:15.650+0000] {taskinstance.py:1206} INFO - Marking task as SUCCESS. dag_id=ELT_dimention_data, task_id=insert_warehouse.insert_dwh_student, run_id=manual__2024-12-19T04:24:45.064013+00:00, execution_date=20241219T042445, start_date=20241219T042554, end_date=20241219T042615
[2024-12-19T04:26:15.954+0000] {local_task_job_runner.py:240} INFO - Task exited with return code 0
[2024-12-19T04:26:16.079+0000] {taskinstance.py:3498} INFO - 6 downstream tasks scheduled from follow-on schedule check
[2024-12-19T04:26:16.084+0000] {local_task_job_runner.py:222} INFO - ::endgroup::
