[2024-12-13T18:51:39.990+0000] {local_task_job_runner.py:120} INFO - ::group::Pre task execution logs
[2024-12-13T18:51:40.341+0000] {taskinstance.py:2076} INFO - Dependencies all met for dep_context=non-requeueable deps ti=<TaskInstance: migration_fit_data.insert_warehouse.insert_dwh_instruction_fact manual__2024-12-13T18:50:49.660467+00:00 [queued]>
[2024-12-13T18:51:40.396+0000] {taskinstance.py:2076} INFO - Dependencies all met for dep_context=requeueable deps ti=<TaskInstance: migration_fit_data.insert_warehouse.insert_dwh_instruction_fact manual__2024-12-13T18:50:49.660467+00:00 [queued]>
[2024-12-13T18:51:40.397+0000] {taskinstance.py:2306} INFO - Starting attempt 1 of 1
[2024-12-13T18:51:40.474+0000] {taskinstance.py:2330} INFO - Executing <Task(PythonOperator): insert_warehouse.insert_dwh_instruction_fact> on 2024-12-13 18:50:49.660467+00:00
[2024-12-13T18:51:40.529+0000] {warnings.py:110} WARNING - /home/***/.local/lib/python3.12/site-packages/***/task/task_runner/standard_task_runner.py:61: DeprecationWarning: This process (pid=3765) is multi-threaded, use of fork() may lead to deadlocks in the child.
  pid = os.fork()

[2024-12-13T18:51:40.531+0000] {standard_task_runner.py:63} INFO - Started process 3786 to run task
[2024-12-13T18:51:40.532+0000] {standard_task_runner.py:90} INFO - Running: ['***', 'tasks', 'run', 'migration_fit_data', 'insert_warehouse.insert_dwh_instruction_fact', 'manual__2024-12-13T18:50:49.660467+00:00', '--job-id', '389', '--raw', '--subdir', 'DAGS_FOLDER/elt_migrate.py', '--cfg-path', '/tmp/tmp0dqz1vb7']
[2024-12-13T18:51:40.546+0000] {standard_task_runner.py:91} INFO - Job 389: Subtask insert_warehouse.insert_dwh_instruction_fact
[2024-12-13T18:51:40.839+0000] {task_command.py:426} INFO - Running <TaskInstance: migration_fit_data.insert_warehouse.insert_dwh_instruction_fact manual__2024-12-13T18:50:49.660467+00:00 [running]> on host 1fe973f28a1c
[2024-12-13T18:51:41.493+0000] {taskinstance.py:2648} INFO - Exporting env vars: AIRFLOW_CTX_DAG_OWNER='***' AIRFLOW_CTX_DAG_ID='migration_fit_data' AIRFLOW_CTX_TASK_ID='insert_warehouse.insert_dwh_instruction_fact' AIRFLOW_CTX_EXECUTION_DATE='2024-12-13T18:50:49.660467+00:00' AIRFLOW_CTX_TRY_NUMBER='1' AIRFLOW_CTX_DAG_RUN_ID='manual__2024-12-13T18:50:49.660467+00:00'
[2024-12-13T18:51:41.494+0000] {taskinstance.py:430} INFO - ::endgroup::
[2024-12-13T18:51:41.551+0000] {hive.py:475} INFO - USE `default`
[2024-12-13T18:51:41.600+0000] {hive.py:475} INFO - SELECT COUNT(*) FROM default.instruction_fact
[2024-12-13T18:51:41.925+0000] {logging_mixin.py:188} INFO - SELECT COUNT(*) FROM default.instruction_fact --- 473
[2024-12-13T18:51:41.932+0000] {hive.py:475} INFO - 
            MERGE INTO iceberg.warehouse.instruction_fact t
            USING default.instruction_fact s
            ON t.instruction_id=s.instruction_id
            WHEN MATCHED 
                THEN UPDATE SET 
                t.instruction_id=s.instruction_id,t.program_semester_id=s.program_semester_id,t.course_id=s.course_id,t.class_id=s.class_id,t.is_required=s.is_required,t.num_student=s.num_student,t.num_pass_student=s.num_pass_student,t.num_fail_student=s.num_fail_student,t.avg_final_score=s.avg_final_score,t.instruction_status=s.instruction_status,t.instruction_allocate=s.instruction_allocate,t.instruction_time_start=s.instruction_time_start,t.instruction_time_end=s.instruction_time_end,t.last_modified_date=s.last_modified_date,t.etl_date=s.etl_date
            WHEN NOT MATCHED 
                THEN INSERT *
        
[2024-12-13T18:51:45.852+0000] {python.py:237} INFO - Done. Returned value was: None
[2024-12-13T18:51:45.853+0000] {taskinstance.py:441} INFO - ::group::Post task execution logs
[2024-12-13T18:51:45.875+0000] {taskinstance.py:1206} INFO - Marking task as SUCCESS. dag_id=migration_fit_data, task_id=insert_warehouse.insert_dwh_instruction_fact, run_id=manual__2024-12-13T18:50:49.660467+00:00, execution_date=20241213T185049, start_date=20241213T185140, end_date=20241213T185145
[2024-12-13T18:51:45.944+0000] {local_task_job_runner.py:240} INFO - Task exited with return code 0
[2024-12-13T18:51:45.971+0000] {local_task_job_runner.py:222} INFO - ::endgroup::
