[2024-12-17T05:55:24.630+0000] {local_task_job_runner.py:120} INFO - ::group::Pre task execution logs
[2024-12-17T05:55:24.662+0000] {taskinstance.py:2076} INFO - Dependencies all met for dep_context=non-requeueable deps ti=<TaskInstance: etl_score_fact_data.load_staging.create_staging_score_fact manual__2024-12-17T05:55:15.736211+00:00 [queued]>
[2024-12-17T05:55:24.672+0000] {taskinstance.py:2076} INFO - Dependencies all met for dep_context=requeueable deps ti=<TaskInstance: etl_score_fact_data.load_staging.create_staging_score_fact manual__2024-12-17T05:55:15.736211+00:00 [queued]>
[2024-12-17T05:55:24.672+0000] {taskinstance.py:2306} INFO - Starting attempt 1 of 1
[2024-12-17T05:55:24.685+0000] {taskinstance.py:2330} INFO - Executing <Task(PythonOperator): load_staging.create_staging_score_fact> on 2024-12-17 05:55:15.736211+00:00
[2024-12-17T05:55:24.698+0000] {warnings.py:110} WARNING - /home/***/.local/lib/python3.12/site-packages/***/task/task_runner/standard_task_runner.py:61: DeprecationWarning: This process (pid=38707) is multi-threaded, use of fork() may lead to deadlocks in the child.
  pid = os.fork()

[2024-12-17T05:55:24.702+0000] {standard_task_runner.py:63} INFO - Started process 38712 to run task
[2024-12-17T05:55:24.701+0000] {standard_task_runner.py:90} INFO - Running: ['***', 'tasks', 'run', 'etl_score_fact_data', 'load_staging.create_staging_score_fact', 'manual__2024-12-17T05:55:15.736211+00:00', '--job-id', '960', '--raw', '--subdir', 'DAGS_FOLDER/elt_score_fact.py', '--cfg-path', '/tmp/tmpxok6lxg_']
[2024-12-17T05:55:24.704+0000] {standard_task_runner.py:91} INFO - Job 960: Subtask load_staging.create_staging_score_fact
[2024-12-17T05:55:24.751+0000] {task_command.py:426} INFO - Running <TaskInstance: etl_score_fact_data.load_staging.create_staging_score_fact manual__2024-12-17T05:55:15.736211+00:00 [running]> on host 2f4e9c743994
[2024-12-17T05:55:24.861+0000] {taskinstance.py:2648} INFO - Exporting env vars: AIRFLOW_CTX_DAG_OWNER='***' AIRFLOW_CTX_DAG_ID='etl_score_fact_data' AIRFLOW_CTX_TASK_ID='load_staging.create_staging_score_fact' AIRFLOW_CTX_EXECUTION_DATE='2024-12-17T05:55:15.736211+00:00' AIRFLOW_CTX_TRY_NUMBER='1' AIRFLOW_CTX_DAG_RUN_ID='manual__2024-12-17T05:55:15.736211+00:00'
[2024-12-17T05:55:24.865+0000] {taskinstance.py:430} INFO - ::endgroup::
[2024-12-17T05:55:24.883+0000] {hive.py:475} INFO - USE `default`
[2024-12-17T05:55:24.911+0000] {hive.py:475} INFO - DROP TABLE IF EXISTS default.score_fact
[2024-12-17T05:55:25.084+0000] {hive.py:475} INFO - 
        CREATE TABLE IF NOT EXISTS default.score_fact (
            score_id BIGINT,instruction_id BIGINT,student_id STRING,final_score DOUBLE,final_score_4 DOUBLE,academic_rank STRING,is_practice BOOLEAN,last_modified_date TIMESTAMP,etl_date TIMESTAMP   
        )   
        STORED AS PARQUET
        LOCATION '/fit_warehouse/raw/score_fact/*.snappy.parquet'
    
[2024-12-17T05:55:25.327+0000] {hive.py:475} INFO - ANALYZE TABLE default.score_fact COMPUTE STATISTICS
[2024-12-17T05:55:26.226+0000] {python.py:237} INFO - Done. Returned value was: None
[2024-12-17T05:55:26.228+0000] {taskinstance.py:441} INFO - ::group::Post task execution logs
[2024-12-17T05:55:26.245+0000] {taskinstance.py:1206} INFO - Marking task as SUCCESS. dag_id=etl_score_fact_data, task_id=load_staging.create_staging_score_fact, run_id=manual__2024-12-17T05:55:15.736211+00:00, execution_date=20241217T055515, start_date=20241217T055524, end_date=20241217T055526
[2024-12-17T05:55:26.291+0000] {local_task_job_runner.py:240} INFO - Task exited with return code 0
[2024-12-17T05:55:26.326+0000] {local_task_job_runner.py:222} INFO - ::endgroup::
