[2024-12-16T14:32:17.834+0000] {local_task_job_runner.py:120} INFO - ::group::Pre task execution logs
[2024-12-16T14:32:18.072+0000] {taskinstance.py:2076} INFO - Dependencies all met for dep_context=non-requeueable deps ti=<TaskInstance: migration_fit_schema.insert_data.insert_data_instruction_fact manual__2024-12-16T14:31:40.044942+00:00 [queued]>
[2024-12-16T14:32:18.085+0000] {taskinstance.py:2076} INFO - Dependencies all met for dep_context=requeueable deps ti=<TaskInstance: migration_fit_schema.insert_data.insert_data_instruction_fact manual__2024-12-16T14:31:40.044942+00:00 [queued]>
[2024-12-16T14:32:18.085+0000] {taskinstance.py:2306} INFO - Starting attempt 1 of 1
[2024-12-16T14:32:18.102+0000] {taskinstance.py:2330} INFO - Executing <Task(PythonOperator): insert_data.insert_data_instruction_fact> on 2024-12-16 14:31:40.044942+00:00
[2024-12-16T14:32:18.110+0000] {warnings.py:110} WARNING - /home/***/.local/lib/python3.12/site-packages/***/task/task_runner/standard_task_runner.py:61: DeprecationWarning: This process (pid=25931) is multi-threaded, use of fork() may lead to deadlocks in the child.
  pid = os.fork()

[2024-12-16T14:32:18.111+0000] {standard_task_runner.py:63} INFO - Started process 25940 to run task
[2024-12-16T14:32:18.112+0000] {standard_task_runner.py:90} INFO - Running: ['***', 'tasks', 'run', 'migration_fit_schema', 'insert_data.insert_data_instruction_fact', 'manual__2024-12-16T14:31:40.044942+00:00', '--job-id', '527', '--raw', '--subdir', 'DAGS_FOLDER/etl_migrate.py', '--cfg-path', '/tmp/tmpjmt7b8xy']
[2024-12-16T14:32:18.114+0000] {standard_task_runner.py:91} INFO - Job 527: Subtask insert_data.insert_data_instruction_fact
[2024-12-16T14:32:18.158+0000] {task_command.py:426} INFO - Running <TaskInstance: migration_fit_schema.insert_data.insert_data_instruction_fact manual__2024-12-16T14:31:40.044942+00:00 [running]> on host 2f4e9c743994
[2024-12-16T14:32:18.251+0000] {taskinstance.py:2648} INFO - Exporting env vars: AIRFLOW_CTX_DAG_OWNER='***' AIRFLOW_CTX_DAG_ID='migration_fit_schema' AIRFLOW_CTX_TASK_ID='insert_data.insert_data_instruction_fact' AIRFLOW_CTX_EXECUTION_DATE='2024-12-16T14:31:40.044942+00:00' AIRFLOW_CTX_TRY_NUMBER='1' AIRFLOW_CTX_DAG_RUN_ID='manual__2024-12-16T14:31:40.044942+00:00'
[2024-12-16T14:32:18.253+0000] {taskinstance.py:430} INFO - ::endgroup::
[2024-12-16T14:32:18.837+0000] {__init__.py:412} INFO - GETFILESTATUS /data/raw/instruction_fact/ user.name=default namenode:9870
[2024-12-16T14:32:18.870+0000] {__init__.py:412} INFO - MKDIRS /data/raw/instruction_fact/ user.name=default namenode:9870
[2024-12-16T14:32:18.908+0000] {__init__.py:412} INFO - CREATE /data/raw/instruction_fact/instruction_fact_1734359538.csv overwrite=True async_=True user.name=default namenode:9870
[2024-12-16T14:32:19.084+0000] {python.py:237} INFO - Done. Returned value was: None
[2024-12-16T14:32:19.085+0000] {taskinstance.py:441} INFO - ::group::Post task execution logs
[2024-12-16T14:32:19.102+0000] {taskinstance.py:1206} INFO - Marking task as SUCCESS. dag_id=migration_fit_schema, task_id=insert_data.insert_data_instruction_fact, run_id=manual__2024-12-16T14:31:40.044942+00:00, execution_date=20241216T143140, start_date=20241216T143218, end_date=20241216T143219
[2024-12-16T14:32:19.177+0000] {local_task_job_runner.py:240} INFO - Task exited with return code 0
[2024-12-16T14:32:19.198+0000] {local_task_job_runner.py:222} INFO - ::endgroup::
