[2024-12-13T16:36:35.653+0000] {local_task_job_runner.py:120} INFO - ::group::Pre task execution logs
[2024-12-13T16:36:35.983+0000] {taskinstance.py:2076} INFO - Dependencies all met for dep_context=non-requeueable deps ti=<TaskInstance: migration_fit_data.insert_warehouse.insert_dwh_program_semester manual__2024-12-13T16:35:52.085812+00:00 [queued]>
[2024-12-13T16:36:36.321+0000] {taskinstance.py:2076} INFO - Dependencies all met for dep_context=requeueable deps ti=<TaskInstance: migration_fit_data.insert_warehouse.insert_dwh_program_semester manual__2024-12-13T16:35:52.085812+00:00 [queued]>
[2024-12-13T16:36:36.322+0000] {taskinstance.py:2306} INFO - Starting attempt 1 of 1
[2024-12-13T16:36:36.632+0000] {taskinstance.py:2330} INFO - Executing <Task(PythonOperator): insert_warehouse.insert_dwh_program_semester> on 2024-12-13 16:35:52.085812+00:00
[2024-12-13T16:36:36.794+0000] {warnings.py:110} WARNING - /home/***/.local/lib/python3.12/site-packages/***/task/task_runner/standard_task_runner.py:61: DeprecationWarning: This process (pid=1885) is multi-threaded, use of fork() may lead to deadlocks in the child.
  pid = os.fork()

[2024-12-13T16:36:36.813+0000] {standard_task_runner.py:63} INFO - Started process 1922 to run task
[2024-12-13T16:36:36.805+0000] {standard_task_runner.py:90} INFO - Running: ['***', 'tasks', 'run', 'migration_fit_data', 'insert_warehouse.insert_dwh_program_semester', 'manual__2024-12-13T16:35:52.085812+00:00', '--job-id', '332', '--raw', '--subdir', 'DAGS_FOLDER/elt_migrate.py', '--cfg-path', '/tmp/tmpey3fz5vx']
[2024-12-13T16:36:36.853+0000] {standard_task_runner.py:91} INFO - Job 332: Subtask insert_warehouse.insert_dwh_program_semester
[2024-12-13T16:36:37.361+0000] {task_command.py:426} INFO - Running <TaskInstance: migration_fit_data.insert_warehouse.insert_dwh_program_semester manual__2024-12-13T16:35:52.085812+00:00 [running]> on host 1fe973f28a1c
[2024-12-13T16:36:37.990+0000] {taskinstance.py:2648} INFO - Exporting env vars: AIRFLOW_CTX_DAG_OWNER='***' AIRFLOW_CTX_DAG_ID='migration_fit_data' AIRFLOW_CTX_TASK_ID='insert_warehouse.insert_dwh_program_semester' AIRFLOW_CTX_EXECUTION_DATE='2024-12-13T16:35:52.085812+00:00' AIRFLOW_CTX_TRY_NUMBER='1' AIRFLOW_CTX_DAG_RUN_ID='manual__2024-12-13T16:35:52.085812+00:00'
[2024-12-13T16:36:37.993+0000] {taskinstance.py:430} INFO - ::endgroup::
[2024-12-13T16:36:38.096+0000] {hive.py:475} INFO - USE `default`
[2024-12-13T16:36:38.202+0000] {hive.py:475} INFO - SELECT COUNT(*) FROM default.program_semester
[2024-12-13T16:36:40.574+0000] {logging_mixin.py:188} INFO - SELECT COUNT(*) FROM default.program_semester --- 8
[2024-12-13T16:36:40.665+0000] {hive.py:475} INFO - 
            MERGE INTO iceberg.warehouse.program_semester t
            USING default.program_semester s
            ON t.program_semester_id=s.program_semester_id
            WHEN MATCHED 
                THEN UPDATE SET 
                t.program_semester_id=s.program_semester_id,t.program_id=s.program_id,t.semester_name=s.semester_name,t.total_credit=s.total_credit,t.required_credit=s.required_credit,t.elective_credit=s.elective_credit
            WHEN NOT MATCHED 
                THEN INSERT *
        
[2024-12-13T16:36:49.912+0000] {python.py:237} INFO - Done. Returned value was: None
[2024-12-13T16:36:49.912+0000] {taskinstance.py:441} INFO - ::group::Post task execution logs
[2024-12-13T16:36:49.944+0000] {taskinstance.py:1206} INFO - Marking task as SUCCESS. dag_id=migration_fit_data, task_id=insert_warehouse.insert_dwh_program_semester, run_id=manual__2024-12-13T16:35:52.085812+00:00, execution_date=20241213T163552, start_date=20241213T163635, end_date=20241213T163649
[2024-12-13T16:36:50.002+0000] {local_task_job_runner.py:240} INFO - Task exited with return code 0
[2024-12-13T16:36:50.054+0000] {taskinstance.py:3498} INFO - 0 downstream tasks scheduled from follow-on schedule check
[2024-12-13T16:36:50.057+0000] {local_task_job_runner.py:222} INFO - ::endgroup::
