[2024-12-15T04:30:04.241+0000] {local_task_job_runner.py:120} INFO - ::group::Pre task execution logs
[2024-12-15T04:30:04.461+0000] {taskinstance.py:2076} INFO - Dependencies all met for dep_context=non-requeueable deps ti=<TaskInstance: etl_instruction_fact_data.aggregate_warehouse.aggregate_score_distribution manual__2024-12-15T04:29:43.240186+00:00 [queued]>
[2024-12-15T04:30:04.554+0000] {taskinstance.py:2076} INFO - Dependencies all met for dep_context=requeueable deps ti=<TaskInstance: etl_instruction_fact_data.aggregate_warehouse.aggregate_score_distribution manual__2024-12-15T04:29:43.240186+00:00 [queued]>
[2024-12-15T04:30:04.555+0000] {taskinstance.py:2306} INFO - Starting attempt 1 of 1
[2024-12-15T04:30:04.679+0000] {taskinstance.py:2330} INFO - Executing <Task(PythonOperator): aggregate_warehouse.aggregate_score_distribution> on 2024-12-15 04:29:43.240186+00:00
[2024-12-15T04:30:04.740+0000] {standard_task_runner.py:90} INFO - Running: ['***', 'tasks', 'run', 'etl_instruction_fact_data', 'aggregate_warehouse.aggregate_score_distribution', 'manual__2024-12-15T04:29:43.240186+00:00', '--job-id', '465', '--raw', '--subdir', 'DAGS_FOLDER/elt_instruction_fact.py', '--cfg-path', '/tmp/tmpebljtnt5']
[2024-12-15T04:30:04.752+0000] {standard_task_runner.py:91} INFO - Job 465: Subtask aggregate_warehouse.aggregate_score_distribution
[2024-12-15T04:30:04.745+0000] {warnings.py:110} WARNING - /home/***/.local/lib/python3.12/site-packages/***/task/task_runner/standard_task_runner.py:61: DeprecationWarning: This process (pid=454) is multi-threaded, use of fork() may lead to deadlocks in the child.
  pid = os.fork()

[2024-12-15T04:30:04.756+0000] {standard_task_runner.py:63} INFO - Started process 475 to run task
[2024-12-15T04:30:05.046+0000] {task_command.py:426} INFO - Running <TaskInstance: etl_instruction_fact_data.aggregate_warehouse.aggregate_score_distribution manual__2024-12-15T04:29:43.240186+00:00 [running]> on host 2f4e9c743994
[2024-12-15T04:30:05.344+0000] {taskinstance.py:2648} INFO - Exporting env vars: AIRFLOW_CTX_DAG_OWNER='***' AIRFLOW_CTX_DAG_ID='etl_instruction_fact_data' AIRFLOW_CTX_TASK_ID='aggregate_warehouse.aggregate_score_distribution' AIRFLOW_CTX_EXECUTION_DATE='2024-12-15T04:29:43.240186+00:00' AIRFLOW_CTX_TRY_NUMBER='1' AIRFLOW_CTX_DAG_RUN_ID='manual__2024-12-15T04:29:43.240186+00:00'
[2024-12-15T04:30:05.346+0000] {taskinstance.py:430} INFO - ::endgroup::
[2024-12-15T04:30:05.398+0000] {hive.py:475} INFO - USE `default`
[2024-12-15T04:30:05.634+0000] {hive.py:475} INFO - CREATE NAMESPACE IF NOT EXISTS iceberg.aggr_warehouse
[2024-12-15T04:30:05.808+0000] {hive.py:475} INFO - DROP TABLE IF EXISTS iceberg.aggr_warehouse.score_distribution
[2024-12-15T04:30:06.086+0000] {hive.py:475} INFO - 
    CREATE OR REPLACE TABLE iceberg.aggr_warehouse.score_distribution
    USING parquet
    AS
    SELECT
        c.course_id,
        c.course_name,
        ps.program_id,
        ps.semester_name,
        sf.academic_rank,
        COUNT(*) AS num_students_with_rank
    FROM
        iceberg.warehouse.score_fact sf
    JOIN iceberg.warehouse.instruction_fact inf 
        ON sf.instruction_id = inf.instruction_id
    JOIN iceberg.warehouse.course c 
        ON inf.course_id = c.course_id
    JOIN iceberg.warehouse.program_semester ps 
        ON inf.program_semester_id = ps.program_semester_id
    GROUP BY
        c.course_id,
        c.course_name,
        ps.program_id,
        ps.semester_name,
        sf.academic_rank;
    
[2024-12-15T04:30:11.911+0000] {__init__.py:412} INFO - DELETE /user/hive/warehouse/aggr_warehouse.db/score_distribution_parquet recursive=True user.name=default namenode:9870
[2024-12-15T04:30:11.940+0000] {hive.py:475} INFO - 
        DROP TABLE IF EXISTS spark_catalog.aggr_warehouse.score_distribution_parquet
    
[2024-12-15T04:30:12.240+0000] {hive.py:475} INFO - 
        CREATE TABLE spark_catalog.aggr_warehouse.score_distribution_parquet
        USING parquet
        AS
        SELECT * FROM iceberg.aggr_warehouse.score_distribution
    
[2024-12-15T04:30:13.390+0000] {python.py:237} INFO - Done. Returned value was: None
[2024-12-15T04:30:13.392+0000] {taskinstance.py:441} INFO - ::group::Post task execution logs
[2024-12-15T04:30:13.423+0000] {taskinstance.py:1206} INFO - Marking task as SUCCESS. dag_id=etl_instruction_fact_data, task_id=aggregate_warehouse.aggregate_score_distribution, run_id=manual__2024-12-15T04:29:43.240186+00:00, execution_date=20241215T042943, start_date=20241215T043004, end_date=20241215T043013
[2024-12-15T04:30:13.517+0000] {local_task_job_runner.py:240} INFO - Task exited with return code 0
[2024-12-15T04:30:13.677+0000] {taskinstance.py:3498} INFO - 0 downstream tasks scheduled from follow-on schedule check
[2024-12-15T04:30:13.682+0000] {local_task_job_runner.py:222} INFO - ::endgroup::
