[2024-12-18T18:42:45.567+0000] {local_task_job_runner.py:120} INFO - ::group::Pre task execution logs
[2024-12-18T18:42:45.857+0000] {taskinstance.py:2076} INFO - Dependencies all met for dep_context=non-requeueable deps ti=<TaskInstance: migration_fit_schema.insert_data.insert_data_employee manual__2024-12-18T18:42:34.621761+00:00 [queued]>
[2024-12-18T18:42:45.865+0000] {taskinstance.py:2076} INFO - Dependencies all met for dep_context=requeueable deps ti=<TaskInstance: migration_fit_schema.insert_data.insert_data_employee manual__2024-12-18T18:42:34.621761+00:00 [queued]>
[2024-12-18T18:42:45.865+0000] {taskinstance.py:2306} INFO - Starting attempt 1 of 1
[2024-12-18T18:42:45.879+0000] {taskinstance.py:2330} INFO - Executing <Task(PythonOperator): insert_data.insert_data_employee> on 2024-12-18 18:42:34.621761+00:00
[2024-12-18T18:42:45.893+0000] {warnings.py:110} WARNING - /home/***/.local/lib/python3.12/site-packages/***/task/task_runner/standard_task_runner.py:61: DeprecationWarning: This process (pid=1009) is multi-threaded, use of fork() may lead to deadlocks in the child.
  pid = os.fork()

[2024-12-18T18:42:45.896+0000] {standard_task_runner.py:63} INFO - Started process 1011 to run task
[2024-12-18T18:42:45.897+0000] {standard_task_runner.py:90} INFO - Running: ['***', 'tasks', 'run', 'migration_fit_schema', 'insert_data.insert_data_employee', 'manual__2024-12-18T18:42:34.621761+00:00', '--job-id', '1060', '--raw', '--subdir', 'DAGS_FOLDER/etl_migrate.py', '--cfg-path', '/tmp/tmpe74og_nf']
[2024-12-18T18:42:45.901+0000] {standard_task_runner.py:91} INFO - Job 1060: Subtask insert_data.insert_data_employee
[2024-12-18T18:42:46.001+0000] {task_command.py:426} INFO - Running <TaskInstance: migration_fit_schema.insert_data.insert_data_employee manual__2024-12-18T18:42:34.621761+00:00 [running]> on host 33a17f71e955
[2024-12-18T18:42:46.122+0000] {taskinstance.py:2648} INFO - Exporting env vars: AIRFLOW_CTX_DAG_OWNER='***' AIRFLOW_CTX_DAG_ID='migration_fit_schema' AIRFLOW_CTX_TASK_ID='insert_data.insert_data_employee' AIRFLOW_CTX_EXECUTION_DATE='2024-12-18T18:42:34.621761+00:00' AIRFLOW_CTX_TRY_NUMBER='1' AIRFLOW_CTX_DAG_RUN_ID='manual__2024-12-18T18:42:34.621761+00:00'
[2024-12-18T18:42:46.124+0000] {taskinstance.py:430} INFO - ::endgroup::
[2024-12-18T18:42:46.499+0000] {__init__.py:412} INFO - GETFILESTATUS /data/raw/employee/ user.name=default namenode:9870
[2024-12-18T18:42:46.521+0000] {__init__.py:412} INFO - MKDIRS /data/raw/employee/ user.name=default namenode:9870
[2024-12-18T18:42:46.529+0000] {__init__.py:412} INFO - CREATE /data/raw/employee/employee_1734547366.csv overwrite=True async_=True user.name=default namenode:9870
[2024-12-18T18:42:46.571+0000] {python.py:237} INFO - Done. Returned value was: None
[2024-12-18T18:42:46.572+0000] {taskinstance.py:441} INFO - ::group::Post task execution logs
[2024-12-18T18:42:46.580+0000] {taskinstance.py:1206} INFO - Marking task as SUCCESS. dag_id=migration_fit_schema, task_id=insert_data.insert_data_employee, run_id=manual__2024-12-18T18:42:34.621761+00:00, execution_date=20241218T184234, start_date=20241218T184245, end_date=20241218T184246
[2024-12-18T18:42:46.606+0000] {local_task_job_runner.py:240} INFO - Task exited with return code 0
[2024-12-18T18:42:46.655+0000] {taskinstance.py:3498} INFO - 1 downstream tasks scheduled from follow-on schedule check
[2024-12-18T18:42:46.659+0000] {local_task_job_runner.py:222} INFO - ::endgroup::
