[2024-12-14T20:17:51.579+0000] {local_task_job_runner.py:120} INFO - ::group::Pre task execution logs
[2024-12-14T20:17:51.669+0000] {taskinstance.py:2076} INFO - Dependencies all met for dep_context=non-requeueable deps ti=<TaskInstance: migration_fit_data.load_staging.create_staging_enroll_student manual__2024-12-14T20:17:26.395846+00:00 [queued]>
[2024-12-14T20:17:51.678+0000] {taskinstance.py:2076} INFO - Dependencies all met for dep_context=requeueable deps ti=<TaskInstance: migration_fit_data.load_staging.create_staging_enroll_student manual__2024-12-14T20:17:26.395846+00:00 [queued]>
[2024-12-14T20:17:51.678+0000] {taskinstance.py:2306} INFO - Starting attempt 1 of 1
[2024-12-14T20:17:51.694+0000] {taskinstance.py:2330} INFO - Executing <Task(PythonOperator): load_staging.create_staging_enroll_student> on 2024-12-14 20:17:26.395846+00:00
[2024-12-14T20:17:51.738+0000] {warnings.py:110} WARNING - /home/***/.local/lib/python3.12/site-packages/***/task/task_runner/standard_task_runner.py:61: DeprecationWarning: This process (pid=8030) is multi-threaded, use of fork() may lead to deadlocks in the child.
  pid = os.fork()

[2024-12-14T20:17:51.752+0000] {standard_task_runner.py:63} INFO - Started process 8055 to run task
[2024-12-14T20:17:51.768+0000] {standard_task_runner.py:90} INFO - Running: ['***', 'tasks', 'run', 'migration_fit_data', 'load_staging.create_staging_enroll_student', 'manual__2024-12-14T20:17:26.395846+00:00', '--job-id', '374', '--raw', '--subdir', 'DAGS_FOLDER/elt_migrate.py', '--cfg-path', '/tmp/tmpowlxu6q9']
[2024-12-14T20:17:51.842+0000] {standard_task_runner.py:91} INFO - Job 374: Subtask load_staging.create_staging_enroll_student
[2024-12-14T20:17:52.662+0000] {task_command.py:426} INFO - Running <TaskInstance: migration_fit_data.load_staging.create_staging_enroll_student manual__2024-12-14T20:17:26.395846+00:00 [running]> on host 472b63b715e1
[2024-12-14T20:17:54.210+0000] {taskinstance.py:2648} INFO - Exporting env vars: AIRFLOW_CTX_DAG_OWNER='***' AIRFLOW_CTX_DAG_ID='migration_fit_data' AIRFLOW_CTX_TASK_ID='load_staging.create_staging_enroll_student' AIRFLOW_CTX_EXECUTION_DATE='2024-12-14T20:17:26.395846+00:00' AIRFLOW_CTX_TRY_NUMBER='1' AIRFLOW_CTX_DAG_RUN_ID='manual__2024-12-14T20:17:26.395846+00:00'
[2024-12-14T20:17:54.218+0000] {taskinstance.py:430} INFO - ::endgroup::
[2024-12-14T20:17:54.332+0000] {hive.py:475} INFO - USE `default`
[2024-12-14T20:17:55.325+0000] {hive.py:475} INFO - DROP TABLE IF EXISTS default.enroll_student
[2024-12-14T20:17:57.316+0000] {hive.py:475} INFO - 
        CREATE TABLE IF NOT EXISTS default.enroll_student (
            student_id STRING,enrollment_id BIGINT,enrollment_time TIMESTAMP   
        )   
        STORED AS PARQUET
        LOCATION '/fit_warehouse/raw/enroll_student/*.snappy.parquet'
    
[2024-12-14T20:17:58.323+0000] {hive.py:475} INFO - ANALYZE TABLE default.enroll_student COMPUTE STATISTICS
[2024-12-14T20:18:00.246+0000] {python.py:237} INFO - Done. Returned value was: None
[2024-12-14T20:18:00.247+0000] {taskinstance.py:441} INFO - ::group::Post task execution logs
[2024-12-14T20:18:00.286+0000] {taskinstance.py:1206} INFO - Marking task as SUCCESS. dag_id=migration_fit_data, task_id=load_staging.create_staging_enroll_student, run_id=manual__2024-12-14T20:17:26.395846+00:00, execution_date=20241214T201726, start_date=20241214T201751, end_date=20241214T201800
[2024-12-14T20:18:00.414+0000] {local_task_job_runner.py:240} INFO - Task exited with return code 0
[2024-12-14T20:18:00.461+0000] {local_task_job_runner.py:222} INFO - ::endgroup::
