[2024-12-19T04:25:22.745+0000] {local_task_job_runner.py:120} INFO - ::group::Pre task execution logs
[2024-12-19T04:25:23.084+0000] {taskinstance.py:2076} INFO - Dependencies all met for dep_context=non-requeueable deps ti=<TaskInstance: ELT_dimention_data.load_staging.create_staging_class manual__2024-12-19T04:24:45.064013+00:00 [queued]>
[2024-12-19T04:25:23.163+0000] {taskinstance.py:2076} INFO - Dependencies all met for dep_context=requeueable deps ti=<TaskInstance: ELT_dimention_data.load_staging.create_staging_class manual__2024-12-19T04:24:45.064013+00:00 [queued]>
[2024-12-19T04:25:23.166+0000] {taskinstance.py:2306} INFO - Starting attempt 1 of 1
[2024-12-19T04:25:23.295+0000] {taskinstance.py:2330} INFO - Executing <Task(PythonOperator): load_staging.create_staging_class> on 2024-12-19 04:24:45.064013+00:00
[2024-12-19T04:25:23.385+0000] {warnings.py:110} WARNING - /home/***/.local/lib/python3.12/site-packages/***/task/task_runner/standard_task_runner.py:61: DeprecationWarning: This process (pid=8377) is multi-threaded, use of fork() may lead to deadlocks in the child.
  pid = os.fork()

[2024-12-19T04:25:23.387+0000] {standard_task_runner.py:90} INFO - Running: ['***', 'tasks', 'run', 'ELT_dimention_data', 'load_staging.create_staging_class', 'manual__2024-12-19T04:24:45.064013+00:00', '--job-id', '1180', '--raw', '--subdir', 'DAGS_FOLDER/elt_dimention.py', '--cfg-path', '/tmp/tmpo78y3hhr']
[2024-12-19T04:25:23.395+0000] {standard_task_runner.py:91} INFO - Job 1180: Subtask load_staging.create_staging_class
[2024-12-19T04:25:23.386+0000] {standard_task_runner.py:63} INFO - Started process 8388 to run task
[2024-12-19T04:25:23.686+0000] {task_command.py:426} INFO - Running <TaskInstance: ELT_dimention_data.load_staging.create_staging_class manual__2024-12-19T04:24:45.064013+00:00 [running]> on host 33a17f71e955
[2024-12-19T04:25:24.323+0000] {taskinstance.py:2648} INFO - Exporting env vars: AIRFLOW_CTX_DAG_OWNER='***' AIRFLOW_CTX_DAG_ID='ELT_dimention_data' AIRFLOW_CTX_TASK_ID='load_staging.create_staging_class' AIRFLOW_CTX_EXECUTION_DATE='2024-12-19T04:24:45.064013+00:00' AIRFLOW_CTX_TRY_NUMBER='1' AIRFLOW_CTX_DAG_RUN_ID='manual__2024-12-19T04:24:45.064013+00:00'
[2024-12-19T04:25:24.325+0000] {taskinstance.py:430} INFO - ::endgroup::
[2024-12-19T04:25:24.523+0000] {hive.py:475} INFO - USE `default`
[2024-12-19T04:25:24.744+0000] {hive.py:475} INFO - DROP TABLE IF EXISTS default.class
[2024-12-19T04:25:25.515+0000] {hive.py:475} INFO - 
        CREATE TABLE IF NOT EXISTS default.class (
            class_id BIGINT,class_name STRING,last_modified_date TIMESTAMP   
        )   
        STORED AS PARQUET
        LOCATION '/fit_warehouse/raw/class/*.snappy.parquet'
    
[2024-12-19T04:25:27.087+0000] {hive.py:475} INFO - ANALYZE TABLE default.class COMPUTE STATISTICS
[2024-12-19T04:25:36.489+0000] {python.py:237} INFO - Done. Returned value was: None
[2024-12-19T04:25:36.491+0000] {taskinstance.py:441} INFO - ::group::Post task execution logs
[2024-12-19T04:25:36.556+0000] {taskinstance.py:1206} INFO - Marking task as SUCCESS. dag_id=ELT_dimention_data, task_id=load_staging.create_staging_class, run_id=manual__2024-12-19T04:24:45.064013+00:00, execution_date=20241219T042445, start_date=20241219T042523, end_date=20241219T042536
[2024-12-19T04:25:36.735+0000] {local_task_job_runner.py:240} INFO - Task exited with return code 0
[2024-12-19T04:25:36.952+0000] {taskinstance.py:3498} INFO - 0 downstream tasks scheduled from follow-on schedule check
[2024-12-19T04:25:36.965+0000] {local_task_job_runner.py:222} INFO - ::endgroup::
