[2024-12-17T04:21:11.048+0000] {local_task_job_runner.py:120} INFO - ::group::Pre task execution logs
[2024-12-17T04:21:11.206+0000] {taskinstance.py:2076} INFO - Dependencies all met for dep_context=non-requeueable deps ti=<TaskInstance: migration_fit_data.get_raw_data.extract_raw_employee manual__2024-12-17T04:21:03.915875+00:00 [queued]>
[2024-12-17T04:21:11.248+0000] {taskinstance.py:2076} INFO - Dependencies all met for dep_context=requeueable deps ti=<TaskInstance: migration_fit_data.get_raw_data.extract_raw_employee manual__2024-12-17T04:21:03.915875+00:00 [queued]>
[2024-12-17T04:21:11.249+0000] {taskinstance.py:2306} INFO - Starting attempt 1 of 1
[2024-12-17T04:21:11.428+0000] {taskinstance.py:2330} INFO - Executing <Task(PythonOperator): get_raw_data.extract_raw_employee> on 2024-12-17 04:21:03.915875+00:00
[2024-12-17T04:21:11.488+0000] {warnings.py:110} WARNING - /home/***/.local/lib/python3.12/site-packages/***/task/task_runner/standard_task_runner.py:61: DeprecationWarning: This process (pid=37083) is multi-threaded, use of fork() may lead to deadlocks in the child.
  pid = os.fork()

[2024-12-17T04:21:11.494+0000] {standard_task_runner.py:63} INFO - Started process 37101 to run task
[2024-12-17T04:21:11.540+0000] {standard_task_runner.py:90} INFO - Running: ['***', 'tasks', 'run', 'migration_fit_data', 'get_raw_data.extract_raw_employee', 'manual__2024-12-17T04:21:03.915875+00:00', '--job-id', '819', '--raw', '--subdir', 'DAGS_FOLDER/elt_migrate.py', '--cfg-path', '/tmp/tmpql21e4wt']
[2024-12-17T04:21:11.579+0000] {standard_task_runner.py:91} INFO - Job 819: Subtask get_raw_data.extract_raw_employee
[2024-12-17T04:21:14.820+0000] {task_command.py:426} INFO - Running <TaskInstance: migration_fit_data.get_raw_data.extract_raw_employee manual__2024-12-17T04:21:03.915875+00:00 [running]> on host 2f4e9c743994
[2024-12-17T04:21:16.947+0000] {taskinstance.py:2648} INFO - Exporting env vars: AIRFLOW_CTX_DAG_OWNER='***' AIRFLOW_CTX_DAG_ID='migration_fit_data' AIRFLOW_CTX_TASK_ID='get_raw_data.extract_raw_employee' AIRFLOW_CTX_EXECUTION_DATE='2024-12-17T04:21:03.915875+00:00' AIRFLOW_CTX_TRY_NUMBER='1' AIRFLOW_CTX_DAG_RUN_ID='manual__2024-12-17T04:21:03.915875+00:00'
[2024-12-17T04:21:16.971+0000] {taskinstance.py:430} INFO - ::endgroup::
[2024-12-17T04:21:18.836+0000] {__init__.py:412} INFO - DELETE /fit_warehouse/raw/employee/ recursive=True user.name=default namenode:9870
[2024-12-17T04:21:18.911+0000] {__init__.py:412} INFO - GETFILESTATUS /fit_warehouse/raw/employee/ user.name=default namenode:9870
[2024-12-17T04:21:18.961+0000] {__init__.py:412} INFO - MKDIRS /fit_warehouse/raw/employee/ user.name=default namenode:9870
[2024-12-17T04:21:19.017+0000] {__init__.py:412} INFO - CREATE /fit_warehouse/raw/employee/employee_01.snappy.parquet overwrite=True async_=True user.name=default namenode:9870
[2024-12-17T04:21:19.178+0000] {python.py:237} INFO - Done. Returned value was: None
[2024-12-17T04:21:19.178+0000] {taskinstance.py:441} INFO - ::group::Post task execution logs
[2024-12-17T04:21:19.411+0000] {taskinstance.py:1206} INFO - Marking task as SUCCESS. dag_id=migration_fit_data, task_id=get_raw_data.extract_raw_employee, run_id=manual__2024-12-17T04:21:03.915875+00:00, execution_date=20241217T042103, start_date=20241217T042111, end_date=20241217T042119
[2024-12-17T04:21:19.726+0000] {local_task_job_runner.py:240} INFO - Task exited with return code 0
[2024-12-17T04:21:20.406+0000] {taskinstance.py:3498} INFO - 0 downstream tasks scheduled from follow-on schedule check
[2024-12-17T04:21:23.983+0000] {local_task_job_runner.py:222} INFO - ::endgroup::
