[2024-12-15T08:14:50.161+0000] {local_task_job_runner.py:120} INFO - ::group::Pre task execution logs
[2024-12-15T08:14:50.485+0000] {taskinstance.py:2076} INFO - Dependencies all met for dep_context=non-requeueable deps ti=<TaskInstance: etl_data.insert_data.insert_data_course manual__2024-12-15T08:14:47.921928+00:00 [queued]>
[2024-12-15T08:14:50.497+0000] {taskinstance.py:2076} INFO - Dependencies all met for dep_context=requeueable deps ti=<TaskInstance: etl_data.insert_data.insert_data_course manual__2024-12-15T08:14:47.921928+00:00 [queued]>
[2024-12-15T08:14:50.497+0000] {taskinstance.py:2306} INFO - Starting attempt 1 of 1
[2024-12-15T08:14:50.522+0000] {taskinstance.py:2330} INFO - Executing <Task(PythonOperator): insert_data.insert_data_course> on 2024-12-15 08:14:47.921928+00:00
[2024-12-15T08:14:50.564+0000] {warnings.py:110} WARNING - /home/***/.local/lib/python3.12/site-packages/***/task/task_runner/standard_task_runner.py:61: DeprecationWarning: This process (pid=3335) is multi-threaded, use of fork() may lead to deadlocks in the child.
  pid = os.fork()

[2024-12-15T08:14:50.565+0000] {standard_task_runner.py:63} INFO - Started process 3337 to run task
[2024-12-15T08:14:50.568+0000] {standard_task_runner.py:90} INFO - Running: ['***', 'tasks', 'run', 'etl_data', 'insert_data.insert_data_course', 'manual__2024-12-15T08:14:47.921928+00:00', '--job-id', '493', '--raw', '--subdir', 'DAGS_FOLDER/etl_data.py', '--cfg-path', '/tmp/tmpcfdij8b4']
[2024-12-15T08:14:50.578+0000] {standard_task_runner.py:91} INFO - Job 493: Subtask insert_data.insert_data_course
[2024-12-15T08:14:50.750+0000] {task_command.py:426} INFO - Running <TaskInstance: etl_data.insert_data.insert_data_course manual__2024-12-15T08:14:47.921928+00:00 [running]> on host 2f4e9c743994
[2024-12-15T08:14:50.898+0000] {taskinstance.py:2648} INFO - Exporting env vars: AIRFLOW_CTX_DAG_OWNER='***' AIRFLOW_CTX_DAG_ID='etl_data' AIRFLOW_CTX_TASK_ID='insert_data.insert_data_course' AIRFLOW_CTX_EXECUTION_DATE='2024-12-15T08:14:47.921928+00:00' AIRFLOW_CTX_TRY_NUMBER='1' AIRFLOW_CTX_DAG_RUN_ID='manual__2024-12-15T08:14:47.921928+00:00'
[2024-12-15T08:14:50.901+0000] {taskinstance.py:430} INFO - ::endgroup::
[2024-12-15T08:14:51.357+0000] {__init__.py:412} INFO - GETFILESTATUS /data/raw/course/ user.name=default namenode:9870
[2024-12-15T08:14:51.372+0000] {__init__.py:412} INFO - MKDIRS /data/raw/course/ user.name=default namenode:9870
[2024-12-15T08:14:51.378+0000] {__init__.py:412} INFO - CREATE /data/raw/course/course_1734250491.csv overwrite=True async_=True user.name=default namenode:9870
[2024-12-15T08:14:51.408+0000] {python.py:237} INFO - Done. Returned value was: None
[2024-12-15T08:14:51.409+0000] {taskinstance.py:441} INFO - ::group::Post task execution logs
[2024-12-15T08:14:51.417+0000] {taskinstance.py:1206} INFO - Marking task as SUCCESS. dag_id=etl_data, task_id=insert_data.insert_data_course, run_id=manual__2024-12-15T08:14:47.921928+00:00, execution_date=20241215T081447, start_date=20241215T081450, end_date=20241215T081451
[2024-12-15T08:14:51.469+0000] {local_task_job_runner.py:240} INFO - Task exited with return code 0
[2024-12-15T08:14:51.514+0000] {taskinstance.py:3498} INFO - 1 downstream tasks scheduled from follow-on schedule check
[2024-12-15T08:14:51.516+0000] {local_task_job_runner.py:222} INFO - ::endgroup::
