[2024-12-16T15:42:48.536+0000] {local_task_job_runner.py:120} INFO - ::group::Pre task execution logs
[2024-12-16T15:42:48.753+0000] {taskinstance.py:2076} INFO - Dependencies all met for dep_context=non-requeueable deps ti=<TaskInstance: migration_fit_data.load_staging.create_staging_enroll_student manual__2024-12-16T15:42:13.474492+00:00 [queued]>
[2024-12-16T15:42:48.776+0000] {taskinstance.py:2076} INFO - Dependencies all met for dep_context=requeueable deps ti=<TaskInstance: migration_fit_data.load_staging.create_staging_enroll_student manual__2024-12-16T15:42:13.474492+00:00 [queued]>
[2024-12-16T15:42:48.777+0000] {taskinstance.py:2306} INFO - Starting attempt 1 of 1
[2024-12-16T15:42:48.810+0000] {taskinstance.py:2330} INFO - Executing <Task(PythonOperator): load_staging.create_staging_enroll_student> on 2024-12-16 15:42:13.474492+00:00
[2024-12-16T15:42:48.831+0000] {warnings.py:110} WARNING - /home/***/.local/lib/python3.12/site-packages/***/task/task_runner/standard_task_runner.py:61: DeprecationWarning: This process (pid=27319) is multi-threaded, use of fork() may lead to deadlocks in the child.
  pid = os.fork()

[2024-12-16T15:42:48.835+0000] {standard_task_runner.py:63} INFO - Started process 27341 to run task
[2024-12-16T15:42:48.856+0000] {standard_task_runner.py:90} INFO - Running: ['***', 'tasks', 'run', 'migration_fit_data', 'load_staging.create_staging_enroll_student', 'manual__2024-12-16T15:42:13.474492+00:00', '--job-id', '672', '--raw', '--subdir', 'DAGS_FOLDER/elt_migrate.py', '--cfg-path', '/tmp/tmppunltl6j']
[2024-12-16T15:42:48.880+0000] {standard_task_runner.py:91} INFO - Job 672: Subtask load_staging.create_staging_enroll_student
[2024-12-16T15:42:49.625+0000] {task_command.py:426} INFO - Running <TaskInstance: migration_fit_data.load_staging.create_staging_enroll_student manual__2024-12-16T15:42:13.474492+00:00 [running]> on host 2f4e9c743994
[2024-12-16T15:42:50.755+0000] {taskinstance.py:2648} INFO - Exporting env vars: AIRFLOW_CTX_DAG_OWNER='***' AIRFLOW_CTX_DAG_ID='migration_fit_data' AIRFLOW_CTX_TASK_ID='load_staging.create_staging_enroll_student' AIRFLOW_CTX_EXECUTION_DATE='2024-12-16T15:42:13.474492+00:00' AIRFLOW_CTX_TRY_NUMBER='1' AIRFLOW_CTX_DAG_RUN_ID='manual__2024-12-16T15:42:13.474492+00:00'
[2024-12-16T15:42:50.756+0000] {taskinstance.py:430} INFO - ::endgroup::
[2024-12-16T15:42:51.006+0000] {hive.py:475} INFO - USE `default`
[2024-12-16T15:42:53.140+0000] {hive.py:475} INFO - DROP TABLE IF EXISTS default.enroll_student
[2024-12-16T15:42:58.975+0000] {hive.py:475} INFO - 
        CREATE TABLE IF NOT EXISTS default.enroll_student (
            student_id STRING,enrollment_id BIGINT,enrollment_time TIMESTAMP   
        )   
        STORED AS PARQUET
        LOCATION '/fit_warehouse/raw/enroll_student/*.snappy.parquet'
    
[2024-12-16T15:43:02.348+0000] {hive.py:475} INFO - ANALYZE TABLE default.enroll_student COMPUTE STATISTICS
[2024-12-16T15:43:26.709+0000] {python.py:237} INFO - Done. Returned value was: None
[2024-12-16T15:43:26.711+0000] {taskinstance.py:441} INFO - ::group::Post task execution logs
[2024-12-16T15:43:26.771+0000] {taskinstance.py:1206} INFO - Marking task as SUCCESS. dag_id=migration_fit_data, task_id=load_staging.create_staging_enroll_student, run_id=manual__2024-12-16T15:42:13.474492+00:00, execution_date=20241216T154213, start_date=20241216T154248, end_date=20241216T154326
[2024-12-16T15:43:27.009+0000] {local_task_job_runner.py:240} INFO - Task exited with return code 0
[2024-12-16T15:43:27.082+0000] {local_task_job_runner.py:222} INFO - ::endgroup::
