[2024-12-14T10:49:43.967+0000] {local_task_job_runner.py:120} INFO - ::group::Pre task execution logs
[2024-12-14T10:49:44.029+0000] {taskinstance.py:2076} INFO - Dependencies all met for dep_context=non-requeueable deps ti=<TaskInstance: etl_dimention_data.load_staging.create_staging_program manual__2024-12-14T10:49:34.305778+00:00 [queued]>
[2024-12-14T10:49:44.050+0000] {taskinstance.py:2076} INFO - Dependencies all met for dep_context=requeueable deps ti=<TaskInstance: etl_dimention_data.load_staging.create_staging_program manual__2024-12-14T10:49:34.305778+00:00 [queued]>
[2024-12-14T10:49:44.051+0000] {taskinstance.py:2306} INFO - Starting attempt 1 of 1
[2024-12-14T10:49:44.098+0000] {taskinstance.py:2330} INFO - Executing <Task(PythonOperator): load_staging.create_staging_program> on 2024-12-14 10:49:34.305778+00:00
[2024-12-14T10:49:44.114+0000] {warnings.py:110} WARNING - /home/***/.local/lib/python3.12/site-packages/***/task/task_runner/standard_task_runner.py:61: DeprecationWarning: This process (pid=574) is multi-threaded, use of fork() may lead to deadlocks in the child.
  pid = os.fork()

[2024-12-14T10:49:44.119+0000] {standard_task_runner.py:63} INFO - Started process 586 to run task
[2024-12-14T10:49:44.120+0000] {standard_task_runner.py:90} INFO - Running: ['***', 'tasks', 'run', 'etl_dimention_data', 'load_staging.create_staging_program', 'manual__2024-12-14T10:49:34.305778+00:00', '--job-id', '129', '--raw', '--subdir', 'DAGS_FOLDER/elt_dimention.py', '--cfg-path', '/tmp/tmph984z8rh']
[2024-12-14T10:49:44.123+0000] {standard_task_runner.py:91} INFO - Job 129: Subtask load_staging.create_staging_program
[2024-12-14T10:49:44.224+0000] {task_command.py:426} INFO - Running <TaskInstance: etl_dimention_data.load_staging.create_staging_program manual__2024-12-14T10:49:34.305778+00:00 [running]> on host 06cbf31e97a5
[2024-12-14T10:49:44.452+0000] {taskinstance.py:2648} INFO - Exporting env vars: AIRFLOW_CTX_DAG_OWNER='***' AIRFLOW_CTX_DAG_ID='etl_dimention_data' AIRFLOW_CTX_TASK_ID='load_staging.create_staging_program' AIRFLOW_CTX_EXECUTION_DATE='2024-12-14T10:49:34.305778+00:00' AIRFLOW_CTX_TRY_NUMBER='1' AIRFLOW_CTX_DAG_RUN_ID='manual__2024-12-14T10:49:34.305778+00:00'
[2024-12-14T10:49:44.454+0000] {taskinstance.py:430} INFO - ::endgroup::
[2024-12-14T10:49:44.490+0000] {hive.py:475} INFO - USE `default`
[2024-12-14T10:49:44.572+0000] {hive.py:475} INFO - DROP TABLE IF EXISTS default.program
[2024-12-14T10:49:46.138+0000] {hive.py:475} INFO - 
        CREATE TABLE IF NOT EXISTS default.program (
            program_id STRING,class_of STRING   
        )   
        STORED AS PARQUET
        LOCATION '/fit_warehouse/raw/program/*.snappy.parquet'
    
[2024-12-14T10:49:46.759+0000] {hive.py:475} INFO - ANALYZE TABLE default.program COMPUTE STATISTICS
[2024-12-14T10:49:49.109+0000] {python.py:237} INFO - Done. Returned value was: None
[2024-12-14T10:49:49.111+0000] {taskinstance.py:441} INFO - ::group::Post task execution logs
[2024-12-14T10:49:49.125+0000] {taskinstance.py:1206} INFO - Marking task as SUCCESS. dag_id=etl_dimention_data, task_id=load_staging.create_staging_program, run_id=manual__2024-12-14T10:49:34.305778+00:00, execution_date=20241214T104934, start_date=20241214T104944, end_date=20241214T104949
[2024-12-14T10:49:49.151+0000] {local_task_job_runner.py:240} INFO - Task exited with return code 0
[2024-12-14T10:49:49.184+0000] {taskinstance.py:3498} INFO - 8 downstream tasks scheduled from follow-on schedule check
[2024-12-14T10:49:49.186+0000] {local_task_job_runner.py:222} INFO - ::endgroup::
