[2024-12-13T20:38:00.723+0000] {local_task_job_runner.py:120} INFO - ::group::Pre task execution logs
[2024-12-13T20:38:00.876+0000] {taskinstance.py:2076} INFO - Dependencies all met for dep_context=non-requeueable deps ti=<TaskInstance: migration_fit_data.create_dwh_table.recreate_dwh_address manual__2024-12-13T20:37:24.752456+00:00 [queued]>
[2024-12-13T20:38:00.913+0000] {taskinstance.py:2076} INFO - Dependencies all met for dep_context=requeueable deps ti=<TaskInstance: migration_fit_data.create_dwh_table.recreate_dwh_address manual__2024-12-13T20:37:24.752456+00:00 [queued]>
[2024-12-13T20:38:00.914+0000] {taskinstance.py:2306} INFO - Starting attempt 1 of 1
[2024-12-13T20:38:01.014+0000] {taskinstance.py:2330} INFO - Executing <Task(PythonOperator): create_dwh_table.recreate_dwh_address> on 2024-12-13 20:37:24.752456+00:00
[2024-12-13T20:38:01.081+0000] {warnings.py:110} WARNING - /home/***/.local/lib/python3.12/site-packages/***/task/task_runner/standard_task_runner.py:61: DeprecationWarning: This process (pid=6129) is multi-threaded, use of fork() may lead to deadlocks in the child.
  pid = os.fork()

[2024-12-13T20:38:01.100+0000] {standard_task_runner.py:63} INFO - Started process 6166 to run task
[2024-12-13T20:38:01.105+0000] {standard_task_runner.py:90} INFO - Running: ['***', 'tasks', 'run', 'migration_fit_data', 'create_dwh_table.recreate_dwh_address', 'manual__2024-12-13T20:37:24.752456+00:00', '--job-id', '739', '--raw', '--subdir', 'DAGS_FOLDER/elt_migrate.py', '--cfg-path', '/tmp/tmplddt8uzn']
[2024-12-13T20:38:01.117+0000] {standard_task_runner.py:91} INFO - Job 739: Subtask create_dwh_table.recreate_dwh_address
[2024-12-13T20:38:01.372+0000] {task_command.py:426} INFO - Running <TaskInstance: migration_fit_data.create_dwh_table.recreate_dwh_address manual__2024-12-13T20:37:24.752456+00:00 [running]> on host 1fe973f28a1c
[2024-12-13T20:38:01.585+0000] {taskinstance.py:2648} INFO - Exporting env vars: AIRFLOW_CTX_DAG_OWNER='***' AIRFLOW_CTX_DAG_ID='migration_fit_data' AIRFLOW_CTX_TASK_ID='create_dwh_table.recreate_dwh_address' AIRFLOW_CTX_EXECUTION_DATE='2024-12-13T20:37:24.752456+00:00' AIRFLOW_CTX_TRY_NUMBER='1' AIRFLOW_CTX_DAG_RUN_ID='manual__2024-12-13T20:37:24.752456+00:00'
[2024-12-13T20:38:01.586+0000] {taskinstance.py:430} INFO - ::endgroup::
[2024-12-13T20:38:01.603+0000] {hive.py:475} INFO - USE `default`
[2024-12-13T20:38:01.620+0000] {hive.py:475} INFO - DROP TABLE IF EXISTS iceberg.warehouse.address
[2024-12-13T20:38:01.662+0000] {hive.py:475} INFO - CREATE DATABASE IF NOT EXISTS warehouse
[2024-12-13T20:38:01.679+0000] {hive.py:475} INFO - 
        CREATE TABLE IF NOT EXISTS iceberg.warehouse.address (
            address_id BIGINT,ward STRING,district STRING,city STRING   
        )
        USING iceberg
        LOCATION '/fit_warehouse/warehouse/address/*.snappy.parquet'
    
[2024-12-13T20:38:01.773+0000] {python.py:237} INFO - Done. Returned value was: None
[2024-12-13T20:38:01.773+0000] {taskinstance.py:441} INFO - ::group::Post task execution logs
[2024-12-13T20:38:01.793+0000] {taskinstance.py:1206} INFO - Marking task as SUCCESS. dag_id=migration_fit_data, task_id=create_dwh_table.recreate_dwh_address, run_id=manual__2024-12-13T20:37:24.752456+00:00, execution_date=20241213T203724, start_date=20241213T203800, end_date=20241213T203801
[2024-12-13T20:38:01.847+0000] {local_task_job_runner.py:240} INFO - Task exited with return code 0
[2024-12-13T20:38:01.902+0000] {taskinstance.py:3498} INFO - 0 downstream tasks scheduled from follow-on schedule check
[2024-12-13T20:38:01.903+0000] {local_task_job_runner.py:222} INFO - ::endgroup::
