[2024-12-17T05:31:40.328+0000] {local_task_job_runner.py:120} INFO - ::group::Pre task execution logs
[2024-12-17T05:31:40.407+0000] {taskinstance.py:2076} INFO - Dependencies all met for dep_context=non-requeueable deps ti=<TaskInstance: migration_fit_data.load_staging.create_staging_instruction_fact manual__2024-12-17T05:30:38.897078+00:00 [queued]>
[2024-12-17T05:31:40.488+0000] {taskinstance.py:2076} INFO - Dependencies all met for dep_context=requeueable deps ti=<TaskInstance: migration_fit_data.load_staging.create_staging_instruction_fact manual__2024-12-17T05:30:38.897078+00:00 [queued]>
[2024-12-17T05:31:40.501+0000] {taskinstance.py:2306} INFO - Starting attempt 1 of 1
[2024-12-17T05:31:40.684+0000] {taskinstance.py:2330} INFO - Executing <Task(PythonOperator): load_staging.create_staging_instruction_fact> on 2024-12-17 05:30:38.897078+00:00
[2024-12-17T05:31:40.807+0000] {warnings.py:110} WARNING - /home/***/.local/lib/python3.12/site-packages/***/task/task_runner/standard_task_runner.py:61: DeprecationWarning: This process (pid=38264) is multi-threaded, use of fork() may lead to deadlocks in the child.
  pid = os.fork()

[2024-12-17T05:31:40.887+0000] {standard_task_runner.py:63} INFO - Started process 38305 to run task
[2024-12-17T05:31:40.918+0000] {standard_task_runner.py:90} INFO - Running: ['***', 'tasks', 'run', 'migration_fit_data', 'load_staging.create_staging_instruction_fact', 'manual__2024-12-17T05:30:38.897078+00:00', '--job-id', '920', '--raw', '--subdir', 'DAGS_FOLDER/elt_migrate.py', '--cfg-path', '/tmp/tmp4gqjz2c1']
[2024-12-17T05:31:40.970+0000] {standard_task_runner.py:91} INFO - Job 920: Subtask load_staging.create_staging_instruction_fact
[2024-12-17T05:31:41.609+0000] {task_command.py:426} INFO - Running <TaskInstance: migration_fit_data.load_staging.create_staging_instruction_fact manual__2024-12-17T05:30:38.897078+00:00 [running]> on host 2f4e9c743994
[2024-12-17T05:31:42.553+0000] {taskinstance.py:2648} INFO - Exporting env vars: AIRFLOW_CTX_DAG_OWNER='***' AIRFLOW_CTX_DAG_ID='migration_fit_data' AIRFLOW_CTX_TASK_ID='load_staging.create_staging_instruction_fact' AIRFLOW_CTX_EXECUTION_DATE='2024-12-17T05:30:38.897078+00:00' AIRFLOW_CTX_TRY_NUMBER='1' AIRFLOW_CTX_DAG_RUN_ID='manual__2024-12-17T05:30:38.897078+00:00'
[2024-12-17T05:31:42.554+0000] {taskinstance.py:430} INFO - ::endgroup::
[2024-12-17T05:31:42.608+0000] {hive.py:475} INFO - USE `default`
[2024-12-17T05:31:43.601+0000] {hive.py:475} INFO - DROP TABLE IF EXISTS default.instruction_fact
[2024-12-17T05:31:44.319+0000] {hive.py:475} INFO - 
        CREATE TABLE IF NOT EXISTS default.instruction_fact (
            instruction_id BIGINT,program_semester_id STRING,course_id BIGINT,class_id BIGINT,is_required BOOLEAN,num_student BIGINT,num_pass_student BIGINT,num_fail_student BIGINT,avg_final_score DOUBLE,instruction_status STRING,instruction_allocate TIMESTAMP,instruction_time_start TIMESTAMP,instruction_time_end TIMESTAMP,last_modified_date TIMESTAMP,etl_date TIMESTAMP   
        )   
        STORED AS PARQUET
        LOCATION '/fit_warehouse/raw/instruction_fact/*.snappy.parquet'
    
[2024-12-17T05:31:45.290+0000] {hive.py:475} INFO - ANALYZE TABLE default.instruction_fact COMPUTE STATISTICS
[2024-12-17T05:31:50.066+0000] {python.py:237} INFO - Done. Returned value was: None
[2024-12-17T05:31:50.070+0000] {taskinstance.py:441} INFO - ::group::Post task execution logs
[2024-12-17T05:31:50.117+0000] {taskinstance.py:1206} INFO - Marking task as SUCCESS. dag_id=migration_fit_data, task_id=load_staging.create_staging_instruction_fact, run_id=manual__2024-12-17T05:30:38.897078+00:00, execution_date=20241217T053038, start_date=20241217T053140, end_date=20241217T053150
[2024-12-17T05:31:50.218+0000] {local_task_job_runner.py:240} INFO - Task exited with return code 0
[2024-12-17T05:31:50.273+0000] {local_task_job_runner.py:222} INFO - ::endgroup::
