[2024-12-19T04:26:31.413+0000] {local_task_job_runner.py:120} INFO - ::group::Pre task execution logs
[2024-12-19T04:26:31.888+0000] {taskinstance.py:2076} INFO - Dependencies all met for dep_context=non-requeueable deps ti=<TaskInstance: ELT_dimention_data.aggregate_warehouse.aggregate_score_distribution manual__2024-12-19T04:24:45.064013+00:00 [queued]>
[2024-12-19T04:26:32.225+0000] {taskinstance.py:2076} INFO - Dependencies all met for dep_context=requeueable deps ti=<TaskInstance: ELT_dimention_data.aggregate_warehouse.aggregate_score_distribution manual__2024-12-19T04:24:45.064013+00:00 [queued]>
[2024-12-19T04:26:32.229+0000] {taskinstance.py:2306} INFO - Starting attempt 1 of 1
[2024-12-19T04:26:32.566+0000] {taskinstance.py:2330} INFO - Executing <Task(PythonOperator): aggregate_warehouse.aggregate_score_distribution> on 2024-12-19 04:24:45.064013+00:00
[2024-12-19T04:26:32.667+0000] {warnings.py:110} WARNING - /home/***/.local/lib/python3.12/site-packages/***/task/task_runner/standard_task_runner.py:61: DeprecationWarning: This process (pid=8441) is multi-threaded, use of fork() may lead to deadlocks in the child.
  pid = os.fork()

[2024-12-19T04:26:32.729+0000] {standard_task_runner.py:63} INFO - Started process 8460 to run task
[2024-12-19T04:26:32.723+0000] {standard_task_runner.py:90} INFO - Running: ['***', 'tasks', 'run', 'ELT_dimention_data', 'aggregate_warehouse.aggregate_score_distribution', 'manual__2024-12-19T04:24:45.064013+00:00', '--job-id', '1202', '--raw', '--subdir', 'DAGS_FOLDER/elt_dimention.py', '--cfg-path', '/tmp/tmpr1alebcx']
[2024-12-19T04:26:32.748+0000] {standard_task_runner.py:91} INFO - Job 1202: Subtask aggregate_warehouse.aggregate_score_distribution
[2024-12-19T04:26:33.538+0000] {task_command.py:426} INFO - Running <TaskInstance: ELT_dimention_data.aggregate_warehouse.aggregate_score_distribution manual__2024-12-19T04:24:45.064013+00:00 [running]> on host 33a17f71e955
[2024-12-19T04:26:34.810+0000] {taskinstance.py:2648} INFO - Exporting env vars: AIRFLOW_CTX_DAG_OWNER='***' AIRFLOW_CTX_DAG_ID='ELT_dimention_data' AIRFLOW_CTX_TASK_ID='aggregate_warehouse.aggregate_score_distribution' AIRFLOW_CTX_EXECUTION_DATE='2024-12-19T04:24:45.064013+00:00' AIRFLOW_CTX_TRY_NUMBER='1' AIRFLOW_CTX_DAG_RUN_ID='manual__2024-12-19T04:24:45.064013+00:00'
[2024-12-19T04:26:34.811+0000] {taskinstance.py:430} INFO - ::endgroup::
[2024-12-19T04:26:34.973+0000] {hive.py:475} INFO - USE `default`
[2024-12-19T04:26:35.158+0000] {hive.py:475} INFO - CREATE NAMESPACE IF NOT EXISTS iceberg.aggr_warehouse
[2024-12-19T04:26:35.784+0000] {hive.py:475} INFO - DROP TABLE IF EXISTS iceberg.aggr_warehouse.score_distribution
[2024-12-19T04:26:36.758+0000] {hive.py:475} INFO - 
    CREATE OR REPLACE TABLE iceberg.aggr_warehouse.score_distribution
    USING parquet
    AS
    SELECT
        c.course_id,
        c.course_name,
        ps.program_id,
        ps.semester_name,
        sf.academic_rank,
        COUNT(*) AS num_students_with_rank
    FROM
        iceberg.warehouse.score_fact sf
    JOIN iceberg.warehouse.instruction_fact inf 
        ON sf.instruction_id = inf.instruction_id
    JOIN iceberg.warehouse.course c 
        ON inf.course_id = c.course_id
    JOIN iceberg.warehouse.program_semester ps 
        ON inf.program_semester_id = ps.program_semester_id
    GROUP BY
        c.course_id,
        c.course_name,
        ps.program_id,
        ps.semester_name,
        sf.academic_rank;
    
[2024-12-19T04:26:57.530+0000] {__init__.py:412} INFO - DELETE /user/hive/warehouse/aggr_warehouse.db/score_distribution_parquet recursive=True user.name=default namenode:9870
[2024-12-19T04:26:57.606+0000] {hive.py:475} INFO - 
        DROP TABLE IF EXISTS spark_catalog.aggr_warehouse.score_distribution_parquet
    
[2024-12-19T04:26:58.587+0000] {hive.py:475} INFO - 
        CREATE TABLE spark_catalog.aggr_warehouse.score_distribution_parquet
        USING parquet
        AS
        SELECT * FROM iceberg.aggr_warehouse.score_distribution
    
[2024-12-19T04:27:03.873+0000] {python.py:237} INFO - Done. Returned value was: None
[2024-12-19T04:27:03.874+0000] {taskinstance.py:441} INFO - ::group::Post task execution logs
[2024-12-19T04:27:03.926+0000] {taskinstance.py:1206} INFO - Marking task as SUCCESS. dag_id=ELT_dimention_data, task_id=aggregate_warehouse.aggregate_score_distribution, run_id=manual__2024-12-19T04:24:45.064013+00:00, execution_date=20241219T042445, start_date=20241219T042631, end_date=20241219T042703
[2024-12-19T04:27:04.048+0000] {local_task_job_runner.py:240} INFO - Task exited with return code 0
[2024-12-19T04:27:04.165+0000] {taskinstance.py:3498} INFO - 0 downstream tasks scheduled from follow-on schedule check
[2024-12-19T04:27:04.167+0000] {local_task_job_runner.py:222} INFO - ::endgroup::
