[2024-12-16T15:15:40.834+0000] {local_task_job_runner.py:120} INFO - ::group::Pre task execution logs
[2024-12-16T15:15:41.011+0000] {taskinstance.py:2076} INFO - Dependencies all met for dep_context=non-requeueable deps ti=<TaskInstance: migration_fit_data.get_raw_data.extract_raw_instruction_fact manual__2024-12-16T15:15:27.291042+00:00 [queued]>
[2024-12-16T15:15:41.028+0000] {taskinstance.py:2076} INFO - Dependencies all met for dep_context=requeueable deps ti=<TaskInstance: migration_fit_data.get_raw_data.extract_raw_instruction_fact manual__2024-12-16T15:15:27.291042+00:00 [queued]>
[2024-12-16T15:15:41.029+0000] {taskinstance.py:2306} INFO - Starting attempt 1 of 1
[2024-12-16T15:15:41.054+0000] {taskinstance.py:2330} INFO - Executing <Task(PythonOperator): get_raw_data.extract_raw_instruction_fact> on 2024-12-16 15:15:27.291042+00:00
[2024-12-16T15:15:41.073+0000] {warnings.py:110} WARNING - /home/***/.local/lib/python3.12/site-packages/***/task/task_runner/standard_task_runner.py:61: DeprecationWarning: This process (pid=26711) is multi-threaded, use of fork() may lead to deadlocks in the child.
  pid = os.fork()

[2024-12-16T15:15:41.079+0000] {standard_task_runner.py:63} INFO - Started process 26738 to run task
[2024-12-16T15:15:41.078+0000] {standard_task_runner.py:90} INFO - Running: ['***', 'tasks', 'run', 'migration_fit_data', 'get_raw_data.extract_raw_instruction_fact', 'manual__2024-12-16T15:15:27.291042+00:00', '--job-id', '591', '--raw', '--subdir', 'DAGS_FOLDER/elt_migrate.py', '--cfg-path', '/tmp/tmppd8h3dyx']
[2024-12-16T15:15:41.083+0000] {standard_task_runner.py:91} INFO - Job 591: Subtask get_raw_data.extract_raw_instruction_fact
[2024-12-16T15:15:41.265+0000] {task_command.py:426} INFO - Running <TaskInstance: migration_fit_data.get_raw_data.extract_raw_instruction_fact manual__2024-12-16T15:15:27.291042+00:00 [running]> on host 2f4e9c743994
[2024-12-16T15:15:42.824+0000] {taskinstance.py:2648} INFO - Exporting env vars: AIRFLOW_CTX_DAG_OWNER='***' AIRFLOW_CTX_DAG_ID='migration_fit_data' AIRFLOW_CTX_TASK_ID='get_raw_data.extract_raw_instruction_fact' AIRFLOW_CTX_EXECUTION_DATE='2024-12-16T15:15:27.291042+00:00' AIRFLOW_CTX_TRY_NUMBER='1' AIRFLOW_CTX_DAG_RUN_ID='manual__2024-12-16T15:15:27.291042+00:00'
[2024-12-16T15:15:42.825+0000] {taskinstance.py:430} INFO - ::endgroup::
[2024-12-16T15:15:45.044+0000] {__init__.py:412} INFO - DELETE /fit_warehouse/raw/instruction_fact/ recursive=True user.name=default namenode:9870
[2024-12-16T15:15:47.317+0000] {__init__.py:412} INFO - GETFILESTATUS /fit_warehouse/raw/instruction_fact/ user.name=default namenode:9870
[2024-12-16T15:15:47.464+0000] {__init__.py:412} INFO - MKDIRS /fit_warehouse/raw/instruction_fact/ user.name=default namenode:9870
[2024-12-16T15:15:47.536+0000] {__init__.py:412} INFO - CREATE /fit_warehouse/raw/instruction_fact/instruction_fact_01.snappy.parquet overwrite=True async_=True user.name=default namenode:9870
[2024-12-16T15:15:48.061+0000] {python.py:237} INFO - Done. Returned value was: None
[2024-12-16T15:15:48.062+0000] {taskinstance.py:441} INFO - ::group::Post task execution logs
[2024-12-16T15:15:48.139+0000] {taskinstance.py:1206} INFO - Marking task as SUCCESS. dag_id=migration_fit_data, task_id=get_raw_data.extract_raw_instruction_fact, run_id=manual__2024-12-16T15:15:27.291042+00:00, execution_date=20241216T151527, start_date=20241216T151541, end_date=20241216T151548
[2024-12-16T15:15:48.363+0000] {local_task_job_runner.py:240} INFO - Task exited with return code 0
[2024-12-16T15:15:48.441+0000] {local_task_job_runner.py:222} INFO - ::endgroup::
