[2024-12-13T20:37:34.036+0000] {local_task_job_runner.py:120} INFO - ::group::Pre task execution logs
[2024-12-13T20:37:34.147+0000] {taskinstance.py:2076} INFO - Dependencies all met for dep_context=non-requeueable deps ti=<TaskInstance: migration_fit_data.get_raw_data.extract_raw_score_detail manual__2024-12-13T20:37:24.752456+00:00 [queued]>
[2024-12-13T20:37:34.216+0000] {taskinstance.py:2076} INFO - Dependencies all met for dep_context=requeueable deps ti=<TaskInstance: migration_fit_data.get_raw_data.extract_raw_score_detail manual__2024-12-13T20:37:24.752456+00:00 [queued]>
[2024-12-13T20:37:34.220+0000] {taskinstance.py:2306} INFO - Starting attempt 1 of 1
[2024-12-13T20:37:34.303+0000] {taskinstance.py:2330} INFO - Executing <Task(PythonOperator): get_raw_data.extract_raw_score_detail> on 2024-12-13 20:37:24.752456+00:00
[2024-12-13T20:37:34.373+0000] {warnings.py:110} WARNING - /home/***/.local/lib/python3.12/site-packages/***/task/task_runner/standard_task_runner.py:61: DeprecationWarning: This process (pid=6030) is multi-threaded, use of fork() may lead to deadlocks in the child.
  pid = os.fork()

[2024-12-13T20:37:34.374+0000] {standard_task_runner.py:63} INFO - Started process 6053 to run task
[2024-12-13T20:37:34.383+0000] {standard_task_runner.py:90} INFO - Running: ['***', 'tasks', 'run', 'migration_fit_data', 'get_raw_data.extract_raw_score_detail', 'manual__2024-12-13T20:37:24.752456+00:00', '--job-id', '705', '--raw', '--subdir', 'DAGS_FOLDER/elt_migrate.py', '--cfg-path', '/tmp/tmpmun4epjg']
[2024-12-13T20:37:34.398+0000] {standard_task_runner.py:91} INFO - Job 705: Subtask get_raw_data.extract_raw_score_detail
[2024-12-13T20:37:34.725+0000] {task_command.py:426} INFO - Running <TaskInstance: migration_fit_data.get_raw_data.extract_raw_score_detail manual__2024-12-13T20:37:24.752456+00:00 [running]> on host 1fe973f28a1c
[2024-12-13T20:37:35.651+0000] {taskinstance.py:2648} INFO - Exporting env vars: AIRFLOW_CTX_DAG_OWNER='***' AIRFLOW_CTX_DAG_ID='migration_fit_data' AIRFLOW_CTX_TASK_ID='get_raw_data.extract_raw_score_detail' AIRFLOW_CTX_EXECUTION_DATE='2024-12-13T20:37:24.752456+00:00' AIRFLOW_CTX_TRY_NUMBER='1' AIRFLOW_CTX_DAG_RUN_ID='manual__2024-12-13T20:37:24.752456+00:00'
[2024-12-13T20:37:35.652+0000] {taskinstance.py:430} INFO - ::endgroup::
[2024-12-13T20:37:37.588+0000] {__init__.py:412} INFO - DELETE /fit_warehouse/raw/score_detail/ recursive=True user.name=default namenode:9870
[2024-12-13T20:37:37.609+0000] {__init__.py:412} INFO - GETFILESTATUS /fit_warehouse/raw/score_detail/ user.name=default namenode:9870
[2024-12-13T20:37:37.616+0000] {__init__.py:412} INFO - MKDIRS /fit_warehouse/raw/score_detail/ user.name=default namenode:9870
[2024-12-13T20:37:37.622+0000] {__init__.py:412} INFO - CREATE /fit_warehouse/raw/score_detail/score_detail_01.snappy.parquet overwrite=True async_=True user.name=default namenode:9870
[2024-12-13T20:37:37.650+0000] {python.py:237} INFO - Done. Returned value was: None
[2024-12-13T20:37:37.650+0000] {taskinstance.py:441} INFO - ::group::Post task execution logs
[2024-12-13T20:37:37.659+0000] {taskinstance.py:1206} INFO - Marking task as SUCCESS. dag_id=migration_fit_data, task_id=get_raw_data.extract_raw_score_detail, run_id=manual__2024-12-13T20:37:24.752456+00:00, execution_date=20241213T203724, start_date=20241213T203734, end_date=20241213T203737
[2024-12-13T20:37:37.694+0000] {local_task_job_runner.py:240} INFO - Task exited with return code 0
[2024-12-13T20:37:37.786+0000] {taskinstance.py:3498} INFO - 14 downstream tasks scheduled from follow-on schedule check
[2024-12-13T20:37:37.788+0000] {local_task_job_runner.py:222} INFO - ::endgroup::
