[2024-12-14T10:49:52.920+0000] {local_task_job_runner.py:120} INFO - ::group::Pre task execution logs
[2024-12-14T10:49:53.064+0000] {taskinstance.py:2076} INFO - Dependencies all met for dep_context=non-requeueable deps ti=<TaskInstance: etl_dimention_data.insert_warehouse.insert_dwh_employee manual__2024-12-14T10:49:34.305778+00:00 [queued]>
[2024-12-14T10:49:53.167+0000] {taskinstance.py:2076} INFO - Dependencies all met for dep_context=requeueable deps ti=<TaskInstance: etl_dimention_data.insert_warehouse.insert_dwh_employee manual__2024-12-14T10:49:34.305778+00:00 [queued]>
[2024-12-14T10:49:53.179+0000] {taskinstance.py:2306} INFO - Starting attempt 1 of 1
[2024-12-14T10:49:53.302+0000] {taskinstance.py:2330} INFO - Executing <Task(PythonOperator): insert_warehouse.insert_dwh_employee> on 2024-12-14 10:49:34.305778+00:00
[2024-12-14T10:49:53.347+0000] {warnings.py:110} WARNING - /home/***/.local/lib/python3.12/site-packages/***/task/task_runner/standard_task_runner.py:61: DeprecationWarning: This process (pid=593) is multi-threaded, use of fork() may lead to deadlocks in the child.
  pid = os.fork()

[2024-12-14T10:49:53.355+0000] {standard_task_runner.py:63} INFO - Started process 612 to run task
[2024-12-14T10:49:53.358+0000] {standard_task_runner.py:90} INFO - Running: ['***', 'tasks', 'run', 'etl_dimention_data', 'insert_warehouse.insert_dwh_employee', 'manual__2024-12-14T10:49:34.305778+00:00', '--job-id', '139', '--raw', '--subdir', 'DAGS_FOLDER/elt_dimention.py', '--cfg-path', '/tmp/tmpbyae96m6']
[2024-12-14T10:49:53.365+0000] {standard_task_runner.py:91} INFO - Job 139: Subtask insert_warehouse.insert_dwh_employee
[2024-12-14T10:49:53.548+0000] {task_command.py:426} INFO - Running <TaskInstance: etl_dimention_data.insert_warehouse.insert_dwh_employee manual__2024-12-14T10:49:34.305778+00:00 [running]> on host 06cbf31e97a5
[2024-12-14T10:49:53.974+0000] {taskinstance.py:2648} INFO - Exporting env vars: AIRFLOW_CTX_DAG_OWNER='***' AIRFLOW_CTX_DAG_ID='etl_dimention_data' AIRFLOW_CTX_TASK_ID='insert_warehouse.insert_dwh_employee' AIRFLOW_CTX_EXECUTION_DATE='2024-12-14T10:49:34.305778+00:00' AIRFLOW_CTX_TRY_NUMBER='1' AIRFLOW_CTX_DAG_RUN_ID='manual__2024-12-14T10:49:34.305778+00:00'
[2024-12-14T10:49:53.977+0000] {taskinstance.py:430} INFO - ::endgroup::
[2024-12-14T10:49:54.011+0000] {hive.py:475} INFO - USE `default`
[2024-12-14T10:49:54.093+0000] {hive.py:475} INFO - SELECT COUNT(*) FROM default.employee
[2024-12-14T10:49:55.130+0000] {logging_mixin.py:188} INFO - SELECT COUNT(*) FROM default.employee --- 0
[2024-12-14T10:49:55.130+0000] {logging_mixin.py:188} INFO - STAGING HAS NO DATA, SKIPPING...
[2024-12-14T10:49:55.131+0000] {python.py:237} INFO - Done. Returned value was: None
[2024-12-14T10:49:55.131+0000] {taskinstance.py:441} INFO - ::group::Post task execution logs
[2024-12-14T10:49:55.146+0000] {taskinstance.py:1206} INFO - Marking task as SUCCESS. dag_id=etl_dimention_data, task_id=insert_warehouse.insert_dwh_employee, run_id=manual__2024-12-14T10:49:34.305778+00:00, execution_date=20241214T104934, start_date=20241214T104953, end_date=20241214T104955
[2024-12-14T10:49:55.200+0000] {local_task_job_runner.py:240} INFO - Task exited with return code 0
[2024-12-14T10:49:55.272+0000] {taskinstance.py:3498} INFO - 0 downstream tasks scheduled from follow-on schedule check
[2024-12-14T10:49:55.275+0000] {local_task_job_runner.py:222} INFO - ::endgroup::
