[2024-12-18T08:02:26.327+0000] {local_task_job_runner.py:120} INFO - ::group::Pre task execution logs
[2024-12-18T08:02:26.601+0000] {taskinstance.py:2076} INFO - Dependencies all met for dep_context=non-requeueable deps ti=<TaskInstance: migration_fit_data.load_staging.create_staging_lecturer manual__2024-12-18T08:01:04.827041+00:00 [queued]>
[2024-12-18T08:02:26.731+0000] {taskinstance.py:2076} INFO - Dependencies all met for dep_context=requeueable deps ti=<TaskInstance: migration_fit_data.load_staging.create_staging_lecturer manual__2024-12-18T08:01:04.827041+00:00 [queued]>
[2024-12-18T08:02:26.732+0000] {taskinstance.py:2306} INFO - Starting attempt 1 of 1
[2024-12-18T08:02:26.898+0000] {taskinstance.py:2330} INFO - Executing <Task(PythonOperator): load_staging.create_staging_lecturer> on 2024-12-18 08:01:04.827041+00:00
[2024-12-18T08:02:26.993+0000] {warnings.py:110} WARNING - /home/***/.local/lib/python3.12/site-packages/***/task/task_runner/standard_task_runner.py:61: DeprecationWarning: This process (pid=57695) is multi-threaded, use of fork() may lead to deadlocks in the child.
  pid = os.fork()

[2024-12-18T08:02:27.047+0000] {standard_task_runner.py:63} INFO - Started process 57727 to run task
[2024-12-18T08:02:27.061+0000] {standard_task_runner.py:90} INFO - Running: ['***', 'tasks', 'run', 'migration_fit_data', 'load_staging.create_staging_lecturer', 'manual__2024-12-18T08:01:04.827041+00:00', '--job-id', '1048', '--raw', '--subdir', 'DAGS_FOLDER/elt_migrate.py', '--cfg-path', '/tmp/tmp3bluis9b']
[2024-12-18T08:02:27.127+0000] {standard_task_runner.py:91} INFO - Job 1048: Subtask load_staging.create_staging_lecturer
[2024-12-18T08:02:27.657+0000] {task_command.py:426} INFO - Running <TaskInstance: migration_fit_data.load_staging.create_staging_lecturer manual__2024-12-18T08:01:04.827041+00:00 [running]> on host 2f4e9c743994
[2024-12-18T08:02:28.243+0000] {taskinstance.py:2648} INFO - Exporting env vars: AIRFLOW_CTX_DAG_OWNER='***' AIRFLOW_CTX_DAG_ID='migration_fit_data' AIRFLOW_CTX_TASK_ID='load_staging.create_staging_lecturer' AIRFLOW_CTX_EXECUTION_DATE='2024-12-18T08:01:04.827041+00:00' AIRFLOW_CTX_TRY_NUMBER='1' AIRFLOW_CTX_DAG_RUN_ID='manual__2024-12-18T08:01:04.827041+00:00'
[2024-12-18T08:02:28.249+0000] {taskinstance.py:430} INFO - ::endgroup::
[2024-12-18T08:02:28.315+0000] {hive.py:475} INFO - USE `default`
[2024-12-18T08:02:28.458+0000] {hive.py:475} INFO - DROP TABLE IF EXISTS default.lecturer
[2024-12-18T08:02:28.800+0000] {hive.py:475} INFO - 
        CREATE TABLE IF NOT EXISTS default.lecturer (
            lecturer_id BIGINT,employee_id BIGINT,academic_title STRING,academic_title_date TIMESTAMP,degree STRING,degree_issue_date TIMESTAMP,degree_issue_place STRING,major STRING,department STRING,number_of_exp BIGINT   
        )   
        STORED AS PARQUET
        LOCATION '/fit_warehouse/raw/lecturer/*.snappy.parquet'
    
[2024-12-18T08:02:28.970+0000] {hive.py:475} INFO - ANALYZE TABLE default.lecturer COMPUTE STATISTICS
[2024-12-18T08:02:39.017+0000] {python.py:237} INFO - Done. Returned value was: None
[2024-12-18T08:02:39.019+0000] {taskinstance.py:441} INFO - ::group::Post task execution logs
[2024-12-18T08:02:39.140+0000] {taskinstance.py:1206} INFO - Marking task as SUCCESS. dag_id=migration_fit_data, task_id=load_staging.create_staging_lecturer, run_id=manual__2024-12-18T08:01:04.827041+00:00, execution_date=20241218T080104, start_date=20241218T080226, end_date=20241218T080239
[2024-12-18T08:02:39.594+0000] {local_task_job_runner.py:240} INFO - Task exited with return code 0
[2024-12-18T08:02:39.741+0000] {local_task_job_runner.py:222} INFO - ::endgroup::
