[2024-12-13T21:26:42.632+0000] {local_task_job_runner.py:120} INFO - ::group::Pre task execution logs
[2024-12-13T21:26:42.654+0000] {taskinstance.py:2076} INFO - Dependencies all met for dep_context=non-requeueable deps ti=<TaskInstance: etl_instruction_fact_data.insert_warehouse.insert_dwh_instruction_fact manual__2024-12-13T21:26:31.666375+00:00 [queued]>
[2024-12-13T21:26:42.664+0000] {taskinstance.py:2076} INFO - Dependencies all met for dep_context=requeueable deps ti=<TaskInstance: etl_instruction_fact_data.insert_warehouse.insert_dwh_instruction_fact manual__2024-12-13T21:26:31.666375+00:00 [queued]>
[2024-12-13T21:26:42.666+0000] {taskinstance.py:2306} INFO - Starting attempt 1 of 1
[2024-12-13T21:26:42.685+0000] {taskinstance.py:2330} INFO - Executing <Task(PythonOperator): insert_warehouse.insert_dwh_instruction_fact> on 2024-12-13 21:26:31.666375+00:00
[2024-12-13T21:26:42.695+0000] {warnings.py:110} WARNING - /home/***/.local/lib/python3.12/site-packages/***/task/task_runner/standard_task_runner.py:61: DeprecationWarning: This process (pid=7392) is multi-threaded, use of fork() may lead to deadlocks in the child.
  pid = os.fork()

[2024-12-13T21:26:42.697+0000] {standard_task_runner.py:63} INFO - Started process 7395 to run task
[2024-12-13T21:26:42.698+0000] {standard_task_runner.py:90} INFO - Running: ['***', 'tasks', 'run', 'etl_instruction_fact_data', 'insert_warehouse.insert_dwh_instruction_fact', 'manual__2024-12-13T21:26:31.666375+00:00', '--job-id', '966', '--raw', '--subdir', 'DAGS_FOLDER/elt_instruction_fact.py', '--cfg-path', '/tmp/tmpealioib2']
[2024-12-13T21:26:42.706+0000] {standard_task_runner.py:91} INFO - Job 966: Subtask insert_warehouse.insert_dwh_instruction_fact
[2024-12-13T21:26:42.813+0000] {task_command.py:426} INFO - Running <TaskInstance: etl_instruction_fact_data.insert_warehouse.insert_dwh_instruction_fact manual__2024-12-13T21:26:31.666375+00:00 [running]> on host 1fe973f28a1c
[2024-12-13T21:26:42.914+0000] {taskinstance.py:2648} INFO - Exporting env vars: AIRFLOW_CTX_DAG_OWNER='***' AIRFLOW_CTX_DAG_ID='etl_instruction_fact_data' AIRFLOW_CTX_TASK_ID='insert_warehouse.insert_dwh_instruction_fact' AIRFLOW_CTX_EXECUTION_DATE='2024-12-13T21:26:31.666375+00:00' AIRFLOW_CTX_TRY_NUMBER='1' AIRFLOW_CTX_DAG_RUN_ID='manual__2024-12-13T21:26:31.666375+00:00'
[2024-12-13T21:26:42.917+0000] {taskinstance.py:430} INFO - ::endgroup::
[2024-12-13T21:26:42.931+0000] {hive.py:475} INFO - USE `default`
[2024-12-13T21:26:42.963+0000] {hive.py:475} INFO - SELECT COUNT(*) FROM default.instruction_fact
[2024-12-13T21:26:43.100+0000] {logging_mixin.py:188} INFO - SELECT COUNT(*) FROM default.instruction_fact --- 0
[2024-12-13T21:26:43.100+0000] {logging_mixin.py:188} INFO - STAGING HAS NO DATA, SKIPPING...
[2024-12-13T21:26:43.100+0000] {python.py:237} INFO - Done. Returned value was: None
[2024-12-13T21:26:43.101+0000] {taskinstance.py:441} INFO - ::group::Post task execution logs
[2024-12-13T21:26:43.111+0000] {taskinstance.py:1206} INFO - Marking task as SUCCESS. dag_id=etl_instruction_fact_data, task_id=insert_warehouse.insert_dwh_instruction_fact, run_id=manual__2024-12-13T21:26:31.666375+00:00, execution_date=20241213T212631, start_date=20241213T212642, end_date=20241213T212643
[2024-12-13T21:26:43.166+0000] {local_task_job_runner.py:240} INFO - Task exited with return code 0
[2024-12-13T21:26:43.206+0000] {taskinstance.py:3498} INFO - 6 downstream tasks scheduled from follow-on schedule check
[2024-12-13T21:26:43.207+0000] {local_task_job_runner.py:222} INFO - ::endgroup::
