[2024-12-16T15:42:52.764+0000] {local_task_job_runner.py:120} INFO - ::group::Pre task execution logs
[2024-12-16T15:42:52.916+0000] {taskinstance.py:2076} INFO - Dependencies all met for dep_context=non-requeueable deps ti=<TaskInstance: migration_fit_data.load_staging.create_staging_program_semester manual__2024-12-16T15:42:13.474492+00:00 [queued]>
[2024-12-16T15:42:52.952+0000] {taskinstance.py:2076} INFO - Dependencies all met for dep_context=requeueable deps ti=<TaskInstance: migration_fit_data.load_staging.create_staging_program_semester manual__2024-12-16T15:42:13.474492+00:00 [queued]>
[2024-12-16T15:42:52.953+0000] {taskinstance.py:2306} INFO - Starting attempt 1 of 1
[2024-12-16T15:42:53.010+0000] {taskinstance.py:2330} INFO - Executing <Task(PythonOperator): load_staging.create_staging_program_semester> on 2024-12-16 15:42:13.474492+00:00
[2024-12-16T15:42:53.034+0000] {warnings.py:110} WARNING - /home/***/.local/lib/python3.12/site-packages/***/task/task_runner/standard_task_runner.py:61: DeprecationWarning: This process (pid=27320) is multi-threaded, use of fork() may lead to deadlocks in the child.
  pid = os.fork()

[2024-12-16T15:42:53.038+0000] {standard_task_runner.py:63} INFO - Started process 27352 to run task
[2024-12-16T15:42:53.051+0000] {standard_task_runner.py:90} INFO - Running: ['***', 'tasks', 'run', 'migration_fit_data', 'load_staging.create_staging_program_semester', 'manual__2024-12-16T15:42:13.474492+00:00', '--job-id', '682', '--raw', '--subdir', 'DAGS_FOLDER/elt_migrate.py', '--cfg-path', '/tmp/tmppeq81u5e']
[2024-12-16T15:42:53.054+0000] {standard_task_runner.py:91} INFO - Job 682: Subtask load_staging.create_staging_program_semester
[2024-12-16T15:42:53.132+0000] {task_command.py:426} INFO - Running <TaskInstance: migration_fit_data.load_staging.create_staging_program_semester manual__2024-12-16T15:42:13.474492+00:00 [running]> on host 2f4e9c743994
[2024-12-16T15:42:53.351+0000] {taskinstance.py:2648} INFO - Exporting env vars: AIRFLOW_CTX_DAG_OWNER='***' AIRFLOW_CTX_DAG_ID='migration_fit_data' AIRFLOW_CTX_TASK_ID='load_staging.create_staging_program_semester' AIRFLOW_CTX_EXECUTION_DATE='2024-12-16T15:42:13.474492+00:00' AIRFLOW_CTX_TRY_NUMBER='1' AIRFLOW_CTX_DAG_RUN_ID='manual__2024-12-16T15:42:13.474492+00:00'
[2024-12-16T15:42:53.355+0000] {taskinstance.py:430} INFO - ::endgroup::
[2024-12-16T15:42:53.381+0000] {hive.py:475} INFO - USE `default`
[2024-12-16T15:42:54.566+0000] {hive.py:475} INFO - DROP TABLE IF EXISTS default.program_semester
[2024-12-16T15:42:57.776+0000] {hive.py:475} INFO - 
        CREATE TABLE IF NOT EXISTS default.program_semester (
            program_semester_id STRING,program_id STRING,semester_name STRING,total_credit BIGINT,required_credit BIGINT,elective_credit BIGINT   
        )   
        STORED AS PARQUET
        LOCATION '/fit_warehouse/raw/program_semester/*.snappy.parquet'
    
[2024-12-16T15:42:59.784+0000] {hive.py:475} INFO - ANALYZE TABLE default.program_semester COMPUTE STATISTICS
[2024-12-16T15:43:28.012+0000] {python.py:237} INFO - Done. Returned value was: None
[2024-12-16T15:43:28.013+0000] {taskinstance.py:441} INFO - ::group::Post task execution logs
[2024-12-16T15:43:28.031+0000] {taskinstance.py:1206} INFO - Marking task as SUCCESS. dag_id=migration_fit_data, task_id=load_staging.create_staging_program_semester, run_id=manual__2024-12-16T15:42:13.474492+00:00, execution_date=20241216T154213, start_date=20241216T154252, end_date=20241216T154328
[2024-12-16T15:43:28.087+0000] {local_task_job_runner.py:240} INFO - Task exited with return code 0
[2024-12-16T15:43:28.195+0000] {taskinstance.py:3498} INFO - 0 downstream tasks scheduled from follow-on schedule check
[2024-12-16T15:43:28.198+0000] {local_task_job_runner.py:222} INFO - ::endgroup::
