[2024-12-14T20:18:10.458+0000] {local_task_job_runner.py:120} INFO - ::group::Pre task execution logs
[2024-12-14T20:18:10.597+0000] {taskinstance.py:2076} INFO - Dependencies all met for dep_context=non-requeueable deps ti=<TaskInstance: migration_fit_data.create_dwh_table.recreate_dwh_instruction_fact manual__2024-12-14T20:17:26.395846+00:00 [queued]>
[2024-12-14T20:18:10.652+0000] {taskinstance.py:2076} INFO - Dependencies all met for dep_context=requeueable deps ti=<TaskInstance: migration_fit_data.create_dwh_table.recreate_dwh_instruction_fact manual__2024-12-14T20:17:26.395846+00:00 [queued]>
[2024-12-14T20:18:10.655+0000] {taskinstance.py:2306} INFO - Starting attempt 1 of 1
[2024-12-14T20:18:10.729+0000] {taskinstance.py:2330} INFO - Executing <Task(PythonOperator): create_dwh_table.recreate_dwh_instruction_fact> on 2024-12-14 20:17:26.395846+00:00
[2024-12-14T20:18:10.763+0000] {warnings.py:110} WARNING - /home/***/.local/lib/python3.12/site-packages/***/task/task_runner/standard_task_runner.py:61: DeprecationWarning: This process (pid=8077) is multi-threaded, use of fork() may lead to deadlocks in the child.
  pid = os.fork()

[2024-12-14T20:18:10.786+0000] {standard_task_runner.py:63} INFO - Started process 8100 to run task
[2024-12-14T20:18:10.784+0000] {standard_task_runner.py:90} INFO - Running: ['***', 'tasks', 'run', 'migration_fit_data', 'create_dwh_table.recreate_dwh_instruction_fact', 'manual__2024-12-14T20:17:26.395846+00:00', '--job-id', '385', '--raw', '--subdir', 'DAGS_FOLDER/elt_migrate.py', '--cfg-path', '/tmp/tmpctjjfos_']
[2024-12-14T20:18:10.804+0000] {standard_task_runner.py:91} INFO - Job 385: Subtask create_dwh_table.recreate_dwh_instruction_fact
[2024-12-14T20:18:11.130+0000] {task_command.py:426} INFO - Running <TaskInstance: migration_fit_data.create_dwh_table.recreate_dwh_instruction_fact manual__2024-12-14T20:17:26.395846+00:00 [running]> on host 472b63b715e1
[2024-12-14T20:18:11.489+0000] {taskinstance.py:2648} INFO - Exporting env vars: AIRFLOW_CTX_DAG_OWNER='***' AIRFLOW_CTX_DAG_ID='migration_fit_data' AIRFLOW_CTX_TASK_ID='create_dwh_table.recreate_dwh_instruction_fact' AIRFLOW_CTX_EXECUTION_DATE='2024-12-14T20:17:26.395846+00:00' AIRFLOW_CTX_TRY_NUMBER='1' AIRFLOW_CTX_DAG_RUN_ID='manual__2024-12-14T20:17:26.395846+00:00'
[2024-12-14T20:18:11.493+0000] {taskinstance.py:430} INFO - ::endgroup::
[2024-12-14T20:18:11.552+0000] {hive.py:475} INFO - USE `default`
[2024-12-14T20:18:11.601+0000] {hive.py:475} INFO - DROP TABLE IF EXISTS iceberg.warehouse.instruction_fact
[2024-12-14T20:18:11.732+0000] {hive.py:475} INFO - CREATE DATABASE IF NOT EXISTS warehouse
[2024-12-14T20:18:11.797+0000] {hive.py:475} INFO - 
        CREATE TABLE IF NOT EXISTS iceberg.warehouse.instruction_fact (
            instruction_id BIGINT,program_semester_id STRING,course_id BIGINT,class_id BIGINT,is_required BOOLEAN,num_student BIGINT,num_pass_student BIGINT,num_fail_student BIGINT,avg_final_score DOUBLE,instruction_status STRING,instruction_allocate TIMESTAMP,instruction_time_start TIMESTAMP,instruction_time_end TIMESTAMP,last_modified_date TIMESTAMP,etl_date TIMESTAMP   
        )
        USING iceberg
        LOCATION '/fit_warehouse/warehouse/instruction_fact/*.snappy.parquet'
    
[2024-12-14T20:18:11.998+0000] {python.py:237} INFO - Done. Returned value was: None
[2024-12-14T20:18:11.998+0000] {taskinstance.py:441} INFO - ::group::Post task execution logs
[2024-12-14T20:18:12.048+0000] {taskinstance.py:1206} INFO - Marking task as SUCCESS. dag_id=migration_fit_data, task_id=create_dwh_table.recreate_dwh_instruction_fact, run_id=manual__2024-12-14T20:17:26.395846+00:00, execution_date=20241214T201726, start_date=20241214T201810, end_date=20241214T201812
[2024-12-14T20:18:12.171+0000] {local_task_job_runner.py:240} INFO - Task exited with return code 0
[2024-12-14T20:18:12.478+0000] {taskinstance.py:3498} INFO - 0 downstream tasks scheduled from follow-on schedule check
[2024-12-14T20:18:12.479+0000] {local_task_job_runner.py:222} INFO - ::endgroup::
