[2024-12-17T06:10:58.287+0000] {local_task_job_runner.py:120} INFO - ::group::Pre task execution logs
[2024-12-17T06:10:58.501+0000] {taskinstance.py:2076} INFO - Dependencies all met for dep_context=non-requeueable deps ti=<TaskInstance: etl_score_fact_data.aggregate_warehouse.aggregate_student_program_completion manual__2024-12-17T06:10:35.251864+00:00 [queued]>
[2024-12-17T06:10:58.639+0000] {taskinstance.py:2076} INFO - Dependencies all met for dep_context=requeueable deps ti=<TaskInstance: etl_score_fact_data.aggregate_warehouse.aggregate_student_program_completion manual__2024-12-17T06:10:35.251864+00:00 [queued]>
[2024-12-17T06:10:58.640+0000] {taskinstance.py:2306} INFO - Starting attempt 1 of 1
[2024-12-17T06:10:58.862+0000] {taskinstance.py:2330} INFO - Executing <Task(PythonOperator): aggregate_warehouse.aggregate_student_program_completion> on 2024-12-17 06:10:35.251864+00:00
[2024-12-17T06:10:58.981+0000] {standard_task_runner.py:90} INFO - Running: ['***', 'tasks', 'run', 'etl_score_fact_data', 'aggregate_warehouse.aggregate_student_program_completion', 'manual__2024-12-17T06:10:35.251864+00:00', '--job-id', '983', '--raw', '--subdir', 'DAGS_FOLDER/elt_score_fact.py', '--cfg-path', '/tmp/tmp0dskivcb']
[2024-12-17T06:10:58.985+0000] {standard_task_runner.py:91} INFO - Job 983: Subtask aggregate_warehouse.aggregate_student_program_completion
[2024-12-17T06:10:59.004+0000] {warnings.py:110} WARNING - /home/***/.local/lib/python3.12/site-packages/***/task/task_runner/standard_task_runner.py:61: DeprecationWarning: This process (pid=38962) is multi-threaded, use of fork() may lead to deadlocks in the child.
  pid = os.fork()

[2024-12-17T06:10:59.006+0000] {standard_task_runner.py:63} INFO - Started process 38978 to run task
[2024-12-17T06:10:59.140+0000] {task_command.py:426} INFO - Running <TaskInstance: etl_score_fact_data.aggregate_warehouse.aggregate_student_program_completion manual__2024-12-17T06:10:35.251864+00:00 [running]> on host 2f4e9c743994
[2024-12-17T06:10:59.903+0000] {taskinstance.py:2648} INFO - Exporting env vars: AIRFLOW_CTX_DAG_OWNER='***' AIRFLOW_CTX_DAG_ID='etl_score_fact_data' AIRFLOW_CTX_TASK_ID='aggregate_warehouse.aggregate_student_program_completion' AIRFLOW_CTX_EXECUTION_DATE='2024-12-17T06:10:35.251864+00:00' AIRFLOW_CTX_TRY_NUMBER='1' AIRFLOW_CTX_DAG_RUN_ID='manual__2024-12-17T06:10:35.251864+00:00'
[2024-12-17T06:10:59.923+0000] {taskinstance.py:430} INFO - ::endgroup::
[2024-12-17T06:11:00.020+0000] {hive.py:475} INFO - USE `default`
[2024-12-17T06:11:00.164+0000] {hive.py:475} INFO - CREATE NAMESPACE IF NOT EXISTS iceberg.aggr_warehouse
[2024-12-17T06:11:00.325+0000] {hive.py:475} INFO - DROP TABLE IF EXISTS iceberg.aggr_warehouse.student_program_completion
[2024-12-17T06:11:00.610+0000] {hive.py:475} INFO - 
        CREATE OR REPLACE TABLE iceberg.aggr_warehouse.student_program_completion
        USING parquet
        AS
        WITH program_requirements AS (
            SELECT
                ps.program_id,
                SUM(ps.required_credit) AS total_required_credit,
                SUM(ps.elective_credit) AS total_elective_credit
            FROM
                iceberg.warehouse.program_semester ps
            GROUP BY
                ps.program_id
        ),
        student_courses AS (
            SELECT
                s.student_id,
                s.student_name,
                -- Giả sử mỗi sinh viên chỉ thuộc một chương trình duy nhất
                pr.total_required_credit,
                pr.total_elective_credit,
                COALESCE(SUM(CASE WHEN c.category = 'required' THEN c.total_credit ELSE 0 END), 0) AS total_required_credit_registered,
                COALESCE(SUM(CASE WHEN c.category = 'elective' THEN c.total_credit ELSE 0 END), 0) AS total_elective_credit_registered,
                COALESCE(SUM(CASE WHEN c.category = 'required' AND sf.final_score >= 4 THEN c.total_credit ELSE 0 END), 0) AS total_required_credit_passed,
                COALESCE(SUM(CASE WHEN c.category = 'elective' AND sf.final_score >= 4 THEN c.total_credit ELSE 0 END), 0) AS total_elective_credit_passed
            FROM
                iceberg.warehouse.student s
            JOIN iceberg.warehouse.enroll_student es ON s.student_id = es.student_id
            JOIN iceberg.warehouse.enrollment_fact ef ON es.enrollment_id = ef.enrollment_id
            JOIN iceberg.warehouse.instruction_fact inf ON ef.instruction_id = inf.instruction_id
            JOIN iceberg.warehouse.program_semester ps ON inf.program_semester_id = ps.program_semester_id
            JOIN program_requirements pr ON ps.program_id = pr.program_id
            JOIN iceberg.warehouse.course c ON inf.course_id = c.course_id
            LEFT JOIN iceberg.warehouse.score_fact sf ON sf.instruction_id = inf.instruction_id AND sf.student_id = s.student_id
            GROUP BY
                s.student_id,
                s.student_name,
                pr.total_required_credit,
                pr.total_elective_credit
        )
        SELECT
            sc.student_id,
            sc.student_name,
            sc.total_required_credit,
            sc.total_elective_credit,
            sc.total_required_credit_registered,
            sc.total_elective_credit_registered,
            sc.total_required_credit_passed,
            sc.total_elective_credit_passed,
            CASE 
                WHEN sc.total_required_credit_registered >= sc.total_required_credit
                    AND sc.total_elective_credit_registered >= sc.total_elective_credit
                THEN 'Completed'
                ELSE 'Not Completed'
            END AS completion_status
        FROM
            student_courses sc;
    
[2024-12-17T06:11:15.798+0000] {__init__.py:412} INFO - DELETE /user/hive/warehouse/aggr_warehouse.db/student_program_completion_parquet recursive=True user.name=default namenode:9870
[2024-12-17T06:11:15.824+0000] {hive.py:475} INFO - 
        DROP TABLE IF EXISTS spark_catalog.aggr_warehouse.student_program_completion_parquet
    
[2024-12-17T06:11:16.109+0000] {hive.py:475} INFO - 
        CREATE TABLE spark_catalog.aggr_warehouse.student_program_completion_parquet
        USING parquet
        AS
        SELECT * FROM iceberg.aggr_warehouse.student_program_completion
    
[2024-12-17T06:11:16.785+0000] {python.py:237} INFO - Done. Returned value was: None
[2024-12-17T06:11:16.785+0000] {taskinstance.py:441} INFO - ::group::Post task execution logs
[2024-12-17T06:11:16.801+0000] {taskinstance.py:1206} INFO - Marking task as SUCCESS. dag_id=etl_score_fact_data, task_id=aggregate_warehouse.aggregate_student_program_completion, run_id=manual__2024-12-17T06:10:35.251864+00:00, execution_date=20241217T061035, start_date=20241217T061058, end_date=20241217T061116
[2024-12-17T06:11:16.851+0000] {local_task_job_runner.py:240} INFO - Task exited with return code 0
[2024-12-17T06:11:16.896+0000] {taskinstance.py:3498} INFO - 6 downstream tasks scheduled from follow-on schedule check
[2024-12-17T06:11:16.900+0000] {local_task_job_runner.py:222} INFO - ::endgroup::
