[2024-12-17T04:20:43.989+0000] {local_task_job_runner.py:120} INFO - ::group::Pre task execution logs
[2024-12-17T04:20:44.188+0000] {taskinstance.py:2076} INFO - Dependencies all met for dep_context=non-requeueable deps ti=<TaskInstance: etl_data.insert_data.insert_data_enroll_student manual__2024-12-17T04:20:19.241884+00:00 [queued]>
[2024-12-17T04:20:44.195+0000] {taskinstance.py:2076} INFO - Dependencies all met for dep_context=requeueable deps ti=<TaskInstance: etl_data.insert_data.insert_data_enroll_student manual__2024-12-17T04:20:19.241884+00:00 [queued]>
[2024-12-17T04:20:44.196+0000] {taskinstance.py:2306} INFO - Starting attempt 1 of 1
[2024-12-17T04:20:44.209+0000] {taskinstance.py:2330} INFO - Executing <Task(PythonOperator): insert_data.insert_data_enroll_student> on 2024-12-17 04:20:19.241884+00:00
[2024-12-17T04:20:44.228+0000] {warnings.py:110} WARNING - /home/***/.local/lib/python3.12/site-packages/***/task/task_runner/standard_task_runner.py:61: DeprecationWarning: This process (pid=37061) is multi-threaded, use of fork() may lead to deadlocks in the child.
  pid = os.fork()

[2024-12-17T04:20:44.233+0000] {standard_task_runner.py:63} INFO - Started process 37063 to run task
[2024-12-17T04:20:44.232+0000] {standard_task_runner.py:90} INFO - Running: ['***', 'tasks', 'run', 'etl_data', 'insert_data.insert_data_enroll_student', 'manual__2024-12-17T04:20:19.241884+00:00', '--job-id', '811', '--raw', '--subdir', 'DAGS_FOLDER/etl_data.py', '--cfg-path', '/tmp/tmpjwcn0ze4']
[2024-12-17T04:20:44.238+0000] {standard_task_runner.py:91} INFO - Job 811: Subtask insert_data.insert_data_enroll_student
[2024-12-17T04:20:44.315+0000] {task_command.py:426} INFO - Running <TaskInstance: etl_data.insert_data.insert_data_enroll_student manual__2024-12-17T04:20:19.241884+00:00 [running]> on host 2f4e9c743994
[2024-12-17T04:20:44.494+0000] {taskinstance.py:2648} INFO - Exporting env vars: AIRFLOW_CTX_DAG_OWNER='***' AIRFLOW_CTX_DAG_ID='etl_data' AIRFLOW_CTX_TASK_ID='insert_data.insert_data_enroll_student' AIRFLOW_CTX_EXECUTION_DATE='2024-12-17T04:20:19.241884+00:00' AIRFLOW_CTX_TRY_NUMBER='1' AIRFLOW_CTX_DAG_RUN_ID='manual__2024-12-17T04:20:19.241884+00:00'
[2024-12-17T04:20:44.497+0000] {taskinstance.py:430} INFO - ::endgroup::
[2024-12-17T04:20:45.256+0000] {__init__.py:412} INFO - GETFILESTATUS /data/raw/enroll_student/ user.name=default namenode:9870
[2024-12-17T04:20:45.283+0000] {__init__.py:412} INFO - CREATE /data/raw/enroll_student/enroll_student_1734409245.csv overwrite=True async_=True user.name=default namenode:9870
[2024-12-17T04:20:45.479+0000] {python.py:237} INFO - Done. Returned value was: None
[2024-12-17T04:20:45.481+0000] {taskinstance.py:441} INFO - ::group::Post task execution logs
[2024-12-17T04:20:45.497+0000] {taskinstance.py:1206} INFO - Marking task as SUCCESS. dag_id=etl_data, task_id=insert_data.insert_data_enroll_student, run_id=manual__2024-12-17T04:20:19.241884+00:00, execution_date=20241217T042019, start_date=20241217T042044, end_date=20241217T042045
[2024-12-17T04:20:45.546+0000] {local_task_job_runner.py:240} INFO - Task exited with return code 0
[2024-12-17T04:20:45.615+0000] {taskinstance.py:3498} INFO - 1 downstream tasks scheduled from follow-on schedule check
[2024-12-17T04:20:45.620+0000] {local_task_job_runner.py:222} INFO - ::endgroup::
