[2024-12-17T06:10:40.522+0000] {local_task_job_runner.py:120} INFO - ::group::Pre task execution logs
[2024-12-17T06:10:40.549+0000] {taskinstance.py:2076} INFO - Dependencies all met for dep_context=non-requeueable deps ti=<TaskInstance: etl_score_fact_data.get_raw_data.extract_raw_score_detail manual__2024-12-17T06:10:35.251864+00:00 [queued]>
[2024-12-17T06:10:40.561+0000] {taskinstance.py:2076} INFO - Dependencies all met for dep_context=requeueable deps ti=<TaskInstance: etl_score_fact_data.get_raw_data.extract_raw_score_detail manual__2024-12-17T06:10:35.251864+00:00 [queued]>
[2024-12-17T06:10:40.562+0000] {taskinstance.py:2306} INFO - Starting attempt 1 of 1
[2024-12-17T06:10:40.583+0000] {taskinstance.py:2330} INFO - Executing <Task(PythonOperator): get_raw_data.extract_raw_score_detail> on 2024-12-17 06:10:35.251864+00:00
[2024-12-17T06:10:40.597+0000] {warnings.py:110} WARNING - /home/***/.local/lib/python3.12/site-packages/***/task/task_runner/standard_task_runner.py:61: DeprecationWarning: This process (pid=38942) is multi-threaded, use of fork() may lead to deadlocks in the child.
  pid = os.fork()

[2024-12-17T06:10:40.603+0000] {standard_task_runner.py:63} INFO - Started process 38946 to run task
[2024-12-17T06:10:40.614+0000] {standard_task_runner.py:90} INFO - Running: ['***', 'tasks', 'run', 'etl_score_fact_data', 'get_raw_data.extract_raw_score_detail', 'manual__2024-12-17T06:10:35.251864+00:00', '--job-id', '977', '--raw', '--subdir', 'DAGS_FOLDER/elt_score_fact.py', '--cfg-path', '/tmp/tmp1qulgzzf']
[2024-12-17T06:10:40.621+0000] {standard_task_runner.py:91} INFO - Job 977: Subtask get_raw_data.extract_raw_score_detail
[2024-12-17T06:10:40.928+0000] {task_command.py:426} INFO - Running <TaskInstance: etl_score_fact_data.get_raw_data.extract_raw_score_detail manual__2024-12-17T06:10:35.251864+00:00 [running]> on host 2f4e9c743994
[2024-12-17T06:10:41.106+0000] {taskinstance.py:2648} INFO - Exporting env vars: AIRFLOW_CTX_DAG_OWNER='***' AIRFLOW_CTX_DAG_ID='etl_score_fact_data' AIRFLOW_CTX_TASK_ID='get_raw_data.extract_raw_score_detail' AIRFLOW_CTX_EXECUTION_DATE='2024-12-17T06:10:35.251864+00:00' AIRFLOW_CTX_TRY_NUMBER='1' AIRFLOW_CTX_DAG_RUN_ID='manual__2024-12-17T06:10:35.251864+00:00'
[2024-12-17T06:10:41.108+0000] {taskinstance.py:430} INFO - ::endgroup::
[2024-12-17T06:10:41.868+0000] {__init__.py:412} INFO - DELETE /fit_warehouse/raw/score_detail/ recursive=True user.name=default namenode:9870
[2024-12-17T06:10:41.879+0000] {__init__.py:412} INFO - GETFILESTATUS /fit_warehouse/raw/score_detail/ user.name=default namenode:9870
[2024-12-17T06:10:41.888+0000] {__init__.py:412} INFO - MKDIRS /fit_warehouse/raw/score_detail/ user.name=default namenode:9870
[2024-12-17T06:10:41.899+0000] {__init__.py:412} INFO - CREATE /fit_warehouse/raw/score_detail/score_detail_01.snappy.parquet overwrite=True async_=True user.name=default namenode:9870
[2024-12-17T06:10:41.949+0000] {python.py:237} INFO - Done. Returned value was: None
[2024-12-17T06:10:41.951+0000] {taskinstance.py:441} INFO - ::group::Post task execution logs
[2024-12-17T06:10:41.960+0000] {taskinstance.py:1206} INFO - Marking task as SUCCESS. dag_id=etl_score_fact_data, task_id=get_raw_data.extract_raw_score_detail, run_id=manual__2024-12-17T06:10:35.251864+00:00, execution_date=20241217T061035, start_date=20241217T061040, end_date=20241217T061041
[2024-12-17T06:10:41.991+0000] {local_task_job_runner.py:240} INFO - Task exited with return code 0
[2024-12-17T06:10:42.029+0000] {taskinstance.py:3498} INFO - 2 downstream tasks scheduled from follow-on schedule check
[2024-12-17T06:10:42.031+0000] {local_task_job_runner.py:222} INFO - ::endgroup::
