[2024-12-14T11:18:48.831+0000] {local_task_job_runner.py:120} INFO - ::group::Pre task execution logs
[2024-12-14T11:18:49.013+0000] {taskinstance.py:2076} INFO - Dependencies all met for dep_context=non-requeueable deps ti=<TaskInstance: migration_fit_data.insert_warehouse.insert_dwh_employee manual__2024-12-14T11:17:14.621727+00:00 [queued]>
[2024-12-14T11:18:49.088+0000] {taskinstance.py:2076} INFO - Dependencies all met for dep_context=requeueable deps ti=<TaskInstance: migration_fit_data.insert_warehouse.insert_dwh_employee manual__2024-12-14T11:17:14.621727+00:00 [queued]>
[2024-12-14T11:18:49.089+0000] {taskinstance.py:2306} INFO - Starting attempt 1 of 1
[2024-12-14T11:18:49.260+0000] {taskinstance.py:2330} INFO - Executing <Task(PythonOperator): insert_warehouse.insert_dwh_employee> on 2024-12-14 11:17:14.621727+00:00
[2024-12-14T11:18:49.350+0000] {warnings.py:110} WARNING - /home/***/.local/lib/python3.12/site-packages/***/task/task_runner/standard_task_runner.py:61: DeprecationWarning: This process (pid=414) is multi-threaded, use of fork() may lead to deadlocks in the child.
  pid = os.fork()

[2024-12-14T11:18:49.358+0000] {standard_task_runner.py:90} INFO - Running: ['***', 'tasks', 'run', 'migration_fit_data', 'insert_warehouse.insert_dwh_employee', 'manual__2024-12-14T11:17:14.621727+00:00', '--job-id', '77', '--raw', '--subdir', 'DAGS_FOLDER/elt_migrate.py', '--cfg-path', '/tmp/tmprs0kmbwy']
[2024-12-14T11:18:49.373+0000] {standard_task_runner.py:91} INFO - Job 77: Subtask insert_warehouse.insert_dwh_employee
[2024-12-14T11:18:49.373+0000] {standard_task_runner.py:63} INFO - Started process 446 to run task
[2024-12-14T11:18:49.897+0000] {task_command.py:426} INFO - Running <TaskInstance: migration_fit_data.insert_warehouse.insert_dwh_employee manual__2024-12-14T11:17:14.621727+00:00 [running]> on host 472b63b715e1
[2024-12-14T11:18:50.904+0000] {taskinstance.py:2648} INFO - Exporting env vars: AIRFLOW_CTX_DAG_OWNER='***' AIRFLOW_CTX_DAG_ID='migration_fit_data' AIRFLOW_CTX_TASK_ID='insert_warehouse.insert_dwh_employee' AIRFLOW_CTX_EXECUTION_DATE='2024-12-14T11:17:14.621727+00:00' AIRFLOW_CTX_TRY_NUMBER='1' AIRFLOW_CTX_DAG_RUN_ID='manual__2024-12-14T11:17:14.621727+00:00'
[2024-12-14T11:18:50.906+0000] {taskinstance.py:430} INFO - ::endgroup::
[2024-12-14T11:18:50.924+0000] {hive.py:475} INFO - USE `default`
[2024-12-14T11:18:50.990+0000] {hive.py:475} INFO - SELECT COUNT(*) FROM default.employee
[2024-12-14T11:18:53.046+0000] {logging_mixin.py:188} INFO - SELECT COUNT(*) FROM default.employee --- 171
[2024-12-14T11:18:53.056+0000] {hive.py:475} INFO - 
            MERGE INTO iceberg.warehouse.employee t
            USING default.employee s
            ON t.employee_id=s.employee_id
            WHEN MATCHED 
                THEN UPDATE SET 
                t.employee_id=s.employee_id,t.employee_name=s.employee_name,t.day_of_birth=s.day_of_birth,t.nationality=s.nationality,t.insurance_id=s.insurance_id
            WHEN NOT MATCHED 
                THEN INSERT *
        
[2024-12-14T11:19:18.588+0000] {python.py:237} INFO - Done. Returned value was: None
[2024-12-14T11:19:18.593+0000] {taskinstance.py:441} INFO - ::group::Post task execution logs
[2024-12-14T11:19:18.657+0000] {taskinstance.py:1206} INFO - Marking task as SUCCESS. dag_id=migration_fit_data, task_id=insert_warehouse.insert_dwh_employee, run_id=manual__2024-12-14T11:17:14.621727+00:00, execution_date=20241214T111714, start_date=20241214T111849, end_date=20241214T111918
[2024-12-14T11:19:18.980+0000] {local_task_job_runner.py:240} INFO - Task exited with return code 0
[2024-12-14T11:19:19.032+0000] {local_task_job_runner.py:222} INFO - ::endgroup::
