[2024-12-19T04:26:24.587+0000] {local_task_job_runner.py:120} INFO - ::group::Pre task execution logs
[2024-12-19T04:26:24.812+0000] {taskinstance.py:2076} INFO - Dependencies all met for dep_context=non-requeueable deps ti=<TaskInstance: ELT_instruction_fact_data.load_staging.create_staging_instruction_lecturer manual__2024-12-19T04:25:50.989861+00:00 [queued]>
[2024-12-19T04:26:24.870+0000] {taskinstance.py:2076} INFO - Dependencies all met for dep_context=requeueable deps ti=<TaskInstance: ELT_instruction_fact_data.load_staging.create_staging_instruction_lecturer manual__2024-12-19T04:25:50.989861+00:00 [queued]>
[2024-12-19T04:26:24.874+0000] {taskinstance.py:2306} INFO - Starting attempt 1 of 1
[2024-12-19T04:26:25.038+0000] {taskinstance.py:2330} INFO - Executing <Task(PythonOperator): load_staging.create_staging_instruction_lecturer> on 2024-12-19 04:25:50.989861+00:00
[2024-12-19T04:26:25.149+0000] {warnings.py:110} WARNING - /home/***/.local/lib/python3.12/site-packages/***/task/task_runner/standard_task_runner.py:61: DeprecationWarning: This process (pid=8437) is multi-threaded, use of fork() may lead to deadlocks in the child.
  pid = os.fork()

[2024-12-19T04:26:25.129+0000] {standard_task_runner.py:90} INFO - Running: ['***', 'tasks', 'run', 'ELT_instruction_fact_data', 'load_staging.create_staging_instruction_lecturer', 'manual__2024-12-19T04:25:50.989861+00:00', '--job-id', '1198', '--raw', '--subdir', 'DAGS_FOLDER/elt_instruction_fact.py', '--cfg-path', '/tmp/tmpmzdie9uc']
[2024-12-19T04:26:25.164+0000] {standard_task_runner.py:91} INFO - Job 1198: Subtask load_staging.create_staging_instruction_lecturer
[2024-12-19T04:26:25.151+0000] {standard_task_runner.py:63} INFO - Started process 8454 to run task
[2024-12-19T04:26:25.768+0000] {task_command.py:426} INFO - Running <TaskInstance: ELT_instruction_fact_data.load_staging.create_staging_instruction_lecturer manual__2024-12-19T04:25:50.989861+00:00 [running]> on host 33a17f71e955
[2024-12-19T04:26:26.956+0000] {taskinstance.py:2648} INFO - Exporting env vars: AIRFLOW_CTX_DAG_OWNER='***' AIRFLOW_CTX_DAG_ID='ELT_instruction_fact_data' AIRFLOW_CTX_TASK_ID='load_staging.create_staging_instruction_lecturer' AIRFLOW_CTX_EXECUTION_DATE='2024-12-19T04:25:50.989861+00:00' AIRFLOW_CTX_TRY_NUMBER='1' AIRFLOW_CTX_DAG_RUN_ID='manual__2024-12-19T04:25:50.989861+00:00'
[2024-12-19T04:26:26.958+0000] {taskinstance.py:430} INFO - ::endgroup::
[2024-12-19T04:26:26.991+0000] {hive.py:475} INFO - USE `default`
[2024-12-19T04:26:27.038+0000] {hive.py:475} INFO - DROP TABLE IF EXISTS default.instruction_lecturer
[2024-12-19T04:26:27.255+0000] {hive.py:475} INFO - 
        CREATE TABLE IF NOT EXISTS default.instruction_lecturer (
            instruction_lecturer_id BIGINT,instruction_id BIGINT,lecturer_id BIGINT,lecturer_type STRING   
        )   
        STORED AS PARQUET
        LOCATION '/fit_warehouse/raw/instruction_lecturer/*.snappy.parquet'
    
[2024-12-19T04:26:27.446+0000] {hive.py:475} INFO - ANALYZE TABLE default.instruction_lecturer COMPUTE STATISTICS
[2024-12-19T04:26:28.770+0000] {python.py:237} INFO - Done. Returned value was: None
[2024-12-19T04:26:28.770+0000] {taskinstance.py:441} INFO - ::group::Post task execution logs
[2024-12-19T04:26:28.855+0000] {taskinstance.py:1206} INFO - Marking task as SUCCESS. dag_id=ELT_instruction_fact_data, task_id=load_staging.create_staging_instruction_lecturer, run_id=manual__2024-12-19T04:25:50.989861+00:00, execution_date=20241219T042550, start_date=20241219T042624, end_date=20241219T042628
[2024-12-19T04:26:29.135+0000] {local_task_job_runner.py:240} INFO - Task exited with return code 0
[2024-12-19T04:26:29.907+0000] {taskinstance.py:3498} INFO - 2 downstream tasks scheduled from follow-on schedule check
[2024-12-19T04:26:29.923+0000] {local_task_job_runner.py:222} INFO - ::endgroup::
