[2024-12-17T05:55:45.728+0000] {local_task_job_runner.py:120} INFO - ::group::Pre task execution logs
[2024-12-17T05:55:46.032+0000] {taskinstance.py:2076} INFO - Dependencies all met for dep_context=non-requeueable deps ti=<TaskInstance: etl_score_fact_data.aggregate_warehouse.aggregate_student_program_completion manual__2024-12-17T05:55:15.736211+00:00 [queued]>
[2024-12-17T05:55:46.117+0000] {taskinstance.py:2076} INFO - Dependencies all met for dep_context=requeueable deps ti=<TaskInstance: etl_score_fact_data.aggregate_warehouse.aggregate_student_program_completion manual__2024-12-17T05:55:15.736211+00:00 [queued]>
[2024-12-17T05:55:46.118+0000] {taskinstance.py:2306} INFO - Starting attempt 1 of 1
[2024-12-17T05:55:46.190+0000] {taskinstance.py:2330} INFO - Executing <Task(PythonOperator): aggregate_warehouse.aggregate_student_program_completion> on 2024-12-17 05:55:15.736211+00:00
[2024-12-17T05:55:46.241+0000] {warnings.py:110} WARNING - /home/***/.local/lib/python3.12/site-packages/***/task/task_runner/standard_task_runner.py:61: DeprecationWarning: This process (pid=38726) is multi-threaded, use of fork() may lead to deadlocks in the child.
  pid = os.fork()

[2024-12-17T05:55:46.249+0000] {standard_task_runner.py:63} INFO - Started process 38742 to run task
[2024-12-17T05:55:46.239+0000] {standard_task_runner.py:90} INFO - Running: ['***', 'tasks', 'run', 'etl_score_fact_data', 'aggregate_warehouse.aggregate_student_program_completion', 'manual__2024-12-17T05:55:15.736211+00:00', '--job-id', '968', '--raw', '--subdir', 'DAGS_FOLDER/elt_score_fact.py', '--cfg-path', '/tmp/tmp8djq66fr']
[2024-12-17T05:55:46.265+0000] {standard_task_runner.py:91} INFO - Job 968: Subtask aggregate_warehouse.aggregate_student_program_completion
[2024-12-17T05:55:46.641+0000] {task_command.py:426} INFO - Running <TaskInstance: etl_score_fact_data.aggregate_warehouse.aggregate_student_program_completion manual__2024-12-17T05:55:15.736211+00:00 [running]> on host 2f4e9c743994
[2024-12-17T05:55:47.339+0000] {taskinstance.py:2648} INFO - Exporting env vars: AIRFLOW_CTX_DAG_OWNER='***' AIRFLOW_CTX_DAG_ID='etl_score_fact_data' AIRFLOW_CTX_TASK_ID='aggregate_warehouse.aggregate_student_program_completion' AIRFLOW_CTX_EXECUTION_DATE='2024-12-17T05:55:15.736211+00:00' AIRFLOW_CTX_TRY_NUMBER='1' AIRFLOW_CTX_DAG_RUN_ID='manual__2024-12-17T05:55:15.736211+00:00'
[2024-12-17T05:55:47.340+0000] {taskinstance.py:430} INFO - ::endgroup::
[2024-12-17T05:55:47.403+0000] {hive.py:475} INFO - USE `default`
[2024-12-17T05:55:47.515+0000] {hive.py:475} INFO - CREATE NAMESPACE IF NOT EXISTS iceberg.aggr_warehouse
[2024-12-17T05:55:47.605+0000] {hive.py:475} INFO - DROP TABLE IF EXISTS iceberg.aggr_warehouse.student_program_completion
[2024-12-17T05:55:47.681+0000] {hive.py:475} INFO - 
        CREATE OR REPLACE TABLE iceberg.aggr_warehouse.student_program_completion
        USING parquet
        AS
        WITH program_requirements AS (
        SELECT
            ps.program_id,
            SUM(ps.required_credit) AS total_required_credit,
            SUM(ps.elective_credit) AS total_elective_credit
        FROM
            iceberg.warehouse.program_semester ps
        GROUP BY
            ps.program_id
        ),
        latest_student_scores AS (
            SELECT
                s.student_id,
                s.student_name,
                ps.program_id,
                ps.program_semester_id,
                c.course_code,
                c.category,
                c.total_credit,
                sf.final_score,
                ROW_NUMBER() OVER (
                    PARTITION BY s.student_id, c.course_code
                    ORDER BY inf.instruction_time_end DESC
                ) AS attempt_rank
            FROM
                iceberg.warehouse.student s
            JOIN iceberg.warehouse.enroll_student es ON s.student_id = es.student_id
            JOIN iceberg.warehouse.enrollment_fact ef ON es.enrollment_id = ef.enrollment_id
            JOIN iceberg.warehouse.instruction_fact inf ON ef.instruction_id = inf.instruction_id
            JOIN iceberg.warehouse.program_semester ps ON inf.program_semester_id = ps.program_semester_id
            JOIN iceberg.warehouse.course c ON inf.course_id = c.course_id
            LEFT JOIN iceberg.warehouse.score_fact sf ON sf.instruction_id = inf.instruction_id AND sf.student_id = s.student_id
        ),
        student_courses_passed AS (
            SELECT
                lss.student_id,
                lss.student_name,
                lss.program_id,
                lss.course_code,
                lss.category,
                lss.total_credit
            FROM
                latest_student_scores lss
            WHERE
                lss.attempt_rank = 1
                AND lss.final_score >= 4
        ),
        student_courses_registered AS (
            SELECT DISTINCT
                lss.student_id,
                lss.student_name,
                lss.program_id,
                lss.course_code,
                lss.category,
                lss.total_credit,
                lss.final_score  -- Include final_score here
            FROM
                latest_student_scores lss
        ),
        aggregated_student_courses AS (
            SELECT
                scp.student_id,
                scp.student_name,
                scp.program_id,
                pr.total_required_credit,
                pr.total_elective_credit,
                COALESCE(SUM(CASE WHEN scp.category = 'required' THEN scp.total_credit ELSE 0 END), 0) AS total_required_credit_registered,
                COALESCE(SUM(CASE WHEN scp.category = 'elective' THEN scp.total_credit ELSE 0 END), 0) AS total_elective_credit_registered,
                COALESCE(SUM(CASE WHEN scp.category = 'required' THEN scp.total_credit END * 
                    (CASE WHEN scp.final_score >= 4 THEN 1 ELSE 0 END)), 0) AS total_required_credit_passed,
                COALESCE(SUM(CASE WHEN scp.category = 'elective' THEN scp.total_credit END * 
                    (CASE WHEN scp.final_score >= 4 THEN 1 ELSE 0 END)), 0) AS total_elective_credit_passed
            FROM
                student_courses_registered scp
            JOIN program_requirements pr ON scp.program_id = pr.program_id
            LEFT JOIN student_courses_passed scp_passed ON scp.student_id = scp_passed.student_id 
                AND scp.course_code = scp_passed.course_code 
                AND scp.program_id = scp_passed.program_id
            GROUP BY
                scp.student_id,
                scp.student_name,
                scp.program_id,
                pr.total_required_credit,
                pr.total_elective_credit
        )
        SELECT
            sc.student_id,
            sc.student_name,
            sc.program_id,
            sc.total_required_credit,
            sc.total_elective_credit,
            sc.total_required_credit_registered,
            sc.total_elective_credit_registered,
            sc.total_required_credit_passed,
            sc.total_elective_credit_passed,
            CASE 
                WHEN sc.total_required_credit_passed >= sc.total_required_credit
                    AND sc.total_elective_credit_passed >= sc.total_elective_credit
                THEN 'Completed'
                ELSE 'Not Completed'
            END AS completion_status
        FROM
            aggregated_student_courses sc
        ;
    
[2024-12-17T05:56:06.061+0000] {__init__.py:412} INFO - DELETE /user/hive/warehouse/aggr_warehouse.db/student_program_completion_parquet recursive=True user.name=default namenode:9870
[2024-12-17T05:56:06.094+0000] {hive.py:475} INFO - 
        DROP TABLE IF EXISTS spark_catalog.aggr_warehouse.student_program_completion_parquet
    
[2024-12-17T05:56:06.197+0000] {hive.py:475} INFO - 
        CREATE TABLE spark_catalog.aggr_warehouse.student_program_completion_parquet
        USING parquet
        AS
        SELECT * FROM iceberg.aggr_warehouse.student_program_completion
    
[2024-12-17T05:56:06.852+0000] {python.py:237} INFO - Done. Returned value was: None
[2024-12-17T05:56:06.852+0000] {taskinstance.py:441} INFO - ::group::Post task execution logs
[2024-12-17T05:56:06.871+0000] {taskinstance.py:1206} INFO - Marking task as SUCCESS. dag_id=etl_score_fact_data, task_id=aggregate_warehouse.aggregate_student_program_completion, run_id=manual__2024-12-17T05:55:15.736211+00:00, execution_date=20241217T055515, start_date=20241217T055546, end_date=20241217T055606
[2024-12-17T05:56:06.931+0000] {local_task_job_runner.py:240} INFO - Task exited with return code 0
[2024-12-17T05:56:06.956+0000] {taskinstance.py:3498} INFO - 6 downstream tasks scheduled from follow-on schedule check
[2024-12-17T05:56:06.960+0000] {local_task_job_runner.py:222} INFO - ::endgroup::
