[2024-12-18T18:42:47.723+0000] {local_task_job_runner.py:120} INFO - ::group::Pre task execution logs
[2024-12-18T18:42:47.944+0000] {taskinstance.py:2076} INFO - Dependencies all met for dep_context=non-requeueable deps ti=<TaskInstance: migration_fit_schema.insert_data.insert_data_lecturer manual__2024-12-18T18:42:34.621761+00:00 [queued]>
[2024-12-18T18:42:47.951+0000] {taskinstance.py:2076} INFO - Dependencies all met for dep_context=requeueable deps ti=<TaskInstance: migration_fit_schema.insert_data.insert_data_lecturer manual__2024-12-18T18:42:34.621761+00:00 [queued]>
[2024-12-18T18:42:47.951+0000] {taskinstance.py:2306} INFO - Starting attempt 1 of 1
[2024-12-18T18:42:47.963+0000] {taskinstance.py:2330} INFO - Executing <Task(PythonOperator): insert_data.insert_data_lecturer> on 2024-12-18 18:42:34.621761+00:00
[2024-12-18T18:42:47.974+0000] {warnings.py:110} WARNING - /home/***/.local/lib/python3.12/site-packages/***/task/task_runner/standard_task_runner.py:61: DeprecationWarning: This process (pid=1012) is multi-threaded, use of fork() may lead to deadlocks in the child.
  pid = os.fork()

[2024-12-18T18:42:47.976+0000] {standard_task_runner.py:63} INFO - Started process 1014 to run task
[2024-12-18T18:42:47.983+0000] {standard_task_runner.py:90} INFO - Running: ['***', 'tasks', 'run', 'migration_fit_schema', 'insert_data.insert_data_lecturer', 'manual__2024-12-18T18:42:34.621761+00:00', '--job-id', '1061', '--raw', '--subdir', 'DAGS_FOLDER/etl_migrate.py', '--cfg-path', '/tmp/tmp3iqiqw5i']
[2024-12-18T18:42:47.990+0000] {standard_task_runner.py:91} INFO - Job 1061: Subtask insert_data.insert_data_lecturer
[2024-12-18T18:42:48.076+0000] {task_command.py:426} INFO - Running <TaskInstance: migration_fit_schema.insert_data.insert_data_lecturer manual__2024-12-18T18:42:34.621761+00:00 [running]> on host 33a17f71e955
[2024-12-18T18:42:48.207+0000] {taskinstance.py:2648} INFO - Exporting env vars: AIRFLOW_CTX_DAG_OWNER='***' AIRFLOW_CTX_DAG_ID='migration_fit_schema' AIRFLOW_CTX_TASK_ID='insert_data.insert_data_lecturer' AIRFLOW_CTX_EXECUTION_DATE='2024-12-18T18:42:34.621761+00:00' AIRFLOW_CTX_TRY_NUMBER='1' AIRFLOW_CTX_DAG_RUN_ID='manual__2024-12-18T18:42:34.621761+00:00'
[2024-12-18T18:42:48.208+0000] {taskinstance.py:430} INFO - ::endgroup::
[2024-12-18T18:42:48.539+0000] {__init__.py:412} INFO - GETFILESTATUS /data/raw/lecturer/ user.name=default namenode:9870
[2024-12-18T18:42:48.555+0000] {__init__.py:412} INFO - MKDIRS /data/raw/lecturer/ user.name=default namenode:9870
[2024-12-18T18:42:48.564+0000] {__init__.py:412} INFO - CREATE /data/raw/lecturer/lecturer_1734547368.csv overwrite=True async_=True user.name=default namenode:9870
[2024-12-18T18:42:49.024+0000] {python.py:237} INFO - Done. Returned value was: None
[2024-12-18T18:42:49.025+0000] {taskinstance.py:441} INFO - ::group::Post task execution logs
[2024-12-18T18:42:49.046+0000] {taskinstance.py:1206} INFO - Marking task as SUCCESS. dag_id=migration_fit_schema, task_id=insert_data.insert_data_lecturer, run_id=manual__2024-12-18T18:42:34.621761+00:00, execution_date=20241218T184234, start_date=20241218T184247, end_date=20241218T184249
[2024-12-18T18:42:49.126+0000] {local_task_job_runner.py:240} INFO - Task exited with return code 0
[2024-12-18T18:42:49.181+0000] {taskinstance.py:3498} INFO - 1 downstream tasks scheduled from follow-on schedule check
[2024-12-18T18:42:49.182+0000] {local_task_job_runner.py:222} INFO - ::endgroup::
