[2024-12-13T18:58:28.573+0000] {local_task_job_runner.py:120} INFO - ::group::Pre task execution logs
[2024-12-13T18:58:28.648+0000] {taskinstance.py:2076} INFO - Dependencies all met for dep_context=non-requeueable deps ti=<TaskInstance: migration_fit_data.get_raw_data.extract_raw_score_detail manual__2024-12-13T18:58:16.459174+00:00 [queued]>
[2024-12-13T18:58:28.678+0000] {taskinstance.py:2076} INFO - Dependencies all met for dep_context=requeueable deps ti=<TaskInstance: migration_fit_data.get_raw_data.extract_raw_score_detail manual__2024-12-13T18:58:16.459174+00:00 [queued]>
[2024-12-13T18:58:28.679+0000] {taskinstance.py:2306} INFO - Starting attempt 1 of 1
[2024-12-13T18:58:28.756+0000] {taskinstance.py:2330} INFO - Executing <Task(PythonOperator): get_raw_data.extract_raw_score_detail> on 2024-12-13 18:58:16.459174+00:00
[2024-12-13T18:58:28.828+0000] {standard_task_runner.py:90} INFO - Running: ['***', 'tasks', 'run', 'migration_fit_data', 'get_raw_data.extract_raw_score_detail', 'manual__2024-12-13T18:58:16.459174+00:00', '--job-id', '480', '--raw', '--subdir', 'DAGS_FOLDER/elt_migrate.py', '--cfg-path', '/tmp/tmpym6vbdrl']
[2024-12-13T18:58:28.835+0000] {standard_task_runner.py:91} INFO - Job 480: Subtask get_raw_data.extract_raw_score_detail
[2024-12-13T18:58:28.817+0000] {warnings.py:110} WARNING - /home/***/.local/lib/python3.12/site-packages/***/task/task_runner/standard_task_runner.py:61: DeprecationWarning: This process (pid=4111) is multi-threaded, use of fork() may lead to deadlocks in the child.
  pid = os.fork()

[2024-12-13T18:58:28.851+0000] {standard_task_runner.py:63} INFO - Started process 4141 to run task
[2024-12-13T18:58:28.994+0000] {task_command.py:426} INFO - Running <TaskInstance: migration_fit_data.get_raw_data.extract_raw_score_detail manual__2024-12-13T18:58:16.459174+00:00 [running]> on host 1fe973f28a1c
[2024-12-13T18:58:29.576+0000] {taskinstance.py:2648} INFO - Exporting env vars: AIRFLOW_CTX_DAG_OWNER='***' AIRFLOW_CTX_DAG_ID='migration_fit_data' AIRFLOW_CTX_TASK_ID='get_raw_data.extract_raw_score_detail' AIRFLOW_CTX_EXECUTION_DATE='2024-12-13T18:58:16.459174+00:00' AIRFLOW_CTX_TRY_NUMBER='1' AIRFLOW_CTX_DAG_RUN_ID='manual__2024-12-13T18:58:16.459174+00:00'
[2024-12-13T18:58:29.582+0000] {taskinstance.py:430} INFO - ::endgroup::
[2024-12-13T18:58:31.846+0000] {__init__.py:412} INFO - DELETE /fit_warehouse/raw/score_detail/ recursive=True user.name=default namenode:9870
[2024-12-13T18:58:31.860+0000] {__init__.py:412} INFO - GETFILESTATUS /fit_warehouse/raw/score_detail/ user.name=default namenode:9870
[2024-12-13T18:58:31.868+0000] {__init__.py:412} INFO - MKDIRS /fit_warehouse/raw/score_detail/ user.name=default namenode:9870
[2024-12-13T18:58:31.880+0000] {__init__.py:412} INFO - CREATE /fit_warehouse/raw/score_detail/score_detail_01.snappy.parquet overwrite=True async_=True user.name=default namenode:9870
[2024-12-13T18:58:31.937+0000] {python.py:237} INFO - Done. Returned value was: None
[2024-12-13T18:58:31.939+0000] {taskinstance.py:441} INFO - ::group::Post task execution logs
[2024-12-13T18:58:31.948+0000] {taskinstance.py:1206} INFO - Marking task as SUCCESS. dag_id=migration_fit_data, task_id=get_raw_data.extract_raw_score_detail, run_id=manual__2024-12-13T18:58:16.459174+00:00, execution_date=20241213T185816, start_date=20241213T185828, end_date=20241213T185831
[2024-12-13T18:58:31.977+0000] {local_task_job_runner.py:240} INFO - Task exited with return code 0
[2024-12-13T18:58:32.049+0000] {taskinstance.py:3498} INFO - 0 downstream tasks scheduled from follow-on schedule check
[2024-12-13T18:58:32.051+0000] {local_task_job_runner.py:222} INFO - ::endgroup::
