[2024-12-17T05:26:05.695+0000] {local_task_job_runner.py:120} INFO - ::group::Pre task execution logs
[2024-12-17T05:26:05.785+0000] {taskinstance.py:2076} INFO - Dependencies all met for dep_context=non-requeueable deps ti=<TaskInstance: etl_score_fact_data.load_staging.create_staging_score_fact manual__2024-12-17T05:25:56.018426+00:00 [queued]>
[2024-12-17T05:26:05.826+0000] {taskinstance.py:2076} INFO - Dependencies all met for dep_context=requeueable deps ti=<TaskInstance: etl_score_fact_data.load_staging.create_staging_score_fact manual__2024-12-17T05:25:56.018426+00:00 [queued]>
[2024-12-17T05:26:05.826+0000] {taskinstance.py:2306} INFO - Starting attempt 1 of 1
[2024-12-17T05:26:05.867+0000] {taskinstance.py:2330} INFO - Executing <Task(PythonOperator): load_staging.create_staging_score_fact> on 2024-12-17 05:25:56.018426+00:00
[2024-12-17T05:26:05.894+0000] {warnings.py:110} WARNING - /home/***/.local/lib/python3.12/site-packages/***/task/task_runner/standard_task_runner.py:61: DeprecationWarning: This process (pid=38104) is multi-threaded, use of fork() may lead to deadlocks in the child.
  pid = os.fork()

[2024-12-17T05:26:05.902+0000] {standard_task_runner.py:63} INFO - Started process 38109 to run task
[2024-12-17T05:26:05.899+0000] {standard_task_runner.py:90} INFO - Running: ['***', 'tasks', 'run', 'etl_score_fact_data', 'load_staging.create_staging_score_fact', 'manual__2024-12-17T05:25:56.018426+00:00', '--job-id', '886', '--raw', '--subdir', 'DAGS_FOLDER/elt_score_fact.py', '--cfg-path', '/tmp/tmp_990aali']
[2024-12-17T05:26:05.907+0000] {standard_task_runner.py:91} INFO - Job 886: Subtask load_staging.create_staging_score_fact
[2024-12-17T05:26:06.061+0000] {task_command.py:426} INFO - Running <TaskInstance: etl_score_fact_data.load_staging.create_staging_score_fact manual__2024-12-17T05:25:56.018426+00:00 [running]> on host 2f4e9c743994
[2024-12-17T05:26:06.243+0000] {taskinstance.py:2648} INFO - Exporting env vars: AIRFLOW_CTX_DAG_OWNER='***' AIRFLOW_CTX_DAG_ID='etl_score_fact_data' AIRFLOW_CTX_TASK_ID='load_staging.create_staging_score_fact' AIRFLOW_CTX_EXECUTION_DATE='2024-12-17T05:25:56.018426+00:00' AIRFLOW_CTX_TRY_NUMBER='1' AIRFLOW_CTX_DAG_RUN_ID='manual__2024-12-17T05:25:56.018426+00:00'
[2024-12-17T05:26:06.245+0000] {taskinstance.py:430} INFO - ::endgroup::
[2024-12-17T05:26:06.264+0000] {hive.py:475} INFO - USE `default`
[2024-12-17T05:26:06.309+0000] {hive.py:475} INFO - DROP TABLE IF EXISTS default.score_fact
[2024-12-17T05:26:06.571+0000] {hive.py:475} INFO - 
        CREATE TABLE IF NOT EXISTS default.score_fact (
            score_id BIGINT,instruction_id BIGINT,student_id STRING,final_score DOUBLE,final_score_4 DOUBLE,academic_rank STRING,is_practice BOOLEAN,last_modified_date TIMESTAMP,etl_date TIMESTAMP   
        )   
        STORED AS PARQUET
        LOCATION '/fit_warehouse/raw/score_fact/*.snappy.parquet'
    
[2024-12-17T05:26:06.734+0000] {hive.py:475} INFO - ANALYZE TABLE default.score_fact COMPUTE STATISTICS
[2024-12-17T05:26:07.488+0000] {python.py:237} INFO - Done. Returned value was: None
[2024-12-17T05:26:07.490+0000] {taskinstance.py:441} INFO - ::group::Post task execution logs
[2024-12-17T05:26:07.509+0000] {taskinstance.py:1206} INFO - Marking task as SUCCESS. dag_id=etl_score_fact_data, task_id=load_staging.create_staging_score_fact, run_id=manual__2024-12-17T05:25:56.018426+00:00, execution_date=20241217T052556, start_date=20241217T052605, end_date=20241217T052607
[2024-12-17T05:26:07.558+0000] {local_task_job_runner.py:240} INFO - Task exited with return code 0
[2024-12-17T05:26:07.593+0000] {taskinstance.py:3498} INFO - 0 downstream tasks scheduled from follow-on schedule check
[2024-12-17T05:26:07.594+0000] {local_task_job_runner.py:222} INFO - ::endgroup::
