[2024-12-13T20:38:10.947+0000] {local_task_job_runner.py:120} INFO - ::group::Pre task execution logs
[2024-12-13T20:38:11.008+0000] {taskinstance.py:2076} INFO - Dependencies all met for dep_context=non-requeueable deps ti=<TaskInstance: migration_fit_data.insert_warehouse.insert_dwh_enroll_student manual__2024-12-13T20:37:24.752456+00:00 [queued]>
[2024-12-13T20:38:11.032+0000] {taskinstance.py:2076} INFO - Dependencies all met for dep_context=requeueable deps ti=<TaskInstance: migration_fit_data.insert_warehouse.insert_dwh_enroll_student manual__2024-12-13T20:37:24.752456+00:00 [queued]>
[2024-12-13T20:38:11.033+0000] {taskinstance.py:2306} INFO - Starting attempt 1 of 1
[2024-12-13T20:38:11.103+0000] {taskinstance.py:2330} INFO - Executing <Task(PythonOperator): insert_warehouse.insert_dwh_enroll_student> on 2024-12-13 20:37:24.752456+00:00
[2024-12-13T20:38:11.194+0000] {standard_task_runner.py:90} INFO - Running: ['***', 'tasks', 'run', 'migration_fit_data', 'insert_warehouse.insert_dwh_enroll_student', 'manual__2024-12-13T20:37:24.752456+00:00', '--job-id', '750', '--raw', '--subdir', 'DAGS_FOLDER/elt_migrate.py', '--cfg-path', '/tmp/tmp2a914ln2']
[2024-12-13T20:38:11.197+0000] {standard_task_runner.py:91} INFO - Job 750: Subtask insert_warehouse.insert_dwh_enroll_student
[2024-12-13T20:38:11.193+0000] {warnings.py:110} WARNING - /home/***/.local/lib/python3.12/site-packages/***/task/task_runner/standard_task_runner.py:61: DeprecationWarning: This process (pid=6175) is multi-threaded, use of fork() may lead to deadlocks in the child.
  pid = os.fork()

[2024-12-13T20:38:11.224+0000] {standard_task_runner.py:63} INFO - Started process 6203 to run task
[2024-12-13T20:38:11.286+0000] {task_command.py:426} INFO - Running <TaskInstance: migration_fit_data.insert_warehouse.insert_dwh_enroll_student manual__2024-12-13T20:37:24.752456+00:00 [running]> on host 1fe973f28a1c
[2024-12-13T20:38:11.497+0000] {taskinstance.py:2648} INFO - Exporting env vars: AIRFLOW_CTX_DAG_OWNER='***' AIRFLOW_CTX_DAG_ID='migration_fit_data' AIRFLOW_CTX_TASK_ID='insert_warehouse.insert_dwh_enroll_student' AIRFLOW_CTX_EXECUTION_DATE='2024-12-13T20:37:24.752456+00:00' AIRFLOW_CTX_TRY_NUMBER='1' AIRFLOW_CTX_DAG_RUN_ID='manual__2024-12-13T20:37:24.752456+00:00'
[2024-12-13T20:38:11.501+0000] {taskinstance.py:430} INFO - ::endgroup::
[2024-12-13T20:38:11.625+0000] {hive.py:475} INFO - USE `default`
[2024-12-13T20:38:11.747+0000] {hive.py:475} INFO - SELECT COUNT(*) FROM default.enroll_student
[2024-12-13T20:38:12.496+0000] {logging_mixin.py:188} INFO - SELECT COUNT(*) FROM default.enroll_student --- 18461
[2024-12-13T20:38:12.506+0000] {hive.py:475} INFO - 
            MERGE INTO iceberg.warehouse.enroll_student t
            USING default.enroll_student s
            ON t.student_id=s.student_id AND t.enrollment_id=s.enrollment_id
            WHEN MATCHED 
                THEN UPDATE SET 
                t.student_id=s.student_id,t.enrollment_id=s.enrollment_id,t.enrollment_time=s.enrollment_time
            WHEN NOT MATCHED 
                THEN INSERT *
        
[2024-12-13T20:38:17.529+0000] {python.py:237} INFO - Done. Returned value was: None
[2024-12-13T20:38:17.529+0000] {taskinstance.py:441} INFO - ::group::Post task execution logs
[2024-12-13T20:38:17.550+0000] {taskinstance.py:1206} INFO - Marking task as SUCCESS. dag_id=migration_fit_data, task_id=insert_warehouse.insert_dwh_enroll_student, run_id=manual__2024-12-13T20:37:24.752456+00:00, execution_date=20241213T203724, start_date=20241213T203811, end_date=20241213T203817
[2024-12-13T20:38:17.661+0000] {local_task_job_runner.py:240} INFO - Task exited with return code 0
[2024-12-13T20:38:17.774+0000] {taskinstance.py:3498} INFO - 0 downstream tasks scheduled from follow-on schedule check
[2024-12-13T20:38:17.777+0000] {local_task_job_runner.py:222} INFO - ::endgroup::
