[2024-12-13T20:37:45.900+0000] {local_task_job_runner.py:120} INFO - ::group::Pre task execution logs
[2024-12-13T20:37:45.991+0000] {taskinstance.py:2076} INFO - Dependencies all met for dep_context=non-requeueable deps ti=<TaskInstance: migration_fit_data.load_staging.create_staging_student manual__2024-12-13T20:37:24.752456+00:00 [queued]>
[2024-12-13T20:37:46.057+0000] {taskinstance.py:2076} INFO - Dependencies all met for dep_context=requeueable deps ti=<TaskInstance: migration_fit_data.load_staging.create_staging_student manual__2024-12-13T20:37:24.752456+00:00 [queued]>
[2024-12-13T20:37:46.061+0000] {taskinstance.py:2306} INFO - Starting attempt 1 of 1
[2024-12-13T20:37:46.159+0000] {taskinstance.py:2330} INFO - Executing <Task(PythonOperator): load_staging.create_staging_student> on 2024-12-13 20:37:24.752456+00:00
[2024-12-13T20:37:46.215+0000] {warnings.py:110} WARNING - /home/***/.local/lib/python3.12/site-packages/***/task/task_runner/standard_task_runner.py:61: DeprecationWarning: This process (pid=6084) is multi-threaded, use of fork() may lead to deadlocks in the child.
  pid = os.fork()

[2024-12-13T20:37:46.231+0000] {standard_task_runner.py:63} INFO - Started process 6116 to run task
[2024-12-13T20:37:46.239+0000] {standard_task_runner.py:90} INFO - Running: ['***', 'tasks', 'run', 'migration_fit_data', 'load_staging.create_staging_student', 'manual__2024-12-13T20:37:24.752456+00:00', '--job-id', '717', '--raw', '--subdir', 'DAGS_FOLDER/elt_migrate.py', '--cfg-path', '/tmp/tmpm9eyyb1w']
[2024-12-13T20:37:46.242+0000] {standard_task_runner.py:91} INFO - Job 717: Subtask load_staging.create_staging_student
[2024-12-13T20:37:46.522+0000] {task_command.py:426} INFO - Running <TaskInstance: migration_fit_data.load_staging.create_staging_student manual__2024-12-13T20:37:24.752456+00:00 [running]> on host 1fe973f28a1c
[2024-12-13T20:37:46.996+0000] {taskinstance.py:2648} INFO - Exporting env vars: AIRFLOW_CTX_DAG_OWNER='***' AIRFLOW_CTX_DAG_ID='migration_fit_data' AIRFLOW_CTX_TASK_ID='load_staging.create_staging_student' AIRFLOW_CTX_EXECUTION_DATE='2024-12-13T20:37:24.752456+00:00' AIRFLOW_CTX_TRY_NUMBER='1' AIRFLOW_CTX_DAG_RUN_ID='manual__2024-12-13T20:37:24.752456+00:00'
[2024-12-13T20:37:47.002+0000] {taskinstance.py:430} INFO - ::endgroup::
[2024-12-13T20:37:47.031+0000] {hive.py:475} INFO - USE `default`
[2024-12-13T20:37:47.066+0000] {hive.py:475} INFO - DROP TABLE IF EXISTS default.student
[2024-12-13T20:37:47.677+0000] {hive.py:475} INFO - 
        CREATE TABLE IF NOT EXISTS default.student (
            student_id STRING,student_name STRING,class_name STRING,edu_mail STRING,address_id BIGINT,national_id BIGINT,key_year STRING,gender STRING,student_dob TIMESTAMP   
        )   
        STORED AS PARQUET
        LOCATION '/fit_warehouse/raw/student/*.snappy.parquet'
    
[2024-12-13T20:37:48.137+0000] {hive.py:475} INFO - ANALYZE TABLE default.student COMPUTE STATISTICS
[2024-12-13T20:37:49.952+0000] {python.py:237} INFO - Done. Returned value was: None
[2024-12-13T20:37:49.953+0000] {taskinstance.py:441} INFO - ::group::Post task execution logs
[2024-12-13T20:37:49.970+0000] {taskinstance.py:1206} INFO - Marking task as SUCCESS. dag_id=migration_fit_data, task_id=load_staging.create_staging_student, run_id=manual__2024-12-13T20:37:24.752456+00:00, execution_date=20241213T203724, start_date=20241213T203745, end_date=20241213T203749
[2024-12-13T20:37:50.049+0000] {local_task_job_runner.py:240} INFO - Task exited with return code 0
[2024-12-13T20:37:50.077+0000] {local_task_job_runner.py:222} INFO - ::endgroup::
