[2024-12-17T05:31:40.256+0000] {local_task_job_runner.py:120} INFO - ::group::Pre task execution logs
[2024-12-17T05:31:40.375+0000] {taskinstance.py:2076} INFO - Dependencies all met for dep_context=non-requeueable deps ti=<TaskInstance: migration_fit_data.load_staging.create_staging_employee manual__2024-12-17T05:30:38.897078+00:00 [queued]>
[2024-12-17T05:31:40.494+0000] {taskinstance.py:2076} INFO - Dependencies all met for dep_context=requeueable deps ti=<TaskInstance: migration_fit_data.load_staging.create_staging_employee manual__2024-12-17T05:30:38.897078+00:00 [queued]>
[2024-12-17T05:31:40.506+0000] {taskinstance.py:2306} INFO - Starting attempt 1 of 1
[2024-12-17T05:31:40.741+0000] {taskinstance.py:2330} INFO - Executing <Task(PythonOperator): load_staging.create_staging_employee> on 2024-12-17 05:30:38.897078+00:00
[2024-12-17T05:31:40.937+0000] {warnings.py:110} WARNING - /home/***/.local/lib/python3.12/site-packages/***/task/task_runner/standard_task_runner.py:61: DeprecationWarning: This process (pid=38266) is multi-threaded, use of fork() may lead to deadlocks in the child.
  pid = os.fork()

[2024-12-17T05:31:40.939+0000] {standard_task_runner.py:63} INFO - Started process 38306 to run task
[2024-12-17T05:31:40.945+0000] {standard_task_runner.py:90} INFO - Running: ['***', 'tasks', 'run', 'migration_fit_data', 'load_staging.create_staging_employee', 'manual__2024-12-17T05:30:38.897078+00:00', '--job-id', '919', '--raw', '--subdir', 'DAGS_FOLDER/elt_migrate.py', '--cfg-path', '/tmp/tmpseaj0sfk']
[2024-12-17T05:31:41.024+0000] {standard_task_runner.py:91} INFO - Job 919: Subtask load_staging.create_staging_employee
[2024-12-17T05:31:41.707+0000] {task_command.py:426} INFO - Running <TaskInstance: migration_fit_data.load_staging.create_staging_employee manual__2024-12-17T05:30:38.897078+00:00 [running]> on host 2f4e9c743994
[2024-12-17T05:31:42.624+0000] {taskinstance.py:2648} INFO - Exporting env vars: AIRFLOW_CTX_DAG_OWNER='***' AIRFLOW_CTX_DAG_ID='migration_fit_data' AIRFLOW_CTX_TASK_ID='load_staging.create_staging_employee' AIRFLOW_CTX_EXECUTION_DATE='2024-12-17T05:30:38.897078+00:00' AIRFLOW_CTX_TRY_NUMBER='1' AIRFLOW_CTX_DAG_RUN_ID='manual__2024-12-17T05:30:38.897078+00:00'
[2024-12-17T05:31:42.635+0000] {taskinstance.py:430} INFO - ::endgroup::
[2024-12-17T05:31:42.675+0000] {hive.py:475} INFO - USE `default`
[2024-12-17T05:31:43.482+0000] {hive.py:475} INFO - DROP TABLE IF EXISTS default.employee
[2024-12-17T05:31:44.201+0000] {hive.py:475} INFO - 
        CREATE TABLE IF NOT EXISTS default.employee (
            employee_id BIGINT,employee_name STRING,day_of_birth TIMESTAMP,nationality STRING,insurance_id STRING   
        )   
        STORED AS PARQUET
        LOCATION '/fit_warehouse/raw/employee/*.snappy.parquet'
    
[2024-12-17T05:31:45.004+0000] {hive.py:475} INFO - ANALYZE TABLE default.employee COMPUTE STATISTICS
[2024-12-17T05:31:49.636+0000] {python.py:237} INFO - Done. Returned value was: None
[2024-12-17T05:31:49.636+0000] {taskinstance.py:441} INFO - ::group::Post task execution logs
[2024-12-17T05:31:49.685+0000] {taskinstance.py:1206} INFO - Marking task as SUCCESS. dag_id=migration_fit_data, task_id=load_staging.create_staging_employee, run_id=manual__2024-12-17T05:30:38.897078+00:00, execution_date=20241217T053038, start_date=20241217T053140, end_date=20241217T053149
[2024-12-17T05:31:49.904+0000] {local_task_job_runner.py:240} INFO - Task exited with return code 0
[2024-12-17T05:31:50.311+0000] {taskinstance.py:3498} INFO - 0 downstream tasks scheduled from follow-on schedule check
[2024-12-17T05:31:50.315+0000] {local_task_job_runner.py:222} INFO - ::endgroup::
