[2024-12-13T18:58:52.034+0000] {local_task_job_runner.py:120} INFO - ::group::Pre task execution logs
[2024-12-13T18:58:52.253+0000] {taskinstance.py:2076} INFO - Dependencies all met for dep_context=non-requeueable deps ti=<TaskInstance: migration_fit_data.create_dwh_table.recreate_dwh_score_fact manual__2024-12-13T18:58:16.459174+00:00 [queued]>
[2024-12-13T18:58:52.297+0000] {taskinstance.py:2076} INFO - Dependencies all met for dep_context=requeueable deps ti=<TaskInstance: migration_fit_data.create_dwh_table.recreate_dwh_score_fact manual__2024-12-13T18:58:16.459174+00:00 [queued]>
[2024-12-13T18:58:52.301+0000] {taskinstance.py:2306} INFO - Starting attempt 1 of 1
[2024-12-13T18:58:52.362+0000] {taskinstance.py:2330} INFO - Executing <Task(PythonOperator): create_dwh_table.recreate_dwh_score_fact> on 2024-12-13 18:58:16.459174+00:00
[2024-12-13T18:58:52.430+0000] {warnings.py:110} WARNING - /home/***/.local/lib/python3.12/site-packages/***/task/task_runner/standard_task_runner.py:61: DeprecationWarning: This process (pid=4218) is multi-threaded, use of fork() may lead to deadlocks in the child.
  pid = os.fork()

[2024-12-13T18:58:52.438+0000] {standard_task_runner.py:63} INFO - Started process 4244 to run task
[2024-12-13T18:58:52.435+0000] {standard_task_runner.py:90} INFO - Running: ['***', 'tasks', 'run', 'migration_fit_data', 'create_dwh_table.recreate_dwh_score_fact', 'manual__2024-12-13T18:58:16.459174+00:00', '--job-id', '512', '--raw', '--subdir', 'DAGS_FOLDER/elt_migrate.py', '--cfg-path', '/tmp/tmp4k53nao2']
[2024-12-13T18:58:52.453+0000] {standard_task_runner.py:91} INFO - Job 512: Subtask create_dwh_table.recreate_dwh_score_fact
[2024-12-13T18:58:52.643+0000] {task_command.py:426} INFO - Running <TaskInstance: migration_fit_data.create_dwh_table.recreate_dwh_score_fact manual__2024-12-13T18:58:16.459174+00:00 [running]> on host 1fe973f28a1c
[2024-12-13T18:58:53.452+0000] {taskinstance.py:2648} INFO - Exporting env vars: AIRFLOW_CTX_DAG_OWNER='***' AIRFLOW_CTX_DAG_ID='migration_fit_data' AIRFLOW_CTX_TASK_ID='create_dwh_table.recreate_dwh_score_fact' AIRFLOW_CTX_EXECUTION_DATE='2024-12-13T18:58:16.459174+00:00' AIRFLOW_CTX_TRY_NUMBER='1' AIRFLOW_CTX_DAG_RUN_ID='manual__2024-12-13T18:58:16.459174+00:00'
[2024-12-13T18:58:53.462+0000] {taskinstance.py:430} INFO - ::endgroup::
[2024-12-13T18:58:53.532+0000] {hive.py:475} INFO - USE `default`
[2024-12-13T18:58:53.610+0000] {hive.py:475} INFO - DROP TABLE IF EXISTS iceberg.warehouse.score_fact
[2024-12-13T18:58:53.772+0000] {hive.py:475} INFO - CREATE DATABASE IF NOT EXISTS warehouse
[2024-12-13T18:58:53.853+0000] {hive.py:475} INFO - 
        CREATE TABLE IF NOT EXISTS iceberg.warehouse.score_fact (
            score_id BIGINT,instruction_id BIGINT,student_id STRING,final_score DOUBLE,final_score_4 DOUBLE,academic_rank STRING,is_practice BOOLEAN,last_modified_date TIMESTAMP,etl_date TIMESTAMP   
        )
        USING iceberg
        LOCATION '/fit_warehouse/warehouse/score_fact/*.snappy.parquet'
    
[2024-12-13T18:58:54.077+0000] {python.py:237} INFO - Done. Returned value was: None
[2024-12-13T18:58:54.078+0000] {taskinstance.py:441} INFO - ::group::Post task execution logs
[2024-12-13T18:58:54.102+0000] {taskinstance.py:1206} INFO - Marking task as SUCCESS. dag_id=migration_fit_data, task_id=create_dwh_table.recreate_dwh_score_fact, run_id=manual__2024-12-13T18:58:16.459174+00:00, execution_date=20241213T185816, start_date=20241213T185852, end_date=20241213T185854
[2024-12-13T18:58:54.162+0000] {local_task_job_runner.py:240} INFO - Task exited with return code 0
[2024-12-13T18:58:54.321+0000] {taskinstance.py:3498} INFO - 0 downstream tasks scheduled from follow-on schedule check
[2024-12-13T18:58:54.333+0000] {local_task_job_runner.py:222} INFO - ::endgroup::
