[2024-12-14T20:17:52.452+0000] {local_task_job_runner.py:120} INFO - ::group::Pre task execution logs
[2024-12-14T20:17:52.614+0000] {taskinstance.py:2076} INFO - Dependencies all met for dep_context=non-requeueable deps ti=<TaskInstance: migration_fit_data.load_staging.create_staging_address manual__2024-12-14T20:17:26.395846+00:00 [queued]>
[2024-12-14T20:17:52.694+0000] {taskinstance.py:2076} INFO - Dependencies all met for dep_context=requeueable deps ti=<TaskInstance: migration_fit_data.load_staging.create_staging_address manual__2024-12-14T20:17:26.395846+00:00 [queued]>
[2024-12-14T20:17:52.694+0000] {taskinstance.py:2306} INFO - Starting attempt 1 of 1
[2024-12-14T20:17:52.759+0000] {taskinstance.py:2330} INFO - Executing <Task(PythonOperator): load_staging.create_staging_address> on 2024-12-14 20:17:26.395846+00:00
[2024-12-14T20:17:52.896+0000] {warnings.py:110} WARNING - /home/***/.local/lib/python3.12/site-packages/***/task/task_runner/standard_task_runner.py:61: DeprecationWarning: This process (pid=8026) is multi-threaded, use of fork() may lead to deadlocks in the child.
  pid = os.fork()

[2024-12-14T20:17:53.032+0000] {standard_task_runner.py:63} INFO - Started process 8065 to run task
[2024-12-14T20:17:52.992+0000] {standard_task_runner.py:90} INFO - Running: ['***', 'tasks', 'run', 'migration_fit_data', 'load_staging.create_staging_address', 'manual__2024-12-14T20:17:26.395846+00:00', '--job-id', '377', '--raw', '--subdir', 'DAGS_FOLDER/elt_migrate.py', '--cfg-path', '/tmp/tmp2qgiadw_']
[2024-12-14T20:17:53.060+0000] {standard_task_runner.py:91} INFO - Job 377: Subtask load_staging.create_staging_address
[2024-12-14T20:17:53.164+0000] {task_command.py:426} INFO - Running <TaskInstance: migration_fit_data.load_staging.create_staging_address manual__2024-12-14T20:17:26.395846+00:00 [running]> on host 472b63b715e1
[2024-12-14T20:17:53.995+0000] {taskinstance.py:2648} INFO - Exporting env vars: AIRFLOW_CTX_DAG_OWNER='***' AIRFLOW_CTX_DAG_ID='migration_fit_data' AIRFLOW_CTX_TASK_ID='load_staging.create_staging_address' AIRFLOW_CTX_EXECUTION_DATE='2024-12-14T20:17:26.395846+00:00' AIRFLOW_CTX_TRY_NUMBER='1' AIRFLOW_CTX_DAG_RUN_ID='manual__2024-12-14T20:17:26.395846+00:00'
[2024-12-14T20:17:53.996+0000] {taskinstance.py:430} INFO - ::endgroup::
[2024-12-14T20:17:54.067+0000] {hive.py:475} INFO - USE `default`
[2024-12-14T20:17:54.935+0000] {hive.py:475} INFO - DROP TABLE IF EXISTS default.address
[2024-12-14T20:17:58.853+0000] {hive.py:475} INFO - 
        CREATE TABLE IF NOT EXISTS default.address (
            address_id BIGINT,ward STRING,district STRING,city STRING   
        )   
        STORED AS PARQUET
        LOCATION '/fit_warehouse/raw/address/*.snappy.parquet'
    
[2024-12-14T20:17:59.217+0000] {hive.py:475} INFO - ANALYZE TABLE default.address COMPUTE STATISTICS
[2024-12-14T20:18:01.047+0000] {python.py:237} INFO - Done. Returned value was: None
[2024-12-14T20:18:01.047+0000] {taskinstance.py:441} INFO - ::group::Post task execution logs
[2024-12-14T20:18:01.068+0000] {taskinstance.py:1206} INFO - Marking task as SUCCESS. dag_id=migration_fit_data, task_id=load_staging.create_staging_address, run_id=manual__2024-12-14T20:17:26.395846+00:00, execution_date=20241214T201726, start_date=20241214T201752, end_date=20241214T201801
[2024-12-14T20:18:01.121+0000] {local_task_job_runner.py:240} INFO - Task exited with return code 0
[2024-12-14T20:18:01.132+0000] {local_task_job_runner.py:222} INFO - ::endgroup::
