[2024-12-17T04:22:50.559+0000] {local_task_job_runner.py:120} INFO - ::group::Pre task execution logs
[2024-12-17T04:22:52.859+0000] {taskinstance.py:2076} INFO - Dependencies all met for dep_context=non-requeueable deps ti=<TaskInstance: migration_fit_data.create_dwh_table.recreate_dwh_employee manual__2024-12-17T04:21:03.915875+00:00 [queued]>
[2024-12-17T04:22:53.002+0000] {taskinstance.py:2076} INFO - Dependencies all met for dep_context=requeueable deps ti=<TaskInstance: migration_fit_data.create_dwh_table.recreate_dwh_employee manual__2024-12-17T04:21:03.915875+00:00 [queued]>
[2024-12-17T04:22:53.003+0000] {taskinstance.py:2306} INFO - Starting attempt 1 of 1
[2024-12-17T04:22:55.596+0000] {taskinstance.py:2330} INFO - Executing <Task(PythonOperator): create_dwh_table.recreate_dwh_employee> on 2024-12-17 04:21:03.915875+00:00
[2024-12-17T04:22:55.741+0000] {warnings.py:110} WARNING - /home/***/.local/lib/python3.12/site-packages/***/task/task_runner/standard_task_runner.py:61: DeprecationWarning: This process (pid=37199) is multi-threaded, use of fork() may lead to deadlocks in the child.
  pid = os.fork()

[2024-12-17T04:22:55.792+0000] {standard_task_runner.py:63} INFO - Started process 37238 to run task
[2024-12-17T04:22:55.761+0000] {standard_task_runner.py:90} INFO - Running: ['***', 'tasks', 'run', 'migration_fit_data', 'create_dwh_table.recreate_dwh_employee', 'manual__2024-12-17T04:21:03.915875+00:00', '--job-id', '847', '--raw', '--subdir', 'DAGS_FOLDER/elt_migrate.py', '--cfg-path', '/tmp/tmpf9vv5rwe']
[2024-12-17T04:22:55.901+0000] {standard_task_runner.py:91} INFO - Job 847: Subtask create_dwh_table.recreate_dwh_employee
[2024-12-17T04:22:56.460+0000] {task_command.py:426} INFO - Running <TaskInstance: migration_fit_data.create_dwh_table.recreate_dwh_employee manual__2024-12-17T04:21:03.915875+00:00 [running]> on host 2f4e9c743994
[2024-12-17T04:22:57.194+0000] {taskinstance.py:2648} INFO - Exporting env vars: AIRFLOW_CTX_DAG_OWNER='***' AIRFLOW_CTX_DAG_ID='migration_fit_data' AIRFLOW_CTX_TASK_ID='create_dwh_table.recreate_dwh_employee' AIRFLOW_CTX_EXECUTION_DATE='2024-12-17T04:21:03.915875+00:00' AIRFLOW_CTX_TRY_NUMBER='1' AIRFLOW_CTX_DAG_RUN_ID='manual__2024-12-17T04:21:03.915875+00:00'
[2024-12-17T04:22:57.206+0000] {taskinstance.py:430} INFO - ::endgroup::
[2024-12-17T04:22:57.467+0000] {hive.py:475} INFO - USE `default`
[2024-12-17T04:22:57.675+0000] {hive.py:475} INFO - DROP TABLE IF EXISTS iceberg.warehouse.employee
[2024-12-17T04:22:58.332+0000] {hive.py:475} INFO - CREATE DATABASE IF NOT EXISTS warehouse
[2024-12-17T04:22:58.727+0000] {hive.py:475} INFO - 
        CREATE TABLE IF NOT EXISTS iceberg.warehouse.employee (
            employee_id BIGINT,employee_name STRING,day_of_birth TIMESTAMP,nationality STRING,insurance_id STRING   
        )
        USING iceberg
        LOCATION '/fit_warehouse/warehouse/employee/*.snappy.parquet'
    
[2024-12-17T04:22:59.779+0000] {python.py:237} INFO - Done. Returned value was: None
[2024-12-17T04:22:59.780+0000] {taskinstance.py:441} INFO - ::group::Post task execution logs
[2024-12-17T04:22:59.908+0000] {taskinstance.py:1206} INFO - Marking task as SUCCESS. dag_id=migration_fit_data, task_id=create_dwh_table.recreate_dwh_employee, run_id=manual__2024-12-17T04:21:03.915875+00:00, execution_date=20241217T042103, start_date=20241217T042252, end_date=20241217T042259
[2024-12-17T04:23:00.305+0000] {local_task_job_runner.py:240} INFO - Task exited with return code 0
[2024-12-17T04:23:00.439+0000] {local_task_job_runner.py:222} INFO - ::endgroup::
