[2024-12-14T10:50:03.736+0000] {local_task_job_runner.py:120} INFO - ::group::Pre task execution logs
[2024-12-14T10:50:03.908+0000] {taskinstance.py:2076} INFO - Dependencies all met for dep_context=non-requeueable deps ti=<TaskInstance: etl_dimention_data.aggregate_warehouse.aggregate_instruction_aggregate manual__2024-12-14T10:49:34.305778+00:00 [queued]>
[2024-12-14T10:50:03.979+0000] {taskinstance.py:2076} INFO - Dependencies all met for dep_context=requeueable deps ti=<TaskInstance: etl_dimention_data.aggregate_warehouse.aggregate_instruction_aggregate manual__2024-12-14T10:49:34.305778+00:00 [queued]>
[2024-12-14T10:50:03.979+0000] {taskinstance.py:2306} INFO - Starting attempt 1 of 1
[2024-12-14T10:50:04.084+0000] {taskinstance.py:2330} INFO - Executing <Task(PythonOperator): aggregate_warehouse.aggregate_instruction_aggregate> on 2024-12-14 10:49:34.305778+00:00
[2024-12-14T10:50:04.172+0000] {warnings.py:110} WARNING - /home/***/.local/lib/python3.12/site-packages/***/task/task_runner/standard_task_runner.py:61: DeprecationWarning: This process (pid=627) is multi-threaded, use of fork() may lead to deadlocks in the child.
  pid = os.fork()

[2024-12-14T10:50:04.173+0000] {standard_task_runner.py:63} INFO - Started process 639 to run task
[2024-12-14T10:50:04.159+0000] {standard_task_runner.py:90} INFO - Running: ['***', 'tasks', 'run', 'etl_dimention_data', 'aggregate_warehouse.aggregate_instruction_aggregate', 'manual__2024-12-14T10:49:34.305778+00:00', '--job-id', '148', '--raw', '--subdir', 'DAGS_FOLDER/elt_dimention.py', '--cfg-path', '/tmp/tmp97buzkq9']
[2024-12-14T10:50:04.188+0000] {standard_task_runner.py:91} INFO - Job 148: Subtask aggregate_warehouse.aggregate_instruction_aggregate
[2024-12-14T10:50:04.447+0000] {task_command.py:426} INFO - Running <TaskInstance: etl_dimention_data.aggregate_warehouse.aggregate_instruction_aggregate manual__2024-12-14T10:49:34.305778+00:00 [running]> on host 06cbf31e97a5
[2024-12-14T10:50:04.613+0000] {taskinstance.py:2648} INFO - Exporting env vars: AIRFLOW_CTX_DAG_OWNER='***' AIRFLOW_CTX_DAG_ID='etl_dimention_data' AIRFLOW_CTX_TASK_ID='aggregate_warehouse.aggregate_instruction_aggregate' AIRFLOW_CTX_EXECUTION_DATE='2024-12-14T10:49:34.305778+00:00' AIRFLOW_CTX_TRY_NUMBER='1' AIRFLOW_CTX_DAG_RUN_ID='manual__2024-12-14T10:49:34.305778+00:00'
[2024-12-14T10:50:04.614+0000] {taskinstance.py:430} INFO - ::endgroup::
[2024-12-14T10:50:04.647+0000] {hive.py:475} INFO - USE `default`
[2024-12-14T10:50:04.721+0000] {hive.py:475} INFO - CREATE NAMESPACE IF NOT EXISTS iceberg.aggr_warehouse
[2024-12-14T10:50:04.754+0000] {hive.py:475} INFO - DROP TABLE IF EXISTS iceberg.aggr_warehouse.instruction_aggregate
[2024-12-14T10:50:04.901+0000] {hive.py:475} INFO - 
    CREATE OR REPLACE TABLE iceberg.aggr_warehouse.instruction_aggregate
    USING parquet
    AS
    SELECT
        inf.instruction_id,
        c.course_id,
        c.course_name,
        ps.program_id,
        ps.semester_name,
        inf.num_student AS num_students,
        inf.avg_final_score
    FROM
        iceberg.warehouse.instruction_fact inf
    JOIN iceberg.warehouse.course c ON inf.course_id = c.course_id
    JOIN iceberg.warehouse.program_semester ps ON inf.program_semester_id = ps.program_semester_id
    WHERE 
        inf.instruction_status = 'completed';
    
[2024-12-14T10:50:08.123+0000] {__init__.py:412} INFO - DELETE /user/hive/warehouse/aggr_warehouse.db/instruction_aggregate_parquet recursive=True user.name=default namenode:9870
[2024-12-14T10:50:08.159+0000] {hive.py:475} INFO - 
        DROP TABLE IF EXISTS spark_catalog.aggr_warehouse.instruction_aggregate_parquet
    
[2024-12-14T10:50:08.665+0000] {hive.py:475} INFO - 
        CREATE TABLE spark_catalog.aggr_warehouse.instruction_aggregate_parquet
        USING parquet
        AS
        SELECT * FROM iceberg.aggr_warehouse.instruction_aggregate
    
[2024-12-14T10:50:10.858+0000] {python.py:237} INFO - Done. Returned value was: None
[2024-12-14T10:50:10.859+0000] {taskinstance.py:441} INFO - ::group::Post task execution logs
[2024-12-14T10:50:10.879+0000] {taskinstance.py:1206} INFO - Marking task as SUCCESS. dag_id=etl_dimention_data, task_id=aggregate_warehouse.aggregate_instruction_aggregate, run_id=manual__2024-12-14T10:49:34.305778+00:00, execution_date=20241214T104934, start_date=20241214T105003, end_date=20241214T105010
[2024-12-14T10:50:10.985+0000] {local_task_job_runner.py:240} INFO - Task exited with return code 0
[2024-12-14T10:50:11.041+0000] {taskinstance.py:3498} INFO - 0 downstream tasks scheduled from follow-on schedule check
[2024-12-14T10:50:11.043+0000] {local_task_job_runner.py:222} INFO - ::endgroup::
