[2024-12-17T04:04:35.442+0000] {local_task_job_runner.py:120} INFO - ::group::Pre task execution logs
[2024-12-17T04:04:35.836+0000] {taskinstance.py:2076} INFO - Dependencies all met for dep_context=non-requeueable deps ti=<TaskInstance: migration_fit_data.get_raw_data.extract_raw_score_fact manual__2024-12-17T04:04:13.440119+00:00 [queued]>
[2024-12-17T04:04:36.035+0000] {taskinstance.py:2076} INFO - Dependencies all met for dep_context=requeueable deps ti=<TaskInstance: migration_fit_data.get_raw_data.extract_raw_score_fact manual__2024-12-17T04:04:13.440119+00:00 [queued]>
[2024-12-17T04:04:36.035+0000] {taskinstance.py:2306} INFO - Starting attempt 1 of 1
[2024-12-17T04:04:36.181+0000] {taskinstance.py:2330} INFO - Executing <Task(PythonOperator): get_raw_data.extract_raw_score_fact> on 2024-12-17 04:04:13.440119+00:00
[2024-12-17T04:04:36.352+0000] {warnings.py:110} WARNING - /home/***/.local/lib/python3.12/site-packages/***/task/task_runner/standard_task_runner.py:61: DeprecationWarning: This process (pid=36641) is multi-threaded, use of fork() may lead to deadlocks in the child.
  pid = os.fork()

[2024-12-17T04:04:36.419+0000] {standard_task_runner.py:63} INFO - Started process 36670 to run task
[2024-12-17T04:04:36.410+0000] {standard_task_runner.py:90} INFO - Running: ['***', 'tasks', 'run', 'migration_fit_data', 'get_raw_data.extract_raw_score_fact', 'manual__2024-12-17T04:04:13.440119+00:00', '--job-id', '743', '--raw', '--subdir', 'DAGS_FOLDER/elt_migrate.py', '--cfg-path', '/tmp/tmp67lfkoc_']
[2024-12-17T04:04:36.475+0000] {standard_task_runner.py:91} INFO - Job 743: Subtask get_raw_data.extract_raw_score_fact
[2024-12-17T04:04:37.171+0000] {task_command.py:426} INFO - Running <TaskInstance: migration_fit_data.get_raw_data.extract_raw_score_fact manual__2024-12-17T04:04:13.440119+00:00 [running]> on host 2f4e9c743994
[2024-12-17T04:04:38.684+0000] {taskinstance.py:2648} INFO - Exporting env vars: AIRFLOW_CTX_DAG_OWNER='***' AIRFLOW_CTX_DAG_ID='migration_fit_data' AIRFLOW_CTX_TASK_ID='get_raw_data.extract_raw_score_fact' AIRFLOW_CTX_EXECUTION_DATE='2024-12-17T04:04:13.440119+00:00' AIRFLOW_CTX_TRY_NUMBER='1' AIRFLOW_CTX_DAG_RUN_ID='manual__2024-12-17T04:04:13.440119+00:00'
[2024-12-17T04:04:38.691+0000] {taskinstance.py:430} INFO - ::endgroup::
[2024-12-17T04:04:41.873+0000] {__init__.py:412} INFO - DELETE /fit_warehouse/raw/score_fact/ recursive=True user.name=default namenode:9870
[2024-12-17T04:04:41.960+0000] {__init__.py:412} INFO - GETFILESTATUS /fit_warehouse/raw/score_fact/ user.name=default namenode:9870
[2024-12-17T04:04:41.988+0000] {__init__.py:412} INFO - MKDIRS /fit_warehouse/raw/score_fact/ user.name=default namenode:9870
[2024-12-17T04:04:42.030+0000] {__init__.py:412} INFO - CREATE /fit_warehouse/raw/score_fact/score_fact_01.snappy.parquet overwrite=True async_=True user.name=default namenode:9870
[2024-12-17T04:04:42.209+0000] {python.py:237} INFO - Done. Returned value was: None
[2024-12-17T04:04:42.212+0000] {taskinstance.py:441} INFO - ::group::Post task execution logs
[2024-12-17T04:04:42.243+0000] {taskinstance.py:1206} INFO - Marking task as SUCCESS. dag_id=migration_fit_data, task_id=get_raw_data.extract_raw_score_fact, run_id=manual__2024-12-17T04:04:13.440119+00:00, execution_date=20241217T040413, start_date=20241217T040435, end_date=20241217T040442
[2024-12-17T04:04:42.389+0000] {local_task_job_runner.py:240} INFO - Task exited with return code 0
[2024-12-17T04:04:42.943+0000] {taskinstance.py:3498} INFO - 0 downstream tasks scheduled from follow-on schedule check
[2024-12-17T04:04:42.948+0000] {local_task_job_runner.py:222} INFO - ::endgroup::
