[2024-12-17T05:32:34.307+0000] {local_task_job_runner.py:120} INFO - ::group::Pre task execution logs
[2024-12-17T05:32:35.036+0000] {taskinstance.py:2076} INFO - Dependencies all met for dep_context=non-requeueable deps ti=<TaskInstance: migration_fit_data.insert_warehouse.insert_dwh_score_detail manual__2024-12-17T05:30:38.897078+00:00 [queued]>
[2024-12-17T05:32:35.322+0000] {taskinstance.py:2076} INFO - Dependencies all met for dep_context=requeueable deps ti=<TaskInstance: migration_fit_data.insert_warehouse.insert_dwh_score_detail manual__2024-12-17T05:30:38.897078+00:00 [queued]>
[2024-12-17T05:32:35.323+0000] {taskinstance.py:2306} INFO - Starting attempt 1 of 1
[2024-12-17T05:32:35.832+0000] {taskinstance.py:2330} INFO - Executing <Task(PythonOperator): insert_warehouse.insert_dwh_score_detail> on 2024-12-17 05:30:38.897078+00:00
[2024-12-17T05:32:36.239+0000] {standard_task_runner.py:90} INFO - Running: ['***', 'tasks', 'run', 'migration_fit_data', 'insert_warehouse.insert_dwh_score_detail', 'manual__2024-12-17T05:30:38.897078+00:00', '--job-id', '943', '--raw', '--subdir', 'DAGS_FOLDER/elt_migrate.py', '--cfg-path', '/tmp/tmph1zhpza3']
[2024-12-17T05:32:36.278+0000] {standard_task_runner.py:91} INFO - Job 943: Subtask insert_warehouse.insert_dwh_score_detail
[2024-12-17T05:32:36.268+0000] {warnings.py:110} WARNING - /home/***/.local/lib/python3.12/site-packages/***/task/task_runner/standard_task_runner.py:61: DeprecationWarning: This process (pid=38354) is multi-threaded, use of fork() may lead to deadlocks in the child.
  pid = os.fork()

[2024-12-17T05:32:36.309+0000] {standard_task_runner.py:63} INFO - Started process 38392 to run task
[2024-12-17T05:32:37.266+0000] {task_command.py:426} INFO - Running <TaskInstance: migration_fit_data.insert_warehouse.insert_dwh_score_detail manual__2024-12-17T05:30:38.897078+00:00 [running]> on host 2f4e9c743994
[2024-12-17T05:32:38.783+0000] {taskinstance.py:2648} INFO - Exporting env vars: AIRFLOW_CTX_DAG_OWNER='***' AIRFLOW_CTX_DAG_ID='migration_fit_data' AIRFLOW_CTX_TASK_ID='insert_warehouse.insert_dwh_score_detail' AIRFLOW_CTX_EXECUTION_DATE='2024-12-17T05:30:38.897078+00:00' AIRFLOW_CTX_TRY_NUMBER='1' AIRFLOW_CTX_DAG_RUN_ID='manual__2024-12-17T05:30:38.897078+00:00'
[2024-12-17T05:32:38.794+0000] {taskinstance.py:430} INFO - ::endgroup::
[2024-12-17T05:32:38.894+0000] {hive.py:475} INFO - USE `default`
[2024-12-17T05:32:39.132+0000] {hive.py:475} INFO - SELECT COUNT(*) FROM default.score_detail
[2024-12-17T05:32:41.185+0000] {logging_mixin.py:188} INFO - SELECT COUNT(*) FROM default.score_detail --- 20754
[2024-12-17T05:32:41.193+0000] {hive.py:475} INFO - 
            MERGE INTO iceberg.warehouse.score_detail t
            USING default.score_detail s
            ON t.score_detail_id=s.score_detail_id
            WHEN MATCHED 
                THEN UPDATE SET 
                t.score_detail_id=s.score_detail_id,t.score_id=s.score_id,t.regular_score_1=s.regular_score_1,t.regular_score_2=s.regular_score_2,t.regular_score_3=s.regular_score_3,t.mid_term_score=s.mid_term_score,t.final_term_score=s.final_term_score,t.practice_score_1=s.practice_score_1,t.practice_score_2=s.practice_score_2,t.practice_score_3=s.practice_score_3,t.last_modified_date=s.last_modified_date
            WHEN NOT MATCHED 
                THEN INSERT *
        
[2024-12-17T05:32:53.373+0000] {python.py:237} INFO - Done. Returned value was: None
[2024-12-17T05:32:53.379+0000] {taskinstance.py:441} INFO - ::group::Post task execution logs
[2024-12-17T05:32:53.402+0000] {taskinstance.py:1206} INFO - Marking task as SUCCESS. dag_id=migration_fit_data, task_id=insert_warehouse.insert_dwh_score_detail, run_id=manual__2024-12-17T05:30:38.897078+00:00, execution_date=20241217T053038, start_date=20241217T053235, end_date=20241217T053253
[2024-12-17T05:32:53.540+0000] {local_task_job_runner.py:240} INFO - Task exited with return code 0
[2024-12-17T05:32:53.728+0000] {taskinstance.py:3498} INFO - 0 downstream tasks scheduled from follow-on schedule check
[2024-12-17T05:32:53.731+0000] {local_task_job_runner.py:222} INFO - ::endgroup::
