[2024-12-16T15:43:41.442+0000] {local_task_job_runner.py:120} INFO - ::group::Pre task execution logs
[2024-12-16T15:43:41.506+0000] {taskinstance.py:2076} INFO - Dependencies all met for dep_context=non-requeueable deps ti=<TaskInstance: migration_fit_data.create_dwh_table.recreate_dwh_program manual__2024-12-16T15:42:13.474492+00:00 [queued]>
[2024-12-16T15:43:41.518+0000] {taskinstance.py:2076} INFO - Dependencies all met for dep_context=requeueable deps ti=<TaskInstance: migration_fit_data.create_dwh_table.recreate_dwh_program manual__2024-12-16T15:42:13.474492+00:00 [queued]>
[2024-12-16T15:43:41.518+0000] {taskinstance.py:2306} INFO - Starting attempt 1 of 1
[2024-12-16T15:43:41.537+0000] {taskinstance.py:2330} INFO - Executing <Task(PythonOperator): create_dwh_table.recreate_dwh_program> on 2024-12-16 15:42:13.474492+00:00
[2024-12-16T15:43:41.553+0000] {warnings.py:110} WARNING - /home/***/.local/lib/python3.12/site-packages/***/task/task_runner/standard_task_runner.py:61: DeprecationWarning: This process (pid=27371) is multi-threaded, use of fork() may lead to deadlocks in the child.
  pid = os.fork()

[2024-12-16T15:43:41.561+0000] {standard_task_runner.py:63} INFO - Started process 27387 to run task
[2024-12-16T15:43:41.574+0000] {standard_task_runner.py:90} INFO - Running: ['***', 'tasks', 'run', 'migration_fit_data', 'create_dwh_table.recreate_dwh_program', 'manual__2024-12-16T15:42:13.474492+00:00', '--job-id', '685', '--raw', '--subdir', 'DAGS_FOLDER/elt_migrate.py', '--cfg-path', '/tmp/tmpgyslqli6']
[2024-12-16T15:43:41.602+0000] {standard_task_runner.py:91} INFO - Job 685: Subtask create_dwh_table.recreate_dwh_program
[2024-12-16T15:43:41.865+0000] {task_command.py:426} INFO - Running <TaskInstance: migration_fit_data.create_dwh_table.recreate_dwh_program manual__2024-12-16T15:42:13.474492+00:00 [running]> on host 2f4e9c743994
[2024-12-16T15:43:42.231+0000] {taskinstance.py:2648} INFO - Exporting env vars: AIRFLOW_CTX_DAG_OWNER='***' AIRFLOW_CTX_DAG_ID='migration_fit_data' AIRFLOW_CTX_TASK_ID='create_dwh_table.recreate_dwh_program' AIRFLOW_CTX_EXECUTION_DATE='2024-12-16T15:42:13.474492+00:00' AIRFLOW_CTX_TRY_NUMBER='1' AIRFLOW_CTX_DAG_RUN_ID='manual__2024-12-16T15:42:13.474492+00:00'
[2024-12-16T15:43:42.235+0000] {taskinstance.py:430} INFO - ::endgroup::
[2024-12-16T15:43:42.289+0000] {hive.py:475} INFO - USE `default`
[2024-12-16T15:43:42.445+0000] {hive.py:475} INFO - DROP TABLE IF EXISTS iceberg.warehouse.program
[2024-12-16T15:43:42.888+0000] {hive.py:475} INFO - CREATE DATABASE IF NOT EXISTS warehouse
[2024-12-16T15:43:43.032+0000] {hive.py:475} INFO - 
        CREATE TABLE IF NOT EXISTS iceberg.warehouse.program (
            program_id STRING,class_of STRING   
        )
        USING iceberg
        LOCATION '/fit_warehouse/warehouse/program/*.snappy.parquet'
    
[2024-12-16T15:43:43.543+0000] {python.py:237} INFO - Done. Returned value was: None
[2024-12-16T15:43:43.543+0000] {taskinstance.py:441} INFO - ::group::Post task execution logs
[2024-12-16T15:43:43.658+0000] {taskinstance.py:1206} INFO - Marking task as SUCCESS. dag_id=migration_fit_data, task_id=create_dwh_table.recreate_dwh_program, run_id=manual__2024-12-16T15:42:13.474492+00:00, execution_date=20241216T154213, start_date=20241216T154341, end_date=20241216T154343
[2024-12-16T15:43:43.919+0000] {local_task_job_runner.py:240} INFO - Task exited with return code 0
[2024-12-16T15:43:44.687+0000] {taskinstance.py:3498} INFO - 0 downstream tasks scheduled from follow-on schedule check
[2024-12-16T15:43:44.717+0000] {local_task_job_runner.py:222} INFO - ::endgroup::
