[2024-12-19T04:31:57.136+0000] {local_task_job_runner.py:120} INFO - ::group::Pre task execution logs
[2024-12-19T04:31:57.159+0000] {taskinstance.py:2076} INFO - Dependencies all met for dep_context=non-requeueable deps ti=<TaskInstance: ELT_instruction_fact_data.get_raw_data.extract_raw_instruction_fact manual__2024-12-19T04:31:53.404189+00:00 [queued]>
[2024-12-19T04:31:57.166+0000] {taskinstance.py:2076} INFO - Dependencies all met for dep_context=requeueable deps ti=<TaskInstance: ELT_instruction_fact_data.get_raw_data.extract_raw_instruction_fact manual__2024-12-19T04:31:53.404189+00:00 [queued]>
[2024-12-19T04:31:57.167+0000] {taskinstance.py:2306} INFO - Starting attempt 1 of 1
[2024-12-19T04:31:57.178+0000] {taskinstance.py:2330} INFO - Executing <Task(PythonOperator): get_raw_data.extract_raw_instruction_fact> on 2024-12-19 04:31:53.404189+00:00
[2024-12-19T04:31:57.187+0000] {warnings.py:110} WARNING - /home/***/.local/lib/python3.12/site-packages/***/task/task_runner/standard_task_runner.py:61: DeprecationWarning: This process (pid=8746) is multi-threaded, use of fork() may lead to deadlocks in the child.
  pid = os.fork()

[2024-12-19T04:31:57.188+0000] {standard_task_runner.py:63} INFO - Started process 8750 to run task
[2024-12-19T04:31:57.190+0000] {standard_task_runner.py:90} INFO - Running: ['***', 'tasks', 'run', 'ELT_instruction_fact_data', 'get_raw_data.extract_raw_instruction_fact', 'manual__2024-12-19T04:31:53.404189+00:00', '--job-id', '1281', '--raw', '--subdir', 'DAGS_FOLDER/elt_instruction_fact.py', '--cfg-path', '/tmp/tmpg3bjekwn']
[2024-12-19T04:31:57.194+0000] {standard_task_runner.py:91} INFO - Job 1281: Subtask get_raw_data.extract_raw_instruction_fact
[2024-12-19T04:31:57.246+0000] {task_command.py:426} INFO - Running <TaskInstance: ELT_instruction_fact_data.get_raw_data.extract_raw_instruction_fact manual__2024-12-19T04:31:53.404189+00:00 [running]> on host 33a17f71e955
[2024-12-19T04:31:57.339+0000] {taskinstance.py:2648} INFO - Exporting env vars: AIRFLOW_CTX_DAG_OWNER='***' AIRFLOW_CTX_DAG_ID='ELT_instruction_fact_data' AIRFLOW_CTX_TASK_ID='get_raw_data.extract_raw_instruction_fact' AIRFLOW_CTX_EXECUTION_DATE='2024-12-19T04:31:53.404189+00:00' AIRFLOW_CTX_TRY_NUMBER='1' AIRFLOW_CTX_DAG_RUN_ID='manual__2024-12-19T04:31:53.404189+00:00'
[2024-12-19T04:31:57.344+0000] {taskinstance.py:430} INFO - ::endgroup::
[2024-12-19T04:31:58.053+0000] {__init__.py:412} INFO - DELETE /fit_warehouse/raw/instruction_fact/ recursive=True user.name=default namenode:9870
[2024-12-19T04:31:58.081+0000] {__init__.py:412} INFO - GETFILESTATUS /fit_warehouse/raw/instruction_fact/ user.name=default namenode:9870
[2024-12-19T04:31:58.096+0000] {__init__.py:412} INFO - MKDIRS /fit_warehouse/raw/instruction_fact/ user.name=default namenode:9870
[2024-12-19T04:31:58.110+0000] {__init__.py:412} INFO - CREATE /fit_warehouse/raw/instruction_fact/instruction_fact_01.snappy.parquet overwrite=True async_=True user.name=default namenode:9870
[2024-12-19T04:31:58.243+0000] {python.py:237} INFO - Done. Returned value was: None
[2024-12-19T04:31:58.245+0000] {taskinstance.py:441} INFO - ::group::Post task execution logs
[2024-12-19T04:31:58.281+0000] {taskinstance.py:1206} INFO - Marking task as SUCCESS. dag_id=ELT_instruction_fact_data, task_id=get_raw_data.extract_raw_instruction_fact, run_id=manual__2024-12-19T04:31:53.404189+00:00, execution_date=20241219T043153, start_date=20241219T043157, end_date=20241219T043158
[2024-12-19T04:31:58.369+0000] {local_task_job_runner.py:240} INFO - Task exited with return code 0
[2024-12-19T04:31:58.453+0000] {taskinstance.py:3498} INFO - 2 downstream tasks scheduled from follow-on schedule check
[2024-12-19T04:31:58.456+0000] {local_task_job_runner.py:222} INFO - ::endgroup::
