[2024-12-17T04:22:10.335+0000] {local_task_job_runner.py:120} INFO - ::group::Pre task execution logs
[2024-12-17T04:22:10.740+0000] {taskinstance.py:2076} INFO - Dependencies all met for dep_context=non-requeueable deps ti=<TaskInstance: migration_fit_data.load_staging.create_staging_program manual__2024-12-17T04:21:03.915875+00:00 [queued]>
[2024-12-17T04:22:10.752+0000] {taskinstance.py:2076} INFO - Dependencies all met for dep_context=requeueable deps ti=<TaskInstance: migration_fit_data.load_staging.create_staging_program manual__2024-12-17T04:21:03.915875+00:00 [queued]>
[2024-12-17T04:22:10.752+0000] {taskinstance.py:2306} INFO - Starting attempt 1 of 1
[2024-12-17T04:22:10.774+0000] {taskinstance.py:2330} INFO - Executing <Task(PythonOperator): load_staging.create_staging_program> on 2024-12-17 04:21:03.915875+00:00
[2024-12-17T04:22:10.792+0000] {warnings.py:110} WARNING - /home/***/.local/lib/python3.12/site-packages/***/task/task_runner/standard_task_runner.py:61: DeprecationWarning: This process (pid=37150) is multi-threaded, use of fork() may lead to deadlocks in the child.
  pid = os.fork()

[2024-12-17T04:22:10.798+0000] {standard_task_runner.py:63} INFO - Started process 37186 to run task
[2024-12-17T04:22:10.797+0000] {standard_task_runner.py:90} INFO - Running: ['***', 'tasks', 'run', 'migration_fit_data', 'load_staging.create_staging_program', 'manual__2024-12-17T04:21:03.915875+00:00', '--job-id', '832', '--raw', '--subdir', 'DAGS_FOLDER/elt_migrate.py', '--cfg-path', '/tmp/tmpvvbzhuo_']
[2024-12-17T04:22:10.807+0000] {standard_task_runner.py:91} INFO - Job 832: Subtask load_staging.create_staging_program
[2024-12-17T04:22:11.678+0000] {task_command.py:426} INFO - Running <TaskInstance: migration_fit_data.load_staging.create_staging_program manual__2024-12-17T04:21:03.915875+00:00 [running]> on host 2f4e9c743994
[2024-12-17T04:22:13.547+0000] {taskinstance.py:2648} INFO - Exporting env vars: AIRFLOW_CTX_DAG_OWNER='***' AIRFLOW_CTX_DAG_ID='migration_fit_data' AIRFLOW_CTX_TASK_ID='load_staging.create_staging_program' AIRFLOW_CTX_EXECUTION_DATE='2024-12-17T04:21:03.915875+00:00' AIRFLOW_CTX_TRY_NUMBER='1' AIRFLOW_CTX_DAG_RUN_ID='manual__2024-12-17T04:21:03.915875+00:00'
[2024-12-17T04:22:13.583+0000] {taskinstance.py:430} INFO - ::endgroup::
[2024-12-17T04:22:13.837+0000] {hive.py:475} INFO - USE `default`
[2024-12-17T04:22:14.065+0000] {hive.py:475} INFO - DROP TABLE IF EXISTS default.program
[2024-12-17T04:22:15.606+0000] {hive.py:475} INFO - 
        CREATE TABLE IF NOT EXISTS default.program (
            program_id STRING,class_of STRING   
        )   
        STORED AS PARQUET
        LOCATION '/fit_warehouse/raw/program/*.snappy.parquet'
    
[2024-12-17T04:22:17.045+0000] {hive.py:475} INFO - ANALYZE TABLE default.program COMPUTE STATISTICS
[2024-12-17T04:22:21.779+0000] {python.py:237} INFO - Done. Returned value was: None
[2024-12-17T04:22:21.780+0000] {taskinstance.py:441} INFO - ::group::Post task execution logs
[2024-12-17T04:22:21.805+0000] {taskinstance.py:1206} INFO - Marking task as SUCCESS. dag_id=migration_fit_data, task_id=load_staging.create_staging_program, run_id=manual__2024-12-17T04:21:03.915875+00:00, execution_date=20241217T042103, start_date=20241217T042210, end_date=20241217T042221
[2024-12-17T04:22:22.680+0000] {local_task_job_runner.py:240} INFO - Task exited with return code 0
[2024-12-17T04:22:23.012+0000] {taskinstance.py:3498} INFO - 0 downstream tasks scheduled from follow-on schedule check
[2024-12-17T04:22:23.018+0000] {local_task_job_runner.py:222} INFO - ::endgroup::
