[2024-12-13T18:58:49.727+0000] {local_task_job_runner.py:120} INFO - ::group::Pre task execution logs
[2024-12-13T18:58:49.800+0000] {taskinstance.py:2076} INFO - Dependencies all met for dep_context=non-requeueable deps ti=<TaskInstance: migration_fit_data.create_dwh_table.recreate_dwh_student manual__2024-12-13T18:58:16.459174+00:00 [queued]>
[2024-12-13T18:58:49.845+0000] {taskinstance.py:2076} INFO - Dependencies all met for dep_context=requeueable deps ti=<TaskInstance: migration_fit_data.create_dwh_table.recreate_dwh_student manual__2024-12-13T18:58:16.459174+00:00 [queued]>
[2024-12-13T18:58:49.846+0000] {taskinstance.py:2306} INFO - Starting attempt 1 of 1
[2024-12-13T18:58:49.935+0000] {taskinstance.py:2330} INFO - Executing <Task(PythonOperator): create_dwh_table.recreate_dwh_student> on 2024-12-13 18:58:16.459174+00:00
[2024-12-13T18:58:49.996+0000] {warnings.py:110} WARNING - /home/***/.local/lib/python3.12/site-packages/***/task/task_runner/standard_task_runner.py:61: DeprecationWarning: This process (pid=4208) is multi-threaded, use of fork() may lead to deadlocks in the child.
  pid = os.fork()

[2024-12-13T18:58:50.011+0000] {standard_task_runner.py:63} INFO - Started process 4235 to run task
[2024-12-13T18:58:49.999+0000] {standard_task_runner.py:90} INFO - Running: ['***', 'tasks', 'run', 'migration_fit_data', 'create_dwh_table.recreate_dwh_student', 'manual__2024-12-13T18:58:16.459174+00:00', '--job-id', '503', '--raw', '--subdir', 'DAGS_FOLDER/elt_migrate.py', '--cfg-path', '/tmp/tmpsnmgsery']
[2024-12-13T18:58:50.012+0000] {standard_task_runner.py:91} INFO - Job 503: Subtask create_dwh_table.recreate_dwh_student
[2024-12-13T18:58:50.205+0000] {task_command.py:426} INFO - Running <TaskInstance: migration_fit_data.create_dwh_table.recreate_dwh_student manual__2024-12-13T18:58:16.459174+00:00 [running]> on host 1fe973f28a1c
[2024-12-13T18:58:50.393+0000] {taskinstance.py:2648} INFO - Exporting env vars: AIRFLOW_CTX_DAG_OWNER='***' AIRFLOW_CTX_DAG_ID='migration_fit_data' AIRFLOW_CTX_TASK_ID='create_dwh_table.recreate_dwh_student' AIRFLOW_CTX_EXECUTION_DATE='2024-12-13T18:58:16.459174+00:00' AIRFLOW_CTX_TRY_NUMBER='1' AIRFLOW_CTX_DAG_RUN_ID='manual__2024-12-13T18:58:16.459174+00:00'
[2024-12-13T18:58:50.397+0000] {taskinstance.py:430} INFO - ::endgroup::
[2024-12-13T18:58:50.420+0000] {hive.py:475} INFO - USE `default`
[2024-12-13T18:58:50.458+0000] {hive.py:475} INFO - DROP TABLE IF EXISTS iceberg.warehouse.student
[2024-12-13T18:58:50.514+0000] {hive.py:475} INFO - CREATE DATABASE IF NOT EXISTS warehouse
[2024-12-13T18:58:50.528+0000] {hive.py:475} INFO - 
        CREATE TABLE IF NOT EXISTS iceberg.warehouse.student (
            student_id STRING,student_name STRING,class_name STRING,edu_mail STRING,address_id BIGINT,national_id BIGINT,key_year STRING,gender STRING,student_dob TIMESTAMP   
        )
        USING iceberg
        LOCATION '/fit_warehouse/warehouse/student/*.snappy.parquet'
    
[2024-12-13T18:58:50.665+0000] {python.py:237} INFO - Done. Returned value was: None
[2024-12-13T18:58:50.666+0000] {taskinstance.py:441} INFO - ::group::Post task execution logs
[2024-12-13T18:58:50.709+0000] {taskinstance.py:1206} INFO - Marking task as SUCCESS. dag_id=migration_fit_data, task_id=create_dwh_table.recreate_dwh_student, run_id=manual__2024-12-13T18:58:16.459174+00:00, execution_date=20241213T185816, start_date=20241213T185849, end_date=20241213T185850
[2024-12-13T18:58:50.889+0000] {local_task_job_runner.py:240} INFO - Task exited with return code 0
[2024-12-13T18:58:51.247+0000] {taskinstance.py:3498} INFO - 0 downstream tasks scheduled from follow-on schedule check
[2024-12-13T18:58:51.253+0000] {local_task_job_runner.py:222} INFO - ::endgroup::
