[2024-12-15T08:23:25.693+0000] {local_task_job_runner.py:120} INFO - ::group::Pre task execution logs
[2024-12-15T08:23:25.977+0000] {taskinstance.py:2076} INFO - Dependencies all met for dep_context=non-requeueable deps ti=<TaskInstance: etl_data.insert_data.rename_directories manual__2024-12-15T08:22:56.784468+00:00 [queued]>
[2024-12-15T08:23:25.987+0000] {taskinstance.py:2076} INFO - Dependencies all met for dep_context=requeueable deps ti=<TaskInstance: etl_data.insert_data.rename_directories manual__2024-12-15T08:22:56.784468+00:00 [queued]>
[2024-12-15T08:23:25.987+0000] {taskinstance.py:2306} INFO - Starting attempt 1 of 1
[2024-12-15T08:23:26.005+0000] {taskinstance.py:2330} INFO - Executing <Task(PythonOperator): insert_data.rename_directories> on 2024-12-15 08:22:56.784468+00:00
[2024-12-15T08:23:26.014+0000] {warnings.py:110} WARNING - /home/***/.local/lib/python3.12/site-packages/***/task/task_runner/standard_task_runner.py:61: DeprecationWarning: This process (pid=3509) is multi-threaded, use of fork() may lead to deadlocks in the child.
  pid = os.fork()

[2024-12-15T08:23:26.015+0000] {standard_task_runner.py:63} INFO - Started process 3511 to run task
[2024-12-15T08:23:26.018+0000] {standard_task_runner.py:90} INFO - Running: ['***', 'tasks', 'run', 'etl_data', 'insert_data.rename_directories', 'manual__2024-12-15T08:22:56.784468+00:00', '--job-id', '516', '--raw', '--subdir', 'DAGS_FOLDER/etl_data.py', '--cfg-path', '/tmp/tmpyayzf9xn']
[2024-12-15T08:23:26.024+0000] {standard_task_runner.py:91} INFO - Job 516: Subtask insert_data.rename_directories
[2024-12-15T08:23:26.072+0000] {task_command.py:426} INFO - Running <TaskInstance: etl_data.insert_data.rename_directories manual__2024-12-15T08:22:56.784468+00:00 [running]> on host 2f4e9c743994
[2024-12-15T08:23:26.162+0000] {taskinstance.py:2648} INFO - Exporting env vars: AIRFLOW_CTX_DAG_OWNER='***' AIRFLOW_CTX_DAG_ID='etl_data' AIRFLOW_CTX_TASK_ID='insert_data.rename_directories' AIRFLOW_CTX_EXECUTION_DATE='2024-12-15T08:22:56.784468+00:00' AIRFLOW_CTX_TRY_NUMBER='1' AIRFLOW_CTX_DAG_RUN_ID='manual__2024-12-15T08:22:56.784468+00:00'
[2024-12-15T08:23:26.165+0000] {taskinstance.py:430} INFO - ::endgroup::
[2024-12-15T08:23:26.168+0000] {logging_mixin.py:188} INFO - Đổi tên thư mục /opt/***/dags/data/K19_current thành /opt/***/dags/data/K19
[2024-12-15T08:23:26.169+0000] {logging_mixin.py:188} INFO - Thư mục tiếp theo /opt/***/dags/data/K20 không tồn tại. Bỏ qua việc đổi tên.
[2024-12-15T08:23:26.169+0000] {python.py:237} INFO - Done. Returned value was: None
[2024-12-15T08:23:26.169+0000] {taskinstance.py:441} INFO - ::group::Post task execution logs
[2024-12-15T08:23:26.179+0000] {taskinstance.py:1206} INFO - Marking task as SUCCESS. dag_id=etl_data, task_id=insert_data.rename_directories, run_id=manual__2024-12-15T08:22:56.784468+00:00, execution_date=20241215T082256, start_date=20241215T082325, end_date=20241215T082326
[2024-12-15T08:23:26.231+0000] {local_task_job_runner.py:240} INFO - Task exited with return code 0
[2024-12-15T08:23:26.256+0000] {taskinstance.py:3498} INFO - 0 downstream tasks scheduled from follow-on schedule check
[2024-12-15T08:23:26.257+0000] {local_task_job_runner.py:222} INFO - ::endgroup::
