[2024-12-16T15:15:40.811+0000] {local_task_job_runner.py:120} INFO - ::group::Pre task execution logs
[2024-12-16T15:15:41.041+0000] {taskinstance.py:2076} INFO - Dependencies all met for dep_context=non-requeueable deps ti=<TaskInstance: migration_fit_data.get_raw_data.extract_raw_enroll_student manual__2024-12-16T15:15:27.291042+00:00 [queued]>
[2024-12-16T15:15:41.139+0000] {taskinstance.py:2076} INFO - Dependencies all met for dep_context=requeueable deps ti=<TaskInstance: migration_fit_data.get_raw_data.extract_raw_enroll_student manual__2024-12-16T15:15:27.291042+00:00 [queued]>
[2024-12-16T15:15:41.140+0000] {taskinstance.py:2306} INFO - Starting attempt 1 of 1
[2024-12-16T15:15:41.277+0000] {taskinstance.py:2330} INFO - Executing <Task(PythonOperator): get_raw_data.extract_raw_enroll_student> on 2024-12-16 15:15:27.291042+00:00
[2024-12-16T15:15:41.407+0000] {standard_task_runner.py:90} INFO - Running: ['***', 'tasks', 'run', 'migration_fit_data', 'get_raw_data.extract_raw_enroll_student', 'manual__2024-12-16T15:15:27.291042+00:00', '--job-id', '588', '--raw', '--subdir', 'DAGS_FOLDER/elt_migrate.py', '--cfg-path', '/tmp/tmp2kxnthwd']
[2024-12-16T15:15:41.412+0000] {standard_task_runner.py:91} INFO - Job 588: Subtask get_raw_data.extract_raw_enroll_student
[2024-12-16T15:15:41.415+0000] {warnings.py:110} WARNING - /home/***/.local/lib/python3.12/site-packages/***/task/task_runner/standard_task_runner.py:61: DeprecationWarning: This process (pid=26706) is multi-threaded, use of fork() may lead to deadlocks in the child.
  pid = os.fork()

[2024-12-16T15:15:41.424+0000] {standard_task_runner.py:63} INFO - Started process 26741 to run task
[2024-12-16T15:15:41.741+0000] {task_command.py:426} INFO - Running <TaskInstance: migration_fit_data.get_raw_data.extract_raw_enroll_student manual__2024-12-16T15:15:27.291042+00:00 [running]> on host 2f4e9c743994
[2024-12-16T15:15:42.511+0000] {taskinstance.py:2648} INFO - Exporting env vars: AIRFLOW_CTX_DAG_OWNER='***' AIRFLOW_CTX_DAG_ID='migration_fit_data' AIRFLOW_CTX_TASK_ID='get_raw_data.extract_raw_enroll_student' AIRFLOW_CTX_EXECUTION_DATE='2024-12-16T15:15:27.291042+00:00' AIRFLOW_CTX_TRY_NUMBER='1' AIRFLOW_CTX_DAG_RUN_ID='manual__2024-12-16T15:15:27.291042+00:00'
[2024-12-16T15:15:42.518+0000] {taskinstance.py:430} INFO - ::endgroup::
[2024-12-16T15:15:45.234+0000] {__init__.py:412} INFO - DELETE /fit_warehouse/raw/enroll_student/ recursive=True user.name=default namenode:9870
[2024-12-16T15:15:47.398+0000] {__init__.py:412} INFO - GETFILESTATUS /fit_warehouse/raw/enroll_student/ user.name=default namenode:9870
[2024-12-16T15:15:47.580+0000] {__init__.py:412} INFO - MKDIRS /fit_warehouse/raw/enroll_student/ user.name=default namenode:9870
[2024-12-16T15:15:47.725+0000] {__init__.py:412} INFO - CREATE /fit_warehouse/raw/enroll_student/enroll_student_01.snappy.parquet overwrite=True async_=True user.name=default namenode:9870
[2024-12-16T15:15:48.138+0000] {python.py:237} INFO - Done. Returned value was: None
[2024-12-16T15:15:48.150+0000] {taskinstance.py:441} INFO - ::group::Post task execution logs
[2024-12-16T15:15:48.234+0000] {taskinstance.py:1206} INFO - Marking task as SUCCESS. dag_id=migration_fit_data, task_id=get_raw_data.extract_raw_enroll_student, run_id=manual__2024-12-16T15:15:27.291042+00:00, execution_date=20241216T151527, start_date=20241216T151541, end_date=20241216T151548
[2024-12-16T15:15:48.488+0000] {local_task_job_runner.py:240} INFO - Task exited with return code 0
[2024-12-16T15:15:48.694+0000] {local_task_job_runner.py:222} INFO - ::endgroup::
