[2024-12-19T04:40:41.010+0000] {local_task_job_runner.py:120} INFO - ::group::Pre task execution logs
[2024-12-19T04:40:41.302+0000] {taskinstance.py:2076} INFO - Dependencies all met for dep_context=non-requeueable deps ti=<TaskInstance: migration_fit_data.insert_warehouse.insert_dwh_score_detail manual__2024-12-19T04:38:13.996676+00:00 [queued]>
[2024-12-19T04:40:41.570+0000] {taskinstance.py:2076} INFO - Dependencies all met for dep_context=requeueable deps ti=<TaskInstance: migration_fit_data.insert_warehouse.insert_dwh_score_detail manual__2024-12-19T04:38:13.996676+00:00 [queued]>
[2024-12-19T04:40:41.571+0000] {taskinstance.py:2306} INFO - Starting attempt 1 of 1
[2024-12-19T04:40:41.914+0000] {taskinstance.py:2330} INFO - Executing <Task(PythonOperator): insert_warehouse.insert_dwh_score_detail> on 2024-12-19 04:38:13.996676+00:00
[2024-12-19T04:40:42.271+0000] {warnings.py:110} WARNING - /home/***/.local/lib/python3.12/site-packages/***/task/task_runner/standard_task_runner.py:61: DeprecationWarning: This process (pid=9100) is multi-threaded, use of fork() may lead to deadlocks in the child.
  pid = os.fork()

[2024-12-19T04:40:42.367+0000] {standard_task_runner.py:63} INFO - Started process 9124 to run task
[2024-12-19T04:40:42.365+0000] {standard_task_runner.py:90} INFO - Running: ['***', 'tasks', 'run', 'migration_fit_data', 'insert_warehouse.insert_dwh_score_detail', 'manual__2024-12-19T04:38:13.996676+00:00', '--job-id', '1359', '--raw', '--subdir', 'DAGS_FOLDER/elt_migrate.py', '--cfg-path', '/tmp/tmp276af6g4']
[2024-12-19T04:40:42.459+0000] {standard_task_runner.py:91} INFO - Job 1359: Subtask insert_warehouse.insert_dwh_score_detail
[2024-12-19T04:40:43.192+0000] {task_command.py:426} INFO - Running <TaskInstance: migration_fit_data.insert_warehouse.insert_dwh_score_detail manual__2024-12-19T04:38:13.996676+00:00 [running]> on host 33a17f71e955
[2024-12-19T04:40:43.873+0000] {taskinstance.py:2648} INFO - Exporting env vars: AIRFLOW_CTX_DAG_OWNER='***' AIRFLOW_CTX_DAG_ID='migration_fit_data' AIRFLOW_CTX_TASK_ID='insert_warehouse.insert_dwh_score_detail' AIRFLOW_CTX_EXECUTION_DATE='2024-12-19T04:38:13.996676+00:00' AIRFLOW_CTX_TRY_NUMBER='1' AIRFLOW_CTX_DAG_RUN_ID='manual__2024-12-19T04:38:13.996676+00:00'
[2024-12-19T04:40:43.907+0000] {taskinstance.py:430} INFO - ::endgroup::
[2024-12-19T04:40:44.116+0000] {hive.py:475} INFO - USE `default`
[2024-12-19T04:40:44.274+0000] {hive.py:475} INFO - SELECT COUNT(*) FROM default.score_detail
[2024-12-19T04:40:45.649+0000] {logging_mixin.py:188} INFO - SELECT COUNT(*) FROM default.score_detail --- 20754
[2024-12-19T04:40:45.689+0000] {hive.py:475} INFO - 
            MERGE INTO iceberg.warehouse.score_detail t
            USING default.score_detail s
            ON t.score_detail_id=s.score_detail_id
            WHEN MATCHED 
                THEN UPDATE SET 
                t.score_detail_id=s.score_detail_id,t.score_id=s.score_id,t.regular_score_1=s.regular_score_1,t.regular_score_2=s.regular_score_2,t.regular_score_3=s.regular_score_3,t.mid_term_score=s.mid_term_score,t.final_term_score=s.final_term_score,t.practice_score_1=s.practice_score_1,t.practice_score_2=s.practice_score_2,t.practice_score_3=s.practice_score_3,t.last_modified_date=s.last_modified_date
            WHEN NOT MATCHED 
                THEN INSERT *
        
[2024-12-19T04:41:07.087+0000] {python.py:237} INFO - Done. Returned value was: None
[2024-12-19T04:41:07.093+0000] {taskinstance.py:441} INFO - ::group::Post task execution logs
[2024-12-19T04:41:07.150+0000] {taskinstance.py:1206} INFO - Marking task as SUCCESS. dag_id=migration_fit_data, task_id=insert_warehouse.insert_dwh_score_detail, run_id=manual__2024-12-19T04:38:13.996676+00:00, execution_date=20241219T043813, start_date=20241219T044041, end_date=20241219T044107
[2024-12-19T04:41:07.265+0000] {local_task_job_runner.py:240} INFO - Task exited with return code 0
[2024-12-19T04:41:07.478+0000] {taskinstance.py:3498} INFO - 0 downstream tasks scheduled from follow-on schedule check
[2024-12-19T04:41:07.494+0000] {local_task_job_runner.py:222} INFO - ::endgroup::
