[2024-12-13T18:54:16.429+0000] {local_task_job_runner.py:120} INFO - ::group::Pre task execution logs
[2024-12-13T18:54:16.586+0000] {taskinstance.py:2076} INFO - Dependencies all met for dep_context=non-requeueable deps ti=<TaskInstance: migration_fit_data.load_staging.create_staging_student manual__2024-12-13T18:53:58.538563+00:00 [queued]>
[2024-12-13T18:54:16.675+0000] {taskinstance.py:2076} INFO - Dependencies all met for dep_context=requeueable deps ti=<TaskInstance: migration_fit_data.load_staging.create_staging_student manual__2024-12-13T18:53:58.538563+00:00 [queued]>
[2024-12-13T18:54:16.676+0000] {taskinstance.py:2306} INFO - Starting attempt 1 of 1
[2024-12-13T18:54:16.745+0000] {taskinstance.py:2330} INFO - Executing <Task(PythonOperator): load_staging.create_staging_student> on 2024-12-13 18:53:58.538563+00:00
[2024-12-13T18:54:16.815+0000] {warnings.py:110} WARNING - /home/***/.local/lib/python3.12/site-packages/***/task/task_runner/standard_task_runner.py:61: DeprecationWarning: This process (pid=3926) is multi-threaded, use of fork() may lead to deadlocks in the child.
  pid = os.fork()

[2024-12-13T18:54:16.834+0000] {standard_task_runner.py:63} INFO - Started process 3950 to run task
[2024-12-13T18:54:16.862+0000] {standard_task_runner.py:90} INFO - Running: ['***', 'tasks', 'run', 'migration_fit_data', 'load_staging.create_staging_student', 'manual__2024-12-13T18:53:58.538563+00:00', '--job-id', '428', '--raw', '--subdir', 'DAGS_FOLDER/elt_migrate.py', '--cfg-path', '/tmp/tmpbmq0nkd3']
[2024-12-13T18:54:16.893+0000] {standard_task_runner.py:91} INFO - Job 428: Subtask load_staging.create_staging_student
[2024-12-13T18:54:17.221+0000] {task_command.py:426} INFO - Running <TaskInstance: migration_fit_data.load_staging.create_staging_student manual__2024-12-13T18:53:58.538563+00:00 [running]> on host 1fe973f28a1c
[2024-12-13T18:54:18.028+0000] {taskinstance.py:2648} INFO - Exporting env vars: AIRFLOW_CTX_DAG_OWNER='***' AIRFLOW_CTX_DAG_ID='migration_fit_data' AIRFLOW_CTX_TASK_ID='load_staging.create_staging_student' AIRFLOW_CTX_EXECUTION_DATE='2024-12-13T18:53:58.538563+00:00' AIRFLOW_CTX_TRY_NUMBER='1' AIRFLOW_CTX_DAG_RUN_ID='manual__2024-12-13T18:53:58.538563+00:00'
[2024-12-13T18:54:18.030+0000] {taskinstance.py:430} INFO - ::endgroup::
[2024-12-13T18:54:18.121+0000] {hive.py:475} INFO - USE `default`
[2024-12-13T18:54:18.151+0000] {hive.py:475} INFO - DROP TABLE IF EXISTS default.student
[2024-12-13T18:54:18.226+0000] {hive.py:475} INFO - 
        CREATE TABLE IF NOT EXISTS default.student (
            student_id STRING,student_name STRING,class_name STRING,edu_mail STRING,address_id BIGINT,national_id BIGINT,key_year STRING,gender STRING,student_dob TIMESTAMP   
        )   
        STORED AS PARQUET
        LOCATION '/fit_warehouse/raw/student/*.snappy.parquet'
    
[2024-12-13T18:54:18.284+0000] {hive.py:475} INFO - ANALYZE TABLE default.student COMPUTE STATISTICS
[2024-12-13T18:54:18.642+0000] {python.py:237} INFO - Done. Returned value was: None
[2024-12-13T18:54:18.643+0000] {taskinstance.py:441} INFO - ::group::Post task execution logs
[2024-12-13T18:54:18.706+0000] {taskinstance.py:1206} INFO - Marking task as SUCCESS. dag_id=migration_fit_data, task_id=load_staging.create_staging_student, run_id=manual__2024-12-13T18:53:58.538563+00:00, execution_date=20241213T185358, start_date=20241213T185416, end_date=20241213T185418
[2024-12-13T18:54:18.935+0000] {local_task_job_runner.py:240} INFO - Task exited with return code 0
[2024-12-13T18:54:19.539+0000] {taskinstance.py:3498} INFO - 0 downstream tasks scheduled from follow-on schedule check
[2024-12-13T18:54:19.561+0000] {local_task_job_runner.py:222} INFO - ::endgroup::
