[2024-12-13T18:59:00.821+0000] {local_task_job_runner.py:120} INFO - ::group::Pre task execution logs
[2024-12-13T18:59:01.100+0000] {taskinstance.py:2076} INFO - Dependencies all met for dep_context=non-requeueable deps ti=<TaskInstance: migration_fit_data.insert_warehouse.insert_dwh_student manual__2024-12-13T18:58:16.459174+00:00 [queued]>
[2024-12-13T18:59:01.153+0000] {taskinstance.py:2076} INFO - Dependencies all met for dep_context=requeueable deps ti=<TaskInstance: migration_fit_data.insert_warehouse.insert_dwh_student manual__2024-12-13T18:58:16.459174+00:00 [queued]>
[2024-12-13T18:59:01.153+0000] {taskinstance.py:2306} INFO - Starting attempt 1 of 1
[2024-12-13T18:59:01.178+0000] {taskinstance.py:2330} INFO - Executing <Task(PythonOperator): insert_warehouse.insert_dwh_student> on 2024-12-13 18:58:16.459174+00:00
[2024-12-13T18:59:01.197+0000] {warnings.py:110} WARNING - /home/***/.local/lib/python3.12/site-packages/***/task/task_runner/standard_task_runner.py:61: DeprecationWarning: This process (pid=4255) is multi-threaded, use of fork() may lead to deadlocks in the child.
  pid = os.fork()

[2024-12-13T18:59:01.200+0000] {standard_task_runner.py:63} INFO - Started process 4277 to run task
[2024-12-13T18:59:01.208+0000] {standard_task_runner.py:90} INFO - Running: ['***', 'tasks', 'run', 'migration_fit_data', 'insert_warehouse.insert_dwh_student', 'manual__2024-12-13T18:58:16.459174+00:00', '--job-id', '517', '--raw', '--subdir', 'DAGS_FOLDER/elt_migrate.py', '--cfg-path', '/tmp/tmpg1dwu2kw']
[2024-12-13T18:59:01.227+0000] {standard_task_runner.py:91} INFO - Job 517: Subtask insert_warehouse.insert_dwh_student
[2024-12-13T18:59:01.629+0000] {task_command.py:426} INFO - Running <TaskInstance: migration_fit_data.insert_warehouse.insert_dwh_student manual__2024-12-13T18:58:16.459174+00:00 [running]> on host 1fe973f28a1c
[2024-12-13T18:59:02.729+0000] {taskinstance.py:2648} INFO - Exporting env vars: AIRFLOW_CTX_DAG_OWNER='***' AIRFLOW_CTX_DAG_ID='migration_fit_data' AIRFLOW_CTX_TASK_ID='insert_warehouse.insert_dwh_student' AIRFLOW_CTX_EXECUTION_DATE='2024-12-13T18:58:16.459174+00:00' AIRFLOW_CTX_TRY_NUMBER='1' AIRFLOW_CTX_DAG_RUN_ID='manual__2024-12-13T18:58:16.459174+00:00'
[2024-12-13T18:59:02.743+0000] {taskinstance.py:430} INFO - ::endgroup::
[2024-12-13T18:59:02.986+0000] {hive.py:475} INFO - USE `default`
[2024-12-13T18:59:03.040+0000] {hive.py:475} INFO - SELECT COUNT(*) FROM default.student
[2024-12-13T18:59:03.595+0000] {logging_mixin.py:188} INFO - SELECT COUNT(*) FROM default.student --- 350
[2024-12-13T18:59:03.618+0000] {hive.py:475} INFO - 
            MERGE INTO iceberg.warehouse.student t
            USING default.student s
            ON t.student_id=s.student_id
            WHEN MATCHED 
                THEN UPDATE SET 
                t.student_id=s.student_id,t.student_name=s.student_name,t.class_name=s.class_name,t.edu_mail=s.edu_mail,t.address_id=s.address_id,t.national_id=s.national_id,t.key_year=s.key_year,t.gender=s.gender,t.student_dob=s.student_dob
            WHEN NOT MATCHED 
                THEN INSERT *
        
[2024-12-13T18:59:08.849+0000] {python.py:237} INFO - Done. Returned value was: None
[2024-12-13T18:59:08.863+0000] {taskinstance.py:441} INFO - ::group::Post task execution logs
[2024-12-13T18:59:08.919+0000] {taskinstance.py:1206} INFO - Marking task as SUCCESS. dag_id=migration_fit_data, task_id=insert_warehouse.insert_dwh_student, run_id=manual__2024-12-13T18:58:16.459174+00:00, execution_date=20241213T185816, start_date=20241213T185901, end_date=20241213T185908
[2024-12-13T18:59:09.119+0000] {local_task_job_runner.py:240} INFO - Task exited with return code 0
[2024-12-13T18:59:09.138+0000] {local_task_job_runner.py:222} INFO - ::endgroup::
