[2024-12-16T15:18:23.783+0000] {local_task_job_runner.py:120} INFO - ::group::Pre task execution logs
[2024-12-16T15:18:23.810+0000] {taskinstance.py:2076} INFO - Dependencies all met for dep_context=non-requeueable deps ti=<TaskInstance: migration_fit_data.create_dwh_table.recreate_dwh_course manual__2024-12-16T15:15:27.291042+00:00 [queued]>
[2024-12-16T15:18:23.819+0000] {taskinstance.py:2076} INFO - Dependencies all met for dep_context=requeueable deps ti=<TaskInstance: migration_fit_data.create_dwh_table.recreate_dwh_course manual__2024-12-16T15:15:27.291042+00:00 [queued]>
[2024-12-16T15:18:23.819+0000] {taskinstance.py:2306} INFO - Starting attempt 1 of 1
[2024-12-16T15:18:23.830+0000] {taskinstance.py:2330} INFO - Executing <Task(PythonOperator): create_dwh_table.recreate_dwh_course> on 2024-12-16 15:15:27.291042+00:00
[2024-12-16T15:18:23.848+0000] {warnings.py:110} WARNING - /home/***/.local/lib/python3.12/site-packages/***/task/task_runner/standard_task_runner.py:61: DeprecationWarning: This process (pid=26828) is multi-threaded, use of fork() may lead to deadlocks in the child.
  pid = os.fork()

[2024-12-16T15:18:23.850+0000] {standard_task_runner.py:63} INFO - Started process 26878 to run task
[2024-12-16T15:18:23.850+0000] {standard_task_runner.py:90} INFO - Running: ['***', 'tasks', 'run', 'migration_fit_data', 'create_dwh_table.recreate_dwh_course', 'manual__2024-12-16T15:15:27.291042+00:00', '--job-id', '625', '--raw', '--subdir', 'DAGS_FOLDER/elt_migrate.py', '--cfg-path', '/tmp/tmp_88n_gyz']
[2024-12-16T15:18:23.852+0000] {standard_task_runner.py:91} INFO - Job 625: Subtask create_dwh_table.recreate_dwh_course
[2024-12-16T15:18:23.958+0000] {task_command.py:426} INFO - Running <TaskInstance: migration_fit_data.create_dwh_table.recreate_dwh_course manual__2024-12-16T15:15:27.291042+00:00 [running]> on host 2f4e9c743994
[2024-12-16T15:18:24.377+0000] {taskinstance.py:2648} INFO - Exporting env vars: AIRFLOW_CTX_DAG_OWNER='***' AIRFLOW_CTX_DAG_ID='migration_fit_data' AIRFLOW_CTX_TASK_ID='create_dwh_table.recreate_dwh_course' AIRFLOW_CTX_EXECUTION_DATE='2024-12-16T15:15:27.291042+00:00' AIRFLOW_CTX_TRY_NUMBER='1' AIRFLOW_CTX_DAG_RUN_ID='manual__2024-12-16T15:15:27.291042+00:00'
[2024-12-16T15:18:24.382+0000] {taskinstance.py:430} INFO - ::endgroup::
[2024-12-16T15:18:24.472+0000] {hive.py:475} INFO - USE `default`
[2024-12-16T15:18:24.547+0000] {hive.py:475} INFO - DROP TABLE IF EXISTS iceberg.warehouse.course
[2024-12-16T15:18:24.650+0000] {hive.py:475} INFO - CREATE DATABASE IF NOT EXISTS warehouse
[2024-12-16T15:18:24.789+0000] {hive.py:475} INFO - 
        CREATE TABLE IF NOT EXISTS iceberg.warehouse.course (
            course_id BIGINT,course_name STRING,course_code BIGINT,category STRING,total_credit BIGINT,theory_credit BIGINT,practice_credit BIGINT,self_learning_credit BIGINT   
        )
        USING iceberg
        LOCATION '/fit_warehouse/warehouse/course/*.snappy.parquet'
    
[2024-12-16T15:18:29.563+0000] {python.py:237} INFO - Done. Returned value was: None
[2024-12-16T15:18:29.563+0000] {taskinstance.py:441} INFO - ::group::Post task execution logs
[2024-12-16T15:18:29.632+0000] {taskinstance.py:1206} INFO - Marking task as SUCCESS. dag_id=migration_fit_data, task_id=create_dwh_table.recreate_dwh_course, run_id=manual__2024-12-16T15:15:27.291042+00:00, execution_date=20241216T151527, start_date=20241216T151823, end_date=20241216T151829
[2024-12-16T15:18:30.075+0000] {local_task_job_runner.py:240} INFO - Task exited with return code 0
[2024-12-16T15:18:30.202+0000] {local_task_job_runner.py:222} INFO - ::endgroup::
