[2024-12-16T15:15:40.753+0000] {local_task_job_runner.py:120} INFO - ::group::Pre task execution logs
[2024-12-16T15:15:41.012+0000] {taskinstance.py:2076} INFO - Dependencies all met for dep_context=non-requeueable deps ti=<TaskInstance: migration_fit_data.get_raw_data.extract_raw_program_semester manual__2024-12-16T15:15:27.291042+00:00 [queued]>
[2024-12-16T15:15:41.037+0000] {taskinstance.py:2076} INFO - Dependencies all met for dep_context=requeueable deps ti=<TaskInstance: migration_fit_data.get_raw_data.extract_raw_program_semester manual__2024-12-16T15:15:27.291042+00:00 [queued]>
[2024-12-16T15:15:41.038+0000] {taskinstance.py:2306} INFO - Starting attempt 1 of 1
[2024-12-16T15:15:41.084+0000] {taskinstance.py:2330} INFO - Executing <Task(PythonOperator): get_raw_data.extract_raw_program_semester> on 2024-12-16 15:15:27.291042+00:00
[2024-12-16T15:15:41.101+0000] {warnings.py:110} WARNING - /home/***/.local/lib/python3.12/site-packages/***/task/task_runner/standard_task_runner.py:61: DeprecationWarning: This process (pid=26713) is multi-threaded, use of fork() may lead to deadlocks in the child.
  pid = os.fork()

[2024-12-16T15:15:41.104+0000] {standard_task_runner.py:63} INFO - Started process 26739 to run task
[2024-12-16T15:15:41.113+0000] {standard_task_runner.py:90} INFO - Running: ['***', 'tasks', 'run', 'migration_fit_data', 'get_raw_data.extract_raw_program_semester', 'manual__2024-12-16T15:15:27.291042+00:00', '--job-id', '592', '--raw', '--subdir', 'DAGS_FOLDER/elt_migrate.py', '--cfg-path', '/tmp/tmpgs8leoee']
[2024-12-16T15:15:41.159+0000] {standard_task_runner.py:91} INFO - Job 592: Subtask get_raw_data.extract_raw_program_semester
[2024-12-16T15:15:41.953+0000] {task_command.py:426} INFO - Running <TaskInstance: migration_fit_data.get_raw_data.extract_raw_program_semester manual__2024-12-16T15:15:27.291042+00:00 [running]> on host 2f4e9c743994
[2024-12-16T15:15:42.879+0000] {taskinstance.py:2648} INFO - Exporting env vars: AIRFLOW_CTX_DAG_OWNER='***' AIRFLOW_CTX_DAG_ID='migration_fit_data' AIRFLOW_CTX_TASK_ID='get_raw_data.extract_raw_program_semester' AIRFLOW_CTX_EXECUTION_DATE='2024-12-16T15:15:27.291042+00:00' AIRFLOW_CTX_TRY_NUMBER='1' AIRFLOW_CTX_DAG_RUN_ID='manual__2024-12-16T15:15:27.291042+00:00'
[2024-12-16T15:15:42.884+0000] {taskinstance.py:430} INFO - ::endgroup::
[2024-12-16T15:15:45.020+0000] {__init__.py:412} INFO - DELETE /fit_warehouse/raw/program_semester/ recursive=True user.name=default namenode:9870
[2024-12-16T15:15:45.256+0000] {__init__.py:412} INFO - GETFILESTATUS /fit_warehouse/raw/program_semester/ user.name=default namenode:9870
[2024-12-16T15:15:47.323+0000] {__init__.py:412} INFO - MKDIRS /fit_warehouse/raw/program_semester/ user.name=default namenode:9870
[2024-12-16T15:15:47.466+0000] {__init__.py:412} INFO - CREATE /fit_warehouse/raw/program_semester/program_semester_01.snappy.parquet overwrite=True async_=True user.name=default namenode:9870
[2024-12-16T15:15:47.766+0000] {python.py:237} INFO - Done. Returned value was: None
[2024-12-16T15:15:47.776+0000] {taskinstance.py:441} INFO - ::group::Post task execution logs
[2024-12-16T15:15:47.994+0000] {taskinstance.py:1206} INFO - Marking task as SUCCESS. dag_id=migration_fit_data, task_id=get_raw_data.extract_raw_program_semester, run_id=manual__2024-12-16T15:15:27.291042+00:00, execution_date=20241216T151527, start_date=20241216T151541, end_date=20241216T151547
[2024-12-16T15:15:48.370+0000] {local_task_job_runner.py:240} INFO - Task exited with return code 0
[2024-12-16T15:15:49.519+0000] {taskinstance.py:3498} INFO - 0 downstream tasks scheduled from follow-on schedule check
[2024-12-16T15:15:49.528+0000] {local_task_job_runner.py:222} INFO - ::endgroup::
