[2024-12-19T04:25:54.975+0000] {local_task_job_runner.py:120} INFO - ::group::Pre task execution logs
[2024-12-19T04:25:55.598+0000] {taskinstance.py:2076} INFO - Dependencies all met for dep_context=non-requeueable deps ti=<TaskInstance: ELT_dimention_data.insert_warehouse.insert_dwh_lecturer manual__2024-12-19T04:24:45.064013+00:00 [queued]>
[2024-12-19T04:25:55.666+0000] {taskinstance.py:2076} INFO - Dependencies all met for dep_context=requeueable deps ti=<TaskInstance: ELT_dimention_data.insert_warehouse.insert_dwh_lecturer manual__2024-12-19T04:24:45.064013+00:00 [queued]>
[2024-12-19T04:25:55.677+0000] {taskinstance.py:2306} INFO - Starting attempt 1 of 1
[2024-12-19T04:25:55.949+0000] {taskinstance.py:2330} INFO - Executing <Task(PythonOperator): insert_warehouse.insert_dwh_lecturer> on 2024-12-19 04:24:45.064013+00:00
[2024-12-19T04:25:55.992+0000] {warnings.py:110} WARNING - /home/***/.local/lib/python3.12/site-packages/***/task/task_runner/standard_task_runner.py:61: DeprecationWarning: This process (pid=8405) is multi-threaded, use of fork() may lead to deadlocks in the child.
  pid = os.fork()

[2024-12-19T04:25:55.998+0000] {standard_task_runner.py:63} INFO - Started process 8425 to run task
[2024-12-19T04:25:56.002+0000] {standard_task_runner.py:90} INFO - Running: ['***', 'tasks', 'run', 'ELT_dimention_data', 'insert_warehouse.insert_dwh_lecturer', 'manual__2024-12-19T04:24:45.064013+00:00', '--job-id', '1194', '--raw', '--subdir', 'DAGS_FOLDER/elt_dimention.py', '--cfg-path', '/tmp/tmpyajwanhy']
[2024-12-19T04:25:56.016+0000] {standard_task_runner.py:91} INFO - Job 1194: Subtask insert_warehouse.insert_dwh_lecturer
[2024-12-19T04:25:56.425+0000] {task_command.py:426} INFO - Running <TaskInstance: ELT_dimention_data.insert_warehouse.insert_dwh_lecturer manual__2024-12-19T04:24:45.064013+00:00 [running]> on host 33a17f71e955
[2024-12-19T04:25:57.111+0000] {taskinstance.py:2648} INFO - Exporting env vars: AIRFLOW_CTX_DAG_OWNER='***' AIRFLOW_CTX_DAG_ID='ELT_dimention_data' AIRFLOW_CTX_TASK_ID='insert_warehouse.insert_dwh_lecturer' AIRFLOW_CTX_EXECUTION_DATE='2024-12-19T04:24:45.064013+00:00' AIRFLOW_CTX_TRY_NUMBER='1' AIRFLOW_CTX_DAG_RUN_ID='manual__2024-12-19T04:24:45.064013+00:00'
[2024-12-19T04:25:57.113+0000] {taskinstance.py:430} INFO - ::endgroup::
[2024-12-19T04:25:57.364+0000] {hive.py:475} INFO - USE `default`
[2024-12-19T04:25:58.421+0000] {hive.py:475} INFO - SELECT COUNT(*) FROM default.lecturer
[2024-12-19T04:26:03.129+0000] {logging_mixin.py:188} INFO - SELECT COUNT(*) FROM default.lecturer --- 0
[2024-12-19T04:26:03.129+0000] {logging_mixin.py:188} INFO - STAGING HAS NO DATA, SKIPPING...
[2024-12-19T04:26:03.135+0000] {python.py:237} INFO - Done. Returned value was: None
[2024-12-19T04:26:03.144+0000] {taskinstance.py:441} INFO - ::group::Post task execution logs
[2024-12-19T04:26:03.246+0000] {taskinstance.py:1206} INFO - Marking task as SUCCESS. dag_id=ELT_dimention_data, task_id=insert_warehouse.insert_dwh_lecturer, run_id=manual__2024-12-19T04:24:45.064013+00:00, execution_date=20241219T042445, start_date=20241219T042555, end_date=20241219T042603
[2024-12-19T04:26:03.398+0000] {local_task_job_runner.py:240} INFO - Task exited with return code 0
[2024-12-19T04:26:03.603+0000] {taskinstance.py:3498} INFO - 0 downstream tasks scheduled from follow-on schedule check
[2024-12-19T04:26:03.623+0000] {local_task_job_runner.py:222} INFO - ::endgroup::
