[2024-12-18T18:48:36.860+0000] {local_task_job_runner.py:120} INFO - ::group::Pre task execution logs
[2024-12-18T18:48:36.974+0000] {taskinstance.py:2076} INFO - Dependencies all met for dep_context=non-requeueable deps ti=<TaskInstance: migration_fit_data.load_staging.create_staging_employee manual__2024-12-18T18:47:46.249957+00:00 [queued]>
[2024-12-18T18:48:37.038+0000] {taskinstance.py:2076} INFO - Dependencies all met for dep_context=requeueable deps ti=<TaskInstance: migration_fit_data.load_staging.create_staging_employee manual__2024-12-18T18:47:46.249957+00:00 [queued]>
[2024-12-18T18:48:37.039+0000] {taskinstance.py:2306} INFO - Starting attempt 1 of 1
[2024-12-18T18:48:37.140+0000] {taskinstance.py:2330} INFO - Executing <Task(PythonOperator): load_staging.create_staging_employee> on 2024-12-18 18:47:46.249957+00:00
[2024-12-18T18:48:37.325+0000] {warnings.py:110} WARNING - /home/***/.local/lib/python3.12/site-packages/***/task/task_runner/standard_task_runner.py:61: DeprecationWarning: This process (pid=1282) is multi-threaded, use of fork() may lead to deadlocks in the child.
  pid = os.fork()

[2024-12-18T18:48:37.364+0000] {standard_task_runner.py:63} INFO - Started process 1311 to run task
[2024-12-18T18:48:37.316+0000] {standard_task_runner.py:90} INFO - Running: ['***', 'tasks', 'run', 'migration_fit_data', 'load_staging.create_staging_employee', 'manual__2024-12-18T18:47:46.249957+00:00', '--job-id', '1127', '--raw', '--subdir', 'DAGS_FOLDER/elt_migrate.py', '--cfg-path', '/tmp/tmpkpu7jkka']
[2024-12-18T18:48:37.382+0000] {standard_task_runner.py:91} INFO - Job 1127: Subtask load_staging.create_staging_employee
[2024-12-18T18:48:37.749+0000] {task_command.py:426} INFO - Running <TaskInstance: migration_fit_data.load_staging.create_staging_employee manual__2024-12-18T18:47:46.249957+00:00 [running]> on host 33a17f71e955
[2024-12-18T18:48:38.879+0000] {taskinstance.py:2648} INFO - Exporting env vars: AIRFLOW_CTX_DAG_OWNER='***' AIRFLOW_CTX_DAG_ID='migration_fit_data' AIRFLOW_CTX_TASK_ID='load_staging.create_staging_employee' AIRFLOW_CTX_EXECUTION_DATE='2024-12-18T18:47:46.249957+00:00' AIRFLOW_CTX_TRY_NUMBER='1' AIRFLOW_CTX_DAG_RUN_ID='manual__2024-12-18T18:47:46.249957+00:00'
[2024-12-18T18:48:38.891+0000] {taskinstance.py:430} INFO - ::endgroup::
[2024-12-18T18:48:39.002+0000] {hive.py:475} INFO - USE `default`
[2024-12-18T18:48:46.771+0000] {hive.py:475} INFO - DROP TABLE IF EXISTS default.employee
[2024-12-18T18:48:49.423+0000] {hive.py:475} INFO - 
        CREATE TABLE IF NOT EXISTS default.employee (
            employee_id BIGINT,employee_name STRING,day_of_birth TIMESTAMP,nationality STRING,insurance_id STRING   
        )   
        STORED AS PARQUET
        LOCATION '/fit_warehouse/raw/employee/*.snappy.parquet'
    
[2024-12-18T18:48:55.923+0000] {hive.py:475} INFO - ANALYZE TABLE default.employee COMPUTE STATISTICS
[2024-12-18T18:49:46.200+0000] {python.py:237} INFO - Done. Returned value was: None
[2024-12-18T18:49:46.200+0000] {taskinstance.py:441} INFO - ::group::Post task execution logs
[2024-12-18T18:49:46.258+0000] {taskinstance.py:1206} INFO - Marking task as SUCCESS. dag_id=migration_fit_data, task_id=load_staging.create_staging_employee, run_id=manual__2024-12-18T18:47:46.249957+00:00, execution_date=20241218T184746, start_date=20241218T184836, end_date=20241218T184946
[2024-12-18T18:49:46.487+0000] {local_task_job_runner.py:240} INFO - Task exited with return code 0
[2024-12-18T18:49:46.759+0000] {taskinstance.py:3498} INFO - 0 downstream tasks scheduled from follow-on schedule check
[2024-12-18T18:49:46.767+0000] {local_task_job_runner.py:222} INFO - ::endgroup::
