[2024-12-18T18:44:11.932+0000] {local_task_job_runner.py:120} INFO - ::group::Pre task execution logs
[2024-12-18T18:44:12.531+0000] {taskinstance.py:2076} INFO - Dependencies all met for dep_context=non-requeueable deps ti=<TaskInstance: migration_fit_data.get_raw_data.extract_raw_instruction_fact manual__2024-12-18T18:43:51.023607+00:00 [queued]>
[2024-12-18T18:44:12.652+0000] {taskinstance.py:2076} INFO - Dependencies all met for dep_context=requeueable deps ti=<TaskInstance: migration_fit_data.get_raw_data.extract_raw_instruction_fact manual__2024-12-18T18:43:51.023607+00:00 [queued]>
[2024-12-18T18:44:12.654+0000] {taskinstance.py:2306} INFO - Starting attempt 1 of 1
[2024-12-18T18:44:12.812+0000] {taskinstance.py:2330} INFO - Executing <Task(PythonOperator): get_raw_data.extract_raw_instruction_fact> on 2024-12-18 18:43:51.023607+00:00
[2024-12-18T18:44:12.921+0000] {warnings.py:110} WARNING - /home/***/.local/lib/python3.12/site-packages/***/task/task_runner/standard_task_runner.py:61: DeprecationWarning: This process (pid=1081) is multi-threaded, use of fork() may lead to deadlocks in the child.
  pid = os.fork()

[2024-12-18T18:44:12.942+0000] {standard_task_runner.py:63} INFO - Started process 1101 to run task
[2024-12-18T18:44:12.969+0000] {standard_task_runner.py:90} INFO - Running: ['***', 'tasks', 'run', 'migration_fit_data', 'get_raw_data.extract_raw_instruction_fact', 'manual__2024-12-18T18:43:51.023607+00:00', '--job-id', '1080', '--raw', '--subdir', 'DAGS_FOLDER/elt_migrate.py', '--cfg-path', '/tmp/tmpe5rhqhgw']
[2024-12-18T18:44:13.038+0000] {standard_task_runner.py:91} INFO - Job 1080: Subtask get_raw_data.extract_raw_instruction_fact
[2024-12-18T18:44:13.826+0000] {task_command.py:426} INFO - Running <TaskInstance: migration_fit_data.get_raw_data.extract_raw_instruction_fact manual__2024-12-18T18:43:51.023607+00:00 [running]> on host 33a17f71e955
[2024-12-18T18:44:19.528+0000] {taskinstance.py:2648} INFO - Exporting env vars: AIRFLOW_CTX_DAG_OWNER='***' AIRFLOW_CTX_DAG_ID='migration_fit_data' AIRFLOW_CTX_TASK_ID='get_raw_data.extract_raw_instruction_fact' AIRFLOW_CTX_EXECUTION_DATE='2024-12-18T18:43:51.023607+00:00' AIRFLOW_CTX_TRY_NUMBER='1' AIRFLOW_CTX_DAG_RUN_ID='manual__2024-12-18T18:43:51.023607+00:00'
[2024-12-18T18:44:19.532+0000] {taskinstance.py:430} INFO - ::endgroup::
[2024-12-18T18:44:23.786+0000] {__init__.py:412} INFO - DELETE /fit_warehouse/raw/instruction_fact/ recursive=True user.name=default namenode:9870
[2024-12-18T18:44:23.936+0000] {__init__.py:412} INFO - GETFILESTATUS /fit_warehouse/raw/instruction_fact/ user.name=default namenode:9870
[2024-12-18T18:44:24.005+0000] {__init__.py:412} INFO - MKDIRS /fit_warehouse/raw/instruction_fact/ user.name=default namenode:9870
[2024-12-18T18:44:24.079+0000] {__init__.py:412} INFO - CREATE /fit_warehouse/raw/instruction_fact/instruction_fact_01.snappy.parquet overwrite=True async_=True user.name=default namenode:9870
[2024-12-18T18:44:24.290+0000] {python.py:237} INFO - Done. Returned value was: None
[2024-12-18T18:44:24.295+0000] {taskinstance.py:441} INFO - ::group::Post task execution logs
[2024-12-18T18:44:24.331+0000] {taskinstance.py:1206} INFO - Marking task as SUCCESS. dag_id=migration_fit_data, task_id=get_raw_data.extract_raw_instruction_fact, run_id=manual__2024-12-18T18:43:51.023607+00:00, execution_date=20241218T184351, start_date=20241218T184412, end_date=20241218T184424
[2024-12-18T18:44:24.417+0000] {local_task_job_runner.py:240} INFO - Task exited with return code 0
[2024-12-18T18:44:24.487+0000] {local_task_job_runner.py:222} INFO - ::endgroup::
