[2024-12-14T11:35:08.292+0000] {local_task_job_runner.py:120} INFO - ::group::Pre task execution logs
[2024-12-14T11:35:08.321+0000] {taskinstance.py:2076} INFO - Dependencies all met for dep_context=non-requeueable deps ti=<TaskInstance: etl_instruction_fact_data.insert_warehouse.insert_dwh_instruction_fact manual__2024-12-14T11:34:59.404452+00:00 [queued]>
[2024-12-14T11:35:08.340+0000] {taskinstance.py:2076} INFO - Dependencies all met for dep_context=requeueable deps ti=<TaskInstance: etl_instruction_fact_data.insert_warehouse.insert_dwh_instruction_fact manual__2024-12-14T11:34:59.404452+00:00 [queued]>
[2024-12-14T11:35:08.342+0000] {taskinstance.py:2306} INFO - Starting attempt 1 of 1
[2024-12-14T11:35:08.362+0000] {taskinstance.py:2330} INFO - Executing <Task(PythonOperator): insert_warehouse.insert_dwh_instruction_fact> on 2024-12-14 11:34:59.404452+00:00
[2024-12-14T11:35:08.378+0000] {warnings.py:110} WARNING - /home/***/.local/lib/python3.12/site-packages/***/task/task_runner/standard_task_runner.py:61: DeprecationWarning: This process (pid=904) is multi-threaded, use of fork() may lead to deadlocks in the child.
  pid = os.fork()

[2024-12-14T11:35:08.382+0000] {standard_task_runner.py:63} INFO - Started process 914 to run task
[2024-12-14T11:35:08.383+0000] {standard_task_runner.py:90} INFO - Running: ['***', 'tasks', 'run', 'etl_instruction_fact_data', 'insert_warehouse.insert_dwh_instruction_fact', 'manual__2024-12-14T11:34:59.404452+00:00', '--job-id', '173', '--raw', '--subdir', 'DAGS_FOLDER/elt_instruction_fact.py', '--cfg-path', '/tmp/tmpspv0xd0w']
[2024-12-14T11:35:08.389+0000] {standard_task_runner.py:91} INFO - Job 173: Subtask insert_warehouse.insert_dwh_instruction_fact
[2024-12-14T11:35:08.461+0000] {task_command.py:426} INFO - Running <TaskInstance: etl_instruction_fact_data.insert_warehouse.insert_dwh_instruction_fact manual__2024-12-14T11:34:59.404452+00:00 [running]> on host 472b63b715e1
[2024-12-14T11:35:08.590+0000] {taskinstance.py:2648} INFO - Exporting env vars: AIRFLOW_CTX_DAG_OWNER='***' AIRFLOW_CTX_DAG_ID='etl_instruction_fact_data' AIRFLOW_CTX_TASK_ID='insert_warehouse.insert_dwh_instruction_fact' AIRFLOW_CTX_EXECUTION_DATE='2024-12-14T11:34:59.404452+00:00' AIRFLOW_CTX_TRY_NUMBER='1' AIRFLOW_CTX_DAG_RUN_ID='manual__2024-12-14T11:34:59.404452+00:00'
[2024-12-14T11:35:08.592+0000] {taskinstance.py:430} INFO - ::endgroup::
[2024-12-14T11:35:08.606+0000] {hive.py:475} INFO - USE `default`
[2024-12-14T11:35:08.631+0000] {hive.py:475} INFO - SELECT COUNT(*) FROM default.instruction_fact
[2024-12-14T11:35:08.872+0000] {logging_mixin.py:188} INFO - SELECT COUNT(*) FROM default.instruction_fact --- 939
[2024-12-14T11:35:08.874+0000] {hive.py:475} INFO - 
            MERGE INTO iceberg.warehouse.instruction_fact t
            USING default.instruction_fact s
            ON t.instruction_id=s.instruction_id
            WHEN MATCHED 
                THEN UPDATE SET 
                t.instruction_id=s.instruction_id,t.program_semester_id=s.program_semester_id,t.course_id=s.course_id,t.class_id=s.class_id,t.is_required=s.is_required,t.num_student=s.num_student,t.num_pass_student=s.num_pass_student,t.num_fail_student=s.num_fail_student,t.avg_final_score=s.avg_final_score,t.instruction_status=s.instruction_status,t.instruction_allocate=s.instruction_allocate,t.instruction_time_start=s.instruction_time_start,t.instruction_time_end=s.instruction_time_end,t.last_modified_date=s.last_modified_date,t.etl_date=s.etl_date
            WHEN NOT MATCHED 
                THEN INSERT *
        
[2024-12-14T11:35:11.325+0000] {python.py:237} INFO - Done. Returned value was: None
[2024-12-14T11:35:11.328+0000] {taskinstance.py:441} INFO - ::group::Post task execution logs
[2024-12-14T11:35:11.352+0000] {taskinstance.py:1206} INFO - Marking task as SUCCESS. dag_id=etl_instruction_fact_data, task_id=insert_warehouse.insert_dwh_instruction_fact, run_id=manual__2024-12-14T11:34:59.404452+00:00, execution_date=20241214T113459, start_date=20241214T113508, end_date=20241214T113511
[2024-12-14T11:35:11.395+0000] {local_task_job_runner.py:240} INFO - Task exited with return code 0
[2024-12-14T11:35:11.461+0000] {taskinstance.py:3498} INFO - 0 downstream tasks scheduled from follow-on schedule check
[2024-12-14T11:35:11.463+0000] {local_task_job_runner.py:222} INFO - ::endgroup::
