[2024-12-19T04:27:39.225+0000] {local_task_job_runner.py:120} INFO - ::group::Pre task execution logs
[2024-12-19T04:27:39.421+0000] {taskinstance.py:2076} INFO - Dependencies all met for dep_context=non-requeueable deps ti=<TaskInstance: ELT_instruction_fact_data.aggregate_warehouse.aggregate_lecturer_performance manual__2024-12-19T04:25:50.989861+00:00 [queued]>
[2024-12-19T04:27:41.466+0000] {taskinstance.py:2076} INFO - Dependencies all met for dep_context=requeueable deps ti=<TaskInstance: ELT_instruction_fact_data.aggregate_warehouse.aggregate_lecturer_performance manual__2024-12-19T04:25:50.989861+00:00 [queued]>
[2024-12-19T04:27:41.466+0000] {taskinstance.py:2306} INFO - Starting attempt 1 of 1
[2024-12-19T04:27:43.440+0000] {taskinstance.py:2330} INFO - Executing <Task(PythonOperator): aggregate_warehouse.aggregate_lecturer_performance> on 2024-12-19 04:25:50.989861+00:00
[2024-12-19T04:27:43.679+0000] {warnings.py:110} WARNING - /home/***/.local/lib/python3.12/site-packages/***/task/task_runner/standard_task_runner.py:61: DeprecationWarning: This process (pid=8479) is multi-threaded, use of fork() may lead to deadlocks in the child.
  pid = os.fork()

[2024-12-19T04:27:43.694+0000] {standard_task_runner.py:63} INFO - Started process 8510 to run task
[2024-12-19T04:27:43.715+0000] {standard_task_runner.py:90} INFO - Running: ['***', 'tasks', 'run', 'ELT_instruction_fact_data', 'aggregate_warehouse.aggregate_lecturer_performance', 'manual__2024-12-19T04:25:50.989861+00:00', '--job-id', '1212', '--raw', '--subdir', 'DAGS_FOLDER/elt_instruction_fact.py', '--cfg-path', '/tmp/tmp50o42_fb']
[2024-12-19T04:27:43.771+0000] {standard_task_runner.py:91} INFO - Job 1212: Subtask aggregate_warehouse.aggregate_lecturer_performance
[2024-12-19T04:27:44.717+0000] {task_command.py:426} INFO - Running <TaskInstance: ELT_instruction_fact_data.aggregate_warehouse.aggregate_lecturer_performance manual__2024-12-19T04:25:50.989861+00:00 [running]> on host 33a17f71e955
[2024-12-19T04:27:47.366+0000] {taskinstance.py:2648} INFO - Exporting env vars: AIRFLOW_CTX_DAG_OWNER='***' AIRFLOW_CTX_DAG_ID='ELT_instruction_fact_data' AIRFLOW_CTX_TASK_ID='aggregate_warehouse.aggregate_lecturer_performance' AIRFLOW_CTX_EXECUTION_DATE='2024-12-19T04:25:50.989861+00:00' AIRFLOW_CTX_TRY_NUMBER='1' AIRFLOW_CTX_DAG_RUN_ID='manual__2024-12-19T04:25:50.989861+00:00'
[2024-12-19T04:27:47.368+0000] {taskinstance.py:430} INFO - ::endgroup::
[2024-12-19T04:27:47.531+0000] {hive.py:475} INFO - USE `default`
[2024-12-19T04:27:47.973+0000] {hive.py:475} INFO - CREATE NAMESPACE IF NOT EXISTS iceberg.aggr_warehouse
[2024-12-19T04:27:48.206+0000] {hive.py:475} INFO - DROP TABLE IF EXISTS iceberg.aggr_warehouse.lecturer_performance
[2024-12-19T04:27:48.618+0000] {hive.py:475} INFO - 
    CREATE OR REPLACE TABLE iceberg.aggr_warehouse.lecturer_performance
    USING parquet
    AS
    SELECT
        l.lecturer_id,
        e.employee_name AS lecturer_name,
        c.course_id,
        c.course_name,
        ps.semester_name,
        COUNT(DISTINCT inf.instruction_id) AS num_classes_taught,
        AVG(sf.final_score) AS average_class_score
    FROM
        iceberg.warehouse.lecturer l
    JOIN iceberg.warehouse.employee e ON l.employee_id = e.employee_id
    JOIN iceberg.warehouse.instruction_lecturer il ON l.lecturer_id = il.lecturer_id
    JOIN iceberg.warehouse.instruction_fact inf ON il.instruction_id = inf.instruction_id
    JOIN iceberg.warehouse.course c ON inf.course_id = c.course_id
    JOIN iceberg.warehouse.program_semester ps ON inf.program_semester_id = ps.program_semester_id
    JOIN iceberg.warehouse.score_fact sf ON sf.instruction_id = inf.instruction_id
    WHERE 
        inf.instruction_status = 'completed'
    GROUP BY
        l.lecturer_id,
        e.employee_name,
        c.course_id,
        c.course_name,
        ps.semester_name;
    
[2024-12-19T04:28:05.654+0000] {__init__.py:412} INFO - DELETE /user/hive/warehouse/aggr_warehouse.db/lecturer_performance_parquet recursive=True user.name=default namenode:9870
[2024-12-19T04:28:05.721+0000] {hive.py:475} INFO - 
        DROP TABLE IF EXISTS spark_catalog.aggr_warehouse.lecturer_performance_parquet
    
[2024-12-19T04:28:06.387+0000] {hive.py:475} INFO - 
        CREATE TABLE spark_catalog.aggr_warehouse.lecturer_performance_parquet
        USING parquet
        AS
        SELECT * FROM iceberg.aggr_warehouse.lecturer_performance
    
[2024-12-19T04:28:09.115+0000] {python.py:237} INFO - Done. Returned value was: None
[2024-12-19T04:28:09.117+0000] {taskinstance.py:441} INFO - ::group::Post task execution logs
[2024-12-19T04:28:09.267+0000] {taskinstance.py:1206} INFO - Marking task as SUCCESS. dag_id=ELT_instruction_fact_data, task_id=aggregate_warehouse.aggregate_lecturer_performance, run_id=manual__2024-12-19T04:25:50.989861+00:00, execution_date=20241219T042550, start_date=20241219T042741, end_date=20241219T042809
[2024-12-19T04:28:09.626+0000] {local_task_job_runner.py:240} INFO - Task exited with return code 0
[2024-12-19T04:28:10.108+0000] {taskinstance.py:3498} INFO - 0 downstream tasks scheduled from follow-on schedule check
[2024-12-19T04:28:10.120+0000] {local_task_job_runner.py:222} INFO - ::endgroup::
