[2024-12-19T04:29:20.170+0000] {local_task_job_runner.py:120} INFO - ::group::Pre task execution logs
[2024-12-19T04:29:20.420+0000] {taskinstance.py:2076} INFO - Dependencies all met for dep_context=non-requeueable deps ti=<TaskInstance: ELT_dimention_data.load_staging.create_staging_address manual__2024-12-19T04:24:44.941262+00:00 [queued]>
[2024-12-19T04:29:20.522+0000] {taskinstance.py:2076} INFO - Dependencies all met for dep_context=requeueable deps ti=<TaskInstance: ELT_dimention_data.load_staging.create_staging_address manual__2024-12-19T04:24:44.941262+00:00 [queued]>
[2024-12-19T04:29:20.523+0000] {taskinstance.py:2306} INFO - Starting attempt 1 of 1
[2024-12-19T04:29:20.627+0000] {taskinstance.py:2330} INFO - Executing <Task(PythonOperator): load_staging.create_staging_address> on 2024-12-19 04:24:44.941262+00:00
[2024-12-19T04:29:20.689+0000] {warnings.py:110} WARNING - /home/***/.local/lib/python3.12/site-packages/***/task/task_runner/standard_task_runner.py:61: DeprecationWarning: This process (pid=8572) is multi-threaded, use of fork() may lead to deadlocks in the child.
  pid = os.fork()

[2024-12-19T04:29:20.708+0000] {standard_task_runner.py:63} INFO - Started process 8604 to run task
[2024-12-19T04:29:20.728+0000] {standard_task_runner.py:90} INFO - Running: ['***', 'tasks', 'run', 'ELT_dimention_data', 'load_staging.create_staging_address', 'manual__2024-12-19T04:24:44.941262+00:00', '--job-id', '1241', '--raw', '--subdir', 'DAGS_FOLDER/elt_dimention.py', '--cfg-path', '/tmp/tmpv3rc5rrc']
[2024-12-19T04:29:20.747+0000] {standard_task_runner.py:91} INFO - Job 1241: Subtask load_staging.create_staging_address
[2024-12-19T04:29:21.074+0000] {task_command.py:426} INFO - Running <TaskInstance: ELT_dimention_data.load_staging.create_staging_address manual__2024-12-19T04:24:44.941262+00:00 [running]> on host 33a17f71e955
[2024-12-19T04:29:21.651+0000] {taskinstance.py:2648} INFO - Exporting env vars: AIRFLOW_CTX_DAG_OWNER='***' AIRFLOW_CTX_DAG_ID='ELT_dimention_data' AIRFLOW_CTX_TASK_ID='load_staging.create_staging_address' AIRFLOW_CTX_EXECUTION_DATE='2024-12-19T04:24:44.941262+00:00' AIRFLOW_CTX_TRY_NUMBER='1' AIRFLOW_CTX_DAG_RUN_ID='manual__2024-12-19T04:24:44.941262+00:00'
[2024-12-19T04:29:21.656+0000] {taskinstance.py:430} INFO - ::endgroup::
[2024-12-19T04:29:21.704+0000] {hive.py:475} INFO - USE `default`
[2024-12-19T04:29:21.875+0000] {hive.py:475} INFO - DROP TABLE IF EXISTS default.address
[2024-12-19T04:29:22.397+0000] {hive.py:475} INFO - 
        CREATE TABLE IF NOT EXISTS default.address (
            address_id BIGINT,ward STRING,district STRING,city STRING   
        )   
        STORED AS PARQUET
        LOCATION '/fit_warehouse/raw/address/*.snappy.parquet'
    
[2024-12-19T04:29:22.639+0000] {hive.py:475} INFO - ANALYZE TABLE default.address COMPUTE STATISTICS
[2024-12-19T04:29:23.481+0000] {python.py:237} INFO - Done. Returned value was: None
[2024-12-19T04:29:23.481+0000] {taskinstance.py:441} INFO - ::group::Post task execution logs
[2024-12-19T04:29:23.497+0000] {taskinstance.py:1206} INFO - Marking task as SUCCESS. dag_id=ELT_dimention_data, task_id=load_staging.create_staging_address, run_id=manual__2024-12-19T04:24:44.941262+00:00, execution_date=20241219T042444, start_date=20241219T042920, end_date=20241219T042923
[2024-12-19T04:29:23.569+0000] {local_task_job_runner.py:240} INFO - Task exited with return code 0
[2024-12-19T04:29:23.707+0000] {taskinstance.py:3498} INFO - 8 downstream tasks scheduled from follow-on schedule check
[2024-12-19T04:29:23.717+0000] {local_task_job_runner.py:222} INFO - ::endgroup::
