[2024-12-16T15:45:17.823+0000] {local_task_job_runner.py:120} INFO - ::group::Pre task execution logs
[2024-12-16T15:45:17.944+0000] {taskinstance.py:2076} INFO - Dependencies all met for dep_context=non-requeueable deps ti=<TaskInstance: migration_fit_data.aggregate_warehouse.aggregate_instruction_aggregate manual__2024-12-16T15:42:13.474492+00:00 [queued]>
[2024-12-16T15:45:17.984+0000] {taskinstance.py:2076} INFO - Dependencies all met for dep_context=requeueable deps ti=<TaskInstance: migration_fit_data.aggregate_warehouse.aggregate_instruction_aggregate manual__2024-12-16T15:42:13.474492+00:00 [queued]>
[2024-12-16T15:45:17.987+0000] {taskinstance.py:2306} INFO - Starting attempt 1 of 1
[2024-12-16T15:45:19.470+0000] {taskinstance.py:2330} INFO - Executing <Task(PythonOperator): aggregate_warehouse.aggregate_instruction_aggregate> on 2024-12-16 15:42:13.474492+00:00
[2024-12-16T15:45:19.514+0000] {warnings.py:110} WARNING - /home/***/.local/lib/python3.12/site-packages/***/task/task_runner/standard_task_runner.py:61: DeprecationWarning: This process (pid=27468) is multi-threaded, use of fork() may lead to deadlocks in the child.
  pid = os.fork()

[2024-12-16T15:45:19.532+0000] {standard_task_runner.py:63} INFO - Started process 27478 to run task
[2024-12-16T15:45:19.538+0000] {standard_task_runner.py:90} INFO - Running: ['***', 'tasks', 'run', 'migration_fit_data', 'aggregate_warehouse.aggregate_instruction_aggregate', 'manual__2024-12-16T15:42:13.474492+00:00', '--job-id', '711', '--raw', '--subdir', 'DAGS_FOLDER/elt_migrate.py', '--cfg-path', '/tmp/tmpzarrb4rq']
[2024-12-16T15:45:19.549+0000] {standard_task_runner.py:91} INFO - Job 711: Subtask aggregate_warehouse.aggregate_instruction_aggregate
[2024-12-16T15:45:19.807+0000] {task_command.py:426} INFO - Running <TaskInstance: migration_fit_data.aggregate_warehouse.aggregate_instruction_aggregate manual__2024-12-16T15:42:13.474492+00:00 [running]> on host 2f4e9c743994
[2024-12-16T15:45:20.384+0000] {taskinstance.py:2648} INFO - Exporting env vars: AIRFLOW_CTX_DAG_OWNER='***' AIRFLOW_CTX_DAG_ID='migration_fit_data' AIRFLOW_CTX_TASK_ID='aggregate_warehouse.aggregate_instruction_aggregate' AIRFLOW_CTX_EXECUTION_DATE='2024-12-16T15:42:13.474492+00:00' AIRFLOW_CTX_TRY_NUMBER='1' AIRFLOW_CTX_DAG_RUN_ID='manual__2024-12-16T15:42:13.474492+00:00'
[2024-12-16T15:45:20.386+0000] {taskinstance.py:430} INFO - ::endgroup::
[2024-12-16T15:45:20.436+0000] {hive.py:475} INFO - USE `default`
[2024-12-16T15:45:20.523+0000] {hive.py:475} INFO - CREATE NAMESPACE IF NOT EXISTS iceberg.aggr_warehouse
[2024-12-16T15:45:20.778+0000] {hive.py:475} INFO - DROP TABLE IF EXISTS iceberg.aggr_warehouse.instruction_aggregate
[2024-12-16T15:45:21.270+0000] {hive.py:475} INFO - 
    CREATE OR REPLACE TABLE iceberg.aggr_warehouse.instruction_aggregate
    USING parquet
    AS
    SELECT
        inf.instruction_id,
        c.course_id,
        c.course_name,
        ps.program_id,
        ps.semester_name,
        inf.num_student AS num_students,
        inf.avg_final_score
    FROM
        iceberg.warehouse.instruction_fact inf
    JOIN iceberg.warehouse.course c ON inf.course_id = c.course_id
    JOIN iceberg.warehouse.program_semester ps ON inf.program_semester_id = ps.program_semester_id
    WHERE 
        inf.instruction_status = 'completed';
    
[2024-12-16T15:45:34.537+0000] {__init__.py:412} INFO - DELETE /user/hive/warehouse/aggr_warehouse.db/instruction_aggregate_parquet recursive=True user.name=default namenode:9870
[2024-12-16T15:45:34.577+0000] {hive.py:475} INFO - 
        DROP TABLE IF EXISTS spark_catalog.aggr_warehouse.instruction_aggregate_parquet
    
[2024-12-16T15:45:35.573+0000] {hive.py:475} INFO - 
        CREATE TABLE spark_catalog.aggr_warehouse.instruction_aggregate_parquet
        USING parquet
        AS
        SELECT * FROM iceberg.aggr_warehouse.instruction_aggregate
    
[2024-12-16T15:45:46.245+0000] {python.py:237} INFO - Done. Returned value was: None
[2024-12-16T15:45:46.246+0000] {taskinstance.py:441} INFO - ::group::Post task execution logs
[2024-12-16T15:45:46.295+0000] {taskinstance.py:1206} INFO - Marking task as SUCCESS. dag_id=migration_fit_data, task_id=aggregate_warehouse.aggregate_instruction_aggregate, run_id=manual__2024-12-16T15:42:13.474492+00:00, execution_date=20241216T154213, start_date=20241216T154517, end_date=20241216T154546
[2024-12-16T15:45:46.450+0000] {local_task_job_runner.py:240} INFO - Task exited with return code 0
[2024-12-16T15:45:46.562+0000] {taskinstance.py:3498} INFO - 0 downstream tasks scheduled from follow-on schedule check
[2024-12-16T15:45:46.568+0000] {local_task_job_runner.py:222} INFO - ::endgroup::
