[2024-12-14T08:29:47.968+0000] {local_task_job_runner.py:120} INFO - ::group::Pre task execution logs
[2024-12-14T08:29:48.054+0000] {taskinstance.py:2076} INFO - Dependencies all met for dep_context=non-requeueable deps ti=<TaskInstance: etl_dimention_data.load_staging.create_staging_employee manual__2024-12-14T08:29:32.383342+00:00 [queued]>
[2024-12-14T08:29:48.080+0000] {taskinstance.py:2076} INFO - Dependencies all met for dep_context=requeueable deps ti=<TaskInstance: etl_dimention_data.load_staging.create_staging_employee manual__2024-12-14T08:29:32.383342+00:00 [queued]>
[2024-12-14T08:29:48.080+0000] {taskinstance.py:2306} INFO - Starting attempt 1 of 1
[2024-12-14T08:29:48.119+0000] {taskinstance.py:2330} INFO - Executing <Task(PythonOperator): load_staging.create_staging_employee> on 2024-12-14 08:29:32.383342+00:00
[2024-12-14T08:29:48.146+0000] {warnings.py:110} WARNING - /home/***/.local/lib/python3.12/site-packages/***/task/task_runner/standard_task_runner.py:61: DeprecationWarning: This process (pid=15853) is multi-threaded, use of fork() may lead to deadlocks in the child.
  pid = os.fork()

[2024-12-14T08:29:48.150+0000] {standard_task_runner.py:63} INFO - Started process 15872 to run task
[2024-12-14T08:29:48.151+0000] {standard_task_runner.py:90} INFO - Running: ['***', 'tasks', 'run', 'etl_dimention_data', 'load_staging.create_staging_employee', 'manual__2024-12-14T08:29:32.383342+00:00', '--job-id', '1059', '--raw', '--subdir', 'DAGS_FOLDER/elt_dimention.py', '--cfg-path', '/tmp/tmpsjl3wi1m']
[2024-12-14T08:29:48.154+0000] {standard_task_runner.py:91} INFO - Job 1059: Subtask load_staging.create_staging_employee
[2024-12-14T08:29:48.263+0000] {task_command.py:426} INFO - Running <TaskInstance: etl_dimention_data.load_staging.create_staging_employee manual__2024-12-14T08:29:32.383342+00:00 [running]> on host 1fe973f28a1c
[2024-12-14T08:29:48.690+0000] {taskinstance.py:2648} INFO - Exporting env vars: AIRFLOW_CTX_DAG_OWNER='***' AIRFLOW_CTX_DAG_ID='etl_dimention_data' AIRFLOW_CTX_TASK_ID='load_staging.create_staging_employee' AIRFLOW_CTX_EXECUTION_DATE='2024-12-14T08:29:32.383342+00:00' AIRFLOW_CTX_TRY_NUMBER='1' AIRFLOW_CTX_DAG_RUN_ID='manual__2024-12-14T08:29:32.383342+00:00'
[2024-12-14T08:29:48.691+0000] {taskinstance.py:430} INFO - ::endgroup::
[2024-12-14T08:29:48.720+0000] {hive.py:475} INFO - USE `default`
[2024-12-14T08:29:48.775+0000] {hive.py:475} INFO - DROP TABLE IF EXISTS default.employee
[2024-12-14T08:29:48.961+0000] {hive.py:475} INFO - 
        CREATE TABLE IF NOT EXISTS default.employee (
            employee_id BIGINT,employee_name STRING,day_of_birth TIMESTAMP,nationality STRING,insurance_id STRING   
        )   
        STORED AS PARQUET
        LOCATION '/fit_warehouse/raw/employee/*.snappy.parquet'
    
[2024-12-14T08:29:49.256+0000] {hive.py:475} INFO - ANALYZE TABLE default.employee COMPUTE STATISTICS
[2024-12-14T08:29:50.435+0000] {python.py:237} INFO - Done. Returned value was: None
[2024-12-14T08:29:50.437+0000] {taskinstance.py:441} INFO - ::group::Post task execution logs
[2024-12-14T08:29:50.450+0000] {taskinstance.py:1206} INFO - Marking task as SUCCESS. dag_id=etl_dimention_data, task_id=load_staging.create_staging_employee, run_id=manual__2024-12-14T08:29:32.383342+00:00, execution_date=20241214T082932, start_date=20241214T082948, end_date=20241214T082950
[2024-12-14T08:29:50.473+0000] {local_task_job_runner.py:240} INFO - Task exited with return code 0
[2024-12-14T08:29:50.489+0000] {local_task_job_runner.py:222} INFO - ::endgroup::
