[2024-12-13T20:35:35.255+0000] {local_task_job_runner.py:120} INFO - ::group::Pre task execution logs
[2024-12-13T20:35:35.377+0000] {taskinstance.py:2076} INFO - Dependencies all met for dep_context=non-requeueable deps ti=<TaskInstance: migration_fit_data.load_staging.create_staging_course manual__2024-12-13T20:35:11.487363+00:00 [queued]>
[2024-12-13T20:35:35.411+0000] {taskinstance.py:2076} INFO - Dependencies all met for dep_context=requeueable deps ti=<TaskInstance: migration_fit_data.load_staging.create_staging_course manual__2024-12-13T20:35:11.487363+00:00 [queued]>
[2024-12-13T20:35:35.412+0000] {taskinstance.py:2306} INFO - Starting attempt 1 of 1
[2024-12-13T20:35:35.488+0000] {taskinstance.py:2330} INFO - Executing <Task(PythonOperator): load_staging.create_staging_course> on 2024-12-13 20:35:11.487363+00:00
[2024-12-13T20:35:35.519+0000] {warnings.py:110} WARNING - /home/***/.local/lib/python3.12/site-packages/***/task/task_runner/standard_task_runner.py:61: DeprecationWarning: This process (pid=5862) is multi-threaded, use of fork() may lead to deadlocks in the child.
  pid = os.fork()

[2024-12-13T20:35:35.524+0000] {standard_task_runner.py:63} INFO - Started process 5882 to run task
[2024-12-13T20:35:35.531+0000] {standard_task_runner.py:90} INFO - Running: ['***', 'tasks', 'run', 'migration_fit_data', 'load_staging.create_staging_course', 'manual__2024-12-13T20:35:11.487363+00:00', '--job-id', '652', '--raw', '--subdir', 'DAGS_FOLDER/elt_migrate.py', '--cfg-path', '/tmp/tmp_ip7d4i4']
[2024-12-13T20:35:35.544+0000] {standard_task_runner.py:91} INFO - Job 652: Subtask load_staging.create_staging_course
[2024-12-13T20:35:35.837+0000] {task_command.py:426} INFO - Running <TaskInstance: migration_fit_data.load_staging.create_staging_course manual__2024-12-13T20:35:11.487363+00:00 [running]> on host 1fe973f28a1c
[2024-12-13T20:35:36.600+0000] {taskinstance.py:2648} INFO - Exporting env vars: AIRFLOW_CTX_DAG_OWNER='***' AIRFLOW_CTX_DAG_ID='migration_fit_data' AIRFLOW_CTX_TASK_ID='load_staging.create_staging_course' AIRFLOW_CTX_EXECUTION_DATE='2024-12-13T20:35:11.487363+00:00' AIRFLOW_CTX_TRY_NUMBER='1' AIRFLOW_CTX_DAG_RUN_ID='manual__2024-12-13T20:35:11.487363+00:00'
[2024-12-13T20:35:36.606+0000] {taskinstance.py:430} INFO - ::endgroup::
[2024-12-13T20:35:36.706+0000] {hive.py:475} INFO - USE `default`
[2024-12-13T20:35:36.745+0000] {hive.py:475} INFO - DROP TABLE IF EXISTS default.course
[2024-12-13T20:35:36.847+0000] {hive.py:475} INFO - 
        CREATE TABLE IF NOT EXISTS default.course (
            course_id BIGINT,course_name STRING,course_code BIGINT,category STRING,total_credit BIGINT,theory_credit BIGINT,practice_credit BIGINT,self_learning_credit BIGINT   
        )   
        STORED AS PARQUET
        LOCATION '/fit_warehouse/raw/course/*.snappy.parquet'
    
[2024-12-13T20:35:36.917+0000] {hive.py:475} INFO - ANALYZE TABLE default.course COMPUTE STATISTICS
[2024-12-13T20:35:37.568+0000] {python.py:237} INFO - Done. Returned value was: None
[2024-12-13T20:35:37.569+0000] {taskinstance.py:441} INFO - ::group::Post task execution logs
[2024-12-13T20:35:37.709+0000] {taskinstance.py:1206} INFO - Marking task as SUCCESS. dag_id=migration_fit_data, task_id=load_staging.create_staging_course, run_id=manual__2024-12-13T20:35:11.487363+00:00, execution_date=20241213T203511, start_date=20241213T203535, end_date=20241213T203537
[2024-12-13T20:35:37.823+0000] {local_task_job_runner.py:240} INFO - Task exited with return code 0
[2024-12-13T20:35:38.380+0000] {taskinstance.py:3498} INFO - 0 downstream tasks scheduled from follow-on schedule check
[2024-12-13T20:35:38.390+0000] {local_task_job_runner.py:222} INFO - ::endgroup::
