[2024-12-14T16:35:47.470+0000] {local_task_job_runner.py:120} INFO - ::group::Pre task execution logs
[2024-12-14T16:35:47.722+0000] {taskinstance.py:2076} INFO - Dependencies all met for dep_context=non-requeueable deps ti=<TaskInstance: migration_fit_data.create_dwh_table.recreate_dwh_address manual__2024-12-14T16:34:48.600629+00:00 [queued]>
[2024-12-14T16:35:47.760+0000] {taskinstance.py:2076} INFO - Dependencies all met for dep_context=requeueable deps ti=<TaskInstance: migration_fit_data.create_dwh_table.recreate_dwh_address manual__2024-12-14T16:34:48.600629+00:00 [queued]>
[2024-12-14T16:35:47.762+0000] {taskinstance.py:2306} INFO - Starting attempt 1 of 1
[2024-12-14T16:35:47.843+0000] {taskinstance.py:2330} INFO - Executing <Task(PythonOperator): create_dwh_table.recreate_dwh_address> on 2024-12-14 16:34:48.600629+00:00
[2024-12-14T16:35:47.864+0000] {warnings.py:110} WARNING - /home/***/.local/lib/python3.12/site-packages/***/task/task_runner/standard_task_runner.py:61: DeprecationWarning: This process (pid=4903) is multi-threaded, use of fork() may lead to deadlocks in the child.
  pid = os.fork()

[2024-12-14T16:35:47.865+0000] {standard_task_runner.py:63} INFO - Started process 4921 to run task
[2024-12-14T16:35:47.876+0000] {standard_task_runner.py:90} INFO - Running: ['***', 'tasks', 'run', 'migration_fit_data', 'create_dwh_table.recreate_dwh_address', 'manual__2024-12-14T16:34:48.600629+00:00', '--job-id', '252', '--raw', '--subdir', 'DAGS_FOLDER/elt_migrate.py', '--cfg-path', '/tmp/tmpv6jy2tkj']
[2024-12-14T16:35:47.885+0000] {standard_task_runner.py:91} INFO - Job 252: Subtask create_dwh_table.recreate_dwh_address
[2024-12-14T16:35:47.976+0000] {task_command.py:426} INFO - Running <TaskInstance: migration_fit_data.create_dwh_table.recreate_dwh_address manual__2024-12-14T16:34:48.600629+00:00 [running]> on host 472b63b715e1
[2024-12-14T16:35:48.183+0000] {taskinstance.py:2648} INFO - Exporting env vars: AIRFLOW_CTX_DAG_OWNER='***' AIRFLOW_CTX_DAG_ID='migration_fit_data' AIRFLOW_CTX_TASK_ID='create_dwh_table.recreate_dwh_address' AIRFLOW_CTX_EXECUTION_DATE='2024-12-14T16:34:48.600629+00:00' AIRFLOW_CTX_TRY_NUMBER='1' AIRFLOW_CTX_DAG_RUN_ID='manual__2024-12-14T16:34:48.600629+00:00'
[2024-12-14T16:35:48.184+0000] {taskinstance.py:430} INFO - ::endgroup::
[2024-12-14T16:35:48.213+0000] {hive.py:475} INFO - USE `default`
[2024-12-14T16:35:48.260+0000] {hive.py:475} INFO - DROP TABLE IF EXISTS iceberg.warehouse.address
[2024-12-14T16:35:48.388+0000] {hive.py:475} INFO - CREATE DATABASE IF NOT EXISTS warehouse
[2024-12-14T16:35:48.410+0000] {hive.py:475} INFO - 
        CREATE TABLE IF NOT EXISTS iceberg.warehouse.address (
            address_id BIGINT,ward STRING,district STRING,city STRING   
        )
        USING iceberg
        LOCATION '/fit_warehouse/warehouse/address/*.snappy.parquet'
    
[2024-12-14T16:35:48.529+0000] {python.py:237} INFO - Done. Returned value was: None
[2024-12-14T16:35:48.529+0000] {taskinstance.py:441} INFO - ::group::Post task execution logs
[2024-12-14T16:35:48.713+0000] {taskinstance.py:1206} INFO - Marking task as SUCCESS. dag_id=migration_fit_data, task_id=create_dwh_table.recreate_dwh_address, run_id=manual__2024-12-14T16:34:48.600629+00:00, execution_date=20241214T163448, start_date=20241214T163547, end_date=20241214T163548
[2024-12-14T16:35:49.070+0000] {local_task_job_runner.py:240} INFO - Task exited with return code 0
[2024-12-14T16:35:49.956+0000] {taskinstance.py:3498} INFO - 0 downstream tasks scheduled from follow-on schedule check
[2024-12-14T16:35:49.970+0000] {local_task_job_runner.py:222} INFO - ::endgroup::
