[2024-12-16T14:31:53.038+0000] {local_task_job_runner.py:120} INFO - ::group::Pre task execution logs
[2024-12-16T14:31:53.362+0000] {taskinstance.py:2076} INFO - Dependencies all met for dep_context=non-requeueable deps ti=<TaskInstance: migration_fit_schema.insert_data.insert_data_lecturer manual__2024-12-16T14:31:40.044942+00:00 [queued]>
[2024-12-16T14:31:53.384+0000] {taskinstance.py:2076} INFO - Dependencies all met for dep_context=requeueable deps ti=<TaskInstance: migration_fit_schema.insert_data.insert_data_lecturer manual__2024-12-16T14:31:40.044942+00:00 [queued]>
[2024-12-16T14:31:53.384+0000] {taskinstance.py:2306} INFO - Starting attempt 1 of 1
[2024-12-16T14:31:53.407+0000] {taskinstance.py:2330} INFO - Executing <Task(PythonOperator): insert_data.insert_data_lecturer> on 2024-12-16 14:31:40.044942+00:00
[2024-12-16T14:31:53.419+0000] {warnings.py:110} WARNING - /home/***/.local/lib/python3.12/site-packages/***/task/task_runner/standard_task_runner.py:61: DeprecationWarning: This process (pid=25907) is multi-threaded, use of fork() may lead to deadlocks in the child.
  pid = os.fork()

[2024-12-16T14:31:53.421+0000] {standard_task_runner.py:63} INFO - Started process 25909 to run task
[2024-12-16T14:31:53.435+0000] {standard_task_runner.py:90} INFO - Running: ['***', 'tasks', 'run', 'migration_fit_schema', 'insert_data.insert_data_lecturer', 'manual__2024-12-16T14:31:40.044942+00:00', '--job-id', '519', '--raw', '--subdir', 'DAGS_FOLDER/etl_migrate.py', '--cfg-path', '/tmp/tmpc7n5h2wl']
[2024-12-16T14:31:53.437+0000] {standard_task_runner.py:91} INFO - Job 519: Subtask insert_data.insert_data_lecturer
[2024-12-16T14:31:53.531+0000] {task_command.py:426} INFO - Running <TaskInstance: migration_fit_schema.insert_data.insert_data_lecturer manual__2024-12-16T14:31:40.044942+00:00 [running]> on host 2f4e9c743994
[2024-12-16T14:31:53.658+0000] {taskinstance.py:2648} INFO - Exporting env vars: AIRFLOW_CTX_DAG_OWNER='***' AIRFLOW_CTX_DAG_ID='migration_fit_schema' AIRFLOW_CTX_TASK_ID='insert_data.insert_data_lecturer' AIRFLOW_CTX_EXECUTION_DATE='2024-12-16T14:31:40.044942+00:00' AIRFLOW_CTX_TRY_NUMBER='1' AIRFLOW_CTX_DAG_RUN_ID='manual__2024-12-16T14:31:40.044942+00:00'
[2024-12-16T14:31:53.661+0000] {taskinstance.py:430} INFO - ::endgroup::
[2024-12-16T14:31:54.129+0000] {__init__.py:412} INFO - GETFILESTATUS /data/raw/lecturer/ user.name=default namenode:9870
[2024-12-16T14:31:54.145+0000] {__init__.py:412} INFO - MKDIRS /data/raw/lecturer/ user.name=default namenode:9870
[2024-12-16T14:31:54.156+0000] {__init__.py:412} INFO - CREATE /data/raw/lecturer/lecturer_1734359514.csv overwrite=True async_=True user.name=default namenode:9870
[2024-12-16T14:31:54.268+0000] {python.py:237} INFO - Done. Returned value was: None
[2024-12-16T14:31:54.269+0000] {taskinstance.py:441} INFO - ::group::Post task execution logs
[2024-12-16T14:31:54.287+0000] {taskinstance.py:1206} INFO - Marking task as SUCCESS. dag_id=migration_fit_schema, task_id=insert_data.insert_data_lecturer, run_id=manual__2024-12-16T14:31:40.044942+00:00, execution_date=20241216T143140, start_date=20241216T143153, end_date=20241216T143154
[2024-12-16T14:31:54.331+0000] {local_task_job_runner.py:240} INFO - Task exited with return code 0
[2024-12-16T14:31:54.362+0000] {taskinstance.py:3498} INFO - 1 downstream tasks scheduled from follow-on schedule check
[2024-12-16T14:31:54.363+0000] {local_task_job_runner.py:222} INFO - ::endgroup::
