[2024-12-14T10:44:21.527+0000] {local_task_job_runner.py:120} INFO - ::group::Pre task execution logs
[2024-12-14T10:44:21.667+0000] {taskinstance.py:2076} INFO - Dependencies all met for dep_context=non-requeueable deps ti=<TaskInstance: migration_fit_data.load_staging.create_staging_course manual__2024-12-14T10:43:58.385775+00:00 [queued]>
[2024-12-14T10:44:21.715+0000] {taskinstance.py:2076} INFO - Dependencies all met for dep_context=requeueable deps ti=<TaskInstance: migration_fit_data.load_staging.create_staging_course manual__2024-12-14T10:43:58.385775+00:00 [queued]>
[2024-12-14T10:44:21.716+0000] {taskinstance.py:2306} INFO - Starting attempt 1 of 1
[2024-12-14T10:44:21.748+0000] {taskinstance.py:2330} INFO - Executing <Task(PythonOperator): load_staging.create_staging_course> on 2024-12-14 10:43:58.385775+00:00
[2024-12-14T10:44:21.808+0000] {warnings.py:110} WARNING - /home/***/.local/lib/python3.12/site-packages/***/task/task_runner/standard_task_runner.py:61: DeprecationWarning: This process (pid=228) is multi-threaded, use of fork() may lead to deadlocks in the child.
  pid = os.fork()

[2024-12-14T10:44:21.819+0000] {standard_task_runner.py:63} INFO - Started process 250 to run task
[2024-12-14T10:44:21.816+0000] {standard_task_runner.py:90} INFO - Running: ['***', 'tasks', 'run', 'migration_fit_data', 'load_staging.create_staging_course', 'manual__2024-12-14T10:43:58.385775+00:00', '--job-id', '33', '--raw', '--subdir', 'DAGS_FOLDER/elt_migrate.py', '--cfg-path', '/tmp/tmpix74b6ic']
[2024-12-14T10:44:21.831+0000] {standard_task_runner.py:91} INFO - Job 33: Subtask load_staging.create_staging_course
[2024-12-14T10:44:22.086+0000] {task_command.py:426} INFO - Running <TaskInstance: migration_fit_data.load_staging.create_staging_course manual__2024-12-14T10:43:58.385775+00:00 [running]> on host 06cbf31e97a5
[2024-12-14T10:44:22.489+0000] {taskinstance.py:2648} INFO - Exporting env vars: AIRFLOW_CTX_DAG_OWNER='***' AIRFLOW_CTX_DAG_ID='migration_fit_data' AIRFLOW_CTX_TASK_ID='load_staging.create_staging_course' AIRFLOW_CTX_EXECUTION_DATE='2024-12-14T10:43:58.385775+00:00' AIRFLOW_CTX_TRY_NUMBER='1' AIRFLOW_CTX_DAG_RUN_ID='manual__2024-12-14T10:43:58.385775+00:00'
[2024-12-14T10:44:22.499+0000] {taskinstance.py:430} INFO - ::endgroup::
[2024-12-14T10:44:22.857+0000] {hive.py:475} INFO - USE `default`
[2024-12-14T10:44:26.987+0000] {hive.py:475} INFO - DROP TABLE IF EXISTS default.course
[2024-12-14T10:44:27.584+0000] {hive.py:475} INFO - 
        CREATE TABLE IF NOT EXISTS default.course (
            course_id BIGINT,course_name STRING,course_code BIGINT,category STRING,total_credit BIGINT,theory_credit BIGINT,practice_credit BIGINT,self_learning_credit BIGINT   
        )   
        STORED AS PARQUET
        LOCATION '/fit_warehouse/raw/course/*.snappy.parquet'
    
[2024-12-14T10:44:29.156+0000] {hive.py:475} INFO - ANALYZE TABLE default.course COMPUTE STATISTICS
[2024-12-14T10:44:45.463+0000] {python.py:237} INFO - Done. Returned value was: None
[2024-12-14T10:44:45.464+0000] {taskinstance.py:441} INFO - ::group::Post task execution logs
[2024-12-14T10:44:45.516+0000] {taskinstance.py:1206} INFO - Marking task as SUCCESS. dag_id=migration_fit_data, task_id=load_staging.create_staging_course, run_id=manual__2024-12-14T10:43:58.385775+00:00, execution_date=20241214T104358, start_date=20241214T104421, end_date=20241214T104445
[2024-12-14T10:44:45.607+0000] {local_task_job_runner.py:240} INFO - Task exited with return code 0
[2024-12-14T10:44:45.704+0000] {taskinstance.py:3498} INFO - 14 downstream tasks scheduled from follow-on schedule check
[2024-12-14T10:44:45.705+0000] {local_task_job_runner.py:222} INFO - ::endgroup::
