[2024-12-14T10:44:53.838+0000] {local_task_job_runner.py:120} INFO - ::group::Pre task execution logs
[2024-12-14T10:44:54.034+0000] {taskinstance.py:2076} INFO - Dependencies all met for dep_context=non-requeueable deps ti=<TaskInstance: migration_fit_data.create_dwh_table.recreate_dwh_program_semester manual__2024-12-14T10:43:58.385775+00:00 [queued]>
[2024-12-14T10:44:54.174+0000] {taskinstance.py:2076} INFO - Dependencies all met for dep_context=requeueable deps ti=<TaskInstance: migration_fit_data.create_dwh_table.recreate_dwh_program_semester manual__2024-12-14T10:43:58.385775+00:00 [queued]>
[2024-12-14T10:44:54.184+0000] {taskinstance.py:2306} INFO - Starting attempt 1 of 1
[2024-12-14T10:44:54.333+0000] {taskinstance.py:2330} INFO - Executing <Task(PythonOperator): create_dwh_table.recreate_dwh_program_semester> on 2024-12-14 10:43:58.385775+00:00
[2024-12-14T10:44:54.412+0000] {standard_task_runner.py:90} INFO - Running: ['***', 'tasks', 'run', 'migration_fit_data', 'create_dwh_table.recreate_dwh_program_semester', 'manual__2024-12-14T10:43:58.385775+00:00', '--job-id', '50', '--raw', '--subdir', 'DAGS_FOLDER/elt_migrate.py', '--cfg-path', '/tmp/tmpavsy87rq']
[2024-12-14T10:44:54.420+0000] {standard_task_runner.py:91} INFO - Job 50: Subtask create_dwh_table.recreate_dwh_program_semester
[2024-12-14T10:44:54.424+0000] {warnings.py:110} WARNING - /home/***/.local/lib/python3.12/site-packages/***/task/task_runner/standard_task_runner.py:61: DeprecationWarning: This process (pid=279) is multi-threaded, use of fork() may lead to deadlocks in the child.
  pid = os.fork()

[2024-12-14T10:44:54.433+0000] {standard_task_runner.py:63} INFO - Started process 303 to run task
[2024-12-14T10:44:54.819+0000] {task_command.py:426} INFO - Running <TaskInstance: migration_fit_data.create_dwh_table.recreate_dwh_program_semester manual__2024-12-14T10:43:58.385775+00:00 [running]> on host 06cbf31e97a5
[2024-12-14T10:44:55.056+0000] {taskinstance.py:2648} INFO - Exporting env vars: AIRFLOW_CTX_DAG_OWNER='***' AIRFLOW_CTX_DAG_ID='migration_fit_data' AIRFLOW_CTX_TASK_ID='create_dwh_table.recreate_dwh_program_semester' AIRFLOW_CTX_EXECUTION_DATE='2024-12-14T10:43:58.385775+00:00' AIRFLOW_CTX_TRY_NUMBER='1' AIRFLOW_CTX_DAG_RUN_ID='manual__2024-12-14T10:43:58.385775+00:00'
[2024-12-14T10:44:55.057+0000] {taskinstance.py:430} INFO - ::endgroup::
[2024-12-14T10:44:55.080+0000] {hive.py:475} INFO - USE `default`
[2024-12-14T10:44:55.168+0000] {hive.py:475} INFO - DROP TABLE IF EXISTS iceberg.warehouse.program_semester
[2024-12-14T10:44:55.238+0000] {hive.py:475} INFO - CREATE DATABASE IF NOT EXISTS warehouse
[2024-12-14T10:44:55.423+0000] {hive.py:475} INFO - 
        CREATE TABLE IF NOT EXISTS iceberg.warehouse.program_semester (
            program_semester_id STRING,program_id STRING,semester_name STRING,total_credit BIGINT,required_credit BIGINT,elective_credit BIGINT   
        )
        USING iceberg
        LOCATION '/fit_warehouse/warehouse/program_semester/*.snappy.parquet'
    
[2024-12-14T10:44:57.661+0000] {python.py:237} INFO - Done. Returned value was: None
[2024-12-14T10:44:57.662+0000] {taskinstance.py:441} INFO - ::group::Post task execution logs
[2024-12-14T10:44:57.709+0000] {taskinstance.py:1206} INFO - Marking task as SUCCESS. dag_id=migration_fit_data, task_id=create_dwh_table.recreate_dwh_program_semester, run_id=manual__2024-12-14T10:43:58.385775+00:00, execution_date=20241214T104358, start_date=20241214T104454, end_date=20241214T104457
[2024-12-14T10:44:57.790+0000] {local_task_job_runner.py:240} INFO - Task exited with return code 0
[2024-12-14T10:44:57.848+0000] {local_task_job_runner.py:222} INFO - ::endgroup::
