[2024-12-17T05:32:31.909+0000] {local_task_job_runner.py:120} INFO - ::group::Pre task execution logs
[2024-12-17T05:32:32.883+0000] {taskinstance.py:2076} INFO - Dependencies all met for dep_context=non-requeueable deps ti=<TaskInstance: migration_fit_data.insert_warehouse.insert_dwh_student manual__2024-12-17T05:30:38.897078+00:00 [queued]>
[2024-12-17T05:32:33.261+0000] {taskinstance.py:2076} INFO - Dependencies all met for dep_context=requeueable deps ti=<TaskInstance: migration_fit_data.insert_warehouse.insert_dwh_student manual__2024-12-17T05:30:38.897078+00:00 [queued]>
[2024-12-17T05:32:33.264+0000] {taskinstance.py:2306} INFO - Starting attempt 1 of 1
[2024-12-17T05:32:33.733+0000] {taskinstance.py:2330} INFO - Executing <Task(PythonOperator): insert_warehouse.insert_dwh_student> on 2024-12-17 05:30:38.897078+00:00
[2024-12-17T05:32:33.970+0000] {warnings.py:110} WARNING - /home/***/.local/lib/python3.12/site-packages/***/task/task_runner/standard_task_runner.py:61: DeprecationWarning: This process (pid=38359) is multi-threaded, use of fork() may lead to deadlocks in the child.
  pid = os.fork()

[2024-12-17T05:32:33.998+0000] {standard_task_runner.py:63} INFO - Started process 38390 to run task
[2024-12-17T05:32:34.040+0000] {standard_task_runner.py:90} INFO - Running: ['***', 'tasks', 'run', 'migration_fit_data', 'insert_warehouse.insert_dwh_student', 'manual__2024-12-17T05:30:38.897078+00:00', '--job-id', '941', '--raw', '--subdir', 'DAGS_FOLDER/elt_migrate.py', '--cfg-path', '/tmp/tmpa43br0u1']
[2024-12-17T05:32:34.108+0000] {standard_task_runner.py:91} INFO - Job 941: Subtask insert_warehouse.insert_dwh_student
[2024-12-17T05:32:35.253+0000] {task_command.py:426} INFO - Running <TaskInstance: migration_fit_data.insert_warehouse.insert_dwh_student manual__2024-12-17T05:30:38.897078+00:00 [running]> on host 2f4e9c743994
[2024-12-17T05:32:37.883+0000] {taskinstance.py:2648} INFO - Exporting env vars: AIRFLOW_CTX_DAG_OWNER='***' AIRFLOW_CTX_DAG_ID='migration_fit_data' AIRFLOW_CTX_TASK_ID='insert_warehouse.insert_dwh_student' AIRFLOW_CTX_EXECUTION_DATE='2024-12-17T05:30:38.897078+00:00' AIRFLOW_CTX_TRY_NUMBER='1' AIRFLOW_CTX_DAG_RUN_ID='manual__2024-12-17T05:30:38.897078+00:00'
[2024-12-17T05:32:37.892+0000] {taskinstance.py:430} INFO - ::endgroup::
[2024-12-17T05:32:38.090+0000] {hive.py:475} INFO - USE `default`
[2024-12-17T05:32:38.211+0000] {hive.py:475} INFO - SELECT COUNT(*) FROM default.student
[2024-12-17T05:32:39.237+0000] {logging_mixin.py:188} INFO - SELECT COUNT(*) FROM default.student --- 470
[2024-12-17T05:32:39.264+0000] {hive.py:475} INFO - 
            MERGE INTO iceberg.warehouse.student t
            USING default.student s
            ON t.student_id=s.student_id
            WHEN MATCHED 
                THEN UPDATE SET 
                t.student_id=s.student_id,t.student_name=s.student_name,t.class_name=s.class_name,t.edu_mail=s.edu_mail,t.address_id=s.address_id,t.national_id=s.national_id,t.key_year=s.key_year,t.gender=s.gender,t.student_dob=s.student_dob
            WHEN NOT MATCHED 
                THEN INSERT *
        
[2024-12-17T05:32:50.453+0000] {python.py:237} INFO - Done. Returned value was: None
[2024-12-17T05:32:50.453+0000] {taskinstance.py:441} INFO - ::group::Post task execution logs
[2024-12-17T05:32:50.474+0000] {taskinstance.py:1206} INFO - Marking task as SUCCESS. dag_id=migration_fit_data, task_id=insert_warehouse.insert_dwh_student, run_id=manual__2024-12-17T05:30:38.897078+00:00, execution_date=20241217T053038, start_date=20241217T053232, end_date=20241217T053250
[2024-12-17T05:32:50.552+0000] {local_task_job_runner.py:240} INFO - Task exited with return code 0
[2024-12-17T05:32:50.642+0000] {taskinstance.py:3498} INFO - 0 downstream tasks scheduled from follow-on schedule check
[2024-12-17T05:32:50.651+0000] {local_task_job_runner.py:222} INFO - ::endgroup::
