[2024-12-14T20:17:51.449+0000] {local_task_job_runner.py:120} INFO - ::group::Pre task execution logs
[2024-12-14T20:17:51.931+0000] {taskinstance.py:2076} INFO - Dependencies all met for dep_context=non-requeueable deps ti=<TaskInstance: migration_fit_data.load_staging.create_staging_program manual__2024-12-14T20:17:26.395846+00:00 [queued]>
[2024-12-14T20:17:52.074+0000] {taskinstance.py:2076} INFO - Dependencies all met for dep_context=requeueable deps ti=<TaskInstance: migration_fit_data.load_staging.create_staging_program manual__2024-12-14T20:17:26.395846+00:00 [queued]>
[2024-12-14T20:17:52.089+0000] {taskinstance.py:2306} INFO - Starting attempt 1 of 1
[2024-12-14T20:17:52.360+0000] {taskinstance.py:2330} INFO - Executing <Task(PythonOperator): load_staging.create_staging_program> on 2024-12-14 20:17:26.395846+00:00
[2024-12-14T20:17:52.552+0000] {warnings.py:110} WARNING - /home/***/.local/lib/python3.12/site-packages/***/task/task_runner/standard_task_runner.py:61: DeprecationWarning: This process (pid=8024) is multi-threaded, use of fork() may lead to deadlocks in the child.
  pid = os.fork()

[2024-12-14T20:17:52.552+0000] {standard_task_runner.py:90} INFO - Running: ['***', 'tasks', 'run', 'migration_fit_data', 'load_staging.create_staging_program', 'manual__2024-12-14T20:17:26.395846+00:00', '--job-id', '375', '--raw', '--subdir', 'DAGS_FOLDER/elt_migrate.py', '--cfg-path', '/tmp/tmpl2ojafif']
[2024-12-14T20:17:52.583+0000] {standard_task_runner.py:91} INFO - Job 375: Subtask load_staging.create_staging_program
[2024-12-14T20:17:52.583+0000] {standard_task_runner.py:63} INFO - Started process 8063 to run task
[2024-12-14T20:17:53.155+0000] {task_command.py:426} INFO - Running <TaskInstance: migration_fit_data.load_staging.create_staging_program manual__2024-12-14T20:17:26.395846+00:00 [running]> on host 472b63b715e1
[2024-12-14T20:17:54.301+0000] {taskinstance.py:2648} INFO - Exporting env vars: AIRFLOW_CTX_DAG_OWNER='***' AIRFLOW_CTX_DAG_ID='migration_fit_data' AIRFLOW_CTX_TASK_ID='load_staging.create_staging_program' AIRFLOW_CTX_EXECUTION_DATE='2024-12-14T20:17:26.395846+00:00' AIRFLOW_CTX_TRY_NUMBER='1' AIRFLOW_CTX_DAG_RUN_ID='manual__2024-12-14T20:17:26.395846+00:00'
[2024-12-14T20:17:54.317+0000] {taskinstance.py:430} INFO - ::endgroup::
[2024-12-14T20:17:54.444+0000] {hive.py:475} INFO - USE `default`
[2024-12-14T20:17:55.247+0000] {hive.py:475} INFO - DROP TABLE IF EXISTS default.program
[2024-12-14T20:17:56.399+0000] {hive.py:475} INFO - 
        CREATE TABLE IF NOT EXISTS default.program (
            program_id STRING,class_of STRING   
        )   
        STORED AS PARQUET
        LOCATION '/fit_warehouse/raw/program/*.snappy.parquet'
    
[2024-12-14T20:17:57.389+0000] {hive.py:475} INFO - ANALYZE TABLE default.program COMPUTE STATISTICS
[2024-12-14T20:18:00.977+0000] {python.py:237} INFO - Done. Returned value was: None
[2024-12-14T20:18:00.978+0000] {taskinstance.py:441} INFO - ::group::Post task execution logs
[2024-12-14T20:18:00.998+0000] {taskinstance.py:1206} INFO - Marking task as SUCCESS. dag_id=migration_fit_data, task_id=load_staging.create_staging_program, run_id=manual__2024-12-14T20:17:26.395846+00:00, execution_date=20241214T201726, start_date=20241214T201751, end_date=20241214T201800
[2024-12-14T20:18:01.082+0000] {local_task_job_runner.py:240} INFO - Task exited with return code 0
[2024-12-14T20:18:01.149+0000] {taskinstance.py:3498} INFO - 14 downstream tasks scheduled from follow-on schedule check
[2024-12-14T20:18:01.150+0000] {local_task_job_runner.py:222} INFO - ::endgroup::
