[2024-12-15T04:27:21.823+0000] {local_task_job_runner.py:120} INFO - ::group::Pre task execution logs
[2024-12-15T04:27:21.851+0000] {taskinstance.py:2076} INFO - Dependencies all met for dep_context=non-requeueable deps ti=<TaskInstance: etl_instruction_fact_data.insert_warehouse.insert_dwh_instruction_lecturer manual__2024-12-15T04:27:12.445474+00:00 [queued]>
[2024-12-15T04:27:21.861+0000] {taskinstance.py:2076} INFO - Dependencies all met for dep_context=requeueable deps ti=<TaskInstance: etl_instruction_fact_data.insert_warehouse.insert_dwh_instruction_lecturer manual__2024-12-15T04:27:12.445474+00:00 [queued]>
[2024-12-15T04:27:21.862+0000] {taskinstance.py:2306} INFO - Starting attempt 1 of 1
[2024-12-15T04:27:21.879+0000] {taskinstance.py:2330} INFO - Executing <Task(PythonOperator): insert_warehouse.insert_dwh_instruction_lecturer> on 2024-12-15 04:27:12.445474+00:00
[2024-12-15T04:27:21.889+0000] {warnings.py:110} WARNING - /home/***/.local/lib/python3.12/site-packages/***/task/task_runner/standard_task_runner.py:61: DeprecationWarning: This process (pid=360) is multi-threaded, use of fork() may lead to deadlocks in the child.
  pid = os.fork()

[2024-12-15T04:27:21.898+0000] {standard_task_runner.py:63} INFO - Started process 365 to run task
[2024-12-15T04:27:21.899+0000] {standard_task_runner.py:90} INFO - Running: ['***', 'tasks', 'run', 'etl_instruction_fact_data', 'insert_warehouse.insert_dwh_instruction_lecturer', 'manual__2024-12-15T04:27:12.445474+00:00', '--job-id', '440', '--raw', '--subdir', 'DAGS_FOLDER/elt_instruction_fact.py', '--cfg-path', '/tmp/tmpxjvy0zpl']
[2024-12-15T04:27:21.908+0000] {standard_task_runner.py:91} INFO - Job 440: Subtask insert_warehouse.insert_dwh_instruction_lecturer
[2024-12-15T04:27:21.976+0000] {task_command.py:426} INFO - Running <TaskInstance: etl_instruction_fact_data.insert_warehouse.insert_dwh_instruction_lecturer manual__2024-12-15T04:27:12.445474+00:00 [running]> on host 2f4e9c743994
[2024-12-15T04:27:22.123+0000] {taskinstance.py:2648} INFO - Exporting env vars: AIRFLOW_CTX_DAG_OWNER='***' AIRFLOW_CTX_DAG_ID='etl_instruction_fact_data' AIRFLOW_CTX_TASK_ID='insert_warehouse.insert_dwh_instruction_lecturer' AIRFLOW_CTX_EXECUTION_DATE='2024-12-15T04:27:12.445474+00:00' AIRFLOW_CTX_TRY_NUMBER='1' AIRFLOW_CTX_DAG_RUN_ID='manual__2024-12-15T04:27:12.445474+00:00'
[2024-12-15T04:27:22.124+0000] {taskinstance.py:430} INFO - ::endgroup::
[2024-12-15T04:27:22.136+0000] {hive.py:475} INFO - USE `default`
[2024-12-15T04:27:22.151+0000] {hive.py:475} INFO - SELECT COUNT(*) FROM default.instruction_lecturer
[2024-12-15T04:27:22.551+0000] {logging_mixin.py:188} INFO - SELECT COUNT(*) FROM default.instruction_lecturer --- 0
[2024-12-15T04:27:22.551+0000] {logging_mixin.py:188} INFO - STAGING HAS NO DATA, SKIPPING...
[2024-12-15T04:27:22.552+0000] {python.py:237} INFO - Done. Returned value was: None
[2024-12-15T04:27:22.555+0000] {taskinstance.py:441} INFO - ::group::Post task execution logs
[2024-12-15T04:27:22.572+0000] {taskinstance.py:1206} INFO - Marking task as SUCCESS. dag_id=etl_instruction_fact_data, task_id=insert_warehouse.insert_dwh_instruction_lecturer, run_id=manual__2024-12-15T04:27:12.445474+00:00, execution_date=20241215T042712, start_date=20241215T042721, end_date=20241215T042722
[2024-12-15T04:27:22.646+0000] {local_task_job_runner.py:240} INFO - Task exited with return code 0
[2024-12-15T04:27:22.760+0000] {taskinstance.py:3498} INFO - 6 downstream tasks scheduled from follow-on schedule check
[2024-12-15T04:27:22.761+0000] {local_task_job_runner.py:222} INFO - ::endgroup::
