[2024-12-18T18:48:34.473+0000] {local_task_job_runner.py:120} INFO - ::group::Pre task execution logs
[2024-12-18T18:48:34.888+0000] {taskinstance.py:2076} INFO - Dependencies all met for dep_context=non-requeueable deps ti=<TaskInstance: migration_fit_data.load_staging.create_staging_lecturer manual__2024-12-18T18:47:46.249957+00:00 [queued]>
[2024-12-18T18:48:35.162+0000] {taskinstance.py:2076} INFO - Dependencies all met for dep_context=requeueable deps ti=<TaskInstance: migration_fit_data.load_staging.create_staging_lecturer manual__2024-12-18T18:47:46.249957+00:00 [queued]>
[2024-12-18T18:48:35.163+0000] {taskinstance.py:2306} INFO - Starting attempt 1 of 1
[2024-12-18T18:48:35.578+0000] {taskinstance.py:2330} INFO - Executing <Task(PythonOperator): load_staging.create_staging_lecturer> on 2024-12-18 18:47:46.249957+00:00
[2024-12-18T18:48:35.824+0000] {warnings.py:110} WARNING - /home/***/.local/lib/python3.12/site-packages/***/task/task_runner/standard_task_runner.py:61: DeprecationWarning: This process (pid=1278) is multi-threaded, use of fork() may lead to deadlocks in the child.
  pid = os.fork()

[2024-12-18T18:48:35.874+0000] {standard_task_runner.py:63} INFO - Started process 1307 to run task
[2024-12-18T18:48:35.856+0000] {standard_task_runner.py:90} INFO - Running: ['***', 'tasks', 'run', 'migration_fit_data', 'load_staging.create_staging_lecturer', 'manual__2024-12-18T18:47:46.249957+00:00', '--job-id', '1121', '--raw', '--subdir', 'DAGS_FOLDER/elt_migrate.py', '--cfg-path', '/tmp/tmp05olxz1n']
[2024-12-18T18:48:35.886+0000] {standard_task_runner.py:91} INFO - Job 1121: Subtask load_staging.create_staging_lecturer
[2024-12-18T18:48:36.129+0000] {task_command.py:426} INFO - Running <TaskInstance: migration_fit_data.load_staging.create_staging_lecturer manual__2024-12-18T18:47:46.249957+00:00 [running]> on host 33a17f71e955
[2024-12-18T18:48:36.840+0000] {taskinstance.py:2648} INFO - Exporting env vars: AIRFLOW_CTX_DAG_OWNER='***' AIRFLOW_CTX_DAG_ID='migration_fit_data' AIRFLOW_CTX_TASK_ID='load_staging.create_staging_lecturer' AIRFLOW_CTX_EXECUTION_DATE='2024-12-18T18:47:46.249957+00:00' AIRFLOW_CTX_TRY_NUMBER='1' AIRFLOW_CTX_DAG_RUN_ID='manual__2024-12-18T18:47:46.249957+00:00'
[2024-12-18T18:48:36.860+0000] {taskinstance.py:430} INFO - ::endgroup::
[2024-12-18T18:48:37.022+0000] {hive.py:475} INFO - USE `default`
[2024-12-18T18:48:46.643+0000] {hive.py:475} INFO - DROP TABLE IF EXISTS default.lecturer
[2024-12-18T18:48:48.942+0000] {hive.py:475} INFO - 
        CREATE TABLE IF NOT EXISTS default.lecturer (
            lecturer_id BIGINT,employee_id BIGINT,academic_title STRING,academic_title_date TIMESTAMP,degree STRING,degree_issue_date TIMESTAMP,degree_issue_place STRING,major STRING,department STRING,number_of_exp BIGINT   
        )   
        STORED AS PARQUET
        LOCATION '/fit_warehouse/raw/lecturer/*.snappy.parquet'
    
[2024-12-18T18:48:57.521+0000] {hive.py:475} INFO - ANALYZE TABLE default.lecturer COMPUTE STATISTICS
[2024-12-18T18:49:44.243+0000] {python.py:237} INFO - Done. Returned value was: None
[2024-12-18T18:49:44.244+0000] {taskinstance.py:441} INFO - ::group::Post task execution logs
[2024-12-18T18:49:44.265+0000] {taskinstance.py:1206} INFO - Marking task as SUCCESS. dag_id=migration_fit_data, task_id=load_staging.create_staging_lecturer, run_id=manual__2024-12-18T18:47:46.249957+00:00, execution_date=20241218T184746, start_date=20241218T184834, end_date=20241218T184944
[2024-12-18T18:49:44.371+0000] {local_task_job_runner.py:240} INFO - Task exited with return code 0
[2024-12-18T18:49:44.572+0000] {taskinstance.py:3498} INFO - 0 downstream tasks scheduled from follow-on schedule check
[2024-12-18T18:49:44.574+0000] {local_task_job_runner.py:222} INFO - ::endgroup::
