[2024-12-18T18:48:09.453+0000] {local_task_job_runner.py:120} INFO - ::group::Pre task execution logs
[2024-12-18T18:48:09.781+0000] {taskinstance.py:2076} INFO - Dependencies all met for dep_context=non-requeueable deps ti=<TaskInstance: migration_fit_data.get_raw_data.extract_raw_enroll_student manual__2024-12-18T18:47:46.249957+00:00 [queued]>
[2024-12-18T18:48:09.869+0000] {taskinstance.py:2076} INFO - Dependencies all met for dep_context=requeueable deps ti=<TaskInstance: migration_fit_data.get_raw_data.extract_raw_enroll_student manual__2024-12-18T18:47:46.249957+00:00 [queued]>
[2024-12-18T18:48:09.869+0000] {taskinstance.py:2306} INFO - Starting attempt 1 of 1
[2024-12-18T18:48:10.957+0000] {taskinstance.py:2330} INFO - Executing <Task(PythonOperator): get_raw_data.extract_raw_enroll_student> on 2024-12-18 18:47:46.249957+00:00
[2024-12-18T18:48:11.149+0000] {warnings.py:110} WARNING - /home/***/.local/lib/python3.12/site-packages/***/task/task_runner/standard_task_runner.py:61: DeprecationWarning: This process (pid=1221) is multi-threaded, use of fork() may lead to deadlocks in the child.
  pid = os.fork()

[2024-12-18T18:48:11.229+0000] {standard_task_runner.py:63} INFO - Started process 1260 to run task
[2024-12-18T18:48:11.204+0000] {standard_task_runner.py:90} INFO - Running: ['***', 'tasks', 'run', 'migration_fit_data', 'get_raw_data.extract_raw_enroll_student', 'manual__2024-12-18T18:47:46.249957+00:00', '--job-id', '1114', '--raw', '--subdir', 'DAGS_FOLDER/elt_migrate.py', '--cfg-path', '/tmp/tmpiokka1dv']
[2024-12-18T18:48:11.275+0000] {standard_task_runner.py:91} INFO - Job 1114: Subtask get_raw_data.extract_raw_enroll_student
[2024-12-18T18:48:11.655+0000] {task_command.py:426} INFO - Running <TaskInstance: migration_fit_data.get_raw_data.extract_raw_enroll_student manual__2024-12-18T18:47:46.249957+00:00 [running]> on host 33a17f71e955
[2024-12-18T18:48:13.124+0000] {taskinstance.py:2648} INFO - Exporting env vars: AIRFLOW_CTX_DAG_OWNER='***' AIRFLOW_CTX_DAG_ID='migration_fit_data' AIRFLOW_CTX_TASK_ID='get_raw_data.extract_raw_enroll_student' AIRFLOW_CTX_EXECUTION_DATE='2024-12-18T18:47:46.249957+00:00' AIRFLOW_CTX_TRY_NUMBER='1' AIRFLOW_CTX_DAG_RUN_ID='manual__2024-12-18T18:47:46.249957+00:00'
[2024-12-18T18:48:13.145+0000] {taskinstance.py:430} INFO - ::endgroup::
[2024-12-18T18:48:14.674+0000] {__init__.py:412} INFO - DELETE /fit_warehouse/raw/enroll_student/ recursive=True user.name=default namenode:9870
[2024-12-18T18:48:14.734+0000] {__init__.py:412} INFO - GETFILESTATUS /fit_warehouse/raw/enroll_student/ user.name=default namenode:9870
[2024-12-18T18:48:14.770+0000] {__init__.py:412} INFO - MKDIRS /fit_warehouse/raw/enroll_student/ user.name=default namenode:9870
[2024-12-18T18:48:14.794+0000] {__init__.py:412} INFO - CREATE /fit_warehouse/raw/enroll_student/enroll_student_01.snappy.parquet overwrite=True async_=True user.name=default namenode:9870
[2024-12-18T18:48:14.937+0000] {python.py:237} INFO - Done. Returned value was: None
[2024-12-18T18:48:14.937+0000] {taskinstance.py:441} INFO - ::group::Post task execution logs
[2024-12-18T18:48:14.963+0000] {taskinstance.py:1206} INFO - Marking task as SUCCESS. dag_id=migration_fit_data, task_id=get_raw_data.extract_raw_enroll_student, run_id=manual__2024-12-18T18:47:46.249957+00:00, execution_date=20241218T184746, start_date=20241218T184809, end_date=20241218T184814
[2024-12-18T18:48:15.006+0000] {local_task_job_runner.py:240} INFO - Task exited with return code 0
[2024-12-18T18:48:15.229+0000] {taskinstance.py:3498} INFO - 14 downstream tasks scheduled from follow-on schedule check
[2024-12-18T18:48:15.232+0000] {local_task_job_runner.py:222} INFO - ::endgroup::
