[2024-12-19T04:32:01.821+0000] {local_task_job_runner.py:120} INFO - ::group::Pre task execution logs
[2024-12-19T04:32:01.877+0000] {taskinstance.py:2076} INFO - Dependencies all met for dep_context=non-requeueable deps ti=<TaskInstance: ELT_instruction_fact_data.load_staging.create_staging_instruction_lecturer manual__2024-12-19T04:31:53.404189+00:00 [queued]>
[2024-12-19T04:32:01.911+0000] {taskinstance.py:2076} INFO - Dependencies all met for dep_context=requeueable deps ti=<TaskInstance: ELT_instruction_fact_data.load_staging.create_staging_instruction_lecturer manual__2024-12-19T04:31:53.404189+00:00 [queued]>
[2024-12-19T04:32:01.914+0000] {taskinstance.py:2306} INFO - Starting attempt 1 of 1
[2024-12-19T04:32:01.956+0000] {taskinstance.py:2330} INFO - Executing <Task(PythonOperator): load_staging.create_staging_instruction_lecturer> on 2024-12-19 04:31:53.404189+00:00
[2024-12-19T04:32:02.017+0000] {standard_task_runner.py:90} INFO - Running: ['***', 'tasks', 'run', 'ELT_instruction_fact_data', 'load_staging.create_staging_instruction_lecturer', 'manual__2024-12-19T04:31:53.404189+00:00', '--job-id', '1282', '--raw', '--subdir', 'DAGS_FOLDER/elt_instruction_fact.py', '--cfg-path', '/tmp/tmpklnxwc50']
[2024-12-19T04:32:02.026+0000] {standard_task_runner.py:91} INFO - Job 1282: Subtask load_staging.create_staging_instruction_lecturer
[2024-12-19T04:32:02.018+0000] {warnings.py:110} WARNING - /home/***/.local/lib/python3.12/site-packages/***/task/task_runner/standard_task_runner.py:61: DeprecationWarning: This process (pid=8751) is multi-threaded, use of fork() may lead to deadlocks in the child.
  pid = os.fork()

[2024-12-19T04:32:02.027+0000] {standard_task_runner.py:63} INFO - Started process 8755 to run task
[2024-12-19T04:32:02.208+0000] {task_command.py:426} INFO - Running <TaskInstance: ELT_instruction_fact_data.load_staging.create_staging_instruction_lecturer manual__2024-12-19T04:31:53.404189+00:00 [running]> on host 33a17f71e955
[2024-12-19T04:32:02.604+0000] {taskinstance.py:2648} INFO - Exporting env vars: AIRFLOW_CTX_DAG_OWNER='***' AIRFLOW_CTX_DAG_ID='ELT_instruction_fact_data' AIRFLOW_CTX_TASK_ID='load_staging.create_staging_instruction_lecturer' AIRFLOW_CTX_EXECUTION_DATE='2024-12-19T04:31:53.404189+00:00' AIRFLOW_CTX_TRY_NUMBER='1' AIRFLOW_CTX_DAG_RUN_ID='manual__2024-12-19T04:31:53.404189+00:00'
[2024-12-19T04:32:02.610+0000] {taskinstance.py:430} INFO - ::endgroup::
[2024-12-19T04:32:02.659+0000] {hive.py:475} INFO - USE `default`
[2024-12-19T04:32:02.847+0000] {hive.py:475} INFO - DROP TABLE IF EXISTS default.instruction_lecturer
[2024-12-19T04:32:03.107+0000] {hive.py:475} INFO - 
        CREATE TABLE IF NOT EXISTS default.instruction_lecturer (
            instruction_lecturer_id BIGINT,instruction_id BIGINT,lecturer_id BIGINT,lecturer_type STRING   
        )   
        STORED AS PARQUET
        LOCATION '/fit_warehouse/raw/instruction_lecturer/*.snappy.parquet'
    
[2024-12-19T04:32:03.274+0000] {hive.py:475} INFO - ANALYZE TABLE default.instruction_lecturer COMPUTE STATISTICS
[2024-12-19T04:32:04.313+0000] {python.py:237} INFO - Done. Returned value was: None
[2024-12-19T04:32:04.314+0000] {taskinstance.py:441} INFO - ::group::Post task execution logs
[2024-12-19T04:32:04.338+0000] {taskinstance.py:1206} INFO - Marking task as SUCCESS. dag_id=ELT_instruction_fact_data, task_id=load_staging.create_staging_instruction_lecturer, run_id=manual__2024-12-19T04:31:53.404189+00:00, execution_date=20241219T043153, start_date=20241219T043201, end_date=20241219T043204
[2024-12-19T04:32:04.374+0000] {local_task_job_runner.py:240} INFO - Task exited with return code 0
[2024-12-19T04:32:04.435+0000] {taskinstance.py:3498} INFO - 0 downstream tasks scheduled from follow-on schedule check
[2024-12-19T04:32:04.441+0000] {local_task_job_runner.py:222} INFO - ::endgroup::
