[2024-12-16T15:20:20.421+0000] {local_task_job_runner.py:120} INFO - ::group::Pre task execution logs
[2024-12-16T15:20:20.505+0000] {taskinstance.py:2076} INFO - Dependencies all met for dep_context=non-requeueable deps ti=<TaskInstance: migration_fit_data.load_to_clickhouse.load_clickhouse_student_performance manual__2024-12-16T15:15:27.291042+00:00 [queued]>
[2024-12-16T15:20:20.606+0000] {taskinstance.py:2076} INFO - Dependencies all met for dep_context=requeueable deps ti=<TaskInstance: migration_fit_data.load_to_clickhouse.load_clickhouse_student_performance manual__2024-12-16T15:15:27.291042+00:00 [queued]>
[2024-12-16T15:20:20.609+0000] {taskinstance.py:2306} INFO - Starting attempt 1 of 1
[2024-12-16T15:20:20.675+0000] {taskinstance.py:2330} INFO - Executing <Task(PythonOperator): load_to_clickhouse.load_clickhouse_student_performance> on 2024-12-16 15:15:27.291042+00:00
[2024-12-16T15:20:20.722+0000] {warnings.py:110} WARNING - /home/***/.local/lib/python3.12/site-packages/***/task/task_runner/standard_task_runner.py:61: DeprecationWarning: This process (pid=26960) is multi-threaded, use of fork() may lead to deadlocks in the child.
  pid = os.fork()

[2024-12-16T15:20:20.734+0000] {standard_task_runner.py:63} INFO - Started process 26978 to run task
[2024-12-16T15:20:20.743+0000] {standard_task_runner.py:90} INFO - Running: ['***', 'tasks', 'run', 'migration_fit_data', 'load_to_clickhouse.load_clickhouse_student_performance', 'manual__2024-12-16T15:15:27.291042+00:00', '--job-id', '652', '--raw', '--subdir', 'DAGS_FOLDER/elt_migrate.py', '--cfg-path', '/tmp/tmp8xir_igs']
[2024-12-16T15:20:20.754+0000] {standard_task_runner.py:91} INFO - Job 652: Subtask load_to_clickhouse.load_clickhouse_student_performance
[2024-12-16T15:20:20.978+0000] {task_command.py:426} INFO - Running <TaskInstance: migration_fit_data.load_to_clickhouse.load_clickhouse_student_performance manual__2024-12-16T15:15:27.291042+00:00 [running]> on host 2f4e9c743994
[2024-12-16T15:20:21.667+0000] {taskinstance.py:2648} INFO - Exporting env vars: AIRFLOW_CTX_DAG_OWNER='***' AIRFLOW_CTX_DAG_ID='migration_fit_data' AIRFLOW_CTX_TASK_ID='load_to_clickhouse.load_clickhouse_student_performance' AIRFLOW_CTX_EXECUTION_DATE='2024-12-16T15:15:27.291042+00:00' AIRFLOW_CTX_TRY_NUMBER='1' AIRFLOW_CTX_DAG_RUN_ID='manual__2024-12-16T15:15:27.291042+00:00'
[2024-12-16T15:20:21.671+0000] {taskinstance.py:430} INFO - ::endgroup::
[2024-12-16T15:20:22.022+0000] {taskinstance.py:441} INFO - ::group::Post task execution logs
[2024-12-16T15:20:22.024+0000] {taskinstance.py:2905} ERROR - Task failed with exception
Traceback (most recent call last):
  File "/home/airflow/.local/lib/python3.12/site-packages/airflow/models/taskinstance.py", line 465, in _execute_task
    result = _execute_callable(context=context, **execute_callable_kwargs)
             ^^^^^^^^^^^^^^^^^^^^^^^^^^^^^^^^^^^^^^^^^^^^^^^^^^^^^^^^^^^^^
  File "/home/airflow/.local/lib/python3.12/site-packages/airflow/models/taskinstance.py", line 432, in _execute_callable
    return execute_callable(context=context, **execute_callable_kwargs)
           ^^^^^^^^^^^^^^^^^^^^^^^^^^^^^^^^^^^^^^^^^^^^^^^^^^^^^^^^^^^^
  File "/home/airflow/.local/lib/python3.12/site-packages/airflow/models/baseoperator.py", line 400, in wrapper
    return func(self, *args, **kwargs)
           ^^^^^^^^^^^^^^^^^^^^^^^^^^^
  File "/home/airflow/.local/lib/python3.12/site-packages/airflow/operators/python.py", line 235, in execute
    return_value = self.execute_callable()
                   ^^^^^^^^^^^^^^^^^^^^^^^
  File "/home/airflow/.local/lib/python3.12/site-packages/airflow/operators/python.py", line 252, in execute_callable
    return self.python_callable(*self.op_args, **self.op_kwargs)
           ^^^^^^^^^^^^^^^^^^^^^^^^^^^^^^^^^^^^^^^^^^^^^^^^^^^^^
  File "/opt/airflow/dags/tasks/fit_task.py", line 164, in load_to_clickhouse
    clickhouse_client.execute(f"""
  File "/home/airflow/.local/lib/python3.12/site-packages/clickhouse_driver/client.py", line 382, in execute
    rv = self.process_ordinary_query(
         ^^^^^^^^^^^^^^^^^^^^^^^^^^^^
  File "/home/airflow/.local/lib/python3.12/site-packages/clickhouse_driver/client.py", line 580, in process_ordinary_query
    return self.receive_result(with_column_types=with_column_types,
           ^^^^^^^^^^^^^^^^^^^^^^^^^^^^^^^^^^^^^^^^^^^^^^^^^^^^^^^^
  File "/home/airflow/.local/lib/python3.12/site-packages/clickhouse_driver/client.py", line 213, in receive_result
    return result.get_result()
           ^^^^^^^^^^^^^^^^^^^
  File "/home/airflow/.local/lib/python3.12/site-packages/clickhouse_driver/result.py", line 50, in get_result
    for packet in self.packet_generator:
  File "/home/airflow/.local/lib/python3.12/site-packages/clickhouse_driver/client.py", line 229, in packet_generator
    packet = self.receive_packet()
             ^^^^^^^^^^^^^^^^^^^^^
  File "/home/airflow/.local/lib/python3.12/site-packages/clickhouse_driver/client.py", line 246, in receive_packet
    raise packet.exception
clickhouse_driver.errors.ServerException: Code: 241.
DB::Exception: (total) memory limit exceeded: would use 1.26 GiB (attempt to allocate chunk of 4225232 bytes), current RSS 437.28 MiB, maximum: 921.60 MiB. OvercommitTracker decision: Query was selected to stop by OvercommitTracker. Stack trace:

0. DB::Exception::Exception(DB::Exception::MessageMasked&&, int, bool) @ 0x000000000d1d323b
1. DB::Exception::Exception(PreformattedMessage&&, int) @ 0x000000000817ab6c
2. DB::Exception::Exception<char const*, char const*, String, long&, String, String, char const*, std::basic_string_view<char, std::char_traits<char>>>(int, FormatStringHelperImpl<std::type_identity<char const*>::type, std::type_identity<char const*>::type, std::type_identity<String>::type, std::type_identity<long&>::type, std::type_identity<String>::type, std::type_identity<String>::type, std::type_identity<char const*>::type, std::type_identity<std::basic_string_view<char, std::char_traits<char>>>::type>, char const*&&, char const*&&, String&&, long&, String&&, String&&, char const*&&, std::basic_string_view<char, std::char_traits<char>>&&) @ 0x000000000d1f36d2
3. MemoryTracker::allocImpl(long, bool, MemoryTracker*, double) @ 0x000000000d1f279e
4. MemoryTracker::allocImpl(long, bool, MemoryTracker*, double) @ 0x000000000d1f2205
5. MemoryTracker::allocImpl(long, bool, MemoryTracker*, double) @ 0x000000000d1f2205
6. MemoryTracker::allocImpl(long, bool, MemoryTracker*, double) @ 0x000000000d1f2205
7. Allocator<false, false>::alloc(unsigned long, unsigned long) @ 0x000000000d1a4140
8. void DB::PODArrayBase<8ul, 4096ul, Allocator<false, false>, 63ul, 64ul>::resize<>(unsigned long) @ 0x000000000817f489
9. COW<DB::IColumn>::immutable_ptr<DB::IColumn> DB::ColumnString::indexImpl<unsigned long>(DB::PODArray<unsigned long, 4096ul, Allocator<false, false>, 63ul, 64ul> const&, unsigned long) const @ 0x0000000011fa58bc
10. DB::ColumnString::permute(DB::PODArray<unsigned long, 4096ul, Allocator<false, false>, 63ul, 64ul> const&, unsigned long) const @ 0x0000000011f9c32d
11. DB::ColumnNullable::permute(DB::PODArray<unsigned long, 4096ul, Allocator<false, false>, 63ul, 64ul> const&, unsigned long) const @ 0x0000000011f64c89
12. DB::permuteBlockIfNeeded(DB::Block const&, DB::PODArray<unsigned long, 4096ul, Allocator<false, false>, 63ul, 64ul> const*) @ 0x0000000012832d21
13. DB::MergeTreeDataPartWriterCompact::write(DB::Block const&, DB::PODArray<unsigned long, 4096ul, Allocator<false, false>, 63ul, 64ul> const*) @ 0x0000000012931202
14. DB::MergeTreeDataWriter::writeTempPartImpl(DB::BlockWithPartition&, std::shared_ptr<DB::StorageInMemoryMetadata const> const&, std::shared_ptr<DB::Context const>, long, bool) @ 0x0000000012977b57
15. DB::MergeTreeSink::consume(DB::Chunk&) @ 0x0000000012c360ec
16. DB::SinkToStorage::onConsume(DB::Chunk) @ 0x00000000132a3ec4
17. void std::__function::__policy_invoker<void ()>::__call_impl<std::__function::__default_alloc_func<DB::ExceptionKeepingTransform::work()::$_1, void ()>>(std::__function::__policy_storage const*) @ 0x00000000131cad38
18. DB::runStep(std::function<void ()>, DB::ThreadStatus*, std::atomic<unsigned long>*) @ 0x00000000131caa3f
19. DB::ExceptionKeepingTransform::work() @ 0x00000000131ca33a
20. DB::ExecutionThreadContext::executeTask() @ 0x0000000012f59587
21. DB::PipelineExecutor::executeStepImpl(unsigned long, std::atomic<bool>*) @ 0x0000000012f4c970
22. void std::__function::__policy_invoker<void ()>::__call_impl<std::__function::__default_alloc_func<DB::PipelineExecutor::spawnThreads()::$_0, void ()>>(std::__function::__policy_storage const*) @ 0x0000000012f4f2ae
23. ThreadPoolImpl<ThreadFromGlobalPoolImpl<false, true>>::ThreadFromThreadPool::worker() @ 0x000000000d2a997b
24. void std::__function::__policy_invoker<void ()>::__call_impl<std::__function::__default_alloc_func<ThreadFromGlobalPoolImpl<false, true>::ThreadFromGlobalPoolImpl<void (ThreadPoolImpl<ThreadFromGlobalPoolImpl<false, true>>::ThreadFromThreadPool::*)(), ThreadPoolImpl<ThreadFromGlobalPoolImpl<false, true>>::ThreadFromThreadPool*>(void (ThreadPoolImpl<ThreadFromGlobalPoolImpl<false, true>>::ThreadFromThreadPool::*&&)(), ThreadPoolImpl<ThreadFromGlobalPoolImpl<false, true>>::ThreadFromThreadPool*&&)::'lambda'(), void ()>>(std::__function::__policy_storage const*) @ 0x000000000d2b0442
25. ThreadPoolImpl<std::thread>::ThreadFromThreadPool::worker() @ 0x000000000d2a6c22
26. void* std::__thread_proxy[abi:v15007]<std::tuple<std::unique_ptr<std::__thread_struct, std::default_delete<std::__thread_struct>>, void (ThreadPoolImpl<std::thread>::ThreadFromThreadPool::*)(), ThreadPoolImpl<std::thread>::ThreadFromThreadPool*>>(void*) @ 0x000000000d2adfda
27. ? @ 0x000076fa35b2bac3
28. ? @ 0x000076fa35bbca04

[2024-12-16T15:20:22.100+0000] {taskinstance.py:1206} INFO - Marking task as FAILED. dag_id=migration_fit_data, task_id=load_to_clickhouse.load_clickhouse_student_performance, run_id=manual__2024-12-16T15:15:27.291042+00:00, execution_date=20241216T151527, start_date=20241216T152020, end_date=20241216T152022
[2024-12-16T15:20:22.202+0000] {standard_task_runner.py:110} ERROR - Failed to execute job 652 for task load_to_clickhouse.load_clickhouse_student_performance (Code: 241.
DB::Exception: (total) memory limit exceeded: would use 1.26 GiB (attempt to allocate chunk of 4225232 bytes), current RSS 437.28 MiB, maximum: 921.60 MiB. OvercommitTracker decision: Query was selected to stop by OvercommitTracker. Stack trace:

0. DB::Exception::Exception(DB::Exception::MessageMasked&&, int, bool) @ 0x000000000d1d323b
1. DB::Exception::Exception(PreformattedMessage&&, int) @ 0x000000000817ab6c
2. DB::Exception::Exception<char const*, char const*, String, long&, String, String, char const*, std::basic_string_view<char, std::char_traits<char>>>(int, FormatStringHelperImpl<std::type_identity<char const*>::type, std::type_identity<char const*>::type, std::type_identity<String>::type, std::type_identity<long&>::type, std::type_identity<String>::type, std::type_identity<String>::type, std::type_identity<char const*>::type, std::type_identity<std::basic_string_view<char, std::char_traits<char>>>::type>, char const*&&, char const*&&, String&&, long&, String&&, String&&, char const*&&, std::basic_string_view<char, std::char_traits<char>>&&) @ 0x000000000d1f36d2
3. MemoryTracker::allocImpl(long, bool, MemoryTracker*, double) @ 0x000000000d1f279e
4. MemoryTracker::allocImpl(long, bool, MemoryTracker*, double) @ 0x000000000d1f2205
5. MemoryTracker::allocImpl(long, bool, MemoryTracker*, double) @ 0x000000000d1f2205
6. MemoryTracker::allocImpl(long, bool, MemoryTracker*, double) @ 0x000000000d1f2205
7. Allocator<false, false>::alloc(unsigned long, unsigned long) @ 0x000000000d1a4140
8. void DB::PODArrayBase<8ul, 4096ul, Allocator<false, false>, 63ul, 64ul>::resize<>(unsigned long) @ 0x000000000817f489
9. COW<DB::IColumn>::immutable_ptr<DB::IColumn> DB::ColumnString::indexImpl<unsigned long>(DB::PODArray<unsigned long, 4096ul, Allocator<false, false>, 63ul, 64ul> const&, unsigned long) const @ 0x0000000011fa58bc
10. DB::ColumnString::permute(DB::PODArray<unsigned long, 4096ul, Allocator<false, false>, 63ul, 64ul> const&, unsigned long) const @ 0x0000000011f9c32d
11. DB::ColumnNullable::permute(DB::PODArray<unsigned long, 4096ul, Allocator<false, false>, 63ul, 64ul> const&, unsigned long) const @ 0x0000000011f64c89
12. DB::permuteBlockIfNeeded(DB::Block const&, DB::PODArray<unsigned long, 4096ul, Allocator<false, false>, 63ul, 64ul> const*) @ 0x0000000012832d21
13. DB::MergeTreeDataPartWriterCompact::write(DB::Block const&, DB::PODArray<unsigned long, 4096ul, Allocator<false, false>, 63ul, 64ul> const*) @ 0x0000000012931202
14. DB::MergeTreeDataWriter::writeTempPartImpl(DB::BlockWithPartition&, std::shared_ptr<DB::StorageInMemoryMetadata const> const&, std::shared_ptr<DB::Context const>, long, bool) @ 0x0000000012977b57
15. DB::MergeTreeSink::consume(DB::Chunk&) @ 0x0000000012c360ec
16. DB::SinkToStorage::onConsume(DB::Chunk) @ 0x00000000132a3ec4
17. void std::__function::__policy_invoker<void ()>::__call_impl<std::__function::__default_alloc_func<DB::ExceptionKeepingTransform::work()::$_1, void ()>>(std::__function::__policy_storage const*) @ 0x00000000131cad38
18. DB::runStep(std::function<void ()>, DB::ThreadStatus*, std::atomic<unsigned long>*) @ 0x00000000131caa3f
19. DB::ExceptionKeepingTransform::work() @ 0x00000000131ca33a
20. DB::ExecutionThreadContext::executeTask() @ 0x0000000012f59587
21. DB::PipelineExecutor::executeStepImpl(unsigned long, std::atomic<bool>*) @ 0x0000000012f4c970
22. void std::__function::__policy_invoker<void ()>::__call_impl<std::__function::__default_alloc_func<DB::PipelineExecutor::spawnThreads()::$_0, void ()>>(std::__function::__policy_storage const*) @ 0x0000000012f4f2ae
23. ThreadPoolImpl<ThreadFromGlobalPoolImpl<false, true>>::ThreadFromThreadPool::worker() @ 0x000000000d2a997b
24. void std::__function::__policy_invoker<void ()>::__call_impl<std::__function::__default_alloc_func<ThreadFromGlobalPoolImpl<false, true>::ThreadFromGlobalPoolImpl<void (ThreadPoolImpl<ThreadFromGlobalPoolImpl<false, true>>::ThreadFromThreadPool::*)(), ThreadPoolImpl<ThreadFromGlobalPoolImpl<false, true>>::ThreadFromThreadPool*>(void (ThreadPoolImpl<ThreadFromGlobalPoolImpl<false, true>>::ThreadFromThreadPool::*&&)(), ThreadPoolImpl<ThreadFromGlobalPoolImpl<false, true>>::ThreadFromThreadPool*&&)::'lambda'(), void ()>>(std::__function::__policy_storage const*) @ 0x000000000d2b0442
25. ThreadPoolImpl<std::thread>::ThreadFromThreadPool::worker() @ 0x000000000d2a6c22
26. void* std::__thread_proxy[abi:v15007]<std::tuple<std::unique_ptr<std::__thread_struct, std::default_delete<std::__thread_struct>>, void (ThreadPoolImpl<std::thread>::ThreadFromThreadPool::*)(), ThreadPoolImpl<std::thread>::ThreadFromThreadPool*>>(void*) @ 0x000000000d2adfda
27. ? @ 0x000076fa35b2bac3
28. ? @ 0x000076fa35bbca04
; 26978)
[2024-12-16T15:20:22.325+0000] {local_task_job_runner.py:240} INFO - Task exited with return code 1
[2024-12-16T15:20:22.411+0000] {taskinstance.py:3498} INFO - 0 downstream tasks scheduled from follow-on schedule check
[2024-12-16T15:20:22.422+0000] {local_task_job_runner.py:222} INFO - ::endgroup::
