[2024-12-14T20:18:26.502+0000] {local_task_job_runner.py:120} INFO - ::group::Pre task execution logs
[2024-12-14T20:18:26.657+0000] {taskinstance.py:2076} INFO - Dependencies all met for dep_context=non-requeueable deps ti=<TaskInstance: migration_fit_data.insert_warehouse.insert_dwh_program manual__2024-12-14T20:17:26.395846+00:00 [queued]>
[2024-12-14T20:18:26.688+0000] {taskinstance.py:2076} INFO - Dependencies all met for dep_context=requeueable deps ti=<TaskInstance: migration_fit_data.insert_warehouse.insert_dwh_program manual__2024-12-14T20:17:26.395846+00:00 [queued]>
[2024-12-14T20:18:26.688+0000] {taskinstance.py:2306} INFO - Starting attempt 1 of 1
[2024-12-14T20:18:26.757+0000] {taskinstance.py:2330} INFO - Executing <Task(PythonOperator): insert_warehouse.insert_dwh_program> on 2024-12-14 20:17:26.395846+00:00
[2024-12-14T20:18:26.812+0000] {warnings.py:110} WARNING - /home/***/.local/lib/python3.12/site-packages/***/task/task_runner/standard_task_runner.py:61: DeprecationWarning: This process (pid=8123) is multi-threaded, use of fork() may lead to deadlocks in the child.
  pid = os.fork()

[2024-12-14T20:18:26.937+0000] {standard_task_runner.py:63} INFO - Started process 8152 to run task
[2024-12-14T20:18:26.934+0000] {standard_task_runner.py:90} INFO - Running: ['***', 'tasks', 'run', 'migration_fit_data', 'insert_warehouse.insert_dwh_program', 'manual__2024-12-14T20:17:26.395846+00:00', '--job-id', '408', '--raw', '--subdir', 'DAGS_FOLDER/elt_migrate.py', '--cfg-path', '/tmp/tmp_qi5plch']
[2024-12-14T20:18:26.990+0000] {standard_task_runner.py:91} INFO - Job 408: Subtask insert_warehouse.insert_dwh_program
[2024-12-14T20:18:27.362+0000] {task_command.py:426} INFO - Running <TaskInstance: migration_fit_data.insert_warehouse.insert_dwh_program manual__2024-12-14T20:17:26.395846+00:00 [running]> on host 472b63b715e1
[2024-12-14T20:18:27.691+0000] {taskinstance.py:2648} INFO - Exporting env vars: AIRFLOW_CTX_DAG_OWNER='***' AIRFLOW_CTX_DAG_ID='migration_fit_data' AIRFLOW_CTX_TASK_ID='insert_warehouse.insert_dwh_program' AIRFLOW_CTX_EXECUTION_DATE='2024-12-14T20:17:26.395846+00:00' AIRFLOW_CTX_TRY_NUMBER='1' AIRFLOW_CTX_DAG_RUN_ID='manual__2024-12-14T20:17:26.395846+00:00'
[2024-12-14T20:18:27.701+0000] {taskinstance.py:430} INFO - ::endgroup::
[2024-12-14T20:18:27.802+0000] {hive.py:475} INFO - USE `default`
[2024-12-14T20:18:28.188+0000] {hive.py:475} INFO - SELECT COUNT(*) FROM default.program
[2024-12-14T20:18:29.696+0000] {logging_mixin.py:188} INFO - SELECT COUNT(*) FROM default.program --- 3
[2024-12-14T20:18:29.707+0000] {hive.py:475} INFO - 
            MERGE INTO iceberg.warehouse.program t
            USING default.program s
            ON t.program_id=s.program_id
            WHEN MATCHED 
                THEN UPDATE SET 
                t.program_id=s.program_id,t.class_of=s.class_of
            WHEN NOT MATCHED 
                THEN INSERT *
        
[2024-12-14T20:18:37.910+0000] {python.py:237} INFO - Done. Returned value was: None
[2024-12-14T20:18:37.919+0000] {taskinstance.py:441} INFO - ::group::Post task execution logs
[2024-12-14T20:18:37.982+0000] {taskinstance.py:1206} INFO - Marking task as SUCCESS. dag_id=migration_fit_data, task_id=insert_warehouse.insert_dwh_program, run_id=manual__2024-12-14T20:17:26.395846+00:00, execution_date=20241214T201726, start_date=20241214T201826, end_date=20241214T201837
[2024-12-14T20:18:38.118+0000] {local_task_job_runner.py:240} INFO - Task exited with return code 0
[2024-12-14T20:18:38.229+0000] {taskinstance.py:3498} INFO - 0 downstream tasks scheduled from follow-on schedule check
[2024-12-14T20:18:38.231+0000] {local_task_job_runner.py:222} INFO - ::endgroup::
