[2024-12-14T20:17:37.537+0000] {local_task_job_runner.py:120} INFO - ::group::Pre task execution logs
[2024-12-14T20:17:37.567+0000] {taskinstance.py:2076} INFO - Dependencies all met for dep_context=non-requeueable deps ti=<TaskInstance: migration_fit_data.get_raw_data.extract_raw_instruction_lecturer manual__2024-12-14T20:17:26.395846+00:00 [queued]>
[2024-12-14T20:17:37.580+0000] {taskinstance.py:2076} INFO - Dependencies all met for dep_context=requeueable deps ti=<TaskInstance: migration_fit_data.get_raw_data.extract_raw_instruction_lecturer manual__2024-12-14T20:17:26.395846+00:00 [queued]>
[2024-12-14T20:17:37.581+0000] {taskinstance.py:2306} INFO - Starting attempt 1 of 1
[2024-12-14T20:17:37.608+0000] {taskinstance.py:2330} INFO - Executing <Task(PythonOperator): get_raw_data.extract_raw_instruction_lecturer> on 2024-12-14 20:17:26.395846+00:00
[2024-12-14T20:17:37.619+0000] {warnings.py:110} WARNING - /home/***/.local/lib/python3.12/site-packages/***/task/task_runner/standard_task_runner.py:61: DeprecationWarning: This process (pid=7965) is multi-threaded, use of fork() may lead to deadlocks in the child.
  pid = os.fork()

[2024-12-14T20:17:37.626+0000] {standard_task_runner.py:63} INFO - Started process 7995 to run task
[2024-12-14T20:17:37.625+0000] {standard_task_runner.py:90} INFO - Running: ['***', 'tasks', 'run', 'migration_fit_data', 'get_raw_data.extract_raw_instruction_lecturer', 'manual__2024-12-14T20:17:26.395846+00:00', '--job-id', '363', '--raw', '--subdir', 'DAGS_FOLDER/elt_migrate.py', '--cfg-path', '/tmp/tmplizg_0ga']
[2024-12-14T20:17:37.632+0000] {standard_task_runner.py:91} INFO - Job 363: Subtask get_raw_data.extract_raw_instruction_lecturer
[2024-12-14T20:17:37.908+0000] {task_command.py:426} INFO - Running <TaskInstance: migration_fit_data.get_raw_data.extract_raw_instruction_lecturer manual__2024-12-14T20:17:26.395846+00:00 [running]> on host 472b63b715e1
[2024-12-14T20:17:38.815+0000] {taskinstance.py:2648} INFO - Exporting env vars: AIRFLOW_CTX_DAG_OWNER='***' AIRFLOW_CTX_DAG_ID='migration_fit_data' AIRFLOW_CTX_TASK_ID='get_raw_data.extract_raw_instruction_lecturer' AIRFLOW_CTX_EXECUTION_DATE='2024-12-14T20:17:26.395846+00:00' AIRFLOW_CTX_TRY_NUMBER='1' AIRFLOW_CTX_DAG_RUN_ID='manual__2024-12-14T20:17:26.395846+00:00'
[2024-12-14T20:17:38.820+0000] {taskinstance.py:430} INFO - ::endgroup::
[2024-12-14T20:17:39.714+0000] {__init__.py:412} INFO - DELETE /fit_warehouse/raw/instruction_lecturer/ recursive=True user.name=default namenode:9870
[2024-12-14T20:17:39.731+0000] {__init__.py:412} INFO - GETFILESTATUS /fit_warehouse/raw/instruction_lecturer/ user.name=default namenode:9870
[2024-12-14T20:17:39.746+0000] {__init__.py:412} INFO - MKDIRS /fit_warehouse/raw/instruction_lecturer/ user.name=default namenode:9870
[2024-12-14T20:17:39.757+0000] {__init__.py:412} INFO - CREATE /fit_warehouse/raw/instruction_lecturer/instruction_lecturer_01.snappy.parquet overwrite=True async_=True user.name=default namenode:9870
[2024-12-14T20:17:39.860+0000] {python.py:237} INFO - Done. Returned value was: None
[2024-12-14T20:17:39.867+0000] {taskinstance.py:441} INFO - ::group::Post task execution logs
[2024-12-14T20:17:39.906+0000] {taskinstance.py:1206} INFO - Marking task as SUCCESS. dag_id=migration_fit_data, task_id=get_raw_data.extract_raw_instruction_lecturer, run_id=manual__2024-12-14T20:17:26.395846+00:00, execution_date=20241214T201726, start_date=20241214T201737, end_date=20241214T201739
[2024-12-14T20:17:39.989+0000] {local_task_job_runner.py:240} INFO - Task exited with return code 0
[2024-12-14T20:17:40.136+0000] {taskinstance.py:3498} INFO - 0 downstream tasks scheduled from follow-on schedule check
[2024-12-14T20:17:40.141+0000] {local_task_job_runner.py:222} INFO - ::endgroup::
