[2024-12-13T15:32:05.735+0000] {local_task_job_runner.py:120} INFO - ::group::Pre task execution logs
[2024-12-13T15:32:05.796+0000] {taskinstance.py:2076} INFO - Dependencies all met for dep_context=non-requeueable deps ti=<TaskInstance: migration_fit_data.load_staging.create_staging_class manual__2024-12-13T15:31:35.788890+00:00 [queued]>
[2024-12-13T15:32:05.816+0000] {taskinstance.py:2076} INFO - Dependencies all met for dep_context=requeueable deps ti=<TaskInstance: migration_fit_data.load_staging.create_staging_class manual__2024-12-13T15:31:35.788890+00:00 [queued]>
[2024-12-13T15:32:05.816+0000] {taskinstance.py:2306} INFO - Starting attempt 1 of 1
[2024-12-13T15:32:05.846+0000] {taskinstance.py:2330} INFO - Executing <Task(PythonOperator): load_staging.create_staging_class> on 2024-12-13 15:31:35.788890+00:00
[2024-12-13T15:32:05.857+0000] {warnings.py:110} WARNING - /home/***/.local/lib/python3.12/site-packages/***/task/task_runner/standard_task_runner.py:61: DeprecationWarning: This process (pid=208) is multi-threaded, use of fork() may lead to deadlocks in the child.
  pid = os.fork()

[2024-12-13T15:32:05.861+0000] {standard_task_runner.py:63} INFO - Started process 243 to run task
[2024-12-13T15:32:05.866+0000] {standard_task_runner.py:90} INFO - Running: ['***', 'tasks', 'run', 'migration_fit_data', 'load_staging.create_staging_class', 'manual__2024-12-13T15:31:35.788890+00:00', '--job-id', '46', '--raw', '--subdir', 'DAGS_FOLDER/elt_migrate.py', '--cfg-path', '/tmp/tmp5bzvddcl']
[2024-12-13T15:32:05.871+0000] {standard_task_runner.py:91} INFO - Job 46: Subtask load_staging.create_staging_class
[2024-12-13T15:32:05.944+0000] {task_command.py:426} INFO - Running <TaskInstance: migration_fit_data.load_staging.create_staging_class manual__2024-12-13T15:31:35.788890+00:00 [running]> on host 1fe973f28a1c
[2024-12-13T15:32:06.097+0000] {taskinstance.py:2648} INFO - Exporting env vars: AIRFLOW_CTX_DAG_OWNER='***' AIRFLOW_CTX_DAG_ID='migration_fit_data' AIRFLOW_CTX_TASK_ID='load_staging.create_staging_class' AIRFLOW_CTX_EXECUTION_DATE='2024-12-13T15:31:35.788890+00:00' AIRFLOW_CTX_TRY_NUMBER='1' AIRFLOW_CTX_DAG_RUN_ID='manual__2024-12-13T15:31:35.788890+00:00'
[2024-12-13T15:32:06.099+0000] {taskinstance.py:430} INFO - ::endgroup::
[2024-12-13T15:32:06.154+0000] {hive.py:475} INFO - USE `default`
[2024-12-13T15:32:06.740+0000] {hive.py:475} INFO - DROP TABLE IF EXISTS default.class
[2024-12-13T15:32:07.882+0000] {hive.py:475} INFO - 
        CREATE TABLE IF NOT EXISTS default.class (
            class_id BIGINT,class_name STRING,last_modified_date TIMESTAMP   
        )   
        STORED AS PARQUET
        LOCATION '/fit_warehouse/raw/class/*.snappy.parquet'
    
[2024-12-13T15:32:10.261+0000] {hive.py:475} INFO - ANALYZE TABLE default.class COMPUTE STATISTICS
[2024-12-13T15:32:23.620+0000] {python.py:237} INFO - Done. Returned value was: None
[2024-12-13T15:32:23.630+0000] {taskinstance.py:441} INFO - ::group::Post task execution logs
[2024-12-13T15:32:23.682+0000] {taskinstance.py:1206} INFO - Marking task as SUCCESS. dag_id=migration_fit_data, task_id=load_staging.create_staging_class, run_id=manual__2024-12-13T15:31:35.788890+00:00, execution_date=20241213T153135, start_date=20241213T153205, end_date=20241213T153223
[2024-12-13T15:32:23.757+0000] {local_task_job_runner.py:240} INFO - Task exited with return code 0
[2024-12-13T15:32:23.773+0000] {local_task_job_runner.py:222} INFO - ::endgroup::
