[2024-12-17T04:06:19.901+0000] {local_task_job_runner.py:120} INFO - ::group::Pre task execution logs
[2024-12-17T04:06:20.396+0000] {taskinstance.py:2076} INFO - Dependencies all met for dep_context=non-requeueable deps ti=<TaskInstance: migration_fit_data.insert_warehouse.insert_dwh_employee manual__2024-12-17T04:04:13.440119+00:00 [queued]>
[2024-12-17T04:06:20.716+0000] {taskinstance.py:2076} INFO - Dependencies all met for dep_context=requeueable deps ti=<TaskInstance: migration_fit_data.insert_warehouse.insert_dwh_employee manual__2024-12-17T04:04:13.440119+00:00 [queued]>
[2024-12-17T04:06:20.728+0000] {taskinstance.py:2306} INFO - Starting attempt 1 of 1
[2024-12-17T04:06:20.996+0000] {taskinstance.py:2330} INFO - Executing <Task(PythonOperator): insert_warehouse.insert_dwh_employee> on 2024-12-17 04:04:13.440119+00:00
[2024-12-17T04:06:21.093+0000] {warnings.py:110} WARNING - /home/***/.local/lib/python3.12/site-packages/***/task/task_runner/standard_task_runner.py:61: DeprecationWarning: This process (pid=36795) is multi-threaded, use of fork() may lead to deadlocks in the child.
  pid = os.fork()

[2024-12-17T04:06:21.103+0000] {standard_task_runner.py:63} INFO - Started process 36829 to run task
[2024-12-17T04:06:21.120+0000] {standard_task_runner.py:90} INFO - Running: ['***', 'tasks', 'run', 'migration_fit_data', 'insert_warehouse.insert_dwh_employee', 'manual__2024-12-17T04:04:13.440119+00:00', '--job-id', '783', '--raw', '--subdir', 'DAGS_FOLDER/elt_migrate.py', '--cfg-path', '/tmp/tmpt0q6b1xu']
[2024-12-17T04:06:21.144+0000] {standard_task_runner.py:91} INFO - Job 783: Subtask insert_warehouse.insert_dwh_employee
[2024-12-17T04:06:21.725+0000] {task_command.py:426} INFO - Running <TaskInstance: migration_fit_data.insert_warehouse.insert_dwh_employee manual__2024-12-17T04:04:13.440119+00:00 [running]> on host 2f4e9c743994
[2024-12-17T04:06:23.562+0000] {taskinstance.py:2648} INFO - Exporting env vars: AIRFLOW_CTX_DAG_OWNER='***' AIRFLOW_CTX_DAG_ID='migration_fit_data' AIRFLOW_CTX_TASK_ID='insert_warehouse.insert_dwh_employee' AIRFLOW_CTX_EXECUTION_DATE='2024-12-17T04:04:13.440119+00:00' AIRFLOW_CTX_TRY_NUMBER='1' AIRFLOW_CTX_DAG_RUN_ID='manual__2024-12-17T04:04:13.440119+00:00'
[2024-12-17T04:06:23.563+0000] {taskinstance.py:430} INFO - ::endgroup::
[2024-12-17T04:06:23.760+0000] {hive.py:475} INFO - USE `default`
[2024-12-17T04:06:24.079+0000] {hive.py:475} INFO - SELECT COUNT(*) FROM default.employee
[2024-12-17T04:06:31.236+0000] {logging_mixin.py:188} INFO - SELECT COUNT(*) FROM default.employee --- 171
[2024-12-17T04:06:31.257+0000] {hive.py:475} INFO - 
            MERGE INTO iceberg.warehouse.employee t
            USING default.employee s
            ON t.employee_id=s.employee_id
            WHEN MATCHED 
                THEN UPDATE SET 
                t.employee_id=s.employee_id,t.employee_name=s.employee_name,t.day_of_birth=s.day_of_birth,t.nationality=s.nationality,t.insurance_id=s.insurance_id
            WHEN NOT MATCHED 
                THEN INSERT *
        
[2024-12-17T04:06:49.978+0000] {python.py:237} INFO - Done. Returned value was: None
[2024-12-17T04:06:49.980+0000] {taskinstance.py:441} INFO - ::group::Post task execution logs
[2024-12-17T04:06:50.021+0000] {taskinstance.py:1206} INFO - Marking task as SUCCESS. dag_id=migration_fit_data, task_id=insert_warehouse.insert_dwh_employee, run_id=manual__2024-12-17T04:04:13.440119+00:00, execution_date=20241217T040413, start_date=20241217T040620, end_date=20241217T040650
[2024-12-17T04:06:50.148+0000] {local_task_job_runner.py:240} INFO - Task exited with return code 0
[2024-12-17T04:06:50.269+0000] {taskinstance.py:3498} INFO - 0 downstream tasks scheduled from follow-on schedule check
[2024-12-17T04:06:50.285+0000] {local_task_job_runner.py:222} INFO - ::endgroup::
