[2024-12-13T20:37:33.192+0000] {local_task_job_runner.py:120} INFO - ::group::Pre task execution logs
[2024-12-13T20:37:33.289+0000] {taskinstance.py:2076} INFO - Dependencies all met for dep_context=non-requeueable deps ti=<TaskInstance: migration_fit_data.get_raw_data.extract_raw_student manual__2024-12-13T20:37:24.752456+00:00 [queued]>
[2024-12-13T20:37:33.372+0000] {taskinstance.py:2076} INFO - Dependencies all met for dep_context=requeueable deps ti=<TaskInstance: migration_fit_data.get_raw_data.extract_raw_student manual__2024-12-13T20:37:24.752456+00:00 [queued]>
[2024-12-13T20:37:33.374+0000] {taskinstance.py:2306} INFO - Starting attempt 1 of 1
[2024-12-13T20:37:33.515+0000] {taskinstance.py:2330} INFO - Executing <Task(PythonOperator): get_raw_data.extract_raw_student> on 2024-12-13 20:37:24.752456+00:00
[2024-12-13T20:37:33.600+0000] {warnings.py:110} WARNING - /home/***/.local/lib/python3.12/site-packages/***/task/task_runner/standard_task_runner.py:61: DeprecationWarning: This process (pid=6021) is multi-threaded, use of fork() may lead to deadlocks in the child.
  pid = os.fork()

[2024-12-13T20:37:33.618+0000] {standard_task_runner.py:63} INFO - Started process 6049 to run task
[2024-12-13T20:37:33.639+0000] {standard_task_runner.py:90} INFO - Running: ['***', 'tasks', 'run', 'migration_fit_data', 'get_raw_data.extract_raw_student', 'manual__2024-12-13T20:37:24.752456+00:00', '--job-id', '701', '--raw', '--subdir', 'DAGS_FOLDER/elt_migrate.py', '--cfg-path', '/tmp/tmp4n14ez2e']
[2024-12-13T20:37:33.708+0000] {standard_task_runner.py:91} INFO - Job 701: Subtask get_raw_data.extract_raw_student
[2024-12-13T20:37:34.167+0000] {task_command.py:426} INFO - Running <TaskInstance: migration_fit_data.get_raw_data.extract_raw_student manual__2024-12-13T20:37:24.752456+00:00 [running]> on host 1fe973f28a1c
[2024-12-13T20:37:34.782+0000] {taskinstance.py:2648} INFO - Exporting env vars: AIRFLOW_CTX_DAG_OWNER='***' AIRFLOW_CTX_DAG_ID='migration_fit_data' AIRFLOW_CTX_TASK_ID='get_raw_data.extract_raw_student' AIRFLOW_CTX_EXECUTION_DATE='2024-12-13T20:37:24.752456+00:00' AIRFLOW_CTX_TRY_NUMBER='1' AIRFLOW_CTX_DAG_RUN_ID='manual__2024-12-13T20:37:24.752456+00:00'
[2024-12-13T20:37:34.792+0000] {taskinstance.py:430} INFO - ::endgroup::
[2024-12-13T20:37:35.874+0000] {__init__.py:412} INFO - DELETE /fit_warehouse/raw/student/ recursive=True user.name=default namenode:9870
[2024-12-13T20:37:35.892+0000] {__init__.py:412} INFO - GETFILESTATUS /fit_warehouse/raw/student/ user.name=default namenode:9870
[2024-12-13T20:37:35.904+0000] {__init__.py:412} INFO - MKDIRS /fit_warehouse/raw/student/ user.name=default namenode:9870
[2024-12-13T20:37:35.915+0000] {__init__.py:412} INFO - CREATE /fit_warehouse/raw/student/student_01.snappy.parquet overwrite=True async_=True user.name=default namenode:9870
[2024-12-13T20:37:35.966+0000] {python.py:237} INFO - Done. Returned value was: None
[2024-12-13T20:37:35.966+0000] {taskinstance.py:441} INFO - ::group::Post task execution logs
[2024-12-13T20:37:35.991+0000] {taskinstance.py:1206} INFO - Marking task as SUCCESS. dag_id=migration_fit_data, task_id=get_raw_data.extract_raw_student, run_id=manual__2024-12-13T20:37:24.752456+00:00, execution_date=20241213T203724, start_date=20241213T203733, end_date=20241213T203735
[2024-12-13T20:37:36.047+0000] {local_task_job_runner.py:240} INFO - Task exited with return code 0
[2024-12-13T20:37:36.066+0000] {local_task_job_runner.py:222} INFO - ::endgroup::
