[2024-12-15T04:29:49.417+0000] {local_task_job_runner.py:120} INFO - ::group::Pre task execution logs
[2024-12-15T04:29:49.437+0000] {taskinstance.py:2076} INFO - Dependencies all met for dep_context=non-requeueable deps ti=<TaskInstance: etl_instruction_fact_data.load_staging.create_staging_instruction_lecturer manual__2024-12-15T04:29:43.240186+00:00 [queued]>
[2024-12-15T04:29:49.447+0000] {taskinstance.py:2076} INFO - Dependencies all met for dep_context=requeueable deps ti=<TaskInstance: etl_instruction_fact_data.load_staging.create_staging_instruction_lecturer manual__2024-12-15T04:29:43.240186+00:00 [queued]>
[2024-12-15T04:29:49.448+0000] {taskinstance.py:2306} INFO - Starting attempt 1 of 1
[2024-12-15T04:29:49.464+0000] {taskinstance.py:2330} INFO - Executing <Task(PythonOperator): load_staging.create_staging_instruction_lecturer> on 2024-12-15 04:29:43.240186+00:00
[2024-12-15T04:29:49.478+0000] {warnings.py:110} WARNING - /home/***/.local/lib/python3.12/site-packages/***/task/task_runner/standard_task_runner.py:61: DeprecationWarning: This process (pid=439) is multi-threaded, use of fork() may lead to deadlocks in the child.
  pid = os.fork()

[2024-12-15T04:29:49.480+0000] {standard_task_runner.py:63} INFO - Started process 443 to run task
[2024-12-15T04:29:49.481+0000] {standard_task_runner.py:90} INFO - Running: ['***', 'tasks', 'run', 'etl_instruction_fact_data', 'load_staging.create_staging_instruction_lecturer', 'manual__2024-12-15T04:29:43.240186+00:00', '--job-id', '456', '--raw', '--subdir', 'DAGS_FOLDER/elt_instruction_fact.py', '--cfg-path', '/tmp/tmp7novw61k']
[2024-12-15T04:29:49.483+0000] {standard_task_runner.py:91} INFO - Job 456: Subtask load_staging.create_staging_instruction_lecturer
[2024-12-15T04:29:49.579+0000] {task_command.py:426} INFO - Running <TaskInstance: etl_instruction_fact_data.load_staging.create_staging_instruction_lecturer manual__2024-12-15T04:29:43.240186+00:00 [running]> on host 2f4e9c743994
[2024-12-15T04:29:49.811+0000] {taskinstance.py:2648} INFO - Exporting env vars: AIRFLOW_CTX_DAG_OWNER='***' AIRFLOW_CTX_DAG_ID='etl_instruction_fact_data' AIRFLOW_CTX_TASK_ID='load_staging.create_staging_instruction_lecturer' AIRFLOW_CTX_EXECUTION_DATE='2024-12-15T04:29:43.240186+00:00' AIRFLOW_CTX_TRY_NUMBER='1' AIRFLOW_CTX_DAG_RUN_ID='manual__2024-12-15T04:29:43.240186+00:00'
[2024-12-15T04:29:49.815+0000] {taskinstance.py:430} INFO - ::endgroup::
[2024-12-15T04:29:49.831+0000] {hive.py:475} INFO - USE `default`
[2024-12-15T04:29:49.891+0000] {hive.py:475} INFO - DROP TABLE IF EXISTS default.instruction_lecturer
[2024-12-15T04:29:49.948+0000] {hive.py:475} INFO - 
        CREATE TABLE IF NOT EXISTS default.instruction_lecturer (
            instruction_lecturer_id BIGINT,instruction_id BIGINT,lecturer_id BIGINT,lecturer_type STRING   
        )   
        STORED AS PARQUET
        LOCATION '/fit_warehouse/raw/instruction_lecturer/*.snappy.parquet'
    
[2024-12-15T04:29:50.012+0000] {hive.py:475} INFO - ANALYZE TABLE default.instruction_lecturer COMPUTE STATISTICS
[2024-12-15T04:29:50.314+0000] {python.py:237} INFO - Done. Returned value was: None
[2024-12-15T04:29:50.315+0000] {taskinstance.py:441} INFO - ::group::Post task execution logs
[2024-12-15T04:29:50.324+0000] {taskinstance.py:1206} INFO - Marking task as SUCCESS. dag_id=etl_instruction_fact_data, task_id=load_staging.create_staging_instruction_lecturer, run_id=manual__2024-12-15T04:29:43.240186+00:00, execution_date=20241215T042943, start_date=20241215T042949, end_date=20241215T042950
[2024-12-15T04:29:50.347+0000] {local_task_job_runner.py:240} INFO - Task exited with return code 0
[2024-12-15T04:29:50.373+0000] {taskinstance.py:3498} INFO - 0 downstream tasks scheduled from follow-on schedule check
[2024-12-15T04:29:50.374+0000] {local_task_job_runner.py:222} INFO - ::endgroup::
