[2024-12-14T11:18:51.067+0000] {local_task_job_runner.py:120} INFO - ::group::Pre task execution logs
[2024-12-14T11:18:51.315+0000] {taskinstance.py:2076} INFO - Dependencies all met for dep_context=non-requeueable deps ti=<TaskInstance: migration_fit_data.insert_warehouse.insert_dwh_program manual__2024-12-14T11:17:14.621727+00:00 [queued]>
[2024-12-14T11:18:51.497+0000] {taskinstance.py:2076} INFO - Dependencies all met for dep_context=requeueable deps ti=<TaskInstance: migration_fit_data.insert_warehouse.insert_dwh_program manual__2024-12-14T11:17:14.621727+00:00 [queued]>
[2024-12-14T11:18:51.497+0000] {taskinstance.py:2306} INFO - Starting attempt 1 of 1
[2024-12-14T11:18:51.629+0000] {taskinstance.py:2330} INFO - Executing <Task(PythonOperator): insert_warehouse.insert_dwh_program> on 2024-12-14 11:17:14.621727+00:00
[2024-12-14T11:18:51.687+0000] {warnings.py:110} WARNING - /home/***/.local/lib/python3.12/site-packages/***/task/task_runner/standard_task_runner.py:61: DeprecationWarning: This process (pid=422) is multi-threaded, use of fork() may lead to deadlocks in the child.
  pid = os.fork()

[2024-12-14T11:18:51.704+0000] {standard_task_runner.py:63} INFO - Started process 456 to run task
[2024-12-14T11:18:51.699+0000] {standard_task_runner.py:90} INFO - Running: ['***', 'tasks', 'run', 'migration_fit_data', 'insert_warehouse.insert_dwh_program', 'manual__2024-12-14T11:17:14.621727+00:00', '--job-id', '87', '--raw', '--subdir', 'DAGS_FOLDER/elt_migrate.py', '--cfg-path', '/tmp/tmp3a5glgvj']
[2024-12-14T11:18:51.725+0000] {standard_task_runner.py:91} INFO - Job 87: Subtask insert_warehouse.insert_dwh_program
[2024-12-14T11:18:52.141+0000] {task_command.py:426} INFO - Running <TaskInstance: migration_fit_data.insert_warehouse.insert_dwh_program manual__2024-12-14T11:17:14.621727+00:00 [running]> on host 472b63b715e1
[2024-12-14T11:18:52.618+0000] {taskinstance.py:2648} INFO - Exporting env vars: AIRFLOW_CTX_DAG_OWNER='***' AIRFLOW_CTX_DAG_ID='migration_fit_data' AIRFLOW_CTX_TASK_ID='insert_warehouse.insert_dwh_program' AIRFLOW_CTX_EXECUTION_DATE='2024-12-14T11:17:14.621727+00:00' AIRFLOW_CTX_TRY_NUMBER='1' AIRFLOW_CTX_DAG_RUN_ID='manual__2024-12-14T11:17:14.621727+00:00'
[2024-12-14T11:18:52.619+0000] {taskinstance.py:430} INFO - ::endgroup::
[2024-12-14T11:18:52.648+0000] {hive.py:475} INFO - USE `default`
[2024-12-14T11:18:53.069+0000] {hive.py:475} INFO - SELECT COUNT(*) FROM default.program
[2024-12-14T11:18:55.746+0000] {logging_mixin.py:188} INFO - SELECT COUNT(*) FROM default.program --- 1
[2024-12-14T11:18:55.762+0000] {hive.py:475} INFO - 
            MERGE INTO iceberg.warehouse.program t
            USING default.program s
            ON t.program_id=s.program_id
            WHEN MATCHED 
                THEN UPDATE SET 
                t.program_id=s.program_id,t.class_of=s.class_of
            WHEN NOT MATCHED 
                THEN INSERT *
        
[2024-12-14T11:19:18.967+0000] {python.py:237} INFO - Done. Returned value was: None
[2024-12-14T11:19:18.967+0000] {taskinstance.py:441} INFO - ::group::Post task execution logs
[2024-12-14T11:19:19.074+0000] {taskinstance.py:1206} INFO - Marking task as SUCCESS. dag_id=migration_fit_data, task_id=insert_warehouse.insert_dwh_program, run_id=manual__2024-12-14T11:17:14.621727+00:00, execution_date=20241214T111714, start_date=20241214T111851, end_date=20241214T111919
[2024-12-14T11:19:19.190+0000] {local_task_job_runner.py:240} INFO - Task exited with return code 0
[2024-12-14T11:19:19.206+0000] {local_task_job_runner.py:222} INFO - ::endgroup::
