[2024-12-19T04:40:41.448+0000] {local_task_job_runner.py:120} INFO - ::group::Pre task execution logs
[2024-12-19T04:40:42.188+0000] {taskinstance.py:2076} INFO - Dependencies all met for dep_context=non-requeueable deps ti=<TaskInstance: migration_fit_data.insert_warehouse.insert_dwh_program manual__2024-12-19T04:38:13.996676+00:00 [queued]>
[2024-12-19T04:40:42.496+0000] {taskinstance.py:2076} INFO - Dependencies all met for dep_context=requeueable deps ti=<TaskInstance: migration_fit_data.insert_warehouse.insert_dwh_program manual__2024-12-19T04:38:13.996676+00:00 [queued]>
[2024-12-19T04:40:42.496+0000] {taskinstance.py:2306} INFO - Starting attempt 1 of 1
[2024-12-19T04:40:42.842+0000] {taskinstance.py:2330} INFO - Executing <Task(PythonOperator): insert_warehouse.insert_dwh_program> on 2024-12-19 04:38:13.996676+00:00
[2024-12-19T04:40:43.008+0000] {warnings.py:110} WARNING - /home/***/.local/lib/python3.12/site-packages/***/task/task_runner/standard_task_runner.py:61: DeprecationWarning: This process (pid=9098) is multi-threaded, use of fork() may lead to deadlocks in the child.
  pid = os.fork()

[2024-12-19T04:40:43.040+0000] {standard_task_runner.py:63} INFO - Started process 9126 to run task
[2024-12-19T04:40:43.079+0000] {standard_task_runner.py:90} INFO - Running: ['***', 'tasks', 'run', 'migration_fit_data', 'insert_warehouse.insert_dwh_program', 'manual__2024-12-19T04:38:13.996676+00:00', '--job-id', '1360', '--raw', '--subdir', 'DAGS_FOLDER/elt_migrate.py', '--cfg-path', '/tmp/tmpyk1x852r']
[2024-12-19T04:40:43.099+0000] {standard_task_runner.py:91} INFO - Job 1360: Subtask insert_warehouse.insert_dwh_program
[2024-12-19T04:40:43.818+0000] {task_command.py:426} INFO - Running <TaskInstance: migration_fit_data.insert_warehouse.insert_dwh_program manual__2024-12-19T04:38:13.996676+00:00 [running]> on host 33a17f71e955
[2024-12-19T04:40:44.090+0000] {taskinstance.py:2648} INFO - Exporting env vars: AIRFLOW_CTX_DAG_OWNER='***' AIRFLOW_CTX_DAG_ID='migration_fit_data' AIRFLOW_CTX_TASK_ID='insert_warehouse.insert_dwh_program' AIRFLOW_CTX_EXECUTION_DATE='2024-12-19T04:38:13.996676+00:00' AIRFLOW_CTX_TRY_NUMBER='1' AIRFLOW_CTX_DAG_RUN_ID='manual__2024-12-19T04:38:13.996676+00:00'
[2024-12-19T04:40:44.093+0000] {taskinstance.py:430} INFO - ::endgroup::
[2024-12-19T04:40:44.160+0000] {hive.py:475} INFO - USE `default`
[2024-12-19T04:40:44.330+0000] {hive.py:475} INFO - SELECT COUNT(*) FROM default.program
[2024-12-19T04:40:45.728+0000] {logging_mixin.py:188} INFO - SELECT COUNT(*) FROM default.program --- 3
[2024-12-19T04:40:45.774+0000] {hive.py:475} INFO - 
            MERGE INTO iceberg.warehouse.program t
            USING default.program s
            ON t.program_id=s.program_id
            WHEN MATCHED 
                THEN UPDATE SET 
                t.program_id=s.program_id,t.class_of=s.class_of
            WHEN NOT MATCHED 
                THEN INSERT *
        
[2024-12-19T04:41:05.978+0000] {python.py:237} INFO - Done. Returned value was: None
[2024-12-19T04:41:05.988+0000] {taskinstance.py:441} INFO - ::group::Post task execution logs
[2024-12-19T04:41:06.050+0000] {taskinstance.py:1206} INFO - Marking task as SUCCESS. dag_id=migration_fit_data, task_id=insert_warehouse.insert_dwh_program, run_id=manual__2024-12-19T04:38:13.996676+00:00, execution_date=20241219T043813, start_date=20241219T044042, end_date=20241219T044106
[2024-12-19T04:41:06.219+0000] {local_task_job_runner.py:240} INFO - Task exited with return code 0
[2024-12-19T04:41:06.389+0000] {taskinstance.py:3498} INFO - 0 downstream tasks scheduled from follow-on schedule check
[2024-12-19T04:41:06.409+0000] {local_task_job_runner.py:222} INFO - ::endgroup::
