[2024-12-14T16:35:29.612+0000] {local_task_job_runner.py:120} INFO - ::group::Pre task execution logs
[2024-12-14T16:35:29.640+0000] {taskinstance.py:2076} INFO - Dependencies all met for dep_context=non-requeueable deps ti=<TaskInstance: migration_fit_data.load_staging.create_staging_program manual__2024-12-14T16:34:48.600629+00:00 [queued]>
[2024-12-14T16:35:29.651+0000] {taskinstance.py:2076} INFO - Dependencies all met for dep_context=requeueable deps ti=<TaskInstance: migration_fit_data.load_staging.create_staging_program manual__2024-12-14T16:34:48.600629+00:00 [queued]>
[2024-12-14T16:35:29.651+0000] {taskinstance.py:2306} INFO - Starting attempt 1 of 1
[2024-12-14T16:35:29.665+0000] {taskinstance.py:2330} INFO - Executing <Task(PythonOperator): load_staging.create_staging_program> on 2024-12-14 16:34:48.600629+00:00
[2024-12-14T16:35:29.675+0000] {warnings.py:110} WARNING - /home/***/.local/lib/python3.12/site-packages/***/task/task_runner/standard_task_runner.py:61: DeprecationWarning: This process (pid=4848) is multi-threaded, use of fork() may lead to deadlocks in the child.
  pid = os.fork()

[2024-12-14T16:35:29.677+0000] {standard_task_runner.py:63} INFO - Started process 4884 to run task
[2024-12-14T16:35:29.678+0000] {standard_task_runner.py:90} INFO - Running: ['***', 'tasks', 'run', 'migration_fit_data', 'load_staging.create_staging_program', 'manual__2024-12-14T16:34:48.600629+00:00', '--job-id', '249', '--raw', '--subdir', 'DAGS_FOLDER/elt_migrate.py', '--cfg-path', '/tmp/tmpl7k7yl1t']
[2024-12-14T16:35:29.681+0000] {standard_task_runner.py:91} INFO - Job 249: Subtask load_staging.create_staging_program
[2024-12-14T16:35:29.729+0000] {task_command.py:426} INFO - Running <TaskInstance: migration_fit_data.load_staging.create_staging_program manual__2024-12-14T16:34:48.600629+00:00 [running]> on host 472b63b715e1
[2024-12-14T16:35:29.829+0000] {taskinstance.py:2648} INFO - Exporting env vars: AIRFLOW_CTX_DAG_OWNER='***' AIRFLOW_CTX_DAG_ID='migration_fit_data' AIRFLOW_CTX_TASK_ID='load_staging.create_staging_program' AIRFLOW_CTX_EXECUTION_DATE='2024-12-14T16:34:48.600629+00:00' AIRFLOW_CTX_TRY_NUMBER='1' AIRFLOW_CTX_DAG_RUN_ID='manual__2024-12-14T16:34:48.600629+00:00'
[2024-12-14T16:35:29.830+0000] {taskinstance.py:430} INFO - ::endgroup::
[2024-12-14T16:35:29.840+0000] {hive.py:475} INFO - USE `default`
[2024-12-14T16:35:29.856+0000] {hive.py:475} INFO - DROP TABLE IF EXISTS default.program
[2024-12-14T16:35:29.932+0000] {hive.py:475} INFO - 
        CREATE TABLE IF NOT EXISTS default.program (
            program_id STRING,class_of STRING   
        )   
        STORED AS PARQUET
        LOCATION '/fit_warehouse/raw/program/*.snappy.parquet'
    
[2024-12-14T16:35:29.998+0000] {hive.py:475} INFO - ANALYZE TABLE default.program COMPUTE STATISTICS
[2024-12-14T16:35:30.440+0000] {python.py:237} INFO - Done. Returned value was: None
[2024-12-14T16:35:30.440+0000] {taskinstance.py:441} INFO - ::group::Post task execution logs
[2024-12-14T16:35:30.457+0000] {taskinstance.py:1206} INFO - Marking task as SUCCESS. dag_id=migration_fit_data, task_id=load_staging.create_staging_program, run_id=manual__2024-12-14T16:34:48.600629+00:00, execution_date=20241214T163448, start_date=20241214T163529, end_date=20241214T163530
[2024-12-14T16:35:30.495+0000] {local_task_job_runner.py:240} INFO - Task exited with return code 0
[2024-12-14T16:35:30.574+0000] {taskinstance.py:3498} INFO - 0 downstream tasks scheduled from follow-on schedule check
[2024-12-14T16:35:30.576+0000] {local_task_job_runner.py:222} INFO - ::endgroup::
