[2024-12-16T14:43:49.675+0000] {local_task_job_runner.py:120} INFO - ::group::Pre task execution logs
[2024-12-16T14:43:50.174+0000] {taskinstance.py:2076} INFO - Dependencies all met for dep_context=non-requeueable deps ti=<TaskInstance: migration_fit_data.load_staging.create_staging_class manual__2024-12-16T14:42:18.441063+00:00 [queued]>
[2024-12-16T14:43:51.052+0000] {taskinstance.py:2076} INFO - Dependencies all met for dep_context=requeueable deps ti=<TaskInstance: migration_fit_data.load_staging.create_staging_class manual__2024-12-16T14:42:18.441063+00:00 [queued]>
[2024-12-16T14:43:51.456+0000] {taskinstance.py:2306} INFO - Starting attempt 1 of 1
[2024-12-16T14:43:52.031+0000] {taskinstance.py:2330} INFO - Executing <Task(PythonOperator): load_staging.create_staging_class> on 2024-12-16 14:42:18.441063+00:00
[2024-12-16T14:43:52.220+0000] {warnings.py:110} WARNING - /home/***/.local/lib/python3.12/site-packages/***/task/task_runner/standard_task_runner.py:61: DeprecationWarning: This process (pid=26230) is multi-threaded, use of fork() may lead to deadlocks in the child.
  pid = os.fork()

[2024-12-16T14:43:52.324+0000] {standard_task_runner.py:63} INFO - Started process 26269 to run task
[2024-12-16T14:43:52.270+0000] {standard_task_runner.py:90} INFO - Running: ['***', 'tasks', 'run', 'migration_fit_data', 'load_staging.create_staging_class', 'manual__2024-12-16T14:42:18.441063+00:00', '--job-id', '572', '--raw', '--subdir', 'DAGS_FOLDER/elt_migrate.py', '--cfg-path', '/tmp/tmp71oznanx']
[2024-12-16T14:43:52.349+0000] {standard_task_runner.py:91} INFO - Job 572: Subtask load_staging.create_staging_class
[2024-12-16T14:43:53.480+0000] {task_command.py:426} INFO - Running <TaskInstance: migration_fit_data.load_staging.create_staging_class manual__2024-12-16T14:42:18.441063+00:00 [running]> on host 2f4e9c743994
[2024-12-16T14:43:54.807+0000] {taskinstance.py:2648} INFO - Exporting env vars: AIRFLOW_CTX_DAG_OWNER='***' AIRFLOW_CTX_DAG_ID='migration_fit_data' AIRFLOW_CTX_TASK_ID='load_staging.create_staging_class' AIRFLOW_CTX_EXECUTION_DATE='2024-12-16T14:42:18.441063+00:00' AIRFLOW_CTX_TRY_NUMBER='1' AIRFLOW_CTX_DAG_RUN_ID='manual__2024-12-16T14:42:18.441063+00:00'
[2024-12-16T14:43:54.819+0000] {taskinstance.py:430} INFO - ::endgroup::
[2024-12-16T14:43:54.948+0000] {hive.py:475} INFO - USE `default`
[2024-12-16T14:43:55.135+0000] {hive.py:475} INFO - DROP TABLE IF EXISTS default.class
[2024-12-16T14:43:55.534+0000] {hive.py:475} INFO - 
        CREATE TABLE IF NOT EXISTS default.class (
            class_id BIGINT,class_name STRING,last_modified_date TIMESTAMP   
        )   
        STORED AS PARQUET
        LOCATION '/fit_warehouse/raw/class/*.snappy.parquet'
    
[2024-12-16T14:43:56.863+0000] {hive.py:475} INFO - ANALYZE TABLE default.class COMPUTE STATISTICS
[2024-12-16T14:44:02.833+0000] {python.py:237} INFO - Done. Returned value was: None
[2024-12-16T14:44:02.834+0000] {taskinstance.py:441} INFO - ::group::Post task execution logs
[2024-12-16T14:44:02.878+0000] {taskinstance.py:1206} INFO - Marking task as SUCCESS. dag_id=migration_fit_data, task_id=load_staging.create_staging_class, run_id=manual__2024-12-16T14:42:18.441063+00:00, execution_date=20241216T144218, start_date=20241216T144350, end_date=20241216T144402
[2024-12-16T14:44:02.999+0000] {local_task_job_runner.py:240} INFO - Task exited with return code 0
[2024-12-16T14:44:03.393+0000] {taskinstance.py:3498} INFO - 0 downstream tasks scheduled from follow-on schedule check
[2024-12-16T14:44:03.395+0000] {local_task_job_runner.py:222} INFO - ::endgroup::
