[2024-12-14T17:02:02.038+0000] {local_task_job_runner.py:120} INFO - ::group::Pre task execution logs
[2024-12-14T17:02:02.108+0000] {taskinstance.py:2076} INFO - Dependencies all met for dep_context=non-requeueable deps ti=<TaskInstance: migration_fit_data.create_dwh_table.recreate_dwh_program_semester manual__2024-12-14T17:00:50.234298+00:00 [queued]>
[2024-12-14T17:02:02.150+0000] {taskinstance.py:2076} INFO - Dependencies all met for dep_context=requeueable deps ti=<TaskInstance: migration_fit_data.create_dwh_table.recreate_dwh_program_semester manual__2024-12-14T17:00:50.234298+00:00 [queued]>
[2024-12-14T17:02:02.151+0000] {taskinstance.py:2306} INFO - Starting attempt 1 of 1
[2024-12-14T17:02:02.204+0000] {taskinstance.py:2330} INFO - Executing <Task(PythonOperator): create_dwh_table.recreate_dwh_program_semester> on 2024-12-14 17:00:50.234298+00:00
[2024-12-14T17:02:02.251+0000] {warnings.py:110} WARNING - /home/***/.local/lib/python3.12/site-packages/***/task/task_runner/standard_task_runner.py:61: DeprecationWarning: This process (pid=5426) is multi-threaded, use of fork() may lead to deadlocks in the child.
  pid = os.fork()

[2024-12-14T17:02:02.259+0000] {standard_task_runner.py:63} INFO - Started process 5457 to run task
[2024-12-14T17:02:02.258+0000] {standard_task_runner.py:90} INFO - Running: ['***', 'tasks', 'run', 'migration_fit_data', 'create_dwh_table.recreate_dwh_program_semester', 'manual__2024-12-14T17:00:50.234298+00:00', '--job-id', '324', '--raw', '--subdir', 'DAGS_FOLDER/elt_migrate.py', '--cfg-path', '/tmp/tmpwx4bqbta']
[2024-12-14T17:02:02.274+0000] {standard_task_runner.py:91} INFO - Job 324: Subtask create_dwh_table.recreate_dwh_program_semester
[2024-12-14T17:02:02.521+0000] {task_command.py:426} INFO - Running <TaskInstance: migration_fit_data.create_dwh_table.recreate_dwh_program_semester manual__2024-12-14T17:00:50.234298+00:00 [running]> on host 472b63b715e1
[2024-12-14T17:02:03.135+0000] {taskinstance.py:2648} INFO - Exporting env vars: AIRFLOW_CTX_DAG_OWNER='***' AIRFLOW_CTX_DAG_ID='migration_fit_data' AIRFLOW_CTX_TASK_ID='create_dwh_table.recreate_dwh_program_semester' AIRFLOW_CTX_EXECUTION_DATE='2024-12-14T17:00:50.234298+00:00' AIRFLOW_CTX_TRY_NUMBER='1' AIRFLOW_CTX_DAG_RUN_ID='manual__2024-12-14T17:00:50.234298+00:00'
[2024-12-14T17:02:03.136+0000] {taskinstance.py:430} INFO - ::endgroup::
[2024-12-14T17:02:03.198+0000] {hive.py:475} INFO - USE `default`
[2024-12-14T17:02:03.314+0000] {hive.py:475} INFO - DROP TABLE IF EXISTS iceberg.warehouse.program_semester
[2024-12-14T17:02:03.766+0000] {hive.py:475} INFO - CREATE DATABASE IF NOT EXISTS warehouse
[2024-12-14T17:02:03.883+0000] {hive.py:475} INFO - 
        CREATE TABLE IF NOT EXISTS iceberg.warehouse.program_semester (
            program_semester_id STRING,program_id STRING,semester_name STRING,total_credit BIGINT,required_credit BIGINT,elective_credit BIGINT   
        )
        USING iceberg
        LOCATION '/fit_warehouse/warehouse/program_semester/*.snappy.parquet'
    
[2024-12-14T17:02:04.355+0000] {python.py:237} INFO - Done. Returned value was: None
[2024-12-14T17:02:04.355+0000] {taskinstance.py:441} INFO - ::group::Post task execution logs
[2024-12-14T17:02:04.412+0000] {taskinstance.py:1206} INFO - Marking task as SUCCESS. dag_id=migration_fit_data, task_id=create_dwh_table.recreate_dwh_program_semester, run_id=manual__2024-12-14T17:00:50.234298+00:00, execution_date=20241214T170050, start_date=20241214T170202, end_date=20241214T170204
[2024-12-14T17:02:04.576+0000] {local_task_job_runner.py:240} INFO - Task exited with return code 0
[2024-12-14T17:02:04.621+0000] {local_task_job_runner.py:222} INFO - ::endgroup::
