[2024-12-14T08:50:34.444+0000] {local_task_job_runner.py:120} INFO - ::group::Pre task execution logs
[2024-12-14T08:50:34.608+0000] {taskinstance.py:2076} INFO - Dependencies all met for dep_context=non-requeueable deps ti=<TaskInstance: migration_fit_data.load_staging.create_staging_course manual__2024-12-14T08:50:05.480259+00:00 [queued]>
[2024-12-14T08:50:34.667+0000] {taskinstance.py:2076} INFO - Dependencies all met for dep_context=requeueable deps ti=<TaskInstance: migration_fit_data.load_staging.create_staging_course manual__2024-12-14T08:50:05.480259+00:00 [queued]>
[2024-12-14T08:50:34.668+0000] {taskinstance.py:2306} INFO - Starting attempt 1 of 1
[2024-12-14T08:50:34.737+0000] {taskinstance.py:2330} INFO - Executing <Task(PythonOperator): load_staging.create_staging_course> on 2024-12-14 08:50:05.480259+00:00
[2024-12-14T08:50:34.777+0000] {warnings.py:110} WARNING - /home/***/.local/lib/python3.12/site-packages/***/task/task_runner/standard_task_runner.py:61: DeprecationWarning: This process (pid=16295) is multi-threaded, use of fork() may lead to deadlocks in the child.
  pid = os.fork()

[2024-12-14T08:50:34.786+0000] {standard_task_runner.py:63} INFO - Started process 16312 to run task
[2024-12-14T08:50:34.837+0000] {standard_task_runner.py:90} INFO - Running: ['***', 'tasks', 'run', 'migration_fit_data', 'load_staging.create_staging_course', 'manual__2024-12-14T08:50:05.480259+00:00', '--job-id', '1112', '--raw', '--subdir', 'DAGS_FOLDER/elt_migrate.py', '--cfg-path', '/tmp/tmp0qek3v29']
[2024-12-14T08:50:36.410+0000] {standard_task_runner.py:91} INFO - Job 1112: Subtask load_staging.create_staging_course
[2024-12-14T08:50:36.962+0000] {task_command.py:426} INFO - Running <TaskInstance: migration_fit_data.load_staging.create_staging_course manual__2024-12-14T08:50:05.480259+00:00 [running]> on host 1fe973f28a1c
[2024-12-14T08:50:37.923+0000] {taskinstance.py:2648} INFO - Exporting env vars: AIRFLOW_CTX_DAG_OWNER='***' AIRFLOW_CTX_DAG_ID='migration_fit_data' AIRFLOW_CTX_TASK_ID='load_staging.create_staging_course' AIRFLOW_CTX_EXECUTION_DATE='2024-12-14T08:50:05.480259+00:00' AIRFLOW_CTX_TRY_NUMBER='1' AIRFLOW_CTX_DAG_RUN_ID='manual__2024-12-14T08:50:05.480259+00:00'
[2024-12-14T08:50:37.934+0000] {taskinstance.py:430} INFO - ::endgroup::
[2024-12-14T08:50:37.991+0000] {hive.py:475} INFO - USE `default`
[2024-12-14T08:50:38.189+0000] {hive.py:475} INFO - DROP TABLE IF EXISTS default.course
[2024-12-14T08:50:38.648+0000] {hive.py:475} INFO - 
        CREATE TABLE IF NOT EXISTS default.course (
            course_id BIGINT,course_name STRING,course_code BIGINT,category STRING,total_credit BIGINT,theory_credit BIGINT,practice_credit BIGINT,self_learning_credit BIGINT   
        )   
        STORED AS PARQUET
        LOCATION '/fit_warehouse/raw/course/*.snappy.parquet'
    
[2024-12-14T08:50:39.155+0000] {hive.py:475} INFO - ANALYZE TABLE default.course COMPUTE STATISTICS
[2024-12-14T08:50:42.655+0000] {python.py:237} INFO - Done. Returned value was: None
[2024-12-14T08:50:42.656+0000] {taskinstance.py:441} INFO - ::group::Post task execution logs
[2024-12-14T08:50:42.681+0000] {taskinstance.py:1206} INFO - Marking task as SUCCESS. dag_id=migration_fit_data, task_id=load_staging.create_staging_course, run_id=manual__2024-12-14T08:50:05.480259+00:00, execution_date=20241214T085005, start_date=20241214T085034, end_date=20241214T085042
[2024-12-14T08:50:42.818+0000] {local_task_job_runner.py:240} INFO - Task exited with return code 0
[2024-12-14T08:50:42.886+0000] {taskinstance.py:3498} INFO - 0 downstream tasks scheduled from follow-on schedule check
[2024-12-14T08:50:42.895+0000] {local_task_job_runner.py:222} INFO - ::endgroup::
