[2024-12-13T18:51:30.897+0000] {local_task_job_runner.py:120} INFO - ::group::Pre task execution logs
[2024-12-13T18:51:31.216+0000] {taskinstance.py:2076} INFO - Dependencies all met for dep_context=non-requeueable deps ti=<TaskInstance: migration_fit_data.create_dwh_table.recreate_dwh_instruction_lecturer manual__2024-12-13T18:50:49.660467+00:00 [queued]>
[2024-12-13T18:51:31.285+0000] {taskinstance.py:2076} INFO - Dependencies all met for dep_context=requeueable deps ti=<TaskInstance: migration_fit_data.create_dwh_table.recreate_dwh_instruction_lecturer manual__2024-12-13T18:50:49.660467+00:00 [queued]>
[2024-12-13T18:51:31.286+0000] {taskinstance.py:2306} INFO - Starting attempt 1 of 1
[2024-12-13T18:51:31.345+0000] {taskinstance.py:2330} INFO - Executing <Task(PythonOperator): create_dwh_table.recreate_dwh_instruction_lecturer> on 2024-12-13 18:50:49.660467+00:00
[2024-12-13T18:51:31.392+0000] {warnings.py:110} WARNING - /home/***/.local/lib/python3.12/site-packages/***/task/task_runner/standard_task_runner.py:61: DeprecationWarning: This process (pid=3727) is multi-threaded, use of fork() may lead to deadlocks in the child.
  pid = os.fork()

[2024-12-13T18:51:31.402+0000] {standard_task_runner.py:63} INFO - Started process 3754 to run task
[2024-12-13T18:51:31.419+0000] {standard_task_runner.py:90} INFO - Running: ['***', 'tasks', 'run', 'migration_fit_data', 'create_dwh_table.recreate_dwh_instruction_lecturer', 'manual__2024-12-13T18:50:49.660467+00:00', '--job-id', '385', '--raw', '--subdir', 'DAGS_FOLDER/elt_migrate.py', '--cfg-path', '/tmp/tmp8gso2fii']
[2024-12-13T18:51:31.434+0000] {standard_task_runner.py:91} INFO - Job 385: Subtask create_dwh_table.recreate_dwh_instruction_lecturer
[2024-12-13T18:51:31.910+0000] {task_command.py:426} INFO - Running <TaskInstance: migration_fit_data.create_dwh_table.recreate_dwh_instruction_lecturer manual__2024-12-13T18:50:49.660467+00:00 [running]> on host 1fe973f28a1c
[2024-12-13T18:51:32.731+0000] {taskinstance.py:2648} INFO - Exporting env vars: AIRFLOW_CTX_DAG_OWNER='***' AIRFLOW_CTX_DAG_ID='migration_fit_data' AIRFLOW_CTX_TASK_ID='create_dwh_table.recreate_dwh_instruction_lecturer' AIRFLOW_CTX_EXECUTION_DATE='2024-12-13T18:50:49.660467+00:00' AIRFLOW_CTX_TRY_NUMBER='1' AIRFLOW_CTX_DAG_RUN_ID='manual__2024-12-13T18:50:49.660467+00:00'
[2024-12-13T18:51:32.733+0000] {taskinstance.py:430} INFO - ::endgroup::
[2024-12-13T18:51:32.872+0000] {hive.py:475} INFO - USE `default`
[2024-12-13T18:51:32.958+0000] {hive.py:475} INFO - DROP TABLE IF EXISTS iceberg.warehouse.instruction_lecturer
[2024-12-13T18:51:33.302+0000] {hive.py:475} INFO - CREATE DATABASE IF NOT EXISTS warehouse
[2024-12-13T18:51:33.363+0000] {hive.py:475} INFO - 
        CREATE TABLE IF NOT EXISTS iceberg.warehouse.instruction_lecturer (
            instruction_lecturer_id BIGINT,instruction_id BIGINT,lecturer_id BIGINT,lecturer_type STRING   
        )
        USING iceberg
        LOCATION '/fit_warehouse/warehouse/instruction_lecturer/*.snappy.parquet'
    
[2024-12-13T18:51:33.706+0000] {python.py:237} INFO - Done. Returned value was: None
[2024-12-13T18:51:33.706+0000] {taskinstance.py:441} INFO - ::group::Post task execution logs
[2024-12-13T18:51:33.749+0000] {taskinstance.py:1206} INFO - Marking task as SUCCESS. dag_id=migration_fit_data, task_id=create_dwh_table.recreate_dwh_instruction_lecturer, run_id=manual__2024-12-13T18:50:49.660467+00:00, execution_date=20241213T185049, start_date=20241213T185131, end_date=20241213T185133
[2024-12-13T18:51:33.952+0000] {local_task_job_runner.py:240} INFO - Task exited with return code 0
[2024-12-13T18:51:34.291+0000] {taskinstance.py:3498} INFO - 0 downstream tasks scheduled from follow-on schedule check
[2024-12-13T18:51:34.317+0000] {local_task_job_runner.py:222} INFO - ::endgroup::
