[2024-12-18T08:01:30.367+0000] {local_task_job_runner.py:120} INFO - ::group::Pre task execution logs
[2024-12-18T08:01:30.974+0000] {taskinstance.py:2076} INFO - Dependencies all met for dep_context=non-requeueable deps ti=<TaskInstance: migration_fit_data.get_raw_data.extract_raw_lecturer manual__2024-12-18T08:01:04.827041+00:00 [queued]>
[2024-12-18T08:01:31.131+0000] {taskinstance.py:2076} INFO - Dependencies all met for dep_context=requeueable deps ti=<TaskInstance: migration_fit_data.get_raw_data.extract_raw_lecturer manual__2024-12-18T08:01:04.827041+00:00 [queued]>
[2024-12-18T08:01:31.132+0000] {taskinstance.py:2306} INFO - Starting attempt 1 of 1
[2024-12-18T08:01:31.453+0000] {taskinstance.py:2330} INFO - Executing <Task(PythonOperator): get_raw_data.extract_raw_lecturer> on 2024-12-18 08:01:04.827041+00:00
[2024-12-18T08:01:31.579+0000] {standard_task_runner.py:90} INFO - Running: ['***', 'tasks', 'run', 'migration_fit_data', 'get_raw_data.extract_raw_lecturer', 'manual__2024-12-18T08:01:04.827041+00:00', '--job-id', '1031', '--raw', '--subdir', 'DAGS_FOLDER/elt_migrate.py', '--cfg-path', '/tmp/tmpl6c20g7v']
[2024-12-18T08:01:31.618+0000] {standard_task_runner.py:91} INFO - Job 1031: Subtask get_raw_data.extract_raw_lecturer
[2024-12-18T08:01:31.614+0000] {warnings.py:110} WARNING - /home/***/.local/lib/python3.12/site-packages/***/task/task_runner/standard_task_runner.py:61: DeprecationWarning: This process (pid=57626) is multi-threaded, use of fork() may lead to deadlocks in the child.
  pid = os.fork()

[2024-12-18T08:01:31.633+0000] {standard_task_runner.py:63} INFO - Started process 57654 to run task
[2024-12-18T08:01:31.757+0000] {task_command.py:426} INFO - Running <TaskInstance: migration_fit_data.get_raw_data.extract_raw_lecturer manual__2024-12-18T08:01:04.827041+00:00 [running]> on host 2f4e9c743994
[2024-12-18T08:01:32.359+0000] {taskinstance.py:2648} INFO - Exporting env vars: AIRFLOW_CTX_DAG_OWNER='***' AIRFLOW_CTX_DAG_ID='migration_fit_data' AIRFLOW_CTX_TASK_ID='get_raw_data.extract_raw_lecturer' AIRFLOW_CTX_EXECUTION_DATE='2024-12-18T08:01:04.827041+00:00' AIRFLOW_CTX_TRY_NUMBER='1' AIRFLOW_CTX_DAG_RUN_ID='manual__2024-12-18T08:01:04.827041+00:00'
[2024-12-18T08:01:32.381+0000] {taskinstance.py:430} INFO - ::endgroup::
[2024-12-18T08:01:34.668+0000] {__init__.py:412} INFO - DELETE /fit_warehouse/raw/lecturer/ recursive=True user.name=default namenode:9870
[2024-12-18T08:01:34.723+0000] {__init__.py:412} INFO - GETFILESTATUS /fit_warehouse/raw/lecturer/ user.name=default namenode:9870
[2024-12-18T08:01:34.742+0000] {__init__.py:412} INFO - MKDIRS /fit_warehouse/raw/lecturer/ user.name=default namenode:9870
[2024-12-18T08:01:34.778+0000] {__init__.py:412} INFO - CREATE /fit_warehouse/raw/lecturer/lecturer_01.snappy.parquet overwrite=True async_=True user.name=default namenode:9870
[2024-12-18T08:01:35.648+0000] {python.py:237} INFO - Done. Returned value was: None
[2024-12-18T08:01:35.660+0000] {taskinstance.py:441} INFO - ::group::Post task execution logs
[2024-12-18T08:01:35.709+0000] {taskinstance.py:1206} INFO - Marking task as SUCCESS. dag_id=migration_fit_data, task_id=get_raw_data.extract_raw_lecturer, run_id=manual__2024-12-18T08:01:04.827041+00:00, execution_date=20241218T080104, start_date=20241218T080130, end_date=20241218T080135
[2024-12-18T08:01:36.019+0000] {local_task_job_runner.py:240} INFO - Task exited with return code 0
[2024-12-18T08:01:37.777+0000] {taskinstance.py:3498} INFO - 0 downstream tasks scheduled from follow-on schedule check
[2024-12-18T08:01:37.801+0000] {local_task_job_runner.py:222} INFO - ::endgroup::
