[2024-12-17T05:32:08.144+0000] {local_task_job_runner.py:120} INFO - ::group::Pre task execution logs
[2024-12-17T05:32:08.415+0000] {taskinstance.py:2076} INFO - Dependencies all met for dep_context=non-requeueable deps ti=<TaskInstance: migration_fit_data.create_dwh_table.recreate_dwh_score_detail manual__2024-12-17T05:30:38.897078+00:00 [queued]>
[2024-12-17T05:32:08.556+0000] {taskinstance.py:2076} INFO - Dependencies all met for dep_context=requeueable deps ti=<TaskInstance: migration_fit_data.create_dwh_table.recreate_dwh_score_detail manual__2024-12-17T05:30:38.897078+00:00 [queued]>
[2024-12-17T05:32:08.557+0000] {taskinstance.py:2306} INFO - Starting attempt 1 of 1
[2024-12-17T05:32:08.811+0000] {taskinstance.py:2330} INFO - Executing <Task(PythonOperator): create_dwh_table.recreate_dwh_score_detail> on 2024-12-17 05:30:38.897078+00:00
[2024-12-17T05:32:08.951+0000] {standard_task_runner.py:90} INFO - Running: ['***', 'tasks', 'run', 'migration_fit_data', 'create_dwh_table.recreate_dwh_score_detail', 'manual__2024-12-17T05:30:38.897078+00:00', '--job-id', '930', '--raw', '--subdir', 'DAGS_FOLDER/elt_migrate.py', '--cfg-path', '/tmp/tmpl7p7wwkx']
[2024-12-17T05:32:08.991+0000] {standard_task_runner.py:91} INFO - Job 930: Subtask create_dwh_table.recreate_dwh_score_detail
[2024-12-17T05:32:08.973+0000] {warnings.py:110} WARNING - /home/***/.local/lib/python3.12/site-packages/***/task/task_runner/standard_task_runner.py:61: DeprecationWarning: This process (pid=38323) is multi-threaded, use of fork() may lead to deadlocks in the child.
  pid = os.fork()

[2024-12-17T05:32:09.021+0000] {standard_task_runner.py:63} INFO - Started process 38342 to run task
[2024-12-17T05:32:10.009+0000] {task_command.py:426} INFO - Running <TaskInstance: migration_fit_data.create_dwh_table.recreate_dwh_score_detail manual__2024-12-17T05:30:38.897078+00:00 [running]> on host 2f4e9c743994
[2024-12-17T05:32:11.141+0000] {taskinstance.py:2648} INFO - Exporting env vars: AIRFLOW_CTX_DAG_OWNER='***' AIRFLOW_CTX_DAG_ID='migration_fit_data' AIRFLOW_CTX_TASK_ID='create_dwh_table.recreate_dwh_score_detail' AIRFLOW_CTX_EXECUTION_DATE='2024-12-17T05:30:38.897078+00:00' AIRFLOW_CTX_TRY_NUMBER='1' AIRFLOW_CTX_DAG_RUN_ID='manual__2024-12-17T05:30:38.897078+00:00'
[2024-12-17T05:32:11.148+0000] {taskinstance.py:430} INFO - ::endgroup::
[2024-12-17T05:32:11.185+0000] {hive.py:475} INFO - USE `default`
[2024-12-17T05:32:11.344+0000] {hive.py:475} INFO - DROP TABLE IF EXISTS iceberg.warehouse.score_detail
[2024-12-17T05:32:11.701+0000] {hive.py:475} INFO - CREATE DATABASE IF NOT EXISTS warehouse
[2024-12-17T05:32:12.027+0000] {hive.py:475} INFO - 
        CREATE TABLE IF NOT EXISTS iceberg.warehouse.score_detail (
            score_detail_id BIGINT,score_id BIGINT,regular_score_1 DOUBLE,regular_score_2 DOUBLE,regular_score_3 DOUBLE,mid_term_score DOUBLE,final_term_score DOUBLE,practice_score_1 DOUBLE,practice_score_2 DOUBLE,practice_score_3 DOUBLE,last_modified_date TIMESTAMP   
        )
        USING iceberg
        LOCATION '/fit_warehouse/warehouse/score_detail/*.snappy.parquet'
    
[2024-12-17T05:32:13.066+0000] {python.py:237} INFO - Done. Returned value was: None
[2024-12-17T05:32:13.092+0000] {taskinstance.py:441} INFO - ::group::Post task execution logs
[2024-12-17T05:32:13.134+0000] {taskinstance.py:1206} INFO - Marking task as SUCCESS. dag_id=migration_fit_data, task_id=create_dwh_table.recreate_dwh_score_detail, run_id=manual__2024-12-17T05:30:38.897078+00:00, execution_date=20241217T053038, start_date=20241217T053208, end_date=20241217T053213
[2024-12-17T05:32:13.238+0000] {local_task_job_runner.py:240} INFO - Task exited with return code 0
[2024-12-17T05:32:13.307+0000] {local_task_job_runner.py:222} INFO - ::endgroup::
