[2024-12-17T05:31:40.810+0000] {local_task_job_runner.py:120} INFO - ::group::Pre task execution logs
[2024-12-17T05:31:40.851+0000] {taskinstance.py:2076} INFO - Dependencies all met for dep_context=non-requeueable deps ti=<TaskInstance: migration_fit_data.load_staging.create_staging_student manual__2024-12-17T05:30:38.897078+00:00 [queued]>
[2024-12-17T05:31:40.885+0000] {taskinstance.py:2076} INFO - Dependencies all met for dep_context=requeueable deps ti=<TaskInstance: migration_fit_data.load_staging.create_staging_student manual__2024-12-17T05:30:38.897078+00:00 [queued]>
[2024-12-17T05:31:40.888+0000] {taskinstance.py:2306} INFO - Starting attempt 1 of 1
[2024-12-17T05:31:40.944+0000] {taskinstance.py:2330} INFO - Executing <Task(PythonOperator): load_staging.create_staging_student> on 2024-12-17 05:30:38.897078+00:00
[2024-12-17T05:31:40.993+0000] {warnings.py:110} WARNING - /home/***/.local/lib/python3.12/site-packages/***/task/task_runner/standard_task_runner.py:61: DeprecationWarning: This process (pid=38263) is multi-threaded, use of fork() may lead to deadlocks in the child.
  pid = os.fork()

[2024-12-17T05:31:41.012+0000] {standard_task_runner.py:63} INFO - Started process 38307 to run task
[2024-12-17T05:31:41.056+0000] {standard_task_runner.py:90} INFO - Running: ['***', 'tasks', 'run', 'migration_fit_data', 'load_staging.create_staging_student', 'manual__2024-12-17T05:30:38.897078+00:00', '--job-id', '922', '--raw', '--subdir', 'DAGS_FOLDER/elt_migrate.py', '--cfg-path', '/tmp/tmpbwgu52tl']
[2024-12-17T05:31:41.115+0000] {standard_task_runner.py:91} INFO - Job 922: Subtask load_staging.create_staging_student
[2024-12-17T05:31:41.725+0000] {task_command.py:426} INFO - Running <TaskInstance: migration_fit_data.load_staging.create_staging_student manual__2024-12-17T05:30:38.897078+00:00 [running]> on host 2f4e9c743994
[2024-12-17T05:31:42.346+0000] {taskinstance.py:2648} INFO - Exporting env vars: AIRFLOW_CTX_DAG_OWNER='***' AIRFLOW_CTX_DAG_ID='migration_fit_data' AIRFLOW_CTX_TASK_ID='load_staging.create_staging_student' AIRFLOW_CTX_EXECUTION_DATE='2024-12-17T05:30:38.897078+00:00' AIRFLOW_CTX_TRY_NUMBER='1' AIRFLOW_CTX_DAG_RUN_ID='manual__2024-12-17T05:30:38.897078+00:00'
[2024-12-17T05:31:42.348+0000] {taskinstance.py:430} INFO - ::endgroup::
[2024-12-17T05:31:42.435+0000] {hive.py:475} INFO - USE `default`
[2024-12-17T05:31:43.747+0000] {hive.py:475} INFO - DROP TABLE IF EXISTS default.student
[2024-12-17T05:31:44.933+0000] {hive.py:475} INFO - 
        CREATE TABLE IF NOT EXISTS default.student (
            student_id STRING,student_name STRING,class_name STRING,edu_mail STRING,address_id BIGINT,national_id BIGINT,key_year STRING,gender STRING,student_dob TIMESTAMP   
        )   
        STORED AS PARQUET
        LOCATION '/fit_warehouse/raw/student/*.snappy.parquet'
    
[2024-12-17T05:31:46.333+0000] {hive.py:475} INFO - ANALYZE TABLE default.student COMPUTE STATISTICS
[2024-12-17T05:31:50.908+0000] {python.py:237} INFO - Done. Returned value was: None
[2024-12-17T05:31:50.908+0000] {taskinstance.py:441} INFO - ::group::Post task execution logs
[2024-12-17T05:31:50.973+0000] {taskinstance.py:1206} INFO - Marking task as SUCCESS. dag_id=migration_fit_data, task_id=load_staging.create_staging_student, run_id=manual__2024-12-17T05:30:38.897078+00:00, execution_date=20241217T053038, start_date=20241217T053140, end_date=20241217T053150
[2024-12-17T05:31:51.099+0000] {local_task_job_runner.py:240} INFO - Task exited with return code 0
[2024-12-17T05:31:51.544+0000] {taskinstance.py:3498} INFO - 0 downstream tasks scheduled from follow-on schedule check
[2024-12-17T05:31:51.574+0000] {local_task_job_runner.py:222} INFO - ::endgroup::
