[2024-12-18T18:50:21.257+0000] {local_task_job_runner.py:120} INFO - ::group::Pre task execution logs
[2024-12-18T18:50:21.499+0000] {taskinstance.py:2076} INFO - Dependencies all met for dep_context=non-requeueable deps ti=<TaskInstance: migration_fit_data.create_dwh_table.recreate_dwh_instruction_fact manual__2024-12-18T18:47:46.249957+00:00 [queued]>
[2024-12-18T18:50:21.681+0000] {taskinstance.py:2076} INFO - Dependencies all met for dep_context=requeueable deps ti=<TaskInstance: migration_fit_data.create_dwh_table.recreate_dwh_instruction_fact manual__2024-12-18T18:47:46.249957+00:00 [queued]>
[2024-12-18T18:50:21.681+0000] {taskinstance.py:2306} INFO - Starting attempt 1 of 1
[2024-12-18T18:50:22.016+0000] {taskinstance.py:2330} INFO - Executing <Task(PythonOperator): create_dwh_table.recreate_dwh_instruction_fact> on 2024-12-18 18:47:46.249957+00:00
[2024-12-18T18:50:22.191+0000] {warnings.py:110} WARNING - /home/***/.local/lib/python3.12/site-packages/***/task/task_runner/standard_task_runner.py:61: DeprecationWarning: This process (pid=1334) is multi-threaded, use of fork() may lead to deadlocks in the child.
  pid = os.fork()

[2024-12-18T18:50:22.201+0000] {standard_task_runner.py:63} INFO - Started process 1375 to run task
[2024-12-18T18:50:22.223+0000] {standard_task_runner.py:90} INFO - Running: ['***', 'tasks', 'run', 'migration_fit_data', 'create_dwh_table.recreate_dwh_instruction_fact', 'manual__2024-12-18T18:47:46.249957+00:00', '--job-id', '1140', '--raw', '--subdir', 'DAGS_FOLDER/elt_migrate.py', '--cfg-path', '/tmp/tmph63fxuqr']
[2024-12-18T18:50:22.282+0000] {standard_task_runner.py:91} INFO - Job 1140: Subtask create_dwh_table.recreate_dwh_instruction_fact
[2024-12-18T18:50:22.919+0000] {task_command.py:426} INFO - Running <TaskInstance: migration_fit_data.create_dwh_table.recreate_dwh_instruction_fact manual__2024-12-18T18:47:46.249957+00:00 [running]> on host 33a17f71e955
[2024-12-18T18:50:24.403+0000] {taskinstance.py:2648} INFO - Exporting env vars: AIRFLOW_CTX_DAG_OWNER='***' AIRFLOW_CTX_DAG_ID='migration_fit_data' AIRFLOW_CTX_TASK_ID='create_dwh_table.recreate_dwh_instruction_fact' AIRFLOW_CTX_EXECUTION_DATE='2024-12-18T18:47:46.249957+00:00' AIRFLOW_CTX_TRY_NUMBER='1' AIRFLOW_CTX_DAG_RUN_ID='manual__2024-12-18T18:47:46.249957+00:00'
[2024-12-18T18:50:24.407+0000] {taskinstance.py:430} INFO - ::endgroup::
[2024-12-18T18:50:24.675+0000] {hive.py:475} INFO - USE `default`
[2024-12-18T18:50:25.340+0000] {hive.py:475} INFO - DROP TABLE IF EXISTS iceberg.warehouse.instruction_fact
[2024-12-18T18:50:25.768+0000] {hive.py:475} INFO - CREATE DATABASE IF NOT EXISTS warehouse
[2024-12-18T18:50:26.035+0000] {hive.py:475} INFO - 
        CREATE TABLE IF NOT EXISTS iceberg.warehouse.instruction_fact (
            instruction_id BIGINT,program_semester_id STRING,course_id BIGINT,class_id BIGINT,is_required BOOLEAN,num_student BIGINT,num_pass_student BIGINT,num_fail_student BIGINT,avg_final_score DOUBLE,instruction_status STRING,instruction_allocate TIMESTAMP,instruction_time_start TIMESTAMP,instruction_time_end TIMESTAMP,last_modified_date TIMESTAMP,etl_date TIMESTAMP   
        )
        USING iceberg
        LOCATION '/fit_warehouse/warehouse/instruction_fact/*.snappy.parquet'
    
[2024-12-18T18:50:31.531+0000] {python.py:237} INFO - Done. Returned value was: None
[2024-12-18T18:50:31.531+0000] {taskinstance.py:441} INFO - ::group::Post task execution logs
[2024-12-18T18:50:31.573+0000] {taskinstance.py:1206} INFO - Marking task as SUCCESS. dag_id=migration_fit_data, task_id=create_dwh_table.recreate_dwh_instruction_fact, run_id=manual__2024-12-18T18:47:46.249957+00:00, execution_date=20241218T184746, start_date=20241218T185021, end_date=20241218T185031
[2024-12-18T18:50:31.755+0000] {local_task_job_runner.py:240} INFO - Task exited with return code 0
[2024-12-18T18:50:31.844+0000] {local_task_job_runner.py:222} INFO - ::endgroup::
