[2024-12-15T04:30:01.555+0000] {local_task_job_runner.py:120} INFO - ::group::Pre task execution logs
[2024-12-15T04:30:02.034+0000] {taskinstance.py:2076} INFO - Dependencies all met for dep_context=non-requeueable deps ti=<TaskInstance: etl_instruction_fact_data.aggregate_warehouse.aggregate_instruction_aggregate manual__2024-12-15T04:29:43.240186+00:00 [queued]>
[2024-12-15T04:30:02.128+0000] {taskinstance.py:2076} INFO - Dependencies all met for dep_context=requeueable deps ti=<TaskInstance: etl_instruction_fact_data.aggregate_warehouse.aggregate_instruction_aggregate manual__2024-12-15T04:29:43.240186+00:00 [queued]>
[2024-12-15T04:30:02.130+0000] {taskinstance.py:2306} INFO - Starting attempt 1 of 1
[2024-12-15T04:30:02.144+0000] {taskinstance.py:2330} INFO - Executing <Task(PythonOperator): aggregate_warehouse.aggregate_instruction_aggregate> on 2024-12-15 04:29:43.240186+00:00
[2024-12-15T04:30:02.164+0000] {warnings.py:110} WARNING - /home/***/.local/lib/python3.12/site-packages/***/task/task_runner/standard_task_runner.py:61: DeprecationWarning: This process (pid=453) is multi-threaded, use of fork() may lead to deadlocks in the child.
  pid = os.fork()

[2024-12-15T04:30:02.176+0000] {standard_task_runner.py:63} INFO - Started process 471 to run task
[2024-12-15T04:30:02.178+0000] {standard_task_runner.py:90} INFO - Running: ['***', 'tasks', 'run', 'etl_instruction_fact_data', 'aggregate_warehouse.aggregate_instruction_aggregate', 'manual__2024-12-15T04:29:43.240186+00:00', '--job-id', '461', '--raw', '--subdir', 'DAGS_FOLDER/elt_instruction_fact.py', '--cfg-path', '/tmp/tmpq2t95i9r']
[2024-12-15T04:30:02.184+0000] {standard_task_runner.py:91} INFO - Job 461: Subtask aggregate_warehouse.aggregate_instruction_aggregate
[2024-12-15T04:30:02.493+0000] {task_command.py:426} INFO - Running <TaskInstance: etl_instruction_fact_data.aggregate_warehouse.aggregate_instruction_aggregate manual__2024-12-15T04:29:43.240186+00:00 [running]> on host 2f4e9c743994
[2024-12-15T04:30:04.133+0000] {taskinstance.py:2648} INFO - Exporting env vars: AIRFLOW_CTX_DAG_OWNER='***' AIRFLOW_CTX_DAG_ID='etl_instruction_fact_data' AIRFLOW_CTX_TASK_ID='aggregate_warehouse.aggregate_instruction_aggregate' AIRFLOW_CTX_EXECUTION_DATE='2024-12-15T04:29:43.240186+00:00' AIRFLOW_CTX_TRY_NUMBER='1' AIRFLOW_CTX_DAG_RUN_ID='manual__2024-12-15T04:29:43.240186+00:00'
[2024-12-15T04:30:04.161+0000] {taskinstance.py:430} INFO - ::endgroup::
[2024-12-15T04:30:04.319+0000] {hive.py:475} INFO - USE `default`
[2024-12-15T04:30:04.691+0000] {hive.py:475} INFO - CREATE NAMESPACE IF NOT EXISTS iceberg.aggr_warehouse
[2024-12-15T04:30:04.909+0000] {hive.py:475} INFO - DROP TABLE IF EXISTS iceberg.aggr_warehouse.instruction_aggregate
[2024-12-15T04:30:05.226+0000] {hive.py:475} INFO - 
    CREATE OR REPLACE TABLE iceberg.aggr_warehouse.instruction_aggregate
    USING parquet
    AS
    SELECT
        inf.instruction_id,
        c.course_id,
        c.course_name,
        ps.program_id,
        ps.semester_name,
        inf.num_student AS num_students,
        inf.avg_final_score
    FROM
        iceberg.warehouse.instruction_fact inf
    JOIN iceberg.warehouse.course c ON inf.course_id = c.course_id
    JOIN iceberg.warehouse.program_semester ps ON inf.program_semester_id = ps.program_semester_id
    WHERE 
        inf.instruction_status = 'completed';
    
[2024-12-15T04:30:10.435+0000] {__init__.py:412} INFO - DELETE /user/hive/warehouse/aggr_warehouse.db/instruction_aggregate_parquet recursive=True user.name=default namenode:9870
[2024-12-15T04:30:10.604+0000] {hive.py:475} INFO - 
        DROP TABLE IF EXISTS spark_catalog.aggr_warehouse.instruction_aggregate_parquet
    
[2024-12-15T04:30:11.223+0000] {hive.py:475} INFO - 
        CREATE TABLE spark_catalog.aggr_warehouse.instruction_aggregate_parquet
        USING parquet
        AS
        SELECT * FROM iceberg.aggr_warehouse.instruction_aggregate
    
[2024-12-15T04:30:13.292+0000] {python.py:237} INFO - Done. Returned value was: None
[2024-12-15T04:30:13.293+0000] {taskinstance.py:441} INFO - ::group::Post task execution logs
[2024-12-15T04:30:13.314+0000] {taskinstance.py:1206} INFO - Marking task as SUCCESS. dag_id=etl_instruction_fact_data, task_id=aggregate_warehouse.aggregate_instruction_aggregate, run_id=manual__2024-12-15T04:29:43.240186+00:00, execution_date=20241215T042943, start_date=20241215T043002, end_date=20241215T043013
[2024-12-15T04:30:13.395+0000] {local_task_job_runner.py:240} INFO - Task exited with return code 0
[2024-12-15T04:30:13.476+0000] {taskinstance.py:3498} INFO - 0 downstream tasks scheduled from follow-on schedule check
[2024-12-15T04:30:13.486+0000] {local_task_job_runner.py:222} INFO - ::endgroup::
