[2024-12-14T08:29:47.842+0000] {local_task_job_runner.py:120} INFO - ::group::Pre task execution logs
[2024-12-14T08:29:47.923+0000] {taskinstance.py:2076} INFO - Dependencies all met for dep_context=non-requeueable deps ti=<TaskInstance: etl_dimention_data.load_staging.create_staging_student manual__2024-12-14T08:29:32.383342+00:00 [queued]>
[2024-12-14T08:29:47.947+0000] {taskinstance.py:2076} INFO - Dependencies all met for dep_context=requeueable deps ti=<TaskInstance: etl_dimention_data.load_staging.create_staging_student manual__2024-12-14T08:29:32.383342+00:00 [queued]>
[2024-12-14T08:29:47.947+0000] {taskinstance.py:2306} INFO - Starting attempt 1 of 1
[2024-12-14T08:29:47.983+0000] {taskinstance.py:2330} INFO - Executing <Task(PythonOperator): load_staging.create_staging_student> on 2024-12-14 08:29:32.383342+00:00
[2024-12-14T08:29:48.025+0000] {warnings.py:110} WARNING - /home/***/.local/lib/python3.12/site-packages/***/task/task_runner/standard_task_runner.py:61: DeprecationWarning: This process (pid=15855) is multi-threaded, use of fork() may lead to deadlocks in the child.
  pid = os.fork()

[2024-12-14T08:29:48.031+0000] {standard_task_runner.py:63} INFO - Started process 15871 to run task
[2024-12-14T08:29:48.027+0000] {standard_task_runner.py:90} INFO - Running: ['***', 'tasks', 'run', 'etl_dimention_data', 'load_staging.create_staging_student', 'manual__2024-12-14T08:29:32.383342+00:00', '--job-id', '1057', '--raw', '--subdir', 'DAGS_FOLDER/elt_dimention.py', '--cfg-path', '/tmp/tmplrtxiw8a']
[2024-12-14T08:29:48.032+0000] {standard_task_runner.py:91} INFO - Job 1057: Subtask load_staging.create_staging_student
[2024-12-14T08:29:48.121+0000] {task_command.py:426} INFO - Running <TaskInstance: etl_dimention_data.load_staging.create_staging_student manual__2024-12-14T08:29:32.383342+00:00 [running]> on host 1fe973f28a1c
[2024-12-14T08:29:48.331+0000] {taskinstance.py:2648} INFO - Exporting env vars: AIRFLOW_CTX_DAG_OWNER='***' AIRFLOW_CTX_DAG_ID='etl_dimention_data' AIRFLOW_CTX_TASK_ID='load_staging.create_staging_student' AIRFLOW_CTX_EXECUTION_DATE='2024-12-14T08:29:32.383342+00:00' AIRFLOW_CTX_TRY_NUMBER='1' AIRFLOW_CTX_DAG_RUN_ID='manual__2024-12-14T08:29:32.383342+00:00'
[2024-12-14T08:29:48.333+0000] {taskinstance.py:430} INFO - ::endgroup::
[2024-12-14T08:29:48.372+0000] {hive.py:475} INFO - USE `default`
[2024-12-14T08:29:48.477+0000] {hive.py:475} INFO - DROP TABLE IF EXISTS default.student
[2024-12-14T08:29:49.167+0000] {hive.py:475} INFO - 
        CREATE TABLE IF NOT EXISTS default.student (
            student_id STRING,student_name STRING,class_name STRING,edu_mail STRING,address_id BIGINT,national_id BIGINT,key_year STRING,gender STRING,student_dob TIMESTAMP   
        )   
        STORED AS PARQUET
        LOCATION '/fit_warehouse/raw/student/*.snappy.parquet'
    
[2024-12-14T08:29:49.532+0000] {hive.py:475} INFO - ANALYZE TABLE default.student COMPUTE STATISTICS
[2024-12-14T08:29:50.599+0000] {python.py:237} INFO - Done. Returned value was: None
[2024-12-14T08:29:50.600+0000] {taskinstance.py:441} INFO - ::group::Post task execution logs
[2024-12-14T08:29:50.622+0000] {taskinstance.py:1206} INFO - Marking task as SUCCESS. dag_id=etl_dimention_data, task_id=load_staging.create_staging_student, run_id=manual__2024-12-14T08:29:32.383342+00:00, execution_date=20241214T082932, start_date=20241214T082947, end_date=20241214T082950
[2024-12-14T08:29:50.678+0000] {local_task_job_runner.py:240} INFO - Task exited with return code 0
[2024-12-14T08:29:50.760+0000] {taskinstance.py:3498} INFO - 0 downstream tasks scheduled from follow-on schedule check
[2024-12-14T08:29:50.767+0000] {local_task_job_runner.py:222} INFO - ::endgroup::
