[2024-12-14T08:51:03.983+0000] {local_task_job_runner.py:120} INFO - ::group::Pre task execution logs
[2024-12-14T08:51:04.489+0000] {taskinstance.py:2076} INFO - Dependencies all met for dep_context=non-requeueable deps ti=<TaskInstance: migration_fit_data.load_staging.create_staging_instruction_lecturer manual__2024-12-14T08:50:05.480259+00:00 [queued]>
[2024-12-14T08:51:04.498+0000] {taskinstance.py:2076} INFO - Dependencies all met for dep_context=requeueable deps ti=<TaskInstance: migration_fit_data.load_staging.create_staging_instruction_lecturer manual__2024-12-14T08:50:05.480259+00:00 [queued]>
[2024-12-14T08:51:04.499+0000] {taskinstance.py:2306} INFO - Starting attempt 1 of 1
[2024-12-14T08:51:04.516+0000] {taskinstance.py:2330} INFO - Executing <Task(PythonOperator): load_staging.create_staging_instruction_lecturer> on 2024-12-14 08:50:05.480259+00:00
[2024-12-14T08:51:04.525+0000] {warnings.py:110} WARNING - /home/***/.local/lib/python3.12/site-packages/***/task/task_runner/standard_task_runner.py:61: DeprecationWarning: This process (pid=16290) is multi-threaded, use of fork() may lead to deadlocks in the child.
  pid = os.fork()

[2024-12-14T08:51:04.526+0000] {standard_task_runner.py:63} INFO - Started process 16329 to run task
[2024-12-14T08:51:04.526+0000] {standard_task_runner.py:90} INFO - Running: ['***', 'tasks', 'run', 'migration_fit_data', 'load_staging.create_staging_instruction_lecturer', 'manual__2024-12-14T08:50:05.480259+00:00', '--job-id', '1118', '--raw', '--subdir', 'DAGS_FOLDER/elt_migrate.py', '--cfg-path', '/tmp/tmpoewue1z2']
[2024-12-14T08:51:04.529+0000] {standard_task_runner.py:91} INFO - Job 1118: Subtask load_staging.create_staging_instruction_lecturer
[2024-12-14T08:51:04.572+0000] {task_command.py:426} INFO - Running <TaskInstance: migration_fit_data.load_staging.create_staging_instruction_lecturer manual__2024-12-14T08:50:05.480259+00:00 [running]> on host 1fe973f28a1c
[2024-12-14T08:51:04.694+0000] {taskinstance.py:2648} INFO - Exporting env vars: AIRFLOW_CTX_DAG_OWNER='***' AIRFLOW_CTX_DAG_ID='migration_fit_data' AIRFLOW_CTX_TASK_ID='load_staging.create_staging_instruction_lecturer' AIRFLOW_CTX_EXECUTION_DATE='2024-12-14T08:50:05.480259+00:00' AIRFLOW_CTX_TRY_NUMBER='1' AIRFLOW_CTX_DAG_RUN_ID='manual__2024-12-14T08:50:05.480259+00:00'
[2024-12-14T08:51:04.696+0000] {taskinstance.py:430} INFO - ::endgroup::
[2024-12-14T08:51:04.709+0000] {hive.py:475} INFO - USE `default`
[2024-12-14T08:51:04.758+0000] {hive.py:475} INFO - DROP TABLE IF EXISTS default.instruction_lecturer
[2024-12-14T08:51:04.850+0000] {hive.py:475} INFO - 
        CREATE TABLE IF NOT EXISTS default.instruction_lecturer (
            instruction_lecturer_id BIGINT,instruction_id BIGINT,lecturer_id BIGINT,lecturer_type STRING   
        )   
        STORED AS PARQUET
        LOCATION '/fit_warehouse/raw/instruction_lecturer/*.snappy.parquet'
    
[2024-12-14T08:51:04.926+0000] {hive.py:475} INFO - ANALYZE TABLE default.instruction_lecturer COMPUTE STATISTICS
[2024-12-14T08:51:05.219+0000] {python.py:237} INFO - Done. Returned value was: None
[2024-12-14T08:51:05.221+0000] {taskinstance.py:441} INFO - ::group::Post task execution logs
[2024-12-14T08:51:05.253+0000] {taskinstance.py:1206} INFO - Marking task as SUCCESS. dag_id=migration_fit_data, task_id=load_staging.create_staging_instruction_lecturer, run_id=manual__2024-12-14T08:50:05.480259+00:00, execution_date=20241214T085005, start_date=20241214T085104, end_date=20241214T085105
[2024-12-14T08:51:05.348+0000] {local_task_job_runner.py:240} INFO - Task exited with return code 0
[2024-12-14T08:51:05.415+0000] {taskinstance.py:3498} INFO - 0 downstream tasks scheduled from follow-on schedule check
[2024-12-14T08:51:07.194+0000] {local_task_job_runner.py:222} INFO - ::endgroup::
