[2024-12-13T18:54:33.075+0000] {local_task_job_runner.py:120} INFO - ::group::Pre task execution logs
[2024-12-13T18:54:33.259+0000] {taskinstance.py:2076} INFO - Dependencies all met for dep_context=non-requeueable deps ti=<TaskInstance: migration_fit_data.create_dwh_table.recreate_dwh_program manual__2024-12-13T18:53:58.538563+00:00 [queued]>
[2024-12-13T18:54:33.354+0000] {taskinstance.py:2076} INFO - Dependencies all met for dep_context=requeueable deps ti=<TaskInstance: migration_fit_data.create_dwh_table.recreate_dwh_program manual__2024-12-13T18:53:58.538563+00:00 [queued]>
[2024-12-13T18:54:33.354+0000] {taskinstance.py:2306} INFO - Starting attempt 1 of 1
[2024-12-13T18:54:33.430+0000] {taskinstance.py:2330} INFO - Executing <Task(PythonOperator): create_dwh_table.recreate_dwh_program> on 2024-12-13 18:53:58.538563+00:00
[2024-12-13T18:54:33.501+0000] {standard_task_runner.py:90} INFO - Running: ['***', 'tasks', 'run', 'migration_fit_data', 'create_dwh_table.recreate_dwh_program', 'manual__2024-12-13T18:53:58.538563+00:00', '--job-id', '446', '--raw', '--subdir', 'DAGS_FOLDER/elt_migrate.py', '--cfg-path', '/tmp/tmp6rh08bux']
[2024-12-13T18:54:33.504+0000] {standard_task_runner.py:91} INFO - Job 446: Subtask create_dwh_table.recreate_dwh_program
[2024-12-13T18:54:33.518+0000] {warnings.py:110} WARNING - /home/***/.local/lib/python3.12/site-packages/***/task/task_runner/standard_task_runner.py:61: DeprecationWarning: This process (pid=3972) is multi-threaded, use of fork() may lead to deadlocks in the child.
  pid = os.fork()

[2024-12-13T18:54:33.520+0000] {standard_task_runner.py:63} INFO - Started process 3995 to run task
[2024-12-13T18:54:33.953+0000] {task_command.py:426} INFO - Running <TaskInstance: migration_fit_data.create_dwh_table.recreate_dwh_program manual__2024-12-13T18:53:58.538563+00:00 [running]> on host 1fe973f28a1c
[2024-12-13T18:54:35.046+0000] {taskinstance.py:2648} INFO - Exporting env vars: AIRFLOW_CTX_DAG_OWNER='***' AIRFLOW_CTX_DAG_ID='migration_fit_data' AIRFLOW_CTX_TASK_ID='create_dwh_table.recreate_dwh_program' AIRFLOW_CTX_EXECUTION_DATE='2024-12-13T18:53:58.538563+00:00' AIRFLOW_CTX_TRY_NUMBER='1' AIRFLOW_CTX_DAG_RUN_ID='manual__2024-12-13T18:53:58.538563+00:00'
[2024-12-13T18:54:35.057+0000] {taskinstance.py:430} INFO - ::endgroup::
[2024-12-13T18:54:35.134+0000] {hive.py:475} INFO - USE `default`
[2024-12-13T18:54:35.203+0000] {hive.py:475} INFO - DROP TABLE IF EXISTS iceberg.warehouse.program
[2024-12-13T18:54:35.314+0000] {hive.py:475} INFO - CREATE DATABASE IF NOT EXISTS warehouse
[2024-12-13T18:54:35.354+0000] {hive.py:475} INFO - 
        CREATE TABLE IF NOT EXISTS iceberg.warehouse.program (
            program_id STRING,class_of STRING   
        )
        USING iceberg
        LOCATION '/fit_warehouse/warehouse/program/*.snappy.parquet'
    
[2024-12-13T18:54:35.682+0000] {python.py:237} INFO - Done. Returned value was: None
[2024-12-13T18:54:35.683+0000] {taskinstance.py:441} INFO - ::group::Post task execution logs
[2024-12-13T18:54:35.741+0000] {taskinstance.py:1206} INFO - Marking task as SUCCESS. dag_id=migration_fit_data, task_id=create_dwh_table.recreate_dwh_program, run_id=manual__2024-12-13T18:53:58.538563+00:00, execution_date=20241213T185358, start_date=20241213T185433, end_date=20241213T185435
[2024-12-13T18:54:35.897+0000] {local_task_job_runner.py:240} INFO - Task exited with return code 0
[2024-12-13T18:54:36.534+0000] {taskinstance.py:3498} INFO - 0 downstream tasks scheduled from follow-on schedule check
[2024-12-13T18:54:36.570+0000] {local_task_job_runner.py:222} INFO - ::endgroup::
