[2024-12-17T05:26:00.080+0000] {local_task_job_runner.py:120} INFO - ::group::Pre task execution logs
[2024-12-17T05:26:00.108+0000] {taskinstance.py:2076} INFO - Dependencies all met for dep_context=non-requeueable deps ti=<TaskInstance: etl_score_fact_data.get_raw_data.extract_raw_score_fact manual__2024-12-17T05:25:56.018426+00:00 [queued]>
[2024-12-17T05:26:00.117+0000] {taskinstance.py:2076} INFO - Dependencies all met for dep_context=requeueable deps ti=<TaskInstance: etl_score_fact_data.get_raw_data.extract_raw_score_fact manual__2024-12-17T05:25:56.018426+00:00 [queued]>
[2024-12-17T05:26:00.118+0000] {taskinstance.py:2306} INFO - Starting attempt 1 of 1
[2024-12-17T05:26:00.134+0000] {taskinstance.py:2330} INFO - Executing <Task(PythonOperator): get_raw_data.extract_raw_score_fact> on 2024-12-17 05:25:56.018426+00:00
[2024-12-17T05:26:00.149+0000] {warnings.py:110} WARNING - /home/***/.local/lib/python3.12/site-packages/***/task/task_runner/standard_task_runner.py:61: DeprecationWarning: This process (pid=38091) is multi-threaded, use of fork() may lead to deadlocks in the child.
  pid = os.fork()

[2024-12-17T05:26:00.151+0000] {standard_task_runner.py:63} INFO - Started process 38095 to run task
[2024-12-17T05:26:00.161+0000] {standard_task_runner.py:90} INFO - Running: ['***', 'tasks', 'run', 'etl_score_fact_data', 'get_raw_data.extract_raw_score_fact', 'manual__2024-12-17T05:25:56.018426+00:00', '--job-id', '884', '--raw', '--subdir', 'DAGS_FOLDER/elt_score_fact.py', '--cfg-path', '/tmp/tmpkkpdjot9']
[2024-12-17T05:26:00.167+0000] {standard_task_runner.py:91} INFO - Job 884: Subtask get_raw_data.extract_raw_score_fact
[2024-12-17T05:26:00.249+0000] {task_command.py:426} INFO - Running <TaskInstance: etl_score_fact_data.get_raw_data.extract_raw_score_fact manual__2024-12-17T05:25:56.018426+00:00 [running]> on host 2f4e9c743994
[2024-12-17T05:26:00.378+0000] {taskinstance.py:2648} INFO - Exporting env vars: AIRFLOW_CTX_DAG_OWNER='***' AIRFLOW_CTX_DAG_ID='etl_score_fact_data' AIRFLOW_CTX_TASK_ID='get_raw_data.extract_raw_score_fact' AIRFLOW_CTX_EXECUTION_DATE='2024-12-17T05:25:56.018426+00:00' AIRFLOW_CTX_TRY_NUMBER='1' AIRFLOW_CTX_DAG_RUN_ID='manual__2024-12-17T05:25:56.018426+00:00'
[2024-12-17T05:26:00.380+0000] {taskinstance.py:430} INFO - ::endgroup::
[2024-12-17T05:26:02.983+0000] {__init__.py:412} INFO - DELETE /fit_warehouse/raw/score_fact/ recursive=True user.name=default namenode:9870
[2024-12-17T05:26:02.994+0000] {__init__.py:412} INFO - GETFILESTATUS /fit_warehouse/raw/score_fact/ user.name=default namenode:9870
[2024-12-17T05:26:03.008+0000] {__init__.py:412} INFO - MKDIRS /fit_warehouse/raw/score_fact/ user.name=default namenode:9870
[2024-12-17T05:26:03.027+0000] {__init__.py:412} INFO - CREATE /fit_warehouse/raw/score_fact/score_fact_01.snappy.parquet overwrite=True async_=True user.name=default namenode:9870
[2024-12-17T05:26:03.147+0000] {python.py:237} INFO - Done. Returned value was: None
[2024-12-17T05:26:03.148+0000] {taskinstance.py:441} INFO - ::group::Post task execution logs
[2024-12-17T05:26:03.163+0000] {taskinstance.py:1206} INFO - Marking task as SUCCESS. dag_id=etl_score_fact_data, task_id=get_raw_data.extract_raw_score_fact, run_id=manual__2024-12-17T05:25:56.018426+00:00, execution_date=20241217T052556, start_date=20241217T052600, end_date=20241217T052603
[2024-12-17T05:26:03.232+0000] {local_task_job_runner.py:240} INFO - Task exited with return code 0
[2024-12-17T05:26:03.282+0000] {taskinstance.py:3498} INFO - 2 downstream tasks scheduled from follow-on schedule check
[2024-12-17T05:26:03.283+0000] {local_task_job_runner.py:222} INFO - ::endgroup::
