[2024-12-14T08:29:40.174+0000] {local_task_job_runner.py:120} INFO - ::group::Pre task execution logs
[2024-12-14T08:29:40.303+0000] {taskinstance.py:2076} INFO - Dependencies all met for dep_context=non-requeueable deps ti=<TaskInstance: etl_dimention_data.get_raw_data.extract_raw_employee manual__2024-12-14T08:29:32.383342+00:00 [queued]>
[2024-12-14T08:29:40.344+0000] {taskinstance.py:2076} INFO - Dependencies all met for dep_context=requeueable deps ti=<TaskInstance: etl_dimention_data.get_raw_data.extract_raw_employee manual__2024-12-14T08:29:32.383342+00:00 [queued]>
[2024-12-14T08:29:40.344+0000] {taskinstance.py:2306} INFO - Starting attempt 1 of 1
[2024-12-14T08:29:40.392+0000] {taskinstance.py:2330} INFO - Executing <Task(PythonOperator): get_raw_data.extract_raw_employee> on 2024-12-14 08:29:32.383342+00:00
[2024-12-14T08:29:40.444+0000] {warnings.py:110} WARNING - /home/***/.local/lib/python3.12/site-packages/***/task/task_runner/standard_task_runner.py:61: DeprecationWarning: This process (pid=15831) is multi-threaded, use of fork() may lead to deadlocks in the child.
  pid = os.fork()

[2024-12-14T08:29:40.459+0000] {standard_task_runner.py:63} INFO - Started process 15845 to run task
[2024-12-14T08:29:40.494+0000] {standard_task_runner.py:90} INFO - Running: ['***', 'tasks', 'run', 'etl_dimention_data', 'get_raw_data.extract_raw_employee', 'manual__2024-12-14T08:29:32.383342+00:00', '--job-id', '1048', '--raw', '--subdir', 'DAGS_FOLDER/elt_dimention.py', '--cfg-path', '/tmp/tmpetkrj3vh']
[2024-12-14T08:29:40.507+0000] {standard_task_runner.py:91} INFO - Job 1048: Subtask get_raw_data.extract_raw_employee
[2024-12-14T08:29:40.754+0000] {task_command.py:426} INFO - Running <TaskInstance: etl_dimention_data.get_raw_data.extract_raw_employee manual__2024-12-14T08:29:32.383342+00:00 [running]> on host 1fe973f28a1c
[2024-12-14T08:29:41.040+0000] {taskinstance.py:2648} INFO - Exporting env vars: AIRFLOW_CTX_DAG_OWNER='***' AIRFLOW_CTX_DAG_ID='etl_dimention_data' AIRFLOW_CTX_TASK_ID='get_raw_data.extract_raw_employee' AIRFLOW_CTX_EXECUTION_DATE='2024-12-14T08:29:32.383342+00:00' AIRFLOW_CTX_TRY_NUMBER='1' AIRFLOW_CTX_DAG_RUN_ID='manual__2024-12-14T08:29:32.383342+00:00'
[2024-12-14T08:29:41.045+0000] {taskinstance.py:430} INFO - ::endgroup::
[2024-12-14T08:29:41.678+0000] {__init__.py:412} INFO - DELETE /fit_warehouse/raw/employee/ recursive=True user.name=default namenode:9870
[2024-12-14T08:29:41.687+0000] {__init__.py:412} INFO - GETFILESTATUS /fit_warehouse/raw/employee/ user.name=default namenode:9870
[2024-12-14T08:29:41.693+0000] {__init__.py:412} INFO - MKDIRS /fit_warehouse/raw/employee/ user.name=default namenode:9870
[2024-12-14T08:29:41.705+0000] {__init__.py:412} INFO - CREATE /fit_warehouse/raw/employee/employee_01.snappy.parquet overwrite=True async_=True user.name=default namenode:9870
[2024-12-14T08:29:41.768+0000] {python.py:237} INFO - Done. Returned value was: None
[2024-12-14T08:29:41.769+0000] {taskinstance.py:441} INFO - ::group::Post task execution logs
[2024-12-14T08:29:41.792+0000] {taskinstance.py:1206} INFO - Marking task as SUCCESS. dag_id=etl_dimention_data, task_id=get_raw_data.extract_raw_employee, run_id=manual__2024-12-14T08:29:32.383342+00:00, execution_date=20241214T082932, start_date=20241214T082940, end_date=20241214T082941
[2024-12-14T08:29:41.839+0000] {local_task_job_runner.py:240} INFO - Task exited with return code 0
[2024-12-14T08:29:41.861+0000] {local_task_job_runner.py:222} INFO - ::endgroup::
