[2024-12-13T18:54:18.268+0000] {local_task_job_runner.py:120} INFO - ::group::Pre task execution logs
[2024-12-13T18:54:18.358+0000] {taskinstance.py:2076} INFO - Dependencies all met for dep_context=non-requeueable deps ti=<TaskInstance: migration_fit_data.load_staging.create_staging_employee manual__2024-12-13T18:53:58.538563+00:00 [queued]>
[2024-12-13T18:54:18.414+0000] {taskinstance.py:2076} INFO - Dependencies all met for dep_context=requeueable deps ti=<TaskInstance: migration_fit_data.load_staging.create_staging_employee manual__2024-12-13T18:53:58.538563+00:00 [queued]>
[2024-12-13T18:54:18.415+0000] {taskinstance.py:2306} INFO - Starting attempt 1 of 1
[2024-12-13T18:54:18.484+0000] {taskinstance.py:2330} INFO - Executing <Task(PythonOperator): load_staging.create_staging_employee> on 2024-12-13 18:53:58.538563+00:00
[2024-12-13T18:54:18.556+0000] {standard_task_runner.py:90} INFO - Running: ['***', 'tasks', 'run', 'migration_fit_data', 'load_staging.create_staging_employee', 'manual__2024-12-13T18:53:58.538563+00:00', '--job-id', '434', '--raw', '--subdir', 'DAGS_FOLDER/elt_migrate.py', '--cfg-path', '/tmp/tmpmca6yczg']
[2024-12-13T18:54:18.572+0000] {standard_task_runner.py:91} INFO - Job 434: Subtask load_staging.create_staging_employee
[2024-12-13T18:54:18.569+0000] {warnings.py:110} WARNING - /home/***/.local/lib/python3.12/site-packages/***/task/task_runner/standard_task_runner.py:61: DeprecationWarning: This process (pid=3914) is multi-threaded, use of fork() may lead to deadlocks in the child.
  pid = os.fork()

[2024-12-13T18:54:18.579+0000] {standard_task_runner.py:63} INFO - Started process 3956 to run task
[2024-12-13T18:54:18.851+0000] {task_command.py:426} INFO - Running <TaskInstance: migration_fit_data.load_staging.create_staging_employee manual__2024-12-13T18:53:58.538563+00:00 [running]> on host 1fe973f28a1c
[2024-12-13T18:54:19.454+0000] {taskinstance.py:2648} INFO - Exporting env vars: AIRFLOW_CTX_DAG_OWNER='***' AIRFLOW_CTX_DAG_ID='migration_fit_data' AIRFLOW_CTX_TASK_ID='load_staging.create_staging_employee' AIRFLOW_CTX_EXECUTION_DATE='2024-12-13T18:53:58.538563+00:00' AIRFLOW_CTX_TRY_NUMBER='1' AIRFLOW_CTX_DAG_RUN_ID='manual__2024-12-13T18:53:58.538563+00:00'
[2024-12-13T18:54:19.471+0000] {taskinstance.py:430} INFO - ::endgroup::
[2024-12-13T18:54:19.499+0000] {hive.py:475} INFO - USE `default`
[2024-12-13T18:54:19.616+0000] {hive.py:475} INFO - DROP TABLE IF EXISTS default.employee
[2024-12-13T18:54:20.434+0000] {hive.py:475} INFO - 
        CREATE TABLE IF NOT EXISTS default.employee (
            employee_id BIGINT,employee_name STRING,day_of_birth TIMESTAMP,nationality STRING,insurance_id STRING   
        )   
        STORED AS PARQUET
        LOCATION '/fit_warehouse/raw/employee/*.snappy.parquet'
    
[2024-12-13T18:54:22.866+0000] {hive.py:475} INFO - ANALYZE TABLE default.employee COMPUTE STATISTICS
[2024-12-13T18:54:24.893+0000] {python.py:237} INFO - Done. Returned value was: None
[2024-12-13T18:54:24.894+0000] {taskinstance.py:441} INFO - ::group::Post task execution logs
[2024-12-13T18:54:24.919+0000] {taskinstance.py:1206} INFO - Marking task as SUCCESS. dag_id=migration_fit_data, task_id=load_staging.create_staging_employee, run_id=manual__2024-12-13T18:53:58.538563+00:00, execution_date=20241213T185358, start_date=20241213T185418, end_date=20241213T185424
[2024-12-13T18:54:24.964+0000] {local_task_job_runner.py:240} INFO - Task exited with return code 0
[2024-12-13T18:54:25.106+0000] {taskinstance.py:3498} INFO - 0 downstream tasks scheduled from follow-on schedule check
[2024-12-13T18:54:25.145+0000] {local_task_job_runner.py:222} INFO - ::endgroup::
