[2024-12-14T17:01:02.659+0000] {local_task_job_runner.py:120} INFO - ::group::Pre task execution logs
[2024-12-14T17:01:03.518+0000] {taskinstance.py:2076} INFO - Dependencies all met for dep_context=non-requeueable deps ti=<TaskInstance: migration_fit_data.get_raw_data.extract_raw_class manual__2024-12-14T17:00:50.234298+00:00 [queued]>
[2024-12-14T17:01:04.051+0000] {taskinstance.py:2076} INFO - Dependencies all met for dep_context=requeueable deps ti=<TaskInstance: migration_fit_data.get_raw_data.extract_raw_class manual__2024-12-14T17:00:50.234298+00:00 [queued]>
[2024-12-14T17:01:04.051+0000] {taskinstance.py:2306} INFO - Starting attempt 1 of 1
[2024-12-14T17:01:04.223+0000] {taskinstance.py:2330} INFO - Executing <Task(PythonOperator): get_raw_data.extract_raw_class> on 2024-12-14 17:00:50.234298+00:00
[2024-12-14T17:01:04.698+0000] {warnings.py:110} WARNING - /home/***/.local/lib/python3.12/site-packages/***/task/task_runner/standard_task_runner.py:61: DeprecationWarning: This process (pid=5316) is multi-threaded, use of fork() may lead to deadlocks in the child.
  pid = os.fork()

[2024-12-14T17:01:05.078+0000] {standard_task_runner.py:63} INFO - Started process 5348 to run task
[2024-12-14T17:01:05.152+0000] {standard_task_runner.py:90} INFO - Running: ['***', 'tasks', 'run', 'migration_fit_data', 'get_raw_data.extract_raw_class', 'manual__2024-12-14T17:00:50.234298+00:00', '--job-id', '296', '--raw', '--subdir', 'DAGS_FOLDER/elt_migrate.py', '--cfg-path', '/tmp/tmpr2895bsl']
[2024-12-14T17:01:05.158+0000] {standard_task_runner.py:91} INFO - Job 296: Subtask get_raw_data.extract_raw_class
[2024-12-14T17:01:05.378+0000] {task_command.py:426} INFO - Running <TaskInstance: migration_fit_data.get_raw_data.extract_raw_class manual__2024-12-14T17:00:50.234298+00:00 [running]> on host 472b63b715e1
[2024-12-14T17:01:05.521+0000] {taskinstance.py:2648} INFO - Exporting env vars: AIRFLOW_CTX_DAG_OWNER='***' AIRFLOW_CTX_DAG_ID='migration_fit_data' AIRFLOW_CTX_TASK_ID='get_raw_data.extract_raw_class' AIRFLOW_CTX_EXECUTION_DATE='2024-12-14T17:00:50.234298+00:00' AIRFLOW_CTX_TRY_NUMBER='1' AIRFLOW_CTX_DAG_RUN_ID='manual__2024-12-14T17:00:50.234298+00:00'
[2024-12-14T17:01:05.524+0000] {taskinstance.py:430} INFO - ::endgroup::
[2024-12-14T17:01:06.445+0000] {__init__.py:412} INFO - DELETE /fit_warehouse/raw/class/ recursive=True user.name=default namenode:9870
[2024-12-14T17:01:06.478+0000] {__init__.py:412} INFO - GETFILESTATUS /fit_warehouse/raw/class/ user.name=default namenode:9870
[2024-12-14T17:01:06.485+0000] {__init__.py:412} INFO - MKDIRS /fit_warehouse/raw/class/ user.name=default namenode:9870
[2024-12-14T17:01:06.503+0000] {__init__.py:412} INFO - CREATE /fit_warehouse/raw/class/class_01.snappy.parquet overwrite=True async_=True user.name=default namenode:9870
[2024-12-14T17:01:06.604+0000] {python.py:237} INFO - Done. Returned value was: None
[2024-12-14T17:01:06.606+0000] {taskinstance.py:441} INFO - ::group::Post task execution logs
[2024-12-14T17:01:06.623+0000] {taskinstance.py:1206} INFO - Marking task as SUCCESS. dag_id=migration_fit_data, task_id=get_raw_data.extract_raw_class, run_id=manual__2024-12-14T17:00:50.234298+00:00, execution_date=20241214T170050, start_date=20241214T170103, end_date=20241214T170106
[2024-12-14T17:01:06.758+0000] {local_task_job_runner.py:240} INFO - Task exited with return code 0
[2024-12-14T17:01:06.791+0000] {local_task_job_runner.py:222} INFO - ::endgroup::
