[2024-12-14T16:34:58.940+0000] {local_task_job_runner.py:120} INFO - ::group::Pre task execution logs
[2024-12-14T16:34:59.207+0000] {taskinstance.py:2076} INFO - Dependencies all met for dep_context=non-requeueable deps ti=<TaskInstance: migration_fit_data.get_raw_data.extract_raw_class manual__2024-12-14T16:34:48.600629+00:00 [queued]>
[2024-12-14T16:34:59.319+0000] {taskinstance.py:2076} INFO - Dependencies all met for dep_context=requeueable deps ti=<TaskInstance: migration_fit_data.get_raw_data.extract_raw_class manual__2024-12-14T16:34:48.600629+00:00 [queued]>
[2024-12-14T16:34:59.320+0000] {taskinstance.py:2306} INFO - Starting attempt 1 of 1
[2024-12-14T16:34:59.452+0000] {taskinstance.py:2330} INFO - Executing <Task(PythonOperator): get_raw_data.extract_raw_class> on 2024-12-14 16:34:48.600629+00:00
[2024-12-14T16:34:59.563+0000] {warnings.py:110} WARNING - /home/***/.local/lib/python3.12/site-packages/***/task/task_runner/standard_task_runner.py:61: DeprecationWarning: This process (pid=4779) is multi-threaded, use of fork() may lead to deadlocks in the child.
  pid = os.fork()

[2024-12-14T16:34:59.583+0000] {standard_task_runner.py:63} INFO - Started process 4815 to run task
[2024-12-14T16:34:59.587+0000] {standard_task_runner.py:90} INFO - Running: ['***', 'tasks', 'run', 'migration_fit_data', 'get_raw_data.extract_raw_class', 'manual__2024-12-14T16:34:48.600629+00:00', '--job-id', '226', '--raw', '--subdir', 'DAGS_FOLDER/elt_migrate.py', '--cfg-path', '/tmp/tmpgy_ue_o_']
[2024-12-14T16:34:59.633+0000] {standard_task_runner.py:91} INFO - Job 226: Subtask get_raw_data.extract_raw_class
[2024-12-14T16:35:00.536+0000] {task_command.py:426} INFO - Running <TaskInstance: migration_fit_data.get_raw_data.extract_raw_class manual__2024-12-14T16:34:48.600629+00:00 [running]> on host 472b63b715e1
[2024-12-14T16:35:02.139+0000] {taskinstance.py:2648} INFO - Exporting env vars: AIRFLOW_CTX_DAG_OWNER='***' AIRFLOW_CTX_DAG_ID='migration_fit_data' AIRFLOW_CTX_TASK_ID='get_raw_data.extract_raw_class' AIRFLOW_CTX_EXECUTION_DATE='2024-12-14T16:34:48.600629+00:00' AIRFLOW_CTX_TRY_NUMBER='1' AIRFLOW_CTX_DAG_RUN_ID='manual__2024-12-14T16:34:48.600629+00:00'
[2024-12-14T16:35:02.140+0000] {taskinstance.py:430} INFO - ::endgroup::
[2024-12-14T16:35:04.353+0000] {__init__.py:412} INFO - DELETE /fit_warehouse/raw/class/ recursive=True user.name=default namenode:9870
[2024-12-14T16:35:04.382+0000] {__init__.py:412} INFO - GETFILESTATUS /fit_warehouse/raw/class/ user.name=default namenode:9870
[2024-12-14T16:35:04.415+0000] {__init__.py:412} INFO - MKDIRS /fit_warehouse/raw/class/ user.name=default namenode:9870
[2024-12-14T16:35:04.430+0000] {__init__.py:412} INFO - CREATE /fit_warehouse/raw/class/class_01.snappy.parquet overwrite=True async_=True user.name=default namenode:9870
[2024-12-14T16:35:04.922+0000] {python.py:237} INFO - Done. Returned value was: None
[2024-12-14T16:35:04.922+0000] {taskinstance.py:441} INFO - ::group::Post task execution logs
[2024-12-14T16:35:04.956+0000] {taskinstance.py:1206} INFO - Marking task as SUCCESS. dag_id=migration_fit_data, task_id=get_raw_data.extract_raw_class, run_id=manual__2024-12-14T16:34:48.600629+00:00, execution_date=20241214T163448, start_date=20241214T163459, end_date=20241214T163504
[2024-12-14T16:35:05.047+0000] {local_task_job_runner.py:240} INFO - Task exited with return code 0
[2024-12-14T16:35:05.128+0000] {taskinstance.py:3498} INFO - 0 downstream tasks scheduled from follow-on schedule check
[2024-12-14T16:35:05.130+0000] {local_task_job_runner.py:222} INFO - ::endgroup::
