[2024-12-13T15:32:33.393+0000] {local_task_job_runner.py:120} INFO - ::group::Pre task execution logs
[2024-12-13T15:32:33.593+0000] {taskinstance.py:2076} INFO - Dependencies all met for dep_context=non-requeueable deps ti=<TaskInstance: migration_fit_data.create_dwh_table.recreate_dwh_course manual__2024-12-13T15:31:35.788890+00:00 [queued]>
[2024-12-13T15:32:33.641+0000] {taskinstance.py:2076} INFO - Dependencies all met for dep_context=requeueable deps ti=<TaskInstance: migration_fit_data.create_dwh_table.recreate_dwh_course manual__2024-12-13T15:31:35.788890+00:00 [queued]>
[2024-12-13T15:32:33.642+0000] {taskinstance.py:2306} INFO - Starting attempt 1 of 1
[2024-12-13T15:32:33.696+0000] {taskinstance.py:2330} INFO - Executing <Task(PythonOperator): create_dwh_table.recreate_dwh_course> on 2024-12-13 15:31:35.788890+00:00
[2024-12-13T15:32:33.722+0000] {warnings.py:110} WARNING - /home/***/.local/lib/python3.12/site-packages/***/task/task_runner/standard_task_runner.py:61: DeprecationWarning: This process (pid=250) is multi-threaded, use of fork() may lead to deadlocks in the child.
  pid = os.fork()

[2024-12-13T15:32:33.728+0000] {standard_task_runner.py:63} INFO - Started process 281 to run task
[2024-12-13T15:32:33.727+0000] {standard_task_runner.py:90} INFO - Running: ['***', 'tasks', 'run', 'migration_fit_data', 'create_dwh_table.recreate_dwh_course', 'manual__2024-12-13T15:31:35.788890+00:00', '--job-id', '56', '--raw', '--subdir', 'DAGS_FOLDER/elt_migrate.py', '--cfg-path', '/tmp/tmpz6jcmcme']
[2024-12-13T15:32:33.741+0000] {standard_task_runner.py:91} INFO - Job 56: Subtask create_dwh_table.recreate_dwh_course
[2024-12-13T15:32:33.946+0000] {task_command.py:426} INFO - Running <TaskInstance: migration_fit_data.create_dwh_table.recreate_dwh_course manual__2024-12-13T15:31:35.788890+00:00 [running]> on host 1fe973f28a1c
[2024-12-13T15:32:34.324+0000] {taskinstance.py:2648} INFO - Exporting env vars: AIRFLOW_CTX_DAG_OWNER='***' AIRFLOW_CTX_DAG_ID='migration_fit_data' AIRFLOW_CTX_TASK_ID='create_dwh_table.recreate_dwh_course' AIRFLOW_CTX_EXECUTION_DATE='2024-12-13T15:31:35.788890+00:00' AIRFLOW_CTX_TRY_NUMBER='1' AIRFLOW_CTX_DAG_RUN_ID='manual__2024-12-13T15:31:35.788890+00:00'
[2024-12-13T15:32:34.325+0000] {taskinstance.py:430} INFO - ::endgroup::
[2024-12-13T15:32:34.349+0000] {hive.py:475} INFO - USE `default`
[2024-12-13T15:32:34.405+0000] {hive.py:475} INFO - DROP TABLE IF EXISTS iceberg.warehouse.course
[2024-12-13T15:32:34.513+0000] {hive.py:475} INFO - CREATE DATABASE IF NOT EXISTS warehouse
[2024-12-13T15:32:34.608+0000] {hive.py:475} INFO - 
        CREATE TABLE IF NOT EXISTS iceberg.warehouse.course (
            course_id BIGINT,course_name STRING,course_code BIGINT,category STRING,total_credit BIGINT,theory_credit BIGINT,practice_credit BIGINT,self_learning_credit BIGINT   
        )
        USING iceberg
        LOCATION '/fit_warehouse/warehouse/course/*.snappy.parquet'
    
[2024-12-13T15:32:37.669+0000] {python.py:237} INFO - Done. Returned value was: None
[2024-12-13T15:32:37.670+0000] {taskinstance.py:441} INFO - ::group::Post task execution logs
[2024-12-13T15:32:37.788+0000] {taskinstance.py:1206} INFO - Marking task as SUCCESS. dag_id=migration_fit_data, task_id=create_dwh_table.recreate_dwh_course, run_id=manual__2024-12-13T15:31:35.788890+00:00, execution_date=20241213T153135, start_date=20241213T153233, end_date=20241213T153237
[2024-12-13T15:32:37.872+0000] {local_task_job_runner.py:240} INFO - Task exited with return code 0
[2024-12-13T15:32:37.926+0000] {local_task_job_runner.py:222} INFO - ::endgroup::
