[2024-12-14T10:51:13.930+0000] {local_task_job_runner.py:120} INFO - ::group::Pre task execution logs
[2024-12-14T10:51:13.960+0000] {taskinstance.py:2076} INFO - Dependencies all met for dep_context=non-requeueable deps ti=<TaskInstance: etl_instruction_fact_data.load_staging.create_staging_instruction_fact manual__2024-12-14T10:51:08.437050+00:00 [queued]>
[2024-12-14T10:51:13.970+0000] {taskinstance.py:2076} INFO - Dependencies all met for dep_context=requeueable deps ti=<TaskInstance: etl_instruction_fact_data.load_staging.create_staging_instruction_fact manual__2024-12-14T10:51:08.437050+00:00 [queued]>
[2024-12-14T10:51:13.970+0000] {taskinstance.py:2306} INFO - Starting attempt 1 of 1
[2024-12-14T10:51:13.985+0000] {taskinstance.py:2330} INFO - Executing <Task(PythonOperator): load_staging.create_staging_instruction_fact> on 2024-12-14 10:51:08.437050+00:00
[2024-12-14T10:51:13.995+0000] {warnings.py:110} WARNING - /home/***/.local/lib/python3.12/site-packages/***/task/task_runner/standard_task_runner.py:61: DeprecationWarning: This process (pid=679) is multi-threaded, use of fork() may lead to deadlocks in the child.
  pid = os.fork()

[2024-12-14T10:51:13.997+0000] {standard_task_runner.py:63} INFO - Started process 683 to run task
[2024-12-14T10:51:14.010+0000] {standard_task_runner.py:90} INFO - Running: ['***', 'tasks', 'run', 'etl_instruction_fact_data', 'load_staging.create_staging_instruction_fact', 'manual__2024-12-14T10:51:08.437050+00:00', '--job-id', '158', '--raw', '--subdir', 'DAGS_FOLDER/elt_instruction_fact.py', '--cfg-path', '/tmp/tmpmb5wnhec']
[2024-12-14T10:51:14.014+0000] {standard_task_runner.py:91} INFO - Job 158: Subtask load_staging.create_staging_instruction_fact
[2024-12-14T10:51:14.075+0000] {task_command.py:426} INFO - Running <TaskInstance: etl_instruction_fact_data.load_staging.create_staging_instruction_fact manual__2024-12-14T10:51:08.437050+00:00 [running]> on host 06cbf31e97a5
[2024-12-14T10:51:14.204+0000] {taskinstance.py:2648} INFO - Exporting env vars: AIRFLOW_CTX_DAG_OWNER='***' AIRFLOW_CTX_DAG_ID='etl_instruction_fact_data' AIRFLOW_CTX_TASK_ID='load_staging.create_staging_instruction_fact' AIRFLOW_CTX_EXECUTION_DATE='2024-12-14T10:51:08.437050+00:00' AIRFLOW_CTX_TRY_NUMBER='1' AIRFLOW_CTX_DAG_RUN_ID='manual__2024-12-14T10:51:08.437050+00:00'
[2024-12-14T10:51:14.205+0000] {taskinstance.py:430} INFO - ::endgroup::
[2024-12-14T10:51:14.222+0000] {hive.py:475} INFO - USE `default`
[2024-12-14T10:51:14.265+0000] {hive.py:475} INFO - DROP TABLE IF EXISTS default.instruction_fact
[2024-12-14T10:51:14.506+0000] {hive.py:475} INFO - 
        CREATE TABLE IF NOT EXISTS default.instruction_fact (
            instruction_id BIGINT,program_semester_id STRING,course_id BIGINT,class_id BIGINT,is_required BOOLEAN,num_student BIGINT,num_pass_student BIGINT,num_fail_student BIGINT,avg_final_score DOUBLE,instruction_status STRING,instruction_allocate TIMESTAMP,instruction_time_start TIMESTAMP,instruction_time_end TIMESTAMP,last_modified_date TIMESTAMP,etl_date TIMESTAMP   
        )   
        STORED AS PARQUET
        LOCATION '/fit_warehouse/raw/instruction_fact/*.snappy.parquet'
    
[2024-12-14T10:51:14.654+0000] {hive.py:475} INFO - ANALYZE TABLE default.instruction_fact COMPUTE STATISTICS
[2024-12-14T10:51:15.365+0000] {python.py:237} INFO - Done. Returned value was: None
[2024-12-14T10:51:15.367+0000] {taskinstance.py:441} INFO - ::group::Post task execution logs
[2024-12-14T10:51:15.382+0000] {taskinstance.py:1206} INFO - Marking task as SUCCESS. dag_id=etl_instruction_fact_data, task_id=load_staging.create_staging_instruction_fact, run_id=manual__2024-12-14T10:51:08.437050+00:00, execution_date=20241214T105108, start_date=20241214T105113, end_date=20241214T105115
[2024-12-14T10:51:15.431+0000] {local_task_job_runner.py:240} INFO - Task exited with return code 0
[2024-12-14T10:51:15.501+0000] {taskinstance.py:3498} INFO - 2 downstream tasks scheduled from follow-on schedule check
[2024-12-14T10:51:15.503+0000] {local_task_job_runner.py:222} INFO - ::endgroup::
