[2024-12-18T18:48:36.751+0000] {local_task_job_runner.py:120} INFO - ::group::Pre task execution logs
[2024-12-18T18:48:37.166+0000] {taskinstance.py:2076} INFO - Dependencies all met for dep_context=non-requeueable deps ti=<TaskInstance: migration_fit_data.load_staging.create_staging_address manual__2024-12-18T18:47:46.249957+00:00 [queued]>
[2024-12-18T18:48:37.281+0000] {taskinstance.py:2076} INFO - Dependencies all met for dep_context=requeueable deps ti=<TaskInstance: migration_fit_data.load_staging.create_staging_address manual__2024-12-18T18:47:46.249957+00:00 [queued]>
[2024-12-18T18:48:37.329+0000] {taskinstance.py:2306} INFO - Starting attempt 1 of 1
[2024-12-18T18:48:37.479+0000] {taskinstance.py:2330} INFO - Executing <Task(PythonOperator): load_staging.create_staging_address> on 2024-12-18 18:47:46.249957+00:00
[2024-12-18T18:48:37.614+0000] {warnings.py:110} WARNING - /home/***/.local/lib/python3.12/site-packages/***/task/task_runner/standard_task_runner.py:61: DeprecationWarning: This process (pid=1279) is multi-threaded, use of fork() may lead to deadlocks in the child.
  pid = os.fork()

[2024-12-18T18:48:37.641+0000] {standard_task_runner.py:63} INFO - Started process 1312 to run task
[2024-12-18T18:48:37.622+0000] {standard_task_runner.py:90} INFO - Running: ['***', 'tasks', 'run', 'migration_fit_data', 'load_staging.create_staging_address', 'manual__2024-12-18T18:47:46.249957+00:00', '--job-id', '1126', '--raw', '--subdir', 'DAGS_FOLDER/elt_migrate.py', '--cfg-path', '/tmp/tmptr136w95']
[2024-12-18T18:48:37.671+0000] {standard_task_runner.py:91} INFO - Job 1126: Subtask load_staging.create_staging_address
[2024-12-18T18:48:38.290+0000] {task_command.py:426} INFO - Running <TaskInstance: migration_fit_data.load_staging.create_staging_address manual__2024-12-18T18:47:46.249957+00:00 [running]> on host 33a17f71e955
[2024-12-18T18:48:39.137+0000] {taskinstance.py:2648} INFO - Exporting env vars: AIRFLOW_CTX_DAG_OWNER='***' AIRFLOW_CTX_DAG_ID='migration_fit_data' AIRFLOW_CTX_TASK_ID='load_staging.create_staging_address' AIRFLOW_CTX_EXECUTION_DATE='2024-12-18T18:47:46.249957+00:00' AIRFLOW_CTX_TRY_NUMBER='1' AIRFLOW_CTX_DAG_RUN_ID='manual__2024-12-18T18:47:46.249957+00:00'
[2024-12-18T18:48:39.152+0000] {taskinstance.py:430} INFO - ::endgroup::
[2024-12-18T18:48:39.309+0000] {hive.py:475} INFO - USE `default`
[2024-12-18T18:48:46.651+0000] {hive.py:475} INFO - DROP TABLE IF EXISTS default.address
[2024-12-18T18:48:49.680+0000] {hive.py:475} INFO - 
        CREATE TABLE IF NOT EXISTS default.address (
            address_id BIGINT,ward STRING,district STRING,city STRING   
        )   
        STORED AS PARQUET
        LOCATION '/fit_warehouse/raw/address/*.snappy.parquet'
    
[2024-12-18T18:48:56.913+0000] {hive.py:475} INFO - ANALYZE TABLE default.address COMPUTE STATISTICS
[2024-12-18T18:49:45.412+0000] {python.py:237} INFO - Done. Returned value was: None
[2024-12-18T18:49:45.413+0000] {taskinstance.py:441} INFO - ::group::Post task execution logs
[2024-12-18T18:49:45.442+0000] {taskinstance.py:1206} INFO - Marking task as SUCCESS. dag_id=migration_fit_data, task_id=load_staging.create_staging_address, run_id=manual__2024-12-18T18:47:46.249957+00:00, execution_date=20241218T184746, start_date=20241218T184837, end_date=20241218T184945
[2024-12-18T18:49:45.511+0000] {local_task_job_runner.py:240} INFO - Task exited with return code 0
[2024-12-18T18:49:45.659+0000] {taskinstance.py:3498} INFO - 0 downstream tasks scheduled from follow-on schedule check
[2024-12-18T18:49:45.670+0000] {local_task_job_runner.py:222} INFO - ::endgroup::
