[2024-12-19T04:40:45.670+0000] {local_task_job_runner.py:120} INFO - ::group::Pre task execution logs
[2024-12-19T04:40:46.470+0000] {taskinstance.py:2076} INFO - Dependencies all met for dep_context=non-requeueable deps ti=<TaskInstance: migration_fit_data.insert_warehouse.insert_dwh_program_semester manual__2024-12-19T04:38:13.996676+00:00 [queued]>
[2024-12-19T04:40:46.864+0000] {taskinstance.py:2076} INFO - Dependencies all met for dep_context=requeueable deps ti=<TaskInstance: migration_fit_data.insert_warehouse.insert_dwh_program_semester manual__2024-12-19T04:38:13.996676+00:00 [queued]>
[2024-12-19T04:40:46.864+0000] {taskinstance.py:2306} INFO - Starting attempt 1 of 1
[2024-12-19T04:40:47.189+0000] {taskinstance.py:2330} INFO - Executing <Task(PythonOperator): insert_warehouse.insert_dwh_program_semester> on 2024-12-19 04:38:13.996676+00:00
[2024-12-19T04:40:47.286+0000] {warnings.py:110} WARNING - /home/***/.local/lib/python3.12/site-packages/***/task/task_runner/standard_task_runner.py:61: DeprecationWarning: This process (pid=9101) is multi-threaded, use of fork() may lead to deadlocks in the child.
  pid = os.fork()

[2024-12-19T04:40:47.313+0000] {standard_task_runner.py:63} INFO - Started process 9136 to run task
[2024-12-19T04:40:47.312+0000] {standard_task_runner.py:90} INFO - Running: ['***', 'tasks', 'run', 'migration_fit_data', 'insert_warehouse.insert_dwh_program_semester', 'manual__2024-12-19T04:38:13.996676+00:00', '--job-id', '1371', '--raw', '--subdir', 'DAGS_FOLDER/elt_migrate.py', '--cfg-path', '/tmp/tmp7zb21jma']
[2024-12-19T04:40:47.361+0000] {standard_task_runner.py:91} INFO - Job 1371: Subtask insert_warehouse.insert_dwh_program_semester
[2024-12-19T04:40:47.918+0000] {task_command.py:426} INFO - Running <TaskInstance: migration_fit_data.insert_warehouse.insert_dwh_program_semester manual__2024-12-19T04:38:13.996676+00:00 [running]> on host 33a17f71e955
[2024-12-19T04:40:48.548+0000] {taskinstance.py:2648} INFO - Exporting env vars: AIRFLOW_CTX_DAG_OWNER='***' AIRFLOW_CTX_DAG_ID='migration_fit_data' AIRFLOW_CTX_TASK_ID='insert_warehouse.insert_dwh_program_semester' AIRFLOW_CTX_EXECUTION_DATE='2024-12-19T04:38:13.996676+00:00' AIRFLOW_CTX_TRY_NUMBER='1' AIRFLOW_CTX_DAG_RUN_ID='manual__2024-12-19T04:38:13.996676+00:00'
[2024-12-19T04:40:48.579+0000] {taskinstance.py:430} INFO - ::endgroup::
[2024-12-19T04:40:48.709+0000] {hive.py:475} INFO - USE `default`
[2024-12-19T04:40:50.289+0000] {hive.py:475} INFO - SELECT COUNT(*) FROM default.program_semester
[2024-12-19T04:40:55.678+0000] {logging_mixin.py:188} INFO - SELECT COUNT(*) FROM default.program_semester --- 26
[2024-12-19T04:40:55.735+0000] {hive.py:475} INFO - 
            MERGE INTO iceberg.warehouse.program_semester t
            USING default.program_semester s
            ON t.program_semester_id=s.program_semester_id
            WHEN MATCHED 
                THEN UPDATE SET 
                t.program_semester_id=s.program_semester_id,t.program_id=s.program_id,t.semester_name=s.semester_name,t.total_credit=s.total_credit,t.required_credit=s.required_credit,t.elective_credit=s.elective_credit
            WHEN NOT MATCHED 
                THEN INSERT *
        
[2024-12-19T04:41:13.053+0000] {python.py:237} INFO - Done. Returned value was: None
[2024-12-19T04:41:13.054+0000] {taskinstance.py:441} INFO - ::group::Post task execution logs
[2024-12-19T04:41:13.126+0000] {taskinstance.py:1206} INFO - Marking task as SUCCESS. dag_id=migration_fit_data, task_id=insert_warehouse.insert_dwh_program_semester, run_id=manual__2024-12-19T04:38:13.996676+00:00, execution_date=20241219T043813, start_date=20241219T044046, end_date=20241219T044113
[2024-12-19T04:41:13.238+0000] {local_task_job_runner.py:240} INFO - Task exited with return code 0
[2024-12-19T04:41:13.509+0000] {taskinstance.py:3498} INFO - 0 downstream tasks scheduled from follow-on schedule check
[2024-12-19T04:41:13.523+0000] {local_task_job_runner.py:222} INFO - ::endgroup::
