[2024-12-16T14:33:12.664+0000] {local_task_job_runner.py:120} INFO - ::group::Pre task execution logs
[2024-12-16T14:33:12.726+0000] {taskinstance.py:2076} INFO - Dependencies all met for dep_context=non-requeueable deps ti=<TaskInstance: migration_fit_data.get_raw_data.extract_raw_course manual__2024-12-16T14:32:53.829690+00:00 [queued]>
[2024-12-16T14:33:13.452+0000] {taskinstance.py:2076} INFO - Dependencies all met for dep_context=requeueable deps ti=<TaskInstance: migration_fit_data.get_raw_data.extract_raw_course manual__2024-12-16T14:32:53.829690+00:00 [queued]>
[2024-12-16T14:33:13.452+0000] {taskinstance.py:2306} INFO - Starting attempt 1 of 1
[2024-12-16T14:33:14.682+0000] {taskinstance.py:2330} INFO - Executing <Task(PythonOperator): get_raw_data.extract_raw_course> on 2024-12-16 14:32:53.829690+00:00
[2024-12-16T14:33:16.040+0000] {warnings.py:110} WARNING - /home/***/.local/lib/python3.12/site-packages/***/task/task_runner/standard_task_runner.py:61: DeprecationWarning: This process (pid=25967) is multi-threaded, use of fork() may lead to deadlocks in the child.
  pid = os.fork()

[2024-12-16T14:33:16.636+0000] {standard_task_runner.py:63} INFO - Started process 26002 to run task
[2024-12-16T14:33:17.079+0000] {standard_task_runner.py:90} INFO - Running: ['***', 'tasks', 'run', 'migration_fit_data', 'get_raw_data.extract_raw_course', 'manual__2024-12-16T14:32:53.829690+00:00', '--job-id', '543', '--raw', '--subdir', 'DAGS_FOLDER/elt_migrate.py', '--cfg-path', '/tmp/tmpyaxphh9d']
[2024-12-16T14:33:17.267+0000] {standard_task_runner.py:91} INFO - Job 543: Subtask get_raw_data.extract_raw_course
[2024-12-16T14:33:18.606+0000] {task_command.py:426} INFO - Running <TaskInstance: migration_fit_data.get_raw_data.extract_raw_course manual__2024-12-16T14:32:53.829690+00:00 [running]> on host 2f4e9c743994
[2024-12-16T14:33:21.439+0000] {taskinstance.py:2648} INFO - Exporting env vars: AIRFLOW_CTX_DAG_OWNER='***' AIRFLOW_CTX_DAG_ID='migration_fit_data' AIRFLOW_CTX_TASK_ID='get_raw_data.extract_raw_course' AIRFLOW_CTX_EXECUTION_DATE='2024-12-16T14:32:53.829690+00:00' AIRFLOW_CTX_TRY_NUMBER='1' AIRFLOW_CTX_DAG_RUN_ID='manual__2024-12-16T14:32:53.829690+00:00'
[2024-12-16T14:33:21.532+0000] {taskinstance.py:430} INFO - ::endgroup::
[2024-12-16T14:33:23.089+0000] {__init__.py:412} INFO - DELETE /fit_warehouse/raw/course/ recursive=True user.name=default namenode:9870
[2024-12-16T14:33:23.227+0000] {__init__.py:412} INFO - GETFILESTATUS /fit_warehouse/raw/course/ user.name=default namenode:9870
[2024-12-16T14:33:23.258+0000] {__init__.py:412} INFO - MKDIRS /fit_warehouse/raw/course/ user.name=default namenode:9870
[2024-12-16T14:33:23.320+0000] {__init__.py:412} INFO - CREATE /fit_warehouse/raw/course/course_01.snappy.parquet overwrite=True async_=True user.name=default namenode:9870
[2024-12-16T14:33:24.733+0000] {python.py:237} INFO - Done. Returned value was: None
[2024-12-16T14:33:24.733+0000] {taskinstance.py:441} INFO - ::group::Post task execution logs
[2024-12-16T14:33:24.801+0000] {taskinstance.py:1206} INFO - Marking task as SUCCESS. dag_id=migration_fit_data, task_id=get_raw_data.extract_raw_course, run_id=manual__2024-12-16T14:32:53.829690+00:00, execution_date=20241216T143253, start_date=20241216T143312, end_date=20241216T143324
[2024-12-16T14:33:24.979+0000] {local_task_job_runner.py:240} INFO - Task exited with return code 0
[2024-12-16T14:33:25.034+0000] {local_task_job_runner.py:222} INFO - ::endgroup::
