[2024-12-13T20:37:45.922+0000] {local_task_job_runner.py:120} INFO - ::group::Pre task execution logs
[2024-12-13T20:37:46.086+0000] {taskinstance.py:2076} INFO - Dependencies all met for dep_context=non-requeueable deps ti=<TaskInstance: migration_fit_data.load_staging.create_staging_program_semester manual__2024-12-13T20:37:24.752456+00:00 [queued]>
[2024-12-13T20:37:46.159+0000] {taskinstance.py:2076} INFO - Dependencies all met for dep_context=requeueable deps ti=<TaskInstance: migration_fit_data.load_staging.create_staging_program_semester manual__2024-12-13T20:37:24.752456+00:00 [queued]>
[2024-12-13T20:37:46.163+0000] {taskinstance.py:2306} INFO - Starting attempt 1 of 1
[2024-12-13T20:37:46.211+0000] {taskinstance.py:2330} INFO - Executing <Task(PythonOperator): load_staging.create_staging_program_semester> on 2024-12-13 20:37:24.752456+00:00
[2024-12-13T20:37:46.273+0000] {warnings.py:110} WARNING - /home/***/.local/lib/python3.12/site-packages/***/task/task_runner/standard_task_runner.py:61: DeprecationWarning: This process (pid=6079) is multi-threaded, use of fork() may lead to deadlocks in the child.
  pid = os.fork()

[2024-12-13T20:37:46.290+0000] {standard_task_runner.py:63} INFO - Started process 6118 to run task
[2024-12-13T20:37:46.287+0000] {standard_task_runner.py:90} INFO - Running: ['***', 'tasks', 'run', 'migration_fit_data', 'load_staging.create_staging_program_semester', 'manual__2024-12-13T20:37:24.752456+00:00', '--job-id', '718', '--raw', '--subdir', 'DAGS_FOLDER/elt_migrate.py', '--cfg-path', '/tmp/tmpeqpqi64j']
[2024-12-13T20:37:46.308+0000] {standard_task_runner.py:91} INFO - Job 718: Subtask load_staging.create_staging_program_semester
[2024-12-13T20:37:46.582+0000] {task_command.py:426} INFO - Running <TaskInstance: migration_fit_data.load_staging.create_staging_program_semester manual__2024-12-13T20:37:24.752456+00:00 [running]> on host 1fe973f28a1c
[2024-12-13T20:37:47.047+0000] {taskinstance.py:2648} INFO - Exporting env vars: AIRFLOW_CTX_DAG_OWNER='***' AIRFLOW_CTX_DAG_ID='migration_fit_data' AIRFLOW_CTX_TASK_ID='load_staging.create_staging_program_semester' AIRFLOW_CTX_EXECUTION_DATE='2024-12-13T20:37:24.752456+00:00' AIRFLOW_CTX_TRY_NUMBER='1' AIRFLOW_CTX_DAG_RUN_ID='manual__2024-12-13T20:37:24.752456+00:00'
[2024-12-13T20:37:47.049+0000] {taskinstance.py:430} INFO - ::endgroup::
[2024-12-13T20:37:47.092+0000] {hive.py:475} INFO - USE `default`
[2024-12-13T20:37:47.200+0000] {hive.py:475} INFO - DROP TABLE IF EXISTS default.program_semester
[2024-12-13T20:37:47.870+0000] {hive.py:475} INFO - 
        CREATE TABLE IF NOT EXISTS default.program_semester (
            program_semester_id STRING,program_id STRING,semester_name STRING,total_credit BIGINT,required_credit BIGINT,elective_credit BIGINT   
        )   
        STORED AS PARQUET
        LOCATION '/fit_warehouse/raw/program_semester/*.snappy.parquet'
    
[2024-12-13T20:37:47.959+0000] {hive.py:475} INFO - ANALYZE TABLE default.program_semester COMPUTE STATISTICS
[2024-12-13T20:37:49.118+0000] {python.py:237} INFO - Done. Returned value was: None
[2024-12-13T20:37:49.118+0000] {taskinstance.py:441} INFO - ::group::Post task execution logs
[2024-12-13T20:37:49.151+0000] {taskinstance.py:1206} INFO - Marking task as SUCCESS. dag_id=migration_fit_data, task_id=load_staging.create_staging_program_semester, run_id=manual__2024-12-13T20:37:24.752456+00:00, execution_date=20241213T203724, start_date=20241213T203746, end_date=20241213T203749
[2024-12-13T20:37:49.229+0000] {local_task_job_runner.py:240} INFO - Task exited with return code 0
[2024-12-13T20:37:49.375+0000] {taskinstance.py:3498} INFO - 0 downstream tasks scheduled from follow-on schedule check
[2024-12-13T20:37:49.381+0000] {local_task_job_runner.py:222} INFO - ::endgroup::
