[2024-12-13T15:33:19.258+0000] {local_task_job_runner.py:120} INFO - ::group::Pre task execution logs
[2024-12-13T15:33:19.295+0000] {taskinstance.py:2076} INFO - Dependencies all met for dep_context=non-requeueable deps ti=<TaskInstance: migration_fit_data.aggregate_warehouse.aggregate_instruction_aggregate manual__2024-12-13T15:31:35.788890+00:00 [queued]>
[2024-12-13T15:33:19.323+0000] {taskinstance.py:2076} INFO - Dependencies all met for dep_context=requeueable deps ti=<TaskInstance: migration_fit_data.aggregate_warehouse.aggregate_instruction_aggregate manual__2024-12-13T15:31:35.788890+00:00 [queued]>
[2024-12-13T15:33:19.323+0000] {taskinstance.py:2306} INFO - Starting attempt 1 of 1
[2024-12-13T15:33:19.349+0000] {taskinstance.py:2330} INFO - Executing <Task(PythonOperator): aggregate_warehouse.aggregate_instruction_aggregate> on 2024-12-13 15:31:35.788890+00:00
[2024-12-13T15:33:19.361+0000] {warnings.py:110} WARNING - /home/***/.local/lib/python3.12/site-packages/***/task/task_runner/standard_task_runner.py:61: DeprecationWarning: This process (pid=339) is multi-threaded, use of fork() may lead to deadlocks in the child.
  pid = os.fork()

[2024-12-13T15:33:19.363+0000] {standard_task_runner.py:63} INFO - Started process 348 to run task
[2024-12-13T15:33:19.367+0000] {standard_task_runner.py:90} INFO - Running: ['***', 'tasks', 'run', 'migration_fit_data', 'aggregate_warehouse.aggregate_instruction_aggregate', 'manual__2024-12-13T15:31:35.788890+00:00', '--job-id', '78', '--raw', '--subdir', 'DAGS_FOLDER/elt_migrate.py', '--cfg-path', '/tmp/tmp1rmpr83p']
[2024-12-13T15:33:19.373+0000] {standard_task_runner.py:91} INFO - Job 78: Subtask aggregate_warehouse.aggregate_instruction_aggregate
[2024-12-13T15:33:19.471+0000] {task_command.py:426} INFO - Running <TaskInstance: migration_fit_data.aggregate_warehouse.aggregate_instruction_aggregate manual__2024-12-13T15:31:35.788890+00:00 [running]> on host 1fe973f28a1c
[2024-12-13T15:33:19.710+0000] {taskinstance.py:2648} INFO - Exporting env vars: AIRFLOW_CTX_DAG_OWNER='***' AIRFLOW_CTX_DAG_ID='migration_fit_data' AIRFLOW_CTX_TASK_ID='aggregate_warehouse.aggregate_instruction_aggregate' AIRFLOW_CTX_EXECUTION_DATE='2024-12-13T15:31:35.788890+00:00' AIRFLOW_CTX_TRY_NUMBER='1' AIRFLOW_CTX_DAG_RUN_ID='manual__2024-12-13T15:31:35.788890+00:00'
[2024-12-13T15:33:19.712+0000] {taskinstance.py:430} INFO - ::endgroup::
[2024-12-13T15:33:19.749+0000] {hive.py:475} INFO - USE `default`
[2024-12-13T15:33:19.866+0000] {hive.py:475} INFO - CREATE NAMESPACE IF NOT EXISTS iceberg.aggr_warehouse
[2024-12-13T15:33:19.921+0000] {hive.py:475} INFO - DROP TABLE IF EXISTS iceberg.aggr_warehouse.instruction_aggregate
[2024-12-13T15:33:19.970+0000] {hive.py:475} INFO - 
    CREATE OR REPLACE TABLE iceberg.aggr_warehouse.instruction_aggregate
    USING parquet
    AS
    SELECT
        inf.instruction_id,
        c.course_id,
        c.course_name,
        ps.program_id,
        ps.semester_name,
        inf.num_student AS num_students,
        inf.avg_final_score
    FROM
        iceberg.warehouse.instruction_fact inf
    JOIN iceberg.warehouse.course c ON inf.course_id = c.course_id
    JOIN iceberg.warehouse.program_semester ps ON inf.program_semester_id = ps.program_semester_id;
    
[2024-12-13T15:33:25.471+0000] {__init__.py:412} INFO - DELETE /user/hive/warehouse/aggr_warehouse.db/instruction_aggregate_parquet recursive=True user.name=default namenode:9870
[2024-12-13T15:33:25.513+0000] {hive.py:475} INFO - 
        DROP TABLE IF EXISTS spark_catalog.aggr_warehouse.instruction_aggregate_parquet
    
[2024-12-13T15:33:25.647+0000] {hive.py:475} INFO - 
        CREATE TABLE spark_catalog.aggr_warehouse.instruction_aggregate_parquet
        USING parquet
        AS
        SELECT * FROM iceberg.aggr_warehouse.instruction_aggregate
    
[2024-12-13T15:33:32.209+0000] {python.py:237} INFO - Done. Returned value was: None
[2024-12-13T15:33:32.210+0000] {taskinstance.py:441} INFO - ::group::Post task execution logs
[2024-12-13T15:33:32.226+0000] {taskinstance.py:1206} INFO - Marking task as SUCCESS. dag_id=migration_fit_data, task_id=aggregate_warehouse.aggregate_instruction_aggregate, run_id=manual__2024-12-13T15:31:35.788890+00:00, execution_date=20241213T153135, start_date=20241213T153319, end_date=20241213T153332
[2024-12-13T15:33:32.299+0000] {local_task_job_runner.py:240} INFO - Task exited with return code 0
[2024-12-13T15:33:32.352+0000] {taskinstance.py:3498} INFO - 0 downstream tasks scheduled from follow-on schedule check
[2024-12-13T15:33:32.354+0000] {local_task_job_runner.py:222} INFO - ::endgroup::
