[2024-12-13T15:32:45.875+0000] {local_task_job_runner.py:120} INFO - ::group::Pre task execution logs
[2024-12-13T15:32:46.236+0000] {taskinstance.py:2076} INFO - Dependencies all met for dep_context=non-requeueable deps ti=<TaskInstance: migration_fit_data.insert_warehouse.insert_dwh_lecturer manual__2024-12-13T15:31:35.788890+00:00 [queued]>
[2024-12-13T15:32:46.468+0000] {taskinstance.py:2076} INFO - Dependencies all met for dep_context=requeueable deps ti=<TaskInstance: migration_fit_data.insert_warehouse.insert_dwh_lecturer manual__2024-12-13T15:31:35.788890+00:00 [queued]>
[2024-12-13T15:32:46.469+0000] {taskinstance.py:2306} INFO - Starting attempt 1 of 1
[2024-12-13T15:32:46.627+0000] {taskinstance.py:2330} INFO - Executing <Task(PythonOperator): insert_warehouse.insert_dwh_lecturer> on 2024-12-13 15:31:35.788890+00:00
[2024-12-13T15:32:46.719+0000] {warnings.py:110} WARNING - /home/***/.local/lib/python3.12/site-packages/***/task/task_runner/standard_task_runner.py:61: DeprecationWarning: This process (pid=290) is multi-threaded, use of fork() may lead to deadlocks in the child.
  pid = os.fork()

[2024-12-13T15:32:46.734+0000] {standard_task_runner.py:63} INFO - Started process 326 to run task
[2024-12-13T15:32:46.737+0000] {standard_task_runner.py:90} INFO - Running: ['***', 'tasks', 'run', 'migration_fit_data', 'insert_warehouse.insert_dwh_lecturer', 'manual__2024-12-13T15:31:35.788890+00:00', '--job-id', '66', '--raw', '--subdir', 'DAGS_FOLDER/elt_migrate.py', '--cfg-path', '/tmp/tmpzgxy6os5']
[2024-12-13T15:32:46.786+0000] {standard_task_runner.py:91} INFO - Job 66: Subtask insert_warehouse.insert_dwh_lecturer
[2024-12-13T15:32:47.558+0000] {task_command.py:426} INFO - Running <TaskInstance: migration_fit_data.insert_warehouse.insert_dwh_lecturer manual__2024-12-13T15:31:35.788890+00:00 [running]> on host 1fe973f28a1c
[2024-12-13T15:32:48.520+0000] {taskinstance.py:2648} INFO - Exporting env vars: AIRFLOW_CTX_DAG_OWNER='***' AIRFLOW_CTX_DAG_ID='migration_fit_data' AIRFLOW_CTX_TASK_ID='insert_warehouse.insert_dwh_lecturer' AIRFLOW_CTX_EXECUTION_DATE='2024-12-13T15:31:35.788890+00:00' AIRFLOW_CTX_TRY_NUMBER='1' AIRFLOW_CTX_DAG_RUN_ID='manual__2024-12-13T15:31:35.788890+00:00'
[2024-12-13T15:32:48.532+0000] {taskinstance.py:430} INFO - ::endgroup::
[2024-12-13T15:32:48.651+0000] {hive.py:475} INFO - USE `default`
[2024-12-13T15:32:48.798+0000] {hive.py:475} INFO - SELECT COUNT(*) FROM default.lecturer
[2024-12-13T15:32:52.820+0000] {logging_mixin.py:188} INFO - SELECT COUNT(*) FROM default.lecturer --- 168
[2024-12-13T15:32:52.833+0000] {hive.py:475} INFO - 
            MERGE INTO iceberg.warehouse.lecturer t
            USING default.lecturer s
            ON t.lecturer_id=s.lecturer_id
            WHEN MATCHED 
                THEN UPDATE SET 
                t.lecturer_id=s.lecturer_id,t.employee_id=s.employee_id,t.academic_title=s.academic_title,t.academic_title_date=s.academic_title_date,t.degree=s.degree,t.degree_issue_date=s.degree_issue_date,t.degree_issue_place=s.degree_issue_place,t.major=s.major,t.department=s.department,t.number_of_exp=s.number_of_exp
            WHEN NOT MATCHED 
                THEN INSERT *
        
[2024-12-13T15:33:14.337+0000] {python.py:237} INFO - Done. Returned value was: None
[2024-12-13T15:33:14.337+0000] {taskinstance.py:441} INFO - ::group::Post task execution logs
[2024-12-13T15:33:14.364+0000] {taskinstance.py:1206} INFO - Marking task as SUCCESS. dag_id=migration_fit_data, task_id=insert_warehouse.insert_dwh_lecturer, run_id=manual__2024-12-13T15:31:35.788890+00:00, execution_date=20241213T153135, start_date=20241213T153246, end_date=20241213T153314
[2024-12-13T15:33:14.461+0000] {local_task_job_runner.py:240} INFO - Task exited with return code 0
[2024-12-13T15:33:14.476+0000] {local_task_job_runner.py:222} INFO - ::endgroup::
