[2024-12-16T15:15:48.366+0000] {local_task_job_runner.py:120} INFO - ::group::Pre task execution logs
[2024-12-16T15:15:48.564+0000] {taskinstance.py:2076} INFO - Dependencies all met for dep_context=non-requeueable deps ti=<TaskInstance: migration_fit_data.get_raw_data.extract_raw_employee manual__2024-12-16T15:15:27.291042+00:00 [queued]>
[2024-12-16T15:15:48.790+0000] {taskinstance.py:2076} INFO - Dependencies all met for dep_context=requeueable deps ti=<TaskInstance: migration_fit_data.get_raw_data.extract_raw_employee manual__2024-12-16T15:15:27.291042+00:00 [queued]>
[2024-12-16T15:15:48.791+0000] {taskinstance.py:2306} INFO - Starting attempt 1 of 1
[2024-12-16T15:15:49.566+0000] {taskinstance.py:2330} INFO - Executing <Task(PythonOperator): get_raw_data.extract_raw_employee> on 2024-12-16 15:15:27.291042+00:00
[2024-12-16T15:15:49.629+0000] {warnings.py:110} WARNING - /home/***/.local/lib/python3.12/site-packages/***/task/task_runner/standard_task_runner.py:61: DeprecationWarning: This process (pid=26709) is multi-threaded, use of fork() may lead to deadlocks in the child.
  pid = os.fork()

[2024-12-16T15:15:49.642+0000] {standard_task_runner.py:63} INFO - Started process 26758 to run task
[2024-12-16T15:15:49.646+0000] {standard_task_runner.py:90} INFO - Running: ['***', 'tasks', 'run', 'migration_fit_data', 'get_raw_data.extract_raw_employee', 'manual__2024-12-16T15:15:27.291042+00:00', '--job-id', '597', '--raw', '--subdir', 'DAGS_FOLDER/elt_migrate.py', '--cfg-path', '/tmp/tmptmy885aj']
[2024-12-16T15:15:49.664+0000] {standard_task_runner.py:91} INFO - Job 597: Subtask get_raw_data.extract_raw_employee
[2024-12-16T15:15:49.835+0000] {task_command.py:426} INFO - Running <TaskInstance: migration_fit_data.get_raw_data.extract_raw_employee manual__2024-12-16T15:15:27.291042+00:00 [running]> on host 2f4e9c743994
[2024-12-16T15:15:50.057+0000] {taskinstance.py:2648} INFO - Exporting env vars: AIRFLOW_CTX_DAG_OWNER='***' AIRFLOW_CTX_DAG_ID='migration_fit_data' AIRFLOW_CTX_TASK_ID='get_raw_data.extract_raw_employee' AIRFLOW_CTX_EXECUTION_DATE='2024-12-16T15:15:27.291042+00:00' AIRFLOW_CTX_TRY_NUMBER='1' AIRFLOW_CTX_DAG_RUN_ID='manual__2024-12-16T15:15:27.291042+00:00'
[2024-12-16T15:15:50.058+0000] {taskinstance.py:430} INFO - ::endgroup::
[2024-12-16T15:15:50.799+0000] {__init__.py:412} INFO - DELETE /fit_warehouse/raw/employee/ recursive=True user.name=default namenode:9870
[2024-12-16T15:15:50.810+0000] {__init__.py:412} INFO - GETFILESTATUS /fit_warehouse/raw/employee/ user.name=default namenode:9870
[2024-12-16T15:15:50.824+0000] {__init__.py:412} INFO - MKDIRS /fit_warehouse/raw/employee/ user.name=default namenode:9870
[2024-12-16T15:15:50.839+0000] {__init__.py:412} INFO - CREATE /fit_warehouse/raw/employee/employee_01.snappy.parquet overwrite=True async_=True user.name=default namenode:9870
[2024-12-16T15:15:50.984+0000] {python.py:237} INFO - Done. Returned value was: None
[2024-12-16T15:15:50.984+0000] {taskinstance.py:441} INFO - ::group::Post task execution logs
[2024-12-16T15:15:51.028+0000] {taskinstance.py:1206} INFO - Marking task as SUCCESS. dag_id=migration_fit_data, task_id=get_raw_data.extract_raw_employee, run_id=manual__2024-12-16T15:15:27.291042+00:00, execution_date=20241216T151527, start_date=20241216T151548, end_date=20241216T151551
[2024-12-16T15:15:51.142+0000] {local_task_job_runner.py:240} INFO - Task exited with return code 0
[2024-12-16T15:15:51.490+0000] {taskinstance.py:3498} INFO - 0 downstream tasks scheduled from follow-on schedule check
[2024-12-16T15:15:51.498+0000] {local_task_job_runner.py:222} INFO - ::endgroup::
