[2024-12-14T10:49:38.165+0000] {local_task_job_runner.py:120} INFO - ::group::Pre task execution logs
[2024-12-14T10:49:38.372+0000] {taskinstance.py:2076} INFO - Dependencies all met for dep_context=non-requeueable deps ti=<TaskInstance: etl_dimention_data.get_raw_data.extract_raw_employee manual__2024-12-14T10:49:34.305778+00:00 [queued]>
[2024-12-14T10:49:38.436+0000] {taskinstance.py:2076} INFO - Dependencies all met for dep_context=requeueable deps ti=<TaskInstance: etl_dimention_data.get_raw_data.extract_raw_employee manual__2024-12-14T10:49:34.305778+00:00 [queued]>
[2024-12-14T10:49:38.437+0000] {taskinstance.py:2306} INFO - Starting attempt 1 of 1
[2024-12-14T10:49:38.538+0000] {taskinstance.py:2330} INFO - Executing <Task(PythonOperator): get_raw_data.extract_raw_employee> on 2024-12-14 10:49:34.305778+00:00
[2024-12-14T10:49:38.590+0000] {warnings.py:110} WARNING - /home/***/.local/lib/python3.12/site-packages/***/task/task_runner/standard_task_runner.py:61: DeprecationWarning: This process (pid=549) is multi-threaded, use of fork() may lead to deadlocks in the child.
  pid = os.fork()

[2024-12-14T10:49:38.604+0000] {standard_task_runner.py:63} INFO - Started process 560 to run task
[2024-12-14T10:49:38.604+0000] {standard_task_runner.py:90} INFO - Running: ['***', 'tasks', 'run', 'etl_dimention_data', 'get_raw_data.extract_raw_employee', 'manual__2024-12-14T10:49:34.305778+00:00', '--job-id', '120', '--raw', '--subdir', 'DAGS_FOLDER/elt_dimention.py', '--cfg-path', '/tmp/tmpoyofux2c']
[2024-12-14T10:49:38.631+0000] {standard_task_runner.py:91} INFO - Job 120: Subtask get_raw_data.extract_raw_employee
[2024-12-14T10:49:38.980+0000] {task_command.py:426} INFO - Running <TaskInstance: etl_dimention_data.get_raw_data.extract_raw_employee manual__2024-12-14T10:49:34.305778+00:00 [running]> on host 06cbf31e97a5
[2024-12-14T10:49:39.291+0000] {taskinstance.py:2648} INFO - Exporting env vars: AIRFLOW_CTX_DAG_OWNER='***' AIRFLOW_CTX_DAG_ID='etl_dimention_data' AIRFLOW_CTX_TASK_ID='get_raw_data.extract_raw_employee' AIRFLOW_CTX_EXECUTION_DATE='2024-12-14T10:49:34.305778+00:00' AIRFLOW_CTX_TRY_NUMBER='1' AIRFLOW_CTX_DAG_RUN_ID='manual__2024-12-14T10:49:34.305778+00:00'
[2024-12-14T10:49:39.293+0000] {taskinstance.py:430} INFO - ::endgroup::
[2024-12-14T10:49:40.065+0000] {__init__.py:412} INFO - DELETE /fit_warehouse/raw/employee/ recursive=True user.name=default namenode:9870
[2024-12-14T10:49:40.081+0000] {__init__.py:412} INFO - GETFILESTATUS /fit_warehouse/raw/employee/ user.name=default namenode:9870
[2024-12-14T10:49:40.089+0000] {__init__.py:412} INFO - MKDIRS /fit_warehouse/raw/employee/ user.name=default namenode:9870
[2024-12-14T10:49:40.097+0000] {__init__.py:412} INFO - CREATE /fit_warehouse/raw/employee/employee_01.snappy.parquet overwrite=True async_=True user.name=default namenode:9870
[2024-12-14T10:49:40.173+0000] {python.py:237} INFO - Done. Returned value was: None
[2024-12-14T10:49:40.174+0000] {taskinstance.py:441} INFO - ::group::Post task execution logs
[2024-12-14T10:49:40.188+0000] {taskinstance.py:1206} INFO - Marking task as SUCCESS. dag_id=etl_dimention_data, task_id=get_raw_data.extract_raw_employee, run_id=manual__2024-12-14T10:49:34.305778+00:00, execution_date=20241214T104934, start_date=20241214T104938, end_date=20241214T104940
[2024-12-14T10:49:40.253+0000] {local_task_job_runner.py:240} INFO - Task exited with return code 0
[2024-12-14T10:49:40.325+0000] {taskinstance.py:3498} INFO - 0 downstream tasks scheduled from follow-on schedule check
[2024-12-14T10:49:40.327+0000] {local_task_job_runner.py:222} INFO - ::endgroup::
