[2024-12-16T15:44:12.539+0000] {local_task_job_runner.py:120} INFO - ::group::Pre task execution logs
[2024-12-16T15:44:13.090+0000] {taskinstance.py:2076} INFO - Dependencies all met for dep_context=non-requeueable deps ti=<TaskInstance: migration_fit_data.insert_warehouse.insert_dwh_enroll_student manual__2024-12-16T15:42:13.474492+00:00 [queued]>
[2024-12-16T15:44:13.196+0000] {taskinstance.py:2076} INFO - Dependencies all met for dep_context=requeueable deps ti=<TaskInstance: migration_fit_data.insert_warehouse.insert_dwh_enroll_student manual__2024-12-16T15:42:13.474492+00:00 [queued]>
[2024-12-16T15:44:13.196+0000] {taskinstance.py:2306} INFO - Starting attempt 1 of 1
[2024-12-16T15:44:13.312+0000] {taskinstance.py:2330} INFO - Executing <Task(PythonOperator): insert_warehouse.insert_dwh_enroll_student> on 2024-12-16 15:42:13.474492+00:00
[2024-12-16T15:44:13.437+0000] {warnings.py:110} WARNING - /home/***/.local/lib/python3.12/site-packages/***/task/task_runner/standard_task_runner.py:61: DeprecationWarning: This process (pid=27418) is multi-threaded, use of fork() may lead to deadlocks in the child.
  pid = os.fork()

[2024-12-16T15:44:13.476+0000] {standard_task_runner.py:63} INFO - Started process 27444 to run task
[2024-12-16T15:44:13.451+0000] {standard_task_runner.py:90} INFO - Running: ['***', 'tasks', 'run', 'migration_fit_data', 'insert_warehouse.insert_dwh_enroll_student', 'manual__2024-12-16T15:42:13.474492+00:00', '--job-id', '704', '--raw', '--subdir', 'DAGS_FOLDER/elt_migrate.py', '--cfg-path', '/tmp/tmpxl63hqo4']
[2024-12-16T15:44:13.494+0000] {standard_task_runner.py:91} INFO - Job 704: Subtask insert_warehouse.insert_dwh_enroll_student
[2024-12-16T15:44:14.039+0000] {task_command.py:426} INFO - Running <TaskInstance: migration_fit_data.insert_warehouse.insert_dwh_enroll_student manual__2024-12-16T15:42:13.474492+00:00 [running]> on host 2f4e9c743994
[2024-12-16T15:44:15.328+0000] {taskinstance.py:2648} INFO - Exporting env vars: AIRFLOW_CTX_DAG_OWNER='***' AIRFLOW_CTX_DAG_ID='migration_fit_data' AIRFLOW_CTX_TASK_ID='insert_warehouse.insert_dwh_enroll_student' AIRFLOW_CTX_EXECUTION_DATE='2024-12-16T15:42:13.474492+00:00' AIRFLOW_CTX_TRY_NUMBER='1' AIRFLOW_CTX_DAG_RUN_ID='manual__2024-12-16T15:42:13.474492+00:00'
[2024-12-16T15:44:15.350+0000] {taskinstance.py:430} INFO - ::endgroup::
[2024-12-16T15:44:15.628+0000] {hive.py:475} INFO - USE `default`
[2024-12-16T15:44:16.584+0000] {hive.py:475} INFO - SELECT COUNT(*) FROM default.enroll_student
[2024-12-16T15:44:26.490+0000] {logging_mixin.py:188} INFO - SELECT COUNT(*) FROM default.enroll_student --- 15461
[2024-12-16T15:44:26.496+0000] {hive.py:475} INFO - 
            MERGE INTO iceberg.warehouse.enroll_student t
            USING default.enroll_student s
            ON t.student_id=s.student_id AND t.enrollment_id=s.enrollment_id
            WHEN MATCHED 
                THEN UPDATE SET 
                t.student_id=s.student_id,t.enrollment_id=s.enrollment_id,t.enrollment_time=s.enrollment_time
            WHEN NOT MATCHED 
                THEN INSERT *
        
[2024-12-16T15:45:05.715+0000] {python.py:237} INFO - Done. Returned value was: None
[2024-12-16T15:45:05.715+0000] {taskinstance.py:441} INFO - ::group::Post task execution logs
[2024-12-16T15:45:05.813+0000] {taskinstance.py:1206} INFO - Marking task as SUCCESS. dag_id=migration_fit_data, task_id=insert_warehouse.insert_dwh_enroll_student, run_id=manual__2024-12-16T15:42:13.474492+00:00, execution_date=20241216T154213, start_date=20241216T154413, end_date=20241216T154505
[2024-12-16T15:45:06.483+0000] {local_task_job_runner.py:240} INFO - Task exited with return code 0
[2024-12-16T15:45:06.647+0000] {local_task_job_runner.py:222} INFO - ::endgroup::
