[2024-12-18T18:48:31.747+0000] {local_task_job_runner.py:120} INFO - ::group::Pre task execution logs
[2024-12-18T18:48:31.805+0000] {taskinstance.py:2076} INFO - Dependencies all met for dep_context=non-requeueable deps ti=<TaskInstance: migration_fit_data.load_staging.create_staging_enroll_student manual__2024-12-18T18:47:46.249957+00:00 [queued]>
[2024-12-18T18:48:31.965+0000] {taskinstance.py:2076} INFO - Dependencies all met for dep_context=requeueable deps ti=<TaskInstance: migration_fit_data.load_staging.create_staging_enroll_student manual__2024-12-18T18:47:46.249957+00:00 [queued]>
[2024-12-18T18:48:31.979+0000] {taskinstance.py:2306} INFO - Starting attempt 1 of 1
[2024-12-18T18:48:32.126+0000] {taskinstance.py:2330} INFO - Executing <Task(PythonOperator): load_staging.create_staging_enroll_student> on 2024-12-18 18:47:46.249957+00:00
[2024-12-18T18:48:32.194+0000] {warnings.py:110} WARNING - /home/***/.local/lib/python3.12/site-packages/***/task/task_runner/standard_task_runner.py:61: DeprecationWarning: This process (pid=1276) is multi-threaded, use of fork() may lead to deadlocks in the child.
  pid = os.fork()

[2024-12-18T18:48:32.221+0000] {standard_task_runner.py:63} INFO - Started process 1303 to run task
[2024-12-18T18:48:32.220+0000] {standard_task_runner.py:90} INFO - Running: ['***', 'tasks', 'run', 'migration_fit_data', 'load_staging.create_staging_enroll_student', 'manual__2024-12-18T18:47:46.249957+00:00', '--job-id', '1117', '--raw', '--subdir', 'DAGS_FOLDER/elt_migrate.py', '--cfg-path', '/tmp/tmp454i45zz']
[2024-12-18T18:48:32.281+0000] {standard_task_runner.py:91} INFO - Job 1117: Subtask load_staging.create_staging_enroll_student
[2024-12-18T18:48:32.527+0000] {task_command.py:426} INFO - Running <TaskInstance: migration_fit_data.load_staging.create_staging_enroll_student manual__2024-12-18T18:47:46.249957+00:00 [running]> on host 33a17f71e955
[2024-12-18T18:48:33.647+0000] {taskinstance.py:2648} INFO - Exporting env vars: AIRFLOW_CTX_DAG_OWNER='***' AIRFLOW_CTX_DAG_ID='migration_fit_data' AIRFLOW_CTX_TASK_ID='load_staging.create_staging_enroll_student' AIRFLOW_CTX_EXECUTION_DATE='2024-12-18T18:47:46.249957+00:00' AIRFLOW_CTX_TRY_NUMBER='1' AIRFLOW_CTX_DAG_RUN_ID='manual__2024-12-18T18:47:46.249957+00:00'
[2024-12-18T18:48:33.648+0000] {taskinstance.py:430} INFO - ::endgroup::
[2024-12-18T18:48:34.175+0000] {hive.py:475} INFO - USE `default`
[2024-12-18T18:48:46.651+0000] {hive.py:475} INFO - DROP TABLE IF EXISTS default.enroll_student
[2024-12-18T18:48:49.391+0000] {hive.py:475} INFO - 
        CREATE TABLE IF NOT EXISTS default.enroll_student (
            student_id STRING,enrollment_id BIGINT,enrollment_time TIMESTAMP   
        )   
        STORED AS PARQUET
        LOCATION '/fit_warehouse/raw/enroll_student/*.snappy.parquet'
    
[2024-12-18T18:48:54.093+0000] {hive.py:475} INFO - ANALYZE TABLE default.enroll_student COMPUTE STATISTICS
[2024-12-18T18:49:49.032+0000] {python.py:237} INFO - Done. Returned value was: None
[2024-12-18T18:49:49.032+0000] {taskinstance.py:441} INFO - ::group::Post task execution logs
[2024-12-18T18:49:49.085+0000] {taskinstance.py:1206} INFO - Marking task as SUCCESS. dag_id=migration_fit_data, task_id=load_staging.create_staging_enroll_student, run_id=manual__2024-12-18T18:47:46.249957+00:00, execution_date=20241218T184746, start_date=20241218T184831, end_date=20241218T184949
[2024-12-18T18:49:49.219+0000] {local_task_job_runner.py:240} INFO - Task exited with return code 0
[2024-12-18T18:49:49.254+0000] {local_task_job_runner.py:222} INFO - ::endgroup::
