[2024-12-19T04:39:34.627+0000] {local_task_job_runner.py:120} INFO - ::group::Pre task execution logs
[2024-12-19T04:39:34.856+0000] {taskinstance.py:2076} INFO - Dependencies all met for dep_context=non-requeueable deps ti=<TaskInstance: migration_fit_data.load_staging.create_staging_employee manual__2024-12-19T04:38:13.996676+00:00 [queued]>
[2024-12-19T04:39:34.953+0000] {taskinstance.py:2076} INFO - Dependencies all met for dep_context=requeueable deps ti=<TaskInstance: migration_fit_data.load_staging.create_staging_employee manual__2024-12-19T04:38:13.996676+00:00 [queued]>
[2024-12-19T04:39:34.972+0000] {taskinstance.py:2306} INFO - Starting attempt 1 of 1
[2024-12-19T04:39:35.085+0000] {taskinstance.py:2330} INFO - Executing <Task(PythonOperator): load_staging.create_staging_employee> on 2024-12-19 04:38:13.996676+00:00
[2024-12-19T04:39:35.137+0000] {warnings.py:110} WARNING - /home/***/.local/lib/python3.12/site-packages/***/task/task_runner/standard_task_runner.py:61: DeprecationWarning: This process (pid=9002) is multi-threaded, use of fork() may lead to deadlocks in the child.
  pid = os.fork()

[2024-12-19T04:39:35.152+0000] {standard_task_runner.py:63} INFO - Started process 9035 to run task
[2024-12-19T04:39:35.142+0000] {standard_task_runner.py:90} INFO - Running: ['***', 'tasks', 'run', 'migration_fit_data', 'load_staging.create_staging_employee', 'manual__2024-12-19T04:38:13.996676+00:00', '--job-id', '1340', '--raw', '--subdir', 'DAGS_FOLDER/elt_migrate.py', '--cfg-path', '/tmp/tmprbtl3xwe']
[2024-12-19T04:39:35.172+0000] {standard_task_runner.py:91} INFO - Job 1340: Subtask load_staging.create_staging_employee
[2024-12-19T04:39:35.544+0000] {task_command.py:426} INFO - Running <TaskInstance: migration_fit_data.load_staging.create_staging_employee manual__2024-12-19T04:38:13.996676+00:00 [running]> on host 33a17f71e955
[2024-12-19T04:39:36.224+0000] {taskinstance.py:2648} INFO - Exporting env vars: AIRFLOW_CTX_DAG_OWNER='***' AIRFLOW_CTX_DAG_ID='migration_fit_data' AIRFLOW_CTX_TASK_ID='load_staging.create_staging_employee' AIRFLOW_CTX_EXECUTION_DATE='2024-12-19T04:38:13.996676+00:00' AIRFLOW_CTX_TRY_NUMBER='1' AIRFLOW_CTX_DAG_RUN_ID='manual__2024-12-19T04:38:13.996676+00:00'
[2024-12-19T04:39:36.233+0000] {taskinstance.py:430} INFO - ::endgroup::
[2024-12-19T04:39:36.269+0000] {hive.py:475} INFO - USE `default`
[2024-12-19T04:39:36.312+0000] {hive.py:475} INFO - DROP TABLE IF EXISTS default.employee
[2024-12-19T04:39:36.465+0000] {hive.py:475} INFO - 
        CREATE TABLE IF NOT EXISTS default.employee (
            employee_id BIGINT,employee_name STRING,day_of_birth TIMESTAMP,nationality STRING,insurance_id STRING   
        )   
        STORED AS PARQUET
        LOCATION '/fit_warehouse/raw/employee/*.snappy.parquet'
    
[2024-12-19T04:39:36.571+0000] {hive.py:475} INFO - ANALYZE TABLE default.employee COMPUTE STATISTICS
[2024-12-19T04:39:37.969+0000] {python.py:237} INFO - Done. Returned value was: None
[2024-12-19T04:39:37.970+0000] {taskinstance.py:441} INFO - ::group::Post task execution logs
[2024-12-19T04:39:37.987+0000] {taskinstance.py:1206} INFO - Marking task as SUCCESS. dag_id=migration_fit_data, task_id=load_staging.create_staging_employee, run_id=manual__2024-12-19T04:38:13.996676+00:00, execution_date=20241219T043813, start_date=20241219T043934, end_date=20241219T043937
[2024-12-19T04:39:38.043+0000] {local_task_job_runner.py:240} INFO - Task exited with return code 0
[2024-12-19T04:39:38.219+0000] {taskinstance.py:3498} INFO - 0 downstream tasks scheduled from follow-on schedule check
[2024-12-19T04:39:38.224+0000] {local_task_job_runner.py:222} INFO - ::endgroup::
