[2024-12-18T18:52:27.300+0000] {local_task_job_runner.py:120} INFO - ::group::Pre task execution logs
[2024-12-18T18:52:27.369+0000] {taskinstance.py:2076} INFO - Dependencies all met for dep_context=non-requeueable deps ti=<TaskInstance: migration_fit_data.aggregate_warehouse.aggregate_course_performance manual__2024-12-18T18:47:46.249957+00:00 [queued]>
[2024-12-18T18:52:27.429+0000] {taskinstance.py:2076} INFO - Dependencies all met for dep_context=requeueable deps ti=<TaskInstance: migration_fit_data.aggregate_warehouse.aggregate_course_performance manual__2024-12-18T18:47:46.249957+00:00 [queued]>
[2024-12-18T18:52:27.435+0000] {taskinstance.py:2306} INFO - Starting attempt 1 of 1
[2024-12-18T18:52:27.503+0000] {taskinstance.py:2330} INFO - Executing <Task(PythonOperator): aggregate_warehouse.aggregate_course_performance> on 2024-12-18 18:47:46.249957+00:00
[2024-12-18T18:52:28.821+0000] {warnings.py:110} WARNING - /home/***/.local/lib/python3.12/site-packages/***/task/task_runner/standard_task_runner.py:61: DeprecationWarning: This process (pid=1445) is multi-threaded, use of fork() may lead to deadlocks in the child.
  pid = os.fork()

[2024-12-18T18:52:28.847+0000] {standard_task_runner.py:63} INFO - Started process 1456 to run task
[2024-12-18T18:52:28.843+0000] {standard_task_runner.py:90} INFO - Running: ['***', 'tasks', 'run', 'migration_fit_data', 'aggregate_warehouse.aggregate_course_performance', 'manual__2024-12-18T18:47:46.249957+00:00', '--job-id', '1159', '--raw', '--subdir', 'DAGS_FOLDER/elt_migrate.py', '--cfg-path', '/tmp/tmpmk60sr28']
[2024-12-18T18:52:28.871+0000] {standard_task_runner.py:91} INFO - Job 1159: Subtask aggregate_warehouse.aggregate_course_performance
[2024-12-18T18:52:29.291+0000] {task_command.py:426} INFO - Running <TaskInstance: migration_fit_data.aggregate_warehouse.aggregate_course_performance manual__2024-12-18T18:47:46.249957+00:00 [running]> on host 33a17f71e955
[2024-12-18T18:52:30.131+0000] {taskinstance.py:2648} INFO - Exporting env vars: AIRFLOW_CTX_DAG_OWNER='***' AIRFLOW_CTX_DAG_ID='migration_fit_data' AIRFLOW_CTX_TASK_ID='aggregate_warehouse.aggregate_course_performance' AIRFLOW_CTX_EXECUTION_DATE='2024-12-18T18:47:46.249957+00:00' AIRFLOW_CTX_TRY_NUMBER='1' AIRFLOW_CTX_DAG_RUN_ID='manual__2024-12-18T18:47:46.249957+00:00'
[2024-12-18T18:52:30.132+0000] {taskinstance.py:430} INFO - ::endgroup::
[2024-12-18T18:52:30.240+0000] {hive.py:475} INFO - USE `default`
[2024-12-18T18:52:30.518+0000] {hive.py:475} INFO - CREATE NAMESPACE IF NOT EXISTS iceberg.aggr_warehouse
[2024-12-18T18:52:30.731+0000] {hive.py:475} INFO - DROP TABLE IF EXISTS iceberg.aggr_warehouse.course_performance
[2024-12-18T18:52:30.839+0000] {hive.py:475} INFO - 
    CREATE OR REPLACE TABLE iceberg.aggr_warehouse.course_performance
    USING parquet
    AS
    WITH unique_scores AS (
        SELECT
            c.course_code,
            c.course_name,
            ps.semester_name,
            sf.student_id,
            sf.final_score
        FROM
            iceberg.warehouse.course c
        JOIN iceberg.warehouse.instruction_fact inf 
            ON c.course_id = inf.course_id
        JOIN iceberg.warehouse.program_semester ps 
            ON inf.program_semester_id = ps.program_semester_id
        JOIN iceberg.warehouse.score_fact sf 
            ON sf.instruction_id = inf.instruction_id
        WHERE 
            inf.instruction_status = 'completed'
        GROUP BY
            c.course_code, c.course_name, ps.semester_name, sf.student_id, sf.final_score
    )
    SELECT
        course_code,
        course_name,
        semester_name,
        COUNT (student_id) AS num_students_enrolled,
        SUM(CASE WHEN final_score >= 4 THEN 1 ELSE 0 END) AS num_students_passed,
        (SUM(CASE WHEN final_score >= 4 THEN 1 ELSE 0 END) * 100.0) / COUNT(student_id) AS pass_rate,
        AVG(final_score) AS average_final_score
    FROM
        unique_scores
    GROUP BY
        course_code, course_name, semester_name;
    
[2024-12-18T18:53:11.693+0000] {__init__.py:412} INFO - DELETE /user/hive/warehouse/aggr_warehouse.db/course_performance_parquet recursive=True user.name=default namenode:9870
[2024-12-18T18:53:11.712+0000] {hive.py:475} INFO - 
        DROP TABLE IF EXISTS spark_catalog.aggr_warehouse.course_performance_parquet
    
[2024-12-18T18:53:11.924+0000] {hive.py:475} INFO - 
        CREATE TABLE spark_catalog.aggr_warehouse.course_performance_parquet
        USING parquet
        AS
        SELECT * FROM iceberg.aggr_warehouse.course_performance
    
[2024-12-18T18:53:17.422+0000] {python.py:237} INFO - Done. Returned value was: None
[2024-12-18T18:53:17.425+0000] {taskinstance.py:441} INFO - ::group::Post task execution logs
[2024-12-18T18:53:17.463+0000] {taskinstance.py:1206} INFO - Marking task as SUCCESS. dag_id=migration_fit_data, task_id=aggregate_warehouse.aggregate_course_performance, run_id=manual__2024-12-18T18:47:46.249957+00:00, execution_date=20241218T184746, start_date=20241218T185227, end_date=20241218T185317
[2024-12-18T18:53:17.607+0000] {local_task_job_runner.py:240} INFO - Task exited with return code 0
[2024-12-18T18:53:17.695+0000] {taskinstance.py:3498} INFO - 0 downstream tasks scheduled from follow-on schedule check
[2024-12-18T18:53:17.895+0000] {local_task_job_runner.py:222} INFO - ::endgroup::
