[2024-12-14T11:26:06.403+0000] {local_task_job_runner.py:120} INFO - ::group::Pre task execution logs
[2024-12-14T11:26:06.502+0000] {taskinstance.py:2076} INFO - Dependencies all met for dep_context=non-requeueable deps ti=<TaskInstance: etl_dimention_data.load_staging.create_staging_student manual__2024-12-14T11:25:56.415936+00:00 [queued]>
[2024-12-14T11:26:06.529+0000] {taskinstance.py:2076} INFO - Dependencies all met for dep_context=requeueable deps ti=<TaskInstance: etl_dimention_data.load_staging.create_staging_student manual__2024-12-14T11:25:56.415936+00:00 [queued]>
[2024-12-14T11:26:06.530+0000] {taskinstance.py:2306} INFO - Starting attempt 1 of 1
[2024-12-14T11:26:06.566+0000] {taskinstance.py:2330} INFO - Executing <Task(PythonOperator): load_staging.create_staging_student> on 2024-12-14 11:25:56.415936+00:00
[2024-12-14T11:26:06.611+0000] {standard_task_runner.py:90} INFO - Running: ['***', 'tasks', 'run', 'etl_dimention_data', 'load_staging.create_staging_student', 'manual__2024-12-14T11:25:56.415936+00:00', '--job-id', '140', '--raw', '--subdir', 'DAGS_FOLDER/elt_dimention.py', '--cfg-path', '/tmp/tmppwuwnzkr']
[2024-12-14T11:26:06.615+0000] {standard_task_runner.py:91} INFO - Job 140: Subtask load_staging.create_staging_student
[2024-12-14T11:26:06.602+0000] {warnings.py:110} WARNING - /home/***/.local/lib/python3.12/site-packages/***/task/task_runner/standard_task_runner.py:61: DeprecationWarning: This process (pid=679) is multi-threaded, use of fork() may lead to deadlocks in the child.
  pid = os.fork()

[2024-12-14T11:26:06.616+0000] {standard_task_runner.py:63} INFO - Started process 694 to run task
[2024-12-14T11:26:06.803+0000] {task_command.py:426} INFO - Running <TaskInstance: etl_dimention_data.load_staging.create_staging_student manual__2024-12-14T11:25:56.415936+00:00 [running]> on host 472b63b715e1
[2024-12-14T11:26:07.046+0000] {taskinstance.py:2648} INFO - Exporting env vars: AIRFLOW_CTX_DAG_OWNER='***' AIRFLOW_CTX_DAG_ID='etl_dimention_data' AIRFLOW_CTX_TASK_ID='load_staging.create_staging_student' AIRFLOW_CTX_EXECUTION_DATE='2024-12-14T11:25:56.415936+00:00' AIRFLOW_CTX_TRY_NUMBER='1' AIRFLOW_CTX_DAG_RUN_ID='manual__2024-12-14T11:25:56.415936+00:00'
[2024-12-14T11:26:07.048+0000] {taskinstance.py:430} INFO - ::endgroup::
[2024-12-14T11:26:07.081+0000] {hive.py:475} INFO - USE `default`
[2024-12-14T11:26:07.306+0000] {hive.py:475} INFO - DROP TABLE IF EXISTS default.student
[2024-12-14T11:26:07.802+0000] {hive.py:475} INFO - 
        CREATE TABLE IF NOT EXISTS default.student (
            student_id STRING,student_name STRING,class_name STRING,edu_mail STRING,address_id BIGINT,national_id BIGINT,key_year STRING,gender STRING,student_dob TIMESTAMP   
        )   
        STORED AS PARQUET
        LOCATION '/fit_warehouse/raw/student/*.snappy.parquet'
    
[2024-12-14T11:26:08.195+0000] {hive.py:475} INFO - ANALYZE TABLE default.student COMPUTE STATISTICS
[2024-12-14T11:26:09.828+0000] {python.py:237} INFO - Done. Returned value was: None
[2024-12-14T11:26:09.829+0000] {taskinstance.py:441} INFO - ::group::Post task execution logs
[2024-12-14T11:26:09.842+0000] {taskinstance.py:1206} INFO - Marking task as SUCCESS. dag_id=etl_dimention_data, task_id=load_staging.create_staging_student, run_id=manual__2024-12-14T11:25:56.415936+00:00, execution_date=20241214T112556, start_date=20241214T112606, end_date=20241214T112609
[2024-12-14T11:26:09.902+0000] {local_task_job_runner.py:240} INFO - Task exited with return code 0
[2024-12-14T11:26:09.922+0000] {local_task_job_runner.py:222} INFO - ::endgroup::
