[2024-12-18T18:48:37.410+0000] {local_task_job_runner.py:120} INFO - ::group::Pre task execution logs
[2024-12-18T18:48:37.623+0000] {taskinstance.py:2076} INFO - Dependencies all met for dep_context=non-requeueable deps ti=<TaskInstance: migration_fit_data.load_staging.create_staging_score_detail manual__2024-12-18T18:47:46.249957+00:00 [queued]>
[2024-12-18T18:48:37.736+0000] {taskinstance.py:2076} INFO - Dependencies all met for dep_context=requeueable deps ti=<TaskInstance: migration_fit_data.load_staging.create_staging_score_detail manual__2024-12-18T18:47:46.249957+00:00 [queued]>
[2024-12-18T18:48:37.736+0000] {taskinstance.py:2306} INFO - Starting attempt 1 of 1
[2024-12-18T18:48:37.809+0000] {taskinstance.py:2330} INFO - Executing <Task(PythonOperator): load_staging.create_staging_score_detail> on 2024-12-18 18:47:46.249957+00:00
[2024-12-18T18:48:37.854+0000] {warnings.py:110} WARNING - /home/***/.local/lib/python3.12/site-packages/***/task/task_runner/standard_task_runner.py:61: DeprecationWarning: This process (pid=1280) is multi-threaded, use of fork() may lead to deadlocks in the child.
  pid = os.fork()

[2024-12-18T18:48:37.889+0000] {standard_task_runner.py:63} INFO - Started process 1315 to run task
[2024-12-18T18:48:37.895+0000] {standard_task_runner.py:90} INFO - Running: ['***', 'tasks', 'run', 'migration_fit_data', 'load_staging.create_staging_score_detail', 'manual__2024-12-18T18:47:46.249957+00:00', '--job-id', '1129', '--raw', '--subdir', 'DAGS_FOLDER/elt_migrate.py', '--cfg-path', '/tmp/tmp5kdjgvte']
[2024-12-18T18:48:37.924+0000] {standard_task_runner.py:91} INFO - Job 1129: Subtask load_staging.create_staging_score_detail
[2024-12-18T18:48:38.450+0000] {task_command.py:426} INFO - Running <TaskInstance: migration_fit_data.load_staging.create_staging_score_detail manual__2024-12-18T18:47:46.249957+00:00 [running]> on host 33a17f71e955
[2024-12-18T18:48:39.701+0000] {taskinstance.py:2648} INFO - Exporting env vars: AIRFLOW_CTX_DAG_OWNER='***' AIRFLOW_CTX_DAG_ID='migration_fit_data' AIRFLOW_CTX_TASK_ID='load_staging.create_staging_score_detail' AIRFLOW_CTX_EXECUTION_DATE='2024-12-18T18:47:46.249957+00:00' AIRFLOW_CTX_TRY_NUMBER='1' AIRFLOW_CTX_DAG_RUN_ID='manual__2024-12-18T18:47:46.249957+00:00'
[2024-12-18T18:48:39.702+0000] {taskinstance.py:430} INFO - ::endgroup::
[2024-12-18T18:48:39.841+0000] {hive.py:475} INFO - USE `default`
[2024-12-18T18:48:46.654+0000] {hive.py:475} INFO - DROP TABLE IF EXISTS default.score_detail
[2024-12-18T18:48:50.516+0000] {hive.py:475} INFO - 
        CREATE TABLE IF NOT EXISTS default.score_detail (
            score_detail_id BIGINT,score_id BIGINT,regular_score_1 DOUBLE,regular_score_2 DOUBLE,regular_score_3 DOUBLE,mid_term_score DOUBLE,final_term_score DOUBLE,practice_score_1 DOUBLE,practice_score_2 DOUBLE,practice_score_3 DOUBLE,last_modified_date TIMESTAMP   
        )   
        STORED AS PARQUET
        LOCATION '/fit_warehouse/raw/score_detail/*.snappy.parquet'
    
[2024-12-18T18:48:55.266+0000] {hive.py:475} INFO - ANALYZE TABLE default.score_detail COMPUTE STATISTICS
[2024-12-18T18:49:48.258+0000] {python.py:237} INFO - Done. Returned value was: None
[2024-12-18T18:49:48.258+0000] {taskinstance.py:441} INFO - ::group::Post task execution logs
[2024-12-18T18:49:48.290+0000] {taskinstance.py:1206} INFO - Marking task as SUCCESS. dag_id=migration_fit_data, task_id=load_staging.create_staging_score_detail, run_id=manual__2024-12-18T18:47:46.249957+00:00, execution_date=20241218T184746, start_date=20241218T184837, end_date=20241218T184948
[2024-12-18T18:49:48.399+0000] {local_task_job_runner.py:240} INFO - Task exited with return code 0
[2024-12-18T18:49:48.790+0000] {taskinstance.py:3498} INFO - 0 downstream tasks scheduled from follow-on schedule check
[2024-12-18T18:49:48.798+0000] {local_task_job_runner.py:222} INFO - ::endgroup::
