[2024-12-17T05:31:39.742+0000] {local_task_job_runner.py:120} INFO - ::group::Pre task execution logs
[2024-12-17T05:31:40.045+0000] {taskinstance.py:2076} INFO - Dependencies all met for dep_context=non-requeueable deps ti=<TaskInstance: migration_fit_data.load_staging.create_staging_course manual__2024-12-17T05:30:38.897078+00:00 [queued]>
[2024-12-17T05:31:40.149+0000] {taskinstance.py:2076} INFO - Dependencies all met for dep_context=requeueable deps ti=<TaskInstance: migration_fit_data.load_staging.create_staging_course manual__2024-12-17T05:30:38.897078+00:00 [queued]>
[2024-12-17T05:31:40.149+0000] {taskinstance.py:2306} INFO - Starting attempt 1 of 1
[2024-12-17T05:31:40.536+0000] {taskinstance.py:2330} INFO - Executing <Task(PythonOperator): load_staging.create_staging_course> on 2024-12-17 05:30:38.897078+00:00
[2024-12-17T05:31:40.608+0000] {warnings.py:110} WARNING - /home/***/.local/lib/python3.12/site-packages/***/task/task_runner/standard_task_runner.py:61: DeprecationWarning: This process (pid=38269) is multi-threaded, use of fork() may lead to deadlocks in the child.
  pid = os.fork()

[2024-12-17T05:31:40.618+0000] {standard_task_runner.py:63} INFO - Started process 38304 to run task
[2024-12-17T05:31:40.614+0000] {standard_task_runner.py:90} INFO - Running: ['***', 'tasks', 'run', 'migration_fit_data', 'load_staging.create_staging_course', 'manual__2024-12-17T05:30:38.897078+00:00', '--job-id', '917', '--raw', '--subdir', 'DAGS_FOLDER/elt_migrate.py', '--cfg-path', '/tmp/tmpwdidcrsh']
[2024-12-17T05:31:40.639+0000] {standard_task_runner.py:91} INFO - Job 917: Subtask load_staging.create_staging_course
[2024-12-17T05:31:40.884+0000] {task_command.py:426} INFO - Running <TaskInstance: migration_fit_data.load_staging.create_staging_course manual__2024-12-17T05:30:38.897078+00:00 [running]> on host 2f4e9c743994
[2024-12-17T05:31:41.258+0000] {taskinstance.py:2648} INFO - Exporting env vars: AIRFLOW_CTX_DAG_OWNER='***' AIRFLOW_CTX_DAG_ID='migration_fit_data' AIRFLOW_CTX_TASK_ID='load_staging.create_staging_course' AIRFLOW_CTX_EXECUTION_DATE='2024-12-17T05:30:38.897078+00:00' AIRFLOW_CTX_TRY_NUMBER='1' AIRFLOW_CTX_DAG_RUN_ID='manual__2024-12-17T05:30:38.897078+00:00'
[2024-12-17T05:31:41.271+0000] {taskinstance.py:430} INFO - ::endgroup::
[2024-12-17T05:31:41.397+0000] {hive.py:475} INFO - USE `default`
[2024-12-17T05:31:41.544+0000] {hive.py:475} INFO - DROP TABLE IF EXISTS default.course
[2024-12-17T05:31:41.786+0000] {hive.py:475} INFO - 
        CREATE TABLE IF NOT EXISTS default.course (
            course_id BIGINT,course_name STRING,course_code BIGINT,category STRING,total_credit BIGINT,theory_credit BIGINT,practice_credit BIGINT,self_learning_credit BIGINT   
        )   
        STORED AS PARQUET
        LOCATION '/fit_warehouse/raw/course/*.snappy.parquet'
    
[2024-12-17T05:31:42.037+0000] {hive.py:475} INFO - ANALYZE TABLE default.course COMPUTE STATISTICS
[2024-12-17T05:31:45.112+0000] {python.py:237} INFO - Done. Returned value was: None
[2024-12-17T05:31:45.113+0000] {taskinstance.py:441} INFO - ::group::Post task execution logs
[2024-12-17T05:31:45.152+0000] {taskinstance.py:1206} INFO - Marking task as SUCCESS. dag_id=migration_fit_data, task_id=load_staging.create_staging_course, run_id=manual__2024-12-17T05:30:38.897078+00:00, execution_date=20241217T053038, start_date=20241217T053140, end_date=20241217T053145
[2024-12-17T05:31:45.249+0000] {local_task_job_runner.py:240} INFO - Task exited with return code 0
[2024-12-17T05:31:45.503+0000] {taskinstance.py:3498} INFO - 0 downstream tasks scheduled from follow-on schedule check
[2024-12-17T05:31:45.509+0000] {local_task_job_runner.py:222} INFO - ::endgroup::
