[2024-12-14T10:49:53.637+0000] {local_task_job_runner.py:120} INFO - ::group::Pre task execution logs
[2024-12-14T10:49:53.762+0000] {taskinstance.py:2076} INFO - Dependencies all met for dep_context=non-requeueable deps ti=<TaskInstance: etl_dimention_data.insert_warehouse.insert_dwh_lecturer manual__2024-12-14T10:49:34.305778+00:00 [queued]>
[2024-12-14T10:49:53.825+0000] {taskinstance.py:2076} INFO - Dependencies all met for dep_context=requeueable deps ti=<TaskInstance: etl_dimention_data.insert_warehouse.insert_dwh_lecturer manual__2024-12-14T10:49:34.305778+00:00 [queued]>
[2024-12-14T10:49:53.826+0000] {taskinstance.py:2306} INFO - Starting attempt 1 of 1
[2024-12-14T10:49:53.885+0000] {taskinstance.py:2330} INFO - Executing <Task(PythonOperator): insert_warehouse.insert_dwh_lecturer> on 2024-12-14 10:49:34.305778+00:00
[2024-12-14T10:49:53.920+0000] {standard_task_runner.py:90} INFO - Running: ['***', 'tasks', 'run', 'etl_dimention_data', 'insert_warehouse.insert_dwh_lecturer', 'manual__2024-12-14T10:49:34.305778+00:00', '--job-id', '142', '--raw', '--subdir', 'DAGS_FOLDER/elt_dimention.py', '--cfg-path', '/tmp/tmpnoej3y1v']
[2024-12-14T10:49:53.928+0000] {standard_task_runner.py:91} INFO - Job 142: Subtask insert_warehouse.insert_dwh_lecturer
[2024-12-14T10:49:53.929+0000] {warnings.py:110} WARNING - /home/***/.local/lib/python3.12/site-packages/***/task/task_runner/standard_task_runner.py:61: DeprecationWarning: This process (pid=599) is multi-threaded, use of fork() may lead to deadlocks in the child.
  pid = os.fork()

[2024-12-14T10:49:53.929+0000] {standard_task_runner.py:63} INFO - Started process 614 to run task
[2024-12-14T10:49:54.076+0000] {task_command.py:426} INFO - Running <TaskInstance: etl_dimention_data.insert_warehouse.insert_dwh_lecturer manual__2024-12-14T10:49:34.305778+00:00 [running]> on host 06cbf31e97a5
[2024-12-14T10:49:54.330+0000] {taskinstance.py:2648} INFO - Exporting env vars: AIRFLOW_CTX_DAG_OWNER='***' AIRFLOW_CTX_DAG_ID='etl_dimention_data' AIRFLOW_CTX_TASK_ID='insert_warehouse.insert_dwh_lecturer' AIRFLOW_CTX_EXECUTION_DATE='2024-12-14T10:49:34.305778+00:00' AIRFLOW_CTX_TRY_NUMBER='1' AIRFLOW_CTX_DAG_RUN_ID='manual__2024-12-14T10:49:34.305778+00:00'
[2024-12-14T10:49:54.331+0000] {taskinstance.py:430} INFO - ::endgroup::
[2024-12-14T10:49:54.365+0000] {hive.py:475} INFO - USE `default`
[2024-12-14T10:49:54.577+0000] {hive.py:475} INFO - SELECT COUNT(*) FROM default.lecturer
[2024-12-14T10:49:55.557+0000] {logging_mixin.py:188} INFO - SELECT COUNT(*) FROM default.lecturer --- 0
[2024-12-14T10:49:55.557+0000] {logging_mixin.py:188} INFO - STAGING HAS NO DATA, SKIPPING...
[2024-12-14T10:49:55.557+0000] {python.py:237} INFO - Done. Returned value was: None
[2024-12-14T10:49:55.558+0000] {taskinstance.py:441} INFO - ::group::Post task execution logs
[2024-12-14T10:49:55.585+0000] {taskinstance.py:1206} INFO - Marking task as SUCCESS. dag_id=etl_dimention_data, task_id=insert_warehouse.insert_dwh_lecturer, run_id=manual__2024-12-14T10:49:34.305778+00:00, execution_date=20241214T104934, start_date=20241214T104953, end_date=20241214T104955
[2024-12-14T10:49:55.645+0000] {local_task_job_runner.py:240} INFO - Task exited with return code 0
[2024-12-14T10:49:55.713+0000] {taskinstance.py:3498} INFO - 0 downstream tasks scheduled from follow-on schedule check
[2024-12-14T10:49:55.719+0000] {local_task_job_runner.py:222} INFO - ::endgroup::
