[2024-12-14T10:45:06.184+0000] {local_task_job_runner.py:120} INFO - ::group::Pre task execution logs
[2024-12-14T10:45:06.282+0000] {taskinstance.py:2076} INFO - Dependencies all met for dep_context=non-requeueable deps ti=<TaskInstance: migration_fit_data.insert_warehouse.insert_dwh_program manual__2024-12-14T10:43:58.385775+00:00 [queued]>
[2024-12-14T10:45:06.307+0000] {taskinstance.py:2076} INFO - Dependencies all met for dep_context=requeueable deps ti=<TaskInstance: migration_fit_data.insert_warehouse.insert_dwh_program manual__2024-12-14T10:43:58.385775+00:00 [queued]>
[2024-12-14T10:45:06.309+0000] {taskinstance.py:2306} INFO - Starting attempt 1 of 1
[2024-12-14T10:45:06.356+0000] {taskinstance.py:2330} INFO - Executing <Task(PythonOperator): insert_warehouse.insert_dwh_program> on 2024-12-14 10:43:58.385775+00:00
[2024-12-14T10:45:06.384+0000] {warnings.py:110} WARNING - /home/***/.local/lib/python3.12/site-packages/***/task/task_runner/standard_task_runner.py:61: DeprecationWarning: This process (pid=323) is multi-threaded, use of fork() may lead to deadlocks in the child.
  pid = os.fork()

[2024-12-14T10:45:06.388+0000] {standard_task_runner.py:63} INFO - Started process 346 to run task
[2024-12-14T10:45:06.398+0000] {standard_task_runner.py:90} INFO - Running: ['***', 'tasks', 'run', 'migration_fit_data', 'insert_warehouse.insert_dwh_program', 'manual__2024-12-14T10:43:58.385775+00:00', '--job-id', '68', '--raw', '--subdir', 'DAGS_FOLDER/elt_migrate.py', '--cfg-path', '/tmp/tmpth2_kru6']
[2024-12-14T10:45:06.408+0000] {standard_task_runner.py:91} INFO - Job 68: Subtask insert_warehouse.insert_dwh_program
[2024-12-14T10:45:06.662+0000] {task_command.py:426} INFO - Running <TaskInstance: migration_fit_data.insert_warehouse.insert_dwh_program manual__2024-12-14T10:43:58.385775+00:00 [running]> on host 06cbf31e97a5
[2024-12-14T10:45:07.688+0000] {taskinstance.py:2648} INFO - Exporting env vars: AIRFLOW_CTX_DAG_OWNER='***' AIRFLOW_CTX_DAG_ID='migration_fit_data' AIRFLOW_CTX_TASK_ID='insert_warehouse.insert_dwh_program' AIRFLOW_CTX_EXECUTION_DATE='2024-12-14T10:43:58.385775+00:00' AIRFLOW_CTX_TRY_NUMBER='1' AIRFLOW_CTX_DAG_RUN_ID='manual__2024-12-14T10:43:58.385775+00:00'
[2024-12-14T10:45:07.700+0000] {taskinstance.py:430} INFO - ::endgroup::
[2024-12-14T10:45:07.808+0000] {hive.py:475} INFO - USE `default`
[2024-12-14T10:45:08.322+0000] {hive.py:475} INFO - SELECT COUNT(*) FROM default.program
[2024-12-14T10:45:11.067+0000] {logging_mixin.py:188} INFO - SELECT COUNT(*) FROM default.program --- 1
[2024-12-14T10:45:11.073+0000] {hive.py:475} INFO - 
            MERGE INTO iceberg.warehouse.program t
            USING default.program s
            ON t.program_id=s.program_id
            WHEN MATCHED 
                THEN UPDATE SET 
                t.program_id=s.program_id,t.class_of=s.class_of
            WHEN NOT MATCHED 
                THEN INSERT *
        
[2024-12-14T10:45:33.972+0000] {python.py:237} INFO - Done. Returned value was: None
[2024-12-14T10:45:33.972+0000] {taskinstance.py:441} INFO - ::group::Post task execution logs
[2024-12-14T10:45:34.042+0000] {taskinstance.py:1206} INFO - Marking task as SUCCESS. dag_id=migration_fit_data, task_id=insert_warehouse.insert_dwh_program, run_id=manual__2024-12-14T10:43:58.385775+00:00, execution_date=20241214T104358, start_date=20241214T104506, end_date=20241214T104534
[2024-12-14T10:45:34.110+0000] {local_task_job_runner.py:240} INFO - Task exited with return code 0
[2024-12-14T10:45:34.391+0000] {taskinstance.py:3498} INFO - 0 downstream tasks scheduled from follow-on schedule check
[2024-12-14T10:45:34.406+0000] {local_task_job_runner.py:222} INFO - ::endgroup::
