[2024-12-17T08:42:50.958+0000] {local_task_job_runner.py:120} INFO - ::group::Pre task execution logs
[2024-12-17T08:42:51.010+0000] {taskinstance.py:2076} INFO - Dependencies all met for dep_context=non-requeueable deps ti=<TaskInstance: etl_score_fact_data.aggregate_warehouse.aggregate_student_program_completion manual__2024-12-17T08:42:26.976602+00:00 [queued]>
[2024-12-17T08:42:51.020+0000] {taskinstance.py:2076} INFO - Dependencies all met for dep_context=requeueable deps ti=<TaskInstance: etl_score_fact_data.aggregate_warehouse.aggregate_student_program_completion manual__2024-12-17T08:42:26.976602+00:00 [queued]>
[2024-12-17T08:42:51.020+0000] {taskinstance.py:2306} INFO - Starting attempt 1 of 1
[2024-12-17T08:42:51.042+0000] {taskinstance.py:2330} INFO - Executing <Task(PythonOperator): aggregate_warehouse.aggregate_student_program_completion> on 2024-12-17 08:42:26.976602+00:00
[2024-12-17T08:42:51.071+0000] {warnings.py:110} WARNING - /home/***/.local/lib/python3.12/site-packages/***/task/task_runner/standard_task_runner.py:61: DeprecationWarning: This process (pid=40861) is multi-threaded, use of fork() may lead to deadlocks in the child.
  pid = os.fork()

[2024-12-17T08:42:51.073+0000] {standard_task_runner.py:63} INFO - Started process 40872 to run task
[2024-12-17T08:42:51.084+0000] {standard_task_runner.py:90} INFO - Running: ['***', 'tasks', 'run', 'etl_score_fact_data', 'aggregate_warehouse.aggregate_student_program_completion', 'manual__2024-12-17T08:42:26.976602+00:00', '--job-id', '1001', '--raw', '--subdir', 'DAGS_FOLDER/elt_score_fact.py', '--cfg-path', '/tmp/tmpt0n1bqer']
[2024-12-17T08:42:51.103+0000] {standard_task_runner.py:91} INFO - Job 1001: Subtask aggregate_warehouse.aggregate_student_program_completion
[2024-12-17T08:42:51.345+0000] {task_command.py:426} INFO - Running <TaskInstance: etl_score_fact_data.aggregate_warehouse.aggregate_student_program_completion manual__2024-12-17T08:42:26.976602+00:00 [running]> on host 2f4e9c743994
[2024-12-17T08:42:51.943+0000] {taskinstance.py:2648} INFO - Exporting env vars: AIRFLOW_CTX_DAG_OWNER='***' AIRFLOW_CTX_DAG_ID='etl_score_fact_data' AIRFLOW_CTX_TASK_ID='aggregate_warehouse.aggregate_student_program_completion' AIRFLOW_CTX_EXECUTION_DATE='2024-12-17T08:42:26.976602+00:00' AIRFLOW_CTX_TRY_NUMBER='1' AIRFLOW_CTX_DAG_RUN_ID='manual__2024-12-17T08:42:26.976602+00:00'
[2024-12-17T08:42:51.948+0000] {taskinstance.py:430} INFO - ::endgroup::
[2024-12-17T08:42:51.992+0000] {hive.py:475} INFO - USE `default`
[2024-12-17T08:42:52.039+0000] {hive.py:475} INFO - CREATE NAMESPACE IF NOT EXISTS iceberg.aggr_warehouse
[2024-12-17T08:42:52.130+0000] {hive.py:475} INFO - DROP TABLE IF EXISTS iceberg.aggr_warehouse.student_program_completion
[2024-12-17T08:42:52.231+0000] {hive.py:475} INFO - 
        CREATE OR REPLACE TABLE iceberg.aggr_warehouse.student_program_completion
        USING parquet
        AS
        WITH program_requirements AS (
            SELECT
                ps.program_id,
                SUM(ps.required_credit) AS total_required_credit,
                SUM(ps.elective_credit) AS total_elective_credit
            FROM
                iceberg.warehouse.program_semester ps
            GROUP BY
                ps.program_id
        ),
        student_courses AS (
            SELECT
                s.student_id,
                s.student_name,
                ps.program_id,
                ps.program_semester_id,
                COALESCE(SUM(CASE WHEN c.category = 'required' THEN c.total_credit ELSE 0 END), 0) AS total_required_credit_registered,
                COALESCE(SUM(CASE WHEN c.category = 'elective' THEN c.total_credit ELSE 0 END), 0) AS total_elective_credit_registered,
                COALESCE(SUM(CASE WHEN c.category = 'required' AND sf.final_score >= 4 THEN c.total_credit ELSE 0 END), 0) AS total_required_credit_passed,
                COALESCE(SUM(CASE WHEN c.category = 'elective' AND sf.final_score >= 4 THEN c.total_credit ELSE 0 END), 0) AS total_elective_credit_passed
            FROM
                iceberg.warehouse.student s
            JOIN iceberg.warehouse.enroll_student es ON s.student_id = es.student_id
            JOIN iceberg.warehouse.enrollment_fact ef ON es.enrollment_id = ef.enrollment_id
            JOIN iceberg.warehouse.instruction_fact inf ON ef.instruction_id = inf.instruction_id
            JOIN iceberg.warehouse.program_semester ps ON inf.program_semester_id = ps.program_semester_id
            JOIN iceberg.warehouse.course c ON inf.course_id = c.course_id
            LEFT JOIN iceberg.warehouse.score_fact sf ON sf.instruction_id = inf.instruction_id AND sf.student_id = s.student_id
            GROUP BY
                s.student_id,
                s.student_name,
                ps.program_id,
                ps.program_semester_id
        )
        SELECT
            sc.student_id,
            sc.student_name,
            sc.program_id,
            pr.total_required_credit,
            pr.total_elective_credit,
            SUM(sc.total_required_credit_registered) AS total_required_credit_registered,
            SUM(sc.total_elective_credit_registered) AS total_elective_credit_registered,
            SUM(sc.total_required_credit_passed) AS total_required_credit_passed,
            SUM(sc.total_elective_credit_passed) AS total_elective_credit_passed,
            CASE 
                WHEN SUM(sc.total_required_credit_registered) >= pr.total_required_credit
                     AND SUM(sc.total_elective_credit_registered) >= pr.total_elective_credit
                THEN 'Completed'
                ELSE 'Not Completed'
            END AS completion_status
        FROM
            student_courses sc
        JOIN program_requirements pr ON sc.program_id = pr.program_id
        GROUP BY
            sc.student_id,
            sc.student_name,
            sc.program_id,
            pr.total_required_credit,
            pr.total_elective_credit;
    
[2024-12-17T08:43:07.171+0000] {__init__.py:412} INFO - DELETE /user/hive/warehouse/aggr_warehouse.db/student_program_completion_parquet recursive=True user.name=default namenode:9870
[2024-12-17T08:43:07.207+0000] {hive.py:475} INFO - 
        DROP TABLE IF EXISTS spark_catalog.aggr_warehouse.student_program_completion_parquet
    
[2024-12-17T08:43:07.811+0000] {hive.py:475} INFO - 
        CREATE TABLE spark_catalog.aggr_warehouse.student_program_completion_parquet
        USING parquet
        AS
        SELECT * FROM iceberg.aggr_warehouse.student_program_completion
    
[2024-12-17T08:43:09.049+0000] {python.py:237} INFO - Done. Returned value was: None
[2024-12-17T08:43:09.050+0000] {taskinstance.py:441} INFO - ::group::Post task execution logs
[2024-12-17T08:43:09.072+0000] {taskinstance.py:1206} INFO - Marking task as SUCCESS. dag_id=etl_score_fact_data, task_id=aggregate_warehouse.aggregate_student_program_completion, run_id=manual__2024-12-17T08:42:26.976602+00:00, execution_date=20241217T084226, start_date=20241217T084251, end_date=20241217T084309
[2024-12-17T08:43:09.117+0000] {local_task_job_runner.py:240} INFO - Task exited with return code 0
[2024-12-17T08:43:09.176+0000] {taskinstance.py:3498} INFO - 6 downstream tasks scheduled from follow-on schedule check
[2024-12-17T08:43:09.179+0000] {local_task_job_runner.py:222} INFO - ::endgroup::
