[2024-12-14T10:50:03.109+0000] {local_task_job_runner.py:120} INFO - ::group::Pre task execution logs
[2024-12-14T10:50:03.184+0000] {taskinstance.py:2076} INFO - Dependencies all met for dep_context=non-requeueable deps ti=<TaskInstance: etl_dimention_data.aggregate_warehouse.aggregate_score_distribution manual__2024-12-14T10:49:34.305778+00:00 [queued]>
[2024-12-14T10:50:03.223+0000] {taskinstance.py:2076} INFO - Dependencies all met for dep_context=requeueable deps ti=<TaskInstance: etl_dimention_data.aggregate_warehouse.aggregate_score_distribution manual__2024-12-14T10:49:34.305778+00:00 [queued]>
[2024-12-14T10:50:03.224+0000] {taskinstance.py:2306} INFO - Starting attempt 1 of 1
[2024-12-14T10:50:03.276+0000] {taskinstance.py:2330} INFO - Executing <Task(PythonOperator): aggregate_warehouse.aggregate_score_distribution> on 2024-12-14 10:49:34.305778+00:00
[2024-12-14T10:50:03.297+0000] {warnings.py:110} WARNING - /home/***/.local/lib/python3.12/site-packages/***/task/task_runner/standard_task_runner.py:61: DeprecationWarning: This process (pid=628) is multi-threaded, use of fork() may lead to deadlocks in the child.
  pid = os.fork()

[2024-12-14T10:50:03.301+0000] {standard_task_runner.py:63} INFO - Started process 636 to run task
[2024-12-14T10:50:03.300+0000] {standard_task_runner.py:90} INFO - Running: ['***', 'tasks', 'run', 'etl_dimention_data', 'aggregate_warehouse.aggregate_score_distribution', 'manual__2024-12-14T10:49:34.305778+00:00', '--job-id', '145', '--raw', '--subdir', 'DAGS_FOLDER/elt_dimention.py', '--cfg-path', '/tmp/tmpzo8xsmvq']
[2024-12-14T10:50:03.305+0000] {standard_task_runner.py:91} INFO - Job 145: Subtask aggregate_warehouse.aggregate_score_distribution
[2024-12-14T10:50:03.483+0000] {task_command.py:426} INFO - Running <TaskInstance: etl_dimention_data.aggregate_warehouse.aggregate_score_distribution manual__2024-12-14T10:49:34.305778+00:00 [running]> on host 06cbf31e97a5
[2024-12-14T10:50:04.173+0000] {taskinstance.py:2648} INFO - Exporting env vars: AIRFLOW_CTX_DAG_OWNER='***' AIRFLOW_CTX_DAG_ID='etl_dimention_data' AIRFLOW_CTX_TASK_ID='aggregate_warehouse.aggregate_score_distribution' AIRFLOW_CTX_EXECUTION_DATE='2024-12-14T10:49:34.305778+00:00' AIRFLOW_CTX_TRY_NUMBER='1' AIRFLOW_CTX_DAG_RUN_ID='manual__2024-12-14T10:49:34.305778+00:00'
[2024-12-14T10:50:04.181+0000] {taskinstance.py:430} INFO - ::endgroup::
[2024-12-14T10:50:04.268+0000] {hive.py:475} INFO - USE `default`
[2024-12-14T10:50:04.388+0000] {hive.py:475} INFO - CREATE NAMESPACE IF NOT EXISTS iceberg.aggr_warehouse
[2024-12-14T10:50:04.498+0000] {hive.py:475} INFO - DROP TABLE IF EXISTS iceberg.aggr_warehouse.score_distribution
[2024-12-14T10:50:04.669+0000] {hive.py:475} INFO - 
    CREATE OR REPLACE TABLE iceberg.aggr_warehouse.score_distribution
    USING parquet
    AS
    SELECT
        c.course_id,
        c.course_name,
        ps.semester_name,
        CASE
            WHEN sf.final_score_4 BETWEEN 0 AND 1 THEN '0-1'
            WHEN sf.final_score_4 > 1 AND sf.final_score_4 <= 2 THEN '1-2'
            WHEN sf.final_score_4 > 2 AND sf.final_score_4 <= 3 THEN '2-3'
            WHEN sf.final_score_4 > 3 AND sf.final_score_4 <= 4 THEN '3-4'
            ELSE 'Unknown'
        END AS score_range,
        COUNT(*) AS num_students_in_range
    FROM
        iceberg.warehouse.score_fact sf
    JOIN iceberg.warehouse.instruction_fact inf ON sf.instruction_id = inf.instruction_id
    JOIN iceberg.warehouse.course c ON inf.course_id = c.course_id
    JOIN iceberg.warehouse.program_semester ps ON inf.program_semester_id = ps.program_semester_id
    GROUP BY
        c.course_id,
        c.course_name,
        ps.semester_name,
        score_range;
    
[2024-12-14T10:50:10.900+0000] {__init__.py:412} INFO - DELETE /user/hive/warehouse/aggr_warehouse.db/score_distribution_parquet recursive=True user.name=default namenode:9870
[2024-12-14T10:50:10.981+0000] {hive.py:475} INFO - 
        DROP TABLE IF EXISTS spark_catalog.aggr_warehouse.score_distribution_parquet
    
[2024-12-14T10:50:11.269+0000] {hive.py:475} INFO - 
        CREATE TABLE spark_catalog.aggr_warehouse.score_distribution_parquet
        USING parquet
        AS
        SELECT * FROM iceberg.aggr_warehouse.score_distribution
    
[2024-12-14T10:50:13.174+0000] {python.py:237} INFO - Done. Returned value was: None
[2024-12-14T10:50:13.174+0000] {taskinstance.py:441} INFO - ::group::Post task execution logs
[2024-12-14T10:50:13.185+0000] {taskinstance.py:1206} INFO - Marking task as SUCCESS. dag_id=etl_dimention_data, task_id=aggregate_warehouse.aggregate_score_distribution, run_id=manual__2024-12-14T10:49:34.305778+00:00, execution_date=20241214T104934, start_date=20241214T105003, end_date=20241214T105013
[2024-12-14T10:50:13.239+0000] {local_task_job_runner.py:240} INFO - Task exited with return code 0
[2024-12-14T10:50:13.274+0000] {local_task_job_runner.py:222} INFO - ::endgroup::
