[2024-12-18T18:50:49.134+0000] {local_task_job_runner.py:120} INFO - ::group::Pre task execution logs
[2024-12-18T18:50:49.486+0000] {taskinstance.py:2076} INFO - Dependencies all met for dep_context=non-requeueable deps ti=<TaskInstance: migration_fit_data.insert_warehouse.insert_dwh_address manual__2024-12-18T18:47:46.249957+00:00 [queued]>
[2024-12-18T18:50:49.657+0000] {taskinstance.py:2076} INFO - Dependencies all met for dep_context=requeueable deps ti=<TaskInstance: migration_fit_data.insert_warehouse.insert_dwh_address manual__2024-12-18T18:47:46.249957+00:00 [queued]>
[2024-12-18T18:50:49.664+0000] {taskinstance.py:2306} INFO - Starting attempt 1 of 1
[2024-12-18T18:50:49.974+0000] {taskinstance.py:2330} INFO - Executing <Task(PythonOperator): insert_warehouse.insert_dwh_address> on 2024-12-18 18:47:46.249957+00:00
[2024-12-18T18:50:50.144+0000] {warnings.py:110} WARNING - /home/***/.local/lib/python3.12/site-packages/***/task/task_runner/standard_task_runner.py:61: DeprecationWarning: This process (pid=1386) is multi-threaded, use of fork() may lead to deadlocks in the child.
  pid = os.fork()

[2024-12-18T18:50:50.230+0000] {standard_task_runner.py:63} INFO - Started process 1419 to run task
[2024-12-18T18:50:50.256+0000] {standard_task_runner.py:90} INFO - Running: ['***', 'tasks', 'run', 'migration_fit_data', 'insert_warehouse.insert_dwh_address', 'manual__2024-12-18T18:47:46.249957+00:00', '--job-id', '1148', '--raw', '--subdir', 'DAGS_FOLDER/elt_migrate.py', '--cfg-path', '/tmp/tmpj_rio0e4']
[2024-12-18T18:50:50.327+0000] {standard_task_runner.py:91} INFO - Job 1148: Subtask insert_warehouse.insert_dwh_address
[2024-12-18T18:50:51.056+0000] {task_command.py:426} INFO - Running <TaskInstance: migration_fit_data.insert_warehouse.insert_dwh_address manual__2024-12-18T18:47:46.249957+00:00 [running]> on host 33a17f71e955
[2024-12-18T18:50:52.465+0000] {taskinstance.py:2648} INFO - Exporting env vars: AIRFLOW_CTX_DAG_OWNER='***' AIRFLOW_CTX_DAG_ID='migration_fit_data' AIRFLOW_CTX_TASK_ID='insert_warehouse.insert_dwh_address' AIRFLOW_CTX_EXECUTION_DATE='2024-12-18T18:47:46.249957+00:00' AIRFLOW_CTX_TRY_NUMBER='1' AIRFLOW_CTX_DAG_RUN_ID='manual__2024-12-18T18:47:46.249957+00:00'
[2024-12-18T18:50:52.486+0000] {taskinstance.py:430} INFO - ::endgroup::
[2024-12-18T18:50:52.671+0000] {hive.py:475} INFO - USE `default`
[2024-12-18T18:50:53.562+0000] {hive.py:475} INFO - SELECT COUNT(*) FROM default.address
[2024-12-18T18:51:06.655+0000] {logging_mixin.py:188} INFO - SELECT COUNT(*) FROM default.address --- 5337
[2024-12-18T18:51:06.740+0000] {hive.py:475} INFO - 
            MERGE INTO iceberg.warehouse.address t
            USING default.address s
            ON t.address_id=s.address_id
            WHEN MATCHED 
                THEN UPDATE SET 
                t.address_id=s.address_id,t.ward=s.ward,t.district=s.district,t.city=s.city
            WHEN NOT MATCHED 
                THEN INSERT *
        
[2024-12-18T18:52:16.272+0000] {python.py:237} INFO - Done. Returned value was: None
[2024-12-18T18:52:16.273+0000] {taskinstance.py:441} INFO - ::group::Post task execution logs
[2024-12-18T18:52:16.386+0000] {taskinstance.py:1206} INFO - Marking task as SUCCESS. dag_id=migration_fit_data, task_id=insert_warehouse.insert_dwh_address, run_id=manual__2024-12-18T18:47:46.249957+00:00, execution_date=20241218T184746, start_date=20241218T185049, end_date=20241218T185216
[2024-12-18T18:52:16.677+0000] {local_task_job_runner.py:240} INFO - Task exited with return code 0
[2024-12-18T18:52:16.997+0000] {local_task_job_runner.py:222} INFO - ::endgroup::
