[2024-12-14T16:34:59.078+0000] {local_task_job_runner.py:120} INFO - ::group::Pre task execution logs
[2024-12-14T16:34:59.350+0000] {taskinstance.py:2076} INFO - Dependencies all met for dep_context=non-requeueable deps ti=<TaskInstance: migration_fit_data.get_raw_data.extract_raw_employee manual__2024-12-14T16:34:48.600629+00:00 [queued]>
[2024-12-14T16:34:59.435+0000] {taskinstance.py:2076} INFO - Dependencies all met for dep_context=requeueable deps ti=<TaskInstance: migration_fit_data.get_raw_data.extract_raw_employee manual__2024-12-14T16:34:48.600629+00:00 [queued]>
[2024-12-14T16:34:59.436+0000] {taskinstance.py:2306} INFO - Starting attempt 1 of 1
[2024-12-14T16:34:59.616+0000] {taskinstance.py:2330} INFO - Executing <Task(PythonOperator): get_raw_data.extract_raw_employee> on 2024-12-14 16:34:48.600629+00:00
[2024-12-14T16:34:59.735+0000] {warnings.py:110} WARNING - /home/***/.local/lib/python3.12/site-packages/***/task/task_runner/standard_task_runner.py:61: DeprecationWarning: This process (pid=4775) is multi-threaded, use of fork() may lead to deadlocks in the child.
  pid = os.fork()

[2024-12-14T16:34:59.753+0000] {standard_task_runner.py:63} INFO - Started process 4816 to run task
[2024-12-14T16:34:59.749+0000] {standard_task_runner.py:90} INFO - Running: ['***', 'tasks', 'run', 'migration_fit_data', 'get_raw_data.extract_raw_employee', 'manual__2024-12-14T16:34:48.600629+00:00', '--job-id', '227', '--raw', '--subdir', 'DAGS_FOLDER/elt_migrate.py', '--cfg-path', '/tmp/tmp38mkcb_b']
[2024-12-14T16:34:59.870+0000] {standard_task_runner.py:91} INFO - Job 227: Subtask get_raw_data.extract_raw_employee
[2024-12-14T16:35:00.700+0000] {task_command.py:426} INFO - Running <TaskInstance: migration_fit_data.get_raw_data.extract_raw_employee manual__2024-12-14T16:34:48.600629+00:00 [running]> on host 472b63b715e1
[2024-12-14T16:35:02.039+0000] {taskinstance.py:2648} INFO - Exporting env vars: AIRFLOW_CTX_DAG_OWNER='***' AIRFLOW_CTX_DAG_ID='migration_fit_data' AIRFLOW_CTX_TASK_ID='get_raw_data.extract_raw_employee' AIRFLOW_CTX_EXECUTION_DATE='2024-12-14T16:34:48.600629+00:00' AIRFLOW_CTX_TRY_NUMBER='1' AIRFLOW_CTX_DAG_RUN_ID='manual__2024-12-14T16:34:48.600629+00:00'
[2024-12-14T16:35:02.042+0000] {taskinstance.py:430} INFO - ::endgroup::
[2024-12-14T16:35:04.352+0000] {__init__.py:412} INFO - DELETE /fit_warehouse/raw/employee/ recursive=True user.name=default namenode:9870
[2024-12-14T16:35:04.385+0000] {__init__.py:412} INFO - GETFILESTATUS /fit_warehouse/raw/employee/ user.name=default namenode:9870
[2024-12-14T16:35:04.412+0000] {__init__.py:412} INFO - MKDIRS /fit_warehouse/raw/employee/ user.name=default namenode:9870
[2024-12-14T16:35:04.432+0000] {__init__.py:412} INFO - CREATE /fit_warehouse/raw/employee/employee_01.snappy.parquet overwrite=True async_=True user.name=default namenode:9870
[2024-12-14T16:35:04.533+0000] {python.py:237} INFO - Done. Returned value was: None
[2024-12-14T16:35:04.536+0000] {taskinstance.py:441} INFO - ::group::Post task execution logs
[2024-12-14T16:35:04.620+0000] {taskinstance.py:1206} INFO - Marking task as SUCCESS. dag_id=migration_fit_data, task_id=get_raw_data.extract_raw_employee, run_id=manual__2024-12-14T16:34:48.600629+00:00, execution_date=20241214T163448, start_date=20241214T163459, end_date=20241214T163504
[2024-12-14T16:35:04.793+0000] {local_task_job_runner.py:240} INFO - Task exited with return code 0
[2024-12-14T16:35:04.818+0000] {local_task_job_runner.py:222} INFO - ::endgroup::
