[2024-12-16T14:34:35.793+0000] {local_task_job_runner.py:120} INFO - ::group::Pre task execution logs
[2024-12-16T14:34:35.827+0000] {taskinstance.py:2076} INFO - Dependencies all met for dep_context=non-requeueable deps ti=<TaskInstance: migration_fit_data.load_staging.create_staging_student manual__2024-12-16T14:32:53.829690+00:00 [queued]>
[2024-12-16T14:34:35.843+0000] {taskinstance.py:2076} INFO - Dependencies all met for dep_context=requeueable deps ti=<TaskInstance: migration_fit_data.load_staging.create_staging_student manual__2024-12-16T14:32:53.829690+00:00 [queued]>
[2024-12-16T14:34:35.843+0000] {taskinstance.py:2306} INFO - Starting attempt 1 of 1
[2024-12-16T14:34:35.857+0000] {taskinstance.py:2330} INFO - Executing <Task(PythonOperator): load_staging.create_staging_student> on 2024-12-16 14:32:53.829690+00:00
[2024-12-16T14:34:35.866+0000] {warnings.py:110} WARNING - /home/***/.local/lib/python3.12/site-packages/***/task/task_runner/standard_task_runner.py:61: DeprecationWarning: This process (pid=26021) is multi-threaded, use of fork() may lead to deadlocks in the child.
  pid = os.fork()

[2024-12-16T14:34:35.867+0000] {standard_task_runner.py:63} INFO - Started process 26062 to run task
[2024-12-16T14:34:35.870+0000] {standard_task_runner.py:90} INFO - Running: ['***', 'tasks', 'run', 'migration_fit_data', 'load_staging.create_staging_student', 'manual__2024-12-16T14:32:53.829690+00:00', '--job-id', '547', '--raw', '--subdir', 'DAGS_FOLDER/elt_migrate.py', '--cfg-path', '/tmp/tmpdagv95nz']
[2024-12-16T14:34:35.873+0000] {standard_task_runner.py:91} INFO - Job 547: Subtask load_staging.create_staging_student
[2024-12-16T14:34:35.939+0000] {task_command.py:426} INFO - Running <TaskInstance: migration_fit_data.load_staging.create_staging_student manual__2024-12-16T14:32:53.829690+00:00 [running]> on host 2f4e9c743994
[2024-12-16T14:34:36.117+0000] {taskinstance.py:2648} INFO - Exporting env vars: AIRFLOW_CTX_DAG_OWNER='***' AIRFLOW_CTX_DAG_ID='migration_fit_data' AIRFLOW_CTX_TASK_ID='load_staging.create_staging_student' AIRFLOW_CTX_EXECUTION_DATE='2024-12-16T14:32:53.829690+00:00' AIRFLOW_CTX_TRY_NUMBER='1' AIRFLOW_CTX_DAG_RUN_ID='manual__2024-12-16T14:32:53.829690+00:00'
[2024-12-16T14:34:36.118+0000] {taskinstance.py:430} INFO - ::endgroup::
[2024-12-16T14:34:36.154+0000] {hive.py:475} INFO - USE `default`
[2024-12-16T14:34:36.288+0000] {hive.py:475} INFO - DROP TABLE IF EXISTS default.student
[2024-12-16T14:34:36.413+0000] {hive.py:475} INFO - 
        CREATE TABLE IF NOT EXISTS default.student (
            student_id STRING,student_name STRING,class_name STRING,edu_mail STRING,address_id BIGINT,national_id BIGINT,key_year STRING,gender STRING,student_dob TIMESTAMP   
        )   
        STORED AS PARQUET
        LOCATION '/fit_warehouse/raw/student/*.snappy.parquet'
    
[2024-12-16T14:34:37.047+0000] {hive.py:475} INFO - ANALYZE TABLE default.student COMPUTE STATISTICS
[2024-12-16T14:34:39.310+0000] {python.py:237} INFO - Done. Returned value was: None
[2024-12-16T14:34:39.316+0000] {taskinstance.py:441} INFO - ::group::Post task execution logs
[2024-12-16T14:34:39.331+0000] {taskinstance.py:1206} INFO - Marking task as SUCCESS. dag_id=migration_fit_data, task_id=load_staging.create_staging_student, run_id=manual__2024-12-16T14:32:53.829690+00:00, execution_date=20241216T143253, start_date=20241216T143435, end_date=20241216T143439
[2024-12-16T14:34:39.392+0000] {local_task_job_runner.py:240} INFO - Task exited with return code 0
[2024-12-16T14:34:39.497+0000] {taskinstance.py:3498} INFO - 0 downstream tasks scheduled from follow-on schedule check
[2024-12-16T14:34:39.500+0000] {local_task_job_runner.py:222} INFO - ::endgroup::
