[2024-12-13T21:28:32.784+0000] {local_task_job_runner.py:120} INFO - ::group::Pre task execution logs
[2024-12-13T21:28:32.808+0000] {taskinstance.py:2076} INFO - Dependencies all met for dep_context=non-requeueable deps ti=<TaskInstance: etl_score_fact_data.insert_warehouse.insert_dwh_score_fact manual__2024-12-13T21:28:24.092231+00:00 [queued]>
[2024-12-13T21:28:32.819+0000] {taskinstance.py:2076} INFO - Dependencies all met for dep_context=requeueable deps ti=<TaskInstance: etl_score_fact_data.insert_warehouse.insert_dwh_score_fact manual__2024-12-13T21:28:24.092231+00:00 [queued]>
[2024-12-13T21:28:32.819+0000] {taskinstance.py:2306} INFO - Starting attempt 1 of 1
[2024-12-13T21:28:32.831+0000] {taskinstance.py:2330} INFO - Executing <Task(PythonOperator): insert_warehouse.insert_dwh_score_fact> on 2024-12-13 21:28:24.092231+00:00
[2024-12-13T21:28:32.843+0000] {warnings.py:110} WARNING - /home/***/.local/lib/python3.12/site-packages/***/task/task_runner/standard_task_runner.py:61: DeprecationWarning: This process (pid=7519) is multi-threaded, use of fork() may lead to deadlocks in the child.
  pid = os.fork()

[2024-12-13T21:28:32.844+0000] {standard_task_runner.py:63} INFO - Started process 7523 to run task
[2024-12-13T21:28:32.849+0000] {standard_task_runner.py:90} INFO - Running: ['***', 'tasks', 'run', 'etl_score_fact_data', 'insert_warehouse.insert_dwh_score_fact', 'manual__2024-12-13T21:28:24.092231+00:00', '--job-id', '1003', '--raw', '--subdir', 'DAGS_FOLDER/elt_score_fact.py', '--cfg-path', '/tmp/tmpqotb7gaf']
[2024-12-13T21:28:32.853+0000] {standard_task_runner.py:91} INFO - Job 1003: Subtask insert_warehouse.insert_dwh_score_fact
[2024-12-13T21:28:32.900+0000] {task_command.py:426} INFO - Running <TaskInstance: etl_score_fact_data.insert_warehouse.insert_dwh_score_fact manual__2024-12-13T21:28:24.092231+00:00 [running]> on host 1fe973f28a1c
[2024-12-13T21:28:32.994+0000] {taskinstance.py:2648} INFO - Exporting env vars: AIRFLOW_CTX_DAG_OWNER='***' AIRFLOW_CTX_DAG_ID='etl_score_fact_data' AIRFLOW_CTX_TASK_ID='insert_warehouse.insert_dwh_score_fact' AIRFLOW_CTX_EXECUTION_DATE='2024-12-13T21:28:24.092231+00:00' AIRFLOW_CTX_TRY_NUMBER='1' AIRFLOW_CTX_DAG_RUN_ID='manual__2024-12-13T21:28:24.092231+00:00'
[2024-12-13T21:28:32.995+0000] {taskinstance.py:430} INFO - ::endgroup::
[2024-12-13T21:28:33.010+0000] {hive.py:475} INFO - USE `default`
[2024-12-13T21:28:33.033+0000] {hive.py:475} INFO - SELECT COUNT(*) FROM default.score_fact
[2024-12-13T21:28:33.197+0000] {logging_mixin.py:188} INFO - SELECT COUNT(*) FROM default.score_fact --- 0
[2024-12-13T21:28:33.197+0000] {logging_mixin.py:188} INFO - STAGING HAS NO DATA, SKIPPING...
[2024-12-13T21:28:33.198+0000] {python.py:237} INFO - Done. Returned value was: None
[2024-12-13T21:28:33.198+0000] {taskinstance.py:441} INFO - ::group::Post task execution logs
[2024-12-13T21:28:33.235+0000] {taskinstance.py:1206} INFO - Marking task as SUCCESS. dag_id=etl_score_fact_data, task_id=insert_warehouse.insert_dwh_score_fact, run_id=manual__2024-12-13T21:28:24.092231+00:00, execution_date=20241213T212824, start_date=20241213T212832, end_date=20241213T212833
[2024-12-13T21:28:33.262+0000] {local_task_job_runner.py:240} INFO - Task exited with return code 0
[2024-12-13T21:28:33.276+0000] {local_task_job_runner.py:222} INFO - ::endgroup::
