[2024-12-17T05:55:18.400+0000] {local_task_job_runner.py:120} INFO - ::group::Pre task execution logs
[2024-12-17T05:55:18.461+0000] {taskinstance.py:2076} INFO - Dependencies all met for dep_context=non-requeueable deps ti=<TaskInstance: etl_score_fact_data.get_raw_data.extract_raw_score_detail manual__2024-12-17T05:55:15.736211+00:00 [queued]>
[2024-12-17T05:55:18.481+0000] {taskinstance.py:2076} INFO - Dependencies all met for dep_context=requeueable deps ti=<TaskInstance: etl_score_fact_data.get_raw_data.extract_raw_score_detail manual__2024-12-17T05:55:15.736211+00:00 [queued]>
[2024-12-17T05:55:18.481+0000] {taskinstance.py:2306} INFO - Starting attempt 1 of 1
[2024-12-17T05:55:18.513+0000] {taskinstance.py:2330} INFO - Executing <Task(PythonOperator): get_raw_data.extract_raw_score_detail> on 2024-12-17 05:55:15.736211+00:00
[2024-12-17T05:55:18.537+0000] {warnings.py:110} WARNING - /home/***/.local/lib/python3.12/site-packages/***/task/task_runner/standard_task_runner.py:61: DeprecationWarning: This process (pid=38694) is multi-threaded, use of fork() may lead to deadlocks in the child.
  pid = os.fork()

[2024-12-17T05:55:18.544+0000] {standard_task_runner.py:63} INFO - Started process 38697 to run task
[2024-12-17T05:55:18.545+0000] {standard_task_runner.py:90} INFO - Running: ['***', 'tasks', 'run', 'etl_score_fact_data', 'get_raw_data.extract_raw_score_detail', 'manual__2024-12-17T05:55:15.736211+00:00', '--job-id', '958', '--raw', '--subdir', 'DAGS_FOLDER/elt_score_fact.py', '--cfg-path', '/tmp/tmp_piowc5q']
[2024-12-17T05:55:18.553+0000] {standard_task_runner.py:91} INFO - Job 958: Subtask get_raw_data.extract_raw_score_detail
[2024-12-17T05:55:18.697+0000] {task_command.py:426} INFO - Running <TaskInstance: etl_score_fact_data.get_raw_data.extract_raw_score_detail manual__2024-12-17T05:55:15.736211+00:00 [running]> on host 2f4e9c743994
[2024-12-17T05:55:18.882+0000] {taskinstance.py:2648} INFO - Exporting env vars: AIRFLOW_CTX_DAG_OWNER='***' AIRFLOW_CTX_DAG_ID='etl_score_fact_data' AIRFLOW_CTX_TASK_ID='get_raw_data.extract_raw_score_detail' AIRFLOW_CTX_EXECUTION_DATE='2024-12-17T05:55:15.736211+00:00' AIRFLOW_CTX_TRY_NUMBER='1' AIRFLOW_CTX_DAG_RUN_ID='manual__2024-12-17T05:55:15.736211+00:00'
[2024-12-17T05:55:18.884+0000] {taskinstance.py:430} INFO - ::endgroup::
[2024-12-17T05:55:21.457+0000] {__init__.py:412} INFO - DELETE /fit_warehouse/raw/score_detail/ recursive=True user.name=default namenode:9870
[2024-12-17T05:55:21.477+0000] {__init__.py:412} INFO - GETFILESTATUS /fit_warehouse/raw/score_detail/ user.name=default namenode:9870
[2024-12-17T05:55:21.490+0000] {__init__.py:412} INFO - MKDIRS /fit_warehouse/raw/score_detail/ user.name=default namenode:9870
[2024-12-17T05:55:21.506+0000] {__init__.py:412} INFO - CREATE /fit_warehouse/raw/score_detail/score_detail_01.snappy.parquet overwrite=True async_=True user.name=default namenode:9870
[2024-12-17T05:55:22.061+0000] {python.py:237} INFO - Done. Returned value was: None
[2024-12-17T05:55:22.062+0000] {taskinstance.py:441} INFO - ::group::Post task execution logs
[2024-12-17T05:55:22.070+0000] {taskinstance.py:1206} INFO - Marking task as SUCCESS. dag_id=etl_score_fact_data, task_id=get_raw_data.extract_raw_score_detail, run_id=manual__2024-12-17T05:55:15.736211+00:00, execution_date=20241217T055515, start_date=20241217T055518, end_date=20241217T055522
[2024-12-17T05:55:22.106+0000] {local_task_job_runner.py:240} INFO - Task exited with return code 0
[2024-12-17T05:55:22.198+0000] {taskinstance.py:3498} INFO - 2 downstream tasks scheduled from follow-on schedule check
[2024-12-17T05:55:22.200+0000] {local_task_job_runner.py:222} INFO - ::endgroup::
