[2024-12-13T20:37:44.299+0000] {local_task_job_runner.py:120} INFO - ::group::Pre task execution logs
[2024-12-13T20:37:44.358+0000] {taskinstance.py:2076} INFO - Dependencies all met for dep_context=non-requeueable deps ti=<TaskInstance: migration_fit_data.load_staging.create_staging_lecturer manual__2024-12-13T20:37:24.752456+00:00 [queued]>
[2024-12-13T20:37:44.391+0000] {taskinstance.py:2076} INFO - Dependencies all met for dep_context=requeueable deps ti=<TaskInstance: migration_fit_data.load_staging.create_staging_lecturer manual__2024-12-13T20:37:24.752456+00:00 [queued]>
[2024-12-13T20:37:44.392+0000] {taskinstance.py:2306} INFO - Starting attempt 1 of 1
[2024-12-13T20:37:44.447+0000] {taskinstance.py:2330} INFO - Executing <Task(PythonOperator): load_staging.create_staging_lecturer> on 2024-12-13 20:37:24.752456+00:00
[2024-12-13T20:37:44.483+0000] {warnings.py:110} WARNING - /home/***/.local/lib/python3.12/site-packages/***/task/task_runner/standard_task_runner.py:61: DeprecationWarning: This process (pid=6087) is multi-threaded, use of fork() may lead to deadlocks in the child.
  pid = os.fork()

[2024-12-13T20:37:44.494+0000] {standard_task_runner.py:63} INFO - Started process 6113 to run task
[2024-12-13T20:37:44.498+0000] {standard_task_runner.py:90} INFO - Running: ['***', 'tasks', 'run', 'migration_fit_data', 'load_staging.create_staging_lecturer', 'manual__2024-12-13T20:37:24.752456+00:00', '--job-id', '714', '--raw', '--subdir', 'DAGS_FOLDER/elt_migrate.py', '--cfg-path', '/tmp/tmpdn598qrv']
[2024-12-13T20:37:44.508+0000] {standard_task_runner.py:91} INFO - Job 714: Subtask load_staging.create_staging_lecturer
[2024-12-13T20:37:45.126+0000] {task_command.py:426} INFO - Running <TaskInstance: migration_fit_data.load_staging.create_staging_lecturer manual__2024-12-13T20:37:24.752456+00:00 [running]> on host 1fe973f28a1c
[2024-12-13T20:37:45.946+0000] {taskinstance.py:2648} INFO - Exporting env vars: AIRFLOW_CTX_DAG_OWNER='***' AIRFLOW_CTX_DAG_ID='migration_fit_data' AIRFLOW_CTX_TASK_ID='load_staging.create_staging_lecturer' AIRFLOW_CTX_EXECUTION_DATE='2024-12-13T20:37:24.752456+00:00' AIRFLOW_CTX_TRY_NUMBER='1' AIRFLOW_CTX_DAG_RUN_ID='manual__2024-12-13T20:37:24.752456+00:00'
[2024-12-13T20:37:45.950+0000] {taskinstance.py:430} INFO - ::endgroup::
[2024-12-13T20:37:46.004+0000] {hive.py:475} INFO - USE `default`
[2024-12-13T20:37:46.032+0000] {hive.py:475} INFO - DROP TABLE IF EXISTS default.lecturer
[2024-12-13T20:37:46.136+0000] {hive.py:475} INFO - 
        CREATE TABLE IF NOT EXISTS default.lecturer (
            lecturer_id BIGINT,employee_id BIGINT,academic_title STRING,academic_title_date TIMESTAMP,degree STRING,degree_issue_date TIMESTAMP,degree_issue_place STRING,major STRING,department STRING,number_of_exp BIGINT   
        )   
        STORED AS PARQUET
        LOCATION '/fit_warehouse/raw/lecturer/*.snappy.parquet'
    
[2024-12-13T20:37:46.174+0000] {hive.py:475} INFO - ANALYZE TABLE default.lecturer COMPUTE STATISTICS
[2024-12-13T20:37:46.406+0000] {python.py:237} INFO - Done. Returned value was: None
[2024-12-13T20:37:46.407+0000] {taskinstance.py:441} INFO - ::group::Post task execution logs
[2024-12-13T20:37:46.448+0000] {taskinstance.py:1206} INFO - Marking task as SUCCESS. dag_id=migration_fit_data, task_id=load_staging.create_staging_lecturer, run_id=manual__2024-12-13T20:37:24.752456+00:00, execution_date=20241213T203724, start_date=20241213T203744, end_date=20241213T203746
[2024-12-13T20:37:46.563+0000] {local_task_job_runner.py:240} INFO - Task exited with return code 0
[2024-12-13T20:37:47.040+0000] {taskinstance.py:3498} INFO - 0 downstream tasks scheduled from follow-on schedule check
[2024-12-13T20:37:47.045+0000] {local_task_job_runner.py:222} INFO - ::endgroup::
