[2024-12-19T04:39:36.610+0000] {local_task_job_runner.py:120} INFO - ::group::Pre task execution logs
[2024-12-19T04:39:36.661+0000] {taskinstance.py:2076} INFO - Dependencies all met for dep_context=non-requeueable deps ti=<TaskInstance: migration_fit_data.load_staging.create_staging_score_fact manual__2024-12-19T04:38:13.996676+00:00 [queued]>
[2024-12-19T04:39:36.679+0000] {taskinstance.py:2076} INFO - Dependencies all met for dep_context=requeueable deps ti=<TaskInstance: migration_fit_data.load_staging.create_staging_score_fact manual__2024-12-19T04:38:13.996676+00:00 [queued]>
[2024-12-19T04:39:36.679+0000] {taskinstance.py:2306} INFO - Starting attempt 1 of 1
[2024-12-19T04:39:36.704+0000] {taskinstance.py:2330} INFO - Executing <Task(PythonOperator): load_staging.create_staging_score_fact> on 2024-12-19 04:38:13.996676+00:00
[2024-12-19T04:39:36.719+0000] {warnings.py:110} WARNING - /home/***/.local/lib/python3.12/site-packages/***/task/task_runner/standard_task_runner.py:61: DeprecationWarning: This process (pid=8998) is multi-threaded, use of fork() may lead to deadlocks in the child.
  pid = os.fork()

[2024-12-19T04:39:36.722+0000] {standard_task_runner.py:63} INFO - Started process 9037 to run task
[2024-12-19T04:39:36.726+0000] {standard_task_runner.py:90} INFO - Running: ['***', 'tasks', 'run', 'migration_fit_data', 'load_staging.create_staging_score_fact', 'manual__2024-12-19T04:38:13.996676+00:00', '--job-id', '1342', '--raw', '--subdir', 'DAGS_FOLDER/elt_migrate.py', '--cfg-path', '/tmp/tmpovylrmbx']
[2024-12-19T04:39:36.735+0000] {standard_task_runner.py:91} INFO - Job 1342: Subtask load_staging.create_staging_score_fact
[2024-12-19T04:39:36.891+0000] {task_command.py:426} INFO - Running <TaskInstance: migration_fit_data.load_staging.create_staging_score_fact manual__2024-12-19T04:38:13.996676+00:00 [running]> on host 33a17f71e955
[2024-12-19T04:39:37.108+0000] {taskinstance.py:2648} INFO - Exporting env vars: AIRFLOW_CTX_DAG_OWNER='***' AIRFLOW_CTX_DAG_ID='migration_fit_data' AIRFLOW_CTX_TASK_ID='load_staging.create_staging_score_fact' AIRFLOW_CTX_EXECUTION_DATE='2024-12-19T04:38:13.996676+00:00' AIRFLOW_CTX_TRY_NUMBER='1' AIRFLOW_CTX_DAG_RUN_ID='manual__2024-12-19T04:38:13.996676+00:00'
[2024-12-19T04:39:37.109+0000] {taskinstance.py:430} INFO - ::endgroup::
[2024-12-19T04:39:37.175+0000] {hive.py:475} INFO - USE `default`
[2024-12-19T04:39:37.338+0000] {hive.py:475} INFO - DROP TABLE IF EXISTS default.score_fact
[2024-12-19T04:39:37.785+0000] {hive.py:475} INFO - 
        CREATE TABLE IF NOT EXISTS default.score_fact (
            score_id BIGINT,instruction_id BIGINT,student_id STRING,final_score DOUBLE,final_score_4 DOUBLE,academic_rank STRING,is_practice BOOLEAN,last_modified_date TIMESTAMP,etl_date TIMESTAMP   
        )   
        STORED AS PARQUET
        LOCATION '/fit_warehouse/raw/score_fact/*.snappy.parquet'
    
[2024-12-19T04:39:38.061+0000] {hive.py:475} INFO - ANALYZE TABLE default.score_fact COMPUTE STATISTICS
[2024-12-19T04:39:39.332+0000] {python.py:237} INFO - Done. Returned value was: None
[2024-12-19T04:39:39.333+0000] {taskinstance.py:441} INFO - ::group::Post task execution logs
[2024-12-19T04:39:39.435+0000] {taskinstance.py:1206} INFO - Marking task as SUCCESS. dag_id=migration_fit_data, task_id=load_staging.create_staging_score_fact, run_id=manual__2024-12-19T04:38:13.996676+00:00, execution_date=20241219T043813, start_date=20241219T043936, end_date=20241219T043939
[2024-12-19T04:39:39.578+0000] {local_task_job_runner.py:240} INFO - Task exited with return code 0
[2024-12-19T04:39:39.636+0000] {local_task_job_runner.py:222} INFO - ::endgroup::
