[2024-12-13T16:36:13.223+0000] {local_task_job_runner.py:120} INFO - ::group::Pre task execution logs
[2024-12-13T16:36:13.498+0000] {taskinstance.py:2076} INFO - Dependencies all met for dep_context=non-requeueable deps ti=<TaskInstance: migration_fit_data.load_staging.create_staging_program_semester manual__2024-12-13T16:35:52.085812+00:00 [queued]>
[2024-12-13T16:36:13.507+0000] {taskinstance.py:2076} INFO - Dependencies all met for dep_context=requeueable deps ti=<TaskInstance: migration_fit_data.load_staging.create_staging_program_semester manual__2024-12-13T16:35:52.085812+00:00 [queued]>
[2024-12-13T16:36:13.507+0000] {taskinstance.py:2306} INFO - Starting attempt 1 of 1
[2024-12-13T16:36:13.520+0000] {taskinstance.py:2330} INFO - Executing <Task(PythonOperator): load_staging.create_staging_program_semester> on 2024-12-13 16:35:52.085812+00:00
[2024-12-13T16:36:13.607+0000] {warnings.py:110} WARNING - /home/***/.local/lib/python3.12/site-packages/***/task/task_runner/standard_task_runner.py:61: DeprecationWarning: This process (pid=1810) is multi-threaded, use of fork() may lead to deadlocks in the child.
  pid = os.fork()

[2024-12-13T16:36:13.656+0000] {standard_task_runner.py:63} INFO - Started process 1839 to run task
[2024-12-13T16:36:13.666+0000] {standard_task_runner.py:90} INFO - Running: ['***', 'tasks', 'run', 'migration_fit_data', 'load_staging.create_staging_program_semester', 'manual__2024-12-13T16:35:52.085812+00:00', '--job-id', '305', '--raw', '--subdir', 'DAGS_FOLDER/elt_migrate.py', '--cfg-path', '/tmp/tmpavmth_5e']
[2024-12-13T16:36:13.713+0000] {standard_task_runner.py:91} INFO - Job 305: Subtask load_staging.create_staging_program_semester
[2024-12-13T16:36:14.057+0000] {task_command.py:426} INFO - Running <TaskInstance: migration_fit_data.load_staging.create_staging_program_semester manual__2024-12-13T16:35:52.085812+00:00 [running]> on host 1fe973f28a1c
[2024-12-13T16:36:14.360+0000] {taskinstance.py:2648} INFO - Exporting env vars: AIRFLOW_CTX_DAG_OWNER='***' AIRFLOW_CTX_DAG_ID='migration_fit_data' AIRFLOW_CTX_TASK_ID='load_staging.create_staging_program_semester' AIRFLOW_CTX_EXECUTION_DATE='2024-12-13T16:35:52.085812+00:00' AIRFLOW_CTX_TRY_NUMBER='1' AIRFLOW_CTX_DAG_RUN_ID='manual__2024-12-13T16:35:52.085812+00:00'
[2024-12-13T16:36:14.362+0000] {taskinstance.py:430} INFO - ::endgroup::
[2024-12-13T16:36:14.394+0000] {hive.py:475} INFO - USE `default`
[2024-12-13T16:36:14.534+0000] {hive.py:475} INFO - DROP TABLE IF EXISTS default.program_semester
[2024-12-13T16:36:15.746+0000] {hive.py:475} INFO - 
        CREATE TABLE IF NOT EXISTS default.program_semester (
            program_semester_id STRING,program_id STRING,semester_name STRING,total_credit BIGINT,required_credit BIGINT,elective_credit BIGINT   
        )   
        STORED AS PARQUET
        LOCATION '/fit_warehouse/raw/program_semester/*.snappy.parquet'
    
[2024-12-13T16:36:16.151+0000] {hive.py:475} INFO - ANALYZE TABLE default.program_semester COMPUTE STATISTICS
[2024-12-13T16:36:17.902+0000] {python.py:237} INFO - Done. Returned value was: None
[2024-12-13T16:36:17.903+0000] {taskinstance.py:441} INFO - ::group::Post task execution logs
[2024-12-13T16:36:17.937+0000] {taskinstance.py:1206} INFO - Marking task as SUCCESS. dag_id=migration_fit_data, task_id=load_staging.create_staging_program_semester, run_id=manual__2024-12-13T16:35:52.085812+00:00, execution_date=20241213T163552, start_date=20241213T163613, end_date=20241213T163617
[2024-12-13T16:36:18.025+0000] {local_task_job_runner.py:240} INFO - Task exited with return code 0
[2024-12-13T16:36:18.050+0000] {local_task_job_runner.py:222} INFO - ::endgroup::
