[2024-12-19T04:40:43.957+0000] {local_task_job_runner.py:120} INFO - ::group::Pre task execution logs
[2024-12-19T04:40:44.896+0000] {taskinstance.py:2076} INFO - Dependencies all met for dep_context=non-requeueable deps ti=<TaskInstance: migration_fit_data.insert_warehouse.insert_dwh_enroll_student manual__2024-12-19T04:38:13.996676+00:00 [queued]>
[2024-12-19T04:40:45.243+0000] {taskinstance.py:2076} INFO - Dependencies all met for dep_context=requeueable deps ti=<TaskInstance: migration_fit_data.insert_warehouse.insert_dwh_enroll_student manual__2024-12-19T04:38:13.996676+00:00 [queued]>
[2024-12-19T04:40:45.263+0000] {taskinstance.py:2306} INFO - Starting attempt 1 of 1
[2024-12-19T04:40:45.612+0000] {taskinstance.py:2330} INFO - Executing <Task(PythonOperator): insert_warehouse.insert_dwh_enroll_student> on 2024-12-19 04:38:13.996676+00:00
[2024-12-19T04:40:45.794+0000] {warnings.py:110} WARNING - /home/***/.local/lib/python3.12/site-packages/***/task/task_runner/standard_task_runner.py:61: DeprecationWarning: This process (pid=9095) is multi-threaded, use of fork() may lead to deadlocks in the child.
  pid = os.fork()

[2024-12-19T04:40:45.858+0000] {standard_task_runner.py:90} INFO - Running: ['***', 'tasks', 'run', 'migration_fit_data', 'insert_warehouse.insert_dwh_enroll_student', 'manual__2024-12-19T04:38:13.996676+00:00', '--job-id', '1368', '--raw', '--subdir', 'DAGS_FOLDER/elt_migrate.py', '--cfg-path', '/tmp/tmpkzg5njgu']
[2024-12-19T04:40:45.796+0000] {standard_task_runner.py:63} INFO - Started process 9134 to run task
[2024-12-19T04:40:45.860+0000] {standard_task_runner.py:91} INFO - Job 1368: Subtask insert_warehouse.insert_dwh_enroll_student
[2024-12-19T04:40:47.164+0000] {task_command.py:426} INFO - Running <TaskInstance: migration_fit_data.insert_warehouse.insert_dwh_enroll_student manual__2024-12-19T04:38:13.996676+00:00 [running]> on host 33a17f71e955
[2024-12-19T04:40:48.158+0000] {taskinstance.py:2648} INFO - Exporting env vars: AIRFLOW_CTX_DAG_OWNER='***' AIRFLOW_CTX_DAG_ID='migration_fit_data' AIRFLOW_CTX_TASK_ID='insert_warehouse.insert_dwh_enroll_student' AIRFLOW_CTX_EXECUTION_DATE='2024-12-19T04:38:13.996676+00:00' AIRFLOW_CTX_TRY_NUMBER='1' AIRFLOW_CTX_DAG_RUN_ID='manual__2024-12-19T04:38:13.996676+00:00'
[2024-12-19T04:40:48.197+0000] {taskinstance.py:430} INFO - ::endgroup::
[2024-12-19T04:40:48.422+0000] {hive.py:475} INFO - USE `default`
[2024-12-19T04:40:48.996+0000] {hive.py:475} INFO - SELECT COUNT(*) FROM default.enroll_student
[2024-12-19T04:40:54.264+0000] {logging_mixin.py:188} INFO - SELECT COUNT(*) FROM default.enroll_student --- 18461
[2024-12-19T04:40:54.303+0000] {hive.py:475} INFO - 
            MERGE INTO iceberg.warehouse.enroll_student t
            USING default.enroll_student s
            ON t.student_id=s.student_id AND t.enrollment_id=s.enrollment_id
            WHEN MATCHED 
                THEN UPDATE SET 
                t.student_id=s.student_id,t.enrollment_id=s.enrollment_id,t.enrollment_time=s.enrollment_time
            WHEN NOT MATCHED 
                THEN INSERT *
        
[2024-12-19T04:41:13.993+0000] {python.py:237} INFO - Done. Returned value was: None
[2024-12-19T04:41:13.994+0000] {taskinstance.py:441} INFO - ::group::Post task execution logs
[2024-12-19T04:41:14.038+0000] {taskinstance.py:1206} INFO - Marking task as SUCCESS. dag_id=migration_fit_data, task_id=insert_warehouse.insert_dwh_enroll_student, run_id=manual__2024-12-19T04:38:13.996676+00:00, execution_date=20241219T043813, start_date=20241219T044044, end_date=20241219T044114
[2024-12-19T04:41:14.189+0000] {local_task_job_runner.py:240} INFO - Task exited with return code 0
[2024-12-19T04:41:14.387+0000] {taskinstance.py:3498} INFO - 0 downstream tasks scheduled from follow-on schedule check
[2024-12-19T04:41:14.400+0000] {local_task_job_runner.py:222} INFO - ::endgroup::
