[2024-12-13T16:36:00.133+0000] {local_task_job_runner.py:120} INFO - ::group::Pre task execution logs
[2024-12-13T16:36:00.283+0000] {taskinstance.py:2076} INFO - Dependencies all met for dep_context=non-requeueable deps ti=<TaskInstance: migration_fit_data.get_raw_data.extract_raw_enroll_student manual__2024-12-13T16:35:52.085812+00:00 [queued]>
[2024-12-13T16:36:00.363+0000] {taskinstance.py:2076} INFO - Dependencies all met for dep_context=requeueable deps ti=<TaskInstance: migration_fit_data.get_raw_data.extract_raw_enroll_student manual__2024-12-13T16:35:52.085812+00:00 [queued]>
[2024-12-13T16:36:00.364+0000] {taskinstance.py:2306} INFO - Starting attempt 1 of 1
[2024-12-13T16:36:00.486+0000] {taskinstance.py:2330} INFO - Executing <Task(PythonOperator): get_raw_data.extract_raw_enroll_student> on 2024-12-13 16:35:52.085812+00:00
[2024-12-13T16:36:00.545+0000] {warnings.py:110} WARNING - /home/***/.local/lib/python3.12/site-packages/***/task/task_runner/standard_task_runner.py:61: DeprecationWarning: This process (pid=1745) is multi-threaded, use of fork() may lead to deadlocks in the child.
  pid = os.fork()

[2024-12-13T16:36:00.566+0000] {standard_task_runner.py:63} INFO - Started process 1779 to run task
[2024-12-13T16:36:00.560+0000] {standard_task_runner.py:90} INFO - Running: ['***', 'tasks', 'run', 'migration_fit_data', 'get_raw_data.extract_raw_enroll_student', 'manual__2024-12-13T16:35:52.085812+00:00', '--job-id', '290', '--raw', '--subdir', 'DAGS_FOLDER/elt_migrate.py', '--cfg-path', '/tmp/tmpv3wf3qp7']
[2024-12-13T16:36:00.582+0000] {standard_task_runner.py:91} INFO - Job 290: Subtask get_raw_data.extract_raw_enroll_student
[2024-12-13T16:36:00.818+0000] {task_command.py:426} INFO - Running <TaskInstance: migration_fit_data.get_raw_data.extract_raw_enroll_student manual__2024-12-13T16:35:52.085812+00:00 [running]> on host 1fe973f28a1c
[2024-12-13T16:36:01.616+0000] {taskinstance.py:2648} INFO - Exporting env vars: AIRFLOW_CTX_DAG_OWNER='***' AIRFLOW_CTX_DAG_ID='migration_fit_data' AIRFLOW_CTX_TASK_ID='get_raw_data.extract_raw_enroll_student' AIRFLOW_CTX_EXECUTION_DATE='2024-12-13T16:35:52.085812+00:00' AIRFLOW_CTX_TRY_NUMBER='1' AIRFLOW_CTX_DAG_RUN_ID='manual__2024-12-13T16:35:52.085812+00:00'
[2024-12-13T16:36:01.619+0000] {taskinstance.py:430} INFO - ::endgroup::
[2024-12-13T16:36:03.126+0000] {__init__.py:412} INFO - DELETE /fit_warehouse/raw/enroll_student/ recursive=True user.name=default namenode:9870
[2024-12-13T16:36:03.162+0000] {__init__.py:412} INFO - GETFILESTATUS /fit_warehouse/raw/enroll_student/ user.name=default namenode:9870
[2024-12-13T16:36:03.181+0000] {__init__.py:412} INFO - MKDIRS /fit_warehouse/raw/enroll_student/ user.name=default namenode:9870
[2024-12-13T16:36:03.199+0000] {__init__.py:412} INFO - CREATE /fit_warehouse/raw/enroll_student/enroll_student_01.snappy.parquet overwrite=True async_=True user.name=default namenode:9870
[2024-12-13T16:36:03.296+0000] {python.py:237} INFO - Done. Returned value was: None
[2024-12-13T16:36:03.303+0000] {taskinstance.py:441} INFO - ::group::Post task execution logs
[2024-12-13T16:36:03.332+0000] {taskinstance.py:1206} INFO - Marking task as SUCCESS. dag_id=migration_fit_data, task_id=get_raw_data.extract_raw_enroll_student, run_id=manual__2024-12-13T16:35:52.085812+00:00, execution_date=20241213T163552, start_date=20241213T163600, end_date=20241213T163603
[2024-12-13T16:36:03.379+0000] {local_task_job_runner.py:240} INFO - Task exited with return code 0
[2024-12-13T16:36:03.491+0000] {taskinstance.py:3498} INFO - 0 downstream tasks scheduled from follow-on schedule check
[2024-12-13T16:36:03.494+0000] {local_task_job_runner.py:222} INFO - ::endgroup::
