[2024-12-19T04:29:38.538+0000] {local_task_job_runner.py:120} INFO - ::group::Pre task execution logs
[2024-12-19T04:29:38.882+0000] {taskinstance.py:2076} INFO - Dependencies all met for dep_context=non-requeueable deps ti=<TaskInstance: ELT_dimention_data.insert_warehouse.insert_dwh_lecturer manual__2024-12-19T04:24:44.941262+00:00 [queued]>
[2024-12-19T04:29:38.949+0000] {taskinstance.py:2076} INFO - Dependencies all met for dep_context=requeueable deps ti=<TaskInstance: ELT_dimention_data.insert_warehouse.insert_dwh_lecturer manual__2024-12-19T04:24:44.941262+00:00 [queued]>
[2024-12-19T04:29:38.953+0000] {taskinstance.py:2306} INFO - Starting attempt 1 of 1
[2024-12-19T04:29:39.106+0000] {taskinstance.py:2330} INFO - Executing <Task(PythonOperator): insert_warehouse.insert_dwh_lecturer> on 2024-12-19 04:24:44.941262+00:00
[2024-12-19T04:29:39.151+0000] {warnings.py:110} WARNING - /home/***/.local/lib/python3.12/site-packages/***/task/task_runner/standard_task_runner.py:61: DeprecationWarning: This process (pid=8619) is multi-threaded, use of fork() may lead to deadlocks in the child.
  pid = os.fork()

[2024-12-19T04:29:39.184+0000] {standard_task_runner.py:63} INFO - Started process 8637 to run task
[2024-12-19T04:29:39.192+0000] {standard_task_runner.py:90} INFO - Running: ['***', 'tasks', 'run', 'ELT_dimention_data', 'insert_warehouse.insert_dwh_lecturer', 'manual__2024-12-19T04:24:44.941262+00:00', '--job-id', '1245', '--raw', '--subdir', 'DAGS_FOLDER/elt_dimention.py', '--cfg-path', '/tmp/tmpj5uap82h']
[2024-12-19T04:29:39.219+0000] {standard_task_runner.py:91} INFO - Job 1245: Subtask insert_warehouse.insert_dwh_lecturer
[2024-12-19T04:29:39.708+0000] {task_command.py:426} INFO - Running <TaskInstance: ELT_dimention_data.insert_warehouse.insert_dwh_lecturer manual__2024-12-19T04:24:44.941262+00:00 [running]> on host 33a17f71e955
[2024-12-19T04:29:40.711+0000] {taskinstance.py:2648} INFO - Exporting env vars: AIRFLOW_CTX_DAG_OWNER='***' AIRFLOW_CTX_DAG_ID='ELT_dimention_data' AIRFLOW_CTX_TASK_ID='insert_warehouse.insert_dwh_lecturer' AIRFLOW_CTX_EXECUTION_DATE='2024-12-19T04:24:44.941262+00:00' AIRFLOW_CTX_TRY_NUMBER='1' AIRFLOW_CTX_DAG_RUN_ID='manual__2024-12-19T04:24:44.941262+00:00'
[2024-12-19T04:29:40.725+0000] {taskinstance.py:430} INFO - ::endgroup::
[2024-12-19T04:29:40.875+0000] {hive.py:475} INFO - USE `default`
[2024-12-19T04:29:41.042+0000] {hive.py:475} INFO - SELECT COUNT(*) FROM default.lecturer
[2024-12-19T04:29:42.811+0000] {logging_mixin.py:188} INFO - SELECT COUNT(*) FROM default.lecturer --- 0
[2024-12-19T04:29:42.812+0000] {logging_mixin.py:188} INFO - STAGING HAS NO DATA, SKIPPING...
[2024-12-19T04:29:42.813+0000] {python.py:237} INFO - Done. Returned value was: None
[2024-12-19T04:29:42.816+0000] {taskinstance.py:441} INFO - ::group::Post task execution logs
[2024-12-19T04:29:42.876+0000] {taskinstance.py:1206} INFO - Marking task as SUCCESS. dag_id=ELT_dimention_data, task_id=insert_warehouse.insert_dwh_lecturer, run_id=manual__2024-12-19T04:24:44.941262+00:00, execution_date=20241219T042444, start_date=20241219T042938, end_date=20241219T042942
[2024-12-19T04:29:42.990+0000] {local_task_job_runner.py:240} INFO - Task exited with return code 0
[2024-12-19T04:29:43.112+0000] {local_task_job_runner.py:222} INFO - ::endgroup::
