[2024-12-14T11:17:51.532+0000] {local_task_job_runner.py:120} INFO - ::group::Pre task execution logs
[2024-12-14T11:17:51.638+0000] {taskinstance.py:2076} INFO - Dependencies all met for dep_context=non-requeueable deps ti=<TaskInstance: migration_fit_data.load_staging.create_staging_lecturer manual__2024-12-14T11:17:14.621727+00:00 [queued]>
[2024-12-14T11:17:51.675+0000] {taskinstance.py:2076} INFO - Dependencies all met for dep_context=requeueable deps ti=<TaskInstance: migration_fit_data.load_staging.create_staging_lecturer manual__2024-12-14T11:17:14.621727+00:00 [queued]>
[2024-12-14T11:17:51.677+0000] {taskinstance.py:2306} INFO - Starting attempt 1 of 1
[2024-12-14T11:17:51.750+0000] {taskinstance.py:2330} INFO - Executing <Task(PythonOperator): load_staging.create_staging_lecturer> on 2024-12-14 11:17:14.621727+00:00
[2024-12-14T11:17:51.776+0000] {warnings.py:110} WARNING - /home/***/.local/lib/python3.12/site-packages/***/task/task_runner/standard_task_runner.py:61: DeprecationWarning: This process (pid=323) is multi-threaded, use of fork() may lead to deadlocks in the child.
  pid = os.fork()

[2024-12-14T11:17:51.788+0000] {standard_task_runner.py:63} INFO - Started process 352 to run task
[2024-12-14T11:17:51.800+0000] {standard_task_runner.py:90} INFO - Running: ['***', 'tasks', 'run', 'migration_fit_data', 'load_staging.create_staging_lecturer', 'manual__2024-12-14T11:17:14.621727+00:00', '--job-id', '54', '--raw', '--subdir', 'DAGS_FOLDER/elt_migrate.py', '--cfg-path', '/tmp/tmpd_whbdol']
[2024-12-14T11:17:51.853+0000] {standard_task_runner.py:91} INFO - Job 54: Subtask load_staging.create_staging_lecturer
[2024-12-14T11:17:52.427+0000] {task_command.py:426} INFO - Running <TaskInstance: migration_fit_data.load_staging.create_staging_lecturer manual__2024-12-14T11:17:14.621727+00:00 [running]> on host 472b63b715e1
[2024-12-14T11:17:52.977+0000] {taskinstance.py:2648} INFO - Exporting env vars: AIRFLOW_CTX_DAG_OWNER='***' AIRFLOW_CTX_DAG_ID='migration_fit_data' AIRFLOW_CTX_TASK_ID='load_staging.create_staging_lecturer' AIRFLOW_CTX_EXECUTION_DATE='2024-12-14T11:17:14.621727+00:00' AIRFLOW_CTX_TRY_NUMBER='1' AIRFLOW_CTX_DAG_RUN_ID='manual__2024-12-14T11:17:14.621727+00:00'
[2024-12-14T11:17:52.981+0000] {taskinstance.py:430} INFO - ::endgroup::
[2024-12-14T11:17:53.044+0000] {hive.py:475} INFO - USE `default`
[2024-12-14T11:17:55.684+0000] {hive.py:475} INFO - DROP TABLE IF EXISTS default.lecturer
[2024-12-14T11:17:56.272+0000] {hive.py:475} INFO - 
        CREATE TABLE IF NOT EXISTS default.lecturer (
            lecturer_id BIGINT,employee_id BIGINT,academic_title STRING,academic_title_date TIMESTAMP,degree STRING,degree_issue_date TIMESTAMP,degree_issue_place STRING,major STRING,department STRING,number_of_exp BIGINT   
        )   
        STORED AS PARQUET
        LOCATION '/fit_warehouse/raw/lecturer/*.snappy.parquet'
    
[2024-12-14T11:17:58.032+0000] {hive.py:475} INFO - ANALYZE TABLE default.lecturer COMPUTE STATISTICS
[2024-12-14T11:18:15.845+0000] {python.py:237} INFO - Done. Returned value was: None
[2024-12-14T11:18:15.845+0000] {taskinstance.py:441} INFO - ::group::Post task execution logs
[2024-12-14T11:18:15.894+0000] {taskinstance.py:1206} INFO - Marking task as SUCCESS. dag_id=migration_fit_data, task_id=load_staging.create_staging_lecturer, run_id=manual__2024-12-14T11:17:14.621727+00:00, execution_date=20241214T111714, start_date=20241214T111751, end_date=20241214T111815
[2024-12-14T11:18:15.983+0000] {local_task_job_runner.py:240} INFO - Task exited with return code 0
[2024-12-14T11:18:16.012+0000] {local_task_job_runner.py:222} INFO - ::endgroup::
