[2024-12-13T18:51:29.944+0000] {local_task_job_runner.py:120} INFO - ::group::Pre task execution logs
[2024-12-13T18:51:30.124+0000] {taskinstance.py:2076} INFO - Dependencies all met for dep_context=non-requeueable deps ti=<TaskInstance: migration_fit_data.create_dwh_table.recreate_dwh_lecturer manual__2024-12-13T18:50:49.660467+00:00 [queued]>
[2024-12-13T18:51:30.231+0000] {taskinstance.py:2076} INFO - Dependencies all met for dep_context=requeueable deps ti=<TaskInstance: migration_fit_data.create_dwh_table.recreate_dwh_lecturer manual__2024-12-13T18:50:49.660467+00:00 [queued]>
[2024-12-13T18:51:30.233+0000] {taskinstance.py:2306} INFO - Starting attempt 1 of 1
[2024-12-13T18:51:30.471+0000] {taskinstance.py:2330} INFO - Executing <Task(PythonOperator): create_dwh_table.recreate_dwh_lecturer> on 2024-12-13 18:50:49.660467+00:00
[2024-12-13T18:51:30.573+0000] {standard_task_runner.py:90} INFO - Running: ['***', 'tasks', 'run', 'migration_fit_data', 'create_dwh_table.recreate_dwh_lecturer', 'manual__2024-12-13T18:50:49.660467+00:00', '--job-id', '379', '--raw', '--subdir', 'DAGS_FOLDER/elt_migrate.py', '--cfg-path', '/tmp/tmpn1olh9yg']
[2024-12-13T18:51:30.585+0000] {standard_task_runner.py:91} INFO - Job 379: Subtask create_dwh_table.recreate_dwh_lecturer
[2024-12-13T18:51:30.558+0000] {warnings.py:110} WARNING - /home/***/.local/lib/python3.12/site-packages/***/task/task_runner/standard_task_runner.py:61: DeprecationWarning: This process (pid=3720) is multi-threaded, use of fork() may lead to deadlocks in the child.
  pid = os.fork()

[2024-12-13T18:51:30.614+0000] {standard_task_runner.py:63} INFO - Started process 3749 to run task
[2024-12-13T18:51:31.106+0000] {task_command.py:426} INFO - Running <TaskInstance: migration_fit_data.create_dwh_table.recreate_dwh_lecturer manual__2024-12-13T18:50:49.660467+00:00 [running]> on host 1fe973f28a1c
[2024-12-13T18:51:32.116+0000] {taskinstance.py:2648} INFO - Exporting env vars: AIRFLOW_CTX_DAG_OWNER='***' AIRFLOW_CTX_DAG_ID='migration_fit_data' AIRFLOW_CTX_TASK_ID='create_dwh_table.recreate_dwh_lecturer' AIRFLOW_CTX_EXECUTION_DATE='2024-12-13T18:50:49.660467+00:00' AIRFLOW_CTX_TRY_NUMBER='1' AIRFLOW_CTX_DAG_RUN_ID='manual__2024-12-13T18:50:49.660467+00:00'
[2024-12-13T18:51:32.117+0000] {taskinstance.py:430} INFO - ::endgroup::
[2024-12-13T18:51:32.189+0000] {hive.py:475} INFO - USE `default`
[2024-12-13T18:51:32.250+0000] {hive.py:475} INFO - DROP TABLE IF EXISTS iceberg.warehouse.lecturer
[2024-12-13T18:51:32.341+0000] {hive.py:475} INFO - CREATE DATABASE IF NOT EXISTS warehouse
[2024-12-13T18:51:32.381+0000] {hive.py:475} INFO - 
        CREATE TABLE IF NOT EXISTS iceberg.warehouse.lecturer (
            lecturer_id BIGINT,employee_id BIGINT,academic_title STRING,academic_title_date TIMESTAMP,degree STRING,degree_issue_date TIMESTAMP,degree_issue_place STRING,major STRING,department STRING,number_of_exp BIGINT   
        )
        USING iceberg
        LOCATION '/fit_warehouse/warehouse/lecturer/*.snappy.parquet'
    
[2024-12-13T18:51:32.531+0000] {python.py:237} INFO - Done. Returned value was: None
[2024-12-13T18:51:32.531+0000] {taskinstance.py:441} INFO - ::group::Post task execution logs
[2024-12-13T18:51:32.563+0000] {taskinstance.py:1206} INFO - Marking task as SUCCESS. dag_id=migration_fit_data, task_id=create_dwh_table.recreate_dwh_lecturer, run_id=manual__2024-12-13T18:50:49.660467+00:00, execution_date=20241213T185049, start_date=20241213T185130, end_date=20241213T185132
[2024-12-13T18:51:33.117+0000] {local_task_job_runner.py:240} INFO - Task exited with return code 0
[2024-12-13T18:51:33.509+0000] {taskinstance.py:3498} INFO - 0 downstream tasks scheduled from follow-on schedule check
[2024-12-13T18:51:33.514+0000] {local_task_job_runner.py:222} INFO - ::endgroup::
