[2024-12-14T10:44:06.397+0000] {local_task_job_runner.py:120} INFO - ::group::Pre task execution logs
[2024-12-14T10:44:06.504+0000] {taskinstance.py:2076} INFO - Dependencies all met for dep_context=non-requeueable deps ti=<TaskInstance: migration_fit_data.get_raw_data.extract_raw_lecturer manual__2024-12-14T10:43:58.385775+00:00 [queued]>
[2024-12-14T10:44:06.584+0000] {taskinstance.py:2076} INFO - Dependencies all met for dep_context=requeueable deps ti=<TaskInstance: migration_fit_data.get_raw_data.extract_raw_lecturer manual__2024-12-14T10:43:58.385775+00:00 [queued]>
[2024-12-14T10:44:06.585+0000] {taskinstance.py:2306} INFO - Starting attempt 1 of 1
[2024-12-14T10:44:06.709+0000] {taskinstance.py:2330} INFO - Executing <Task(PythonOperator): get_raw_data.extract_raw_lecturer> on 2024-12-14 10:43:58.385775+00:00
[2024-12-14T10:44:06.737+0000] {warnings.py:110} WARNING - /home/***/.local/lib/python3.12/site-packages/***/task/task_runner/standard_task_runner.py:61: DeprecationWarning: This process (pid=162) is multi-threaded, use of fork() may lead to deadlocks in the child.
  pid = os.fork()

[2024-12-14T10:44:06.747+0000] {standard_task_runner.py:63} INFO - Started process 199 to run task
[2024-12-14T10:44:06.748+0000] {standard_task_runner.py:90} INFO - Running: ['***', 'tasks', 'run', 'migration_fit_data', 'get_raw_data.extract_raw_lecturer', 'manual__2024-12-14T10:43:58.385775+00:00', '--job-id', '23', '--raw', '--subdir', 'DAGS_FOLDER/elt_migrate.py', '--cfg-path', '/tmp/tmpgz6zbwd7']
[2024-12-14T10:44:06.766+0000] {standard_task_runner.py:91} INFO - Job 23: Subtask get_raw_data.extract_raw_lecturer
[2024-12-14T10:44:07.036+0000] {task_command.py:426} INFO - Running <TaskInstance: migration_fit_data.get_raw_data.extract_raw_lecturer manual__2024-12-14T10:43:58.385775+00:00 [running]> on host 06cbf31e97a5
[2024-12-14T10:44:07.210+0000] {taskinstance.py:2648} INFO - Exporting env vars: AIRFLOW_CTX_DAG_OWNER='***' AIRFLOW_CTX_DAG_ID='migration_fit_data' AIRFLOW_CTX_TASK_ID='get_raw_data.extract_raw_lecturer' AIRFLOW_CTX_EXECUTION_DATE='2024-12-14T10:43:58.385775+00:00' AIRFLOW_CTX_TRY_NUMBER='1' AIRFLOW_CTX_DAG_RUN_ID='manual__2024-12-14T10:43:58.385775+00:00'
[2024-12-14T10:44:07.217+0000] {taskinstance.py:430} INFO - ::endgroup::
[2024-12-14T10:44:08.287+0000] {__init__.py:412} INFO - DELETE /fit_warehouse/raw/lecturer/ recursive=True user.name=default namenode:9870
[2024-12-14T10:44:08.314+0000] {__init__.py:412} INFO - GETFILESTATUS /fit_warehouse/raw/lecturer/ user.name=default namenode:9870
[2024-12-14T10:44:08.342+0000] {__init__.py:412} INFO - MKDIRS /fit_warehouse/raw/lecturer/ user.name=default namenode:9870
[2024-12-14T10:44:08.369+0000] {__init__.py:412} INFO - CREATE /fit_warehouse/raw/lecturer/lecturer_01.snappy.parquet overwrite=True async_=True user.name=default namenode:9870
[2024-12-14T10:44:09.349+0000] {python.py:237} INFO - Done. Returned value was: None
[2024-12-14T10:44:09.350+0000] {taskinstance.py:441} INFO - ::group::Post task execution logs
[2024-12-14T10:44:09.372+0000] {taskinstance.py:1206} INFO - Marking task as SUCCESS. dag_id=migration_fit_data, task_id=get_raw_data.extract_raw_lecturer, run_id=manual__2024-12-14T10:43:58.385775+00:00, execution_date=20241214T104358, start_date=20241214T104406, end_date=20241214T104409
[2024-12-14T10:44:09.525+0000] {local_task_job_runner.py:240} INFO - Task exited with return code 0
[2024-12-14T10:44:09.681+0000] {taskinstance.py:3498} INFO - 0 downstream tasks scheduled from follow-on schedule check
[2024-12-14T10:44:09.682+0000] {local_task_job_runner.py:222} INFO - ::endgroup::
