[2024-12-14T08:30:09.778+0000] {local_task_job_runner.py:120} INFO - ::group::Pre task execution logs
[2024-12-14T08:30:09.979+0000] {taskinstance.py:2076} INFO - Dependencies all met for dep_context=non-requeueable deps ti=<TaskInstance: etl_dimention_data.aggregate_warehouse.aggregate_instruction_aggregate manual__2024-12-14T08:29:32.383342+00:00 [queued]>
[2024-12-14T08:30:10.055+0000] {taskinstance.py:2076} INFO - Dependencies all met for dep_context=requeueable deps ti=<TaskInstance: etl_dimention_data.aggregate_warehouse.aggregate_instruction_aggregate manual__2024-12-14T08:29:32.383342+00:00 [queued]>
[2024-12-14T08:30:10.055+0000] {taskinstance.py:2306} INFO - Starting attempt 1 of 1
[2024-12-14T08:30:10.198+0000] {taskinstance.py:2330} INFO - Executing <Task(PythonOperator): aggregate_warehouse.aggregate_instruction_aggregate> on 2024-12-14 08:29:32.383342+00:00
[2024-12-14T08:30:10.258+0000] {warnings.py:110} WARNING - /home/***/.local/lib/python3.12/site-packages/***/task/task_runner/standard_task_runner.py:61: DeprecationWarning: This process (pid=15901) is multi-threaded, use of fork() may lead to deadlocks in the child.
  pid = os.fork()

[2024-12-14T08:30:10.269+0000] {standard_task_runner.py:63} INFO - Started process 15913 to run task
[2024-12-14T08:30:10.292+0000] {standard_task_runner.py:90} INFO - Running: ['***', 'tasks', 'run', 'etl_dimention_data', 'aggregate_warehouse.aggregate_instruction_aggregate', 'manual__2024-12-14T08:29:32.383342+00:00', '--job-id', '1071', '--raw', '--subdir', 'DAGS_FOLDER/elt_dimention.py', '--cfg-path', '/tmp/tmpelge907l']
[2024-12-14T08:30:10.312+0000] {standard_task_runner.py:91} INFO - Job 1071: Subtask aggregate_warehouse.aggregate_instruction_aggregate
[2024-12-14T08:30:10.451+0000] {task_command.py:426} INFO - Running <TaskInstance: etl_dimention_data.aggregate_warehouse.aggregate_instruction_aggregate manual__2024-12-14T08:29:32.383342+00:00 [running]> on host 1fe973f28a1c
[2024-12-14T08:30:10.805+0000] {taskinstance.py:2648} INFO - Exporting env vars: AIRFLOW_CTX_DAG_OWNER='***' AIRFLOW_CTX_DAG_ID='etl_dimention_data' AIRFLOW_CTX_TASK_ID='aggregate_warehouse.aggregate_instruction_aggregate' AIRFLOW_CTX_EXECUTION_DATE='2024-12-14T08:29:32.383342+00:00' AIRFLOW_CTX_TRY_NUMBER='1' AIRFLOW_CTX_DAG_RUN_ID='manual__2024-12-14T08:29:32.383342+00:00'
[2024-12-14T08:30:10.811+0000] {taskinstance.py:430} INFO - ::endgroup::
[2024-12-14T08:30:10.924+0000] {hive.py:475} INFO - USE `default`
[2024-12-14T08:30:11.028+0000] {hive.py:475} INFO - CREATE NAMESPACE IF NOT EXISTS iceberg.aggr_warehouse
[2024-12-14T08:30:11.074+0000] {hive.py:475} INFO - DROP TABLE IF EXISTS iceberg.aggr_warehouse.instruction_aggregate
[2024-12-14T08:30:11.227+0000] {hive.py:475} INFO - 
    CREATE OR REPLACE TABLE iceberg.aggr_warehouse.instruction_aggregate
    USING parquet
    AS
    SELECT
        inf.instruction_id,
        c.course_id,
        c.course_name,
        ps.program_id,
        ps.semester_name,
        inf.num_student AS num_students,
        inf.avg_final_score
    FROM
        iceberg.warehouse.instruction_fact inf
    JOIN iceberg.warehouse.course c ON inf.course_id = c.course_id
    JOIN iceberg.warehouse.program_semester ps ON inf.program_semester_id = ps.program_semester_id
    WHERE 
        inf.instruction_status = 'completed';
    
[2024-12-14T08:30:13.918+0000] {__init__.py:412} INFO - DELETE /user/hive/warehouse/aggr_warehouse.db/instruction_aggregate_parquet recursive=True user.name=default namenode:9870
[2024-12-14T08:30:14.038+0000] {hive.py:475} INFO - 
        DROP TABLE IF EXISTS spark_catalog.aggr_warehouse.instruction_aggregate_parquet
    
[2024-12-14T08:30:14.772+0000] {hive.py:475} INFO - 
        CREATE TABLE spark_catalog.aggr_warehouse.instruction_aggregate_parquet
        USING parquet
        AS
        SELECT * FROM iceberg.aggr_warehouse.instruction_aggregate
    
[2024-12-14T08:30:17.686+0000] {python.py:237} INFO - Done. Returned value was: None
[2024-12-14T08:30:17.687+0000] {taskinstance.py:441} INFO - ::group::Post task execution logs
[2024-12-14T08:30:17.715+0000] {taskinstance.py:1206} INFO - Marking task as SUCCESS. dag_id=etl_dimention_data, task_id=aggregate_warehouse.aggregate_instruction_aggregate, run_id=manual__2024-12-14T08:29:32.383342+00:00, execution_date=20241214T082932, start_date=20241214T083009, end_date=20241214T083017
[2024-12-14T08:30:17.784+0000] {local_task_job_runner.py:240} INFO - Task exited with return code 0
[2024-12-14T08:30:17.854+0000] {taskinstance.py:3498} INFO - 0 downstream tasks scheduled from follow-on schedule check
[2024-12-14T08:30:17.857+0000] {local_task_job_runner.py:222} INFO - ::endgroup::
