[2024-12-14T08:29:58.114+0000] {local_task_job_runner.py:120} INFO - ::group::Pre task execution logs
[2024-12-14T08:29:58.209+0000] {taskinstance.py:2076} INFO - Dependencies all met for dep_context=non-requeueable deps ti=<TaskInstance: etl_dimention_data.insert_warehouse.insert_dwh_employee manual__2024-12-14T08:29:32.383342+00:00 [queued]>
[2024-12-14T08:29:58.255+0000] {taskinstance.py:2076} INFO - Dependencies all met for dep_context=requeueable deps ti=<TaskInstance: etl_dimention_data.insert_warehouse.insert_dwh_employee manual__2024-12-14T08:29:32.383342+00:00 [queued]>
[2024-12-14T08:29:58.256+0000] {taskinstance.py:2306} INFO - Starting attempt 1 of 1
[2024-12-14T08:29:58.314+0000] {taskinstance.py:2330} INFO - Executing <Task(PythonOperator): insert_warehouse.insert_dwh_employee> on 2024-12-14 08:29:32.383342+00:00
[2024-12-14T08:29:58.356+0000] {warnings.py:110} WARNING - /home/***/.local/lib/python3.12/site-packages/***/task/task_runner/standard_task_runner.py:61: DeprecationWarning: This process (pid=15876) is multi-threaded, use of fork() may lead to deadlocks in the child.
  pid = os.fork()

[2024-12-14T08:29:58.361+0000] {standard_task_runner.py:63} INFO - Started process 15894 to run task
[2024-12-14T08:29:58.365+0000] {standard_task_runner.py:90} INFO - Running: ['***', 'tasks', 'run', 'etl_dimention_data', 'insert_warehouse.insert_dwh_employee', 'manual__2024-12-14T08:29:32.383342+00:00', '--job-id', '1065', '--raw', '--subdir', 'DAGS_FOLDER/elt_dimention.py', '--cfg-path', '/tmp/tmp3j1kng50']
[2024-12-14T08:29:58.386+0000] {standard_task_runner.py:91} INFO - Job 1065: Subtask insert_warehouse.insert_dwh_employee
[2024-12-14T08:29:58.648+0000] {task_command.py:426} INFO - Running <TaskInstance: etl_dimention_data.insert_warehouse.insert_dwh_employee manual__2024-12-14T08:29:32.383342+00:00 [running]> on host 1fe973f28a1c
[2024-12-14T08:29:59.564+0000] {taskinstance.py:2648} INFO - Exporting env vars: AIRFLOW_CTX_DAG_OWNER='***' AIRFLOW_CTX_DAG_ID='etl_dimention_data' AIRFLOW_CTX_TASK_ID='insert_warehouse.insert_dwh_employee' AIRFLOW_CTX_EXECUTION_DATE='2024-12-14T08:29:32.383342+00:00' AIRFLOW_CTX_TRY_NUMBER='1' AIRFLOW_CTX_DAG_RUN_ID='manual__2024-12-14T08:29:32.383342+00:00'
[2024-12-14T08:29:59.566+0000] {taskinstance.py:430} INFO - ::endgroup::
[2024-12-14T08:29:59.684+0000] {hive.py:475} INFO - USE `default`
[2024-12-14T08:29:59.746+0000] {hive.py:475} INFO - SELECT COUNT(*) FROM default.employee
[2024-12-14T08:30:00.828+0000] {logging_mixin.py:188} INFO - SELECT COUNT(*) FROM default.employee --- 0
[2024-12-14T08:30:00.829+0000] {logging_mixin.py:188} INFO - STAGING HAS NO DATA, SKIPPING...
[2024-12-14T08:30:00.835+0000] {python.py:237} INFO - Done. Returned value was: None
[2024-12-14T08:30:00.836+0000] {taskinstance.py:441} INFO - ::group::Post task execution logs
[2024-12-14T08:30:00.902+0000] {taskinstance.py:1206} INFO - Marking task as SUCCESS. dag_id=etl_dimention_data, task_id=insert_warehouse.insert_dwh_employee, run_id=manual__2024-12-14T08:29:32.383342+00:00, execution_date=20241214T082932, start_date=20241214T082958, end_date=20241214T083000
[2024-12-14T08:30:01.076+0000] {local_task_job_runner.py:240} INFO - Task exited with return code 0
[2024-12-14T08:30:01.118+0000] {taskinstance.py:3498} INFO - 0 downstream tasks scheduled from follow-on schedule check
[2024-12-14T08:30:01.123+0000] {local_task_job_runner.py:222} INFO - ::endgroup::
