[2024-12-19T04:28:26.089+0000] {local_task_job_runner.py:120} INFO - ::group::Pre task execution logs
[2024-12-19T04:28:26.659+0000] {taskinstance.py:2076} INFO - Dependencies all met for dep_context=non-requeueable deps ti=<TaskInstance: ELT_dimention_data.get_raw_data.extract_raw_class manual__2024-12-19T04:24:44.941262+00:00 [queued]>
[2024-12-19T04:28:26.921+0000] {taskinstance.py:2076} INFO - Dependencies all met for dep_context=requeueable deps ti=<TaskInstance: ELT_dimention_data.get_raw_data.extract_raw_class manual__2024-12-19T04:24:44.941262+00:00 [queued]>
[2024-12-19T04:28:26.924+0000] {taskinstance.py:2306} INFO - Starting attempt 1 of 1
[2024-12-19T04:28:27.283+0000] {taskinstance.py:2330} INFO - Executing <Task(PythonOperator): get_raw_data.extract_raw_class> on 2024-12-19 04:24:44.941262+00:00
[2024-12-19T04:28:27.686+0000] {warnings.py:110} WARNING - /home/***/.local/lib/python3.12/site-packages/***/task/task_runner/standard_task_runner.py:61: DeprecationWarning: This process (pid=8523) is multi-threaded, use of fork() may lead to deadlocks in the child.
  pid = os.fork()

[2024-12-19T04:28:27.787+0000] {standard_task_runner.py:63} INFO - Started process 8553 to run task
[2024-12-19T04:28:27.776+0000] {standard_task_runner.py:90} INFO - Running: ['***', 'tasks', 'run', 'ELT_dimention_data', 'get_raw_data.extract_raw_class', 'manual__2024-12-19T04:24:44.941262+00:00', '--job-id', '1220', '--raw', '--subdir', 'DAGS_FOLDER/elt_dimention.py', '--cfg-path', '/tmp/tmpqjgewrgr']
[2024-12-19T04:28:27.876+0000] {standard_task_runner.py:91} INFO - Job 1220: Subtask get_raw_data.extract_raw_class
[2024-12-19T04:28:29.239+0000] {task_command.py:426} INFO - Running <TaskInstance: ELT_dimention_data.get_raw_data.extract_raw_class manual__2024-12-19T04:24:44.941262+00:00 [running]> on host 33a17f71e955
[2024-12-19T04:28:31.261+0000] {taskinstance.py:2648} INFO - Exporting env vars: AIRFLOW_CTX_DAG_OWNER='***' AIRFLOW_CTX_DAG_ID='ELT_dimention_data' AIRFLOW_CTX_TASK_ID='get_raw_data.extract_raw_class' AIRFLOW_CTX_EXECUTION_DATE='2024-12-19T04:24:44.941262+00:00' AIRFLOW_CTX_TRY_NUMBER='1' AIRFLOW_CTX_DAG_RUN_ID='manual__2024-12-19T04:24:44.941262+00:00'
[2024-12-19T04:28:31.263+0000] {taskinstance.py:430} INFO - ::endgroup::
[2024-12-19T04:28:33.789+0000] {__init__.py:412} INFO - DELETE /fit_warehouse/raw/class/ recursive=True user.name=default namenode:9870
[2024-12-19T04:28:34.089+0000] {__init__.py:412} INFO - GETFILESTATUS /fit_warehouse/raw/class/ user.name=default namenode:9870
[2024-12-19T04:28:34.177+0000] {__init__.py:412} INFO - MKDIRS /fit_warehouse/raw/class/ user.name=default namenode:9870
[2024-12-19T04:28:34.420+0000] {__init__.py:412} INFO - CREATE /fit_warehouse/raw/class/class_01.snappy.parquet overwrite=True async_=True user.name=default namenode:9870
[2024-12-19T04:28:34.590+0000] {python.py:237} INFO - Done. Returned value was: None
[2024-12-19T04:28:34.613+0000] {taskinstance.py:441} INFO - ::group::Post task execution logs
[2024-12-19T04:28:34.782+0000] {taskinstance.py:1206} INFO - Marking task as SUCCESS. dag_id=ELT_dimention_data, task_id=get_raw_data.extract_raw_class, run_id=manual__2024-12-19T04:24:44.941262+00:00, execution_date=20241219T042444, start_date=20241219T042826, end_date=20241219T042834
[2024-12-19T04:28:35.124+0000] {local_task_job_runner.py:240} INFO - Task exited with return code 0
[2024-12-19T04:28:35.290+0000] {local_task_job_runner.py:222} INFO - ::endgroup::
