[2024-12-19T04:38:23.783+0000] {local_task_job_runner.py:120} INFO - ::group::Pre task execution logs
[2024-12-19T04:38:24.219+0000] {taskinstance.py:2076} INFO - Dependencies all met for dep_context=non-requeueable deps ti=<TaskInstance: migration_fit_data.get_raw_data.extract_raw_employee manual__2024-12-19T04:38:13.996676+00:00 [queued]>
[2024-12-19T04:38:24.473+0000] {taskinstance.py:2076} INFO - Dependencies all met for dep_context=requeueable deps ti=<TaskInstance: migration_fit_data.get_raw_data.extract_raw_employee manual__2024-12-19T04:38:13.996676+00:00 [queued]>
[2024-12-19T04:38:24.473+0000] {taskinstance.py:2306} INFO - Starting attempt 1 of 1
[2024-12-19T04:38:25.043+0000] {taskinstance.py:2330} INFO - Executing <Task(PythonOperator): get_raw_data.extract_raw_employee> on 2024-12-19 04:38:13.996676+00:00
[2024-12-19T04:38:25.318+0000] {warnings.py:110} WARNING - /home/***/.local/lib/python3.12/site-packages/***/task/task_runner/standard_task_runner.py:61: DeprecationWarning: This process (pid=8923) is multi-threaded, use of fork() may lead to deadlocks in the child.
  pid = os.fork()

[2024-12-19T04:38:25.333+0000] {standard_task_runner.py:63} INFO - Started process 8956 to run task
[2024-12-19T04:38:25.342+0000] {standard_task_runner.py:90} INFO - Running: ['***', 'tasks', 'run', 'migration_fit_data', 'get_raw_data.extract_raw_employee', 'manual__2024-12-19T04:38:13.996676+00:00', '--job-id', '1316', '--raw', '--subdir', 'DAGS_FOLDER/elt_migrate.py', '--cfg-path', '/tmp/tmp_a9pewzd']
[2024-12-19T04:38:25.449+0000] {standard_task_runner.py:91} INFO - Job 1316: Subtask get_raw_data.extract_raw_employee
[2024-12-19T04:38:26.652+0000] {task_command.py:426} INFO - Running <TaskInstance: migration_fit_data.get_raw_data.extract_raw_employee manual__2024-12-19T04:38:13.996676+00:00 [running]> on host 33a17f71e955
[2024-12-19T04:38:28.314+0000] {taskinstance.py:2648} INFO - Exporting env vars: AIRFLOW_CTX_DAG_OWNER='***' AIRFLOW_CTX_DAG_ID='migration_fit_data' AIRFLOW_CTX_TASK_ID='get_raw_data.extract_raw_employee' AIRFLOW_CTX_EXECUTION_DATE='2024-12-19T04:38:13.996676+00:00' AIRFLOW_CTX_TRY_NUMBER='1' AIRFLOW_CTX_DAG_RUN_ID='manual__2024-12-19T04:38:13.996676+00:00'
[2024-12-19T04:38:28.318+0000] {taskinstance.py:430} INFO - ::endgroup::
[2024-12-19T04:38:30.602+0000] {__init__.py:412} INFO - DELETE /fit_warehouse/raw/employee/ recursive=True user.name=default namenode:9870
[2024-12-19T04:38:30.802+0000] {__init__.py:412} INFO - GETFILESTATUS /fit_warehouse/raw/employee/ user.name=default namenode:9870
[2024-12-19T04:38:30.911+0000] {__init__.py:412} INFO - MKDIRS /fit_warehouse/raw/employee/ user.name=default namenode:9870
[2024-12-19T04:38:30.960+0000] {__init__.py:412} INFO - CREATE /fit_warehouse/raw/employee/employee_01.snappy.parquet overwrite=True async_=True user.name=default namenode:9870
[2024-12-19T04:38:31.299+0000] {python.py:237} INFO - Done. Returned value was: None
[2024-12-19T04:38:31.338+0000] {taskinstance.py:441} INFO - ::group::Post task execution logs
[2024-12-19T04:38:31.593+0000] {taskinstance.py:1206} INFO - Marking task as SUCCESS. dag_id=migration_fit_data, task_id=get_raw_data.extract_raw_employee, run_id=manual__2024-12-19T04:38:13.996676+00:00, execution_date=20241219T043813, start_date=20241219T043824, end_date=20241219T043831
[2024-12-19T04:38:31.892+0000] {local_task_job_runner.py:240} INFO - Task exited with return code 0
[2024-12-19T04:38:33.083+0000] {taskinstance.py:3498} INFO - 0 downstream tasks scheduled from follow-on schedule check
[2024-12-19T04:38:33.106+0000] {local_task_job_runner.py:222} INFO - ::endgroup::
