[2024-12-17T04:22:48.500+0000] {local_task_job_runner.py:120} INFO - ::group::Pre task execution logs
[2024-12-17T04:22:50.542+0000] {taskinstance.py:2076} INFO - Dependencies all met for dep_context=non-requeueable deps ti=<TaskInstance: migration_fit_data.create_dwh_table.recreate_dwh_score_detail manual__2024-12-17T04:21:03.915875+00:00 [queued]>
[2024-12-17T04:22:52.647+0000] {taskinstance.py:2076} INFO - Dependencies all met for dep_context=requeueable deps ti=<TaskInstance: migration_fit_data.create_dwh_table.recreate_dwh_score_detail manual__2024-12-17T04:21:03.915875+00:00 [queued]>
[2024-12-17T04:22:52.701+0000] {taskinstance.py:2306} INFO - Starting attempt 1 of 1
[2024-12-17T04:22:54.757+0000] {taskinstance.py:2330} INFO - Executing <Task(PythonOperator): create_dwh_table.recreate_dwh_score_detail> on 2024-12-17 04:21:03.915875+00:00
[2024-12-17T04:22:54.824+0000] {warnings.py:110} WARNING - /home/***/.local/lib/python3.12/site-packages/***/task/task_runner/standard_task_runner.py:61: DeprecationWarning: This process (pid=37211) is multi-threaded, use of fork() may lead to deadlocks in the child.
  pid = os.fork()

[2024-12-17T04:22:54.826+0000] {standard_task_runner.py:63} INFO - Started process 37237 to run task
[2024-12-17T04:22:54.838+0000] {standard_task_runner.py:90} INFO - Running: ['***', 'tasks', 'run', 'migration_fit_data', 'create_dwh_table.recreate_dwh_score_detail', 'manual__2024-12-17T04:21:03.915875+00:00', '--job-id', '845', '--raw', '--subdir', 'DAGS_FOLDER/elt_migrate.py', '--cfg-path', '/tmp/tmpk6pyuje4']
[2024-12-17T04:22:54.864+0000] {standard_task_runner.py:91} INFO - Job 845: Subtask create_dwh_table.recreate_dwh_score_detail
[2024-12-17T04:22:56.086+0000] {task_command.py:426} INFO - Running <TaskInstance: migration_fit_data.create_dwh_table.recreate_dwh_score_detail manual__2024-12-17T04:21:03.915875+00:00 [running]> on host 2f4e9c743994
[2024-12-17T04:22:57.281+0000] {taskinstance.py:2648} INFO - Exporting env vars: AIRFLOW_CTX_DAG_OWNER='***' AIRFLOW_CTX_DAG_ID='migration_fit_data' AIRFLOW_CTX_TASK_ID='create_dwh_table.recreate_dwh_score_detail' AIRFLOW_CTX_EXECUTION_DATE='2024-12-17T04:21:03.915875+00:00' AIRFLOW_CTX_TRY_NUMBER='1' AIRFLOW_CTX_DAG_RUN_ID='manual__2024-12-17T04:21:03.915875+00:00'
[2024-12-17T04:22:57.290+0000] {taskinstance.py:430} INFO - ::endgroup::
[2024-12-17T04:22:57.404+0000] {hive.py:475} INFO - USE `default`
[2024-12-17T04:22:57.582+0000] {hive.py:475} INFO - DROP TABLE IF EXISTS iceberg.warehouse.score_detail
[2024-12-17T04:22:58.348+0000] {hive.py:475} INFO - CREATE DATABASE IF NOT EXISTS warehouse
[2024-12-17T04:22:58.524+0000] {hive.py:475} INFO - 
        CREATE TABLE IF NOT EXISTS iceberg.warehouse.score_detail (
            score_detail_id BIGINT,score_id BIGINT,regular_score_1 DOUBLE,regular_score_2 DOUBLE,regular_score_3 DOUBLE,mid_term_score DOUBLE,final_term_score DOUBLE,practice_score_1 DOUBLE,practice_score_2 DOUBLE,practice_score_3 DOUBLE,last_modified_date TIMESTAMP   
        )
        USING iceberg
        LOCATION '/fit_warehouse/warehouse/score_detail/*.snappy.parquet'
    
[2024-12-17T04:22:59.347+0000] {python.py:237} INFO - Done. Returned value was: None
[2024-12-17T04:22:59.355+0000] {taskinstance.py:441} INFO - ::group::Post task execution logs
[2024-12-17T04:22:59.438+0000] {taskinstance.py:1206} INFO - Marking task as SUCCESS. dag_id=migration_fit_data, task_id=create_dwh_table.recreate_dwh_score_detail, run_id=manual__2024-12-17T04:21:03.915875+00:00, execution_date=20241217T042103, start_date=20241217T042252, end_date=20241217T042259
[2024-12-17T04:22:59.794+0000] {local_task_job_runner.py:240} INFO - Task exited with return code 0
[2024-12-17T04:22:59.877+0000] {local_task_job_runner.py:222} INFO - ::endgroup::
