[2024-12-14T08:50:16.496+0000] {local_task_job_runner.py:120} INFO - ::group::Pre task execution logs
[2024-12-14T08:50:16.981+0000] {taskinstance.py:2076} INFO - Dependencies all met for dep_context=non-requeueable deps ti=<TaskInstance: migration_fit_data.get_raw_data.extract_raw_address manual__2024-12-14T08:50:05.480259+00:00 [queued]>
[2024-12-14T08:50:17.094+0000] {taskinstance.py:2076} INFO - Dependencies all met for dep_context=requeueable deps ti=<TaskInstance: migration_fit_data.get_raw_data.extract_raw_address manual__2024-12-14T08:50:05.480259+00:00 [queued]>
[2024-12-14T08:50:17.095+0000] {taskinstance.py:2306} INFO - Starting attempt 1 of 1
[2024-12-14T08:50:17.219+0000] {taskinstance.py:2330} INFO - Executing <Task(PythonOperator): get_raw_data.extract_raw_address> on 2024-12-14 08:50:05.480259+00:00
[2024-12-14T08:50:17.261+0000] {warnings.py:110} WARNING - /home/***/.local/lib/python3.12/site-packages/***/task/task_runner/standard_task_runner.py:61: DeprecationWarning: This process (pid=16231) is multi-threaded, use of fork() may lead to deadlocks in the child.
  pid = os.fork()

[2024-12-14T08:50:17.266+0000] {standard_task_runner.py:63} INFO - Started process 16261 to run task
[2024-12-14T08:50:17.267+0000] {standard_task_runner.py:90} INFO - Running: ['***', 'tasks', 'run', 'migration_fit_data', 'get_raw_data.extract_raw_address', 'manual__2024-12-14T08:50:05.480259+00:00', '--job-id', '1099', '--raw', '--subdir', 'DAGS_FOLDER/elt_migrate.py', '--cfg-path', '/tmp/tmp7r433j8x']
[2024-12-14T08:50:17.270+0000] {standard_task_runner.py:91} INFO - Job 1099: Subtask get_raw_data.extract_raw_address
[2024-12-14T08:50:18.017+0000] {task_command.py:426} INFO - Running <TaskInstance: migration_fit_data.get_raw_data.extract_raw_address manual__2024-12-14T08:50:05.480259+00:00 [running]> on host 1fe973f28a1c
[2024-12-14T08:50:20.372+0000] {taskinstance.py:2648} INFO - Exporting env vars: AIRFLOW_CTX_DAG_OWNER='***' AIRFLOW_CTX_DAG_ID='migration_fit_data' AIRFLOW_CTX_TASK_ID='get_raw_data.extract_raw_address' AIRFLOW_CTX_EXECUTION_DATE='2024-12-14T08:50:05.480259+00:00' AIRFLOW_CTX_TRY_NUMBER='1' AIRFLOW_CTX_DAG_RUN_ID='manual__2024-12-14T08:50:05.480259+00:00'
[2024-12-14T08:50:21.422+0000] {taskinstance.py:430} INFO - ::endgroup::
[2024-12-14T08:50:24.487+0000] {__init__.py:412} INFO - DELETE /fit_warehouse/raw/address/ recursive=True user.name=default namenode:9870
[2024-12-14T08:50:24.504+0000] {__init__.py:412} INFO - GETFILESTATUS /fit_warehouse/raw/address/ user.name=default namenode:9870
[2024-12-14T08:50:24.532+0000] {__init__.py:412} INFO - MKDIRS /fit_warehouse/raw/address/ user.name=default namenode:9870
[2024-12-14T08:50:24.557+0000] {__init__.py:412} INFO - CREATE /fit_warehouse/raw/address/address_01.snappy.parquet overwrite=True async_=True user.name=default namenode:9870
[2024-12-14T08:50:24.687+0000] {python.py:237} INFO - Done. Returned value was: None
[2024-12-14T08:50:24.687+0000] {taskinstance.py:441} INFO - ::group::Post task execution logs
[2024-12-14T08:50:24.712+0000] {taskinstance.py:1206} INFO - Marking task as SUCCESS. dag_id=migration_fit_data, task_id=get_raw_data.extract_raw_address, run_id=manual__2024-12-14T08:50:05.480259+00:00, execution_date=20241214T085005, start_date=20241214T085017, end_date=20241214T085024
[2024-12-14T08:50:24.891+0000] {local_task_job_runner.py:240} INFO - Task exited with return code 0
[2024-12-14T08:50:25.010+0000] {taskinstance.py:3498} INFO - 0 downstream tasks scheduled from follow-on schedule check
[2024-12-14T08:50:25.012+0000] {local_task_job_runner.py:222} INFO - ::endgroup::
