[2024-12-18T18:42:58.119+0000] {local_task_job_runner.py:120} INFO - ::group::Pre task execution logs
[2024-12-18T18:42:58.375+0000] {taskinstance.py:2076} INFO - Dependencies all met for dep_context=non-requeueable deps ti=<TaskInstance: migration_fit_schema.insert_data.insert_data_program_course manual__2024-12-18T18:42:34.621761+00:00 [queued]>
[2024-12-18T18:42:58.391+0000] {taskinstance.py:2076} INFO - Dependencies all met for dep_context=requeueable deps ti=<TaskInstance: migration_fit_schema.insert_data.insert_data_program_course manual__2024-12-18T18:42:34.621761+00:00 [queued]>
[2024-12-18T18:42:58.391+0000] {taskinstance.py:2306} INFO - Starting attempt 1 of 1
[2024-12-18T18:42:58.421+0000] {taskinstance.py:2330} INFO - Executing <Task(PythonOperator): insert_data.insert_data_program_course> on 2024-12-18 18:42:34.621761+00:00
[2024-12-18T18:42:58.443+0000] {warnings.py:110} WARNING - /home/***/.local/lib/python3.12/site-packages/***/task/task_runner/standard_task_runner.py:61: DeprecationWarning: This process (pid=1024) is multi-threaded, use of fork() may lead to deadlocks in the child.
  pid = os.fork()

[2024-12-18T18:42:58.446+0000] {standard_task_runner.py:63} INFO - Started process 1026 to run task
[2024-12-18T18:42:58.453+0000] {standard_task_runner.py:90} INFO - Running: ['***', 'tasks', 'run', 'migration_fit_schema', 'insert_data.insert_data_program_course', 'manual__2024-12-18T18:42:34.621761+00:00', '--job-id', '1065', '--raw', '--subdir', 'DAGS_FOLDER/etl_migrate.py', '--cfg-path', '/tmp/tmpipxk6dtz']
[2024-12-18T18:42:58.462+0000] {standard_task_runner.py:91} INFO - Job 1065: Subtask insert_data.insert_data_program_course
[2024-12-18T18:42:58.598+0000] {task_command.py:426} INFO - Running <TaskInstance: migration_fit_schema.insert_data.insert_data_program_course manual__2024-12-18T18:42:34.621761+00:00 [running]> on host 33a17f71e955
[2024-12-18T18:42:58.826+0000] {taskinstance.py:2648} INFO - Exporting env vars: AIRFLOW_CTX_DAG_OWNER='***' AIRFLOW_CTX_DAG_ID='migration_fit_schema' AIRFLOW_CTX_TASK_ID='insert_data.insert_data_program_course' AIRFLOW_CTX_EXECUTION_DATE='2024-12-18T18:42:34.621761+00:00' AIRFLOW_CTX_TRY_NUMBER='1' AIRFLOW_CTX_DAG_RUN_ID='manual__2024-12-18T18:42:34.621761+00:00'
[2024-12-18T18:42:58.827+0000] {taskinstance.py:430} INFO - ::endgroup::
[2024-12-18T18:42:59.113+0000] {__init__.py:412} INFO - GETFILESTATUS /data/raw/program_course/ user.name=default namenode:9870
[2024-12-18T18:42:59.129+0000] {__init__.py:412} INFO - MKDIRS /data/raw/program_course/ user.name=default namenode:9870
[2024-12-18T18:42:59.138+0000] {__init__.py:412} INFO - CREATE /data/raw/program_course/program_course_1734547379.csv overwrite=True async_=True user.name=default namenode:9870
[2024-12-18T18:42:59.227+0000] {python.py:237} INFO - Done. Returned value was: None
[2024-12-18T18:42:59.231+0000] {taskinstance.py:441} INFO - ::group::Post task execution logs
[2024-12-18T18:42:59.249+0000] {taskinstance.py:1206} INFO - Marking task as SUCCESS. dag_id=migration_fit_schema, task_id=insert_data.insert_data_program_course, run_id=manual__2024-12-18T18:42:34.621761+00:00, execution_date=20241218T184234, start_date=20241218T184258, end_date=20241218T184259
[2024-12-18T18:42:59.317+0000] {local_task_job_runner.py:240} INFO - Task exited with return code 0
[2024-12-18T18:42:59.368+0000] {taskinstance.py:3498} INFO - 1 downstream tasks scheduled from follow-on schedule check
[2024-12-18T18:42:59.370+0000] {local_task_job_runner.py:222} INFO - ::endgroup::
