[2024-12-17T04:22:56.616+0000] {local_task_job_runner.py:120} INFO - ::group::Pre task execution logs
[2024-12-17T04:22:57.030+0000] {taskinstance.py:2076} INFO - Dependencies all met for dep_context=non-requeueable deps ti=<TaskInstance: migration_fit_data.create_dwh_table.recreate_dwh_student manual__2024-12-17T04:21:03.915875+00:00 [queued]>
[2024-12-17T04:22:57.252+0000] {taskinstance.py:2076} INFO - Dependencies all met for dep_context=requeueable deps ti=<TaskInstance: migration_fit_data.create_dwh_table.recreate_dwh_student manual__2024-12-17T04:21:03.915875+00:00 [queued]>
[2024-12-17T04:22:57.253+0000] {taskinstance.py:2306} INFO - Starting attempt 1 of 1
[2024-12-17T04:22:57.500+0000] {taskinstance.py:2330} INFO - Executing <Task(PythonOperator): create_dwh_table.recreate_dwh_student> on 2024-12-17 04:21:03.915875+00:00
[2024-12-17T04:22:57.641+0000] {warnings.py:110} WARNING - /home/***/.local/lib/python3.12/site-packages/***/task/task_runner/standard_task_runner.py:61: DeprecationWarning: This process (pid=37202) is multi-threaded, use of fork() may lead to deadlocks in the child.
  pid = os.fork()

[2024-12-17T04:22:57.692+0000] {standard_task_runner.py:63} INFO - Started process 37245 to run task
[2024-12-17T04:22:57.694+0000] {standard_task_runner.py:90} INFO - Running: ['***', 'tasks', 'run', 'migration_fit_data', 'create_dwh_table.recreate_dwh_student', 'manual__2024-12-17T04:21:03.915875+00:00', '--job-id', '853', '--raw', '--subdir', 'DAGS_FOLDER/elt_migrate.py', '--cfg-path', '/tmp/tmpwnzdwunl']
[2024-12-17T04:22:57.727+0000] {standard_task_runner.py:91} INFO - Job 853: Subtask create_dwh_table.recreate_dwh_student
[2024-12-17T04:22:58.339+0000] {task_command.py:426} INFO - Running <TaskInstance: migration_fit_data.create_dwh_table.recreate_dwh_student manual__2024-12-17T04:21:03.915875+00:00 [running]> on host 2f4e9c743994
[2024-12-17T04:22:59.387+0000] {taskinstance.py:2648} INFO - Exporting env vars: AIRFLOW_CTX_DAG_OWNER='***' AIRFLOW_CTX_DAG_ID='migration_fit_data' AIRFLOW_CTX_TASK_ID='create_dwh_table.recreate_dwh_student' AIRFLOW_CTX_EXECUTION_DATE='2024-12-17T04:21:03.915875+00:00' AIRFLOW_CTX_TRY_NUMBER='1' AIRFLOW_CTX_DAG_RUN_ID='manual__2024-12-17T04:21:03.915875+00:00'
[2024-12-17T04:22:59.392+0000] {taskinstance.py:430} INFO - ::endgroup::
[2024-12-17T04:22:59.459+0000] {hive.py:475} INFO - USE `default`
[2024-12-17T04:22:59.625+0000] {hive.py:475} INFO - DROP TABLE IF EXISTS iceberg.warehouse.student
[2024-12-17T04:23:00.112+0000] {hive.py:475} INFO - CREATE DATABASE IF NOT EXISTS warehouse
[2024-12-17T04:23:00.163+0000] {hive.py:475} INFO - 
        CREATE TABLE IF NOT EXISTS iceberg.warehouse.student (
            student_id STRING,student_name STRING,class_name STRING,edu_mail STRING,address_id BIGINT,national_id BIGINT,key_year STRING,gender STRING,student_dob TIMESTAMP   
        )
        USING iceberg
        LOCATION '/fit_warehouse/warehouse/student/*.snappy.parquet'
    
[2024-12-17T04:23:00.618+0000] {python.py:237} INFO - Done. Returned value was: None
[2024-12-17T04:23:00.619+0000] {taskinstance.py:441} INFO - ::group::Post task execution logs
[2024-12-17T04:23:00.686+0000] {taskinstance.py:1206} INFO - Marking task as SUCCESS. dag_id=migration_fit_data, task_id=create_dwh_table.recreate_dwh_student, run_id=manual__2024-12-17T04:21:03.915875+00:00, execution_date=20241217T042103, start_date=20241217T042257, end_date=20241217T042300
[2024-12-17T04:23:00.920+0000] {local_task_job_runner.py:240} INFO - Task exited with return code 0
[2024-12-17T04:23:01.022+0000] {local_task_job_runner.py:222} INFO - ::endgroup::
