[2024-12-19T04:33:39.044+0000] {local_task_job_runner.py:120} INFO - ::group::Pre task execution logs
[2024-12-19T04:33:39.143+0000] {taskinstance.py:2076} INFO - Dependencies all met for dep_context=non-requeueable deps ti=<TaskInstance: ELT_score_fact_data.insert_warehouse.insert_dwh_score_detail manual__2024-12-19T04:33:17.224940+00:00 [queued]>
[2024-12-19T04:33:39.166+0000] {taskinstance.py:2076} INFO - Dependencies all met for dep_context=requeueable deps ti=<TaskInstance: ELT_score_fact_data.insert_warehouse.insert_dwh_score_detail manual__2024-12-19T04:33:17.224940+00:00 [queued]>
[2024-12-19T04:33:39.166+0000] {taskinstance.py:2306} INFO - Starting attempt 1 of 1
[2024-12-19T04:33:39.197+0000] {taskinstance.py:2330} INFO - Executing <Task(PythonOperator): insert_warehouse.insert_dwh_score_detail> on 2024-12-19 04:33:17.224940+00:00
[2024-12-19T04:33:39.220+0000] {standard_task_runner.py:90} INFO - Running: ['***', 'tasks', 'run', 'ELT_score_fact_data', 'insert_warehouse.insert_dwh_score_detail', 'manual__2024-12-19T04:33:17.224940+00:00', '--job-id', '1303', '--raw', '--subdir', 'DAGS_FOLDER/elt_score_fact.py', '--cfg-path', '/tmp/tmp027xop73']
[2024-12-19T04:33:39.223+0000] {standard_task_runner.py:91} INFO - Job 1303: Subtask insert_warehouse.insert_dwh_score_detail
[2024-12-19T04:33:39.219+0000] {warnings.py:110} WARNING - /home/***/.local/lib/python3.12/site-packages/***/task/task_runner/standard_task_runner.py:61: DeprecationWarning: This process (pid=8831) is multi-threaded, use of fork() may lead to deadlocks in the child.
  pid = os.fork()

[2024-12-19T04:33:39.226+0000] {standard_task_runner.py:63} INFO - Started process 8836 to run task
[2024-12-19T04:33:39.382+0000] {task_command.py:426} INFO - Running <TaskInstance: ELT_score_fact_data.insert_warehouse.insert_dwh_score_detail manual__2024-12-19T04:33:17.224940+00:00 [running]> on host 33a17f71e955
[2024-12-19T04:33:39.587+0000] {taskinstance.py:2648} INFO - Exporting env vars: AIRFLOW_CTX_DAG_OWNER='***' AIRFLOW_CTX_DAG_ID='ELT_score_fact_data' AIRFLOW_CTX_TASK_ID='insert_warehouse.insert_dwh_score_detail' AIRFLOW_CTX_EXECUTION_DATE='2024-12-19T04:33:17.224940+00:00' AIRFLOW_CTX_TRY_NUMBER='1' AIRFLOW_CTX_DAG_RUN_ID='manual__2024-12-19T04:33:17.224940+00:00'
[2024-12-19T04:33:39.590+0000] {taskinstance.py:430} INFO - ::endgroup::
[2024-12-19T04:33:39.630+0000] {hive.py:475} INFO - USE `default`
[2024-12-19T04:33:39.751+0000] {hive.py:475} INFO - SELECT COUNT(*) FROM default.score_detail
[2024-12-19T04:33:40.219+0000] {logging_mixin.py:188} INFO - SELECT COUNT(*) FROM default.score_detail --- 0
[2024-12-19T04:33:40.220+0000] {logging_mixin.py:188} INFO - STAGING HAS NO DATA, SKIPPING...
[2024-12-19T04:33:40.220+0000] {python.py:237} INFO - Done. Returned value was: None
[2024-12-19T04:33:40.220+0000] {taskinstance.py:441} INFO - ::group::Post task execution logs
[2024-12-19T04:33:40.238+0000] {taskinstance.py:1206} INFO - Marking task as SUCCESS. dag_id=ELT_score_fact_data, task_id=insert_warehouse.insert_dwh_score_detail, run_id=manual__2024-12-19T04:33:17.224940+00:00, execution_date=20241219T043317, start_date=20241219T043339, end_date=20241219T043340
[2024-12-19T04:33:40.306+0000] {local_task_job_runner.py:240} INFO - Task exited with return code 0
[2024-12-19T04:33:40.366+0000] {taskinstance.py:3498} INFO - 6 downstream tasks scheduled from follow-on schedule check
[2024-12-19T04:33:40.372+0000] {local_task_job_runner.py:222} INFO - ::endgroup::
