[2024-12-17T05:31:38.759+0000] {local_task_job_runner.py:120} INFO - ::group::Pre task execution logs
[2024-12-17T05:31:39.380+0000] {taskinstance.py:2076} INFO - Dependencies all met for dep_context=non-requeueable deps ti=<TaskInstance: migration_fit_data.load_staging.create_staging_program_semester manual__2024-12-17T05:30:38.897078+00:00 [queued]>
[2024-12-17T05:31:39.544+0000] {taskinstance.py:2076} INFO - Dependencies all met for dep_context=requeueable deps ti=<TaskInstance: migration_fit_data.load_staging.create_staging_program_semester manual__2024-12-17T05:30:38.897078+00:00 [queued]>
[2024-12-17T05:31:39.544+0000] {taskinstance.py:2306} INFO - Starting attempt 1 of 1
[2024-12-17T05:31:39.799+0000] {taskinstance.py:2330} INFO - Executing <Task(PythonOperator): load_staging.create_staging_program_semester> on 2024-12-17 05:30:38.897078+00:00
[2024-12-17T05:31:39.845+0000] {warnings.py:110} WARNING - /home/***/.local/lib/python3.12/site-packages/***/task/task_runner/standard_task_runner.py:61: DeprecationWarning: This process (pid=38271) is multi-threaded, use of fork() may lead to deadlocks in the child.
  pid = os.fork()

[2024-12-17T05:31:39.853+0000] {standard_task_runner.py:63} INFO - Started process 38300 to run task
[2024-12-17T05:31:39.854+0000] {standard_task_runner.py:90} INFO - Running: ['***', 'tasks', 'run', 'migration_fit_data', 'load_staging.create_staging_program_semester', 'manual__2024-12-17T05:30:38.897078+00:00', '--job-id', '915', '--raw', '--subdir', 'DAGS_FOLDER/elt_migrate.py', '--cfg-path', '/tmp/tmpdulyg8h3']
[2024-12-17T05:31:39.881+0000] {standard_task_runner.py:91} INFO - Job 915: Subtask load_staging.create_staging_program_semester
[2024-12-17T05:31:40.260+0000] {task_command.py:426} INFO - Running <TaskInstance: migration_fit_data.load_staging.create_staging_program_semester manual__2024-12-17T05:30:38.897078+00:00 [running]> on host 2f4e9c743994
[2024-12-17T05:31:41.643+0000] {taskinstance.py:2648} INFO - Exporting env vars: AIRFLOW_CTX_DAG_OWNER='***' AIRFLOW_CTX_DAG_ID='migration_fit_data' AIRFLOW_CTX_TASK_ID='load_staging.create_staging_program_semester' AIRFLOW_CTX_EXECUTION_DATE='2024-12-17T05:30:38.897078+00:00' AIRFLOW_CTX_TRY_NUMBER='1' AIRFLOW_CTX_DAG_RUN_ID='manual__2024-12-17T05:30:38.897078+00:00'
[2024-12-17T05:31:41.644+0000] {taskinstance.py:430} INFO - ::endgroup::
[2024-12-17T05:31:41.797+0000] {hive.py:475} INFO - USE `default`
[2024-12-17T05:31:42.147+0000] {hive.py:475} INFO - DROP TABLE IF EXISTS default.program_semester
[2024-12-17T05:31:44.118+0000] {hive.py:475} INFO - 
        CREATE TABLE IF NOT EXISTS default.program_semester (
            program_semester_id STRING,program_id STRING,semester_name STRING,total_credit BIGINT,required_credit BIGINT,elective_credit BIGINT   
        )   
        STORED AS PARQUET
        LOCATION '/fit_warehouse/raw/program_semester/*.snappy.parquet'
    
[2024-12-17T05:31:44.428+0000] {hive.py:475} INFO - ANALYZE TABLE default.program_semester COMPUTE STATISTICS
[2024-12-17T05:31:46.975+0000] {python.py:237} INFO - Done. Returned value was: None
[2024-12-17T05:31:46.976+0000] {taskinstance.py:441} INFO - ::group::Post task execution logs
[2024-12-17T05:31:47.005+0000] {taskinstance.py:1206} INFO - Marking task as SUCCESS. dag_id=migration_fit_data, task_id=load_staging.create_staging_program_semester, run_id=manual__2024-12-17T05:30:38.897078+00:00, execution_date=20241217T053038, start_date=20241217T053139, end_date=20241217T053147
[2024-12-17T05:31:47.306+0000] {local_task_job_runner.py:240} INFO - Task exited with return code 0
[2024-12-17T05:31:47.388+0000] {local_task_job_runner.py:222} INFO - ::endgroup::
