[2024-12-17T04:21:28.499+0000] {local_task_job_runner.py:120} INFO - ::group::Pre task execution logs
[2024-12-17T04:21:28.778+0000] {taskinstance.py:2076} INFO - Dependencies all met for dep_context=non-requeueable deps ti=<TaskInstance: migration_fit_data.get_raw_data.extract_raw_score_detail manual__2024-12-17T04:21:03.915875+00:00 [queued]>
[2024-12-17T04:21:28.851+0000] {taskinstance.py:2076} INFO - Dependencies all met for dep_context=requeueable deps ti=<TaskInstance: migration_fit_data.get_raw_data.extract_raw_score_detail manual__2024-12-17T04:21:03.915875+00:00 [queued]>
[2024-12-17T04:21:28.853+0000] {taskinstance.py:2306} INFO - Starting attempt 1 of 1
[2024-12-17T04:21:28.976+0000] {taskinstance.py:2330} INFO - Executing <Task(PythonOperator): get_raw_data.extract_raw_score_detail> on 2024-12-17 04:21:03.915875+00:00
[2024-12-17T04:21:29.038+0000] {warnings.py:110} WARNING - /home/***/.local/lib/python3.12/site-packages/***/task/task_runner/standard_task_runner.py:61: DeprecationWarning: This process (pid=37091) is multi-threaded, use of fork() may lead to deadlocks in the child.
  pid = os.fork()

[2024-12-17T04:21:29.621+0000] {standard_task_runner.py:63} INFO - Started process 37124 to run task
[2024-12-17T04:21:29.071+0000] {standard_task_runner.py:90} INFO - Running: ['***', 'tasks', 'run', 'migration_fit_data', 'get_raw_data.extract_raw_score_detail', 'manual__2024-12-17T04:21:03.915875+00:00', '--job-id', '822', '--raw', '--subdir', 'DAGS_FOLDER/elt_migrate.py', '--cfg-path', '/tmp/tmpt6ej2iar']
[2024-12-17T04:21:29.627+0000] {standard_task_runner.py:91} INFO - Job 822: Subtask get_raw_data.extract_raw_score_detail
[2024-12-17T04:21:29.799+0000] {task_command.py:426} INFO - Running <TaskInstance: migration_fit_data.get_raw_data.extract_raw_score_detail manual__2024-12-17T04:21:03.915875+00:00 [running]> on host 2f4e9c743994
[2024-12-17T04:21:30.267+0000] {taskinstance.py:2648} INFO - Exporting env vars: AIRFLOW_CTX_DAG_OWNER='***' AIRFLOW_CTX_DAG_ID='migration_fit_data' AIRFLOW_CTX_TASK_ID='get_raw_data.extract_raw_score_detail' AIRFLOW_CTX_EXECUTION_DATE='2024-12-17T04:21:03.915875+00:00' AIRFLOW_CTX_TRY_NUMBER='1' AIRFLOW_CTX_DAG_RUN_ID='manual__2024-12-17T04:21:03.915875+00:00'
[2024-12-17T04:21:30.270+0000] {taskinstance.py:430} INFO - ::endgroup::
[2024-12-17T04:21:32.496+0000] {__init__.py:412} INFO - DELETE /fit_warehouse/raw/score_detail/ recursive=True user.name=default namenode:9870
[2024-12-17T04:21:32.577+0000] {__init__.py:412} INFO - GETFILESTATUS /fit_warehouse/raw/score_detail/ user.name=default namenode:9870
[2024-12-17T04:21:32.645+0000] {__init__.py:412} INFO - MKDIRS /fit_warehouse/raw/score_detail/ user.name=default namenode:9870
[2024-12-17T04:21:34.143+0000] {__init__.py:412} INFO - CREATE /fit_warehouse/raw/score_detail/score_detail_01.snappy.parquet overwrite=True async_=True user.name=default namenode:9870
[2024-12-17T04:21:38.519+0000] {python.py:237} INFO - Done. Returned value was: None
[2024-12-17T04:21:38.520+0000] {taskinstance.py:441} INFO - ::group::Post task execution logs
[2024-12-17T04:21:38.611+0000] {taskinstance.py:1206} INFO - Marking task as SUCCESS. dag_id=migration_fit_data, task_id=get_raw_data.extract_raw_score_detail, run_id=manual__2024-12-17T04:21:03.915875+00:00, execution_date=20241217T042103, start_date=20241217T042128, end_date=20241217T042138
[2024-12-17T04:21:38.876+0000] {local_task_job_runner.py:240} INFO - Task exited with return code 0
[2024-12-17T04:21:39.251+0000] {taskinstance.py:3498} INFO - 0 downstream tasks scheduled from follow-on schedule check
[2024-12-17T04:21:39.255+0000] {local_task_job_runner.py:222} INFO - ::endgroup::
