[2024-12-19T04:25:54.100+0000] {local_task_job_runner.py:120} INFO - ::group::Pre task execution logs
[2024-12-19T04:25:54.440+0000] {taskinstance.py:2076} INFO - Dependencies all met for dep_context=non-requeueable deps ti=<TaskInstance: ELT_dimention_data.insert_warehouse.insert_dwh_class manual__2024-12-19T04:24:45.064013+00:00 [queued]>
[2024-12-19T04:25:54.626+0000] {taskinstance.py:2076} INFO - Dependencies all met for dep_context=requeueable deps ti=<TaskInstance: ELT_dimention_data.insert_warehouse.insert_dwh_class manual__2024-12-19T04:24:45.064013+00:00 [queued]>
[2024-12-19T04:25:54.631+0000] {taskinstance.py:2306} INFO - Starting attempt 1 of 1
[2024-12-19T04:25:55.128+0000] {taskinstance.py:2330} INFO - Executing <Task(PythonOperator): insert_warehouse.insert_dwh_class> on 2024-12-19 04:24:45.064013+00:00
[2024-12-19T04:25:55.364+0000] {warnings.py:110} WARNING - /home/***/.local/lib/python3.12/site-packages/***/task/task_runner/standard_task_runner.py:61: DeprecationWarning: This process (pid=8407) is multi-threaded, use of fork() may lead to deadlocks in the child.
  pid = os.fork()

[2024-12-19T04:25:55.365+0000] {standard_task_runner.py:63} INFO - Started process 8424 to run task
[2024-12-19T04:25:55.373+0000] {standard_task_runner.py:90} INFO - Running: ['***', 'tasks', 'run', 'ELT_dimention_data', 'insert_warehouse.insert_dwh_class', 'manual__2024-12-19T04:24:45.064013+00:00', '--job-id', '1193', '--raw', '--subdir', 'DAGS_FOLDER/elt_dimention.py', '--cfg-path', '/tmp/tmpxpi0a4ku']
[2024-12-19T04:25:55.446+0000] {standard_task_runner.py:91} INFO - Job 1193: Subtask insert_warehouse.insert_dwh_class
[2024-12-19T04:25:56.118+0000] {task_command.py:426} INFO - Running <TaskInstance: ELT_dimention_data.insert_warehouse.insert_dwh_class manual__2024-12-19T04:24:45.064013+00:00 [running]> on host 33a17f71e955
[2024-12-19T04:25:56.742+0000] {taskinstance.py:2648} INFO - Exporting env vars: AIRFLOW_CTX_DAG_OWNER='***' AIRFLOW_CTX_DAG_ID='ELT_dimention_data' AIRFLOW_CTX_TASK_ID='insert_warehouse.insert_dwh_class' AIRFLOW_CTX_EXECUTION_DATE='2024-12-19T04:24:45.064013+00:00' AIRFLOW_CTX_TRY_NUMBER='1' AIRFLOW_CTX_DAG_RUN_ID='manual__2024-12-19T04:24:45.064013+00:00'
[2024-12-19T04:25:56.763+0000] {taskinstance.py:430} INFO - ::endgroup::
[2024-12-19T04:25:56.932+0000] {hive.py:475} INFO - USE `default`
[2024-12-19T04:25:58.036+0000] {hive.py:475} INFO - SELECT COUNT(*) FROM default.class
[2024-12-19T04:26:02.498+0000] {logging_mixin.py:188} INFO - SELECT COUNT(*) FROM default.class --- 0
[2024-12-19T04:26:02.501+0000] {logging_mixin.py:188} INFO - STAGING HAS NO DATA, SKIPPING...
[2024-12-19T04:26:02.508+0000] {python.py:237} INFO - Done. Returned value was: None
[2024-12-19T04:26:02.529+0000] {taskinstance.py:441} INFO - ::group::Post task execution logs
[2024-12-19T04:26:02.610+0000] {taskinstance.py:1206} INFO - Marking task as SUCCESS. dag_id=ELT_dimention_data, task_id=insert_warehouse.insert_dwh_class, run_id=manual__2024-12-19T04:24:45.064013+00:00, execution_date=20241219T042445, start_date=20241219T042554, end_date=20241219T042602
[2024-12-19T04:26:02.864+0000] {local_task_job_runner.py:240} INFO - Task exited with return code 0
[2024-12-19T04:26:03.025+0000] {taskinstance.py:3498} INFO - 0 downstream tasks scheduled from follow-on schedule check
[2024-12-19T04:26:03.033+0000] {local_task_job_runner.py:222} INFO - ::endgroup::
