[2024-12-16T15:44:12.366+0000] {local_task_job_runner.py:120} INFO - ::group::Pre task execution logs
[2024-12-16T15:44:12.990+0000] {taskinstance.py:2076} INFO - Dependencies all met for dep_context=non-requeueable deps ti=<TaskInstance: migration_fit_data.insert_warehouse.insert_dwh_address manual__2024-12-16T15:42:13.474492+00:00 [queued]>
[2024-12-16T15:44:13.271+0000] {taskinstance.py:2076} INFO - Dependencies all met for dep_context=requeueable deps ti=<TaskInstance: migration_fit_data.insert_warehouse.insert_dwh_address manual__2024-12-16T15:42:13.474492+00:00 [queued]>
[2024-12-16T15:44:13.272+0000] {taskinstance.py:2306} INFO - Starting attempt 1 of 1
[2024-12-16T15:44:13.496+0000] {taskinstance.py:2330} INFO - Executing <Task(PythonOperator): insert_warehouse.insert_dwh_address> on 2024-12-16 15:42:13.474492+00:00
[2024-12-16T15:44:13.731+0000] {warnings.py:110} WARNING - /home/***/.local/lib/python3.12/site-packages/***/task/task_runner/standard_task_runner.py:61: DeprecationWarning: This process (pid=27419) is multi-threaded, use of fork() may lead to deadlocks in the child.
  pid = os.fork()

[2024-12-16T15:44:13.793+0000] {standard_task_runner.py:63} INFO - Started process 27445 to run task
[2024-12-16T15:44:13.780+0000] {standard_task_runner.py:90} INFO - Running: ['***', 'tasks', 'run', 'migration_fit_data', 'insert_warehouse.insert_dwh_address', 'manual__2024-12-16T15:42:13.474492+00:00', '--job-id', '705', '--raw', '--subdir', 'DAGS_FOLDER/elt_migrate.py', '--cfg-path', '/tmp/tmppvikwu78']
[2024-12-16T15:44:13.873+0000] {standard_task_runner.py:91} INFO - Job 705: Subtask insert_warehouse.insert_dwh_address
[2024-12-16T15:44:14.942+0000] {task_command.py:426} INFO - Running <TaskInstance: migration_fit_data.insert_warehouse.insert_dwh_address manual__2024-12-16T15:42:13.474492+00:00 [running]> on host 2f4e9c743994
[2024-12-16T15:44:16.909+0000] {taskinstance.py:2648} INFO - Exporting env vars: AIRFLOW_CTX_DAG_OWNER='***' AIRFLOW_CTX_DAG_ID='migration_fit_data' AIRFLOW_CTX_TASK_ID='insert_warehouse.insert_dwh_address' AIRFLOW_CTX_EXECUTION_DATE='2024-12-16T15:42:13.474492+00:00' AIRFLOW_CTX_TRY_NUMBER='1' AIRFLOW_CTX_DAG_RUN_ID='manual__2024-12-16T15:42:13.474492+00:00'
[2024-12-16T15:44:16.910+0000] {taskinstance.py:430} INFO - ::endgroup::
[2024-12-16T15:44:17.231+0000] {hive.py:475} INFO - USE `default`
[2024-12-16T15:44:18.316+0000] {hive.py:475} INFO - SELECT COUNT(*) FROM default.address
[2024-12-16T15:44:28.580+0000] {logging_mixin.py:188} INFO - SELECT COUNT(*) FROM default.address --- 5337
[2024-12-16T15:44:28.667+0000] {hive.py:475} INFO - 
            MERGE INTO iceberg.warehouse.address t
            USING default.address s
            ON t.address_id=s.address_id
            WHEN MATCHED 
                THEN UPDATE SET 
                t.address_id=s.address_id,t.ward=s.ward,t.district=s.district,t.city=s.city
            WHEN NOT MATCHED 
                THEN INSERT *
        
[2024-12-16T15:45:06.083+0000] {python.py:237} INFO - Done. Returned value was: None
[2024-12-16T15:45:06.084+0000] {taskinstance.py:441} INFO - ::group::Post task execution logs
[2024-12-16T15:45:06.388+0000] {taskinstance.py:1206} INFO - Marking task as SUCCESS. dag_id=migration_fit_data, task_id=insert_warehouse.insert_dwh_address, run_id=manual__2024-12-16T15:42:13.474492+00:00, execution_date=20241216T154213, start_date=20241216T154412, end_date=20241216T154506
[2024-12-16T15:45:06.514+0000] {local_task_job_runner.py:240} INFO - Task exited with return code 0
[2024-12-16T15:45:06.640+0000] {taskinstance.py:3498} INFO - 0 downstream tasks scheduled from follow-on schedule check
[2024-12-16T15:45:06.644+0000] {local_task_job_runner.py:222} INFO - ::endgroup::
