[2024-12-13T15:31:44.126+0000] {local_task_job_runner.py:120} INFO - ::group::Pre task execution logs
[2024-12-13T15:31:44.206+0000] {taskinstance.py:2076} INFO - Dependencies all met for dep_context=non-requeueable deps ti=<TaskInstance: migration_fit_data.get_raw_data.extract_raw_student manual__2024-12-13T15:31:35.788890+00:00 [queued]>
[2024-12-13T15:31:44.276+0000] {taskinstance.py:2076} INFO - Dependencies all met for dep_context=requeueable deps ti=<TaskInstance: migration_fit_data.get_raw_data.extract_raw_student manual__2024-12-13T15:31:35.788890+00:00 [queued]>
[2024-12-13T15:31:44.277+0000] {taskinstance.py:2306} INFO - Starting attempt 1 of 1
[2024-12-13T15:31:44.308+0000] {taskinstance.py:2330} INFO - Executing <Task(PythonOperator): get_raw_data.extract_raw_student> on 2024-12-13 15:31:35.788890+00:00
[2024-12-13T15:31:44.353+0000] {warnings.py:110} WARNING - /home/***/.local/lib/python3.12/site-packages/***/task/task_runner/standard_task_runner.py:61: DeprecationWarning: This process (pid=152) is multi-threaded, use of fork() may lead to deadlocks in the child.
  pid = os.fork()

[2024-12-13T15:31:44.365+0000] {standard_task_runner.py:63} INFO - Started process 180 to run task
[2024-12-13T15:31:44.460+0000] {standard_task_runner.py:90} INFO - Running: ['***', 'tasks', 'run', 'migration_fit_data', 'get_raw_data.extract_raw_student', 'manual__2024-12-13T15:31:35.788890+00:00', '--job-id', '32', '--raw', '--subdir', 'DAGS_FOLDER/elt_migrate.py', '--cfg-path', '/tmp/tmpnv8ydswp']
[2024-12-13T15:31:44.484+0000] {standard_task_runner.py:91} INFO - Job 32: Subtask get_raw_data.extract_raw_student
[2024-12-13T15:31:44.919+0000] {task_command.py:426} INFO - Running <TaskInstance: migration_fit_data.get_raw_data.extract_raw_student manual__2024-12-13T15:31:35.788890+00:00 [running]> on host 1fe973f28a1c
[2024-12-13T15:31:45.701+0000] {taskinstance.py:2648} INFO - Exporting env vars: AIRFLOW_CTX_DAG_OWNER='***' AIRFLOW_CTX_DAG_ID='migration_fit_data' AIRFLOW_CTX_TASK_ID='get_raw_data.extract_raw_student' AIRFLOW_CTX_EXECUTION_DATE='2024-12-13T15:31:35.788890+00:00' AIRFLOW_CTX_TRY_NUMBER='1' AIRFLOW_CTX_DAG_RUN_ID='manual__2024-12-13T15:31:35.788890+00:00'
[2024-12-13T15:31:45.705+0000] {taskinstance.py:430} INFO - ::endgroup::
[2024-12-13T15:31:46.651+0000] {__init__.py:412} INFO - DELETE /fit_warehouse/raw/student/ recursive=True user.name=default namenode:9870
[2024-12-13T15:31:46.717+0000] {__init__.py:412} INFO - GETFILESTATUS /fit_warehouse/raw/student/ user.name=default namenode:9870
[2024-12-13T15:31:46.756+0000] {__init__.py:412} INFO - MKDIRS /fit_warehouse/raw/student/ user.name=default namenode:9870
[2024-12-13T15:31:46.814+0000] {__init__.py:412} INFO - CREATE /fit_warehouse/raw/student/student_01.snappy.parquet overwrite=True async_=True user.name=default namenode:9870
[2024-12-13T15:31:48.449+0000] {python.py:237} INFO - Done. Returned value was: None
[2024-12-13T15:31:48.449+0000] {taskinstance.py:441} INFO - ::group::Post task execution logs
[2024-12-13T15:31:48.520+0000] {taskinstance.py:1206} INFO - Marking task as SUCCESS. dag_id=migration_fit_data, task_id=get_raw_data.extract_raw_student, run_id=manual__2024-12-13T15:31:35.788890+00:00, execution_date=20241213T153135, start_date=20241213T153144, end_date=20241213T153148
[2024-12-13T15:31:48.668+0000] {local_task_job_runner.py:240} INFO - Task exited with return code 0
[2024-12-13T15:31:48.726+0000] {local_task_job_runner.py:222} INFO - ::endgroup::
