[2024-12-18T18:44:10.140+0000] {local_task_job_runner.py:120} INFO - ::group::Pre task execution logs
[2024-12-18T18:44:10.319+0000] {taskinstance.py:2076} INFO - Dependencies all met for dep_context=non-requeueable deps ti=<TaskInstance: migration_fit_data.get_raw_data.extract_raw_class manual__2024-12-18T18:43:51.023607+00:00 [queued]>
[2024-12-18T18:44:10.378+0000] {taskinstance.py:2076} INFO - Dependencies all met for dep_context=requeueable deps ti=<TaskInstance: migration_fit_data.get_raw_data.extract_raw_class manual__2024-12-18T18:43:51.023607+00:00 [queued]>
[2024-12-18T18:44:10.380+0000] {taskinstance.py:2306} INFO - Starting attempt 1 of 1
[2024-12-18T18:44:10.428+0000] {taskinstance.py:2330} INFO - Executing <Task(PythonOperator): get_raw_data.extract_raw_class> on 2024-12-18 18:43:51.023607+00:00
[2024-12-18T18:44:10.499+0000] {warnings.py:110} WARNING - /home/***/.local/lib/python3.12/site-packages/***/task/task_runner/standard_task_runner.py:61: DeprecationWarning: This process (pid=1076) is multi-threaded, use of fork() may lead to deadlocks in the child.
  pid = os.fork()

[2024-12-18T18:44:10.513+0000] {standard_task_runner.py:63} INFO - Started process 1097 to run task
[2024-12-18T18:44:10.515+0000] {standard_task_runner.py:90} INFO - Running: ['***', 'tasks', 'run', 'migration_fit_data', 'get_raw_data.extract_raw_class', 'manual__2024-12-18T18:43:51.023607+00:00', '--job-id', '1076', '--raw', '--subdir', 'DAGS_FOLDER/elt_migrate.py', '--cfg-path', '/tmp/tmp6w0m8k1o']
[2024-12-18T18:44:10.537+0000] {standard_task_runner.py:91} INFO - Job 1076: Subtask get_raw_data.extract_raw_class
[2024-12-18T18:44:11.211+0000] {task_command.py:426} INFO - Running <TaskInstance: migration_fit_data.get_raw_data.extract_raw_class manual__2024-12-18T18:43:51.023607+00:00 [running]> on host 33a17f71e955
[2024-12-18T18:44:12.334+0000] {taskinstance.py:2648} INFO - Exporting env vars: AIRFLOW_CTX_DAG_OWNER='***' AIRFLOW_CTX_DAG_ID='migration_fit_data' AIRFLOW_CTX_TASK_ID='get_raw_data.extract_raw_class' AIRFLOW_CTX_EXECUTION_DATE='2024-12-18T18:43:51.023607+00:00' AIRFLOW_CTX_TRY_NUMBER='1' AIRFLOW_CTX_DAG_RUN_ID='manual__2024-12-18T18:43:51.023607+00:00'
[2024-12-18T18:44:12.365+0000] {taskinstance.py:430} INFO - ::endgroup::
[2024-12-18T18:44:20.122+0000] {__init__.py:412} INFO - DELETE /fit_warehouse/raw/class/ recursive=True user.name=default namenode:9870
[2024-12-18T18:44:21.664+0000] {__init__.py:412} INFO - GETFILESTATUS /fit_warehouse/raw/class/ user.name=default namenode:9870
[2024-12-18T18:44:21.728+0000] {__init__.py:412} INFO - MKDIRS /fit_warehouse/raw/class/ user.name=default namenode:9870
[2024-12-18T18:44:21.935+0000] {__init__.py:412} INFO - CREATE /fit_warehouse/raw/class/class_01.snappy.parquet overwrite=True async_=True user.name=default namenode:9870
[2024-12-18T18:44:22.386+0000] {python.py:237} INFO - Done. Returned value was: None
[2024-12-18T18:44:22.386+0000] {taskinstance.py:441} INFO - ::group::Post task execution logs
[2024-12-18T18:44:22.433+0000] {taskinstance.py:1206} INFO - Marking task as SUCCESS. dag_id=migration_fit_data, task_id=get_raw_data.extract_raw_class, run_id=manual__2024-12-18T18:43:51.023607+00:00, execution_date=20241218T184351, start_date=20241218T184410, end_date=20241218T184422
[2024-12-18T18:44:22.711+0000] {local_task_job_runner.py:240} INFO - Task exited with return code 0
[2024-12-18T18:44:22.805+0000] {local_task_job_runner.py:222} INFO - ::endgroup::
