[2024-12-17T05:30:59.245+0000] {local_task_job_runner.py:120} INFO - ::group::Pre task execution logs
[2024-12-17T05:30:59.306+0000] {taskinstance.py:2076} INFO - Dependencies all met for dep_context=non-requeueable deps ti=<TaskInstance: migration_fit_data.get_raw_data.extract_raw_instruction_lecturer manual__2024-12-17T05:30:38.897078+00:00 [queued]>
[2024-12-17T05:30:59.334+0000] {taskinstance.py:2076} INFO - Dependencies all met for dep_context=requeueable deps ti=<TaskInstance: migration_fit_data.get_raw_data.extract_raw_instruction_lecturer manual__2024-12-17T05:30:38.897078+00:00 [queued]>
[2024-12-17T05:30:59.335+0000] {taskinstance.py:2306} INFO - Starting attempt 1 of 1
[2024-12-17T05:30:59.853+0000] {taskinstance.py:2330} INFO - Executing <Task(PythonOperator): get_raw_data.extract_raw_instruction_lecturer> on 2024-12-17 05:30:38.897078+00:00
[2024-12-17T05:31:01.835+0000] {warnings.py:110} WARNING - /home/***/.local/lib/python3.12/site-packages/***/task/task_runner/standard_task_runner.py:61: DeprecationWarning: This process (pid=38206) is multi-threaded, use of fork() may lead to deadlocks in the child.
  pid = os.fork()

[2024-12-17T05:31:01.844+0000] {standard_task_runner.py:63} INFO - Started process 38235 to run task
[2024-12-17T05:31:01.843+0000] {standard_task_runner.py:90} INFO - Running: ['***', 'tasks', 'run', 'migration_fit_data', 'get_raw_data.extract_raw_instruction_lecturer', 'manual__2024-12-17T05:30:38.897078+00:00', '--job-id', '903', '--raw', '--subdir', 'DAGS_FOLDER/elt_migrate.py', '--cfg-path', '/tmp/tmppjc4vamt']
[2024-12-17T05:31:01.848+0000] {standard_task_runner.py:91} INFO - Job 903: Subtask get_raw_data.extract_raw_instruction_lecturer
[2024-12-17T05:31:02.031+0000] {task_command.py:426} INFO - Running <TaskInstance: migration_fit_data.get_raw_data.extract_raw_instruction_lecturer manual__2024-12-17T05:30:38.897078+00:00 [running]> on host 2f4e9c743994
[2024-12-17T05:31:02.393+0000] {taskinstance.py:2648} INFO - Exporting env vars: AIRFLOW_CTX_DAG_OWNER='***' AIRFLOW_CTX_DAG_ID='migration_fit_data' AIRFLOW_CTX_TASK_ID='get_raw_data.extract_raw_instruction_lecturer' AIRFLOW_CTX_EXECUTION_DATE='2024-12-17T05:30:38.897078+00:00' AIRFLOW_CTX_TRY_NUMBER='1' AIRFLOW_CTX_DAG_RUN_ID='manual__2024-12-17T05:30:38.897078+00:00'
[2024-12-17T05:31:02.400+0000] {taskinstance.py:430} INFO - ::endgroup::
[2024-12-17T05:31:03.366+0000] {__init__.py:412} INFO - DELETE /fit_warehouse/raw/instruction_lecturer/ recursive=True user.name=default namenode:9870
[2024-12-17T05:31:03.408+0000] {__init__.py:412} INFO - GETFILESTATUS /fit_warehouse/raw/instruction_lecturer/ user.name=default namenode:9870
[2024-12-17T05:31:03.437+0000] {__init__.py:412} INFO - MKDIRS /fit_warehouse/raw/instruction_lecturer/ user.name=default namenode:9870
[2024-12-17T05:31:03.454+0000] {__init__.py:412} INFO - CREATE /fit_warehouse/raw/instruction_lecturer/instruction_lecturer_01.snappy.parquet overwrite=True async_=True user.name=default namenode:9870
[2024-12-17T05:31:03.612+0000] {python.py:237} INFO - Done. Returned value was: None
[2024-12-17T05:31:03.616+0000] {taskinstance.py:441} INFO - ::group::Post task execution logs
[2024-12-17T05:31:03.661+0000] {taskinstance.py:1206} INFO - Marking task as SUCCESS. dag_id=migration_fit_data, task_id=get_raw_data.extract_raw_instruction_lecturer, run_id=manual__2024-12-17T05:30:38.897078+00:00, execution_date=20241217T053038, start_date=20241217T053059, end_date=20241217T053103
[2024-12-17T05:31:03.766+0000] {local_task_job_runner.py:240} INFO - Task exited with return code 0
[2024-12-17T05:31:03.815+0000] {local_task_job_runner.py:222} INFO - ::endgroup::
