[2024-12-14T20:18:43.947+0000] {local_task_job_runner.py:120} INFO - ::group::Pre task execution logs
[2024-12-14T20:18:44.033+0000] {taskinstance.py:2076} INFO - Dependencies all met for dep_context=non-requeueable deps ti=<TaskInstance: migration_fit_data.aggregate_warehouse.aggregate_score_distribution manual__2024-12-14T20:17:26.395846+00:00 [queued]>
[2024-12-14T20:18:44.067+0000] {taskinstance.py:2076} INFO - Dependencies all met for dep_context=requeueable deps ti=<TaskInstance: migration_fit_data.aggregate_warehouse.aggregate_score_distribution manual__2024-12-14T20:17:26.395846+00:00 [queued]>
[2024-12-14T20:18:44.068+0000] {taskinstance.py:2306} INFO - Starting attempt 1 of 1
[2024-12-14T20:18:44.103+0000] {taskinstance.py:2330} INFO - Executing <Task(PythonOperator): aggregate_warehouse.aggregate_score_distribution> on 2024-12-14 20:17:26.395846+00:00
[2024-12-14T20:18:44.124+0000] {warnings.py:110} WARNING - /home/***/.local/lib/python3.12/site-packages/***/task/task_runner/standard_task_runner.py:61: DeprecationWarning: This process (pid=8162) is multi-threaded, use of fork() may lead to deadlocks in the child.
  pid = os.fork()

[2024-12-14T20:18:44.126+0000] {standard_task_runner.py:63} INFO - Started process 8173 to run task
[2024-12-14T20:18:44.140+0000] {standard_task_runner.py:90} INFO - Running: ['***', 'tasks', 'run', 'migration_fit_data', 'aggregate_warehouse.aggregate_score_distribution', 'manual__2024-12-14T20:17:26.395846+00:00', '--job-id', '410', '--raw', '--subdir', 'DAGS_FOLDER/elt_migrate.py', '--cfg-path', '/tmp/tmpwp9jcmfg']
[2024-12-14T20:18:44.150+0000] {standard_task_runner.py:91} INFO - Job 410: Subtask aggregate_warehouse.aggregate_score_distribution
[2024-12-14T20:18:44.296+0000] {task_command.py:426} INFO - Running <TaskInstance: migration_fit_data.aggregate_warehouse.aggregate_score_distribution manual__2024-12-14T20:17:26.395846+00:00 [running]> on host 472b63b715e1
[2024-12-14T20:18:44.592+0000] {taskinstance.py:2648} INFO - Exporting env vars: AIRFLOW_CTX_DAG_OWNER='***' AIRFLOW_CTX_DAG_ID='migration_fit_data' AIRFLOW_CTX_TASK_ID='aggregate_warehouse.aggregate_score_distribution' AIRFLOW_CTX_EXECUTION_DATE='2024-12-14T20:17:26.395846+00:00' AIRFLOW_CTX_TRY_NUMBER='1' AIRFLOW_CTX_DAG_RUN_ID='manual__2024-12-14T20:17:26.395846+00:00'
[2024-12-14T20:18:44.599+0000] {taskinstance.py:430} INFO - ::endgroup::
[2024-12-14T20:18:44.660+0000] {hive.py:475} INFO - USE `default`
[2024-12-14T20:18:44.713+0000] {hive.py:475} INFO - CREATE NAMESPACE IF NOT EXISTS iceberg.aggr_warehouse
[2024-12-14T20:18:44.754+0000] {hive.py:475} INFO - DROP TABLE IF EXISTS iceberg.aggr_warehouse.score_distribution
[2024-12-14T20:18:44.866+0000] {hive.py:475} INFO - 
    CREATE OR REPLACE TABLE iceberg.aggr_warehouse.score_distribution
    USING parquet
    AS
    SELECT
        c.course_id,
        c.course_name,
        ps.program_id,
        ps.semester_name,
        sf.academic_rank,
        COUNT(*) AS num_students_with_rank
    FROM
        iceberg.warehouse.score_fact sf
    JOIN iceberg.warehouse.instruction_fact inf 
        ON sf.instruction_id = inf.instruction_id
    JOIN iceberg.warehouse.course c 
        ON inf.course_id = c.course_id
    JOIN iceberg.warehouse.program_semester ps 
        ON inf.program_semester_id = ps.program_semester_id
    GROUP BY
        c.course_id,
        c.course_name,
        ps.program_id,
        ps.semester_name,
        sf.academic_rank;
    
[2024-12-14T20:18:49.250+0000] {__init__.py:412} INFO - DELETE /user/hive/warehouse/aggr_warehouse.db/score_distribution_parquet recursive=True user.name=default namenode:9870
[2024-12-14T20:18:49.296+0000] {hive.py:475} INFO - 
        DROP TABLE IF EXISTS spark_catalog.aggr_warehouse.score_distribution_parquet
    
[2024-12-14T20:18:50.095+0000] {hive.py:475} INFO - 
        CREATE TABLE spark_catalog.aggr_warehouse.score_distribution_parquet
        USING parquet
        AS
        SELECT * FROM iceberg.aggr_warehouse.score_distribution
    
[2024-12-14T20:18:52.199+0000] {python.py:237} INFO - Done. Returned value was: None
[2024-12-14T20:18:52.200+0000] {taskinstance.py:441} INFO - ::group::Post task execution logs
[2024-12-14T20:18:52.230+0000] {taskinstance.py:1206} INFO - Marking task as SUCCESS. dag_id=migration_fit_data, task_id=aggregate_warehouse.aggregate_score_distribution, run_id=manual__2024-12-14T20:17:26.395846+00:00, execution_date=20241214T201726, start_date=20241214T201844, end_date=20241214T201852
[2024-12-14T20:18:52.277+0000] {local_task_job_runner.py:240} INFO - Task exited with return code 0
[2024-12-14T20:18:52.299+0000] {local_task_job_runner.py:222} INFO - ::endgroup::
