[2024-12-14T11:19:22.632+0000] {local_task_job_runner.py:120} INFO - ::group::Pre task execution logs
[2024-12-14T11:19:22.676+0000] {taskinstance.py:2076} INFO - Dependencies all met for dep_context=non-requeueable deps ti=<TaskInstance: migration_fit_data.aggregate_warehouse.aggregate_score_distribution manual__2024-12-14T11:17:14.621727+00:00 [queued]>
[2024-12-14T11:19:22.698+0000] {taskinstance.py:2076} INFO - Dependencies all met for dep_context=requeueable deps ti=<TaskInstance: migration_fit_data.aggregate_warehouse.aggregate_score_distribution manual__2024-12-14T11:17:14.621727+00:00 [queued]>
[2024-12-14T11:19:22.699+0000] {taskinstance.py:2306} INFO - Starting attempt 1 of 1
[2024-12-14T11:19:22.727+0000] {taskinstance.py:2330} INFO - Executing <Task(PythonOperator): aggregate_warehouse.aggregate_score_distribution> on 2024-12-14 11:17:14.621727+00:00
[2024-12-14T11:19:22.742+0000] {warnings.py:110} WARNING - /home/***/.local/lib/python3.12/site-packages/***/task/task_runner/standard_task_runner.py:61: DeprecationWarning: This process (pid=459) is multi-threaded, use of fork() may lead to deadlocks in the child.
  pid = os.fork()

[2024-12-14T11:19:22.749+0000] {standard_task_runner.py:63} INFO - Started process 470 to run task
[2024-12-14T11:19:22.752+0000] {standard_task_runner.py:90} INFO - Running: ['***', 'tasks', 'run', 'migration_fit_data', 'aggregate_warehouse.aggregate_score_distribution', 'manual__2024-12-14T11:17:14.621727+00:00', '--job-id', '91', '--raw', '--subdir', 'DAGS_FOLDER/elt_migrate.py', '--cfg-path', '/tmp/tmp5kc6dum9']
[2024-12-14T11:19:22.758+0000] {standard_task_runner.py:91} INFO - Job 91: Subtask aggregate_warehouse.aggregate_score_distribution
[2024-12-14T11:19:22.897+0000] {task_command.py:426} INFO - Running <TaskInstance: migration_fit_data.aggregate_warehouse.aggregate_score_distribution manual__2024-12-14T11:17:14.621727+00:00 [running]> on host 472b63b715e1
[2024-12-14T11:19:23.071+0000] {taskinstance.py:2648} INFO - Exporting env vars: AIRFLOW_CTX_DAG_OWNER='***' AIRFLOW_CTX_DAG_ID='migration_fit_data' AIRFLOW_CTX_TASK_ID='aggregate_warehouse.aggregate_score_distribution' AIRFLOW_CTX_EXECUTION_DATE='2024-12-14T11:17:14.621727+00:00' AIRFLOW_CTX_TRY_NUMBER='1' AIRFLOW_CTX_DAG_RUN_ID='manual__2024-12-14T11:17:14.621727+00:00'
[2024-12-14T11:19:23.072+0000] {taskinstance.py:430} INFO - ::endgroup::
[2024-12-14T11:19:23.100+0000] {hive.py:475} INFO - USE `default`
[2024-12-14T11:19:23.169+0000] {hive.py:475} INFO - CREATE NAMESPACE IF NOT EXISTS iceberg.aggr_warehouse
[2024-12-14T11:19:23.250+0000] {hive.py:475} INFO - DROP TABLE IF EXISTS iceberg.aggr_warehouse.score_distribution
[2024-12-14T11:19:23.321+0000] {hive.py:475} INFO - 
    CREATE OR REPLACE TABLE iceberg.aggr_warehouse.score_distribution
    USING parquet
    AS
    SELECT
        c.course_id,
        c.course_name,
        ps.semester_name,
        CASE
            WHEN sf.final_score_4 BETWEEN 0 AND 1 THEN '0-1'
            WHEN sf.final_score_4 > 1 AND sf.final_score_4 <= 2 THEN '1-2'
            WHEN sf.final_score_4 > 2 AND sf.final_score_4 <= 3 THEN '2-3'
            WHEN sf.final_score_4 > 3 AND sf.final_score_4 <= 4 THEN '3-4'
            ELSE 'Unknown'
        END AS score_range,
        COUNT(*) AS num_students_in_range
    FROM
        iceberg.warehouse.score_fact sf
    JOIN iceberg.warehouse.instruction_fact inf ON sf.instruction_id = inf.instruction_id
    JOIN iceberg.warehouse.course c ON inf.course_id = c.course_id
    JOIN iceberg.warehouse.program_semester ps ON inf.program_semester_id = ps.program_semester_id
    GROUP BY
        c.course_id,
        c.course_name,
        ps.semester_name,
        score_range;
    
[2024-12-14T11:19:32.092+0000] {__init__.py:412} INFO - DELETE /user/hive/warehouse/aggr_warehouse.db/score_distribution_parquet recursive=True user.name=default namenode:9870
[2024-12-14T11:19:32.120+0000] {hive.py:475} INFO - 
        DROP TABLE IF EXISTS spark_catalog.aggr_warehouse.score_distribution_parquet
    
[2024-12-14T11:19:32.151+0000] {hive.py:475} INFO - 
        CREATE TABLE spark_catalog.aggr_warehouse.score_distribution_parquet
        USING parquet
        AS
        SELECT * FROM iceberg.aggr_warehouse.score_distribution
    
[2024-12-14T11:19:35.914+0000] {python.py:237} INFO - Done. Returned value was: None
[2024-12-14T11:19:35.915+0000] {taskinstance.py:441} INFO - ::group::Post task execution logs
[2024-12-14T11:19:35.943+0000] {taskinstance.py:1206} INFO - Marking task as SUCCESS. dag_id=migration_fit_data, task_id=aggregate_warehouse.aggregate_score_distribution, run_id=manual__2024-12-14T11:17:14.621727+00:00, execution_date=20241214T111714, start_date=20241214T111922, end_date=20241214T111935
[2024-12-14T11:19:35.988+0000] {local_task_job_runner.py:240} INFO - Task exited with return code 0
[2024-12-14T11:19:36.058+0000] {taskinstance.py:3498} INFO - 0 downstream tasks scheduled from follow-on schedule check
[2024-12-14T11:19:36.064+0000] {local_task_job_runner.py:222} INFO - ::endgroup::
