[2024-12-19T04:25:52.940+0000] {local_task_job_runner.py:120} INFO - ::group::Pre task execution logs
[2024-12-19T04:25:52.980+0000] {taskinstance.py:2076} INFO - Dependencies all met for dep_context=non-requeueable deps ti=<TaskInstance: ELT_dimention_data.insert_warehouse.insert_dwh_address manual__2024-12-19T04:24:45.064013+00:00 [queued]>
[2024-12-19T04:25:52.991+0000] {taskinstance.py:2076} INFO - Dependencies all met for dep_context=requeueable deps ti=<TaskInstance: ELT_dimention_data.insert_warehouse.insert_dwh_address manual__2024-12-19T04:24:45.064013+00:00 [queued]>
[2024-12-19T04:25:52.991+0000] {taskinstance.py:2306} INFO - Starting attempt 1 of 1
[2024-12-19T04:25:53.284+0000] {taskinstance.py:2330} INFO - Executing <Task(PythonOperator): insert_warehouse.insert_dwh_address> on 2024-12-19 04:24:45.064013+00:00
[2024-12-19T04:25:53.483+0000] {warnings.py:110} WARNING - /home/***/.local/lib/python3.12/site-packages/***/task/task_runner/standard_task_runner.py:61: DeprecationWarning: This process (pid=8401) is multi-threaded, use of fork() may lead to deadlocks in the child.
  pid = os.fork()

[2024-12-19T04:25:53.516+0000] {standard_task_runner.py:63} INFO - Started process 8422 to run task
[2024-12-19T04:25:53.510+0000] {standard_task_runner.py:90} INFO - Running: ['***', 'tasks', 'run', 'ELT_dimention_data', 'insert_warehouse.insert_dwh_address', 'manual__2024-12-19T04:24:45.064013+00:00', '--job-id', '1191', '--raw', '--subdir', 'DAGS_FOLDER/elt_dimention.py', '--cfg-path', '/tmp/tmphjz0549e']
[2024-12-19T04:25:53.531+0000] {standard_task_runner.py:91} INFO - Job 1191: Subtask insert_warehouse.insert_dwh_address
[2024-12-19T04:25:54.201+0000] {task_command.py:426} INFO - Running <TaskInstance: ELT_dimention_data.insert_warehouse.insert_dwh_address manual__2024-12-19T04:24:45.064013+00:00 [running]> on host 33a17f71e955
[2024-12-19T04:25:55.765+0000] {taskinstance.py:2648} INFO - Exporting env vars: AIRFLOW_CTX_DAG_OWNER='***' AIRFLOW_CTX_DAG_ID='ELT_dimention_data' AIRFLOW_CTX_TASK_ID='insert_warehouse.insert_dwh_address' AIRFLOW_CTX_EXECUTION_DATE='2024-12-19T04:24:45.064013+00:00' AIRFLOW_CTX_TRY_NUMBER='1' AIRFLOW_CTX_DAG_RUN_ID='manual__2024-12-19T04:24:45.064013+00:00'
[2024-12-19T04:25:55.778+0000] {taskinstance.py:430} INFO - ::endgroup::
[2024-12-19T04:25:55.921+0000] {hive.py:475} INFO - USE `default`
[2024-12-19T04:25:56.497+0000] {hive.py:475} INFO - SELECT COUNT(*) FROM default.address
[2024-12-19T04:26:01.838+0000] {logging_mixin.py:188} INFO - SELECT COUNT(*) FROM default.address --- 0
[2024-12-19T04:26:01.839+0000] {logging_mixin.py:188} INFO - STAGING HAS NO DATA, SKIPPING...
[2024-12-19T04:26:01.839+0000] {python.py:237} INFO - Done. Returned value was: None
[2024-12-19T04:26:01.840+0000] {taskinstance.py:441} INFO - ::group::Post task execution logs
[2024-12-19T04:26:01.919+0000] {taskinstance.py:1206} INFO - Marking task as SUCCESS. dag_id=ELT_dimention_data, task_id=insert_warehouse.insert_dwh_address, run_id=manual__2024-12-19T04:24:45.064013+00:00, execution_date=20241219T042445, start_date=20241219T042552, end_date=20241219T042601
[2024-12-19T04:26:02.065+0000] {local_task_job_runner.py:240} INFO - Task exited with return code 0
[2024-12-19T04:26:02.253+0000] {taskinstance.py:3498} INFO - 0 downstream tasks scheduled from follow-on schedule check
[2024-12-19T04:26:02.263+0000] {local_task_job_runner.py:222} INFO - ::endgroup::
