[2024-12-13T20:35:47.186+0000] {local_task_job_runner.py:120} INFO - ::group::Pre task execution logs
[2024-12-13T20:35:47.333+0000] {taskinstance.py:2076} INFO - Dependencies all met for dep_context=non-requeueable deps ti=<TaskInstance: migration_fit_data.create_dwh_table.recreate_dwh_instruction_lecturer manual__2024-12-13T20:35:11.487363+00:00 [queued]>
[2024-12-13T20:35:47.394+0000] {taskinstance.py:2076} INFO - Dependencies all met for dep_context=requeueable deps ti=<TaskInstance: migration_fit_data.create_dwh_table.recreate_dwh_instruction_lecturer manual__2024-12-13T20:35:11.487363+00:00 [queued]>
[2024-12-13T20:35:47.395+0000] {taskinstance.py:2306} INFO - Starting attempt 1 of 1
[2024-12-13T20:35:47.613+0000] {taskinstance.py:2330} INFO - Executing <Task(PythonOperator): create_dwh_table.recreate_dwh_instruction_lecturer> on 2024-12-13 20:35:11.487363+00:00
[2024-12-13T20:35:47.695+0000] {warnings.py:110} WARNING - /home/***/.local/lib/python3.12/site-packages/***/task/task_runner/standard_task_runner.py:61: DeprecationWarning: This process (pid=5897) is multi-threaded, use of fork() may lead to deadlocks in the child.
  pid = os.fork()

[2024-12-13T20:35:47.700+0000] {standard_task_runner.py:63} INFO - Started process 5925 to run task
[2024-12-13T20:35:47.709+0000] {standard_task_runner.py:90} INFO - Running: ['***', 'tasks', 'run', 'migration_fit_data', 'create_dwh_table.recreate_dwh_instruction_lecturer', 'manual__2024-12-13T20:35:11.487363+00:00', '--job-id', '666', '--raw', '--subdir', 'DAGS_FOLDER/elt_migrate.py', '--cfg-path', '/tmp/tmp2rqukd9s']
[2024-12-13T20:35:47.728+0000] {standard_task_runner.py:91} INFO - Job 666: Subtask create_dwh_table.recreate_dwh_instruction_lecturer
[2024-12-13T20:35:48.057+0000] {task_command.py:426} INFO - Running <TaskInstance: migration_fit_data.create_dwh_table.recreate_dwh_instruction_lecturer manual__2024-12-13T20:35:11.487363+00:00 [running]> on host 1fe973f28a1c
[2024-12-13T20:35:48.605+0000] {taskinstance.py:2648} INFO - Exporting env vars: AIRFLOW_CTX_DAG_OWNER='***' AIRFLOW_CTX_DAG_ID='migration_fit_data' AIRFLOW_CTX_TASK_ID='create_dwh_table.recreate_dwh_instruction_lecturer' AIRFLOW_CTX_EXECUTION_DATE='2024-12-13T20:35:11.487363+00:00' AIRFLOW_CTX_TRY_NUMBER='1' AIRFLOW_CTX_DAG_RUN_ID='manual__2024-12-13T20:35:11.487363+00:00'
[2024-12-13T20:35:48.615+0000] {taskinstance.py:430} INFO - ::endgroup::
[2024-12-13T20:35:48.660+0000] {hive.py:475} INFO - USE `default`
[2024-12-13T20:35:48.686+0000] {hive.py:475} INFO - DROP TABLE IF EXISTS iceberg.warehouse.instruction_lecturer
[2024-12-13T20:35:48.778+0000] {hive.py:475} INFO - CREATE DATABASE IF NOT EXISTS warehouse
[2024-12-13T20:35:48.812+0000] {hive.py:475} INFO - 
        CREATE TABLE IF NOT EXISTS iceberg.warehouse.instruction_lecturer (
            instruction_lecturer_id BIGINT,instruction_id BIGINT,lecturer_id BIGINT,lecturer_type STRING   
        )
        USING iceberg
        LOCATION '/fit_warehouse/warehouse/instruction_lecturer/*.snappy.parquet'
    
[2024-12-13T20:35:48.991+0000] {python.py:237} INFO - Done. Returned value was: None
[2024-12-13T20:35:48.993+0000] {taskinstance.py:441} INFO - ::group::Post task execution logs
[2024-12-13T20:35:49.065+0000] {taskinstance.py:1206} INFO - Marking task as SUCCESS. dag_id=migration_fit_data, task_id=create_dwh_table.recreate_dwh_instruction_lecturer, run_id=manual__2024-12-13T20:35:11.487363+00:00, execution_date=20241213T203511, start_date=20241213T203547, end_date=20241213T203549
[2024-12-13T20:35:49.240+0000] {local_task_job_runner.py:240} INFO - Task exited with return code 0
[2024-12-13T20:35:49.499+0000] {taskinstance.py:3498} INFO - 0 downstream tasks scheduled from follow-on schedule check
[2024-12-13T20:35:49.508+0000] {local_task_job_runner.py:222} INFO - ::endgroup::
