[2024-12-19T04:28:30.062+0000] {local_task_job_runner.py:120} INFO - ::group::Pre task execution logs
[2024-12-19T04:28:30.589+0000] {taskinstance.py:2076} INFO - Dependencies all met for dep_context=non-requeueable deps ti=<TaskInstance: ELT_dimention_data.get_raw_data.extract_raw_course manual__2024-12-19T04:24:44.941262+00:00 [queued]>
[2024-12-19T04:28:30.822+0000] {taskinstance.py:2076} INFO - Dependencies all met for dep_context=requeueable deps ti=<TaskInstance: ELT_dimention_data.get_raw_data.extract_raw_course manual__2024-12-19T04:24:44.941262+00:00 [queued]>
[2024-12-19T04:28:30.822+0000] {taskinstance.py:2306} INFO - Starting attempt 1 of 1
[2024-12-19T04:28:31.114+0000] {taskinstance.py:2330} INFO - Executing <Task(PythonOperator): get_raw_data.extract_raw_course> on 2024-12-19 04:24:44.941262+00:00
[2024-12-19T04:28:31.468+0000] {standard_task_runner.py:90} INFO - Running: ['***', 'tasks', 'run', 'ELT_dimention_data', 'get_raw_data.extract_raw_course', 'manual__2024-12-19T04:24:44.941262+00:00', '--job-id', '1224', '--raw', '--subdir', 'DAGS_FOLDER/elt_dimention.py', '--cfg-path', '/tmp/tmpfzqa4ley']
[2024-12-19T04:28:31.430+0000] {warnings.py:110} WARNING - /home/***/.local/lib/python3.12/site-packages/***/task/task_runner/standard_task_runner.py:61: DeprecationWarning: This process (pid=8524) is multi-threaded, use of fork() may lead to deadlocks in the child.
  pid = os.fork()

[2024-12-19T04:28:31.539+0000] {standard_task_runner.py:91} INFO - Job 1224: Subtask get_raw_data.extract_raw_course
[2024-12-19T04:28:31.539+0000] {standard_task_runner.py:63} INFO - Started process 8557 to run task
[2024-12-19T04:28:33.736+0000] {task_command.py:426} INFO - Running <TaskInstance: ELT_dimention_data.get_raw_data.extract_raw_course manual__2024-12-19T04:24:44.941262+00:00 [running]> on host 33a17f71e955
[2024-12-19T04:28:36.052+0000] {taskinstance.py:2648} INFO - Exporting env vars: AIRFLOW_CTX_DAG_OWNER='***' AIRFLOW_CTX_DAG_ID='ELT_dimention_data' AIRFLOW_CTX_TASK_ID='get_raw_data.extract_raw_course' AIRFLOW_CTX_EXECUTION_DATE='2024-12-19T04:24:44.941262+00:00' AIRFLOW_CTX_TRY_NUMBER='1' AIRFLOW_CTX_DAG_RUN_ID='manual__2024-12-19T04:24:44.941262+00:00'
[2024-12-19T04:28:36.087+0000] {taskinstance.py:430} INFO - ::endgroup::
[2024-12-19T04:28:38.766+0000] {__init__.py:412} INFO - DELETE /fit_warehouse/raw/course/ recursive=True user.name=default namenode:9870
[2024-12-19T04:28:38.968+0000] {__init__.py:412} INFO - GETFILESTATUS /fit_warehouse/raw/course/ user.name=default namenode:9870
[2024-12-19T04:28:39.073+0000] {__init__.py:412} INFO - MKDIRS /fit_warehouse/raw/course/ user.name=default namenode:9870
[2024-12-19T04:28:39.200+0000] {__init__.py:412} INFO - CREATE /fit_warehouse/raw/course/course_01.snappy.parquet overwrite=True async_=True user.name=default namenode:9870
[2024-12-19T04:28:39.440+0000] {python.py:237} INFO - Done. Returned value was: None
[2024-12-19T04:28:39.448+0000] {taskinstance.py:441} INFO - ::group::Post task execution logs
[2024-12-19T04:28:39.549+0000] {taskinstance.py:1206} INFO - Marking task as SUCCESS. dag_id=ELT_dimention_data, task_id=get_raw_data.extract_raw_course, run_id=manual__2024-12-19T04:24:44.941262+00:00, execution_date=20241219T042444, start_date=20241219T042830, end_date=20241219T042839
[2024-12-19T04:28:40.600+0000] {local_task_job_runner.py:240} INFO - Task exited with return code 0
[2024-12-19T04:28:40.728+0000] {taskinstance.py:3498} INFO - 0 downstream tasks scheduled from follow-on schedule check
[2024-12-19T04:28:40.799+0000] {local_task_job_runner.py:222} INFO - ::endgroup::
