[2024-12-17T06:10:49.669+0000] {local_task_job_runner.py:120} INFO - ::group::Pre task execution logs
[2024-12-17T06:10:49.711+0000] {taskinstance.py:2076} INFO - Dependencies all met for dep_context=non-requeueable deps ti=<TaskInstance: etl_score_fact_data.insert_warehouse.insert_dwh_score_detail manual__2024-12-17T06:10:35.251864+00:00 [queued]>
[2024-12-17T06:10:49.730+0000] {taskinstance.py:2076} INFO - Dependencies all met for dep_context=requeueable deps ti=<TaskInstance: etl_score_fact_data.insert_warehouse.insert_dwh_score_detail manual__2024-12-17T06:10:35.251864+00:00 [queued]>
[2024-12-17T06:10:49.731+0000] {taskinstance.py:2306} INFO - Starting attempt 1 of 1
[2024-12-17T06:10:49.776+0000] {taskinstance.py:2330} INFO - Executing <Task(PythonOperator): insert_warehouse.insert_dwh_score_detail> on 2024-12-17 06:10:35.251864+00:00
[2024-12-17T06:10:49.811+0000] {warnings.py:110} WARNING - /home/***/.local/lib/python3.12/site-packages/***/task/task_runner/standard_task_runner.py:61: DeprecationWarning: This process (pid=38953) is multi-threaded, use of fork() may lead to deadlocks in the child.
  pid = os.fork()

[2024-12-17T06:10:49.815+0000] {standard_task_runner.py:90} INFO - Running: ['***', 'tasks', 'run', 'etl_score_fact_data', 'insert_warehouse.insert_dwh_score_detail', 'manual__2024-12-17T06:10:35.251864+00:00', '--job-id', '981', '--raw', '--subdir', 'DAGS_FOLDER/elt_score_fact.py', '--cfg-path', '/tmp/tmphu8wg01f']
[2024-12-17T06:10:49.835+0000] {standard_task_runner.py:63} INFO - Started process 38958 to run task
[2024-12-17T06:10:49.835+0000] {standard_task_runner.py:91} INFO - Job 981: Subtask insert_warehouse.insert_dwh_score_detail
[2024-12-17T06:10:49.913+0000] {task_command.py:426} INFO - Running <TaskInstance: etl_score_fact_data.insert_warehouse.insert_dwh_score_detail manual__2024-12-17T06:10:35.251864+00:00 [running]> on host 2f4e9c743994
[2024-12-17T06:10:50.073+0000] {taskinstance.py:2648} INFO - Exporting env vars: AIRFLOW_CTX_DAG_OWNER='***' AIRFLOW_CTX_DAG_ID='etl_score_fact_data' AIRFLOW_CTX_TASK_ID='insert_warehouse.insert_dwh_score_detail' AIRFLOW_CTX_EXECUTION_DATE='2024-12-17T06:10:35.251864+00:00' AIRFLOW_CTX_TRY_NUMBER='1' AIRFLOW_CTX_DAG_RUN_ID='manual__2024-12-17T06:10:35.251864+00:00'
[2024-12-17T06:10:50.076+0000] {taskinstance.py:430} INFO - ::endgroup::
[2024-12-17T06:10:50.090+0000] {hive.py:475} INFO - USE `default`
[2024-12-17T06:10:50.130+0000] {hive.py:475} INFO - SELECT COUNT(*) FROM default.score_detail
[2024-12-17T06:10:50.577+0000] {logging_mixin.py:188} INFO - SELECT COUNT(*) FROM default.score_detail --- 0
[2024-12-17T06:10:50.577+0000] {logging_mixin.py:188} INFO - STAGING HAS NO DATA, SKIPPING...
[2024-12-17T06:10:50.577+0000] {python.py:237} INFO - Done. Returned value was: None
[2024-12-17T06:10:50.578+0000] {taskinstance.py:441} INFO - ::group::Post task execution logs
[2024-12-17T06:10:50.608+0000] {taskinstance.py:1206} INFO - Marking task as SUCCESS. dag_id=etl_score_fact_data, task_id=insert_warehouse.insert_dwh_score_detail, run_id=manual__2024-12-17T06:10:35.251864+00:00, execution_date=20241217T061035, start_date=20241217T061049, end_date=20241217T061050
[2024-12-17T06:10:50.659+0000] {local_task_job_runner.py:240} INFO - Task exited with return code 0
[2024-12-17T06:10:50.705+0000] {taskinstance.py:3498} INFO - 6 downstream tasks scheduled from follow-on schedule check
[2024-12-17T06:10:50.706+0000] {local_task_job_runner.py:222} INFO - ::endgroup::
