[2024-12-15T04:27:15.104+0000] {local_task_job_runner.py:120} INFO - ::group::Pre task execution logs
[2024-12-15T04:27:15.133+0000] {taskinstance.py:2076} INFO - Dependencies all met for dep_context=non-requeueable deps ti=<TaskInstance: etl_instruction_fact_data.get_raw_data.extract_raw_instruction_fact manual__2024-12-15T04:27:12.445474+00:00 [queued]>
[2024-12-15T04:27:15.139+0000] {taskinstance.py:2076} INFO - Dependencies all met for dep_context=requeueable deps ti=<TaskInstance: etl_instruction_fact_data.get_raw_data.extract_raw_instruction_fact manual__2024-12-15T04:27:12.445474+00:00 [queued]>
[2024-12-15T04:27:15.140+0000] {taskinstance.py:2306} INFO - Starting attempt 1 of 1
[2024-12-15T04:27:15.153+0000] {taskinstance.py:2330} INFO - Executing <Task(PythonOperator): get_raw_data.extract_raw_instruction_fact> on 2024-12-15 04:27:12.445474+00:00
[2024-12-15T04:27:15.164+0000] {warnings.py:110} WARNING - /home/***/.local/lib/python3.12/site-packages/***/task/task_runner/standard_task_runner.py:61: DeprecationWarning: This process (pid=348) is multi-threaded, use of fork() may lead to deadlocks in the child.
  pid = os.fork()

[2024-12-15T04:27:15.167+0000] {standard_task_runner.py:63} INFO - Started process 353 to run task
[2024-12-15T04:27:15.170+0000] {standard_task_runner.py:90} INFO - Running: ['***', 'tasks', 'run', 'etl_instruction_fact_data', 'get_raw_data.extract_raw_instruction_fact', 'manual__2024-12-15T04:27:12.445474+00:00', '--job-id', '436', '--raw', '--subdir', 'DAGS_FOLDER/elt_instruction_fact.py', '--cfg-path', '/tmp/tmp_5jn006k']
[2024-12-15T04:27:15.173+0000] {standard_task_runner.py:91} INFO - Job 436: Subtask get_raw_data.extract_raw_instruction_fact
[2024-12-15T04:27:15.220+0000] {task_command.py:426} INFO - Running <TaskInstance: etl_instruction_fact_data.get_raw_data.extract_raw_instruction_fact manual__2024-12-15T04:27:12.445474+00:00 [running]> on host 2f4e9c743994
[2024-12-15T04:27:15.318+0000] {taskinstance.py:2648} INFO - Exporting env vars: AIRFLOW_CTX_DAG_OWNER='***' AIRFLOW_CTX_DAG_ID='etl_instruction_fact_data' AIRFLOW_CTX_TASK_ID='get_raw_data.extract_raw_instruction_fact' AIRFLOW_CTX_EXECUTION_DATE='2024-12-15T04:27:12.445474+00:00' AIRFLOW_CTX_TRY_NUMBER='1' AIRFLOW_CTX_DAG_RUN_ID='manual__2024-12-15T04:27:12.445474+00:00'
[2024-12-15T04:27:15.320+0000] {taskinstance.py:430} INFO - ::endgroup::
[2024-12-15T04:27:15.923+0000] {__init__.py:412} INFO - DELETE /fit_warehouse/raw/instruction_fact/ recursive=True user.name=default namenode:9870
[2024-12-15T04:27:15.935+0000] {__init__.py:412} INFO - GETFILESTATUS /fit_warehouse/raw/instruction_fact/ user.name=default namenode:9870
[2024-12-15T04:27:15.941+0000] {__init__.py:412} INFO - MKDIRS /fit_warehouse/raw/instruction_fact/ user.name=default namenode:9870
[2024-12-15T04:27:15.946+0000] {__init__.py:412} INFO - CREATE /fit_warehouse/raw/instruction_fact/instruction_fact_01.snappy.parquet overwrite=True async_=True user.name=default namenode:9870
[2024-12-15T04:27:15.972+0000] {python.py:237} INFO - Done. Returned value was: None
[2024-12-15T04:27:15.973+0000] {taskinstance.py:441} INFO - ::group::Post task execution logs
[2024-12-15T04:27:15.985+0000] {taskinstance.py:1206} INFO - Marking task as SUCCESS. dag_id=etl_instruction_fact_data, task_id=get_raw_data.extract_raw_instruction_fact, run_id=manual__2024-12-15T04:27:12.445474+00:00, execution_date=20241215T042712, start_date=20241215T042715, end_date=20241215T042715
[2024-12-15T04:27:16.030+0000] {local_task_job_runner.py:240} INFO - Task exited with return code 0
[2024-12-15T04:27:16.081+0000] {taskinstance.py:3498} INFO - 2 downstream tasks scheduled from follow-on schedule check
[2024-12-15T04:27:16.083+0000] {local_task_job_runner.py:222} INFO - ::endgroup::
