[2024-12-13T16:36:00.583+0000] {local_task_job_runner.py:120} INFO - ::group::Pre task execution logs
[2024-12-13T16:36:00.698+0000] {taskinstance.py:2076} INFO - Dependencies all met for dep_context=non-requeueable deps ti=<TaskInstance: migration_fit_data.get_raw_data.extract_raw_class manual__2024-12-13T16:35:52.085812+00:00 [queued]>
[2024-12-13T16:36:00.748+0000] {taskinstance.py:2076} INFO - Dependencies all met for dep_context=requeueable deps ti=<TaskInstance: migration_fit_data.get_raw_data.extract_raw_class manual__2024-12-13T16:35:52.085812+00:00 [queued]>
[2024-12-13T16:36:00.752+0000] {taskinstance.py:2306} INFO - Starting attempt 1 of 1
[2024-12-13T16:36:00.793+0000] {taskinstance.py:2330} INFO - Executing <Task(PythonOperator): get_raw_data.extract_raw_class> on 2024-12-13 16:35:52.085812+00:00
[2024-12-13T16:36:00.826+0000] {warnings.py:110} WARNING - /home/***/.local/lib/python3.12/site-packages/***/task/task_runner/standard_task_runner.py:61: DeprecationWarning: This process (pid=1737) is multi-threaded, use of fork() may lead to deadlocks in the child.
  pid = os.fork()

[2024-12-13T16:36:00.831+0000] {standard_task_runner.py:63} INFO - Started process 1780 to run task
[2024-12-13T16:36:00.842+0000] {standard_task_runner.py:90} INFO - Running: ['***', 'tasks', 'run', 'migration_fit_data', 'get_raw_data.extract_raw_class', 'manual__2024-12-13T16:35:52.085812+00:00', '--job-id', '292', '--raw', '--subdir', 'DAGS_FOLDER/elt_migrate.py', '--cfg-path', '/tmp/tmpy__y3eo4']
[2024-12-13T16:36:00.857+0000] {standard_task_runner.py:91} INFO - Job 292: Subtask get_raw_data.extract_raw_class
[2024-12-13T16:36:01.113+0000] {task_command.py:426} INFO - Running <TaskInstance: migration_fit_data.get_raw_data.extract_raw_class manual__2024-12-13T16:35:52.085812+00:00 [running]> on host 1fe973f28a1c
[2024-12-13T16:36:01.628+0000] {taskinstance.py:2648} INFO - Exporting env vars: AIRFLOW_CTX_DAG_OWNER='***' AIRFLOW_CTX_DAG_ID='migration_fit_data' AIRFLOW_CTX_TASK_ID='get_raw_data.extract_raw_class' AIRFLOW_CTX_EXECUTION_DATE='2024-12-13T16:35:52.085812+00:00' AIRFLOW_CTX_TRY_NUMBER='1' AIRFLOW_CTX_DAG_RUN_ID='manual__2024-12-13T16:35:52.085812+00:00'
[2024-12-13T16:36:01.632+0000] {taskinstance.py:430} INFO - ::endgroup::
[2024-12-13T16:36:02.223+0000] {__init__.py:412} INFO - DELETE /fit_warehouse/raw/class/ recursive=True user.name=default namenode:9870
[2024-12-13T16:36:02.232+0000] {__init__.py:412} INFO - GETFILESTATUS /fit_warehouse/raw/class/ user.name=default namenode:9870
[2024-12-13T16:36:02.238+0000] {__init__.py:412} INFO - MKDIRS /fit_warehouse/raw/class/ user.name=default namenode:9870
[2024-12-13T16:36:02.249+0000] {__init__.py:412} INFO - CREATE /fit_warehouse/raw/class/class_01.snappy.parquet overwrite=True async_=True user.name=default namenode:9870
[2024-12-13T16:36:02.312+0000] {python.py:237} INFO - Done. Returned value was: None
[2024-12-13T16:36:02.313+0000] {taskinstance.py:441} INFO - ::group::Post task execution logs
[2024-12-13T16:36:02.333+0000] {taskinstance.py:1206} INFO - Marking task as SUCCESS. dag_id=migration_fit_data, task_id=get_raw_data.extract_raw_class, run_id=manual__2024-12-13T16:35:52.085812+00:00, execution_date=20241213T163552, start_date=20241213T163600, end_date=20241213T163602
[2024-12-13T16:36:02.445+0000] {local_task_job_runner.py:240} INFO - Task exited with return code 0
[2024-12-13T16:36:02.750+0000] {taskinstance.py:3498} INFO - 0 downstream tasks scheduled from follow-on schedule check
[2024-12-13T16:36:02.754+0000] {local_task_job_runner.py:222} INFO - ::endgroup::
