[2024-12-14T11:25:59.836+0000] {local_task_job_runner.py:120} INFO - ::group::Pre task execution logs
[2024-12-14T11:25:59.916+0000] {taskinstance.py:2076} INFO - Dependencies all met for dep_context=non-requeueable deps ti=<TaskInstance: etl_dimention_data.get_raw_data.extract_raw_program_semester manual__2024-12-14T11:25:56.415936+00:00 [queued]>
[2024-12-14T11:25:59.946+0000] {taskinstance.py:2076} INFO - Dependencies all met for dep_context=requeueable deps ti=<TaskInstance: etl_dimention_data.get_raw_data.extract_raw_program_semester manual__2024-12-14T11:25:56.415936+00:00 [queued]>
[2024-12-14T11:25:59.946+0000] {taskinstance.py:2306} INFO - Starting attempt 1 of 1
[2024-12-14T11:25:59.999+0000] {taskinstance.py:2330} INFO - Executing <Task(PythonOperator): get_raw_data.extract_raw_program_semester> on 2024-12-14 11:25:56.415936+00:00
[2024-12-14T11:26:00.022+0000] {warnings.py:110} WARNING - /home/***/.local/lib/python3.12/site-packages/***/task/task_runner/standard_task_runner.py:61: DeprecationWarning: This process (pid=648) is multi-threaded, use of fork() may lead to deadlocks in the child.
  pid = os.fork()

[2024-12-14T11:26:00.027+0000] {standard_task_runner.py:63} INFO - Started process 667 to run task
[2024-12-14T11:26:00.035+0000] {standard_task_runner.py:90} INFO - Running: ['***', 'tasks', 'run', 'etl_dimention_data', 'get_raw_data.extract_raw_program_semester', 'manual__2024-12-14T11:25:56.415936+00:00', '--job-id', '128', '--raw', '--subdir', 'DAGS_FOLDER/elt_dimention.py', '--cfg-path', '/tmp/tmpk8yvzkmw']
[2024-12-14T11:26:00.059+0000] {standard_task_runner.py:91} INFO - Job 128: Subtask get_raw_data.extract_raw_program_semester
[2024-12-14T11:26:00.166+0000] {task_command.py:426} INFO - Running <TaskInstance: etl_dimention_data.get_raw_data.extract_raw_program_semester manual__2024-12-14T11:25:56.415936+00:00 [running]> on host 472b63b715e1
[2024-12-14T11:26:00.357+0000] {taskinstance.py:2648} INFO - Exporting env vars: AIRFLOW_CTX_DAG_OWNER='***' AIRFLOW_CTX_DAG_ID='etl_dimention_data' AIRFLOW_CTX_TASK_ID='get_raw_data.extract_raw_program_semester' AIRFLOW_CTX_EXECUTION_DATE='2024-12-14T11:25:56.415936+00:00' AIRFLOW_CTX_TRY_NUMBER='1' AIRFLOW_CTX_DAG_RUN_ID='manual__2024-12-14T11:25:56.415936+00:00'
[2024-12-14T11:26:00.358+0000] {taskinstance.py:430} INFO - ::endgroup::
[2024-12-14T11:26:01.562+0000] {__init__.py:412} INFO - DELETE /fit_warehouse/raw/program_semester/ recursive=True user.name=default namenode:9870
[2024-12-14T11:26:01.571+0000] {__init__.py:412} INFO - GETFILESTATUS /fit_warehouse/raw/program_semester/ user.name=default namenode:9870
[2024-12-14T11:26:01.583+0000] {__init__.py:412} INFO - MKDIRS /fit_warehouse/raw/program_semester/ user.name=default namenode:9870
[2024-12-14T11:26:01.592+0000] {__init__.py:412} INFO - CREATE /fit_warehouse/raw/program_semester/program_semester_01.snappy.parquet overwrite=True async_=True user.name=default namenode:9870
[2024-12-14T11:26:01.653+0000] {python.py:237} INFO - Done. Returned value was: None
[2024-12-14T11:26:01.654+0000] {taskinstance.py:441} INFO - ::group::Post task execution logs
[2024-12-14T11:26:01.665+0000] {taskinstance.py:1206} INFO - Marking task as SUCCESS. dag_id=etl_dimention_data, task_id=get_raw_data.extract_raw_program_semester, run_id=manual__2024-12-14T11:25:56.415936+00:00, execution_date=20241214T112556, start_date=20241214T112559, end_date=20241214T112601
[2024-12-14T11:26:01.715+0000] {local_task_job_runner.py:240} INFO - Task exited with return code 0
[2024-12-14T11:26:01.754+0000] {taskinstance.py:3498} INFO - 8 downstream tasks scheduled from follow-on schedule check
[2024-12-14T11:26:01.757+0000] {local_task_job_runner.py:222} INFO - ::endgroup::
