[2024-12-14T10:49:52.754+0000] {local_task_job_runner.py:120} INFO - ::group::Pre task execution logs
[2024-12-14T10:49:52.969+0000] {taskinstance.py:2076} INFO - Dependencies all met for dep_context=non-requeueable deps ti=<TaskInstance: etl_dimention_data.insert_warehouse.insert_dwh_student manual__2024-12-14T10:49:34.305778+00:00 [queued]>
[2024-12-14T10:49:53.073+0000] {taskinstance.py:2076} INFO - Dependencies all met for dep_context=requeueable deps ti=<TaskInstance: etl_dimention_data.insert_warehouse.insert_dwh_student manual__2024-12-14T10:49:34.305778+00:00 [queued]>
[2024-12-14T10:49:53.074+0000] {taskinstance.py:2306} INFO - Starting attempt 1 of 1
[2024-12-14T10:49:53.153+0000] {taskinstance.py:2330} INFO - Executing <Task(PythonOperator): insert_warehouse.insert_dwh_student> on 2024-12-14 10:49:34.305778+00:00
[2024-12-14T10:49:53.234+0000] {warnings.py:110} WARNING - /home/***/.local/lib/python3.12/site-packages/***/task/task_runner/standard_task_runner.py:61: DeprecationWarning: This process (pid=596) is multi-threaded, use of fork() may lead to deadlocks in the child.
  pid = os.fork()

[2024-12-14T10:49:53.242+0000] {standard_task_runner.py:63} INFO - Started process 610 to run task
[2024-12-14T10:49:53.246+0000] {standard_task_runner.py:90} INFO - Running: ['***', 'tasks', 'run', 'etl_dimention_data', 'insert_warehouse.insert_dwh_student', 'manual__2024-12-14T10:49:34.305778+00:00', '--job-id', '137', '--raw', '--subdir', 'DAGS_FOLDER/elt_dimention.py', '--cfg-path', '/tmp/tmp7p0m8wj_']
[2024-12-14T10:49:53.274+0000] {standard_task_runner.py:91} INFO - Job 137: Subtask insert_warehouse.insert_dwh_student
[2024-12-14T10:49:53.622+0000] {task_command.py:426} INFO - Running <TaskInstance: etl_dimention_data.insert_warehouse.insert_dwh_student manual__2024-12-14T10:49:34.305778+00:00 [running]> on host 06cbf31e97a5
[2024-12-14T10:49:53.873+0000] {taskinstance.py:2648} INFO - Exporting env vars: AIRFLOW_CTX_DAG_OWNER='***' AIRFLOW_CTX_DAG_ID='etl_dimention_data' AIRFLOW_CTX_TASK_ID='insert_warehouse.insert_dwh_student' AIRFLOW_CTX_EXECUTION_DATE='2024-12-14T10:49:34.305778+00:00' AIRFLOW_CTX_TRY_NUMBER='1' AIRFLOW_CTX_DAG_RUN_ID='manual__2024-12-14T10:49:34.305778+00:00'
[2024-12-14T10:49:53.877+0000] {taskinstance.py:430} INFO - ::endgroup::
[2024-12-14T10:49:53.933+0000] {hive.py:475} INFO - USE `default`
[2024-12-14T10:49:54.036+0000] {hive.py:475} INFO - SELECT COUNT(*) FROM default.student
[2024-12-14T10:49:54.980+0000] {logging_mixin.py:188} INFO - SELECT COUNT(*) FROM default.student --- 187
[2024-12-14T10:49:54.985+0000] {hive.py:475} INFO - 
            MERGE INTO iceberg.warehouse.student t
            USING default.student s
            ON t.student_id=s.student_id
            WHEN MATCHED 
                THEN UPDATE SET 
                t.student_id=s.student_id,t.student_name=s.student_name,t.class_name=s.class_name,t.edu_mail=s.edu_mail,t.address_id=s.address_id,t.national_id=s.national_id,t.key_year=s.key_year,t.gender=s.gender,t.student_dob=s.student_dob
            WHEN NOT MATCHED 
                THEN INSERT *
        
[2024-12-14T10:49:59.811+0000] {python.py:237} INFO - Done. Returned value was: None
[2024-12-14T10:49:59.811+0000] {taskinstance.py:441} INFO - ::group::Post task execution logs
[2024-12-14T10:49:59.836+0000] {taskinstance.py:1206} INFO - Marking task as SUCCESS. dag_id=etl_dimention_data, task_id=insert_warehouse.insert_dwh_student, run_id=manual__2024-12-14T10:49:34.305778+00:00, execution_date=20241214T104934, start_date=20241214T104952, end_date=20241214T104959
[2024-12-14T10:49:59.886+0000] {local_task_job_runner.py:240} INFO - Task exited with return code 0
[2024-12-14T10:50:00.047+0000] {taskinstance.py:3498} INFO - 0 downstream tasks scheduled from follow-on schedule check
[2024-12-14T10:50:00.049+0000] {local_task_job_runner.py:222} INFO - ::endgroup::
