[2024-12-19T04:33:29.469+0000] {local_task_job_runner.py:120} INFO - ::group::Pre task execution logs
[2024-12-19T04:33:29.598+0000] {taskinstance.py:2076} INFO - Dependencies all met for dep_context=non-requeueable deps ti=<TaskInstance: ELT_score_fact_data.load_staging.create_staging_score_detail manual__2024-12-19T04:33:17.224940+00:00 [queued]>
[2024-12-19T04:33:29.632+0000] {taskinstance.py:2076} INFO - Dependencies all met for dep_context=requeueable deps ti=<TaskInstance: ELT_score_fact_data.load_staging.create_staging_score_detail manual__2024-12-19T04:33:17.224940+00:00 [queued]>
[2024-12-19T04:33:29.633+0000] {taskinstance.py:2306} INFO - Starting attempt 1 of 1
[2024-12-19T04:33:29.691+0000] {taskinstance.py:2330} INFO - Executing <Task(PythonOperator): load_staging.create_staging_score_detail> on 2024-12-19 04:33:17.224940+00:00
[2024-12-19T04:33:29.706+0000] {warnings.py:110} WARNING - /home/***/.local/lib/python3.12/site-packages/***/task/task_runner/standard_task_runner.py:61: DeprecationWarning: This process (pid=8819) is multi-threaded, use of fork() may lead to deadlocks in the child.
  pid = os.fork()

[2024-12-19T04:33:29.710+0000] {standard_task_runner.py:63} INFO - Started process 8829 to run task
[2024-12-19T04:33:29.726+0000] {standard_task_runner.py:90} INFO - Running: ['***', 'tasks', 'run', 'ELT_score_fact_data', 'load_staging.create_staging_score_detail', 'manual__2024-12-19T04:33:17.224940+00:00', '--job-id', '1300', '--raw', '--subdir', 'DAGS_FOLDER/elt_score_fact.py', '--cfg-path', '/tmp/tmprbs8g1vr']
[2024-12-19T04:33:29.729+0000] {standard_task_runner.py:91} INFO - Job 1300: Subtask load_staging.create_staging_score_detail
[2024-12-19T04:33:29.833+0000] {task_command.py:426} INFO - Running <TaskInstance: ELT_score_fact_data.load_staging.create_staging_score_detail manual__2024-12-19T04:33:17.224940+00:00 [running]> on host 33a17f71e955
[2024-12-19T04:33:30.412+0000] {taskinstance.py:2648} INFO - Exporting env vars: AIRFLOW_CTX_DAG_OWNER='***' AIRFLOW_CTX_DAG_ID='ELT_score_fact_data' AIRFLOW_CTX_TASK_ID='load_staging.create_staging_score_detail' AIRFLOW_CTX_EXECUTION_DATE='2024-12-19T04:33:17.224940+00:00' AIRFLOW_CTX_TRY_NUMBER='1' AIRFLOW_CTX_DAG_RUN_ID='manual__2024-12-19T04:33:17.224940+00:00'
[2024-12-19T04:33:30.413+0000] {taskinstance.py:430} INFO - ::endgroup::
[2024-12-19T04:33:30.471+0000] {hive.py:475} INFO - USE `default`
[2024-12-19T04:33:30.621+0000] {hive.py:475} INFO - DROP TABLE IF EXISTS default.score_detail
[2024-12-19T04:33:31.098+0000] {hive.py:475} INFO - 
        CREATE TABLE IF NOT EXISTS default.score_detail (
            score_detail_id BIGINT,score_id BIGINT,regular_score_1 DOUBLE,regular_score_2 DOUBLE,regular_score_3 DOUBLE,mid_term_score DOUBLE,final_term_score DOUBLE,practice_score_1 DOUBLE,practice_score_2 DOUBLE,practice_score_3 DOUBLE,last_modified_date TIMESTAMP   
        )   
        STORED AS PARQUET
        LOCATION '/fit_warehouse/raw/score_detail/*.snappy.parquet'
    
[2024-12-19T04:33:31.391+0000] {hive.py:475} INFO - ANALYZE TABLE default.score_detail COMPUTE STATISTICS
[2024-12-19T04:33:32.747+0000] {python.py:237} INFO - Done. Returned value was: None
[2024-12-19T04:33:32.748+0000] {taskinstance.py:441} INFO - ::group::Post task execution logs
[2024-12-19T04:33:32.813+0000] {taskinstance.py:1206} INFO - Marking task as SUCCESS. dag_id=ELT_score_fact_data, task_id=load_staging.create_staging_score_detail, run_id=manual__2024-12-19T04:33:17.224940+00:00, execution_date=20241219T043317, start_date=20241219T043329, end_date=20241219T043332
[2024-12-19T04:33:32.944+0000] {local_task_job_runner.py:240} INFO - Task exited with return code 0
[2024-12-19T04:33:33.035+0000] {taskinstance.py:3498} INFO - 2 downstream tasks scheduled from follow-on schedule check
[2024-12-19T04:33:33.041+0000] {local_task_job_runner.py:222} INFO - ::endgroup::
