[2024-12-17T05:55:45.402+0000] {local_task_job_runner.py:120} INFO - ::group::Pre task execution logs
[2024-12-17T05:55:45.728+0000] {taskinstance.py:2076} INFO - Dependencies all met for dep_context=non-requeueable deps ti=<TaskInstance: etl_score_fact_data.aggregate_warehouse.aggregate_instruction_aggregate manual__2024-12-17T05:55:15.736211+00:00 [queued]>
[2024-12-17T05:55:45.807+0000] {taskinstance.py:2076} INFO - Dependencies all met for dep_context=requeueable deps ti=<TaskInstance: etl_score_fact_data.aggregate_warehouse.aggregate_instruction_aggregate manual__2024-12-17T05:55:15.736211+00:00 [queued]>
[2024-12-17T05:55:45.808+0000] {taskinstance.py:2306} INFO - Starting attempt 1 of 1
[2024-12-17T05:55:45.961+0000] {taskinstance.py:2330} INFO - Executing <Task(PythonOperator): aggregate_warehouse.aggregate_instruction_aggregate> on 2024-12-17 05:55:15.736211+00:00
[2024-12-17T05:55:46.085+0000] {warnings.py:110} WARNING - /home/***/.local/lib/python3.12/site-packages/***/task/task_runner/standard_task_runner.py:61: DeprecationWarning: This process (pid=38728) is multi-threaded, use of fork() may lead to deadlocks in the child.
  pid = os.fork()

[2024-12-17T05:55:46.105+0000] {standard_task_runner.py:63} INFO - Started process 38741 to run task
[2024-12-17T05:55:46.103+0000] {standard_task_runner.py:90} INFO - Running: ['***', 'tasks', 'run', 'etl_score_fact_data', 'aggregate_warehouse.aggregate_instruction_aggregate', 'manual__2024-12-17T05:55:15.736211+00:00', '--job-id', '967', '--raw', '--subdir', 'DAGS_FOLDER/elt_score_fact.py', '--cfg-path', '/tmp/tmpz2coup0_']
[2024-12-17T05:55:46.116+0000] {standard_task_runner.py:91} INFO - Job 967: Subtask aggregate_warehouse.aggregate_instruction_aggregate
[2024-12-17T05:55:46.368+0000] {task_command.py:426} INFO - Running <TaskInstance: etl_score_fact_data.aggregate_warehouse.aggregate_instruction_aggregate manual__2024-12-17T05:55:15.736211+00:00 [running]> on host 2f4e9c743994
[2024-12-17T05:55:47.051+0000] {taskinstance.py:2648} INFO - Exporting env vars: AIRFLOW_CTX_DAG_OWNER='***' AIRFLOW_CTX_DAG_ID='etl_score_fact_data' AIRFLOW_CTX_TASK_ID='aggregate_warehouse.aggregate_instruction_aggregate' AIRFLOW_CTX_EXECUTION_DATE='2024-12-17T05:55:15.736211+00:00' AIRFLOW_CTX_TRY_NUMBER='1' AIRFLOW_CTX_DAG_RUN_ID='manual__2024-12-17T05:55:15.736211+00:00'
[2024-12-17T05:55:47.062+0000] {taskinstance.py:430} INFO - ::endgroup::
[2024-12-17T05:55:47.169+0000] {hive.py:475} INFO - USE `default`
[2024-12-17T05:55:47.408+0000] {hive.py:475} INFO - CREATE NAMESPACE IF NOT EXISTS iceberg.aggr_warehouse
[2024-12-17T05:55:47.503+0000] {hive.py:475} INFO - DROP TABLE IF EXISTS iceberg.aggr_warehouse.instruction_aggregate
[2024-12-17T05:55:47.652+0000] {hive.py:475} INFO - 
    CREATE OR REPLACE TABLE iceberg.aggr_warehouse.instruction_aggregate
    USING parquet
    AS
    SELECT
        inf.instruction_id,
        c.course_id,
        c.course_name,
        ps.program_id,
        ps.semester_name,
        inf.num_student AS num_students,
        inf.avg_final_score
    FROM
        iceberg.warehouse.instruction_fact inf
    JOIN iceberg.warehouse.course c ON inf.course_id = c.course_id
    JOIN iceberg.warehouse.program_semester ps ON inf.program_semester_id = ps.program_semester_id
    WHERE 
        inf.instruction_status = 'completed';
    
[2024-12-17T05:55:52.780+0000] {__init__.py:412} INFO - DELETE /user/hive/warehouse/aggr_warehouse.db/instruction_aggregate_parquet recursive=True user.name=default namenode:9870
[2024-12-17T05:55:52.812+0000] {hive.py:475} INFO - 
        DROP TABLE IF EXISTS spark_catalog.aggr_warehouse.instruction_aggregate_parquet
    
[2024-12-17T05:55:53.772+0000] {hive.py:475} INFO - 
        CREATE TABLE spark_catalog.aggr_warehouse.instruction_aggregate_parquet
        USING parquet
        AS
        SELECT * FROM iceberg.aggr_warehouse.instruction_aggregate
    
[2024-12-17T05:55:58.449+0000] {python.py:237} INFO - Done. Returned value was: None
[2024-12-17T05:55:58.449+0000] {taskinstance.py:441} INFO - ::group::Post task execution logs
[2024-12-17T05:55:58.476+0000] {taskinstance.py:1206} INFO - Marking task as SUCCESS. dag_id=etl_score_fact_data, task_id=aggregate_warehouse.aggregate_instruction_aggregate, run_id=manual__2024-12-17T05:55:15.736211+00:00, execution_date=20241217T055515, start_date=20241217T055545, end_date=20241217T055558
[2024-12-17T05:55:58.535+0000] {local_task_job_runner.py:240} INFO - Task exited with return code 0
[2024-12-17T05:55:58.587+0000] {taskinstance.py:3498} INFO - 0 downstream tasks scheduled from follow-on schedule check
[2024-12-17T05:55:58.588+0000] {local_task_job_runner.py:222} INFO - ::endgroup::
