[2024-12-16T14:32:08.038+0000] {local_task_job_runner.py:120} INFO - ::group::Pre task execution logs
[2024-12-16T14:32:08.272+0000] {taskinstance.py:2076} INFO - Dependencies all met for dep_context=non-requeueable deps ti=<TaskInstance: migration_fit_schema.insert_data.insert_data_class manual__2024-12-16T14:31:40.044942+00:00 [queued]>
[2024-12-16T14:32:08.280+0000] {taskinstance.py:2076} INFO - Dependencies all met for dep_context=requeueable deps ti=<TaskInstance: migration_fit_schema.insert_data.insert_data_class manual__2024-12-16T14:31:40.044942+00:00 [queued]>
[2024-12-16T14:32:08.280+0000] {taskinstance.py:2306} INFO - Starting attempt 1 of 1
[2024-12-16T14:32:08.292+0000] {taskinstance.py:2330} INFO - Executing <Task(PythonOperator): insert_data.insert_data_class> on 2024-12-16 14:31:40.044942+00:00
[2024-12-16T14:32:08.302+0000] {warnings.py:110} WARNING - /home/***/.local/lib/python3.12/site-packages/***/task/task_runner/standard_task_runner.py:61: DeprecationWarning: This process (pid=25922) is multi-threaded, use of fork() may lead to deadlocks in the child.
  pid = os.fork()

[2024-12-16T14:32:08.303+0000] {standard_task_runner.py:63} INFO - Started process 25924 to run task
[2024-12-16T14:32:08.307+0000] {standard_task_runner.py:90} INFO - Running: ['***', 'tasks', 'run', 'migration_fit_schema', 'insert_data.insert_data_class', 'manual__2024-12-16T14:31:40.044942+00:00', '--job-id', '524', '--raw', '--subdir', 'DAGS_FOLDER/etl_migrate.py', '--cfg-path', '/tmp/tmpgry52zea']
[2024-12-16T14:32:08.309+0000] {standard_task_runner.py:91} INFO - Job 524: Subtask insert_data.insert_data_class
[2024-12-16T14:32:08.376+0000] {task_command.py:426} INFO - Running <TaskInstance: migration_fit_schema.insert_data.insert_data_class manual__2024-12-16T14:31:40.044942+00:00 [running]> on host 2f4e9c743994
[2024-12-16T14:32:08.553+0000] {taskinstance.py:2648} INFO - Exporting env vars: AIRFLOW_CTX_DAG_OWNER='***' AIRFLOW_CTX_DAG_ID='migration_fit_schema' AIRFLOW_CTX_TASK_ID='insert_data.insert_data_class' AIRFLOW_CTX_EXECUTION_DATE='2024-12-16T14:31:40.044942+00:00' AIRFLOW_CTX_TRY_NUMBER='1' AIRFLOW_CTX_DAG_RUN_ID='manual__2024-12-16T14:31:40.044942+00:00'
[2024-12-16T14:32:08.555+0000] {taskinstance.py:430} INFO - ::endgroup::
[2024-12-16T14:32:09.007+0000] {__init__.py:412} INFO - GETFILESTATUS /data/raw/class/ user.name=default namenode:9870
[2024-12-16T14:32:09.021+0000] {__init__.py:412} INFO - MKDIRS /data/raw/class/ user.name=default namenode:9870
[2024-12-16T14:32:09.030+0000] {__init__.py:412} INFO - CREATE /data/raw/class/class_1734359529.csv overwrite=True async_=True user.name=default namenode:9870
[2024-12-16T14:32:09.090+0000] {python.py:237} INFO - Done. Returned value was: None
[2024-12-16T14:32:09.091+0000] {taskinstance.py:441} INFO - ::group::Post task execution logs
[2024-12-16T14:32:09.100+0000] {taskinstance.py:1206} INFO - Marking task as SUCCESS. dag_id=migration_fit_schema, task_id=insert_data.insert_data_class, run_id=manual__2024-12-16T14:31:40.044942+00:00, execution_date=20241216T143140, start_date=20241216T143208, end_date=20241216T143209
[2024-12-16T14:32:09.136+0000] {local_task_job_runner.py:240} INFO - Task exited with return code 0
[2024-12-16T14:32:09.171+0000] {taskinstance.py:3498} INFO - 1 downstream tasks scheduled from follow-on schedule check
[2024-12-16T14:32:09.173+0000] {local_task_job_runner.py:222} INFO - ::endgroup::
