[2024-12-16T15:43:54.929+0000] {local_task_job_runner.py:120} INFO - ::group::Pre task execution logs
[2024-12-16T15:43:55.300+0000] {taskinstance.py:2076} INFO - Dependencies all met for dep_context=non-requeueable deps ti=<TaskInstance: migration_fit_data.create_dwh_table.recreate_dwh_student manual__2024-12-16T15:42:13.474492+00:00 [queued]>
[2024-12-16T15:43:55.343+0000] {taskinstance.py:2076} INFO - Dependencies all met for dep_context=requeueable deps ti=<TaskInstance: migration_fit_data.create_dwh_table.recreate_dwh_student manual__2024-12-16T15:42:13.474492+00:00 [queued]>
[2024-12-16T15:43:55.347+0000] {taskinstance.py:2306} INFO - Starting attempt 1 of 1
[2024-12-16T15:43:55.744+0000] {taskinstance.py:2330} INFO - Executing <Task(PythonOperator): create_dwh_table.recreate_dwh_student> on 2024-12-16 15:42:13.474492+00:00
[2024-12-16T15:43:55.907+0000] {warnings.py:110} WARNING - /home/***/.local/lib/python3.12/site-packages/***/task/task_runner/standard_task_runner.py:61: DeprecationWarning: This process (pid=27368) is multi-threaded, use of fork() may lead to deadlocks in the child.
  pid = os.fork()

[2024-12-16T15:43:55.930+0000] {standard_task_runner.py:63} INFO - Started process 27405 to run task
[2024-12-16T15:43:55.934+0000] {standard_task_runner.py:90} INFO - Running: ['***', 'tasks', 'run', 'migration_fit_data', 'create_dwh_table.recreate_dwh_student', 'manual__2024-12-16T15:42:13.474492+00:00', '--job-id', '693', '--raw', '--subdir', 'DAGS_FOLDER/elt_migrate.py', '--cfg-path', '/tmp/tmp4v9s77uk']
[2024-12-16T15:43:55.943+0000] {standard_task_runner.py:91} INFO - Job 693: Subtask create_dwh_table.recreate_dwh_student
[2024-12-16T15:43:56.356+0000] {task_command.py:426} INFO - Running <TaskInstance: migration_fit_data.create_dwh_table.recreate_dwh_student manual__2024-12-16T15:42:13.474492+00:00 [running]> on host 2f4e9c743994
[2024-12-16T15:43:56.949+0000] {taskinstance.py:2648} INFO - Exporting env vars: AIRFLOW_CTX_DAG_OWNER='***' AIRFLOW_CTX_DAG_ID='migration_fit_data' AIRFLOW_CTX_TASK_ID='create_dwh_table.recreate_dwh_student' AIRFLOW_CTX_EXECUTION_DATE='2024-12-16T15:42:13.474492+00:00' AIRFLOW_CTX_TRY_NUMBER='1' AIRFLOW_CTX_DAG_RUN_ID='manual__2024-12-16T15:42:13.474492+00:00'
[2024-12-16T15:43:56.951+0000] {taskinstance.py:430} INFO - ::endgroup::
[2024-12-16T15:43:57.038+0000] {hive.py:475} INFO - USE `default`
[2024-12-16T15:43:57.423+0000] {hive.py:475} INFO - DROP TABLE IF EXISTS iceberg.warehouse.student
[2024-12-16T15:43:58.073+0000] {hive.py:475} INFO - CREATE DATABASE IF NOT EXISTS warehouse
[2024-12-16T15:43:58.190+0000] {hive.py:475} INFO - 
        CREATE TABLE IF NOT EXISTS iceberg.warehouse.student (
            student_id STRING,student_name STRING,class_name STRING,edu_mail STRING,address_id BIGINT,national_id BIGINT,key_year STRING,gender STRING,student_dob TIMESTAMP   
        )
        USING iceberg
        LOCATION '/fit_warehouse/warehouse/student/*.snappy.parquet'
    
[2024-12-16T15:43:58.653+0000] {python.py:237} INFO - Done. Returned value was: None
[2024-12-16T15:43:58.653+0000] {taskinstance.py:441} INFO - ::group::Post task execution logs
[2024-12-16T15:43:58.668+0000] {taskinstance.py:1206} INFO - Marking task as SUCCESS. dag_id=migration_fit_data, task_id=create_dwh_table.recreate_dwh_student, run_id=manual__2024-12-16T15:42:13.474492+00:00, execution_date=20241216T154213, start_date=20241216T154355, end_date=20241216T154358
[2024-12-16T15:43:58.755+0000] {local_task_job_runner.py:240} INFO - Task exited with return code 0
[2024-12-16T15:43:58.847+0000] {taskinstance.py:3498} INFO - 0 downstream tasks scheduled from follow-on schedule check
[2024-12-16T15:43:58.854+0000] {local_task_job_runner.py:222} INFO - ::endgroup::
