[2024-12-16T14:33:11.376+0000] {local_task_job_runner.py:120} INFO - ::group::Pre task execution logs
[2024-12-16T14:33:11.477+0000] {taskinstance.py:2076} INFO - Dependencies all met for dep_context=non-requeueable deps ti=<TaskInstance: migration_fit_data.get_raw_data.extract_raw_address manual__2024-12-16T14:32:53.829690+00:00 [queued]>
[2024-12-16T14:33:11.485+0000] {taskinstance.py:2076} INFO - Dependencies all met for dep_context=requeueable deps ti=<TaskInstance: migration_fit_data.get_raw_data.extract_raw_address manual__2024-12-16T14:32:53.829690+00:00 [queued]>
[2024-12-16T14:33:11.487+0000] {taskinstance.py:2306} INFO - Starting attempt 1 of 1
[2024-12-16T14:33:11.516+0000] {taskinstance.py:2330} INFO - Executing <Task(PythonOperator): get_raw_data.extract_raw_address> on 2024-12-16 14:32:53.829690+00:00
[2024-12-16T14:33:12.693+0000] {standard_task_runner.py:90} INFO - Running: ['***', 'tasks', 'run', 'migration_fit_data', 'get_raw_data.extract_raw_address', 'manual__2024-12-16T14:32:53.829690+00:00', '--job-id', '539', '--raw', '--subdir', 'DAGS_FOLDER/elt_migrate.py', '--cfg-path', '/tmp/tmppo7_t1om']
[2024-12-16T14:33:12.935+0000] {standard_task_runner.py:91} INFO - Job 539: Subtask get_raw_data.extract_raw_address
[2024-12-16T14:33:12.990+0000] {warnings.py:110} WARNING - /home/***/.local/lib/python3.12/site-packages/***/task/task_runner/standard_task_runner.py:61: DeprecationWarning: This process (pid=25974) is multi-threaded, use of fork() may lead to deadlocks in the child.
  pid = os.fork()

[2024-12-16T14:33:12.990+0000] {standard_task_runner.py:63} INFO - Started process 25996 to run task
[2024-12-16T14:33:15.267+0000] {task_command.py:426} INFO - Running <TaskInstance: migration_fit_data.get_raw_data.extract_raw_address manual__2024-12-16T14:32:53.829690+00:00 [running]> on host 2f4e9c743994
[2024-12-16T14:33:19.843+0000] {taskinstance.py:2648} INFO - Exporting env vars: AIRFLOW_CTX_DAG_OWNER='***' AIRFLOW_CTX_DAG_ID='migration_fit_data' AIRFLOW_CTX_TASK_ID='get_raw_data.extract_raw_address' AIRFLOW_CTX_EXECUTION_DATE='2024-12-16T14:32:53.829690+00:00' AIRFLOW_CTX_TRY_NUMBER='1' AIRFLOW_CTX_DAG_RUN_ID='manual__2024-12-16T14:32:53.829690+00:00'
[2024-12-16T14:33:19.851+0000] {taskinstance.py:430} INFO - ::endgroup::
[2024-12-16T14:33:24.470+0000] {__init__.py:412} INFO - DELETE /fit_warehouse/raw/address/ recursive=True user.name=default namenode:9870
[2024-12-16T14:33:24.571+0000] {__init__.py:412} INFO - GETFILESTATUS /fit_warehouse/raw/address/ user.name=default namenode:9870
[2024-12-16T14:33:24.635+0000] {__init__.py:412} INFO - MKDIRS /fit_warehouse/raw/address/ user.name=default namenode:9870
[2024-12-16T14:33:24.694+0000] {__init__.py:412} INFO - CREATE /fit_warehouse/raw/address/address_01.snappy.parquet overwrite=True async_=True user.name=default namenode:9870
[2024-12-16T14:33:25.167+0000] {python.py:237} INFO - Done. Returned value was: None
[2024-12-16T14:33:25.172+0000] {taskinstance.py:441} INFO - ::group::Post task execution logs
[2024-12-16T14:33:25.259+0000] {taskinstance.py:1206} INFO - Marking task as SUCCESS. dag_id=migration_fit_data, task_id=get_raw_data.extract_raw_address, run_id=manual__2024-12-16T14:32:53.829690+00:00, execution_date=20241216T143253, start_date=20241216T143311, end_date=20241216T143325
[2024-12-16T14:33:25.341+0000] {local_task_job_runner.py:240} INFO - Task exited with return code 0
[2024-12-16T14:33:25.358+0000] {local_task_job_runner.py:222} INFO - ::endgroup::
