[2024-12-14T08:29:40.996+0000] {local_task_job_runner.py:120} INFO - ::group::Pre task execution logs
[2024-12-14T08:29:41.049+0000] {taskinstance.py:2076} INFO - Dependencies all met for dep_context=non-requeueable deps ti=<TaskInstance: etl_dimention_data.get_raw_data.extract_raw_program_semester manual__2024-12-14T08:29:32.383342+00:00 [queued]>
[2024-12-14T08:29:41.063+0000] {taskinstance.py:2076} INFO - Dependencies all met for dep_context=requeueable deps ti=<TaskInstance: etl_dimention_data.get_raw_data.extract_raw_program_semester manual__2024-12-14T08:29:32.383342+00:00 [queued]>
[2024-12-14T08:29:41.063+0000] {taskinstance.py:2306} INFO - Starting attempt 1 of 1
[2024-12-14T08:29:41.077+0000] {taskinstance.py:2330} INFO - Executing <Task(PythonOperator): get_raw_data.extract_raw_program_semester> on 2024-12-14 08:29:32.383342+00:00
[2024-12-14T08:29:41.091+0000] {warnings.py:110} WARNING - /home/***/.local/lib/python3.12/site-packages/***/task/task_runner/standard_task_runner.py:61: DeprecationWarning: This process (pid=15828) is multi-threaded, use of fork() may lead to deadlocks in the child.
  pid = os.fork()

[2024-12-14T08:29:41.096+0000] {standard_task_runner.py:63} INFO - Started process 15850 to run task
[2024-12-14T08:29:41.095+0000] {standard_task_runner.py:90} INFO - Running: ['***', 'tasks', 'run', 'etl_dimention_data', 'get_raw_data.extract_raw_program_semester', 'manual__2024-12-14T08:29:32.383342+00:00', '--job-id', '1053', '--raw', '--subdir', 'DAGS_FOLDER/elt_dimention.py', '--cfg-path', '/tmp/tmpsu41auqw']
[2024-12-14T08:29:41.099+0000] {standard_task_runner.py:91} INFO - Job 1053: Subtask get_raw_data.extract_raw_program_semester
[2024-12-14T08:29:41.194+0000] {task_command.py:426} INFO - Running <TaskInstance: etl_dimention_data.get_raw_data.extract_raw_program_semester manual__2024-12-14T08:29:32.383342+00:00 [running]> on host 1fe973f28a1c
[2024-12-14T08:29:41.336+0000] {taskinstance.py:2648} INFO - Exporting env vars: AIRFLOW_CTX_DAG_OWNER='***' AIRFLOW_CTX_DAG_ID='etl_dimention_data' AIRFLOW_CTX_TASK_ID='get_raw_data.extract_raw_program_semester' AIRFLOW_CTX_EXECUTION_DATE='2024-12-14T08:29:32.383342+00:00' AIRFLOW_CTX_TRY_NUMBER='1' AIRFLOW_CTX_DAG_RUN_ID='manual__2024-12-14T08:29:32.383342+00:00'
[2024-12-14T08:29:41.339+0000] {taskinstance.py:430} INFO - ::endgroup::
[2024-12-14T08:29:42.126+0000] {__init__.py:412} INFO - DELETE /fit_warehouse/raw/program_semester/ recursive=True user.name=default namenode:9870
[2024-12-14T08:29:42.141+0000] {__init__.py:412} INFO - GETFILESTATUS /fit_warehouse/raw/program_semester/ user.name=default namenode:9870
[2024-12-14T08:29:42.154+0000] {__init__.py:412} INFO - MKDIRS /fit_warehouse/raw/program_semester/ user.name=default namenode:9870
[2024-12-14T08:29:42.162+0000] {__init__.py:412} INFO - CREATE /fit_warehouse/raw/program_semester/program_semester_01.snappy.parquet overwrite=True async_=True user.name=default namenode:9870
[2024-12-14T08:29:42.215+0000] {python.py:237} INFO - Done. Returned value was: None
[2024-12-14T08:29:42.215+0000] {taskinstance.py:441} INFO - ::group::Post task execution logs
[2024-12-14T08:29:42.226+0000] {taskinstance.py:1206} INFO - Marking task as SUCCESS. dag_id=etl_dimention_data, task_id=get_raw_data.extract_raw_program_semester, run_id=manual__2024-12-14T08:29:32.383342+00:00, execution_date=20241214T082932, start_date=20241214T082941, end_date=20241214T082942
[2024-12-14T08:29:42.252+0000] {local_task_job_runner.py:240} INFO - Task exited with return code 0
[2024-12-14T08:29:42.294+0000] {taskinstance.py:3498} INFO - 0 downstream tasks scheduled from follow-on schedule check
[2024-12-14T08:29:42.295+0000] {local_task_job_runner.py:222} INFO - ::endgroup::
