[2024-12-18T18:48:33.268+0000] {local_task_job_runner.py:120} INFO - ::group::Pre task execution logs
[2024-12-18T18:48:33.935+0000] {taskinstance.py:2076} INFO - Dependencies all met for dep_context=non-requeueable deps ti=<TaskInstance: migration_fit_data.load_staging.create_staging_class manual__2024-12-18T18:47:46.249957+00:00 [queued]>
[2024-12-18T18:48:34.053+0000] {taskinstance.py:2076} INFO - Dependencies all met for dep_context=requeueable deps ti=<TaskInstance: migration_fit_data.load_staging.create_staging_class manual__2024-12-18T18:47:46.249957+00:00 [queued]>
[2024-12-18T18:48:34.064+0000] {taskinstance.py:2306} INFO - Starting attempt 1 of 1
[2024-12-18T18:48:34.337+0000] {taskinstance.py:2330} INFO - Executing <Task(PythonOperator): load_staging.create_staging_class> on 2024-12-18 18:47:46.249957+00:00
[2024-12-18T18:48:34.438+0000] {warnings.py:110} WARNING - /home/***/.local/lib/python3.12/site-packages/***/task/task_runner/standard_task_runner.py:61: DeprecationWarning: This process (pid=1281) is multi-threaded, use of fork() may lead to deadlocks in the child.
  pid = os.fork()

[2024-12-18T18:48:34.450+0000] {standard_task_runner.py:63} INFO - Started process 1306 to run task
[2024-12-18T18:48:34.457+0000] {standard_task_runner.py:90} INFO - Running: ['***', 'tasks', 'run', 'migration_fit_data', 'load_staging.create_staging_class', 'manual__2024-12-18T18:47:46.249957+00:00', '--job-id', '1120', '--raw', '--subdir', 'DAGS_FOLDER/elt_migrate.py', '--cfg-path', '/tmp/tmpg0h083jt']
[2024-12-18T18:48:34.488+0000] {standard_task_runner.py:91} INFO - Job 1120: Subtask load_staging.create_staging_class
[2024-12-18T18:48:35.294+0000] {task_command.py:426} INFO - Running <TaskInstance: migration_fit_data.load_staging.create_staging_class manual__2024-12-18T18:47:46.249957+00:00 [running]> on host 33a17f71e955
[2024-12-18T18:48:37.233+0000] {taskinstance.py:2648} INFO - Exporting env vars: AIRFLOW_CTX_DAG_OWNER='***' AIRFLOW_CTX_DAG_ID='migration_fit_data' AIRFLOW_CTX_TASK_ID='load_staging.create_staging_class' AIRFLOW_CTX_EXECUTION_DATE='2024-12-18T18:47:46.249957+00:00' AIRFLOW_CTX_TRY_NUMBER='1' AIRFLOW_CTX_DAG_RUN_ID='manual__2024-12-18T18:47:46.249957+00:00'
[2024-12-18T18:48:37.234+0000] {taskinstance.py:430} INFO - ::endgroup::
[2024-12-18T18:48:37.759+0000] {hive.py:475} INFO - USE `default`
[2024-12-18T18:48:46.728+0000] {hive.py:475} INFO - DROP TABLE IF EXISTS default.class
[2024-12-18T18:48:50.803+0000] {hive.py:475} INFO - 
        CREATE TABLE IF NOT EXISTS default.class (
            class_id BIGINT,class_name STRING,last_modified_date TIMESTAMP   
        )   
        STORED AS PARQUET
        LOCATION '/fit_warehouse/raw/class/*.snappy.parquet'
    
[2024-12-18T18:48:56.312+0000] {hive.py:475} INFO - ANALYZE TABLE default.class COMPUTE STATISTICS
[2024-12-18T18:49:49.440+0000] {python.py:237} INFO - Done. Returned value was: None
[2024-12-18T18:49:49.441+0000] {taskinstance.py:441} INFO - ::group::Post task execution logs
[2024-12-18T18:49:49.486+0000] {taskinstance.py:1206} INFO - Marking task as SUCCESS. dag_id=migration_fit_data, task_id=load_staging.create_staging_class, run_id=manual__2024-12-18T18:47:46.249957+00:00, execution_date=20241218T184746, start_date=20241218T184833, end_date=20241218T184949
[2024-12-18T18:49:49.574+0000] {local_task_job_runner.py:240} INFO - Task exited with return code 0
[2024-12-18T18:49:49.589+0000] {local_task_job_runner.py:222} INFO - ::endgroup::
