[2024-12-14T16:35:00.855+0000] {local_task_job_runner.py:120} INFO - ::group::Pre task execution logs
[2024-12-14T16:35:01.320+0000] {taskinstance.py:2076} INFO - Dependencies all met for dep_context=non-requeueable deps ti=<TaskInstance: migration_fit_data.get_raw_data.extract_raw_course manual__2024-12-14T16:34:48.600629+00:00 [queued]>
[2024-12-14T16:35:01.410+0000] {taskinstance.py:2076} INFO - Dependencies all met for dep_context=requeueable deps ti=<TaskInstance: migration_fit_data.get_raw_data.extract_raw_course manual__2024-12-14T16:34:48.600629+00:00 [queued]>
[2024-12-14T16:35:01.411+0000] {taskinstance.py:2306} INFO - Starting attempt 1 of 1
[2024-12-14T16:35:01.710+0000] {taskinstance.py:2330} INFO - Executing <Task(PythonOperator): get_raw_data.extract_raw_course> on 2024-12-14 16:34:48.600629+00:00
[2024-12-14T16:35:01.721+0000] {warnings.py:110} WARNING - /home/***/.local/lib/python3.12/site-packages/***/task/task_runner/standard_task_runner.py:61: DeprecationWarning: This process (pid=4781) is multi-threaded, use of fork() may lead to deadlocks in the child.
  pid = os.fork()

[2024-12-14T16:35:01.726+0000] {standard_task_runner.py:63} INFO - Started process 4819 to run task
[2024-12-14T16:35:01.725+0000] {standard_task_runner.py:90} INFO - Running: ['***', 'tasks', 'run', 'migration_fit_data', 'get_raw_data.extract_raw_course', 'manual__2024-12-14T16:34:48.600629+00:00', '--job-id', '233', '--raw', '--subdir', 'DAGS_FOLDER/elt_migrate.py', '--cfg-path', '/tmp/tmp9fhhrh8d']
[2024-12-14T16:35:01.730+0000] {standard_task_runner.py:91} INFO - Job 233: Subtask get_raw_data.extract_raw_course
[2024-12-14T16:35:01.815+0000] {task_command.py:426} INFO - Running <TaskInstance: migration_fit_data.get_raw_data.extract_raw_course manual__2024-12-14T16:34:48.600629+00:00 [running]> on host 472b63b715e1
[2024-12-14T16:35:02.148+0000] {taskinstance.py:2648} INFO - Exporting env vars: AIRFLOW_CTX_DAG_OWNER='***' AIRFLOW_CTX_DAG_ID='migration_fit_data' AIRFLOW_CTX_TASK_ID='get_raw_data.extract_raw_course' AIRFLOW_CTX_EXECUTION_DATE='2024-12-14T16:34:48.600629+00:00' AIRFLOW_CTX_TRY_NUMBER='1' AIRFLOW_CTX_DAG_RUN_ID='manual__2024-12-14T16:34:48.600629+00:00'
[2024-12-14T16:35:02.187+0000] {taskinstance.py:430} INFO - ::endgroup::
[2024-12-14T16:35:04.372+0000] {__init__.py:412} INFO - DELETE /fit_warehouse/raw/course/ recursive=True user.name=default namenode:9870
[2024-12-14T16:35:04.420+0000] {__init__.py:412} INFO - GETFILESTATUS /fit_warehouse/raw/course/ user.name=default namenode:9870
[2024-12-14T16:35:04.445+0000] {__init__.py:412} INFO - MKDIRS /fit_warehouse/raw/course/ user.name=default namenode:9870
[2024-12-14T16:35:04.463+0000] {__init__.py:412} INFO - CREATE /fit_warehouse/raw/course/course_01.snappy.parquet overwrite=True async_=True user.name=default namenode:9870
[2024-12-14T16:35:04.612+0000] {python.py:237} INFO - Done. Returned value was: None
[2024-12-14T16:35:04.615+0000] {taskinstance.py:441} INFO - ::group::Post task execution logs
[2024-12-14T16:35:04.649+0000] {taskinstance.py:1206} INFO - Marking task as SUCCESS. dag_id=migration_fit_data, task_id=get_raw_data.extract_raw_course, run_id=manual__2024-12-14T16:34:48.600629+00:00, execution_date=20241214T163448, start_date=20241214T163501, end_date=20241214T163504
[2024-12-14T16:35:04.775+0000] {local_task_job_runner.py:240} INFO - Task exited with return code 0
[2024-12-14T16:35:04.981+0000] {taskinstance.py:3498} INFO - 0 downstream tasks scheduled from follow-on schedule check
[2024-12-14T16:35:04.984+0000] {local_task_job_runner.py:222} INFO - ::endgroup::
