[2024-12-14T10:49:44.027+0000] {local_task_job_runner.py:120} INFO - ::group::Pre task execution logs
[2024-12-14T10:49:44.106+0000] {taskinstance.py:2076} INFO - Dependencies all met for dep_context=non-requeueable deps ti=<TaskInstance: etl_dimention_data.load_staging.create_staging_student manual__2024-12-14T10:49:34.305778+00:00 [queued]>
[2024-12-14T10:49:44.140+0000] {taskinstance.py:2076} INFO - Dependencies all met for dep_context=requeueable deps ti=<TaskInstance: etl_dimention_data.load_staging.create_staging_student manual__2024-12-14T10:49:34.305778+00:00 [queued]>
[2024-12-14T10:49:44.142+0000] {taskinstance.py:2306} INFO - Starting attempt 1 of 1
[2024-12-14T10:49:44.190+0000] {taskinstance.py:2330} INFO - Executing <Task(PythonOperator): load_staging.create_staging_student> on 2024-12-14 10:49:34.305778+00:00
[2024-12-14T10:49:44.222+0000] {warnings.py:110} WARNING - /home/***/.local/lib/python3.12/site-packages/***/task/task_runner/standard_task_runner.py:61: DeprecationWarning: This process (pid=568) is multi-threaded, use of fork() may lead to deadlocks in the child.
  pid = os.fork()

[2024-12-14T10:49:44.226+0000] {standard_task_runner.py:63} INFO - Started process 589 to run task
[2024-12-14T10:49:44.226+0000] {standard_task_runner.py:90} INFO - Running: ['***', 'tasks', 'run', 'etl_dimention_data', 'load_staging.create_staging_student', 'manual__2024-12-14T10:49:34.305778+00:00', '--job-id', '131', '--raw', '--subdir', 'DAGS_FOLDER/elt_dimention.py', '--cfg-path', '/tmp/tmpeshxv21y']
[2024-12-14T10:49:44.235+0000] {standard_task_runner.py:91} INFO - Job 131: Subtask load_staging.create_staging_student
[2024-12-14T10:49:44.370+0000] {task_command.py:426} INFO - Running <TaskInstance: etl_dimention_data.load_staging.create_staging_student manual__2024-12-14T10:49:34.305778+00:00 [running]> on host 06cbf31e97a5
[2024-12-14T10:49:44.565+0000] {taskinstance.py:2648} INFO - Exporting env vars: AIRFLOW_CTX_DAG_OWNER='***' AIRFLOW_CTX_DAG_ID='etl_dimention_data' AIRFLOW_CTX_TASK_ID='load_staging.create_staging_student' AIRFLOW_CTX_EXECUTION_DATE='2024-12-14T10:49:34.305778+00:00' AIRFLOW_CTX_TRY_NUMBER='1' AIRFLOW_CTX_DAG_RUN_ID='manual__2024-12-14T10:49:34.305778+00:00'
[2024-12-14T10:49:44.566+0000] {taskinstance.py:430} INFO - ::endgroup::
[2024-12-14T10:49:44.607+0000] {hive.py:475} INFO - USE `default`
[2024-12-14T10:49:44.814+0000] {hive.py:475} INFO - DROP TABLE IF EXISTS default.student
[2024-12-14T10:49:46.032+0000] {hive.py:475} INFO - 
        CREATE TABLE IF NOT EXISTS default.student (
            student_id STRING,student_name STRING,class_name STRING,edu_mail STRING,address_id BIGINT,national_id BIGINT,key_year STRING,gender STRING,student_dob TIMESTAMP   
        )   
        STORED AS PARQUET
        LOCATION '/fit_warehouse/raw/student/*.snappy.parquet'
    
[2024-12-14T10:49:46.516+0000] {hive.py:475} INFO - ANALYZE TABLE default.student COMPUTE STATISTICS
[2024-12-14T10:49:48.703+0000] {python.py:237} INFO - Done. Returned value was: None
[2024-12-14T10:49:48.705+0000] {taskinstance.py:441} INFO - ::group::Post task execution logs
[2024-12-14T10:49:48.727+0000] {taskinstance.py:1206} INFO - Marking task as SUCCESS. dag_id=etl_dimention_data, task_id=load_staging.create_staging_student, run_id=manual__2024-12-14T10:49:34.305778+00:00, execution_date=20241214T104934, start_date=20241214T104944, end_date=20241214T104948
[2024-12-14T10:49:48.785+0000] {local_task_job_runner.py:240} INFO - Task exited with return code 0
[2024-12-14T10:49:48.827+0000] {taskinstance.py:3498} INFO - 0 downstream tasks scheduled from follow-on schedule check
[2024-12-14T10:49:48.829+0000] {local_task_job_runner.py:222} INFO - ::endgroup::
