[2024-12-14T17:01:00.642+0000] {local_task_job_runner.py:120} INFO - ::group::Pre task execution logs
[2024-12-14T17:01:00.712+0000] {taskinstance.py:2076} INFO - Dependencies all met for dep_context=non-requeueable deps ti=<TaskInstance: migration_fit_data.get_raw_data.extract_raw_enroll_student manual__2024-12-14T17:00:50.234298+00:00 [queued]>
[2024-12-14T17:01:00.742+0000] {taskinstance.py:2076} INFO - Dependencies all met for dep_context=requeueable deps ti=<TaskInstance: migration_fit_data.get_raw_data.extract_raw_enroll_student manual__2024-12-14T17:00:50.234298+00:00 [queued]>
[2024-12-14T17:01:00.743+0000] {taskinstance.py:2306} INFO - Starting attempt 1 of 1
[2024-12-14T17:01:00.784+0000] {taskinstance.py:2330} INFO - Executing <Task(PythonOperator): get_raw_data.extract_raw_enroll_student> on 2024-12-14 17:00:50.234298+00:00
[2024-12-14T17:01:00.812+0000] {warnings.py:110} WARNING - /home/***/.local/lib/python3.12/site-packages/***/task/task_runner/standard_task_runner.py:61: DeprecationWarning: This process (pid=5309) is multi-threaded, use of fork() may lead to deadlocks in the child.
  pid = os.fork()

[2024-12-14T17:01:00.819+0000] {standard_task_runner.py:63} INFO - Started process 5338 to run task
[2024-12-14T17:01:00.821+0000] {standard_task_runner.py:90} INFO - Running: ['***', 'tasks', 'run', 'migration_fit_data', 'get_raw_data.extract_raw_enroll_student', 'manual__2024-12-14T17:00:50.234298+00:00', '--job-id', '289', '--raw', '--subdir', 'DAGS_FOLDER/elt_migrate.py', '--cfg-path', '/tmp/tmpkdd1myd9']
[2024-12-14T17:01:00.839+0000] {standard_task_runner.py:91} INFO - Job 289: Subtask get_raw_data.extract_raw_enroll_student
[2024-12-14T17:01:01.255+0000] {task_command.py:426} INFO - Running <TaskInstance: migration_fit_data.get_raw_data.extract_raw_enroll_student manual__2024-12-14T17:00:50.234298+00:00 [running]> on host 472b63b715e1
[2024-12-14T17:01:01.912+0000] {taskinstance.py:2648} INFO - Exporting env vars: AIRFLOW_CTX_DAG_OWNER='***' AIRFLOW_CTX_DAG_ID='migration_fit_data' AIRFLOW_CTX_TASK_ID='get_raw_data.extract_raw_enroll_student' AIRFLOW_CTX_EXECUTION_DATE='2024-12-14T17:00:50.234298+00:00' AIRFLOW_CTX_TRY_NUMBER='1' AIRFLOW_CTX_DAG_RUN_ID='manual__2024-12-14T17:00:50.234298+00:00'
[2024-12-14T17:01:01.916+0000] {taskinstance.py:430} INFO - ::endgroup::
[2024-12-14T17:01:06.012+0000] {__init__.py:412} INFO - DELETE /fit_warehouse/raw/enroll_student/ recursive=True user.name=default namenode:9870
[2024-12-14T17:01:06.022+0000] {__init__.py:412} INFO - GETFILESTATUS /fit_warehouse/raw/enroll_student/ user.name=default namenode:9870
[2024-12-14T17:01:06.033+0000] {__init__.py:412} INFO - MKDIRS /fit_warehouse/raw/enroll_student/ user.name=default namenode:9870
[2024-12-14T17:01:06.041+0000] {__init__.py:412} INFO - CREATE /fit_warehouse/raw/enroll_student/enroll_student_01.snappy.parquet overwrite=True async_=True user.name=default namenode:9870
[2024-12-14T17:01:06.134+0000] {python.py:237} INFO - Done. Returned value was: None
[2024-12-14T17:01:06.135+0000] {taskinstance.py:441} INFO - ::group::Post task execution logs
[2024-12-14T17:01:06.173+0000] {taskinstance.py:1206} INFO - Marking task as SUCCESS. dag_id=migration_fit_data, task_id=get_raw_data.extract_raw_enroll_student, run_id=manual__2024-12-14T17:00:50.234298+00:00, execution_date=20241214T170050, start_date=20241214T170100, end_date=20241214T170106
[2024-12-14T17:01:06.246+0000] {local_task_job_runner.py:240} INFO - Task exited with return code 0
[2024-12-14T17:01:06.284+0000] {local_task_job_runner.py:222} INFO - ::endgroup::
