[2024-12-17T04:07:11.977+0000] {local_task_job_runner.py:120} INFO - ::group::Pre task execution logs
[2024-12-17T04:07:12.229+0000] {taskinstance.py:2076} INFO - Dependencies all met for dep_context=non-requeueable deps ti=<TaskInstance: migration_fit_data.aggregate_warehouse.aggregate_student_program_completion manual__2024-12-17T04:04:13.440119+00:00 [queued]>
[2024-12-17T04:07:12.313+0000] {taskinstance.py:2076} INFO - Dependencies all met for dep_context=requeueable deps ti=<TaskInstance: migration_fit_data.aggregate_warehouse.aggregate_student_program_completion manual__2024-12-17T04:04:13.440119+00:00 [queued]>
[2024-12-17T04:07:14.254+0000] {taskinstance.py:2306} INFO - Starting attempt 1 of 1
[2024-12-17T04:07:16.284+0000] {taskinstance.py:2330} INFO - Executing <Task(PythonOperator): aggregate_warehouse.aggregate_student_program_completion> on 2024-12-17 04:04:13.440119+00:00
[2024-12-17T04:07:16.356+0000] {warnings.py:110} WARNING - /home/***/.local/lib/python3.12/site-packages/***/task/task_runner/standard_task_runner.py:61: DeprecationWarning: This process (pid=36842) is multi-threaded, use of fork() may lead to deadlocks in the child.
  pid = os.fork()

[2024-12-17T04:07:16.364+0000] {standard_task_runner.py:63} INFO - Started process 36860 to run task
[2024-12-17T04:07:16.371+0000] {standard_task_runner.py:90} INFO - Running: ['***', 'tasks', 'run', 'migration_fit_data', 'aggregate_warehouse.aggregate_student_program_completion', 'manual__2024-12-17T04:04:13.440119+00:00', '--job-id', '791', '--raw', '--subdir', 'DAGS_FOLDER/elt_migrate.py', '--cfg-path', '/tmp/tmp0645lww7']
[2024-12-17T04:07:18.403+0000] {standard_task_runner.py:91} INFO - Job 791: Subtask aggregate_warehouse.aggregate_student_program_completion
[2024-12-17T04:07:18.879+0000] {task_command.py:426} INFO - Running <TaskInstance: migration_fit_data.aggregate_warehouse.aggregate_student_program_completion manual__2024-12-17T04:04:13.440119+00:00 [running]> on host 2f4e9c743994
[2024-12-17T04:07:19.405+0000] {taskinstance.py:2648} INFO - Exporting env vars: AIRFLOW_CTX_DAG_OWNER='***' AIRFLOW_CTX_DAG_ID='migration_fit_data' AIRFLOW_CTX_TASK_ID='aggregate_warehouse.aggregate_student_program_completion' AIRFLOW_CTX_EXECUTION_DATE='2024-12-17T04:04:13.440119+00:00' AIRFLOW_CTX_TRY_NUMBER='1' AIRFLOW_CTX_DAG_RUN_ID='manual__2024-12-17T04:04:13.440119+00:00'
[2024-12-17T04:07:19.408+0000] {taskinstance.py:430} INFO - ::endgroup::
[2024-12-17T04:07:19.435+0000] {hive.py:475} INFO - USE `default`
[2024-12-17T04:07:19.480+0000] {hive.py:475} INFO - CREATE NAMESPACE IF NOT EXISTS iceberg.aggr_warehouse
[2024-12-17T04:07:19.515+0000] {hive.py:475} INFO - DROP TABLE IF EXISTS iceberg.aggr_warehouse.student_program_completion
[2024-12-17T04:07:19.735+0000] {hive.py:475} INFO - 
        CREATE OR REPLACE TABLE iceberg.aggr_warehouse.student_program_completion
        USING parquet
        AS
        WITH program_requirements AS (
            SELECT
                ps.program_id,
                SUM(ps.required_credit) AS total_required_credit,
                SUM(ps.elective_credit) AS total_elective_credit
            FROM
                iceberg.warehouse.program_semester ps
            GROUP BY
                ps.program_id
        ),
        student_courses AS (
            SELECT
                s.student_id,
                s.student_name,
                ps.program_id,
                ps.program_semester_id,
                c.course_code,
                c.category,
                c.total_credit,
                sf.final_score,
                CASE 
                    WHEN sf.final_score_4 >= 1 THEN 'Passed'
                    ELSE 'Failed'
                END AS course_status
            FROM
                iceberg.warehouse.student s
            JOIN iceberg.warehouse.enroll_student es ON s.student_id = es.student_id
            JOIN iceberg.warehouse.enrollment_fact ef ON es.enrollment_id = ef.enrollment_id
            JOIN iceberg.warehouse.instruction_fact inf ON ef.instruction_id = inf.instruction_id
            JOIN iceberg.warehouse.program_semester ps ON inf.program_semester_id = ps.program_semester_id
            JOIN iceberg.warehouse.course c ON inf.course_id = c.course_id
            LEFT JOIN iceberg.warehouse.score_fact sf ON sf.instruction_id = inf.instruction_id AND sf.student_id = s.student_id
        ),
        failed_courses AS (
            SELECT
                sc.student_id,
                sc.course_code,
                sc.program_id,
                COUNT(*) AS fail_count
            FROM
                student_courses sc
            WHERE
                sc.course_status = 'Failed'
            GROUP BY
                sc.student_id,
                sc.course_code,
                sc.program_id
        ),
        re_enrollments AS (
            SELECT
                sc.student_id,
                sc.course_code,
                sc.program_id,
                COUNT(*) AS re_enroll_count,
                SUM(CASE WHEN sc.course_status = 'Passed' THEN 1 ELSE 0 END) AS re_enroll_pass_count
            FROM
                student_courses sc
            JOIN failed_courses fc ON sc.student_id = fc.student_id AND sc.course_code = fc.course_code
            WHERE
                sc.course_status = 'Passed' AND sc.final_score >= 4
            GROUP BY
                sc.student_id,
                sc.course_code,
                sc.program_id
        ),
        student_credit AS (
            SELECT
                sc.student_id,
                sc.student_name,
                sc.program_id,
                pr.total_required_credit,
                pr.total_elective_credit,
                SUM(CASE WHEN sc.category = 'required' THEN sc.total_credit ELSE 0 END) AS total_required_credit_registered,
                SUM(CASE WHEN sc.category = 'elective' THEN sc.total_credit ELSE 0 END) AS total_elective_credit_registered,
                SUM(CASE WHEN sc.category = 'required' AND sc.course_status = 'Passed' THEN sc.total_credit ELSE 0 END) AS total_required_credit_passed,
                SUM(CASE WHEN sc.category = 'elective' AND sc.course_status = 'Passed' THEN sc.total_credit ELSE 0 END) AS total_elective_credit_passed,
                COUNT(fc.course_code) AS total_failed_courses,
                COUNT(r.course_code) AS total_re_enrolled_courses
            FROM
                student_courses sc
            JOIN program_requirements pr ON sc.program_id = pr.program_id
            LEFT JOIN failed_courses fc ON sc.student_id = fc.student_id AND sc.course_code = fc.course_code
            LEFT JOIN re_enrollments r ON sc.student_id = r.student_id AND sc.course_code = r.course_code
            GROUP BY
                sc.student_id,
                sc.student_name,
                sc.program_id,
                pr.total_required_credit,
                pr.total_elective_credit
        )
        SELECT
            sc.student_id,
            sc.student_name,
            sc.program_id,
            sc.total_required_credit,
            sc.total_elective_credit,
            sc.total_required_credit_registered,
            sc.total_elective_credit_registered,
            sc.total_required_credit_passed,
            sc.total_elective_credit_passed,
            sc.total_failed_courses,
            sc.total_re_enrolled_courses,
            CASE 
                WHEN sc.total_required_credit_passed >= sc.total_required_credit
                    AND sc.total_elective_credit_passed >= sc.total_elective_credit
                    AND sc.total_failed_courses = sc.total_re_enrolled_courses
                THEN 'Completed'
                ELSE 'Not Completed'
            END AS completion_status
        FROM
            student_credit sc
        ;
    
[2024-12-17T04:07:55.935+0000] {__init__.py:412} INFO - DELETE /user/hive/warehouse/aggr_warehouse.db/student_program_completion_parquet recursive=True user.name=default namenode:9870
[2024-12-17T04:07:55.969+0000] {hive.py:475} INFO - 
        DROP TABLE IF EXISTS spark_catalog.aggr_warehouse.student_program_completion_parquet
    
[2024-12-17T04:07:56.263+0000] {hive.py:475} INFO - 
        CREATE TABLE spark_catalog.aggr_warehouse.student_program_completion_parquet
        USING parquet
        AS
        SELECT * FROM iceberg.aggr_warehouse.student_program_completion
    
[2024-12-17T04:07:57.243+0000] {python.py:237} INFO - Done. Returned value was: None
[2024-12-17T04:07:57.244+0000] {taskinstance.py:441} INFO - ::group::Post task execution logs
[2024-12-17T04:07:57.262+0000] {taskinstance.py:1206} INFO - Marking task as SUCCESS. dag_id=migration_fit_data, task_id=aggregate_warehouse.aggregate_student_program_completion, run_id=manual__2024-12-17T04:04:13.440119+00:00, execution_date=20241217T040413, start_date=20241217T040712, end_date=20241217T040757
[2024-12-17T04:07:57.339+0000] {local_task_job_runner.py:240} INFO - Task exited with return code 0
[2024-12-17T04:07:57.391+0000] {taskinstance.py:3498} INFO - 6 downstream tasks scheduled from follow-on schedule check
[2024-12-17T04:07:57.396+0000] {local_task_job_runner.py:222} INFO - ::endgroup::
