[2024-12-17T04:22:40.244+0000] {local_task_job_runner.py:120} INFO - ::group::Pre task execution logs
[2024-12-17T04:22:40.410+0000] {taskinstance.py:2076} INFO - Dependencies all met for dep_context=non-requeueable deps ti=<TaskInstance: migration_fit_data.create_dwh_table.recreate_dwh_instruction_fact manual__2024-12-17T04:21:03.915875+00:00 [queued]>
[2024-12-17T04:22:40.487+0000] {taskinstance.py:2076} INFO - Dependencies all met for dep_context=requeueable deps ti=<TaskInstance: migration_fit_data.create_dwh_table.recreate_dwh_instruction_fact manual__2024-12-17T04:21:03.915875+00:00 [queued]>
[2024-12-17T04:22:40.487+0000] {taskinstance.py:2306} INFO - Starting attempt 1 of 1
[2024-12-17T04:22:40.602+0000] {taskinstance.py:2330} INFO - Executing <Task(PythonOperator): create_dwh_table.recreate_dwh_instruction_fact> on 2024-12-17 04:21:03.915875+00:00
[2024-12-17T04:22:40.641+0000] {warnings.py:110} WARNING - /home/***/.local/lib/python3.12/site-packages/***/task/task_runner/standard_task_runner.py:61: DeprecationWarning: This process (pid=37204) is multi-threaded, use of fork() may lead to deadlocks in the child.
  pid = os.fork()

[2024-12-17T04:22:40.648+0000] {standard_task_runner.py:63} INFO - Started process 37226 to run task
[2024-12-17T04:22:40.650+0000] {standard_task_runner.py:90} INFO - Running: ['***', 'tasks', 'run', 'migration_fit_data', 'create_dwh_table.recreate_dwh_instruction_fact', 'manual__2024-12-17T04:21:03.915875+00:00', '--job-id', '843', '--raw', '--subdir', 'DAGS_FOLDER/elt_migrate.py', '--cfg-path', '/tmp/tmpae01kqhz']
[2024-12-17T04:22:40.656+0000] {standard_task_runner.py:91} INFO - Job 843: Subtask create_dwh_table.recreate_dwh_instruction_fact
[2024-12-17T04:22:40.946+0000] {task_command.py:426} INFO - Running <TaskInstance: migration_fit_data.create_dwh_table.recreate_dwh_instruction_fact manual__2024-12-17T04:21:03.915875+00:00 [running]> on host 2f4e9c743994
[2024-12-17T04:22:41.376+0000] {taskinstance.py:2648} INFO - Exporting env vars: AIRFLOW_CTX_DAG_OWNER='***' AIRFLOW_CTX_DAG_ID='migration_fit_data' AIRFLOW_CTX_TASK_ID='create_dwh_table.recreate_dwh_instruction_fact' AIRFLOW_CTX_EXECUTION_DATE='2024-12-17T04:21:03.915875+00:00' AIRFLOW_CTX_TRY_NUMBER='1' AIRFLOW_CTX_DAG_RUN_ID='manual__2024-12-17T04:21:03.915875+00:00'
[2024-12-17T04:22:41.379+0000] {taskinstance.py:430} INFO - ::endgroup::
[2024-12-17T04:22:41.403+0000] {hive.py:475} INFO - USE `default`
[2024-12-17T04:22:41.441+0000] {hive.py:475} INFO - DROP TABLE IF EXISTS iceberg.warehouse.instruction_fact
[2024-12-17T04:22:41.703+0000] {hive.py:475} INFO - CREATE DATABASE IF NOT EXISTS warehouse
[2024-12-17T04:22:41.774+0000] {hive.py:475} INFO - 
        CREATE TABLE IF NOT EXISTS iceberg.warehouse.instruction_fact (
            instruction_id BIGINT,program_semester_id STRING,course_id BIGINT,class_id BIGINT,is_required BOOLEAN,num_student BIGINT,num_pass_student BIGINT,num_fail_student BIGINT,avg_final_score DOUBLE,instruction_status STRING,instruction_allocate TIMESTAMP,instruction_time_start TIMESTAMP,instruction_time_end TIMESTAMP,last_modified_date TIMESTAMP,etl_date TIMESTAMP   
        )
        USING iceberg
        LOCATION '/fit_warehouse/warehouse/instruction_fact/*.snappy.parquet'
    
[2024-12-17T04:22:42.238+0000] {python.py:237} INFO - Done. Returned value was: None
[2024-12-17T04:22:42.239+0000] {taskinstance.py:441} INFO - ::group::Post task execution logs
[2024-12-17T04:22:42.279+0000] {taskinstance.py:1206} INFO - Marking task as SUCCESS. dag_id=migration_fit_data, task_id=create_dwh_table.recreate_dwh_instruction_fact, run_id=manual__2024-12-17T04:21:03.915875+00:00, execution_date=20241217T042103, start_date=20241217T042240, end_date=20241217T042242
[2024-12-17T04:22:42.365+0000] {local_task_job_runner.py:240} INFO - Task exited with return code 0
[2024-12-17T04:22:42.382+0000] {local_task_job_runner.py:222} INFO - ::endgroup::
