[2024-12-14T08:45:12.064+0000] {local_task_job_runner.py:120} INFO - ::group::Pre task execution logs
[2024-12-14T08:45:12.103+0000] {taskinstance.py:2076} INFO - Dependencies all met for dep_context=non-requeueable deps ti=<TaskInstance: etl_instruction_fact_data.load_staging.create_staging_instruction_fact manual__2024-12-14T08:45:05.407559+00:00 [queued]>
[2024-12-14T08:45:12.111+0000] {taskinstance.py:2076} INFO - Dependencies all met for dep_context=requeueable deps ti=<TaskInstance: etl_instruction_fact_data.load_staging.create_staging_instruction_fact manual__2024-12-14T08:45:05.407559+00:00 [queued]>
[2024-12-14T08:45:12.111+0000] {taskinstance.py:2306} INFO - Starting attempt 1 of 1
[2024-12-14T08:45:12.122+0000] {taskinstance.py:2330} INFO - Executing <Task(PythonOperator): load_staging.create_staging_instruction_fact> on 2024-12-14 08:45:05.407559+00:00
[2024-12-14T08:45:12.136+0000] {warnings.py:110} WARNING - /home/***/.local/lib/python3.12/site-packages/***/task/task_runner/standard_task_runner.py:61: DeprecationWarning: This process (pid=16148) is multi-threaded, use of fork() may lead to deadlocks in the child.
  pid = os.fork()

[2024-12-14T08:45:12.138+0000] {standard_task_runner.py:63} INFO - Started process 16151 to run task
[2024-12-14T08:45:12.139+0000] {standard_task_runner.py:90} INFO - Running: ['***', 'tasks', 'run', 'etl_instruction_fact_data', 'load_staging.create_staging_instruction_fact', 'manual__2024-12-14T08:45:05.407559+00:00', '--job-id', '1090', '--raw', '--subdir', 'DAGS_FOLDER/elt_instruction_fact.py', '--cfg-path', '/tmp/tmptni0bifw']
[2024-12-14T08:45:12.146+0000] {standard_task_runner.py:91} INFO - Job 1090: Subtask load_staging.create_staging_instruction_fact
[2024-12-14T08:45:12.251+0000] {task_command.py:426} INFO - Running <TaskInstance: etl_instruction_fact_data.load_staging.create_staging_instruction_fact manual__2024-12-14T08:45:05.407559+00:00 [running]> on host 1fe973f28a1c
[2024-12-14T08:45:12.410+0000] {taskinstance.py:2648} INFO - Exporting env vars: AIRFLOW_CTX_DAG_OWNER='***' AIRFLOW_CTX_DAG_ID='etl_instruction_fact_data' AIRFLOW_CTX_TASK_ID='load_staging.create_staging_instruction_fact' AIRFLOW_CTX_EXECUTION_DATE='2024-12-14T08:45:05.407559+00:00' AIRFLOW_CTX_TRY_NUMBER='1' AIRFLOW_CTX_DAG_RUN_ID='manual__2024-12-14T08:45:05.407559+00:00'
[2024-12-14T08:45:12.412+0000] {taskinstance.py:430} INFO - ::endgroup::
[2024-12-14T08:45:12.430+0000] {hive.py:475} INFO - USE `default`
[2024-12-14T08:45:12.467+0000] {hive.py:475} INFO - DROP TABLE IF EXISTS default.instruction_fact
[2024-12-14T08:45:12.535+0000] {hive.py:475} INFO - 
        CREATE TABLE IF NOT EXISTS default.instruction_fact (
            instruction_id BIGINT,program_semester_id STRING,course_id BIGINT,class_id BIGINT,is_required BOOLEAN,num_student BIGINT,num_pass_student BIGINT,num_fail_student BIGINT,avg_final_score DOUBLE,instruction_status STRING,instruction_allocate TIMESTAMP,instruction_time_start TIMESTAMP,instruction_time_end TIMESTAMP,last_modified_date TIMESTAMP,etl_date TIMESTAMP   
        )   
        STORED AS PARQUET
        LOCATION '/fit_warehouse/raw/instruction_fact/*.snappy.parquet'
    
[2024-12-14T08:45:12.566+0000] {hive.py:475} INFO - ANALYZE TABLE default.instruction_fact COMPUTE STATISTICS
[2024-12-14T08:45:13.042+0000] {python.py:237} INFO - Done. Returned value was: None
[2024-12-14T08:45:13.046+0000] {taskinstance.py:441} INFO - ::group::Post task execution logs
[2024-12-14T08:45:13.063+0000] {taskinstance.py:1206} INFO - Marking task as SUCCESS. dag_id=etl_instruction_fact_data, task_id=load_staging.create_staging_instruction_fact, run_id=manual__2024-12-14T08:45:05.407559+00:00, execution_date=20241214T084505, start_date=20241214T084512, end_date=20241214T084513
[2024-12-14T08:45:13.140+0000] {local_task_job_runner.py:240} INFO - Task exited with return code 0
[2024-12-14T08:45:13.174+0000] {taskinstance.py:3498} INFO - 0 downstream tasks scheduled from follow-on schedule check
[2024-12-14T08:45:13.176+0000] {local_task_job_runner.py:222} INFO - ::endgroup::
