[2024-12-13T15:32:43.499+0000] {local_task_job_runner.py:120} INFO - ::group::Pre task execution logs
[2024-12-13T15:32:43.645+0000] {taskinstance.py:2076} INFO - Dependencies all met for dep_context=non-requeueable deps ti=<TaskInstance: migration_fit_data.insert_warehouse.insert_dwh_program manual__2024-12-13T15:31:35.788890+00:00 [queued]>
[2024-12-13T15:32:43.696+0000] {taskinstance.py:2076} INFO - Dependencies all met for dep_context=requeueable deps ti=<TaskInstance: migration_fit_data.insert_warehouse.insert_dwh_program manual__2024-12-13T15:31:35.788890+00:00 [queued]>
[2024-12-13T15:32:43.697+0000] {taskinstance.py:2306} INFO - Starting attempt 1 of 1
[2024-12-13T15:32:43.779+0000] {taskinstance.py:2330} INFO - Executing <Task(PythonOperator): insert_warehouse.insert_dwh_program> on 2024-12-13 15:31:35.788890+00:00
[2024-12-13T15:32:43.840+0000] {warnings.py:110} WARNING - /home/***/.local/lib/python3.12/site-packages/***/task/task_runner/standard_task_runner.py:61: DeprecationWarning: This process (pid=298) is multi-threaded, use of fork() may lead to deadlocks in the child.
  pid = os.fork()

[2024-12-13T15:32:43.843+0000] {standard_task_runner.py:63} INFO - Started process 321 to run task
[2024-12-13T15:32:43.856+0000] {standard_task_runner.py:90} INFO - Running: ['***', 'tasks', 'run', 'migration_fit_data', 'insert_warehouse.insert_dwh_program', 'manual__2024-12-13T15:31:35.788890+00:00', '--job-id', '61', '--raw', '--subdir', 'DAGS_FOLDER/elt_migrate.py', '--cfg-path', '/tmp/tmppeediifl']
[2024-12-13T15:32:43.880+0000] {standard_task_runner.py:91} INFO - Job 61: Subtask insert_warehouse.insert_dwh_program
[2024-12-13T15:32:44.094+0000] {task_command.py:426} INFO - Running <TaskInstance: migration_fit_data.insert_warehouse.insert_dwh_program manual__2024-12-13T15:31:35.788890+00:00 [running]> on host 1fe973f28a1c
[2024-12-13T15:32:44.468+0000] {taskinstance.py:2648} INFO - Exporting env vars: AIRFLOW_CTX_DAG_OWNER='***' AIRFLOW_CTX_DAG_ID='migration_fit_data' AIRFLOW_CTX_TASK_ID='insert_warehouse.insert_dwh_program' AIRFLOW_CTX_EXECUTION_DATE='2024-12-13T15:31:35.788890+00:00' AIRFLOW_CTX_TRY_NUMBER='1' AIRFLOW_CTX_DAG_RUN_ID='manual__2024-12-13T15:31:35.788890+00:00'
[2024-12-13T15:32:44.469+0000] {taskinstance.py:430} INFO - ::endgroup::
[2024-12-13T15:32:44.514+0000] {hive.py:475} INFO - USE `default`
[2024-12-13T15:32:44.558+0000] {hive.py:475} INFO - SELECT COUNT(*) FROM default.program
[2024-12-13T15:32:46.910+0000] {logging_mixin.py:188} INFO - SELECT COUNT(*) FROM default.program --- 1
[2024-12-13T15:32:46.933+0000] {hive.py:475} INFO - 
            MERGE INTO iceberg.warehouse.program t
            USING default.program s
            ON t.program_id=s.program_id
            WHEN MATCHED 
                THEN UPDATE SET 
                t.program_id=s.program_id,t.class_of=s.class_of
            WHEN NOT MATCHED 
                THEN INSERT *
        
[2024-12-13T15:33:14.732+0000] {python.py:237} INFO - Done. Returned value was: None
[2024-12-13T15:33:14.736+0000] {taskinstance.py:441} INFO - ::group::Post task execution logs
[2024-12-13T15:33:14.796+0000] {taskinstance.py:1206} INFO - Marking task as SUCCESS. dag_id=migration_fit_data, task_id=insert_warehouse.insert_dwh_program, run_id=manual__2024-12-13T15:31:35.788890+00:00, execution_date=20241213T153135, start_date=20241213T153243, end_date=20241213T153314
[2024-12-13T15:33:15.010+0000] {local_task_job_runner.py:240} INFO - Task exited with return code 0
[2024-12-13T15:33:15.064+0000] {local_task_job_runner.py:222} INFO - ::endgroup::
