[2024-12-14T11:37:17.543+0000] {local_task_job_runner.py:120} INFO - ::group::Pre task execution logs
[2024-12-14T11:37:17.571+0000] {taskinstance.py:2076} INFO - Dependencies all met for dep_context=non-requeueable deps ti=<TaskInstance: etl_score_fact_data.get_raw_data.extract_raw_score_detail manual__2024-12-14T11:37:15.344093+00:00 [queued]>
[2024-12-14T11:37:17.581+0000] {taskinstance.py:2076} INFO - Dependencies all met for dep_context=requeueable deps ti=<TaskInstance: etl_score_fact_data.get_raw_data.extract_raw_score_detail manual__2024-12-14T11:37:15.344093+00:00 [queued]>
[2024-12-14T11:37:17.582+0000] {taskinstance.py:2306} INFO - Starting attempt 1 of 1
[2024-12-14T11:37:17.604+0000] {taskinstance.py:2330} INFO - Executing <Task(PythonOperator): get_raw_data.extract_raw_score_detail> on 2024-12-14 11:37:15.344093+00:00
[2024-12-14T11:37:17.615+0000] {warnings.py:110} WARNING - /home/***/.local/lib/python3.12/site-packages/***/task/task_runner/standard_task_runner.py:61: DeprecationWarning: This process (pid=1035) is multi-threaded, use of fork() may lead to deadlocks in the child.
  pid = os.fork()

[2024-12-14T11:37:17.617+0000] {standard_task_runner.py:63} INFO - Started process 1039 to run task
[2024-12-14T11:37:17.618+0000] {standard_task_runner.py:90} INFO - Running: ['***', 'tasks', 'run', 'etl_score_fact_data', 'get_raw_data.extract_raw_score_detail', 'manual__2024-12-14T11:37:15.344093+00:00', '--job-id', '206', '--raw', '--subdir', 'DAGS_FOLDER/elt_score_fact.py', '--cfg-path', '/tmp/tmpmevildc0']
[2024-12-14T11:37:17.622+0000] {standard_task_runner.py:91} INFO - Job 206: Subtask get_raw_data.extract_raw_score_detail
[2024-12-14T11:37:17.687+0000] {task_command.py:426} INFO - Running <TaskInstance: etl_score_fact_data.get_raw_data.extract_raw_score_detail manual__2024-12-14T11:37:15.344093+00:00 [running]> on host 472b63b715e1
[2024-12-14T11:37:17.813+0000] {taskinstance.py:2648} INFO - Exporting env vars: AIRFLOW_CTX_DAG_OWNER='***' AIRFLOW_CTX_DAG_ID='etl_score_fact_data' AIRFLOW_CTX_TASK_ID='get_raw_data.extract_raw_score_detail' AIRFLOW_CTX_EXECUTION_DATE='2024-12-14T11:37:15.344093+00:00' AIRFLOW_CTX_TRY_NUMBER='1' AIRFLOW_CTX_DAG_RUN_ID='manual__2024-12-14T11:37:15.344093+00:00'
[2024-12-14T11:37:17.814+0000] {taskinstance.py:430} INFO - ::endgroup::
[2024-12-14T11:37:18.907+0000] {__init__.py:412} INFO - DELETE /fit_warehouse/raw/score_detail/ recursive=True user.name=default namenode:9870
[2024-12-14T11:37:18.918+0000] {__init__.py:412} INFO - GETFILESTATUS /fit_warehouse/raw/score_detail/ user.name=default namenode:9870
[2024-12-14T11:37:18.925+0000] {__init__.py:412} INFO - MKDIRS /fit_warehouse/raw/score_detail/ user.name=default namenode:9870
[2024-12-14T11:37:18.935+0000] {__init__.py:412} INFO - CREATE /fit_warehouse/raw/score_detail/score_detail_01.snappy.parquet overwrite=True async_=True user.name=default namenode:9870
[2024-12-14T11:37:18.982+0000] {python.py:237} INFO - Done. Returned value was: None
[2024-12-14T11:37:18.982+0000] {taskinstance.py:441} INFO - ::group::Post task execution logs
[2024-12-14T11:37:18.994+0000] {taskinstance.py:1206} INFO - Marking task as SUCCESS. dag_id=etl_score_fact_data, task_id=get_raw_data.extract_raw_score_detail, run_id=manual__2024-12-14T11:37:15.344093+00:00, execution_date=20241214T113715, start_date=20241214T113717, end_date=20241214T113718
[2024-12-14T11:37:19.044+0000] {local_task_job_runner.py:240} INFO - Task exited with return code 0
[2024-12-14T11:37:19.064+0000] {local_task_job_runner.py:222} INFO - ::endgroup::
