[2024-12-19T04:40:44.964+0000] {local_task_job_runner.py:120} INFO - ::group::Pre task execution logs
[2024-12-19T04:40:45.582+0000] {taskinstance.py:2076} INFO - Dependencies all met for dep_context=non-requeueable deps ti=<TaskInstance: migration_fit_data.insert_warehouse.insert_dwh_instruction_lecturer manual__2024-12-19T04:38:13.996676+00:00 [queued]>
[2024-12-19T04:40:45.833+0000] {taskinstance.py:2076} INFO - Dependencies all met for dep_context=requeueable deps ti=<TaskInstance: migration_fit_data.insert_warehouse.insert_dwh_instruction_lecturer manual__2024-12-19T04:38:13.996676+00:00 [queued]>
[2024-12-19T04:40:45.912+0000] {taskinstance.py:2306} INFO - Starting attempt 1 of 1
[2024-12-19T04:40:46.429+0000] {taskinstance.py:2330} INFO - Executing <Task(PythonOperator): insert_warehouse.insert_dwh_instruction_lecturer> on 2024-12-19 04:38:13.996676+00:00
[2024-12-19T04:40:46.810+0000] {warnings.py:110} WARNING - /home/***/.local/lib/python3.12/site-packages/***/task/task_runner/standard_task_runner.py:61: DeprecationWarning: This process (pid=9097) is multi-threaded, use of fork() may lead to deadlocks in the child.
  pid = os.fork()

[2024-12-19T04:40:46.938+0000] {standard_task_runner.py:63} INFO - Started process 9135 to run task
[2024-12-19T04:40:46.876+0000] {standard_task_runner.py:90} INFO - Running: ['***', 'tasks', 'run', 'migration_fit_data', 'insert_warehouse.insert_dwh_instruction_lecturer', 'manual__2024-12-19T04:38:13.996676+00:00', '--job-id', '1370', '--raw', '--subdir', 'DAGS_FOLDER/elt_migrate.py', '--cfg-path', '/tmp/tmpgxkyxtv_']
[2024-12-19T04:40:46.958+0000] {standard_task_runner.py:91} INFO - Job 1370: Subtask insert_warehouse.insert_dwh_instruction_lecturer
[2024-12-19T04:40:47.350+0000] {task_command.py:426} INFO - Running <TaskInstance: migration_fit_data.insert_warehouse.insert_dwh_instruction_lecturer manual__2024-12-19T04:38:13.996676+00:00 [running]> on host 33a17f71e955
[2024-12-19T04:40:48.498+0000] {taskinstance.py:2648} INFO - Exporting env vars: AIRFLOW_CTX_DAG_OWNER='***' AIRFLOW_CTX_DAG_ID='migration_fit_data' AIRFLOW_CTX_TASK_ID='insert_warehouse.insert_dwh_instruction_lecturer' AIRFLOW_CTX_EXECUTION_DATE='2024-12-19T04:38:13.996676+00:00' AIRFLOW_CTX_TRY_NUMBER='1' AIRFLOW_CTX_DAG_RUN_ID='manual__2024-12-19T04:38:13.996676+00:00'
[2024-12-19T04:40:48.823+0000] {taskinstance.py:430} INFO - ::endgroup::
[2024-12-19T04:40:48.904+0000] {hive.py:475} INFO - USE `default`
[2024-12-19T04:40:50.296+0000] {hive.py:475} INFO - SELECT COUNT(*) FROM default.instruction_lecturer
[2024-12-19T04:40:55.309+0000] {logging_mixin.py:188} INFO - SELECT COUNT(*) FROM default.instruction_lecturer --- 1043
[2024-12-19T04:40:55.330+0000] {hive.py:475} INFO - 
            MERGE INTO iceberg.warehouse.instruction_lecturer t
            USING default.instruction_lecturer s
            ON t.instruction_lecturer_id=s.instruction_lecturer_id
            WHEN MATCHED 
                THEN UPDATE SET 
                t.instruction_lecturer_id=s.instruction_lecturer_id,t.instruction_id=s.instruction_id,t.lecturer_id=s.lecturer_id,t.lecturer_type=s.lecturer_type
            WHEN NOT MATCHED 
                THEN INSERT *
        
[2024-12-19T04:41:14.564+0000] {python.py:237} INFO - Done. Returned value was: None
[2024-12-19T04:41:14.565+0000] {taskinstance.py:441} INFO - ::group::Post task execution logs
[2024-12-19T04:41:14.621+0000] {taskinstance.py:1206} INFO - Marking task as SUCCESS. dag_id=migration_fit_data, task_id=insert_warehouse.insert_dwh_instruction_lecturer, run_id=manual__2024-12-19T04:38:13.996676+00:00, execution_date=20241219T043813, start_date=20241219T044045, end_date=20241219T044114
[2024-12-19T04:41:14.814+0000] {local_task_job_runner.py:240} INFO - Task exited with return code 0
[2024-12-19T04:41:15.031+0000] {taskinstance.py:3498} INFO - 0 downstream tasks scheduled from follow-on schedule check
[2024-12-19T04:41:15.043+0000] {local_task_job_runner.py:222} INFO - ::endgroup::
