[2024-12-19T04:28:52.403+0000] {local_task_job_runner.py:120} INFO - ::group::Pre task execution logs
[2024-12-19T04:28:53.920+0000] {taskinstance.py:2076} INFO - Dependencies all met for dep_context=non-requeueable deps ti=<TaskInstance: ELT_dimention_data.load_staging.create_staging_program_semester manual__2024-12-19T04:24:44.941262+00:00 [queued]>
[2024-12-19T04:28:56.031+0000] {taskinstance.py:2076} INFO - Dependencies all met for dep_context=requeueable deps ti=<TaskInstance: ELT_dimention_data.load_staging.create_staging_program_semester manual__2024-12-19T04:24:44.941262+00:00 [queued]>
[2024-12-19T04:28:56.048+0000] {taskinstance.py:2306} INFO - Starting attempt 1 of 1
[2024-12-19T04:28:58.117+0000] {taskinstance.py:2330} INFO - Executing <Task(PythonOperator): load_staging.create_staging_program_semester> on 2024-12-19 04:24:44.941262+00:00
[2024-12-19T04:28:58.738+0000] {warnings.py:110} WARNING - /home/***/.local/lib/python3.12/site-packages/***/task/task_runner/standard_task_runner.py:61: DeprecationWarning: This process (pid=8567) is multi-threaded, use of fork() may lead to deadlocks in the child.
  pid = os.fork()

[2024-12-19T04:28:58.750+0000] {standard_task_runner.py:90} INFO - Running: ['***', 'tasks', 'run', 'ELT_dimention_data', 'load_staging.create_staging_program_semester', 'manual__2024-12-19T04:24:44.941262+00:00', '--job-id', '1233', '--raw', '--subdir', 'DAGS_FOLDER/elt_dimention.py', '--cfg-path', '/tmp/tmps6rod30g']
[2024-12-19T04:29:00.726+0000] {standard_task_runner.py:91} INFO - Job 1233: Subtask load_staging.create_staging_program_semester
[2024-12-19T04:29:00.728+0000] {standard_task_runner.py:63} INFO - Started process 8591 to run task
[2024-12-19T04:29:04.858+0000] {task_command.py:426} INFO - Running <TaskInstance: ELT_dimention_data.load_staging.create_staging_program_semester manual__2024-12-19T04:24:44.941262+00:00 [running]> on host 33a17f71e955
[2024-12-19T04:29:05.664+0000] {taskinstance.py:2648} INFO - Exporting env vars: AIRFLOW_CTX_DAG_OWNER='***' AIRFLOW_CTX_DAG_ID='ELT_dimention_data' AIRFLOW_CTX_TASK_ID='load_staging.create_staging_program_semester' AIRFLOW_CTX_EXECUTION_DATE='2024-12-19T04:24:44.941262+00:00' AIRFLOW_CTX_TRY_NUMBER='1' AIRFLOW_CTX_DAG_RUN_ID='manual__2024-12-19T04:24:44.941262+00:00'
[2024-12-19T04:29:06.566+0000] {taskinstance.py:430} INFO - ::endgroup::
[2024-12-19T04:29:06.762+0000] {hive.py:475} INFO - USE `default`
[2024-12-19T04:29:06.914+0000] {hive.py:475} INFO - DROP TABLE IF EXISTS default.program_semester
[2024-12-19T04:29:07.209+0000] {hive.py:475} INFO - 
        CREATE TABLE IF NOT EXISTS default.program_semester (
            program_semester_id STRING,program_id STRING,semester_name STRING,total_credit BIGINT,required_credit BIGINT,elective_credit BIGINT   
        )   
        STORED AS PARQUET
        LOCATION '/fit_warehouse/raw/program_semester/*.snappy.parquet'
    
[2024-12-19T04:29:07.482+0000] {hive.py:475} INFO - ANALYZE TABLE default.program_semester COMPUTE STATISTICS
[2024-12-19T04:29:09.015+0000] {python.py:237} INFO - Done. Returned value was: None
[2024-12-19T04:29:09.016+0000] {taskinstance.py:441} INFO - ::group::Post task execution logs
[2024-12-19T04:29:09.058+0000] {taskinstance.py:1206} INFO - Marking task as SUCCESS. dag_id=ELT_dimention_data, task_id=load_staging.create_staging_program_semester, run_id=manual__2024-12-19T04:24:44.941262+00:00, execution_date=20241219T042444, start_date=20241219T042855, end_date=20241219T042909
[2024-12-19T04:29:09.153+0000] {local_task_job_runner.py:240} INFO - Task exited with return code 0
[2024-12-19T04:29:09.260+0000] {taskinstance.py:3498} INFO - 0 downstream tasks scheduled from follow-on schedule check
[2024-12-19T04:29:09.265+0000] {local_task_job_runner.py:222} INFO - ::endgroup::
