[2024-12-16T15:42:28.262+0000] {local_task_job_runner.py:120} INFO - ::group::Pre task execution logs
[2024-12-16T15:42:28.950+0000] {taskinstance.py:2076} INFO - Dependencies all met for dep_context=non-requeueable deps ti=<TaskInstance: migration_fit_data.get_raw_data.extract_raw_program_semester manual__2024-12-16T15:42:13.474492+00:00 [queued]>
[2024-12-16T15:42:29.228+0000] {taskinstance.py:2076} INFO - Dependencies all met for dep_context=requeueable deps ti=<TaskInstance: migration_fit_data.get_raw_data.extract_raw_program_semester manual__2024-12-16T15:42:13.474492+00:00 [queued]>
[2024-12-16T15:42:29.228+0000] {taskinstance.py:2306} INFO - Starting attempt 1 of 1
[2024-12-16T15:42:29.606+0000] {taskinstance.py:2330} INFO - Executing <Task(PythonOperator): get_raw_data.extract_raw_program_semester> on 2024-12-16 15:42:13.474492+00:00
[2024-12-16T15:42:29.802+0000] {warnings.py:110} WARNING - /home/***/.local/lib/python3.12/site-packages/***/task/task_runner/standard_task_runner.py:61: DeprecationWarning: This process (pid=27248) is multi-threaded, use of fork() may lead to deadlocks in the child.
  pid = os.fork()

[2024-12-16T15:42:29.839+0000] {standard_task_runner.py:63} INFO - Started process 27292 to run task
[2024-12-16T15:42:29.853+0000] {standard_task_runner.py:90} INFO - Running: ['***', 'tasks', 'run', 'migration_fit_data', 'get_raw_data.extract_raw_program_semester', 'manual__2024-12-16T15:42:13.474492+00:00', '--job-id', '666', '--raw', '--subdir', 'DAGS_FOLDER/elt_migrate.py', '--cfg-path', '/tmp/tmp9k51hmu3']
[2024-12-16T15:42:29.911+0000] {standard_task_runner.py:91} INFO - Job 666: Subtask get_raw_data.extract_raw_program_semester
[2024-12-16T15:42:30.525+0000] {task_command.py:426} INFO - Running <TaskInstance: migration_fit_data.get_raw_data.extract_raw_program_semester manual__2024-12-16T15:42:13.474492+00:00 [running]> on host 2f4e9c743994
[2024-12-16T15:42:31.425+0000] {taskinstance.py:2648} INFO - Exporting env vars: AIRFLOW_CTX_DAG_OWNER='***' AIRFLOW_CTX_DAG_ID='migration_fit_data' AIRFLOW_CTX_TASK_ID='get_raw_data.extract_raw_program_semester' AIRFLOW_CTX_EXECUTION_DATE='2024-12-16T15:42:13.474492+00:00' AIRFLOW_CTX_TRY_NUMBER='1' AIRFLOW_CTX_DAG_RUN_ID='manual__2024-12-16T15:42:13.474492+00:00'
[2024-12-16T15:42:31.433+0000] {taskinstance.py:430} INFO - ::endgroup::
[2024-12-16T15:42:32.454+0000] {__init__.py:412} INFO - DELETE /fit_warehouse/raw/program_semester/ recursive=True user.name=default namenode:9870
[2024-12-16T15:42:32.512+0000] {__init__.py:412} INFO - GETFILESTATUS /fit_warehouse/raw/program_semester/ user.name=default namenode:9870
[2024-12-16T15:42:32.533+0000] {__init__.py:412} INFO - MKDIRS /fit_warehouse/raw/program_semester/ user.name=default namenode:9870
[2024-12-16T15:42:32.554+0000] {__init__.py:412} INFO - CREATE /fit_warehouse/raw/program_semester/program_semester_01.snappy.parquet overwrite=True async_=True user.name=default namenode:9870
[2024-12-16T15:42:32.659+0000] {python.py:237} INFO - Done. Returned value was: None
[2024-12-16T15:42:32.660+0000] {taskinstance.py:441} INFO - ::group::Post task execution logs
[2024-12-16T15:42:32.695+0000] {taskinstance.py:1206} INFO - Marking task as SUCCESS. dag_id=migration_fit_data, task_id=get_raw_data.extract_raw_program_semester, run_id=manual__2024-12-16T15:42:13.474492+00:00, execution_date=20241216T154213, start_date=20241216T154228, end_date=20241216T154232
[2024-12-16T15:42:32.843+0000] {local_task_job_runner.py:240} INFO - Task exited with return code 0
[2024-12-16T15:42:32.938+0000] {local_task_job_runner.py:222} INFO - ::endgroup::
