[2024-12-16T14:33:18.637+0000] {local_task_job_runner.py:120} INFO - ::group::Pre task execution logs
[2024-12-16T14:33:18.936+0000] {taskinstance.py:2076} INFO - Dependencies all met for dep_context=non-requeueable deps ti=<TaskInstance: migration_fit_data.get_raw_data.extract_raw_program manual__2024-12-16T14:32:53.829690+00:00 [queued]>
[2024-12-16T14:33:18.958+0000] {taskinstance.py:2076} INFO - Dependencies all met for dep_context=requeueable deps ti=<TaskInstance: migration_fit_data.get_raw_data.extract_raw_program manual__2024-12-16T14:32:53.829690+00:00 [queued]>
[2024-12-16T14:33:18.959+0000] {taskinstance.py:2306} INFO - Starting attempt 1 of 1
[2024-12-16T14:33:18.987+0000] {taskinstance.py:2330} INFO - Executing <Task(PythonOperator): get_raw_data.extract_raw_program> on 2024-12-16 14:32:53.829690+00:00
[2024-12-16T14:33:19.418+0000] {warnings.py:110} WARNING - /home/***/.local/lib/python3.12/site-packages/***/task/task_runner/standard_task_runner.py:61: DeprecationWarning: This process (pid=25975) is multi-threaded, use of fork() may lead to deadlocks in the child.
  pid = os.fork()

[2024-12-16T14:33:19.429+0000] {standard_task_runner.py:63} INFO - Started process 26003 to run task
[2024-12-16T14:33:19.475+0000] {standard_task_runner.py:90} INFO - Running: ['***', 'tasks', 'run', 'migration_fit_data', 'get_raw_data.extract_raw_program', 'manual__2024-12-16T14:32:53.829690+00:00', '--job-id', '545', '--raw', '--subdir', 'DAGS_FOLDER/elt_migrate.py', '--cfg-path', '/tmp/tmp0xk5tvc5']
[2024-12-16T14:33:19.585+0000] {standard_task_runner.py:91} INFO - Job 545: Subtask get_raw_data.extract_raw_program
[2024-12-16T14:33:20.740+0000] {task_command.py:426} INFO - Running <TaskInstance: migration_fit_data.get_raw_data.extract_raw_program manual__2024-12-16T14:32:53.829690+00:00 [running]> on host 2f4e9c743994
[2024-12-16T14:33:21.667+0000] {taskinstance.py:2648} INFO - Exporting env vars: AIRFLOW_CTX_DAG_OWNER='***' AIRFLOW_CTX_DAG_ID='migration_fit_data' AIRFLOW_CTX_TASK_ID='get_raw_data.extract_raw_program' AIRFLOW_CTX_EXECUTION_DATE='2024-12-16T14:32:53.829690+00:00' AIRFLOW_CTX_TRY_NUMBER='1' AIRFLOW_CTX_DAG_RUN_ID='manual__2024-12-16T14:32:53.829690+00:00'
[2024-12-16T14:33:21.668+0000] {taskinstance.py:430} INFO - ::endgroup::
[2024-12-16T14:33:23.257+0000] {__init__.py:412} INFO - DELETE /fit_warehouse/raw/program/ recursive=True user.name=default namenode:9870
[2024-12-16T14:33:23.324+0000] {__init__.py:412} INFO - GETFILESTATUS /fit_warehouse/raw/program/ user.name=default namenode:9870
[2024-12-16T14:33:23.375+0000] {__init__.py:412} INFO - MKDIRS /fit_warehouse/raw/program/ user.name=default namenode:9870
[2024-12-16T14:33:23.419+0000] {__init__.py:412} INFO - CREATE /fit_warehouse/raw/program/program_01.snappy.parquet overwrite=True async_=True user.name=default namenode:9870
[2024-12-16T14:33:24.451+0000] {python.py:237} INFO - Done. Returned value was: None
[2024-12-16T14:33:24.452+0000] {taskinstance.py:441} INFO - ::group::Post task execution logs
[2024-12-16T14:33:24.602+0000] {taskinstance.py:1206} INFO - Marking task as SUCCESS. dag_id=migration_fit_data, task_id=get_raw_data.extract_raw_program, run_id=manual__2024-12-16T14:32:53.829690+00:00, execution_date=20241216T143253, start_date=20241216T143318, end_date=20241216T143324
[2024-12-16T14:33:25.122+0000] {local_task_job_runner.py:240} INFO - Task exited with return code 0
[2024-12-16T14:33:25.203+0000] {local_task_job_runner.py:222} INFO - ::endgroup::
