[2024-12-14T11:26:05.614+0000] {local_task_job_runner.py:120} INFO - ::group::Pre task execution logs
[2024-12-14T11:26:05.692+0000] {taskinstance.py:2076} INFO - Dependencies all met for dep_context=non-requeueable deps ti=<TaskInstance: etl_dimention_data.load_staging.create_staging_employee manual__2024-12-14T11:25:56.415936+00:00 [queued]>
[2024-12-14T11:26:05.738+0000] {taskinstance.py:2076} INFO - Dependencies all met for dep_context=requeueable deps ti=<TaskInstance: etl_dimention_data.load_staging.create_staging_employee manual__2024-12-14T11:25:56.415936+00:00 [queued]>
[2024-12-14T11:26:05.743+0000] {taskinstance.py:2306} INFO - Starting attempt 1 of 1
[2024-12-14T11:26:05.787+0000] {taskinstance.py:2330} INFO - Executing <Task(PythonOperator): load_staging.create_staging_employee> on 2024-12-14 11:25:56.415936+00:00
[2024-12-14T11:26:05.840+0000] {warnings.py:110} WARNING - /home/***/.local/lib/python3.12/site-packages/***/task/task_runner/standard_task_runner.py:61: DeprecationWarning: This process (pid=674) is multi-threaded, use of fork() may lead to deadlocks in the child.
  pid = os.fork()

[2024-12-14T11:26:05.849+0000] {standard_task_runner.py:63} INFO - Started process 690 to run task
[2024-12-14T11:26:05.851+0000] {standard_task_runner.py:90} INFO - Running: ['***', 'tasks', 'run', 'etl_dimention_data', 'load_staging.create_staging_employee', 'manual__2024-12-14T11:25:56.415936+00:00', '--job-id', '135', '--raw', '--subdir', 'DAGS_FOLDER/elt_dimention.py', '--cfg-path', '/tmp/tmp3waflg1c']
[2024-12-14T11:26:05.859+0000] {standard_task_runner.py:91} INFO - Job 135: Subtask load_staging.create_staging_employee
[2024-12-14T11:26:06.031+0000] {task_command.py:426} INFO - Running <TaskInstance: etl_dimention_data.load_staging.create_staging_employee manual__2024-12-14T11:25:56.415936+00:00 [running]> on host 472b63b715e1
[2024-12-14T11:26:06.760+0000] {taskinstance.py:2648} INFO - Exporting env vars: AIRFLOW_CTX_DAG_OWNER='***' AIRFLOW_CTX_DAG_ID='etl_dimention_data' AIRFLOW_CTX_TASK_ID='load_staging.create_staging_employee' AIRFLOW_CTX_EXECUTION_DATE='2024-12-14T11:25:56.415936+00:00' AIRFLOW_CTX_TRY_NUMBER='1' AIRFLOW_CTX_DAG_RUN_ID='manual__2024-12-14T11:25:56.415936+00:00'
[2024-12-14T11:26:06.769+0000] {taskinstance.py:430} INFO - ::endgroup::
[2024-12-14T11:26:06.809+0000] {hive.py:475} INFO - USE `default`
[2024-12-14T11:26:06.919+0000] {hive.py:475} INFO - DROP TABLE IF EXISTS default.employee
[2024-12-14T11:26:08.152+0000] {hive.py:475} INFO - 
        CREATE TABLE IF NOT EXISTS default.employee (
            employee_id BIGINT,employee_name STRING,day_of_birth TIMESTAMP,nationality STRING,insurance_id STRING   
        )   
        STORED AS PARQUET
        LOCATION '/fit_warehouse/raw/employee/*.snappy.parquet'
    
[2024-12-14T11:26:08.434+0000] {hive.py:475} INFO - ANALYZE TABLE default.employee COMPUTE STATISTICS
[2024-12-14T11:26:10.161+0000] {python.py:237} INFO - Done. Returned value was: None
[2024-12-14T11:26:10.162+0000] {taskinstance.py:441} INFO - ::group::Post task execution logs
[2024-12-14T11:26:10.188+0000] {taskinstance.py:1206} INFO - Marking task as SUCCESS. dag_id=etl_dimention_data, task_id=load_staging.create_staging_employee, run_id=manual__2024-12-14T11:25:56.415936+00:00, execution_date=20241214T112556, start_date=20241214T112605, end_date=20241214T112610
[2024-12-14T11:26:10.269+0000] {local_task_job_runner.py:240} INFO - Task exited with return code 0
[2024-12-14T11:26:10.307+0000] {taskinstance.py:3498} INFO - 0 downstream tasks scheduled from follow-on schedule check
[2024-12-14T11:26:10.310+0000] {local_task_job_runner.py:222} INFO - ::endgroup::
