[2024-12-14T10:45:06.516+0000] {local_task_job_runner.py:120} INFO - ::group::Pre task execution logs
[2024-12-14T10:45:06.677+0000] {taskinstance.py:2076} INFO - Dependencies all met for dep_context=non-requeueable deps ti=<TaskInstance: migration_fit_data.insert_warehouse.insert_dwh_program_semester manual__2024-12-14T10:43:58.385775+00:00 [queued]>
[2024-12-14T10:45:06.732+0000] {taskinstance.py:2076} INFO - Dependencies all met for dep_context=requeueable deps ti=<TaskInstance: migration_fit_data.insert_warehouse.insert_dwh_program_semester manual__2024-12-14T10:43:58.385775+00:00 [queued]>
[2024-12-14T10:45:06.735+0000] {taskinstance.py:2306} INFO - Starting attempt 1 of 1
[2024-12-14T10:45:06.791+0000] {taskinstance.py:2330} INFO - Executing <Task(PythonOperator): insert_warehouse.insert_dwh_program_semester> on 2024-12-14 10:43:58.385775+00:00
[2024-12-14T10:45:06.841+0000] {standard_task_runner.py:90} INFO - Running: ['***', 'tasks', 'run', 'migration_fit_data', 'insert_warehouse.insert_dwh_program_semester', 'manual__2024-12-14T10:43:58.385775+00:00', '--job-id', '72', '--raw', '--subdir', 'DAGS_FOLDER/elt_migrate.py', '--cfg-path', '/tmp/tmpqg16ai7f']
[2024-12-14T10:45:06.831+0000] {warnings.py:110} WARNING - /home/***/.local/lib/python3.12/site-packages/***/task/task_runner/standard_task_runner.py:61: DeprecationWarning: This process (pid=322) is multi-threaded, use of fork() may lead to deadlocks in the child.
  pid = os.fork()

[2024-12-14T10:45:06.847+0000] {standard_task_runner.py:63} INFO - Started process 350 to run task
[2024-12-14T10:45:06.844+0000] {standard_task_runner.py:91} INFO - Job 72: Subtask insert_warehouse.insert_dwh_program_semester
[2024-12-14T10:45:07.060+0000] {task_command.py:426} INFO - Running <TaskInstance: migration_fit_data.insert_warehouse.insert_dwh_program_semester manual__2024-12-14T10:43:58.385775+00:00 [running]> on host 06cbf31e97a5
[2024-12-14T10:45:07.610+0000] {taskinstance.py:2648} INFO - Exporting env vars: AIRFLOW_CTX_DAG_OWNER='***' AIRFLOW_CTX_DAG_ID='migration_fit_data' AIRFLOW_CTX_TASK_ID='insert_warehouse.insert_dwh_program_semester' AIRFLOW_CTX_EXECUTION_DATE='2024-12-14T10:43:58.385775+00:00' AIRFLOW_CTX_TRY_NUMBER='1' AIRFLOW_CTX_DAG_RUN_ID='manual__2024-12-14T10:43:58.385775+00:00'
[2024-12-14T10:45:07.632+0000] {taskinstance.py:430} INFO - ::endgroup::
[2024-12-14T10:45:07.732+0000] {hive.py:475} INFO - USE `default`
[2024-12-14T10:45:08.118+0000] {hive.py:475} INFO - SELECT COUNT(*) FROM default.program_semester
[2024-12-14T10:45:10.506+0000] {logging_mixin.py:188} INFO - SELECT COUNT(*) FROM default.program_semester --- 8
[2024-12-14T10:45:10.561+0000] {hive.py:475} INFO - 
            MERGE INTO iceberg.warehouse.program_semester t
            USING default.program_semester s
            ON t.program_semester_id=s.program_semester_id
            WHEN MATCHED 
                THEN UPDATE SET 
                t.program_semester_id=s.program_semester_id,t.program_id=s.program_id,t.semester_name=s.semester_name,t.total_credit=s.total_credit,t.required_credit=s.required_credit,t.elective_credit=s.elective_credit
            WHEN NOT MATCHED 
                THEN INSERT *
        
[2024-12-14T10:45:33.790+0000] {python.py:237} INFO - Done. Returned value was: None
[2024-12-14T10:45:33.792+0000] {taskinstance.py:441} INFO - ::group::Post task execution logs
[2024-12-14T10:45:33.850+0000] {taskinstance.py:1206} INFO - Marking task as SUCCESS. dag_id=migration_fit_data, task_id=insert_warehouse.insert_dwh_program_semester, run_id=manual__2024-12-14T10:43:58.385775+00:00, execution_date=20241214T104358, start_date=20241214T104506, end_date=20241214T104533
[2024-12-14T10:45:33.961+0000] {local_task_job_runner.py:240} INFO - Task exited with return code 0
[2024-12-14T10:45:34.016+0000] {local_task_job_runner.py:222} INFO - ::endgroup::
