[2024-12-13T18:51:11.467+0000] {local_task_job_runner.py:120} INFO - ::group::Pre task execution logs
[2024-12-13T18:51:11.762+0000] {taskinstance.py:2076} INFO - Dependencies all met for dep_context=non-requeueable deps ti=<TaskInstance: migration_fit_data.load_staging.create_staging_score_fact manual__2024-12-13T18:50:49.660467+00:00 [queued]>
[2024-12-13T18:51:11.947+0000] {taskinstance.py:2076} INFO - Dependencies all met for dep_context=requeueable deps ti=<TaskInstance: migration_fit_data.load_staging.create_staging_score_fact manual__2024-12-13T18:50:49.660467+00:00 [queued]>
[2024-12-13T18:51:11.947+0000] {taskinstance.py:2306} INFO - Starting attempt 1 of 1
[2024-12-13T18:51:12.096+0000] {taskinstance.py:2330} INFO - Executing <Task(PythonOperator): load_staging.create_staging_score_fact> on 2024-12-13 18:50:49.660467+00:00
[2024-12-13T18:51:12.149+0000] {warnings.py:110} WARNING - /home/***/.local/lib/python3.12/site-packages/***/task/task_runner/standard_task_runner.py:61: DeprecationWarning: This process (pid=3670) is multi-threaded, use of fork() may lead to deadlocks in the child.
  pid = os.fork()

[2024-12-13T18:51:12.205+0000] {standard_task_runner.py:63} INFO - Started process 3697 to run task
[2024-12-13T18:51:12.194+0000] {standard_task_runner.py:90} INFO - Running: ['***', 'tasks', 'run', 'migration_fit_data', 'load_staging.create_staging_score_fact', 'manual__2024-12-13T18:50:49.660467+00:00', '--job-id', '363', '--raw', '--subdir', 'DAGS_FOLDER/elt_migrate.py', '--cfg-path', '/tmp/tmpbwmj4nqo']
[2024-12-13T18:51:12.261+0000] {standard_task_runner.py:91} INFO - Job 363: Subtask load_staging.create_staging_score_fact
[2024-12-13T18:51:13.121+0000] {task_command.py:426} INFO - Running <TaskInstance: migration_fit_data.load_staging.create_staging_score_fact manual__2024-12-13T18:50:49.660467+00:00 [running]> on host 1fe973f28a1c
[2024-12-13T18:51:14.477+0000] {taskinstance.py:2648} INFO - Exporting env vars: AIRFLOW_CTX_DAG_OWNER='***' AIRFLOW_CTX_DAG_ID='migration_fit_data' AIRFLOW_CTX_TASK_ID='load_staging.create_staging_score_fact' AIRFLOW_CTX_EXECUTION_DATE='2024-12-13T18:50:49.660467+00:00' AIRFLOW_CTX_TRY_NUMBER='1' AIRFLOW_CTX_DAG_RUN_ID='manual__2024-12-13T18:50:49.660467+00:00'
[2024-12-13T18:51:14.479+0000] {taskinstance.py:430} INFO - ::endgroup::
[2024-12-13T18:51:14.654+0000] {hive.py:475} INFO - USE `default`
[2024-12-13T18:51:14.885+0000] {hive.py:475} INFO - DROP TABLE IF EXISTS default.score_fact
[2024-12-13T18:51:15.243+0000] {hive.py:475} INFO - 
        CREATE TABLE IF NOT EXISTS default.score_fact (
            score_id BIGINT,instruction_id BIGINT,student_id STRING,final_score DOUBLE,final_score_4 DOUBLE,academic_rank STRING,is_practice BOOLEAN,last_modified_date TIMESTAMP,etl_date TIMESTAMP   
        )   
        STORED AS PARQUET
        LOCATION '/fit_warehouse/raw/score_fact/*.snappy.parquet'
    
[2024-12-13T18:51:15.356+0000] {hive.py:475} INFO - ANALYZE TABLE default.score_fact COMPUTE STATISTICS
[2024-12-13T18:51:16.683+0000] {python.py:237} INFO - Done. Returned value was: None
[2024-12-13T18:51:16.683+0000] {taskinstance.py:441} INFO - ::group::Post task execution logs
[2024-12-13T18:51:16.699+0000] {taskinstance.py:1206} INFO - Marking task as SUCCESS. dag_id=migration_fit_data, task_id=load_staging.create_staging_score_fact, run_id=manual__2024-12-13T18:50:49.660467+00:00, execution_date=20241213T185049, start_date=20241213T185111, end_date=20241213T185116
[2024-12-13T18:51:16.754+0000] {local_task_job_runner.py:240} INFO - Task exited with return code 0
[2024-12-13T18:51:16.847+0000] {taskinstance.py:3498} INFO - 0 downstream tasks scheduled from follow-on schedule check
[2024-12-13T18:51:16.849+0000] {local_task_job_runner.py:222} INFO - ::endgroup::
