[2024-12-13T20:35:35.473+0000] {local_task_job_runner.py:120} INFO - ::group::Pre task execution logs
[2024-12-13T20:35:35.613+0000] {taskinstance.py:2076} INFO - Dependencies all met for dep_context=non-requeueable deps ti=<TaskInstance: migration_fit_data.load_staging.create_staging_address manual__2024-12-13T20:35:11.487363+00:00 [queued]>
[2024-12-13T20:35:35.685+0000] {taskinstance.py:2076} INFO - Dependencies all met for dep_context=requeueable deps ti=<TaskInstance: migration_fit_data.load_staging.create_staging_address manual__2024-12-13T20:35:11.487363+00:00 [queued]>
[2024-12-13T20:35:35.685+0000] {taskinstance.py:2306} INFO - Starting attempt 1 of 1
[2024-12-13T20:35:35.810+0000] {taskinstance.py:2330} INFO - Executing <Task(PythonOperator): load_staging.create_staging_address> on 2024-12-13 20:35:11.487363+00:00
[2024-12-13T20:35:35.884+0000] {warnings.py:110} WARNING - /home/***/.local/lib/python3.12/site-packages/***/task/task_runner/standard_task_runner.py:61: DeprecationWarning: This process (pid=5855) is multi-threaded, use of fork() may lead to deadlocks in the child.
  pid = os.fork()

[2024-12-13T20:35:35.892+0000] {standard_task_runner.py:90} INFO - Running: ['***', 'tasks', 'run', 'migration_fit_data', 'load_staging.create_staging_address', 'manual__2024-12-13T20:35:11.487363+00:00', '--job-id', '653', '--raw', '--subdir', 'DAGS_FOLDER/elt_migrate.py', '--cfg-path', '/tmp/tmpyq1o_0p5']
[2024-12-13T20:35:35.897+0000] {standard_task_runner.py:91} INFO - Job 653: Subtask load_staging.create_staging_address
[2024-12-13T20:35:35.901+0000] {standard_task_runner.py:63} INFO - Started process 5883 to run task
[2024-12-13T20:35:36.246+0000] {task_command.py:426} INFO - Running <TaskInstance: migration_fit_data.load_staging.create_staging_address manual__2024-12-13T20:35:11.487363+00:00 [running]> on host 1fe973f28a1c
[2024-12-13T20:35:36.969+0000] {taskinstance.py:2648} INFO - Exporting env vars: AIRFLOW_CTX_DAG_OWNER='***' AIRFLOW_CTX_DAG_ID='migration_fit_data' AIRFLOW_CTX_TASK_ID='load_staging.create_staging_address' AIRFLOW_CTX_EXECUTION_DATE='2024-12-13T20:35:11.487363+00:00' AIRFLOW_CTX_TRY_NUMBER='1' AIRFLOW_CTX_DAG_RUN_ID='manual__2024-12-13T20:35:11.487363+00:00'
[2024-12-13T20:35:36.975+0000] {taskinstance.py:430} INFO - ::endgroup::
[2024-12-13T20:35:37.010+0000] {hive.py:475} INFO - USE `default`
[2024-12-13T20:35:37.044+0000] {hive.py:475} INFO - DROP TABLE IF EXISTS default.address
[2024-12-13T20:35:37.172+0000] {hive.py:475} INFO - 
        CREATE TABLE IF NOT EXISTS default.address (
            address_id BIGINT,ward STRING,district STRING,city STRING   
        )   
        STORED AS PARQUET
        LOCATION '/fit_warehouse/raw/address/*.snappy.parquet'
    
[2024-12-13T20:35:37.311+0000] {hive.py:475} INFO - ANALYZE TABLE default.address COMPUTE STATISTICS
[2024-12-13T20:35:38.770+0000] {python.py:237} INFO - Done. Returned value was: None
[2024-12-13T20:35:38.771+0000] {taskinstance.py:441} INFO - ::group::Post task execution logs
[2024-12-13T20:35:38.790+0000] {taskinstance.py:1206} INFO - Marking task as SUCCESS. dag_id=migration_fit_data, task_id=load_staging.create_staging_address, run_id=manual__2024-12-13T20:35:11.487363+00:00, execution_date=20241213T203511, start_date=20241213T203535, end_date=20241213T203538
[2024-12-13T20:35:38.864+0000] {local_task_job_runner.py:240} INFO - Task exited with return code 0
[2024-12-13T20:35:38.962+0000] {taskinstance.py:3498} INFO - 0 downstream tasks scheduled from follow-on schedule check
[2024-12-13T20:35:38.963+0000] {local_task_job_runner.py:222} INFO - ::endgroup::
