[2024-12-13T18:58:37.946+0000] {local_task_job_runner.py:120} INFO - ::group::Pre task execution logs
[2024-12-13T18:58:38.072+0000] {taskinstance.py:2076} INFO - Dependencies all met for dep_context=non-requeueable deps ti=<TaskInstance: migration_fit_data.load_staging.create_staging_score_detail manual__2024-12-13T18:58:16.459174+00:00 [queued]>
[2024-12-13T18:58:38.142+0000] {taskinstance.py:2076} INFO - Dependencies all met for dep_context=requeueable deps ti=<TaskInstance: migration_fit_data.load_staging.create_staging_score_detail manual__2024-12-13T18:58:16.459174+00:00 [queued]>
[2024-12-13T18:58:38.143+0000] {taskinstance.py:2306} INFO - Starting attempt 1 of 1
[2024-12-13T18:58:38.226+0000] {taskinstance.py:2330} INFO - Executing <Task(PythonOperator): load_staging.create_staging_score_detail> on 2024-12-13 18:58:16.459174+00:00
[2024-12-13T18:58:38.286+0000] {warnings.py:110} WARNING - /home/***/.local/lib/python3.12/site-packages/***/task/task_runner/standard_task_runner.py:61: DeprecationWarning: This process (pid=4174) is multi-threaded, use of fork() may lead to deadlocks in the child.
  pid = os.fork()

[2024-12-13T18:58:38.300+0000] {standard_task_runner.py:63} INFO - Started process 4192 to run task
[2024-12-13T18:58:38.296+0000] {standard_task_runner.py:90} INFO - Running: ['***', 'tasks', 'run', 'migration_fit_data', 'load_staging.create_staging_score_detail', 'manual__2024-12-13T18:58:16.459174+00:00', '--job-id', '488', '--raw', '--subdir', 'DAGS_FOLDER/elt_migrate.py', '--cfg-path', '/tmp/tmp_cr3ey1z']
[2024-12-13T18:58:38.312+0000] {standard_task_runner.py:91} INFO - Job 488: Subtask load_staging.create_staging_score_detail
[2024-12-13T18:58:38.596+0000] {task_command.py:426} INFO - Running <TaskInstance: migration_fit_data.load_staging.create_staging_score_detail manual__2024-12-13T18:58:16.459174+00:00 [running]> on host 1fe973f28a1c
[2024-12-13T18:58:39.155+0000] {taskinstance.py:2648} INFO - Exporting env vars: AIRFLOW_CTX_DAG_OWNER='***' AIRFLOW_CTX_DAG_ID='migration_fit_data' AIRFLOW_CTX_TASK_ID='load_staging.create_staging_score_detail' AIRFLOW_CTX_EXECUTION_DATE='2024-12-13T18:58:16.459174+00:00' AIRFLOW_CTX_TRY_NUMBER='1' AIRFLOW_CTX_DAG_RUN_ID='manual__2024-12-13T18:58:16.459174+00:00'
[2024-12-13T18:58:39.156+0000] {taskinstance.py:430} INFO - ::endgroup::
[2024-12-13T18:58:39.184+0000] {hive.py:475} INFO - USE `default`
[2024-12-13T18:58:39.245+0000] {hive.py:475} INFO - DROP TABLE IF EXISTS default.score_detail
[2024-12-13T18:58:39.383+0000] {hive.py:475} INFO - 
        CREATE TABLE IF NOT EXISTS default.score_detail (
            score_detail_id BIGINT,score_id BIGINT,regular_score_1 DOUBLE,regular_score_2 DOUBLE,regular_score_3 DOUBLE,mid_term_score DOUBLE,final_term_score DOUBLE,practice_score_1 DOUBLE,practice_score_2 DOUBLE,practice_score_3 DOUBLE,last_modified_date TIMESTAMP   
        )   
        STORED AS PARQUET
        LOCATION '/fit_warehouse/raw/score_detail/*.snappy.parquet'
    
[2024-12-13T18:58:39.434+0000] {hive.py:475} INFO - ANALYZE TABLE default.score_detail COMPUTE STATISTICS
[2024-12-13T18:58:40.397+0000] {python.py:237} INFO - Done. Returned value was: None
[2024-12-13T18:58:40.400+0000] {taskinstance.py:441} INFO - ::group::Post task execution logs
[2024-12-13T18:58:40.498+0000] {taskinstance.py:1206} INFO - Marking task as SUCCESS. dag_id=migration_fit_data, task_id=load_staging.create_staging_score_detail, run_id=manual__2024-12-13T18:58:16.459174+00:00, execution_date=20241213T185816, start_date=20241213T185838, end_date=20241213T185840
[2024-12-13T18:58:40.589+0000] {local_task_job_runner.py:240} INFO - Task exited with return code 0
[2024-12-13T18:58:40.775+0000] {taskinstance.py:3498} INFO - 0 downstream tasks scheduled from follow-on schedule check
[2024-12-13T18:58:40.776+0000] {local_task_job_runner.py:222} INFO - ::endgroup::
